{"uid":"d3c27b31d78e71c4","name":"Exception test","fullName":"tests.forgot_password_test.TestForgotPassword#test_expected_exception_on_page_title","historyId":"288cd0030c92ba34b4ff4b58ed8ec476","time":{"start":1755740927700,"stop":1755740938127,"duration":10427},"description":"Exception catching","descriptionHtml":"<p>Exception catching</p>\n","status":"broken","statusMessage":"selenium.common.exceptions.TimeoutException: Message: \nStacktrace:\n#0 0x55d62d19753a <unknown>\n#1 0x55d62cc92f00 <unknown>\n#2 0x55d62cce2c0c <unknown>\n#3 0x55d62cce2e31 <unknown>\n#4 0x55d62cd28bd4 <unknown>\n#5 0x55d62cd075cd <unknown>\n#6 0x55d62cd25f84 <unknown>\n#7 0x55d62cd07343 <unknown>\n#8 0x55d62ccd478a <unknown>\n#9 0x55d62ccd59de <unknown>\n#10 0x55d62d1612cb <unknown>\n#11 0x55d62d165242 <unknown>\n#12 0x55d62d14e7ac <unknown>\n#13 0x55d62d165df7 <unknown>\n#14 0x55d62d132b2f <unknown>\n#15 0x55d62d1861a8 <unknown>\n#16 0x55d62d186370 <unknown>\n#17 0x55d62d1963b6 <unknown>\n#18 0x7f18c1e9caa4 <unknown>\n#19 0x7f18c1f29c3c <unknown>","statusTrace":"self = <tests.forgot_password_test.TestForgotPassword object at 0x7f607b6bd480>\n\n    @allure.description(\"Exception catching\")\n    @allure.title(\"Exception test\")\n    @allure.link(\"github.com/allure-examples/\", name=\"Allure Examples\")\n    @allure.issue(\"github.com/allure-examples/allure-examples/issues/1\", name=\"ISSUE-1\")\n    @allure.testcase(\"github.com/allure-examples/allure-examples/issues/2\", name=\"TESTCASE-2\")\n    def test_expected_exception_on_page_title(self) -> None:\n>       self.about_page.click_login_link()\n\ntests/forgot_password_test.py:51: \n_ _ _ _ _ _ _ _ _ _ _ _ _ _ _ _ _ _ _ _ _ _ _ _ _ _ _ _ _ _ _ _ _ _ _ _ _ _ _ _ \nsrc/pages/about_page.py:18: in click_login_link\n    self.click(self.LOGIN_LINK)\nsrc/pages/base_page.py:59: in click\n    el: WebElement = self.wait.until(expected_conditions.element_to_be_clickable(locator))\n                     ^^^^^^^^^^^^^^^^^^^^^^^^^^^^^^^^^^^^^^^^^^^^^^^^^^^^^^^^^^^^^^^^^^^^^\n_ _ _ _ _ _ _ _ _ _ _ _ _ _ _ _ _ _ _ _ _ _ _ _ _ _ _ _ _ _ _ _ _ _ _ _ _ _ _ _ \n\nself = <selenium.webdriver.support.wait.WebDriverWait (session=\"53813780dd6a879c05ebd8ce6ad5152e\")>\nmethod = <function element_to_be_clickable.<locals>._predicate at 0x7f607a5332e0>\nmessage = ''\n\n    def until(self, method: Callable[[D], Union[Literal[False], T]], message: str = \"\") -> T:\n        \"\"\"Wait until the method returns a value that is not False.\n    \n        Calls the method provided with the driver as an argument until the\n        return value does not evaluate to ``False``.\n    \n        Parameters:\n        -----------\n        method: callable(WebDriver)\n            - A callable object that takes a WebDriver instance as an argument.\n    \n        message: str\n            - Optional message for :exc:`TimeoutException`\n    \n        Return:\n        -------\n        object: T\n            - The result of the last call to `method`\n    \n        Raises:\n        -------\n        TimeoutException\n            - If 'method' does not return a truthy value within the WebDriverWait\n            object's timeout\n    \n        Example:\n        --------\n        >>> from selenium.webdriver.common.by import By\n        >>> from selenium.webdriver.support.ui import WebDriverWait\n        >>> from selenium.webdriver.support import expected_conditions as EC\n    \n        # Wait until an element is visible on the page\n        >>> wait = WebDriverWait(driver, 10)\n        >>> element = wait.until(EC.visibility_of_element_located((By.ID, \"exampleId\")))\n        >>> print(element.text)\n        \"\"\"\n        screen = None\n        stacktrace = None\n    \n        end_time = time.monotonic() + self._timeout\n        while True:\n            try:\n                value = method(self._driver)\n                if value:\n                    return value\n            except self._ignored_exceptions as exc:\n                screen = getattr(exc, \"screen\", None)\n                stacktrace = getattr(exc, \"stacktrace\", None)\n            if time.monotonic() > end_time:\n                break\n            time.sleep(self._poll)\n>       raise TimeoutException(message, screen, stacktrace)\nE       selenium.common.exceptions.TimeoutException: Message: \nE       Stacktrace:\nE       #0 0x55d62d19753a <unknown>\nE       #1 0x55d62cc92f00 <unknown>\nE       #2 0x55d62cce2c0c <unknown>\nE       #3 0x55d62cce2e31 <unknown>\nE       #4 0x55d62cd28bd4 <unknown>\nE       #5 0x55d62cd075cd <unknown>\nE       #6 0x55d62cd25f84 <unknown>\nE       #7 0x55d62cd07343 <unknown>\nE       #8 0x55d62ccd478a <unknown>\nE       #9 0x55d62ccd59de <unknown>\nE       #10 0x55d62d1612cb <unknown>\nE       #11 0x55d62d165242 <unknown>\nE       #12 0x55d62d14e7ac <unknown>\nE       #13 0x55d62d165df7 <unknown>\nE       #14 0x55d62d132b2f <unknown>\nE       #15 0x55d62d1861a8 <unknown>\nE       #16 0x55d62d186370 <unknown>\nE       #17 0x55d62d1963b6 <unknown>\nE       #18 0x7f18c1e9caa4 <unknown>\nE       #19 0x7f18c1f29c3c <unknown>\n\n.venv/lib/python3.13/site-packages/selenium/webdriver/support/wait.py:138: TimeoutException","flaky":false,"newFailed":false,"newBroken":false,"newPassed":false,"retriesCount":0,"retriesStatusChange":false,"beforeStages":[{"name":"base_url","time":{"start":1755740922494,"stop":1755740922495,"duration":1},"status":"passed","steps":[],"attachments":[],"parameters":[],"shouldDisplayMessage":false,"stepsCount":0,"attachmentsCount":0,"hasContent":false,"attachmentStep":false},{"name":"session_request","time":{"start":1755740922495,"stop":1755740922495,"duration":0},"status":"passed","steps":[],"attachments":[],"parameters":[],"shouldDisplayMessage":false,"stepsCount":0,"attachmentsCount":0,"hasContent":false,"attachmentStep":false},{"name":"_verify_url","time":{"start":1755740922495,"stop":1755740922495,"duration":0},"status":"passed","steps":[],"attachments":[],"parameters":[],"shouldDisplayMessage":false,"stepsCount":0,"attachmentsCount":0,"hasContent":false,"attachmentStep":false}],"testStage":{"description":"Exception catching","status":"broken","statusMessage":"selenium.common.exceptions.TimeoutException: Message: \nStacktrace:\n#0 0x55d62d19753a <unknown>\n#1 0x55d62cc92f00 <unknown>\n#2 0x55d62cce2c0c <unknown>\n#3 0x55d62cce2e31 <unknown>\n#4 0x55d62cd28bd4 <unknown>\n#5 0x55d62cd075cd <unknown>\n#6 0x55d62cd25f84 <unknown>\n#7 0x55d62cd07343 <unknown>\n#8 0x55d62ccd478a <unknown>\n#9 0x55d62ccd59de <unknown>\n#10 0x55d62d1612cb <unknown>\n#11 0x55d62d165242 <unknown>\n#12 0x55d62d14e7ac <unknown>\n#13 0x55d62d165df7 <unknown>\n#14 0x55d62d132b2f <unknown>\n#15 0x55d62d1861a8 <unknown>\n#16 0x55d62d186370 <unknown>\n#17 0x55d62d1963b6 <unknown>\n#18 0x7f18c1e9caa4 <unknown>\n#19 0x7f18c1f29c3c <unknown>","statusTrace":"self = <tests.forgot_password_test.TestForgotPassword object at 0x7f607b6bd480>\n\n    @allure.description(\"Exception catching\")\n    @allure.title(\"Exception test\")\n    @allure.link(\"github.com/allure-examples/\", name=\"Allure Examples\")\n    @allure.issue(\"github.com/allure-examples/allure-examples/issues/1\", name=\"ISSUE-1\")\n    @allure.testcase(\"github.com/allure-examples/allure-examples/issues/2\", name=\"TESTCASE-2\")\n    def test_expected_exception_on_page_title(self) -> None:\n>       self.about_page.click_login_link()\n\ntests/forgot_password_test.py:51: \n_ _ _ _ _ _ _ _ _ _ _ _ _ _ _ _ _ _ _ _ _ _ _ _ _ _ _ _ _ _ _ _ _ _ _ _ _ _ _ _ \nsrc/pages/about_page.py:18: in click_login_link\n    self.click(self.LOGIN_LINK)\nsrc/pages/base_page.py:59: in click\n    el: WebElement = self.wait.until(expected_conditions.element_to_be_clickable(locator))\n                     ^^^^^^^^^^^^^^^^^^^^^^^^^^^^^^^^^^^^^^^^^^^^^^^^^^^^^^^^^^^^^^^^^^^^^\n_ _ _ _ _ _ _ _ _ _ _ _ _ _ _ _ _ _ _ _ _ _ _ _ _ _ _ _ _ _ _ _ _ _ _ _ _ _ _ _ \n\nself = <selenium.webdriver.support.wait.WebDriverWait (session=\"53813780dd6a879c05ebd8ce6ad5152e\")>\nmethod = <function element_to_be_clickable.<locals>._predicate at 0x7f607a5332e0>\nmessage = ''\n\n    def until(self, method: Callable[[D], Union[Literal[False], T]], message: str = \"\") -> T:\n        \"\"\"Wait until the method returns a value that is not False.\n    \n        Calls the method provided with the driver as an argument until the\n        return value does not evaluate to ``False``.\n    \n        Parameters:\n        -----------\n        method: callable(WebDriver)\n            - A callable object that takes a WebDriver instance as an argument.\n    \n        message: str\n            - Optional message for :exc:`TimeoutException`\n    \n        Return:\n        -------\n        object: T\n            - The result of the last call to `method`\n    \n        Raises:\n        -------\n        TimeoutException\n            - If 'method' does not return a truthy value within the WebDriverWait\n            object's timeout\n    \n        Example:\n        --------\n        >>> from selenium.webdriver.common.by import By\n        >>> from selenium.webdriver.support.ui import WebDriverWait\n        >>> from selenium.webdriver.support import expected_conditions as EC\n    \n        # Wait until an element is visible on the page\n        >>> wait = WebDriverWait(driver, 10)\n        >>> element = wait.until(EC.visibility_of_element_located((By.ID, \"exampleId\")))\n        >>> print(element.text)\n        \"\"\"\n        screen = None\n        stacktrace = None\n    \n        end_time = time.monotonic() + self._timeout\n        while True:\n            try:\n                value = method(self._driver)\n                if value:\n                    return value\n            except self._ignored_exceptions as exc:\n                screen = getattr(exc, \"screen\", None)\n                stacktrace = getattr(exc, \"stacktrace\", None)\n            if time.monotonic() > end_time:\n                break\n            time.sleep(self._poll)\n>       raise TimeoutException(message, screen, stacktrace)\nE       selenium.common.exceptions.TimeoutException: Message: \nE       Stacktrace:\nE       #0 0x55d62d19753a <unknown>\nE       #1 0x55d62cc92f00 <unknown>\nE       #2 0x55d62cce2c0c <unknown>\nE       #3 0x55d62cce2e31 <unknown>\nE       #4 0x55d62cd28bd4 <unknown>\nE       #5 0x55d62cd075cd <unknown>\nE       #6 0x55d62cd25f84 <unknown>\nE       #7 0x55d62cd07343 <unknown>\nE       #8 0x55d62ccd478a <unknown>\nE       #9 0x55d62ccd59de <unknown>\nE       #10 0x55d62d1612cb <unknown>\nE       #11 0x55d62d165242 <unknown>\nE       #12 0x55d62d14e7ac <unknown>\nE       #13 0x55d62d165df7 <unknown>\nE       #14 0x55d62d132b2f <unknown>\nE       #15 0x55d62d1861a8 <unknown>\nE       #16 0x55d62d186370 <unknown>\nE       #17 0x55d62d1963b6 <unknown>\nE       #18 0x7f18c1e9caa4 <unknown>\nE       #19 0x7f18c1f29c3c <unknown>\n\n.venv/lib/python3.13/site-packages/selenium/webdriver/support/wait.py:138: TimeoutException","steps":[{"name":"Click Login link","time":{"start":1755740927700,"stop":1755740938126,"duration":10426},"status":"broken","statusMessage":"selenium.common.exceptions.TimeoutException: Message: \nStacktrace:\n#0 0x55d62d19753a <unknown>\n#1 0x55d62cc92f00 <unknown>\n#2 0x55d62cce2c0c <unknown>\n#3 0x55d62cce2e31 <unknown>\n#4 0x55d62cd28bd4 <unknown>\n#5 0x55d62cd075cd <unknown>\n#6 0x55d62cd25f84 <unknown>\n#7 0x55d62cd07343 <unknown>\n#8 0x55d62ccd478a <unknown>\n#9 0x55d62ccd59de <unknown>\n#10 0x55d62d1612cb <unknown>\n#11 0x55d62d165242 <unknown>\n#12 0x55d62d14e7ac <unknown>\n#13 0x55d62d165df7 <unknown>\n#14 0x55d62d132b2f <unknown>\n#15 0x55d62d1861a8 <unknown>\n#16 0x55d62d186370 <unknown>\n#17 0x55d62d1963b6 <unknown>\n#18 0x7f18c1e9caa4 <unknown>\n#19 0x7f18c1f29c3c <unknown>\n\n","statusTrace":"  File \"/home/runner/work/Selenium-Python-Example/Selenium-Python-Example/.venv/lib/python3.13/site-packages/allure_commons/_allure.py\", line 202, in impl\n    return func(*a, **kw)\n  File \"/home/runner/work/Selenium-Python-Example/Selenium-Python-Example/src/pages/about_page.py\", line 18, in click_login_link\n    self.click(self.LOGIN_LINK)\n    ~~~~~~~~~~^^^^^^^^^^^^^^^^^\n  File \"/home/runner/work/Selenium-Python-Example/Selenium-Python-Example/src/pages/base_page.py\", line 59, in click\n    el: WebElement = self.wait.until(expected_conditions.element_to_be_clickable(locator))\n                     ~~~~~~~~~~~~~~~^^^^^^^^^^^^^^^^^^^^^^^^^^^^^^^^^^^^^^^^^^^^^^^^^^^^^^\n  File \"/home/runner/work/Selenium-Python-Example/Selenium-Python-Example/.venv/lib/python3.13/site-packages/selenium/webdriver/support/wait.py\", line 138, in until\n    raise TimeoutException(message, screen, stacktrace)\n","steps":[],"attachments":[],"parameters":[],"shouldDisplayMessage":true,"stepsCount":0,"attachmentsCount":0,"hasContent":true,"attachmentStep":false},{"name":"public ip address","time":{"start":1755740938136,"stop":1755740938154,"duration":18},"status":"passed","steps":[],"attachments":[{"uid":"f724c6e06c5b92f","name":"HTTP logs of http://checkip.amazonaws.com/","source":"f724c6e06c5b92f.txt","type":"text/plain","size":358}],"parameters":[],"shouldDisplayMessage":false,"stepsCount":0,"attachmentsCount":1,"hasContent":true,"attachmentStep":false}],"attachments":[{"uid":"3a43e23fd0f0719b","name":"Cookies","source":"3a43e23fd0f0719b.json","type":"application/json","size":4114},{"uid":"cff41adfd42dbf2d","name":"Session Storage","source":"cff41adfd42dbf2d.json","type":"application/json","size":359},{"uid":"89b02e31dc08041b","name":"Local Storage","source":"89b02e31dc08041b.json","type":"application/json","size":548},{"uid":"a37ed8c6d3d1b8d","name":"Full Page Screenshot","source":"a37ed8c6d3d1b8d.png","type":"image/png","size":1915006},{"uid":"5306eeceddbe6a15","name":"URL","source":"5306eeceddbe6a15.uri","type":"text/uri-list","size":23},{"uid":"5cfbe48531773624","name":"Network Logs","source":"5cfbe48531773624.json","type":"application/json","size":7944183}],"parameters":[],"shouldDisplayMessage":true,"stepsCount":2,"attachmentsCount":7,"hasContent":true,"attachmentStep":false},"afterStages":[{"name":"session_request::0","time":{"start":1755740955497,"stop":1755740955497,"duration":0},"status":"passed","steps":[],"attachments":[],"parameters":[],"shouldDisplayMessage":false,"stepsCount":0,"attachmentsCount":0,"hasContent":false,"attachmentStep":false}],"labels":[{"name":"parentSuite","value":"Custom parent suite"},{"name":"epic","value":"Security"},{"name":"severity","value":"critical"},{"name":"story","value":"Forgot Password Feature's Functionality"},{"name":"subSuite","value":"Custom sub suite"},{"name":"suite","value":"Custom suite"},{"name":"tag","value":"security"},{"name":"host","value":"pkrvmqc4gcfdwos"},{"name":"thread","value":"2169-MainThread"},{"name":"framework","value":"pytest"},{"name":"language","value":"cpython3"},{"name":"package","value":"tests.forgot_password_test"},{"name":"resultFormat","value":"allure2"}],"parameters":[],"links":[{"name":"TESTCASE-2","url":"https://github.com/allure-examples/allure-examples/issues/2","type":"tms"},{"name":"ISSUE-1","url":"https://github.com/allure-examples/allure-examples/issues/1","type":"issue"},{"name":"Allure Examples","url":"https://github.com/allure-examples/","type":"link"}],"hidden":false,"retry":false,"extra":{"severity":"critical","retries":[],"categories":[{"name":"Test defects","matchedStatuses":[],"flaky":false}],"history":{"statistic":{"failed":0,"broken":21,"skipped":0,"passed":0,"unknown":0,"total":21},"items":[{"uid":"dcb93ff46366f343","reportUrl":"https://nirtal85.github.io/Selenium-Python-Example/751//#testresult/dcb93ff46366f343","status":"broken","statusDetails":"selenium.common.exceptions.TimeoutException: Message: \nStacktrace:\n#0 0x55e1498a153a <unknown>\n#1 0x55e14939cf00 <unknown>\n#2 0x55e1493ecc0c <unknown>\n#3 0x55e1493ece31 <unknown>\n#4 0x55e149432bd4 <unknown>\n#5 0x55e1494115cd <unknown>\n#6 0x55e14942ff84 <unknown>\n#7 0x55e149411343 <unknown>\n#8 0x55e1493de78a <unknown>\n#9 0x55e1493df9de <unknown>\n#10 0x55e14986b2cb <unknown>\n#11 0x55e14986f242 <unknown>\n#12 0x55e1498587ac <unknown>\n#13 0x55e14986fdf7 <unknown>\n#14 0x55e14983cb2f <unknown>\n#15 0x55e1498901a8 <unknown>\n#16 0x55e149890370 <unknown>\n#17 0x55e1498a03b6 <unknown>\n#18 0x7f102bc9caa4 <unknown>\n#19 0x7f102bd29c3c <unknown>","time":{"start":1755654605146,"stop":1755654615485,"duration":10339}},{"uid":"e55e88b2d85cd08c","reportUrl":"https://nirtal85.github.io/Selenium-Python-Example/750//#testresult/e55e88b2d85cd08c","status":"broken","statusDetails":"selenium.common.exceptions.TimeoutException: Message: \nStacktrace:\n#0 0x562ad383a53a <unknown>\n#1 0x562ad3335f00 <unknown>\n#2 0x562ad3385c0c <unknown>\n#3 0x562ad3385e31 <unknown>\n#4 0x562ad33cbbd4 <unknown>\n#5 0x562ad33aa5cd <unknown>\n#6 0x562ad33c8f84 <unknown>\n#7 0x562ad33aa343 <unknown>\n#8 0x562ad337778a <unknown>\n#9 0x562ad33789de <unknown>\n#10 0x562ad38042cb <unknown>\n#11 0x562ad3808242 <unknown>\n#12 0x562ad37f17ac <unknown>\n#13 0x562ad3808df7 <unknown>\n#14 0x562ad37d5b2f <unknown>\n#15 0x562ad38291a8 <unknown>\n#16 0x562ad3829370 <unknown>\n#17 0x562ad38393b6 <unknown>\n#18 0x7fbd1b89caa4 <unknown>\n#19 0x7fbd1b929c3c <unknown>","time":{"start":1755568327230,"stop":1755568337582,"duration":10352}},{"uid":"3a5947924686e473","reportUrl":"https://nirtal85.github.io/Selenium-Python-Example/749//#testresult/3a5947924686e473","status":"broken","statusDetails":"selenium.common.exceptions.TimeoutException: Message: \nStacktrace:\n#0 0x558d7310a53a <unknown>\n#1 0x558d72c05f00 <unknown>\n#2 0x558d72c55c0c <unknown>\n#3 0x558d72c55e31 <unknown>\n#4 0x558d72c9bbd4 <unknown>\n#5 0x558d72c7a5cd <unknown>\n#6 0x558d72c98f84 <unknown>\n#7 0x558d72c7a343 <unknown>\n#8 0x558d72c4778a <unknown>\n#9 0x558d72c489de <unknown>\n#10 0x558d730d42cb <unknown>\n#11 0x558d730d8242 <unknown>\n#12 0x558d730c17ac <unknown>\n#13 0x558d730d8df7 <unknown>\n#14 0x558d730a5b2f <unknown>\n#15 0x558d730f91a8 <unknown>\n#16 0x558d730f9370 <unknown>\n#17 0x558d731093b6 <unknown>\n#18 0x7f5f71a9caa4 <unknown>\n#19 0x7f5f71b29c3c <unknown>","time":{"start":1755482687295,"stop":1755482697678,"duration":10383}},{"uid":"d6b978ec6c07f44","reportUrl":"https://nirtal85.github.io/Selenium-Python-Example/748//#testresult/d6b978ec6c07f44","status":"broken","statusDetails":"selenium.common.exceptions.TimeoutException: Message: \nStacktrace:\n#0 0x56485c7b153a <unknown>\n#1 0x56485c2acf00 <unknown>\n#2 0x56485c2fcc0c <unknown>\n#3 0x56485c2fce31 <unknown>\n#4 0x56485c342bd4 <unknown>\n#5 0x56485c3215cd <unknown>\n#6 0x56485c33ff84 <unknown>\n#7 0x56485c321343 <unknown>\n#8 0x56485c2ee78a <unknown>\n#9 0x56485c2ef9de <unknown>\n#10 0x56485c77b2cb <unknown>\n#11 0x56485c77f242 <unknown>\n#12 0x56485c7687ac <unknown>\n#13 0x56485c77fdf7 <unknown>\n#14 0x56485c74cb2f <unknown>\n#15 0x56485c7a01a8 <unknown>\n#16 0x56485c7a0370 <unknown>\n#17 0x56485c7b03b6 <unknown>\n#18 0x7f53ad89caa4 <unknown>\n#19 0x7f53ad929c3c <unknown>","time":{"start":1755396262357,"stop":1755396272681,"duration":10324}},{"uid":"adb329aaf1587a7a","reportUrl":"https://nirtal85.github.io/Selenium-Python-Example/747//#testresult/adb329aaf1587a7a","status":"broken","statusDetails":"selenium.common.exceptions.TimeoutException: Message: \nStacktrace:\n#0 0x55e94896053a <unknown>\n#1 0x55e94845bf00 <unknown>\n#2 0x55e9484abc0c <unknown>\n#3 0x55e9484abe31 <unknown>\n#4 0x55e9484f1bd4 <unknown>\n#5 0x55e9484d05cd <unknown>\n#6 0x55e9484eef84 <unknown>\n#7 0x55e9484d0343 <unknown>\n#8 0x55e94849d78a <unknown>\n#9 0x55e94849e9de <unknown>\n#10 0x55e94892a2cb <unknown>\n#11 0x55e94892e242 <unknown>\n#12 0x55e9489177ac <unknown>\n#13 0x55e94892edf7 <unknown>\n#14 0x55e9488fbb2f <unknown>\n#15 0x55e94894f1a8 <unknown>\n#16 0x55e94894f370 <unknown>\n#17 0x55e94895f3b6 <unknown>\n#18 0x7ff83389caa4 <unknown>\n#19 0x7ff833929c3c <unknown>","time":{"start":1755309170720,"stop":1755309180737,"duration":10017}},{"uid":"cb0fa5f867b55c30","reportUrl":"https://nirtal85.github.io/Selenium-Python-Example/746//#testresult/cb0fa5f867b55c30","status":"broken","statusDetails":"selenium.common.exceptions.TimeoutException: Message: \nStacktrace:\n#0 0x55e42055853a <unknown>\n#1 0x55e420053f00 <unknown>\n#2 0x55e4200a3c0c <unknown>\n#3 0x55e4200a3e31 <unknown>\n#4 0x55e4200e9bd4 <unknown>\n#5 0x55e4200c85cd <unknown>\n#6 0x55e4200e6f84 <unknown>\n#7 0x55e4200c8343 <unknown>\n#8 0x55e42009578a <unknown>\n#9 0x55e4200969de <unknown>\n#10 0x55e4205222cb <unknown>\n#11 0x55e420526242 <unknown>\n#12 0x55e42050f7ac <unknown>\n#13 0x55e420526df7 <unknown>\n#14 0x55e4204f3b2f <unknown>\n#15 0x55e4205471a8 <unknown>\n#16 0x55e420547370 <unknown>\n#17 0x55e4205573b6 <unknown>\n#18 0x7f8afa89caa4 <unknown>\n#19 0x7f8afa929c3c <unknown>","time":{"start":1755223113384,"stop":1755223123735,"duration":10351}},{"uid":"e34c2ba15ae10d8f","reportUrl":"https://nirtal85.github.io/Selenium-Python-Example/745//#testresult/e34c2ba15ae10d8f","status":"broken","statusDetails":"selenium.common.exceptions.TimeoutException: Message: \nStacktrace:\n#0 0x561a7431353a <unknown>\n#1 0x561a73e0ef00 <unknown>\n#2 0x561a73e5ec0c <unknown>\n#3 0x561a73e5ee31 <unknown>\n#4 0x561a73ea4bd4 <unknown>\n#5 0x561a73e835cd <unknown>\n#6 0x561a73ea1f84 <unknown>\n#7 0x561a73e83343 <unknown>\n#8 0x561a73e5078a <unknown>\n#9 0x561a73e519de <unknown>\n#10 0x561a742dd2cb <unknown>\n#11 0x561a742e1242 <unknown>\n#12 0x561a742ca7ac <unknown>\n#13 0x561a742e1df7 <unknown>\n#14 0x561a742aeb2f <unknown>\n#15 0x561a743021a8 <unknown>\n#16 0x561a74302370 <unknown>\n#17 0x561a743123b6 <unknown>\n#18 0x7ff36ae9caa4 <unknown>\n#19 0x7ff36af29c3c <unknown>","time":{"start":1755136660221,"stop":1755136670548,"duration":10327}},{"uid":"58a43e08694edaef","reportUrl":"https://nirtal85.github.io/Selenium-Python-Example/744//#testresult/58a43e08694edaef","status":"broken","statusDetails":"selenium.common.exceptions.TimeoutException: Message: \nStacktrace:\n#0 0x55b64153b53a <unknown>\n#1 0x55b641036f00 <unknown>\n#2 0x55b641086c0c <unknown>\n#3 0x55b641086e31 <unknown>\n#4 0x55b6410ccbd4 <unknown>\n#5 0x55b6410ab5cd <unknown>\n#6 0x55b6410c9f84 <unknown>\n#7 0x55b6410ab343 <unknown>\n#8 0x55b64107878a <unknown>\n#9 0x55b6410799de <unknown>\n#10 0x55b6415052cb <unknown>\n#11 0x55b641509242 <unknown>\n#12 0x55b6414f27ac <unknown>\n#13 0x55b641509df7 <unknown>\n#14 0x55b6414d6b2f <unknown>\n#15 0x55b64152a1a8 <unknown>\n#16 0x55b64152a370 <unknown>\n#17 0x55b64153a3b6 <unknown>\n#18 0x7f625f29caa4 <unknown>\n#19 0x7f625f329c3c <unknown>","time":{"start":1755050245204,"stop":1755050255483,"duration":10279}},{"uid":"8103c8a5723c733e","reportUrl":"https://nirtal85.github.io/Selenium-Python-Example/743//#testresult/8103c8a5723c733e","status":"broken","statusDetails":"selenium.common.exceptions.TimeoutException: Message: \nStacktrace:\n#0 0x55d1ed70653a <unknown>\n#1 0x55d1ed201f00 <unknown>\n#2 0x55d1ed251c0c <unknown>\n#3 0x55d1ed251e31 <unknown>\n#4 0x55d1ed297bd4 <unknown>\n#5 0x55d1ed2765cd <unknown>\n#6 0x55d1ed294f84 <unknown>\n#7 0x55d1ed276343 <unknown>\n#8 0x55d1ed24378a <unknown>\n#9 0x55d1ed2449de <unknown>\n#10 0x55d1ed6d02cb <unknown>\n#11 0x55d1ed6d4242 <unknown>\n#12 0x55d1ed6bd7ac <unknown>\n#13 0x55d1ed6d4df7 <unknown>\n#14 0x55d1ed6a1b2f <unknown>\n#15 0x55d1ed6f51a8 <unknown>\n#16 0x55d1ed6f5370 <unknown>\n#17 0x55d1ed7053b6 <unknown>\n#18 0x7f1c53a9caa4 <unknown>\n#19 0x7f1c53b29c3c <unknown>","time":{"start":1754963720538,"stop":1754963730903,"duration":10365}},{"uid":"577e81636efb50c8","reportUrl":"https://nirtal85.github.io/Selenium-Python-Example/742//#testresult/577e81636efb50c8","status":"broken","statusDetails":"selenium.common.exceptions.TimeoutException: Message: \nStacktrace:\n#0 0x556d2433253a <unknown>\n#1 0x556d23e2df00 <unknown>\n#2 0x556d23e7dc0c <unknown>\n#3 0x556d23e7de31 <unknown>\n#4 0x556d23ec3bd4 <unknown>\n#5 0x556d23ea25cd <unknown>\n#6 0x556d23ec0f84 <unknown>\n#7 0x556d23ea2343 <unknown>\n#8 0x556d23e6f78a <unknown>\n#9 0x556d23e709de <unknown>\n#10 0x556d242fc2cb <unknown>\n#11 0x556d24300242 <unknown>\n#12 0x556d242e97ac <unknown>\n#13 0x556d24300df7 <unknown>\n#14 0x556d242cdb2f <unknown>\n#15 0x556d243211a8 <unknown>\n#16 0x556d24321370 <unknown>\n#17 0x556d243313b6 <unknown>\n#18 0x7f2c2f69caa4 <unknown>\n#19 0x7f2c2f729c3c <unknown>","time":{"start":1754878032530,"stop":1754878042555,"duration":10025}},{"uid":"43bd851b9d153a60","reportUrl":"https://nirtal85.github.io/Selenium-Python-Example/741//#testresult/43bd851b9d153a60","status":"broken","statusDetails":"selenium.common.exceptions.TimeoutException: Message: \nStacktrace:\n#0 0x5612bd50353a <unknown>\n#1 0x5612bcffef00 <unknown>\n#2 0x5612bd04ec0c <unknown>\n#3 0x5612bd04ee31 <unknown>\n#4 0x5612bd094bd4 <unknown>\n#5 0x5612bd0735cd <unknown>\n#6 0x5612bd091f84 <unknown>\n#7 0x5612bd073343 <unknown>\n#8 0x5612bd04078a <unknown>\n#9 0x5612bd0419de <unknown>\n#10 0x5612bd4cd2cb <unknown>\n#11 0x5612bd4d1242 <unknown>\n#12 0x5612bd4ba7ac <unknown>\n#13 0x5612bd4d1df7 <unknown>\n#14 0x5612bd49eb2f <unknown>\n#15 0x5612bd4f21a8 <unknown>\n#16 0x5612bd4f2370 <unknown>\n#17 0x5612bd5023b6 <unknown>\n#18 0x7f620809caa4 <unknown>\n#19 0x7f6208129c3c <unknown>","time":{"start":1754791879415,"stop":1754791889795,"duration":10380}},{"uid":"c2dce09a5392bf6d","reportUrl":"https://nirtal85.github.io/Selenium-Python-Example/740//#testresult/c2dce09a5392bf6d","status":"broken","statusDetails":"selenium.common.exceptions.TimeoutException: Message: \nStacktrace:\n#0 0x55cc8be4b53a <unknown>\n#1 0x55cc8b946f00 <unknown>\n#2 0x55cc8b996c0c <unknown>\n#3 0x55cc8b996e31 <unknown>\n#4 0x55cc8b9dcbd4 <unknown>\n#5 0x55cc8b9bb5cd <unknown>\n#6 0x55cc8b9d9f84 <unknown>\n#7 0x55cc8b9bb343 <unknown>\n#8 0x55cc8b98878a <unknown>\n#9 0x55cc8b9899de <unknown>\n#10 0x55cc8be152cb <unknown>\n#11 0x55cc8be19242 <unknown>\n#12 0x55cc8be027ac <unknown>\n#13 0x55cc8be19df7 <unknown>\n#14 0x55cc8bde6b2f <unknown>\n#15 0x55cc8be3a1a8 <unknown>\n#16 0x55cc8be3a370 <unknown>\n#17 0x55cc8be4a3b6 <unknown>\n#18 0x7f8d51c9caa4 <unknown>\n#19 0x7f8d51d29c3c <unknown>","time":{"start":1754704602433,"stop":1754704612769,"duration":10336}},{"uid":"1c51315274d100e4","reportUrl":"https://nirtal85.github.io/Selenium-Python-Example/739//#testresult/1c51315274d100e4","status":"broken","statusDetails":"selenium.common.exceptions.TimeoutException: Message: \nStacktrace:\n#0 0x55e4b19d353a <unknown>\n#1 0x55e4b14cef00 <unknown>\n#2 0x55e4b151ec0c <unknown>\n#3 0x55e4b151ee31 <unknown>\n#4 0x55e4b1564bd4 <unknown>\n#5 0x55e4b15435cd <unknown>\n#6 0x55e4b1561f84 <unknown>\n#7 0x55e4b1543343 <unknown>\n#8 0x55e4b151078a <unknown>\n#9 0x55e4b15119de <unknown>\n#10 0x55e4b199d2cb <unknown>\n#11 0x55e4b19a1242 <unknown>\n#12 0x55e4b198a7ac <unknown>\n#13 0x55e4b19a1df7 <unknown>\n#14 0x55e4b196eb2f <unknown>\n#15 0x55e4b19c21a8 <unknown>\n#16 0x55e4b19c2370 <unknown>\n#17 0x55e4b19d23b6 <unknown>\n#18 0x7f717e29caa4 <unknown>\n#19 0x7f717e329c3c <unknown>","time":{"start":1754618831069,"stop":1754618841436,"duration":10367}},{"uid":"d7d7f0ef042b02bc","reportUrl":"https://nirtal85.github.io/Selenium-Python-Example/738//#testresult/d7d7f0ef042b02bc","status":"broken","statusDetails":"selenium.common.exceptions.TimeoutException: Message: \nStacktrace:\n#0 0x56334834153a <unknown>\n#1 0x563347e3cf00 <unknown>\n#2 0x563347e8cc0c <unknown>\n#3 0x563347e8ce31 <unknown>\n#4 0x563347ed2bd4 <unknown>\n#5 0x563347eb15cd <unknown>\n#6 0x563347ecff84 <unknown>\n#7 0x563347eb1343 <unknown>\n#8 0x563347e7e78a <unknown>\n#9 0x563347e7f9de <unknown>\n#10 0x56334830b2cb <unknown>\n#11 0x56334830f242 <unknown>\n#12 0x5633482f87ac <unknown>\n#13 0x56334830fdf7 <unknown>\n#14 0x5633482dcb2f <unknown>\n#15 0x5633483301a8 <unknown>\n#16 0x563348330370 <unknown>\n#17 0x5633483403b6 <unknown>\n#18 0x7f01aec9caa4 <unknown>\n#19 0x7f01aed29c3c <unknown>","time":{"start":1754532471128,"stop":1754532481547,"duration":10419}},{"uid":"37745a89213732c","reportUrl":"https://nirtal85.github.io/Selenium-Python-Example/737//#testresult/37745a89213732c","status":"broken","statusDetails":"selenium.common.exceptions.TimeoutException: Message: \nStacktrace:\n#0 0x55695cc2753a <unknown>\n#1 0x55695c722f00 <unknown>\n#2 0x55695c772c0c <unknown>\n#3 0x55695c772e31 <unknown>\n#4 0x55695c7b8bd4 <unknown>\n#5 0x55695c7975cd <unknown>\n#6 0x55695c7b5f84 <unknown>\n#7 0x55695c797343 <unknown>\n#8 0x55695c76478a <unknown>\n#9 0x55695c7659de <unknown>\n#10 0x55695cbf12cb <unknown>\n#11 0x55695cbf5242 <unknown>\n#12 0x55695cbde7ac <unknown>\n#13 0x55695cbf5df7 <unknown>\n#14 0x55695cbc2b2f <unknown>\n#15 0x55695cc161a8 <unknown>\n#16 0x55695cc16370 <unknown>\n#17 0x55695cc263b6 <unknown>\n#18 0x7f2a6fc9caa4 <unknown>\n#19 0x7f2a6fd29c3c <unknown>","time":{"start":1754446040302,"stop":1754446050732,"duration":10430}},{"uid":"30fa4c8ed73ec66c","reportUrl":"https://nirtal85.github.io/Selenium-Python-Example/736//#testresult/30fa4c8ed73ec66c","status":"broken","statusDetails":"selenium.common.exceptions.TimeoutException: Message: \nStacktrace:\n#0 0x5591311fe53a <unknown>\n#1 0x559130cf9f00 <unknown>\n#2 0x559130d49c0c <unknown>\n#3 0x559130d49e31 <unknown>\n#4 0x559130d8fbd4 <unknown>\n#5 0x559130d6e5cd <unknown>\n#6 0x559130d8cf84 <unknown>\n#7 0x559130d6e343 <unknown>\n#8 0x559130d3b78a <unknown>\n#9 0x559130d3c9de <unknown>\n#10 0x5591311c82cb <unknown>\n#11 0x5591311cc242 <unknown>\n#12 0x5591311b57ac <unknown>\n#13 0x5591311ccdf7 <unknown>\n#14 0x559131199b2f <unknown>\n#15 0x5591311ed1a8 <unknown>\n#16 0x5591311ed370 <unknown>\n#17 0x5591311fd3b6 <unknown>\n#18 0x7f2dae29caa4 <unknown>\n#19 0x7f2dae329c3c <unknown>","time":{"start":1754359750877,"stop":1754359761355,"duration":10478}},{"uid":"c64fc59c9838b99a","reportUrl":"https://nirtal85.github.io/Selenium-Python-Example/735//#testresult/c64fc59c9838b99a","status":"broken","statusDetails":"selenium.common.exceptions.TimeoutException: Message: \nStacktrace:\n#0 0x56411154f53a <unknown>\n#1 0x56411104af00 <unknown>\n#2 0x56411109ac0c <unknown>\n#3 0x56411109ae31 <unknown>\n#4 0x5641110e0bd4 <unknown>\n#5 0x5641110bf5cd <unknown>\n#6 0x5641110ddf84 <unknown>\n#7 0x5641110bf343 <unknown>\n#8 0x56411108c78a <unknown>\n#9 0x56411108d9de <unknown>\n#10 0x5641115192cb <unknown>\n#11 0x56411151d242 <unknown>\n#12 0x5641115067ac <unknown>\n#13 0x56411151ddf7 <unknown>\n#14 0x5641114eab2f <unknown>\n#15 0x56411153e1a8 <unknown>\n#16 0x56411153e370 <unknown>\n#17 0x56411154e3b6 <unknown>\n#18 0x7f98d1a9caa4 <unknown>\n#19 0x7f98d1b29c3c <unknown>","time":{"start":1754274080988,"stop":1754274091384,"duration":10396}},{"uid":"ab2e42183872d876","reportUrl":"https://nirtal85.github.io/Selenium-Python-Example/734//#testresult/ab2e42183872d876","status":"broken","statusDetails":"selenium.common.exceptions.TimeoutException: Message: \nStacktrace:\n#0 0x55e1bfd9e53a <unknown>\n#1 0x55e1bf899f00 <unknown>\n#2 0x55e1bf8e9c0c <unknown>\n#3 0x55e1bf8e9e31 <unknown>\n#4 0x55e1bf92fbd4 <unknown>\n#5 0x55e1bf90e5cd <unknown>\n#6 0x55e1bf92cf84 <unknown>\n#7 0x55e1bf90e343 <unknown>\n#8 0x55e1bf8db78a <unknown>\n#9 0x55e1bf8dc9de <unknown>\n#10 0x55e1bfd682cb <unknown>\n#11 0x55e1bfd6c242 <unknown>\n#12 0x55e1bfd557ac <unknown>\n#13 0x55e1bfd6cdf7 <unknown>\n#14 0x55e1bfd39b2f <unknown>\n#15 0x55e1bfd8d1a8 <unknown>\n#16 0x55e1bfd8d370 <unknown>\n#17 0x55e1bfd9d3b6 <unknown>\n#18 0x7f87b9e9caa4 <unknown>\n#19 0x7f87b9f29c3c <unknown>","time":{"start":1754187684009,"stop":1754187694406,"duration":10397}},{"uid":"bb01c212f0eddaa0","reportUrl":"https://nirtal85.github.io/Selenium-Python-Example/733//#testresult/bb01c212f0eddaa0","status":"broken","statusDetails":"selenium.common.exceptions.TimeoutException: Message: \nStacktrace:\n#0 0x55a82416a53a <unknown>\n#1 0x55a823c65f00 <unknown>\n#2 0x55a823cb5c0c <unknown>\n#3 0x55a823cb5e31 <unknown>\n#4 0x55a823cfbbd4 <unknown>\n#5 0x55a823cda5cd <unknown>\n#6 0x55a823cf8f84 <unknown>\n#7 0x55a823cda343 <unknown>\n#8 0x55a823ca778a <unknown>\n#9 0x55a823ca89de <unknown>\n#10 0x55a8241342cb <unknown>\n#11 0x55a824138242 <unknown>\n#12 0x55a8241217ac <unknown>\n#13 0x55a824138df7 <unknown>\n#14 0x55a824105b2f <unknown>\n#15 0x55a8241591a8 <unknown>\n#16 0x55a824159370 <unknown>\n#17 0x55a8241693b6 <unknown>\n#18 0x7f578ce9caa4 <unknown>\n#19 0x7f578cf29c3c <unknown>","time":{"start":1754100036091,"stop":1754100046518,"duration":10427}},{"uid":"5cbfdd84a3c485c6","reportUrl":"https://nirtal85.github.io/Selenium-Python-Example/732//#testresult/5cbfdd84a3c485c6","status":"broken","statusDetails":"selenium.common.exceptions.TimeoutException: Message: \nStacktrace:\n#0 0x55acd1fe153a <unknown>\n#1 0x55acd1adcf00 <unknown>\n#2 0x55acd1b2cc0c <unknown>\n#3 0x55acd1b2ce31 <unknown>\n#4 0x55acd1b72bd4 <unknown>\n#5 0x55acd1b515cd <unknown>\n#6 0x55acd1b6ff84 <unknown>\n#7 0x55acd1b51343 <unknown>\n#8 0x55acd1b1e78a <unknown>\n#9 0x55acd1b1f9de <unknown>\n#10 0x55acd1fab2cb <unknown>\n#11 0x55acd1faf242 <unknown>\n#12 0x55acd1f987ac <unknown>\n#13 0x55acd1fafdf7 <unknown>\n#14 0x55acd1f7cb2f <unknown>\n#15 0x55acd1fd01a8 <unknown>\n#16 0x55acd1fd0370 <unknown>\n#17 0x55acd1fe03b6 <unknown>\n#18 0x7f290ca9caa4 <unknown>\n#19 0x7f290cb29c3c <unknown>","time":{"start":1754014985427,"stop":1754014995812,"duration":10385}}]},"tags":["security"]},"source":"d3c27b31d78e71c4.json","parameterValues":[]}