{"uid":"95b91b496aef4c8c","name":"Delete existing workspace","fullName":"tests.workspaces_test.TestWorkspaces#test_delete_workspace","historyId":"085ae9bea926da8512f07258dfb5df8c","time":{"start":1757986924489,"stop":1757986924489,"duration":0},"description":"Delete an existing workspace","descriptionHtml":"<p>Delete an existing workspace</p>\n","status":"broken","statusMessage":"selenium.common.exceptions.TimeoutException: Message: \nStacktrace:\n#0 0x55e1b9a7953a <unknown>\n#1 0x55e1b9574f00 <unknown>\n#2 0x55e1b95c4c0c <unknown>\n#3 0x55e1b95c4e31 <unknown>\n#4 0x55e1b960abd4 <unknown>\n#5 0x55e1b95e95cd <unknown>\n#6 0x55e1b9607f84 <unknown>\n#7 0x55e1b95e9343 <unknown>\n#8 0x55e1b95b678a <unknown>\n#9 0x55e1b95b79de <unknown>\n#10 0x55e1b9a432cb <unknown>\n#11 0x55e1b9a47242 <unknown>\n#12 0x55e1b9a307ac <unknown>\n#13 0x55e1b9a47df7 <unknown>\n#14 0x55e1b9a14b2f <unknown>\n#15 0x55e1b9a681a8 <unknown>\n#16 0x55e1b9a68370 <unknown>\n#17 0x55e1b9a783b6 <unknown>\n#18 0x7f1f1809caa4 <unknown>\n#19 0x7f1f18129c3c <unknown>","statusTrace":"self = <tests.workspaces_test.TestWorkspaces object at 0x7f3a6127afd0>\n\n    @pytest.fixture(autouse=True)\n    def setup_method_fixture(self):\n>       login(self.about_page, self.login_page)\n\ntests/workspaces_test.py:25: \n_ _ _ _ _ _ _ _ _ _ _ _ _ _ _ _ _ _ _ _ _ _ _ _ _ _ _ _ _ _ _ _ _ _ _ _ _ _ _ _ \ntests/workspaces_test.py:15: in login\n    about_page.click_login_link()\nsrc/pages/about_page.py:18: in click_login_link\n    self.click(self.LOGIN_LINK)\nsrc/pages/base_page.py:59: in click\n    el: WebElement = self.wait.until(expected_conditions.element_to_be_clickable(locator))\n                     ^^^^^^^^^^^^^^^^^^^^^^^^^^^^^^^^^^^^^^^^^^^^^^^^^^^^^^^^^^^^^^^^^^^^^\n_ _ _ _ _ _ _ _ _ _ _ _ _ _ _ _ _ _ _ _ _ _ _ _ _ _ _ _ _ _ _ _ _ _ _ _ _ _ _ _ \n\nself = <selenium.webdriver.support.wait.WebDriverWait (session=\"6d0ccdc0356c46234beaf52410e47d38\")>\nmethod = <function element_to_be_clickable.<locals>._predicate at 0x7f3a6138c540>\nmessage = ''\n\n    def until(self, method: Callable[[D], Union[Literal[False], T]], message: str = \"\") -> T:\n        \"\"\"Wait until the method returns a value that is not False.\n    \n        Calls the method provided with the driver as an argument until the\n        return value does not evaluate to ``False``.\n    \n        Parameters:\n        -----------\n        method: callable(WebDriver)\n            - A callable object that takes a WebDriver instance as an argument.\n    \n        message: str\n            - Optional message for :exc:`TimeoutException`\n    \n        Return:\n        -------\n        object: T\n            - The result of the last call to `method`\n    \n        Raises:\n        -------\n        TimeoutException\n            - If 'method' does not return a truthy value within the WebDriverWait\n            object's timeout\n    \n        Example:\n        --------\n        >>> from selenium.webdriver.common.by import By\n        >>> from selenium.webdriver.support.ui import WebDriverWait\n        >>> from selenium.webdriver.support import expected_conditions as EC\n    \n        # Wait until an element is visible on the page\n        >>> wait = WebDriverWait(driver, 10)\n        >>> element = wait.until(EC.visibility_of_element_located((By.ID, \"exampleId\")))\n        >>> print(element.text)\n        \"\"\"\n        screen = None\n        stacktrace = None\n    \n        end_time = time.monotonic() + self._timeout\n        while True:\n            try:\n                value = method(self._driver)\n                if value:\n                    return value\n            except self._ignored_exceptions as exc:\n                screen = getattr(exc, \"screen\", None)\n                stacktrace = getattr(exc, \"stacktrace\", None)\n            if time.monotonic() > end_time:\n                break\n            time.sleep(self._poll)\n>       raise TimeoutException(message, screen, stacktrace)\nE       selenium.common.exceptions.TimeoutException: Message: \nE       Stacktrace:\nE       #0 0x55e1b9a7953a <unknown>\nE       #1 0x55e1b9574f00 <unknown>\nE       #2 0x55e1b95c4c0c <unknown>\nE       #3 0x55e1b95c4e31 <unknown>\nE       #4 0x55e1b960abd4 <unknown>\nE       #5 0x55e1b95e95cd <unknown>\nE       #6 0x55e1b9607f84 <unknown>\nE       #7 0x55e1b95e9343 <unknown>\nE       #8 0x55e1b95b678a <unknown>\nE       #9 0x55e1b95b79de <unknown>\nE       #10 0x55e1b9a432cb <unknown>\nE       #11 0x55e1b9a47242 <unknown>\nE       #12 0x55e1b9a307ac <unknown>\nE       #13 0x55e1b9a47df7 <unknown>\nE       #14 0x55e1b9a14b2f <unknown>\nE       #15 0x55e1b9a681a8 <unknown>\nE       #16 0x55e1b9a68370 <unknown>\nE       #17 0x55e1b9a783b6 <unknown>\nE       #18 0x7f1f1809caa4 <unknown>\nE       #19 0x7f1f18129c3c <unknown>\n\n.venv/lib/python3.13/site-packages/selenium/webdriver/support/wait.py:138: TimeoutException","flaky":false,"newFailed":false,"newBroken":false,"newPassed":false,"retriesCount":0,"retriesStatusChange":false,"beforeStages":[{"name":"_verify_url","time":{"start":1757986906031,"stop":1757986906031,"duration":0},"status":"passed","steps":[],"attachments":[],"parameters":[],"shouldDisplayMessage":false,"stepsCount":0,"attachmentsCount":0,"hasContent":false,"attachmentStep":false},{"name":"session_request","time":{"start":1757986906031,"stop":1757986906031,"duration":0},"status":"passed","steps":[],"attachments":[],"parameters":[],"shouldDisplayMessage":false,"stepsCount":0,"attachmentsCount":0,"hasContent":false,"attachmentStep":false},{"name":"base_url","time":{"start":1757986906031,"stop":1757986906031,"duration":0},"status":"passed","steps":[],"attachments":[],"parameters":[],"shouldDisplayMessage":false,"stepsCount":0,"attachmentsCount":0,"hasContent":false,"attachmentStep":false},{"name":"setup_method_fixture","time":{"start":1757986926141,"stop":1757986936285,"duration":10144},"status":"broken","statusMessage":"selenium.common.exceptions.TimeoutException: Message: \nStacktrace:\n#0 0x55e1b9a7953a <unknown>\n#1 0x55e1b9574f00 <unknown>\n#2 0x55e1b95c4c0c <unknown>\n#3 0x55e1b95c4e31 <unknown>\n#4 0x55e1b960abd4 <unknown>\n#5 0x55e1b95e95cd <unknown>\n#6 0x55e1b9607f84 <unknown>\n#7 0x55e1b95e9343 <unknown>\n#8 0x55e1b95b678a <unknown>\n#9 0x55e1b95b79de <unknown>\n#10 0x55e1b9a432cb <unknown>\n#11 0x55e1b9a47242 <unknown>\n#12 0x55e1b9a307ac <unknown>\n#13 0x55e1b9a47df7 <unknown>\n#14 0x55e1b9a14b2f <unknown>\n#15 0x55e1b9a681a8 <unknown>\n#16 0x55e1b9a68370 <unknown>\n#17 0x55e1b9a783b6 <unknown>\n#18 0x7f1f1809caa4 <unknown>\n#19 0x7f1f18129c3c <unknown>\n\n","statusTrace":"  File \"/home/runner/work/Selenium-Python-Example/Selenium-Python-Example/.venv/lib/python3.13/site-packages/pluggy/_callers.py\", line 167, in _multicall\n    teardown.throw(outcome._exception)\n    ~~~~~~~~~~~~~~^^^^^^^^^^^^^^^^^^^^\n  File \"/home/runner/work/Selenium-Python-Example/Selenium-Python-Example/.venv/lib/python3.13/site-packages/_pytest/setuponly.py\", line 36, in pytest_fixture_setup\n    return (yield)\n            ^^^^^\n  File \"/home/runner/work/Selenium-Python-Example/Selenium-Python-Example/.venv/lib/python3.13/site-packages/pluggy/_callers.py\", line 103, in _multicall\n    res = hook_impl.function(*args)\n  File \"/home/runner/work/Selenium-Python-Example/Selenium-Python-Example/.venv/lib/python3.13/site-packages/_pytest/fixtures.py\", line 1195, in pytest_fixture_setup\n    result = call_fixture_func(fixturefunc, request, kwargs)\n  File \"/home/runner/work/Selenium-Python-Example/Selenium-Python-Example/.venv/lib/python3.13/site-packages/_pytest/fixtures.py\", line 929, in call_fixture_func\n    fixture_result = fixturefunc(**kwargs)\n  File \"/home/runner/work/Selenium-Python-Example/Selenium-Python-Example/tests/workspaces_test.py\", line 25, in setup_method_fixture\n    login(self.about_page, self.login_page)\n    ~~~~~^^^^^^^^^^^^^^^^^^^^^^^^^^^^^^^^^^\n  File \"/home/runner/work/Selenium-Python-Example/Selenium-Python-Example/tests/workspaces_test.py\", line 15, in login\n    about_page.click_login_link()\n    ~~~~~~~~~~~~~~~~~~~~~~~~~~~^^\n  File \"/home/runner/work/Selenium-Python-Example/Selenium-Python-Example/.venv/lib/python3.13/site-packages/allure_commons/_allure.py\", line 202, in impl\n    return func(*a, **kw)\n  File \"/home/runner/work/Selenium-Python-Example/Selenium-Python-Example/src/pages/about_page.py\", line 18, in click_login_link\n    self.click(self.LOGIN_LINK)\n    ~~~~~~~~~~^^^^^^^^^^^^^^^^^\n  File \"/home/runner/work/Selenium-Python-Example/Selenium-Python-Example/src/pages/base_page.py\", line 59, in click\n    el: WebElement = self.wait.until(expected_conditions.element_to_be_clickable(locator))\n                     ~~~~~~~~~~~~~~~^^^^^^^^^^^^^^^^^^^^^^^^^^^^^^^^^^^^^^^^^^^^^^^^^^^^^^\n  File \"/home/runner/work/Selenium-Python-Example/Selenium-Python-Example/.venv/lib/python3.13/site-packages/selenium/webdriver/support/wait.py\", line 138, in until\n    raise TimeoutException(message, screen, stacktrace)\n","steps":[{"name":"Click Login link","time":{"start":1757986926141,"stop":1757986936284,"duration":10143},"status":"broken","statusMessage":"selenium.common.exceptions.TimeoutException: Message: \nStacktrace:\n#0 0x55e1b9a7953a <unknown>\n#1 0x55e1b9574f00 <unknown>\n#2 0x55e1b95c4c0c <unknown>\n#3 0x55e1b95c4e31 <unknown>\n#4 0x55e1b960abd4 <unknown>\n#5 0x55e1b95e95cd <unknown>\n#6 0x55e1b9607f84 <unknown>\n#7 0x55e1b95e9343 <unknown>\n#8 0x55e1b95b678a <unknown>\n#9 0x55e1b95b79de <unknown>\n#10 0x55e1b9a432cb <unknown>\n#11 0x55e1b9a47242 <unknown>\n#12 0x55e1b9a307ac <unknown>\n#13 0x55e1b9a47df7 <unknown>\n#14 0x55e1b9a14b2f <unknown>\n#15 0x55e1b9a681a8 <unknown>\n#16 0x55e1b9a68370 <unknown>\n#17 0x55e1b9a783b6 <unknown>\n#18 0x7f1f1809caa4 <unknown>\n#19 0x7f1f18129c3c <unknown>\n\n","statusTrace":"  File \"/home/runner/work/Selenium-Python-Example/Selenium-Python-Example/.venv/lib/python3.13/site-packages/allure_commons/_allure.py\", line 202, in impl\n    return func(*a, **kw)\n  File \"/home/runner/work/Selenium-Python-Example/Selenium-Python-Example/src/pages/about_page.py\", line 18, in click_login_link\n    self.click(self.LOGIN_LINK)\n    ~~~~~~~~~~^^^^^^^^^^^^^^^^^\n  File \"/home/runner/work/Selenium-Python-Example/Selenium-Python-Example/src/pages/base_page.py\", line 59, in click\n    el: WebElement = self.wait.until(expected_conditions.element_to_be_clickable(locator))\n                     ~~~~~~~~~~~~~~~^^^^^^^^^^^^^^^^^^^^^^^^^^^^^^^^^^^^^^^^^^^^^^^^^^^^^^\n  File \"/home/runner/work/Selenium-Python-Example/Selenium-Python-Example/.venv/lib/python3.13/site-packages/selenium/webdriver/support/wait.py\", line 138, in until\n    raise TimeoutException(message, screen, stacktrace)\n","steps":[],"attachments":[],"parameters":[],"shouldDisplayMessage":true,"stepsCount":0,"attachmentsCount":0,"hasContent":true,"attachmentStep":false}],"attachments":[],"parameters":[],"shouldDisplayMessage":false,"stepsCount":1,"attachmentsCount":0,"hasContent":true,"attachmentStep":false}],"testStage":{"description":"Delete an existing workspace","status":"broken","statusMessage":"selenium.common.exceptions.TimeoutException: Message: \nStacktrace:\n#0 0x55e1b9a7953a <unknown>\n#1 0x55e1b9574f00 <unknown>\n#2 0x55e1b95c4c0c <unknown>\n#3 0x55e1b95c4e31 <unknown>\n#4 0x55e1b960abd4 <unknown>\n#5 0x55e1b95e95cd <unknown>\n#6 0x55e1b9607f84 <unknown>\n#7 0x55e1b95e9343 <unknown>\n#8 0x55e1b95b678a <unknown>\n#9 0x55e1b95b79de <unknown>\n#10 0x55e1b9a432cb <unknown>\n#11 0x55e1b9a47242 <unknown>\n#12 0x55e1b9a307ac <unknown>\n#13 0x55e1b9a47df7 <unknown>\n#14 0x55e1b9a14b2f <unknown>\n#15 0x55e1b9a681a8 <unknown>\n#16 0x55e1b9a68370 <unknown>\n#17 0x55e1b9a783b6 <unknown>\n#18 0x7f1f1809caa4 <unknown>\n#19 0x7f1f18129c3c <unknown>","statusTrace":"self = <tests.workspaces_test.TestWorkspaces object at 0x7f3a6127afd0>\n\n    @pytest.fixture(autouse=True)\n    def setup_method_fixture(self):\n>       login(self.about_page, self.login_page)\n\ntests/workspaces_test.py:25: \n_ _ _ _ _ _ _ _ _ _ _ _ _ _ _ _ _ _ _ _ _ _ _ _ _ _ _ _ _ _ _ _ _ _ _ _ _ _ _ _ \ntests/workspaces_test.py:15: in login\n    about_page.click_login_link()\nsrc/pages/about_page.py:18: in click_login_link\n    self.click(self.LOGIN_LINK)\nsrc/pages/base_page.py:59: in click\n    el: WebElement = self.wait.until(expected_conditions.element_to_be_clickable(locator))\n                     ^^^^^^^^^^^^^^^^^^^^^^^^^^^^^^^^^^^^^^^^^^^^^^^^^^^^^^^^^^^^^^^^^^^^^\n_ _ _ _ _ _ _ _ _ _ _ _ _ _ _ _ _ _ _ _ _ _ _ _ _ _ _ _ _ _ _ _ _ _ _ _ _ _ _ _ \n\nself = <selenium.webdriver.support.wait.WebDriverWait (session=\"6d0ccdc0356c46234beaf52410e47d38\")>\nmethod = <function element_to_be_clickable.<locals>._predicate at 0x7f3a6138c540>\nmessage = ''\n\n    def until(self, method: Callable[[D], Union[Literal[False], T]], message: str = \"\") -> T:\n        \"\"\"Wait until the method returns a value that is not False.\n    \n        Calls the method provided with the driver as an argument until the\n        return value does not evaluate to ``False``.\n    \n        Parameters:\n        -----------\n        method: callable(WebDriver)\n            - A callable object that takes a WebDriver instance as an argument.\n    \n        message: str\n            - Optional message for :exc:`TimeoutException`\n    \n        Return:\n        -------\n        object: T\n            - The result of the last call to `method`\n    \n        Raises:\n        -------\n        TimeoutException\n            - If 'method' does not return a truthy value within the WebDriverWait\n            object's timeout\n    \n        Example:\n        --------\n        >>> from selenium.webdriver.common.by import By\n        >>> from selenium.webdriver.support.ui import WebDriverWait\n        >>> from selenium.webdriver.support import expected_conditions as EC\n    \n        # Wait until an element is visible on the page\n        >>> wait = WebDriverWait(driver, 10)\n        >>> element = wait.until(EC.visibility_of_element_located((By.ID, \"exampleId\")))\n        >>> print(element.text)\n        \"\"\"\n        screen = None\n        stacktrace = None\n    \n        end_time = time.monotonic() + self._timeout\n        while True:\n            try:\n                value = method(self._driver)\n                if value:\n                    return value\n            except self._ignored_exceptions as exc:\n                screen = getattr(exc, \"screen\", None)\n                stacktrace = getattr(exc, \"stacktrace\", None)\n            if time.monotonic() > end_time:\n                break\n            time.sleep(self._poll)\n>       raise TimeoutException(message, screen, stacktrace)\nE       selenium.common.exceptions.TimeoutException: Message: \nE       Stacktrace:\nE       #0 0x55e1b9a7953a <unknown>\nE       #1 0x55e1b9574f00 <unknown>\nE       #2 0x55e1b95c4c0c <unknown>\nE       #3 0x55e1b95c4e31 <unknown>\nE       #4 0x55e1b960abd4 <unknown>\nE       #5 0x55e1b95e95cd <unknown>\nE       #6 0x55e1b9607f84 <unknown>\nE       #7 0x55e1b95e9343 <unknown>\nE       #8 0x55e1b95b678a <unknown>\nE       #9 0x55e1b95b79de <unknown>\nE       #10 0x55e1b9a432cb <unknown>\nE       #11 0x55e1b9a47242 <unknown>\nE       #12 0x55e1b9a307ac <unknown>\nE       #13 0x55e1b9a47df7 <unknown>\nE       #14 0x55e1b9a14b2f <unknown>\nE       #15 0x55e1b9a681a8 <unknown>\nE       #16 0x55e1b9a68370 <unknown>\nE       #17 0x55e1b9a783b6 <unknown>\nE       #18 0x7f1f1809caa4 <unknown>\nE       #19 0x7f1f18129c3c <unknown>\n\n.venv/lib/python3.13/site-packages/selenium/webdriver/support/wait.py:138: TimeoutException","steps":[{"name":"public ip address","time":{"start":1757986936306,"stop":1757986936449,"duration":143},"status":"passed","steps":[],"attachments":[{"uid":"608b4de559690796","name":"HTTP logs of http://checkip.amazonaws.com/","source":"608b4de559690796.txt","type":"text/plain","size":357}],"parameters":[],"shouldDisplayMessage":false,"stepsCount":0,"attachmentsCount":1,"hasContent":true,"attachmentStep":false}],"attachments":[{"uid":"4714bc4e7be93bb8","name":"Cookies","source":"4714bc4e7be93bb8.json","type":"application/json","size":4119},{"uid":"df7fe525aa4265a6","name":"Session Storage","source":"df7fe525aa4265a6.json","type":"application/json","size":359},{"uid":"a06c9c849fdec59e","name":"Local Storage","source":"a06c9c849fdec59e.json","type":"application/json","size":563},{"uid":"29b675955bb766d","name":"Full Page Screenshot","source":"29b675955bb766d.png","type":"image/png","size":2048996},{"uid":"ffe0a5ed3995cad3","name":"URL","source":"ffe0a5ed3995cad3.uri","type":"text/uri-list","size":23},{"uid":"85c31773dc8ade53","name":"Network Logs","source":"85c31773dc8ade53.json","type":"application/json","size":7928997}],"parameters":[],"shouldDisplayMessage":true,"stepsCount":1,"attachmentsCount":7,"hasContent":true,"attachmentStep":false},"afterStages":[{"name":"session_request::0","time":{"start":1757986979255,"stop":1757986979255,"duration":0},"status":"passed","steps":[],"attachments":[],"parameters":[],"shouldDisplayMessage":false,"stepsCount":0,"attachmentsCount":0,"hasContent":false,"attachmentStep":false}],"labels":[{"name":"story","value":"WorkSpaces Creation and Editing Functionality"},{"name":"epic","value":"Workspaces"},{"name":"severity","value":"normal"},{"name":"parentSuite","value":"tests"},{"name":"suite","value":"workspaces_test"},{"name":"subSuite","value":"TestWorkspaces"},{"name":"host","value":"runnervmf4ws1"},{"name":"thread","value":"2290-MainThread"},{"name":"framework","value":"pytest"},{"name":"language","value":"cpython3"},{"name":"package","value":"tests.workspaces_test"},{"name":"resultFormat","value":"allure2"}],"parameters":[],"links":[],"hidden":false,"retry":false,"extra":{"severity":"normal","retries":[],"categories":[{"name":"Test defects","matchedStatuses":[],"flaky":false}],"history":{"statistic":{"failed":0,"broken":15,"skipped":0,"passed":0,"unknown":0,"total":15},"items":[{"uid":"9e16369d502133ca","reportUrl":"https://nirtal85.github.io/Selenium-Python-Example/777//#testresult/9e16369d502133ca","status":"broken","statusDetails":"selenium.common.exceptions.TimeoutException: Message: \nStacktrace:\n#0 0x55d88a36b53a <unknown>\n#1 0x55d889e66f00 <unknown>\n#2 0x55d889eb6c0c <unknown>\n#3 0x55d889eb6e31 <unknown>\n#4 0x55d889efcbd4 <unknown>\n#5 0x55d889edb5cd <unknown>\n#6 0x55d889ef9f84 <unknown>\n#7 0x55d889edb343 <unknown>\n#8 0x55d889ea878a <unknown>\n#9 0x55d889ea99de <unknown>\n#10 0x55d88a3352cb <unknown>\n#11 0x55d88a339242 <unknown>\n#12 0x55d88a3227ac <unknown>\n#13 0x55d88a339df7 <unknown>\n#14 0x55d88a306b2f <unknown>\n#15 0x55d88a35a1a8 <unknown>\n#16 0x55d88a35a370 <unknown>\n#17 0x55d88a36a3b6 <unknown>\n#18 0x7f7e2a69caa4 <unknown>\n#19 0x7f7e2a729c3c <unknown>","time":{"start":1757901006502,"stop":1757901006502,"duration":0}},{"uid":"71c943dfba437d60","reportUrl":"https://nirtal85.github.io/Selenium-Python-Example/776//#testresult/71c943dfba437d60","status":"broken","statusDetails":"selenium.common.exceptions.TimeoutException: Message: \nStacktrace:\n#0 0x55584eb4153a <unknown>\n#1 0x55584e63cf00 <unknown>\n#2 0x55584e68cc0c <unknown>\n#3 0x55584e68ce31 <unknown>\n#4 0x55584e6d2bd4 <unknown>\n#5 0x55584e6b15cd <unknown>\n#6 0x55584e6cff84 <unknown>\n#7 0x55584e6b1343 <unknown>\n#8 0x55584e67e78a <unknown>\n#9 0x55584e67f9de <unknown>\n#10 0x55584eb0b2cb <unknown>\n#11 0x55584eb0f242 <unknown>\n#12 0x55584eaf87ac <unknown>\n#13 0x55584eb0fdf7 <unknown>\n#14 0x55584eadcb2f <unknown>\n#15 0x55584eb301a8 <unknown>\n#16 0x55584eb30370 <unknown>\n#17 0x55584eb403b6 <unknown>\n#18 0x7f9056c9caa4 <unknown>\n#19 0x7f9056d29c3c <unknown>","time":{"start":1757814515875,"stop":1757814515875,"duration":0}},{"uid":"714ec8664667bfff","reportUrl":"https://nirtal85.github.io/Selenium-Python-Example/775//#testresult/714ec8664667bfff","status":"broken","statusDetails":"selenium.common.exceptions.TimeoutException: Message: \nStacktrace:\n#0 0x555e0130b53a <unknown>\n#1 0x555e00e06f00 <unknown>\n#2 0x555e00e56c0c <unknown>\n#3 0x555e00e56e31 <unknown>\n#4 0x555e00e9cbd4 <unknown>\n#5 0x555e00e7b5cd <unknown>\n#6 0x555e00e99f84 <unknown>\n#7 0x555e00e7b343 <unknown>\n#8 0x555e00e4878a <unknown>\n#9 0x555e00e499de <unknown>\n#10 0x555e012d52cb <unknown>\n#11 0x555e012d9242 <unknown>\n#12 0x555e012c27ac <unknown>\n#13 0x555e012d9df7 <unknown>\n#14 0x555e012a6b2f <unknown>\n#15 0x555e012fa1a8 <unknown>\n#16 0x555e012fa370 <unknown>\n#17 0x555e0130a3b6 <unknown>\n#18 0x7f27a3a9caa4 <unknown>\n#19 0x7f27a3b29c3c <unknown>","time":{"start":1757727384382,"stop":1757727384382,"duration":0}},{"uid":"a2efd46a7a462bac","reportUrl":"https://nirtal85.github.io/Selenium-Python-Example/774//#testresult/a2efd46a7a462bac","status":"broken","statusDetails":"selenium.common.exceptions.TimeoutException: Message: \nStacktrace:\n#0 0x562977e7153a <unknown>\n#1 0x56297796cf00 <unknown>\n#2 0x5629779bcc0c <unknown>\n#3 0x5629779bce31 <unknown>\n#4 0x562977a02bd4 <unknown>\n#5 0x5629779e15cd <unknown>\n#6 0x5629779fff84 <unknown>\n#7 0x5629779e1343 <unknown>\n#8 0x5629779ae78a <unknown>\n#9 0x5629779af9de <unknown>\n#10 0x562977e3b2cb <unknown>\n#11 0x562977e3f242 <unknown>\n#12 0x562977e287ac <unknown>\n#13 0x562977e3fdf7 <unknown>\n#14 0x562977e0cb2f <unknown>\n#15 0x562977e601a8 <unknown>\n#16 0x562977e60370 <unknown>\n#17 0x562977e703b6 <unknown>\n#18 0x7fa81269caa4 <unknown>\n#19 0x7fa812729c3c <unknown>","time":{"start":1757641261297,"stop":1757641261297,"duration":0}},{"uid":"ac055966a521ad7a","reportUrl":"https://nirtal85.github.io/Selenium-Python-Example/773//#testresult/ac055966a521ad7a","status":"broken","statusDetails":"selenium.common.exceptions.TimeoutException: Message: \nStacktrace:\n#0 0x5557b30ed53a <unknown>\n#1 0x5557b2be8f00 <unknown>\n#2 0x5557b2c38c0c <unknown>\n#3 0x5557b2c38e31 <unknown>\n#4 0x5557b2c7ebd4 <unknown>\n#5 0x5557b2c5d5cd <unknown>\n#6 0x5557b2c7bf84 <unknown>\n#7 0x5557b2c5d343 <unknown>\n#8 0x5557b2c2a78a <unknown>\n#9 0x5557b2c2b9de <unknown>\n#10 0x5557b30b72cb <unknown>\n#11 0x5557b30bb242 <unknown>\n#12 0x5557b30a47ac <unknown>\n#13 0x5557b30bbdf7 <unknown>\n#14 0x5557b3088b2f <unknown>\n#15 0x5557b30dc1a8 <unknown>\n#16 0x5557b30dc370 <unknown>\n#17 0x5557b30ec3b6 <unknown>\n#18 0x7fde1c69caa4 <unknown>\n#19 0x7fde1c729c3c <unknown>","time":{"start":1757555076873,"stop":1757555076873,"duration":0}},{"uid":"9955565027b473d6","reportUrl":"https://nirtal85.github.io/Selenium-Python-Example/772//#testresult/9955565027b473d6","status":"broken","statusDetails":"selenium.common.exceptions.TimeoutException: Message: \nStacktrace:\n#0 0x5574b0f0a53a <unknown>\n#1 0x5574b0a05f00 <unknown>\n#2 0x5574b0a55c0c <unknown>\n#3 0x5574b0a55e31 <unknown>\n#4 0x5574b0a9bbd4 <unknown>\n#5 0x5574b0a7a5cd <unknown>\n#6 0x5574b0a98f84 <unknown>\n#7 0x5574b0a7a343 <unknown>\n#8 0x5574b0a4778a <unknown>\n#9 0x5574b0a489de <unknown>\n#10 0x5574b0ed42cb <unknown>\n#11 0x5574b0ed8242 <unknown>\n#12 0x5574b0ec17ac <unknown>\n#13 0x5574b0ed8df7 <unknown>\n#14 0x5574b0ea5b2f <unknown>\n#15 0x5574b0ef91a8 <unknown>\n#16 0x5574b0ef9370 <unknown>\n#17 0x5574b0f093b6 <unknown>\n#18 0x7f6f3b09caa4 <unknown>\n#19 0x7f6f3b129c3c <unknown>","time":{"start":1757468517210,"stop":1757468517210,"duration":0}},{"uid":"655c018156d420db","reportUrl":"https://nirtal85.github.io/Selenium-Python-Example/771//#testresult/655c018156d420db","status":"broken","statusDetails":"selenium.common.exceptions.TimeoutException: Message: \nStacktrace:\n#0 0x559b6d8b153a <unknown>\n#1 0x559b6d3acf00 <unknown>\n#2 0x559b6d3fcc0c <unknown>\n#3 0x559b6d3fce31 <unknown>\n#4 0x559b6d442bd4 <unknown>\n#5 0x559b6d4215cd <unknown>\n#6 0x559b6d43ff84 <unknown>\n#7 0x559b6d421343 <unknown>\n#8 0x559b6d3ee78a <unknown>\n#9 0x559b6d3ef9de <unknown>\n#10 0x559b6d87b2cb <unknown>\n#11 0x559b6d87f242 <unknown>\n#12 0x559b6d8687ac <unknown>\n#13 0x559b6d87fdf7 <unknown>\n#14 0x559b6d84cb2f <unknown>\n#15 0x559b6d8a01a8 <unknown>\n#16 0x559b6d8a0370 <unknown>\n#17 0x559b6d8b03b6 <unknown>\n#18 0x7fbd5209caa4 <unknown>\n#19 0x7fbd52129c3c <unknown>","time":{"start":1757382349388,"stop":1757382349388,"duration":0}},{"uid":"3c053498dad823a6","reportUrl":"https://nirtal85.github.io/Selenium-Python-Example/770//#testresult/3c053498dad823a6","status":"broken","statusDetails":"selenium.common.exceptions.TimeoutException: Message: \nStacktrace:\n#0 0x55a7e568a53a <unknown>\n#1 0x55a7e5185f00 <unknown>\n#2 0x55a7e51d5c0c <unknown>\n#3 0x55a7e51d5e31 <unknown>\n#4 0x55a7e521bbd4 <unknown>\n#5 0x55a7e51fa5cd <unknown>\n#6 0x55a7e5218f84 <unknown>\n#7 0x55a7e51fa343 <unknown>\n#8 0x55a7e51c778a <unknown>\n#9 0x55a7e51c89de <unknown>\n#10 0x55a7e56542cb <unknown>\n#11 0x55a7e5658242 <unknown>\n#12 0x55a7e56417ac <unknown>\n#13 0x55a7e5658df7 <unknown>\n#14 0x55a7e5625b2f <unknown>\n#15 0x55a7e56791a8 <unknown>\n#16 0x55a7e5679370 <unknown>\n#17 0x55a7e56893b6 <unknown>\n#18 0x7f470be9caa4 <unknown>\n#19 0x7f470bf29c3c <unknown>","time":{"start":1757296146238,"stop":1757296146238,"duration":0}},{"uid":"a7fb663e2a68840d","reportUrl":"https://nirtal85.github.io/Selenium-Python-Example/769//#testresult/a7fb663e2a68840d","status":"broken","statusDetails":"selenium.common.exceptions.TimeoutException: Message: \nStacktrace:\n#0 0x55e5d438c53a <unknown>\n#1 0x55e5d3e87f00 <unknown>\n#2 0x55e5d3ed7c0c <unknown>\n#3 0x55e5d3ed7e31 <unknown>\n#4 0x55e5d3f1dbd4 <unknown>\n#5 0x55e5d3efc5cd <unknown>\n#6 0x55e5d3f1af84 <unknown>\n#7 0x55e5d3efc343 <unknown>\n#8 0x55e5d3ec978a <unknown>\n#9 0x55e5d3eca9de <unknown>\n#10 0x55e5d43562cb <unknown>\n#11 0x55e5d435a242 <unknown>\n#12 0x55e5d43437ac <unknown>\n#13 0x55e5d435adf7 <unknown>\n#14 0x55e5d4327b2f <unknown>\n#15 0x55e5d437b1a8 <unknown>\n#16 0x55e5d437b370 <unknown>\n#17 0x55e5d438b3b6 <unknown>\n#18 0x7fabcfe9caa4 <unknown>\n#19 0x7fabcff29c3c <unknown>","time":{"start":1757209756201,"stop":1757209756201,"duration":0}},{"uid":"fd9b6118eed1bef7","reportUrl":"https://nirtal85.github.io/Selenium-Python-Example/768//#testresult/fd9b6118eed1bef7","status":"broken","statusDetails":"selenium.common.exceptions.TimeoutException: Message: \nStacktrace:\n#0 0x55616b72653a <unknown>\n#1 0x55616b221f00 <unknown>\n#2 0x55616b271c0c <unknown>\n#3 0x55616b271e31 <unknown>\n#4 0x55616b2b7bd4 <unknown>\n#5 0x55616b2965cd <unknown>\n#6 0x55616b2b4f84 <unknown>\n#7 0x55616b296343 <unknown>\n#8 0x55616b26378a <unknown>\n#9 0x55616b2649de <unknown>\n#10 0x55616b6f02cb <unknown>\n#11 0x55616b6f4242 <unknown>\n#12 0x55616b6dd7ac <unknown>\n#13 0x55616b6f4df7 <unknown>\n#14 0x55616b6c1b2f <unknown>\n#15 0x55616b7151a8 <unknown>\n#16 0x55616b715370 <unknown>\n#17 0x55616b7253b6 <unknown>\n#18 0x7f0e0829caa4 <unknown>\n#19 0x7f0e08329c3c <unknown>","time":{"start":1757122842917,"stop":1757122842917,"duration":0}},{"uid":"c5de3952cfd86d20","reportUrl":"https://nirtal85.github.io/Selenium-Python-Example/767//#testresult/c5de3952cfd86d20","status":"broken","statusDetails":"selenium.common.exceptions.TimeoutException: Message: \nStacktrace:\n#0 0x55ba88c8453a <unknown>\n#1 0x55ba8877ff00 <unknown>\n#2 0x55ba887cfc0c <unknown>\n#3 0x55ba887cfe31 <unknown>\n#4 0x55ba88815bd4 <unknown>\n#5 0x55ba887f45cd <unknown>\n#6 0x55ba88812f84 <unknown>\n#7 0x55ba887f4343 <unknown>\n#8 0x55ba887c178a <unknown>\n#9 0x55ba887c29de <unknown>\n#10 0x55ba88c4e2cb <unknown>\n#11 0x55ba88c52242 <unknown>\n#12 0x55ba88c3b7ac <unknown>\n#13 0x55ba88c52df7 <unknown>\n#14 0x55ba88c1fb2f <unknown>\n#15 0x55ba88c731a8 <unknown>\n#16 0x55ba88c73370 <unknown>\n#17 0x55ba88c833b6 <unknown>\n#18 0x7fbc8e49caa4 <unknown>\n#19 0x7fbc8e529c3c <unknown>","time":{"start":1757036622515,"stop":1757036622515,"duration":0}},{"uid":"47dea3c3ae65faf4","reportUrl":"https://nirtal85.github.io/Selenium-Python-Example/766//#testresult/47dea3c3ae65faf4","status":"broken","statusDetails":"selenium.common.exceptions.TimeoutException: Message: \nStacktrace:\n#0 0x55b16d03e53a <unknown>\n#1 0x55b16cb39f00 <unknown>\n#2 0x55b16cb89c0c <unknown>\n#3 0x55b16cb89e31 <unknown>\n#4 0x55b16cbcfbd4 <unknown>\n#5 0x55b16cbae5cd <unknown>\n#6 0x55b16cbccf84 <unknown>\n#7 0x55b16cbae343 <unknown>\n#8 0x55b16cb7b78a <unknown>\n#9 0x55b16cb7c9de <unknown>\n#10 0x55b16d0082cb <unknown>\n#11 0x55b16d00c242 <unknown>\n#12 0x55b16cff57ac <unknown>\n#13 0x55b16d00cdf7 <unknown>\n#14 0x55b16cfd9b2f <unknown>\n#15 0x55b16d02d1a8 <unknown>\n#16 0x55b16d02d370 <unknown>\n#17 0x55b16d03d3b6 <unknown>\n#18 0x7ff39529caa4 <unknown>\n#19 0x7ff395329c3c <unknown>","time":{"start":1756950094235,"stop":1756950094235,"duration":0}},{"uid":"f70b9755c76ad8b1","reportUrl":"https://nirtal85.github.io/Selenium-Python-Example/765//#testresult/f70b9755c76ad8b1","status":"broken","statusDetails":"selenium.common.exceptions.TimeoutException: Message: \nStacktrace:\n#0 0x55a2ce69c53a <unknown>\n#1 0x55a2ce197f00 <unknown>\n#2 0x55a2ce1e7c0c <unknown>\n#3 0x55a2ce1e7e31 <unknown>\n#4 0x55a2ce22dbd4 <unknown>\n#5 0x55a2ce20c5cd <unknown>\n#6 0x55a2ce22af84 <unknown>\n#7 0x55a2ce20c343 <unknown>\n#8 0x55a2ce1d978a <unknown>\n#9 0x55a2ce1da9de <unknown>\n#10 0x55a2ce6662cb <unknown>\n#11 0x55a2ce66a242 <unknown>\n#12 0x55a2ce6537ac <unknown>\n#13 0x55a2ce66adf7 <unknown>\n#14 0x55a2ce637b2f <unknown>\n#15 0x55a2ce68b1a8 <unknown>\n#16 0x55a2ce68b370 <unknown>\n#17 0x55a2ce69b3b6 <unknown>\n#18 0x7f753489caa4 <unknown>\n#19 0x7f7534929c3c <unknown>","time":{"start":1756863670027,"stop":1756863670027,"duration":0}},{"uid":"6bd079aea2d507a8","reportUrl":"https://nirtal85.github.io/Selenium-Python-Example/764//#testresult/6bd079aea2d507a8","status":"broken","statusDetails":"selenium.common.exceptions.TimeoutException: Message: \nStacktrace:\n#0 0x5651d6f7753a <unknown>\n#1 0x5651d6a72f00 <unknown>\n#2 0x5651d6ac2c0c <unknown>\n#3 0x5651d6ac2e31 <unknown>\n#4 0x5651d6b08bd4 <unknown>\n#5 0x5651d6ae75cd <unknown>\n#6 0x5651d6b05f84 <unknown>\n#7 0x5651d6ae7343 <unknown>\n#8 0x5651d6ab478a <unknown>\n#9 0x5651d6ab59de <unknown>\n#10 0x5651d6f412cb <unknown>\n#11 0x5651d6f45242 <unknown>\n#12 0x5651d6f2e7ac <unknown>\n#13 0x5651d6f45df7 <unknown>\n#14 0x5651d6f12b2f <unknown>\n#15 0x5651d6f661a8 <unknown>\n#16 0x5651d6f66370 <unknown>\n#17 0x5651d6f763b6 <unknown>\n#18 0x7fd8c5a9caa4 <unknown>\n#19 0x7fd8c5b29c3c <unknown>","time":{"start":1756777694467,"stop":1756777694467,"duration":0}}]},"tags":[]},"source":"95b91b496aef4c8c.json","parameterValues":[]}