{"uid":"61c1f8f282474358","name":"Delete existing workspace","fullName":"tests.workspaces_test.TestWorkspaces#test_delete_workspace","historyId":"085ae9bea926da8512f07258dfb5df8c","time":{"start":1754100056568,"stop":1754100056568,"duration":0},"description":"Delete an existing workspace","descriptionHtml":"<p>Delete an existing workspace</p>\n","status":"broken","statusMessage":"selenium.common.exceptions.TimeoutException: Message: \nStacktrace:\n#0 0x558c9127e53a <unknown>\n#1 0x558c90d79f00 <unknown>\n#2 0x558c90dc9c0c <unknown>\n#3 0x558c90dc9e31 <unknown>\n#4 0x558c90e0fbd4 <unknown>\n#5 0x558c90dee5cd <unknown>\n#6 0x558c90e0cf84 <unknown>\n#7 0x558c90dee343 <unknown>\n#8 0x558c90dbb78a <unknown>\n#9 0x558c90dbc9de <unknown>\n#10 0x558c912482cb <unknown>\n#11 0x558c9124c242 <unknown>\n#12 0x558c912357ac <unknown>\n#13 0x558c9124cdf7 <unknown>\n#14 0x558c91219b2f <unknown>\n#15 0x558c9126d1a8 <unknown>\n#16 0x558c9126d370 <unknown>\n#17 0x558c9127d3b6 <unknown>\n#18 0x7f4983c9caa4 <unknown>\n#19 0x7f4983d29c3c <unknown>","statusTrace":"self = <tests.workspaces_test.TestWorkspaces object at 0x7f0351ec55b0>\n\n    @pytest.fixture(autouse=True)\n    def setup_method_fixture(self):\n>       login(self.about_page, self.login_page)\n\ntests/workspaces_test.py:25: \n_ _ _ _ _ _ _ _ _ _ _ _ _ _ _ _ _ _ _ _ _ _ _ _ _ _ _ _ _ _ _ _ _ _ _ _ _ _ _ _ \ntests/workspaces_test.py:15: in login\n    about_page.click_login_link()\nsrc/pages/about_page.py:18: in click_login_link\n    self.click(self.LOGIN_LINK)\nsrc/pages/base_page.py:59: in click\n    el: WebElement = self.wait.until(expected_conditions.element_to_be_clickable(locator))\n                     ^^^^^^^^^^^^^^^^^^^^^^^^^^^^^^^^^^^^^^^^^^^^^^^^^^^^^^^^^^^^^^^^^^^^^\n_ _ _ _ _ _ _ _ _ _ _ _ _ _ _ _ _ _ _ _ _ _ _ _ _ _ _ _ _ _ _ _ _ _ _ _ _ _ _ _ \n\nself = <selenium.webdriver.support.wait.WebDriverWait (session=\"6fd558b8894106924baa1a7a4c2a4ea3\")>\nmethod = <function element_to_be_clickable.<locals>._predicate at 0x7f0351f228e0>\nmessage = ''\n\n    def until(self, method: Callable[[D], Union[Literal[False], T]], message: str = \"\") -> T:\n        \"\"\"Wait until the method returns a value that is not False.\n    \n        Calls the method provided with the driver as an argument until the\n        return value does not evaluate to ``False``.\n    \n        Parameters:\n        -----------\n        method: callable(WebDriver)\n            - A callable object that takes a WebDriver instance as an argument.\n    \n        message: str\n            - Optional message for :exc:`TimeoutException`\n    \n        Return:\n        -------\n        object: T\n            - The result of the last call to `method`\n    \n        Raises:\n        -------\n        TimeoutException\n            - If 'method' does not return a truthy value within the WebDriverWait\n            object's timeout\n    \n        Example:\n        --------\n        >>> from selenium.webdriver.common.by import By\n        >>> from selenium.webdriver.support.ui import WebDriverWait\n        >>> from selenium.webdriver.support import expected_conditions as EC\n    \n        # Wait until an element is visible on the page\n        >>> wait = WebDriverWait(driver, 10)\n        >>> element = wait.until(EC.visibility_of_element_located((By.ID, \"exampleId\")))\n        >>> print(element.text)\n        \"\"\"\n        screen = None\n        stacktrace = None\n    \n        end_time = time.monotonic() + self._timeout\n        while True:\n            try:\n                value = method(self._driver)\n                if value:\n                    return value\n            except self._ignored_exceptions as exc:\n                screen = getattr(exc, \"screen\", None)\n                stacktrace = getattr(exc, \"stacktrace\", None)\n            if time.monotonic() > end_time:\n                break\n            time.sleep(self._poll)\n>       raise TimeoutException(message, screen, stacktrace)\nE       selenium.common.exceptions.TimeoutException: Message: \nE       Stacktrace:\nE       #0 0x558c9127e53a <unknown>\nE       #1 0x558c90d79f00 <unknown>\nE       #2 0x558c90dc9c0c <unknown>\nE       #3 0x558c90dc9e31 <unknown>\nE       #4 0x558c90e0fbd4 <unknown>\nE       #5 0x558c90dee5cd <unknown>\nE       #6 0x558c90e0cf84 <unknown>\nE       #7 0x558c90dee343 <unknown>\nE       #8 0x558c90dbb78a <unknown>\nE       #9 0x558c90dbc9de <unknown>\nE       #10 0x558c912482cb <unknown>\nE       #11 0x558c9124c242 <unknown>\nE       #12 0x558c912357ac <unknown>\nE       #13 0x558c9124cdf7 <unknown>\nE       #14 0x558c91219b2f <unknown>\nE       #15 0x558c9126d1a8 <unknown>\nE       #16 0x558c9126d370 <unknown>\nE       #17 0x558c9127d3b6 <unknown>\nE       #18 0x7f4983c9caa4 <unknown>\nE       #19 0x7f4983d29c3c <unknown>\n\n.venv/lib/python3.13/site-packages/selenium/webdriver/support/wait.py:138: TimeoutException","flaky":false,"newFailed":false,"newBroken":false,"newPassed":false,"retriesCount":0,"retriesStatusChange":false,"beforeStages":[{"name":"session_request","time":{"start":1754100036370,"stop":1754100036370,"duration":0},"status":"passed","steps":[],"attachments":[],"parameters":[],"shouldDisplayMessage":false,"stepsCount":0,"attachmentsCount":0,"hasContent":false,"attachmentStep":false},{"name":"base_url","time":{"start":1754100036370,"stop":1754100036370,"duration":0},"status":"passed","steps":[],"attachments":[],"parameters":[],"shouldDisplayMessage":false,"stepsCount":0,"attachmentsCount":0,"hasContent":false,"attachmentStep":false},{"name":"_verify_url","time":{"start":1754100036370,"stop":1754100036370,"duration":0},"status":"passed","steps":[],"attachments":[],"parameters":[],"shouldDisplayMessage":false,"stepsCount":0,"attachmentsCount":0,"hasContent":false,"attachmentStep":false},{"name":"setup_method_fixture","time":{"start":1754100059083,"stop":1754100069491,"duration":10408},"status":"broken","statusMessage":"selenium.common.exceptions.TimeoutException: Message: \nStacktrace:\n#0 0x558c9127e53a <unknown>\n#1 0x558c90d79f00 <unknown>\n#2 0x558c90dc9c0c <unknown>\n#3 0x558c90dc9e31 <unknown>\n#4 0x558c90e0fbd4 <unknown>\n#5 0x558c90dee5cd <unknown>\n#6 0x558c90e0cf84 <unknown>\n#7 0x558c90dee343 <unknown>\n#8 0x558c90dbb78a <unknown>\n#9 0x558c90dbc9de <unknown>\n#10 0x558c912482cb <unknown>\n#11 0x558c9124c242 <unknown>\n#12 0x558c912357ac <unknown>\n#13 0x558c9124cdf7 <unknown>\n#14 0x558c91219b2f <unknown>\n#15 0x558c9126d1a8 <unknown>\n#16 0x558c9126d370 <unknown>\n#17 0x558c9127d3b6 <unknown>\n#18 0x7f4983c9caa4 <unknown>\n#19 0x7f4983d29c3c <unknown>\n\n","statusTrace":"  File \"/home/runner/work/Selenium-Python-Example/Selenium-Python-Example/.venv/lib/python3.13/site-packages/pluggy/_callers.py\", line 167, in _multicall\n    teardown.throw(outcome._exception)\n    ~~~~~~~~~~~~~~^^^^^^^^^^^^^^^^^^^^\n  File \"/home/runner/work/Selenium-Python-Example/Selenium-Python-Example/.venv/lib/python3.13/site-packages/_pytest/setuponly.py\", line 36, in pytest_fixture_setup\n    return (yield)\n            ^^^^^\n  File \"/home/runner/work/Selenium-Python-Example/Selenium-Python-Example/.venv/lib/python3.13/site-packages/pluggy/_callers.py\", line 103, in _multicall\n    res = hook_impl.function(*args)\n  File \"/home/runner/work/Selenium-Python-Example/Selenium-Python-Example/.venv/lib/python3.13/site-packages/_pytest/fixtures.py\", line 1195, in pytest_fixture_setup\n    result = call_fixture_func(fixturefunc, request, kwargs)\n  File \"/home/runner/work/Selenium-Python-Example/Selenium-Python-Example/.venv/lib/python3.13/site-packages/_pytest/fixtures.py\", line 929, in call_fixture_func\n    fixture_result = fixturefunc(**kwargs)\n  File \"/home/runner/work/Selenium-Python-Example/Selenium-Python-Example/tests/workspaces_test.py\", line 25, in setup_method_fixture\n    login(self.about_page, self.login_page)\n    ~~~~~^^^^^^^^^^^^^^^^^^^^^^^^^^^^^^^^^^\n  File \"/home/runner/work/Selenium-Python-Example/Selenium-Python-Example/tests/workspaces_test.py\", line 15, in login\n    about_page.click_login_link()\n    ~~~~~~~~~~~~~~~~~~~~~~~~~~~^^\n  File \"/home/runner/work/Selenium-Python-Example/Selenium-Python-Example/.venv/lib/python3.13/site-packages/allure_commons/_allure.py\", line 202, in impl\n    return func(*a, **kw)\n  File \"/home/runner/work/Selenium-Python-Example/Selenium-Python-Example/src/pages/about_page.py\", line 18, in click_login_link\n    self.click(self.LOGIN_LINK)\n    ~~~~~~~~~~^^^^^^^^^^^^^^^^^\n  File \"/home/runner/work/Selenium-Python-Example/Selenium-Python-Example/src/pages/base_page.py\", line 59, in click\n    el: WebElement = self.wait.until(expected_conditions.element_to_be_clickable(locator))\n                     ~~~~~~~~~~~~~~~^^^^^^^^^^^^^^^^^^^^^^^^^^^^^^^^^^^^^^^^^^^^^^^^^^^^^^\n  File \"/home/runner/work/Selenium-Python-Example/Selenium-Python-Example/.venv/lib/python3.13/site-packages/selenium/webdriver/support/wait.py\", line 138, in until\n    raise TimeoutException(message, screen, stacktrace)\n","steps":[{"name":"Click Login link","time":{"start":1754100059083,"stop":1754100069490,"duration":10407},"status":"broken","statusMessage":"selenium.common.exceptions.TimeoutException: Message: \nStacktrace:\n#0 0x558c9127e53a <unknown>\n#1 0x558c90d79f00 <unknown>\n#2 0x558c90dc9c0c <unknown>\n#3 0x558c90dc9e31 <unknown>\n#4 0x558c90e0fbd4 <unknown>\n#5 0x558c90dee5cd <unknown>\n#6 0x558c90e0cf84 <unknown>\n#7 0x558c90dee343 <unknown>\n#8 0x558c90dbb78a <unknown>\n#9 0x558c90dbc9de <unknown>\n#10 0x558c912482cb <unknown>\n#11 0x558c9124c242 <unknown>\n#12 0x558c912357ac <unknown>\n#13 0x558c9124cdf7 <unknown>\n#14 0x558c91219b2f <unknown>\n#15 0x558c9126d1a8 <unknown>\n#16 0x558c9126d370 <unknown>\n#17 0x558c9127d3b6 <unknown>\n#18 0x7f4983c9caa4 <unknown>\n#19 0x7f4983d29c3c <unknown>\n\n","statusTrace":"  File \"/home/runner/work/Selenium-Python-Example/Selenium-Python-Example/.venv/lib/python3.13/site-packages/allure_commons/_allure.py\", line 202, in impl\n    return func(*a, **kw)\n  File \"/home/runner/work/Selenium-Python-Example/Selenium-Python-Example/src/pages/about_page.py\", line 18, in click_login_link\n    self.click(self.LOGIN_LINK)\n    ~~~~~~~~~~^^^^^^^^^^^^^^^^^\n  File \"/home/runner/work/Selenium-Python-Example/Selenium-Python-Example/src/pages/base_page.py\", line 59, in click\n    el: WebElement = self.wait.until(expected_conditions.element_to_be_clickable(locator))\n                     ~~~~~~~~~~~~~~~^^^^^^^^^^^^^^^^^^^^^^^^^^^^^^^^^^^^^^^^^^^^^^^^^^^^^^\n  File \"/home/runner/work/Selenium-Python-Example/Selenium-Python-Example/.venv/lib/python3.13/site-packages/selenium/webdriver/support/wait.py\", line 138, in until\n    raise TimeoutException(message, screen, stacktrace)\n","steps":[],"attachments":[],"parameters":[],"shouldDisplayMessage":true,"stepsCount":0,"attachmentsCount":0,"hasContent":true,"attachmentStep":false}],"attachments":[],"parameters":[],"shouldDisplayMessage":false,"stepsCount":1,"attachmentsCount":0,"hasContent":true,"attachmentStep":false}],"testStage":{"description":"Delete an existing workspace","status":"broken","statusMessage":"selenium.common.exceptions.TimeoutException: Message: \nStacktrace:\n#0 0x558c9127e53a <unknown>\n#1 0x558c90d79f00 <unknown>\n#2 0x558c90dc9c0c <unknown>\n#3 0x558c90dc9e31 <unknown>\n#4 0x558c90e0fbd4 <unknown>\n#5 0x558c90dee5cd <unknown>\n#6 0x558c90e0cf84 <unknown>\n#7 0x558c90dee343 <unknown>\n#8 0x558c90dbb78a <unknown>\n#9 0x558c90dbc9de <unknown>\n#10 0x558c912482cb <unknown>\n#11 0x558c9124c242 <unknown>\n#12 0x558c912357ac <unknown>\n#13 0x558c9124cdf7 <unknown>\n#14 0x558c91219b2f <unknown>\n#15 0x558c9126d1a8 <unknown>\n#16 0x558c9126d370 <unknown>\n#17 0x558c9127d3b6 <unknown>\n#18 0x7f4983c9caa4 <unknown>\n#19 0x7f4983d29c3c <unknown>","statusTrace":"self = <tests.workspaces_test.TestWorkspaces object at 0x7f0351ec55b0>\n\n    @pytest.fixture(autouse=True)\n    def setup_method_fixture(self):\n>       login(self.about_page, self.login_page)\n\ntests/workspaces_test.py:25: \n_ _ _ _ _ _ _ _ _ _ _ _ _ _ _ _ _ _ _ _ _ _ _ _ _ _ _ _ _ _ _ _ _ _ _ _ _ _ _ _ \ntests/workspaces_test.py:15: in login\n    about_page.click_login_link()\nsrc/pages/about_page.py:18: in click_login_link\n    self.click(self.LOGIN_LINK)\nsrc/pages/base_page.py:59: in click\n    el: WebElement = self.wait.until(expected_conditions.element_to_be_clickable(locator))\n                     ^^^^^^^^^^^^^^^^^^^^^^^^^^^^^^^^^^^^^^^^^^^^^^^^^^^^^^^^^^^^^^^^^^^^^\n_ _ _ _ _ _ _ _ _ _ _ _ _ _ _ _ _ _ _ _ _ _ _ _ _ _ _ _ _ _ _ _ _ _ _ _ _ _ _ _ \n\nself = <selenium.webdriver.support.wait.WebDriverWait (session=\"6fd558b8894106924baa1a7a4c2a4ea3\")>\nmethod = <function element_to_be_clickable.<locals>._predicate at 0x7f0351f228e0>\nmessage = ''\n\n    def until(self, method: Callable[[D], Union[Literal[False], T]], message: str = \"\") -> T:\n        \"\"\"Wait until the method returns a value that is not False.\n    \n        Calls the method provided with the driver as an argument until the\n        return value does not evaluate to ``False``.\n    \n        Parameters:\n        -----------\n        method: callable(WebDriver)\n            - A callable object that takes a WebDriver instance as an argument.\n    \n        message: str\n            - Optional message for :exc:`TimeoutException`\n    \n        Return:\n        -------\n        object: T\n            - The result of the last call to `method`\n    \n        Raises:\n        -------\n        TimeoutException\n            - If 'method' does not return a truthy value within the WebDriverWait\n            object's timeout\n    \n        Example:\n        --------\n        >>> from selenium.webdriver.common.by import By\n        >>> from selenium.webdriver.support.ui import WebDriverWait\n        >>> from selenium.webdriver.support import expected_conditions as EC\n    \n        # Wait until an element is visible on the page\n        >>> wait = WebDriverWait(driver, 10)\n        >>> element = wait.until(EC.visibility_of_element_located((By.ID, \"exampleId\")))\n        >>> print(element.text)\n        \"\"\"\n        screen = None\n        stacktrace = None\n    \n        end_time = time.monotonic() + self._timeout\n        while True:\n            try:\n                value = method(self._driver)\n                if value:\n                    return value\n            except self._ignored_exceptions as exc:\n                screen = getattr(exc, \"screen\", None)\n                stacktrace = getattr(exc, \"stacktrace\", None)\n            if time.monotonic() > end_time:\n                break\n            time.sleep(self._poll)\n>       raise TimeoutException(message, screen, stacktrace)\nE       selenium.common.exceptions.TimeoutException: Message: \nE       Stacktrace:\nE       #0 0x558c9127e53a <unknown>\nE       #1 0x558c90d79f00 <unknown>\nE       #2 0x558c90dc9c0c <unknown>\nE       #3 0x558c90dc9e31 <unknown>\nE       #4 0x558c90e0fbd4 <unknown>\nE       #5 0x558c90dee5cd <unknown>\nE       #6 0x558c90e0cf84 <unknown>\nE       #7 0x558c90dee343 <unknown>\nE       #8 0x558c90dbb78a <unknown>\nE       #9 0x558c90dbc9de <unknown>\nE       #10 0x558c912482cb <unknown>\nE       #11 0x558c9124c242 <unknown>\nE       #12 0x558c912357ac <unknown>\nE       #13 0x558c9124cdf7 <unknown>\nE       #14 0x558c91219b2f <unknown>\nE       #15 0x558c9126d1a8 <unknown>\nE       #16 0x558c9126d370 <unknown>\nE       #17 0x558c9127d3b6 <unknown>\nE       #18 0x7f4983c9caa4 <unknown>\nE       #19 0x7f4983d29c3c <unknown>\n\n.venv/lib/python3.13/site-packages/selenium/webdriver/support/wait.py:138: TimeoutException","steps":[{"name":"public ip address","time":{"start":1754100069505,"stop":1754100069661,"duration":156},"status":"passed","steps":[],"attachments":[{"uid":"a2803a670386df11","name":"HTTP logs of http://checkip.amazonaws.com/","source":"a2803a670386df11.txt","type":"text/plain","size":357}],"parameters":[],"shouldDisplayMessage":false,"stepsCount":0,"attachmentsCount":1,"hasContent":true,"attachmentStep":false}],"attachments":[{"uid":"7931c4fbc1232c19","name":"Cookies","source":"7931c4fbc1232c19.json","type":"application/json","size":4116},{"uid":"471de37819e469c0","name":"Session Storage","source":"471de37819e469c0.json","type":"application/json","size":359},{"uid":"8042caf0162a89bd","name":"Local Storage","source":"8042caf0162a89bd.json","type":"application/json","size":548},{"uid":"5b672af24d6e94ad","name":"Full Page Screenshot","source":"5b672af24d6e94ad.png","type":"image/png","size":1979649},{"uid":"1fa534edcbde9828","name":"URL","source":"1fa534edcbde9828.uri","type":"text/uri-list","size":23},{"uid":"5ba5a5fad167e954","name":"Network Logs","source":"5ba5a5fad167e954.json","type":"application/json","size":10199088}],"parameters":[],"shouldDisplayMessage":true,"stepsCount":1,"attachmentsCount":7,"hasContent":true,"attachmentStep":false},"afterStages":[{"name":"session_request::0","time":{"start":1754100114894,"stop":1754100114894,"duration":0},"status":"passed","steps":[],"attachments":[],"parameters":[],"shouldDisplayMessage":false,"stepsCount":0,"attachmentsCount":0,"hasContent":false,"attachmentStep":false}],"labels":[{"name":"story","value":"WorkSpaces Creation and Editing Functionality"},{"name":"severity","value":"normal"},{"name":"epic","value":"Workspaces"},{"name":"parentSuite","value":"tests"},{"name":"suite","value":"workspaces_test"},{"name":"subSuite","value":"TestWorkspaces"},{"name":"host","value":"pkrvmjbmru5nbw0"},{"name":"thread","value":"2229-MainThread"},{"name":"framework","value":"pytest"},{"name":"language","value":"cpython3"},{"name":"package","value":"tests.workspaces_test"},{"name":"resultFormat","value":"allure2"}],"parameters":[],"links":[],"hidden":false,"retry":false,"extra":{"severity":"normal","retries":[],"categories":[{"name":"Test defects","matchedStatuses":[],"flaky":false}],"history":{"statistic":{"failed":0,"broken":2,"skipped":0,"passed":0,"unknown":0,"total":2},"items":[{"uid":"d3609311505ada5d","reportUrl":"https://nirtal85.github.io/Selenium-Python-Example/732//#testresult/d3609311505ada5d","status":"broken","statusDetails":"selenium.common.exceptions.TimeoutException: Message: \nStacktrace:\n#0 0x55f26d50653a <unknown>\n#1 0x55f26d001f00 <unknown>\n#2 0x55f26d051c0c <unknown>\n#3 0x55f26d051e31 <unknown>\n#4 0x55f26d097bd4 <unknown>\n#5 0x55f26d0765cd <unknown>\n#6 0x55f26d094f84 <unknown>\n#7 0x55f26d076343 <unknown>\n#8 0x55f26d04378a <unknown>\n#9 0x55f26d0449de <unknown>\n#10 0x55f26d4d02cb <unknown>\n#11 0x55f26d4d4242 <unknown>\n#12 0x55f26d4bd7ac <unknown>\n#13 0x55f26d4d4df7 <unknown>\n#14 0x55f26d4a1b2f <unknown>\n#15 0x55f26d4f51a8 <unknown>\n#16 0x55f26d4f5370 <unknown>\n#17 0x55f26d5053b6 <unknown>\n#18 0x7fcda349caa4 <unknown>\n#19 0x7fcda3529c3c <unknown>","time":{"start":1754014997942,"stop":1754014997942,"duration":0}}]},"tags":[]},"source":"61c1f8f282474358.json","parameterValues":[]}