{"uid":"cec63d81209f7aec","name":"Number of projects displayed in page test","fullName":"tests.workspaces_test.TestWorkspaces#test_number_of_existing_projects","historyId":"34e866e263d4a1ed453e065aefe8091d","time":{"start":1761184045931,"stop":1761184045931,"duration":0},"description":"Compare between the actual number of projects seen on page and the number shown in workspaces block","descriptionHtml":"<p>Compare between the actual number of projects seen on page and the number shown in workspaces block</p>\n","status":"broken","statusMessage":"selenium.common.exceptions.TimeoutException: Message: \nStacktrace:\n#0 0x56487a17453a <unknown>\n#1 0x564879c6ff00 <unknown>\n#2 0x564879cbfc0c <unknown>\n#3 0x564879cbfe31 <unknown>\n#4 0x564879d05bd4 <unknown>\n#5 0x564879ce45cd <unknown>\n#6 0x564879d02f84 <unknown>\n#7 0x564879ce4343 <unknown>\n#8 0x564879cb178a <unknown>\n#9 0x564879cb29de <unknown>\n#10 0x56487a13e2cb <unknown>\n#11 0x56487a142242 <unknown>\n#12 0x56487a12b7ac <unknown>\n#13 0x56487a142df7 <unknown>\n#14 0x56487a10fb2f <unknown>\n#15 0x56487a1631a8 <unknown>\n#16 0x56487a163370 <unknown>\n#17 0x56487a1733b6 <unknown>\n#18 0x7f924249caa4 <unknown>\n#19 0x7f9242529c6c <unknown>","statusTrace":"self = <tests.workspaces_test.TestWorkspaces object at 0x7ff1fcf73230>\n\n    @pytest.fixture(autouse=True)\n    def setup_method_fixture(self):\n>       login(self.about_page, self.login_page)\n\ntests/workspaces_test.py:25: \n_ _ _ _ _ _ _ _ _ _ _ _ _ _ _ _ _ _ _ _ _ _ _ _ _ _ _ _ _ _ _ _ _ _ _ _ _ _ _ _ \ntests/workspaces_test.py:15: in login\n    about_page.click_login_link()\nsrc/pages/about_page.py:18: in click_login_link\n    self.click(self.LOGIN_LINK)\nsrc/pages/base_page.py:59: in click\n    el: WebElement = self.wait.until(expected_conditions.element_to_be_clickable(locator))\n                     ^^^^^^^^^^^^^^^^^^^^^^^^^^^^^^^^^^^^^^^^^^^^^^^^^^^^^^^^^^^^^^^^^^^^^\n_ _ _ _ _ _ _ _ _ _ _ _ _ _ _ _ _ _ _ _ _ _ _ _ _ _ _ _ _ _ _ _ _ _ _ _ _ _ _ _ \n\nself = <selenium.webdriver.support.wait.WebDriverWait (session=\"8ae086a65134b08db159976f9cb1fc16\")>\nmethod = <function element_to_be_clickable.<locals>._predicate at 0x7ff1fd07eb60>\nmessage = ''\n\n    def until(self, method: Callable[[D], Union[Literal[False], T]], message: str = \"\") -> T:\n        \"\"\"Wait until the method returns a value that is not False.\n    \n        Calls the method provided with the driver as an argument until the\n        return value does not evaluate to ``False``.\n    \n        Parameters:\n        -----------\n        method: callable(WebDriver)\n            - A callable object that takes a WebDriver instance as an argument.\n    \n        message: str\n            - Optional message for :exc:`TimeoutException`\n    \n        Return:\n        -------\n        object: T\n            - The result of the last call to `method`\n    \n        Raises:\n        -------\n        TimeoutException\n            - If 'method' does not return a truthy value within the WebDriverWait\n            object's timeout\n    \n        Example:\n        --------\n        >>> from selenium.webdriver.common.by import By\n        >>> from selenium.webdriver.support.ui import WebDriverWait\n        >>> from selenium.webdriver.support import expected_conditions as EC\n    \n        # Wait until an element is visible on the page\n        >>> wait = WebDriverWait(driver, 10)\n        >>> element = wait.until(EC.visibility_of_element_located((By.ID, \"exampleId\")))\n        >>> print(element.text)\n        \"\"\"\n        screen = None\n        stacktrace = None\n    \n        end_time = time.monotonic() + self._timeout\n        while True:\n            try:\n                value = method(self._driver)\n                if value:\n                    return value\n            except self._ignored_exceptions as exc:\n                screen = getattr(exc, \"screen\", None)\n                stacktrace = getattr(exc, \"stacktrace\", None)\n            if time.monotonic() > end_time:\n                break\n            time.sleep(self._poll)\n>       raise TimeoutException(message, screen, stacktrace)\nE       selenium.common.exceptions.TimeoutException: Message: \nE       Stacktrace:\nE       #0 0x56487a17453a <unknown>\nE       #1 0x564879c6ff00 <unknown>\nE       #2 0x564879cbfc0c <unknown>\nE       #3 0x564879cbfe31 <unknown>\nE       #4 0x564879d05bd4 <unknown>\nE       #5 0x564879ce45cd <unknown>\nE       #6 0x564879d02f84 <unknown>\nE       #7 0x564879ce4343 <unknown>\nE       #8 0x564879cb178a <unknown>\nE       #9 0x564879cb29de <unknown>\nE       #10 0x56487a13e2cb <unknown>\nE       #11 0x56487a142242 <unknown>\nE       #12 0x56487a12b7ac <unknown>\nE       #13 0x56487a142df7 <unknown>\nE       #14 0x56487a10fb2f <unknown>\nE       #15 0x56487a1631a8 <unknown>\nE       #16 0x56487a163370 <unknown>\nE       #17 0x56487a1733b6 <unknown>\nE       #18 0x7f924249caa4 <unknown>\nE       #19 0x7f9242529c6c <unknown>\n\n.venv/lib/python3.13/site-packages/selenium/webdriver/support/wait.py:138: TimeoutException","flaky":false,"newFailed":false,"newBroken":false,"newPassed":false,"retriesCount":0,"retriesStatusChange":false,"beforeStages":[{"name":"base_url","time":{"start":1761184008943,"stop":1761184008943,"duration":0},"status":"passed","steps":[],"attachments":[],"parameters":[],"shouldDisplayMessage":false,"stepsCount":0,"attachmentsCount":0,"hasContent":false,"attachmentStep":false},{"name":"_verify_url","time":{"start":1761184008943,"stop":1761184008943,"duration":0},"status":"passed","steps":[],"attachments":[],"parameters":[],"shouldDisplayMessage":false,"stepsCount":0,"attachmentsCount":0,"hasContent":false,"attachmentStep":false},{"name":"session_request","time":{"start":1761184008943,"stop":1761184008943,"duration":0},"status":"passed","steps":[],"attachments":[],"parameters":[],"shouldDisplayMessage":false,"stepsCount":0,"attachmentsCount":0,"hasContent":false,"attachmentStep":false},{"name":"setup_method_fixture","time":{"start":1761184048653,"stop":1761184059066,"duration":10413},"status":"broken","statusMessage":"selenium.common.exceptions.TimeoutException: Message: \nStacktrace:\n#0 0x56487a17453a <unknown>\n#1 0x564879c6ff00 <unknown>\n#2 0x564879cbfc0c <unknown>\n#3 0x564879cbfe31 <unknown>\n#4 0x564879d05bd4 <unknown>\n#5 0x564879ce45cd <unknown>\n#6 0x564879d02f84 <unknown>\n#7 0x564879ce4343 <unknown>\n#8 0x564879cb178a <unknown>\n#9 0x564879cb29de <unknown>\n#10 0x56487a13e2cb <unknown>\n#11 0x56487a142242 <unknown>\n#12 0x56487a12b7ac <unknown>\n#13 0x56487a142df7 <unknown>\n#14 0x56487a10fb2f <unknown>\n#15 0x56487a1631a8 <unknown>\n#16 0x56487a163370 <unknown>\n#17 0x56487a1733b6 <unknown>\n#18 0x7f924249caa4 <unknown>\n#19 0x7f9242529c6c <unknown>\n\n","statusTrace":"  File \"/home/runner/work/Selenium-Python-Example/Selenium-Python-Example/.venv/lib/python3.13/site-packages/pluggy/_callers.py\", line 167, in _multicall\n    teardown.throw(outcome._exception)\n    ~~~~~~~~~~~~~~^^^^^^^^^^^^^^^^^^^^\n  File \"/home/runner/work/Selenium-Python-Example/Selenium-Python-Example/.venv/lib/python3.13/site-packages/_pytest/setuponly.py\", line 36, in pytest_fixture_setup\n    return (yield)\n            ^^^^^\n  File \"/home/runner/work/Selenium-Python-Example/Selenium-Python-Example/.venv/lib/python3.13/site-packages/pluggy/_callers.py\", line 103, in _multicall\n    res = hook_impl.function(*args)\n  File \"/home/runner/work/Selenium-Python-Example/Selenium-Python-Example/.venv/lib/python3.13/site-packages/_pytest/fixtures.py\", line 1196, in pytest_fixture_setup\n    result = call_fixture_func(fixturefunc, request, kwargs)\n  File \"/home/runner/work/Selenium-Python-Example/Selenium-Python-Example/.venv/lib/python3.13/site-packages/_pytest/fixtures.py\", line 930, in call_fixture_func\n    fixture_result = fixturefunc(**kwargs)\n  File \"/home/runner/work/Selenium-Python-Example/Selenium-Python-Example/tests/workspaces_test.py\", line 25, in setup_method_fixture\n    login(self.about_page, self.login_page)\n    ~~~~~^^^^^^^^^^^^^^^^^^^^^^^^^^^^^^^^^^\n  File \"/home/runner/work/Selenium-Python-Example/Selenium-Python-Example/tests/workspaces_test.py\", line 15, in login\n    about_page.click_login_link()\n    ~~~~~~~~~~~~~~~~~~~~~~~~~~~^^\n  File \"/home/runner/work/Selenium-Python-Example/Selenium-Python-Example/.venv/lib/python3.13/site-packages/allure_commons/_allure.py\", line 202, in impl\n    return func(*a, **kw)\n  File \"/home/runner/work/Selenium-Python-Example/Selenium-Python-Example/src/pages/about_page.py\", line 18, in click_login_link\n    self.click(self.LOGIN_LINK)\n    ~~~~~~~~~~^^^^^^^^^^^^^^^^^\n  File \"/home/runner/work/Selenium-Python-Example/Selenium-Python-Example/src/pages/base_page.py\", line 59, in click\n    el: WebElement = self.wait.until(expected_conditions.element_to_be_clickable(locator))\n                     ~~~~~~~~~~~~~~~^^^^^^^^^^^^^^^^^^^^^^^^^^^^^^^^^^^^^^^^^^^^^^^^^^^^^^\n  File \"/home/runner/work/Selenium-Python-Example/Selenium-Python-Example/.venv/lib/python3.13/site-packages/selenium/webdriver/support/wait.py\", line 138, in until\n    raise TimeoutException(message, screen, stacktrace)\n","steps":[{"name":"Click Login link","time":{"start":1761184048653,"stop":1761184059066,"duration":10413},"status":"broken","statusMessage":"selenium.common.exceptions.TimeoutException: Message: \nStacktrace:\n#0 0x56487a17453a <unknown>\n#1 0x564879c6ff00 <unknown>\n#2 0x564879cbfc0c <unknown>\n#3 0x564879cbfe31 <unknown>\n#4 0x564879d05bd4 <unknown>\n#5 0x564879ce45cd <unknown>\n#6 0x564879d02f84 <unknown>\n#7 0x564879ce4343 <unknown>\n#8 0x564879cb178a <unknown>\n#9 0x564879cb29de <unknown>\n#10 0x56487a13e2cb <unknown>\n#11 0x56487a142242 <unknown>\n#12 0x56487a12b7ac <unknown>\n#13 0x56487a142df7 <unknown>\n#14 0x56487a10fb2f <unknown>\n#15 0x56487a1631a8 <unknown>\n#16 0x56487a163370 <unknown>\n#17 0x56487a1733b6 <unknown>\n#18 0x7f924249caa4 <unknown>\n#19 0x7f9242529c6c <unknown>\n\n","statusTrace":"  File \"/home/runner/work/Selenium-Python-Example/Selenium-Python-Example/.venv/lib/python3.13/site-packages/allure_commons/_allure.py\", line 202, in impl\n    return func(*a, **kw)\n  File \"/home/runner/work/Selenium-Python-Example/Selenium-Python-Example/src/pages/about_page.py\", line 18, in click_login_link\n    self.click(self.LOGIN_LINK)\n    ~~~~~~~~~~^^^^^^^^^^^^^^^^^\n  File \"/home/runner/work/Selenium-Python-Example/Selenium-Python-Example/src/pages/base_page.py\", line 59, in click\n    el: WebElement = self.wait.until(expected_conditions.element_to_be_clickable(locator))\n                     ~~~~~~~~~~~~~~~^^^^^^^^^^^^^^^^^^^^^^^^^^^^^^^^^^^^^^^^^^^^^^^^^^^^^^\n  File \"/home/runner/work/Selenium-Python-Example/Selenium-Python-Example/.venv/lib/python3.13/site-packages/selenium/webdriver/support/wait.py\", line 138, in until\n    raise TimeoutException(message, screen, stacktrace)\n","steps":[],"attachments":[],"parameters":[],"shouldDisplayMessage":true,"stepsCount":0,"attachmentsCount":0,"hasContent":true,"attachmentStep":false}],"attachments":[],"parameters":[],"shouldDisplayMessage":false,"stepsCount":1,"attachmentsCount":0,"hasContent":true,"attachmentStep":false}],"testStage":{"description":"Compare between the actual number of projects seen on page and the number shown in workspaces block","status":"broken","statusMessage":"selenium.common.exceptions.TimeoutException: Message: \nStacktrace:\n#0 0x56487a17453a <unknown>\n#1 0x564879c6ff00 <unknown>\n#2 0x564879cbfc0c <unknown>\n#3 0x564879cbfe31 <unknown>\n#4 0x564879d05bd4 <unknown>\n#5 0x564879ce45cd <unknown>\n#6 0x564879d02f84 <unknown>\n#7 0x564879ce4343 <unknown>\n#8 0x564879cb178a <unknown>\n#9 0x564879cb29de <unknown>\n#10 0x56487a13e2cb <unknown>\n#11 0x56487a142242 <unknown>\n#12 0x56487a12b7ac <unknown>\n#13 0x56487a142df7 <unknown>\n#14 0x56487a10fb2f <unknown>\n#15 0x56487a1631a8 <unknown>\n#16 0x56487a163370 <unknown>\n#17 0x56487a1733b6 <unknown>\n#18 0x7f924249caa4 <unknown>\n#19 0x7f9242529c6c <unknown>","statusTrace":"self = <tests.workspaces_test.TestWorkspaces object at 0x7ff1fcf73230>\n\n    @pytest.fixture(autouse=True)\n    def setup_method_fixture(self):\n>       login(self.about_page, self.login_page)\n\ntests/workspaces_test.py:25: \n_ _ _ _ _ _ _ _ _ _ _ _ _ _ _ _ _ _ _ _ _ _ _ _ _ _ _ _ _ _ _ _ _ _ _ _ _ _ _ _ \ntests/workspaces_test.py:15: in login\n    about_page.click_login_link()\nsrc/pages/about_page.py:18: in click_login_link\n    self.click(self.LOGIN_LINK)\nsrc/pages/base_page.py:59: in click\n    el: WebElement = self.wait.until(expected_conditions.element_to_be_clickable(locator))\n                     ^^^^^^^^^^^^^^^^^^^^^^^^^^^^^^^^^^^^^^^^^^^^^^^^^^^^^^^^^^^^^^^^^^^^^\n_ _ _ _ _ _ _ _ _ _ _ _ _ _ _ _ _ _ _ _ _ _ _ _ _ _ _ _ _ _ _ _ _ _ _ _ _ _ _ _ \n\nself = <selenium.webdriver.support.wait.WebDriverWait (session=\"8ae086a65134b08db159976f9cb1fc16\")>\nmethod = <function element_to_be_clickable.<locals>._predicate at 0x7ff1fd07eb60>\nmessage = ''\n\n    def until(self, method: Callable[[D], Union[Literal[False], T]], message: str = \"\") -> T:\n        \"\"\"Wait until the method returns a value that is not False.\n    \n        Calls the method provided with the driver as an argument until the\n        return value does not evaluate to ``False``.\n    \n        Parameters:\n        -----------\n        method: callable(WebDriver)\n            - A callable object that takes a WebDriver instance as an argument.\n    \n        message: str\n            - Optional message for :exc:`TimeoutException`\n    \n        Return:\n        -------\n        object: T\n            - The result of the last call to `method`\n    \n        Raises:\n        -------\n        TimeoutException\n            - If 'method' does not return a truthy value within the WebDriverWait\n            object's timeout\n    \n        Example:\n        --------\n        >>> from selenium.webdriver.common.by import By\n        >>> from selenium.webdriver.support.ui import WebDriverWait\n        >>> from selenium.webdriver.support import expected_conditions as EC\n    \n        # Wait until an element is visible on the page\n        >>> wait = WebDriverWait(driver, 10)\n        >>> element = wait.until(EC.visibility_of_element_located((By.ID, \"exampleId\")))\n        >>> print(element.text)\n        \"\"\"\n        screen = None\n        stacktrace = None\n    \n        end_time = time.monotonic() + self._timeout\n        while True:\n            try:\n                value = method(self._driver)\n                if value:\n                    return value\n            except self._ignored_exceptions as exc:\n                screen = getattr(exc, \"screen\", None)\n                stacktrace = getattr(exc, \"stacktrace\", None)\n            if time.monotonic() > end_time:\n                break\n            time.sleep(self._poll)\n>       raise TimeoutException(message, screen, stacktrace)\nE       selenium.common.exceptions.TimeoutException: Message: \nE       Stacktrace:\nE       #0 0x56487a17453a <unknown>\nE       #1 0x564879c6ff00 <unknown>\nE       #2 0x564879cbfc0c <unknown>\nE       #3 0x564879cbfe31 <unknown>\nE       #4 0x564879d05bd4 <unknown>\nE       #5 0x564879ce45cd <unknown>\nE       #6 0x564879d02f84 <unknown>\nE       #7 0x564879ce4343 <unknown>\nE       #8 0x564879cb178a <unknown>\nE       #9 0x564879cb29de <unknown>\nE       #10 0x56487a13e2cb <unknown>\nE       #11 0x56487a142242 <unknown>\nE       #12 0x56487a12b7ac <unknown>\nE       #13 0x56487a142df7 <unknown>\nE       #14 0x56487a10fb2f <unknown>\nE       #15 0x56487a1631a8 <unknown>\nE       #16 0x56487a163370 <unknown>\nE       #17 0x56487a1733b6 <unknown>\nE       #18 0x7f924249caa4 <unknown>\nE       #19 0x7f9242529c6c <unknown>\n\n.venv/lib/python3.13/site-packages/selenium/webdriver/support/wait.py:138: TimeoutException","steps":[{"name":"public ip address","time":{"start":1761184059080,"stop":1761184059157,"duration":77},"status":"passed","steps":[],"attachments":[{"uid":"4504bcb04ae0eb3c","name":"HTTP logs of http://checkip.amazonaws.com/","source":"4504bcb04ae0eb3c.txt","type":"text/plain","size":358}],"parameters":[],"shouldDisplayMessage":false,"stepsCount":0,"attachmentsCount":1,"hasContent":true,"attachmentStep":false}],"attachments":[{"uid":"92b90bc1adc76f2c","name":"Cookies","source":"92b90bc1adc76f2c.json","type":"application/json","size":4641},{"uid":"a1d917f8393a7f03","name":"Session Storage","source":"a1d917f8393a7f03.json","type":"application/json","size":382},{"uid":"c5f04af80c0a37f9","name":"Local Storage","source":"c5f04af80c0a37f9.json","type":"application/json","size":563},{"uid":"3c03c93e69234a07","name":"Full Page Screenshot","source":"3c03c93e69234a07.png","type":"image/png","size":2110529},{"uid":"14378b880349d412","name":"URL","source":"14378b880349d412.uri","type":"text/uri-list","size":23},{"uid":"f067c943f0270e77","name":"Network Logs","source":"f067c943f0270e77.json","type":"application/json","size":8906655}],"parameters":[],"shouldDisplayMessage":true,"stepsCount":1,"attachmentsCount":7,"hasContent":true,"attachmentStep":false},"afterStages":[{"name":"session_request::0","time":{"start":1761184088004,"stop":1761184088004,"duration":0},"status":"passed","steps":[],"attachments":[],"parameters":[],"shouldDisplayMessage":false,"stepsCount":0,"attachmentsCount":0,"hasContent":false,"attachmentStep":false}],"labels":[{"name":"story","value":"WorkSpaces Creation and Editing Functionality"},{"name":"epic","value":"Workspaces"},{"name":"severity","value":"normal"},{"name":"parentSuite","value":"tests"},{"name":"suite","value":"workspaces_test"},{"name":"subSuite","value":"TestWorkspaces"},{"name":"host","value":"runnervmwhb2z"},{"name":"thread","value":"2159-MainThread"},{"name":"framework","value":"pytest"},{"name":"language","value":"cpython3"},{"name":"package","value":"tests.workspaces_test"},{"name":"resultFormat","value":"allure2"}],"parameters":[],"links":[],"hidden":false,"retry":false,"extra":{"severity":"normal","retries":[],"categories":[{"name":"Test defects","matchedStatuses":[],"flaky":false}],"history":{"statistic":{"failed":0,"broken":22,"skipped":0,"passed":0,"unknown":0,"total":22},"items":[{"uid":"65042eda046b3e07","reportUrl":"https://nirtal85.github.io/Selenium-Python-Example/814//#testresult/65042eda046b3e07","status":"broken","statusDetails":"selenium.common.exceptions.TimeoutException: Message: \nStacktrace:\n#0 0x560301cab53a <unknown>\n#1 0x5603017a6f00 <unknown>\n#2 0x5603017f6c0c <unknown>\n#3 0x5603017f6e31 <unknown>\n#4 0x56030183cbd4 <unknown>\n#5 0x56030181b5cd <unknown>\n#6 0x560301839f84 <unknown>\n#7 0x56030181b343 <unknown>\n#8 0x5603017e878a <unknown>\n#9 0x5603017e99de <unknown>\n#10 0x560301c752cb <unknown>\n#11 0x560301c79242 <unknown>\n#12 0x560301c627ac <unknown>\n#13 0x560301c79df7 <unknown>\n#14 0x560301c46b2f <unknown>\n#15 0x560301c9a1a8 <unknown>\n#16 0x560301c9a370 <unknown>\n#17 0x560301caa3b6 <unknown>\n#18 0x7f730889caa4 <unknown>\n#19 0x7f7308929c6c <unknown>","time":{"start":1761097920509,"stop":1761097920509,"duration":0}},{"uid":"580a2d9ee7912876","reportUrl":"https://nirtal85.github.io/Selenium-Python-Example/813//#testresult/580a2d9ee7912876","status":"broken","statusDetails":"selenium.common.exceptions.TimeoutException: Message: \nStacktrace:\n#0 0x5621888f453a <unknown>\n#1 0x5621883eff00 <unknown>\n#2 0x56218843fc0c <unknown>\n#3 0x56218843fe31 <unknown>\n#4 0x562188485bd4 <unknown>\n#5 0x5621884645cd <unknown>\n#6 0x562188482f84 <unknown>\n#7 0x562188464343 <unknown>\n#8 0x56218843178a <unknown>\n#9 0x5621884329de <unknown>\n#10 0x5621888be2cb <unknown>\n#11 0x5621888c2242 <unknown>\n#12 0x5621888ab7ac <unknown>\n#13 0x5621888c2df7 <unknown>\n#14 0x56218888fb2f <unknown>\n#15 0x5621888e31a8 <unknown>\n#16 0x5621888e3370 <unknown>\n#17 0x5621888f33b6 <unknown>\n#18 0x7f8343c9caa4 <unknown>\n#19 0x7f8343d29c6c <unknown>","time":{"start":1761011318950,"stop":1761011318950,"duration":0}},{"uid":"4a0b1ea91e2229b1","reportUrl":"https://nirtal85.github.io/Selenium-Python-Example/812//#testresult/4a0b1ea91e2229b1","status":"broken","statusDetails":"selenium.common.exceptions.TimeoutException: Message: \nStacktrace:\n#0 0x56203d65f53a <unknown>\n#1 0x56203d15af00 <unknown>\n#2 0x56203d1aac0c <unknown>\n#3 0x56203d1aae31 <unknown>\n#4 0x56203d1f0bd4 <unknown>\n#5 0x56203d1cf5cd <unknown>\n#6 0x56203d1edf84 <unknown>\n#7 0x56203d1cf343 <unknown>\n#8 0x56203d19c78a <unknown>\n#9 0x56203d19d9de <unknown>\n#10 0x56203d6292cb <unknown>\n#11 0x56203d62d242 <unknown>\n#12 0x56203d6167ac <unknown>\n#13 0x56203d62ddf7 <unknown>\n#14 0x56203d5fab2f <unknown>\n#15 0x56203d64e1a8 <unknown>\n#16 0x56203d64e370 <unknown>\n#17 0x56203d65e3b6 <unknown>\n#18 0x7f61a249caa4 <unknown>\n#19 0x7f61a2529c6c <unknown>","time":{"start":1760925279774,"stop":1760925279774,"duration":0}},{"uid":"60dbc297486822c1","reportUrl":"https://nirtal85.github.io/Selenium-Python-Example/811//#testresult/60dbc297486822c1","status":"broken","statusDetails":"selenium.common.exceptions.TimeoutException: Message: \nStacktrace:\n#0 0x55aa3e8e653a <unknown>\n#1 0x55aa3e3e1f00 <unknown>\n#2 0x55aa3e431c0c <unknown>\n#3 0x55aa3e431e31 <unknown>\n#4 0x55aa3e477bd4 <unknown>\n#5 0x55aa3e4565cd <unknown>\n#6 0x55aa3e474f84 <unknown>\n#7 0x55aa3e456343 <unknown>\n#8 0x55aa3e42378a <unknown>\n#9 0x55aa3e4249de <unknown>\n#10 0x55aa3e8b02cb <unknown>\n#11 0x55aa3e8b4242 <unknown>\n#12 0x55aa3e89d7ac <unknown>\n#13 0x55aa3e8b4df7 <unknown>\n#14 0x55aa3e881b2f <unknown>\n#15 0x55aa3e8d51a8 <unknown>\n#16 0x55aa3e8d5370 <unknown>\n#17 0x55aa3e8e53b6 <unknown>\n#18 0x7fce37a9caa4 <unknown>\n#19 0x7fce37b29c6c <unknown>","time":{"start":1760839035558,"stop":1760839035558,"duration":0}},{"uid":"e23491042bb76722","reportUrl":"https://nirtal85.github.io/Selenium-Python-Example/810//#testresult/e23491042bb76722","status":"broken","statusDetails":"selenium.common.exceptions.TimeoutException: Message: \nStacktrace:\n#0 0x55fb6ac7653a <unknown>\n#1 0x55fb6a771f00 <unknown>\n#2 0x55fb6a7c1c0c <unknown>\n#3 0x55fb6a7c1e31 <unknown>\n#4 0x55fb6a807bd4 <unknown>\n#5 0x55fb6a7e65cd <unknown>\n#6 0x55fb6a804f84 <unknown>\n#7 0x55fb6a7e6343 <unknown>\n#8 0x55fb6a7b378a <unknown>\n#9 0x55fb6a7b49de <unknown>\n#10 0x55fb6ac402cb <unknown>\n#11 0x55fb6ac44242 <unknown>\n#12 0x55fb6ac2d7ac <unknown>\n#13 0x55fb6ac44df7 <unknown>\n#14 0x55fb6ac11b2f <unknown>\n#15 0x55fb6ac651a8 <unknown>\n#16 0x55fb6ac65370 <unknown>\n#17 0x55fb6ac753b6 <unknown>\n#18 0x7fe89489caa4 <unknown>\n#19 0x7fe894929c6c <unknown>","time":{"start":1760751642303,"stop":1760751642303,"duration":0}},{"uid":"974b0657e9a0bc36","reportUrl":"https://nirtal85.github.io/Selenium-Python-Example/809//#testresult/974b0657e9a0bc36","status":"broken","statusDetails":"selenium.common.exceptions.TimeoutException: Message: \nStacktrace:\n#0 0x5610f05df53a <unknown>\n#1 0x5610f00daf00 <unknown>\n#2 0x5610f012ac0c <unknown>\n#3 0x5610f012ae31 <unknown>\n#4 0x5610f0170bd4 <unknown>\n#5 0x5610f014f5cd <unknown>\n#6 0x5610f016df84 <unknown>\n#7 0x5610f014f343 <unknown>\n#8 0x5610f011c78a <unknown>\n#9 0x5610f011d9de <unknown>\n#10 0x5610f05a92cb <unknown>\n#11 0x5610f05ad242 <unknown>\n#12 0x5610f05967ac <unknown>\n#13 0x5610f05addf7 <unknown>\n#14 0x5610f057ab2f <unknown>\n#15 0x5610f05ce1a8 <unknown>\n#16 0x5610f05ce370 <unknown>\n#17 0x5610f05de3b6 <unknown>\n#18 0x7f79c5e9caa4 <unknown>\n#19 0x7f79c5f29c6c <unknown>","time":{"start":1760665533324,"stop":1760665533324,"duration":0}},{"uid":"6557b60d4d12a91c","reportUrl":"https://nirtal85.github.io/Selenium-Python-Example/808//#testresult/6557b60d4d12a91c","status":"broken","statusDetails":"selenium.common.exceptions.TimeoutException: Message: \nStacktrace:\n#0 0x56243dc4053a <unknown>\n#1 0x56243d73bf00 <unknown>\n#2 0x56243d78bc0c <unknown>\n#3 0x56243d78be31 <unknown>\n#4 0x56243d7d1bd4 <unknown>\n#5 0x56243d7b05cd <unknown>\n#6 0x56243d7cef84 <unknown>\n#7 0x56243d7b0343 <unknown>\n#8 0x56243d77d78a <unknown>\n#9 0x56243d77e9de <unknown>\n#10 0x56243dc0a2cb <unknown>\n#11 0x56243dc0e242 <unknown>\n#12 0x56243dbf77ac <unknown>\n#13 0x56243dc0edf7 <unknown>\n#14 0x56243dbdbb2f <unknown>\n#15 0x56243dc2f1a8 <unknown>\n#16 0x56243dc2f370 <unknown>\n#17 0x56243dc3f3b6 <unknown>\n#18 0x7f6ae949caa4 <unknown>\n#19 0x7f6ae9529c6c <unknown>","time":{"start":1760579206136,"stop":1760579206136,"duration":0}},{"uid":"2f651c8749b80727","reportUrl":"https://nirtal85.github.io/Selenium-Python-Example/807//#testresult/2f651c8749b80727","status":"broken","statusDetails":"selenium.common.exceptions.TimeoutException: Message: \nStacktrace:\n#0 0x564468ca253a <unknown>\n#1 0x56446879df00 <unknown>\n#2 0x5644687edc0c <unknown>\n#3 0x5644687ede31 <unknown>\n#4 0x564468833bd4 <unknown>\n#5 0x5644688125cd <unknown>\n#6 0x564468830f84 <unknown>\n#7 0x564468812343 <unknown>\n#8 0x5644687df78a <unknown>\n#9 0x5644687e09de <unknown>\n#10 0x564468c6c2cb <unknown>\n#11 0x564468c70242 <unknown>\n#12 0x564468c597ac <unknown>\n#13 0x564468c70df7 <unknown>\n#14 0x564468c3db2f <unknown>\n#15 0x564468c911a8 <unknown>\n#16 0x564468c91370 <unknown>\n#17 0x564468ca13b6 <unknown>\n#18 0x7f37c569caa4 <unknown>\n#19 0x7f37c5729c6c <unknown>","time":{"start":1760492859041,"stop":1760492859041,"duration":0}},{"uid":"dda54faf526632c8","reportUrl":"https://nirtal85.github.io/Selenium-Python-Example/806//#testresult/dda54faf526632c8","status":"broken","statusDetails":"selenium.common.exceptions.TimeoutException: Message: \nStacktrace:\n#0 0x56067e48553a <unknown>\n#1 0x56067df80f00 <unknown>\n#2 0x56067dfd0c0c <unknown>\n#3 0x56067dfd0e31 <unknown>\n#4 0x56067e016bd4 <unknown>\n#5 0x56067dff55cd <unknown>\n#6 0x56067e013f84 <unknown>\n#7 0x56067dff5343 <unknown>\n#8 0x56067dfc278a <unknown>\n#9 0x56067dfc39de <unknown>\n#10 0x56067e44f2cb <unknown>\n#11 0x56067e453242 <unknown>\n#12 0x56067e43c7ac <unknown>\n#13 0x56067e453df7 <unknown>\n#14 0x56067e420b2f <unknown>\n#15 0x56067e4741a8 <unknown>\n#16 0x56067e474370 <unknown>\n#17 0x56067e4843b6 <unknown>\n#18 0x7f7e48e9caa4 <unknown>\n#19 0x7f7e48f29c6c <unknown>","time":{"start":1760406276903,"stop":1760406276903,"duration":0}},{"uid":"76ea23e9f2bab0ad","reportUrl":"https://nirtal85.github.io/Selenium-Python-Example/805//#testresult/76ea23e9f2bab0ad","status":"broken","statusDetails":"selenium.common.exceptions.TimeoutException: Message: \nStacktrace:\n#0 0x564078a8b53a <unknown>\n#1 0x564078586f00 <unknown>\n#2 0x5640785d6c0c <unknown>\n#3 0x5640785d6e31 <unknown>\n#4 0x56407861cbd4 <unknown>\n#5 0x5640785fb5cd <unknown>\n#6 0x564078619f84 <unknown>\n#7 0x5640785fb343 <unknown>\n#8 0x5640785c878a <unknown>\n#9 0x5640785c99de <unknown>\n#10 0x564078a552cb <unknown>\n#11 0x564078a59242 <unknown>\n#12 0x564078a427ac <unknown>\n#13 0x564078a59df7 <unknown>\n#14 0x564078a26b2f <unknown>\n#15 0x564078a7a1a8 <unknown>\n#16 0x564078a7a370 <unknown>\n#17 0x564078a8a3b6 <unknown>\n#18 0x7f8480c9caa4 <unknown>\n#19 0x7f8480d29c6c <unknown>","time":{"start":1760320273786,"stop":1760320273786,"duration":0}},{"uid":"b23b8413f6bb609e","reportUrl":"https://nirtal85.github.io/Selenium-Python-Example/804//#testresult/b23b8413f6bb609e","status":"broken","statusDetails":"selenium.common.exceptions.TimeoutException: Message: \nStacktrace:\n#0 0x5620bc8e153a <unknown>\n#1 0x5620bc3dcf00 <unknown>\n#2 0x5620bc42cc0c <unknown>\n#3 0x5620bc42ce31 <unknown>\n#4 0x5620bc472bd4 <unknown>\n#5 0x5620bc4515cd <unknown>\n#6 0x5620bc46ff84 <unknown>\n#7 0x5620bc451343 <unknown>\n#8 0x5620bc41e78a <unknown>\n#9 0x5620bc41f9de <unknown>\n#10 0x5620bc8ab2cb <unknown>\n#11 0x5620bc8af242 <unknown>\n#12 0x5620bc8987ac <unknown>\n#13 0x5620bc8afdf7 <unknown>\n#14 0x5620bc87cb2f <unknown>\n#15 0x5620bc8d01a8 <unknown>\n#16 0x5620bc8d0370 <unknown>\n#17 0x5620bc8e03b6 <unknown>\n#18 0x7f310f69caa4 <unknown>\n#19 0x7f310f729c6c <unknown>","time":{"start":1760233704480,"stop":1760233704480,"duration":0}},{"uid":"71212e619c4f71c8","reportUrl":"https://nirtal85.github.io/Selenium-Python-Example/803//#testresult/71212e619c4f71c8","status":"broken","statusDetails":"selenium.common.exceptions.TimeoutException: Message: \nStacktrace:\n#0 0x563700e9c53a <unknown>\n#1 0x563700997f00 <unknown>\n#2 0x5637009e7c0c <unknown>\n#3 0x5637009e7e31 <unknown>\n#4 0x563700a2dbd4 <unknown>\n#5 0x563700a0c5cd <unknown>\n#6 0x563700a2af84 <unknown>\n#7 0x563700a0c343 <unknown>\n#8 0x5637009d978a <unknown>\n#9 0x5637009da9de <unknown>\n#10 0x563700e662cb <unknown>\n#11 0x563700e6a242 <unknown>\n#12 0x563700e537ac <unknown>\n#13 0x563700e6adf7 <unknown>\n#14 0x563700e37b2f <unknown>\n#15 0x563700e8b1a8 <unknown>\n#16 0x563700e8b370 <unknown>\n#17 0x563700e9b3b6 <unknown>\n#18 0x7f053de9caa4 <unknown>\n#19 0x7f053df29c6c <unknown>","time":{"start":1760146811409,"stop":1760146811409,"duration":0}},{"uid":"737d6fb8bb997b34","reportUrl":"https://nirtal85.github.io/Selenium-Python-Example/802//#testresult/737d6fb8bb997b34","status":"broken","statusDetails":"selenium.common.exceptions.TimeoutException: Message: \nStacktrace:\n#0 0x55c8aa0df53a <unknown>\n#1 0x55c8a9bdaf00 <unknown>\n#2 0x55c8a9c2ac0c <unknown>\n#3 0x55c8a9c2ae31 <unknown>\n#4 0x55c8a9c70bd4 <unknown>\n#5 0x55c8a9c4f5cd <unknown>\n#6 0x55c8a9c6df84 <unknown>\n#7 0x55c8a9c4f343 <unknown>\n#8 0x55c8a9c1c78a <unknown>\n#9 0x55c8a9c1d9de <unknown>\n#10 0x55c8aa0a92cb <unknown>\n#11 0x55c8aa0ad242 <unknown>\n#12 0x55c8aa0967ac <unknown>\n#13 0x55c8aa0addf7 <unknown>\n#14 0x55c8aa07ab2f <unknown>\n#15 0x55c8aa0ce1a8 <unknown>\n#16 0x55c8aa0ce370 <unknown>\n#17 0x55c8aa0de3b6 <unknown>\n#18 0x7f684729caa4 <unknown>\n#19 0x7f6847329c6c <unknown>","time":{"start":1760060684172,"stop":1760060684172,"duration":0}},{"uid":"7c0a67b97402cba4","reportUrl":"https://nirtal85.github.io/Selenium-Python-Example/801//#testresult/7c0a67b97402cba4","status":"broken","statusDetails":"selenium.common.exceptions.TimeoutException: Message: \nStacktrace:\n#0 0x55fc1f9cb53a <unknown>\n#1 0x55fc1f4c6f00 <unknown>\n#2 0x55fc1f516c0c <unknown>\n#3 0x55fc1f516e31 <unknown>\n#4 0x55fc1f55cbd4 <unknown>\n#5 0x55fc1f53b5cd <unknown>\n#6 0x55fc1f559f84 <unknown>\n#7 0x55fc1f53b343 <unknown>\n#8 0x55fc1f50878a <unknown>\n#9 0x55fc1f5099de <unknown>\n#10 0x55fc1f9952cb <unknown>\n#11 0x55fc1f999242 <unknown>\n#12 0x55fc1f9827ac <unknown>\n#13 0x55fc1f999df7 <unknown>\n#14 0x55fc1f966b2f <unknown>\n#15 0x55fc1f9ba1a8 <unknown>\n#16 0x55fc1f9ba370 <unknown>\n#17 0x55fc1f9ca3b6 <unknown>\n#18 0x7f91f7e9caa4 <unknown>\n#19 0x7f91f7f29c6c <unknown>","time":{"start":1759974238771,"stop":1759974238771,"duration":0}},{"uid":"ac50a94c979d06a7","reportUrl":"https://nirtal85.github.io/Selenium-Python-Example/800//#testresult/ac50a94c979d06a7","status":"broken","statusDetails":"selenium.common.exceptions.TimeoutException: Message: \nStacktrace:\n#0 0x55590247353a <unknown>\n#1 0x555901f6ef00 <unknown>\n#2 0x555901fbec0c <unknown>\n#3 0x555901fbee31 <unknown>\n#4 0x555902004bd4 <unknown>\n#5 0x555901fe35cd <unknown>\n#6 0x555902001f84 <unknown>\n#7 0x555901fe3343 <unknown>\n#8 0x555901fb078a <unknown>\n#9 0x555901fb19de <unknown>\n#10 0x55590243d2cb <unknown>\n#11 0x555902441242 <unknown>\n#12 0x55590242a7ac <unknown>\n#13 0x555902441df7 <unknown>\n#14 0x55590240eb2f <unknown>\n#15 0x5559024621a8 <unknown>\n#16 0x555902462370 <unknown>\n#17 0x5559024723b6 <unknown>\n#18 0x7fd8eb69caa4 <unknown>\n#19 0x7fd8eb729c6c <unknown>","time":{"start":1759887789754,"stop":1759887789754,"duration":0}},{"uid":"c2a09ce654f5b1e1","reportUrl":"https://nirtal85.github.io/Selenium-Python-Example/799//#testresult/c2a09ce654f5b1e1","status":"broken","statusDetails":"selenium.common.exceptions.TimeoutException: Message: \nStacktrace:\n#0 0x55fef738e53a <unknown>\n#1 0x55fef6e89f00 <unknown>\n#2 0x55fef6ed9c0c <unknown>\n#3 0x55fef6ed9e31 <unknown>\n#4 0x55fef6f1fbd4 <unknown>\n#5 0x55fef6efe5cd <unknown>\n#6 0x55fef6f1cf84 <unknown>\n#7 0x55fef6efe343 <unknown>\n#8 0x55fef6ecb78a <unknown>\n#9 0x55fef6ecc9de <unknown>\n#10 0x55fef73582cb <unknown>\n#11 0x55fef735c242 <unknown>\n#12 0x55fef73457ac <unknown>\n#13 0x55fef735cdf7 <unknown>\n#14 0x55fef7329b2f <unknown>\n#15 0x55fef737d1a8 <unknown>\n#16 0x55fef737d370 <unknown>\n#17 0x55fef738d3b6 <unknown>\n#18 0x7fc74ba9caa4 <unknown>\n#19 0x7fc74bb29c6c <unknown>","time":{"start":1759801375706,"stop":1759801375706,"duration":0}},{"uid":"88310ad94faa4020","reportUrl":"https://nirtal85.github.io/Selenium-Python-Example/798//#testresult/88310ad94faa4020","status":"broken","statusDetails":"selenium.common.exceptions.TimeoutException: Message: \nStacktrace:\n#0 0x55587e90853a <unknown>\n#1 0x55587e403f00 <unknown>\n#2 0x55587e453c0c <unknown>\n#3 0x55587e453e31 <unknown>\n#4 0x55587e499bd4 <unknown>\n#5 0x55587e4785cd <unknown>\n#6 0x55587e496f84 <unknown>\n#7 0x55587e478343 <unknown>\n#8 0x55587e44578a <unknown>\n#9 0x55587e4469de <unknown>\n#10 0x55587e8d22cb <unknown>\n#11 0x55587e8d6242 <unknown>\n#12 0x55587e8bf7ac <unknown>\n#13 0x55587e8d6df7 <unknown>\n#14 0x55587e8a3b2f <unknown>\n#15 0x55587e8f71a8 <unknown>\n#16 0x55587e8f7370 <unknown>\n#17 0x55587e9073b6 <unknown>\n#18 0x7f8b25c9caa4 <unknown>\n#19 0x7f8b25d29c6c <unknown>","time":{"start":1759715123215,"stop":1759715123215,"duration":0}},{"uid":"91625838c23908e8","reportUrl":"https://nirtal85.github.io/Selenium-Python-Example/797//#testresult/91625838c23908e8","status":"broken","statusDetails":"selenium.common.exceptions.TimeoutException: Message: \nStacktrace:\n#0 0x55db4811653a <unknown>\n#1 0x55db47c11f00 <unknown>\n#2 0x55db47c61c0c <unknown>\n#3 0x55db47c61e31 <unknown>\n#4 0x55db47ca7bd4 <unknown>\n#5 0x55db47c865cd <unknown>\n#6 0x55db47ca4f84 <unknown>\n#7 0x55db47c86343 <unknown>\n#8 0x55db47c5378a <unknown>\n#9 0x55db47c549de <unknown>\n#10 0x55db480e02cb <unknown>\n#11 0x55db480e4242 <unknown>\n#12 0x55db480cd7ac <unknown>\n#13 0x55db480e4df7 <unknown>\n#14 0x55db480b1b2f <unknown>\n#15 0x55db481051a8 <unknown>\n#16 0x55db48105370 <unknown>\n#17 0x55db481153b6 <unknown>\n#18 0x7f7aaf89caa4 <unknown>\n#19 0x7f7aaf929c6c <unknown>","time":{"start":1759629115473,"stop":1759629115473,"duration":0}},{"uid":"5974515bc6d6aef6","reportUrl":"https://nirtal85.github.io/Selenium-Python-Example/796//#testresult/5974515bc6d6aef6","status":"broken","statusDetails":"selenium.common.exceptions.TimeoutException: Message: \nStacktrace:\n#0 0x560f7170953a <unknown>\n#1 0x560f71204f00 <unknown>\n#2 0x560f71254c0c <unknown>\n#3 0x560f71254e31 <unknown>\n#4 0x560f7129abd4 <unknown>\n#5 0x560f712795cd <unknown>\n#6 0x560f71297f84 <unknown>\n#7 0x560f71279343 <unknown>\n#8 0x560f7124678a <unknown>\n#9 0x560f712479de <unknown>\n#10 0x560f716d32cb <unknown>\n#11 0x560f716d7242 <unknown>\n#12 0x560f716c07ac <unknown>\n#13 0x560f716d7df7 <unknown>\n#14 0x560f716a4b2f <unknown>\n#15 0x560f716f81a8 <unknown>\n#16 0x560f716f8370 <unknown>\n#17 0x560f717083b6 <unknown>\n#18 0x7f492789caa4 <unknown>\n#19 0x7f4927929c6c <unknown>","time":{"start":1759541910843,"stop":1759541910843,"duration":0}},{"uid":"1c40c23596fed7a3","reportUrl":"https://nirtal85.github.io/Selenium-Python-Example/795//#testresult/1c40c23596fed7a3","status":"broken","statusDetails":"selenium.common.exceptions.TimeoutException: Message: \nStacktrace:\n#0 0x560a5fb5753a <unknown>\n#1 0x560a5f652f00 <unknown>\n#2 0x560a5f6a2c0c <unknown>\n#3 0x560a5f6a2e31 <unknown>\n#4 0x560a5f6e8bd4 <unknown>\n#5 0x560a5f6c75cd <unknown>\n#6 0x560a5f6e5f84 <unknown>\n#7 0x560a5f6c7343 <unknown>\n#8 0x560a5f69478a <unknown>\n#9 0x560a5f6959de <unknown>\n#10 0x560a5fb212cb <unknown>\n#11 0x560a5fb25242 <unknown>\n#12 0x560a5fb0e7ac <unknown>\n#13 0x560a5fb25df7 <unknown>\n#14 0x560a5faf2b2f <unknown>\n#15 0x560a5fb461a8 <unknown>\n#16 0x560a5fb46370 <unknown>\n#17 0x560a5fb563b6 <unknown>\n#18 0x7f6e9d09caa4 <unknown>\n#19 0x7f6e9d129c6c <unknown>","time":{"start":1759455724111,"stop":1759455724111,"duration":0}}]},"tags":[]},"source":"cec63d81209f7aec.json","parameterValues":[]}