{"uid":"4975ba48cb510f04","name":"Create new workspace test","fullName":"tests.workspaces_test.TestWorkspaces#test_create_new_workspace","historyId":"e1f088bc30a040de4100d958931562b3","time":{"start":1761011268639,"stop":1761011268639,"duration":0},"description":"Create new Workspace","descriptionHtml":"<p>Create new Workspace</p>\n","status":"broken","statusMessage":"FileNotFoundError: [Errno 2] No such file or directory: '/home/runner/work/Selenium-Python-Example/Selenium-Python-Example/src/resources/tests_data.json'","statusTrace":"@fixture(scope=\"session\")\n    def data() -> Data:\n        json_path = Constants.DATA_PATH / \"tests_data.json\"\n>       with open(json_path, encoding=\"utf-8\") as json_file:\n             ^^^^^^^^^^^^^^^^^^^^^^^^^^^^^^^^^\nE       FileNotFoundError: [Errno 2] No such file or directory: '/home/runner/work/Selenium-Python-Example/Selenium-Python-Example/src/resources/tests_data.json'\n\ntests/conftest.py:60: FileNotFoundError","flaky":false,"newFailed":false,"newBroken":false,"newPassed":false,"retriesCount":0,"retriesStatusChange":false,"beforeStages":[{"name":"base_url","time":{"start":1761011285283,"stop":1761011285283,"duration":0},"status":"passed","steps":[],"attachments":[],"parameters":[],"shouldDisplayMessage":false,"stepsCount":0,"attachmentsCount":0,"hasContent":false,"attachmentStep":false},{"name":"_verify_url","time":{"start":1761011285284,"stop":1761011285284,"duration":0},"status":"passed","steps":[],"attachments":[],"parameters":[],"shouldDisplayMessage":false,"stepsCount":0,"attachmentsCount":0,"hasContent":false,"attachmentStep":false},{"name":"session_request","time":{"start":1761011285284,"stop":1761011285284,"duration":0},"status":"passed","steps":[],"attachments":[],"parameters":[],"shouldDisplayMessage":false,"stepsCount":0,"attachmentsCount":0,"hasContent":false,"attachmentStep":false},{"name":"data","time":{"start":1761011285284,"stop":1761011285284,"duration":0},"status":"broken","statusMessage":"FileNotFoundError: [Errno 2] No such file or directory: '/home/runner/work/Selenium-Python-Example/Selenium-Python-Example/src/resources/tests_data.json'\n","statusTrace":"  File \"/home/runner/work/Selenium-Python-Example/Selenium-Python-Example/.venv/lib/python3.13/site-packages/pluggy/_callers.py\", line 167, in _multicall\n    teardown.throw(outcome._exception)\n    ~~~~~~~~~~~~~~^^^^^^^^^^^^^^^^^^^^\n  File \"/home/runner/work/Selenium-Python-Example/Selenium-Python-Example/.venv/lib/python3.13/site-packages/_pytest/setuponly.py\", line 36, in pytest_fixture_setup\n    return (yield)\n            ^^^^^\n  File \"/home/runner/work/Selenium-Python-Example/Selenium-Python-Example/.venv/lib/python3.13/site-packages/pluggy/_callers.py\", line 103, in _multicall\n    res = hook_impl.function(*args)\n  File \"/home/runner/work/Selenium-Python-Example/Selenium-Python-Example/.venv/lib/python3.13/site-packages/_pytest/fixtures.py\", line 1196, in pytest_fixture_setup\n    result = call_fixture_func(fixturefunc, request, kwargs)\n  File \"/home/runner/work/Selenium-Python-Example/Selenium-Python-Example/.venv/lib/python3.13/site-packages/_pytest/fixtures.py\", line 930, in call_fixture_func\n    fixture_result = fixturefunc(**kwargs)\n  File \"/home/runner/work/Selenium-Python-Example/Selenium-Python-Example/tests/conftest.py\", line 60, in data\n    with open(json_path, encoding=\"utf-8\") as json_file:\n         ~~~~^^^^^^^^^^^^^^^^^^^^^^^^^^^^^\n","steps":[],"attachments":[],"parameters":[],"shouldDisplayMessage":true,"stepsCount":0,"attachmentsCount":0,"hasContent":true,"attachmentStep":false},{"name":"setup_method_fixture","time":{"start":1761011306320,"stop":1761011316617,"duration":10297},"status":"broken","statusMessage":"selenium.common.exceptions.TimeoutException: Message: \nStacktrace:\n#0 0x5648c0b9453a <unknown>\n#1 0x5648c068ff00 <unknown>\n#2 0x5648c06dfc0c <unknown>\n#3 0x5648c06dfe31 <unknown>\n#4 0x5648c0725bd4 <unknown>\n#5 0x5648c07045cd <unknown>\n#6 0x5648c0722f84 <unknown>\n#7 0x5648c0704343 <unknown>\n#8 0x5648c06d178a <unknown>\n#9 0x5648c06d29de <unknown>\n#10 0x5648c0b5e2cb <unknown>\n#11 0x5648c0b62242 <unknown>\n#12 0x5648c0b4b7ac <unknown>\n#13 0x5648c0b62df7 <unknown>\n#14 0x5648c0b2fb2f <unknown>\n#15 0x5648c0b831a8 <unknown>\n#16 0x5648c0b83370 <unknown>\n#17 0x5648c0b933b6 <unknown>\n#18 0x7f69b249caa4 <unknown>\n#19 0x7f69b2529c6c <unknown>\n\n","statusTrace":"  File \"/home/runner/work/Selenium-Python-Example/Selenium-Python-Example/.venv/lib/python3.13/site-packages/pluggy/_callers.py\", line 167, in _multicall\n    teardown.throw(outcome._exception)\n    ~~~~~~~~~~~~~~^^^^^^^^^^^^^^^^^^^^\n  File \"/home/runner/work/Selenium-Python-Example/Selenium-Python-Example/.venv/lib/python3.13/site-packages/_pytest/setuponly.py\", line 36, in pytest_fixture_setup\n    return (yield)\n            ^^^^^\n  File \"/home/runner/work/Selenium-Python-Example/Selenium-Python-Example/.venv/lib/python3.13/site-packages/pluggy/_callers.py\", line 103, in _multicall\n    res = hook_impl.function(*args)\n  File \"/home/runner/work/Selenium-Python-Example/Selenium-Python-Example/.venv/lib/python3.13/site-packages/_pytest/fixtures.py\", line 1196, in pytest_fixture_setup\n    result = call_fixture_func(fixturefunc, request, kwargs)\n  File \"/home/runner/work/Selenium-Python-Example/Selenium-Python-Example/.venv/lib/python3.13/site-packages/_pytest/fixtures.py\", line 930, in call_fixture_func\n    fixture_result = fixturefunc(**kwargs)\n  File \"/home/runner/work/Selenium-Python-Example/Selenium-Python-Example/tests/workspaces_test.py\", line 25, in setup_method_fixture\n    login(self.about_page, self.login_page)\n    ~~~~~^^^^^^^^^^^^^^^^^^^^^^^^^^^^^^^^^^\n  File \"/home/runner/work/Selenium-Python-Example/Selenium-Python-Example/tests/workspaces_test.py\", line 15, in login\n    about_page.click_login_link()\n    ~~~~~~~~~~~~~~~~~~~~~~~~~~~^^\n  File \"/home/runner/work/Selenium-Python-Example/Selenium-Python-Example/.venv/lib/python3.13/site-packages/allure_commons/_allure.py\", line 202, in impl\n    return func(*a, **kw)\n  File \"/home/runner/work/Selenium-Python-Example/Selenium-Python-Example/src/pages/about_page.py\", line 18, in click_login_link\n    self.click(self.LOGIN_LINK)\n    ~~~~~~~~~~^^^^^^^^^^^^^^^^^\n  File \"/home/runner/work/Selenium-Python-Example/Selenium-Python-Example/src/pages/base_page.py\", line 59, in click\n    el: WebElement = self.wait.until(expected_conditions.element_to_be_clickable(locator))\n                     ~~~~~~~~~~~~~~~^^^^^^^^^^^^^^^^^^^^^^^^^^^^^^^^^^^^^^^^^^^^^^^^^^^^^^\n  File \"/home/runner/work/Selenium-Python-Example/Selenium-Python-Example/.venv/lib/python3.13/site-packages/selenium/webdriver/support/wait.py\", line 138, in until\n    raise TimeoutException(message, screen, stacktrace)\n","steps":[{"name":"Click Login link","time":{"start":1761011306321,"stop":1761011316616,"duration":10295},"status":"broken","statusMessage":"selenium.common.exceptions.TimeoutException: Message: \nStacktrace:\n#0 0x5648c0b9453a <unknown>\n#1 0x5648c068ff00 <unknown>\n#2 0x5648c06dfc0c <unknown>\n#3 0x5648c06dfe31 <unknown>\n#4 0x5648c0725bd4 <unknown>\n#5 0x5648c07045cd <unknown>\n#6 0x5648c0722f84 <unknown>\n#7 0x5648c0704343 <unknown>\n#8 0x5648c06d178a <unknown>\n#9 0x5648c06d29de <unknown>\n#10 0x5648c0b5e2cb <unknown>\n#11 0x5648c0b62242 <unknown>\n#12 0x5648c0b4b7ac <unknown>\n#13 0x5648c0b62df7 <unknown>\n#14 0x5648c0b2fb2f <unknown>\n#15 0x5648c0b831a8 <unknown>\n#16 0x5648c0b83370 <unknown>\n#17 0x5648c0b933b6 <unknown>\n#18 0x7f69b249caa4 <unknown>\n#19 0x7f69b2529c6c <unknown>\n\n","statusTrace":"  File \"/home/runner/work/Selenium-Python-Example/Selenium-Python-Example/.venv/lib/python3.13/site-packages/allure_commons/_allure.py\", line 202, in impl\n    return func(*a, **kw)\n  File \"/home/runner/work/Selenium-Python-Example/Selenium-Python-Example/src/pages/about_page.py\", line 18, in click_login_link\n    self.click(self.LOGIN_LINK)\n    ~~~~~~~~~~^^^^^^^^^^^^^^^^^\n  File \"/home/runner/work/Selenium-Python-Example/Selenium-Python-Example/src/pages/base_page.py\", line 59, in click\n    el: WebElement = self.wait.until(expected_conditions.element_to_be_clickable(locator))\n                     ~~~~~~~~~~~~~~~^^^^^^^^^^^^^^^^^^^^^^^^^^^^^^^^^^^^^^^^^^^^^^^^^^^^^^\n  File \"/home/runner/work/Selenium-Python-Example/Selenium-Python-Example/.venv/lib/python3.13/site-packages/selenium/webdriver/support/wait.py\", line 138, in until\n    raise TimeoutException(message, screen, stacktrace)\n","steps":[],"attachments":[],"parameters":[],"shouldDisplayMessage":true,"stepsCount":0,"attachmentsCount":0,"hasContent":true,"attachmentStep":false}],"attachments":[],"parameters":[],"shouldDisplayMessage":false,"stepsCount":1,"attachmentsCount":0,"hasContent":true,"attachmentStep":false}],"testStage":{"description":"Create new Workspace","status":"broken","statusMessage":"FileNotFoundError: [Errno 2] No such file or directory: '/home/runner/work/Selenium-Python-Example/Selenium-Python-Example/src/resources/tests_data.json'","statusTrace":"@fixture(scope=\"session\")\n    def data() -> Data:\n        json_path = Constants.DATA_PATH / \"tests_data.json\"\n>       with open(json_path, encoding=\"utf-8\") as json_file:\n             ^^^^^^^^^^^^^^^^^^^^^^^^^^^^^^^^^\nE       FileNotFoundError: [Errno 2] No such file or directory: '/home/runner/work/Selenium-Python-Example/Selenium-Python-Example/src/resources/tests_data.json'\n\ntests/conftest.py:60: FileNotFoundError","steps":[{"name":"public ip address","time":{"start":1761011285350,"stop":1761011285373,"duration":23},"status":"passed","steps":[],"attachments":[{"uid":"b7e7ea0bcbc39bfa","name":"HTTP logs of http://checkip.amazonaws.com/","source":"b7e7ea0bcbc39bfa.txt","type":"text/plain","size":356}],"parameters":[],"shouldDisplayMessage":false,"stepsCount":0,"attachmentsCount":1,"hasContent":true,"attachmentStep":false}],"attachments":[{"uid":"9158cd85fad03c1f","name":"Cookies","source":"9158cd85fad03c1f.json","type":"application/json","size":4641},{"uid":"71c8db8bf6f04f39","name":"Session Storage","source":"71c8db8bf6f04f39.json","type":"application/json","size":382},{"uid":"37f1433336154507","name":"Local Storage","source":"37f1433336154507.json","type":"application/json","size":563},{"uid":"72064d58a7f1b741","name":"Full Page Screenshot","source":"72064d58a7f1b741.png","type":"image/png","size":2097838},{"uid":"f6061a41414d4bdc","name":"URL","source":"f6061a41414d4bdc.uri","type":"text/uri-list","size":23},{"uid":"afdf2db2b48d8947","name":"Network Logs","source":"afdf2db2b48d8947.json","type":"application/json","size":8909072}],"parameters":[],"shouldDisplayMessage":true,"stepsCount":1,"attachmentsCount":7,"hasContent":true,"attachmentStep":false},"afterStages":[{"name":"session_request::0","time":{"start":1761011358349,"stop":1761011358349,"duration":0},"status":"passed","steps":[],"attachments":[],"parameters":[],"shouldDisplayMessage":false,"stepsCount":0,"attachmentsCount":0,"hasContent":false,"attachmentStep":false}],"labels":[{"name":"severity","value":"normal"},{"name":"story","value":"WorkSpaces Creation and Editing Functionality"},{"name":"epic","value":"Workspaces"},{"name":"parentSuite","value":"tests"},{"name":"suite","value":"workspaces_test"},{"name":"subSuite","value":"TestWorkspaces"},{"name":"host","value":"runnervmwhb2z"},{"name":"thread","value":"2186-MainThread"},{"name":"framework","value":"pytest"},{"name":"language","value":"cpython3"},{"name":"package","value":"tests.workspaces_test"},{"name":"resultFormat","value":"allure2"}],"parameters":[],"links":[],"hidden":false,"retry":false,"extra":{"severity":"normal","retries":[],"categories":[{"name":"Test defects","matchedStatuses":[],"flaky":false}],"history":{"statistic":{"failed":0,"broken":20,"skipped":0,"passed":0,"unknown":0,"total":20},"items":[{"uid":"6788f918e7d44399","reportUrl":"https://nirtal85.github.io/Selenium-Python-Example/812//#testresult/6788f918e7d44399","status":"broken","statusDetails":"FileNotFoundError: [Errno 2] No such file or directory: '/home/runner/work/Selenium-Python-Example/Selenium-Python-Example/src/resources/tests_data.json'","time":{"start":1760925230690,"stop":1760925230690,"duration":0}},{"uid":"1f968cd6a545bca2","reportUrl":"https://nirtal85.github.io/Selenium-Python-Example/811//#testresult/1f968cd6a545bca2","status":"broken","statusDetails":"FileNotFoundError: [Errno 2] No such file or directory: '/home/runner/work/Selenium-Python-Example/Selenium-Python-Example/src/resources/tests_data.json'","time":{"start":1760838983594,"stop":1760838983594,"duration":0}},{"uid":"b2e67d285fc7e36a","reportUrl":"https://nirtal85.github.io/Selenium-Python-Example/810//#testresult/b2e67d285fc7e36a","status":"broken","statusDetails":"FileNotFoundError: [Errno 2] No such file or directory: '/home/runner/work/Selenium-Python-Example/Selenium-Python-Example/src/resources/tests_data.json'","time":{"start":1760751585342,"stop":1760751585342,"duration":0}},{"uid":"786958df0755884c","reportUrl":"https://nirtal85.github.io/Selenium-Python-Example/809//#testresult/786958df0755884c","status":"broken","statusDetails":"FileNotFoundError: [Errno 2] No such file or directory: '/home/runner/work/Selenium-Python-Example/Selenium-Python-Example/src/resources/tests_data.json'","time":{"start":1760665481246,"stop":1760665481246,"duration":0}},{"uid":"95bb353d74b71ad9","reportUrl":"https://nirtal85.github.io/Selenium-Python-Example/808//#testresult/95bb353d74b71ad9","status":"broken","statusDetails":"FileNotFoundError: [Errno 2] No such file or directory: '/home/runner/work/Selenium-Python-Example/Selenium-Python-Example/src/resources/tests_data.json'","time":{"start":1760579147578,"stop":1760579147578,"duration":0}},{"uid":"d795bed9a63c612d","reportUrl":"https://nirtal85.github.io/Selenium-Python-Example/807//#testresult/d795bed9a63c612d","status":"broken","statusDetails":"FileNotFoundError: [Errno 2] No such file or directory: '/home/runner/work/Selenium-Python-Example/Selenium-Python-Example/src/resources/tests_data.json'","time":{"start":1760492811262,"stop":1760492811262,"duration":0}},{"uid":"be7ed194c05d225d","reportUrl":"https://nirtal85.github.io/Selenium-Python-Example/806//#testresult/be7ed194c05d225d","status":"broken","statusDetails":"FileNotFoundError: [Errno 2] No such file or directory: '/home/runner/work/Selenium-Python-Example/Selenium-Python-Example/src/resources/tests_data.json'","time":{"start":1760406233144,"stop":1760406233144,"duration":0}},{"uid":"17dd872a12878854","reportUrl":"https://nirtal85.github.io/Selenium-Python-Example/805//#testresult/17dd872a12878854","status":"broken","statusDetails":"FileNotFoundError: [Errno 2] No such file or directory: '/home/runner/work/Selenium-Python-Example/Selenium-Python-Example/src/resources/tests_data.json'","time":{"start":1760320228572,"stop":1760320228572,"duration":0}},{"uid":"d253e7f2d761a455","reportUrl":"https://nirtal85.github.io/Selenium-Python-Example/804//#testresult/d253e7f2d761a455","status":"broken","statusDetails":"FileNotFoundError: [Errno 2] No such file or directory: '/home/runner/work/Selenium-Python-Example/Selenium-Python-Example/src/resources/tests_data.json'","time":{"start":1760233642153,"stop":1760233642153,"duration":0}},{"uid":"7b1e8d47c704ce64","reportUrl":"https://nirtal85.github.io/Selenium-Python-Example/803//#testresult/7b1e8d47c704ce64","status":"broken","statusDetails":"FileNotFoundError: [Errno 2] No such file or directory: '/home/runner/work/Selenium-Python-Example/Selenium-Python-Example/src/resources/tests_data.json'","time":{"start":1760146763050,"stop":1760146763050,"duration":0}},{"uid":"383469592a9cd985","reportUrl":"https://nirtal85.github.io/Selenium-Python-Example/802//#testresult/383469592a9cd985","status":"broken","statusDetails":"FileNotFoundError: [Errno 2] No such file or directory: '/home/runner/work/Selenium-Python-Example/Selenium-Python-Example/src/resources/tests_data.json'","time":{"start":1760060638433,"stop":1760060638433,"duration":0}},{"uid":"4d7d4e62e99e70a1","reportUrl":"https://nirtal85.github.io/Selenium-Python-Example/801//#testresult/4d7d4e62e99e70a1","status":"broken","statusDetails":"FileNotFoundError: [Errno 2] No such file or directory: '/home/runner/work/Selenium-Python-Example/Selenium-Python-Example/src/resources/tests_data.json'","time":{"start":1759974193974,"stop":1759974193974,"duration":0}},{"uid":"eb276de46c9d30d4","reportUrl":"https://nirtal85.github.io/Selenium-Python-Example/800//#testresult/eb276de46c9d30d4","status":"broken","statusDetails":"FileNotFoundError: [Errno 2] No such file or directory: '/home/runner/work/Selenium-Python-Example/Selenium-Python-Example/src/resources/tests_data.json'","time":{"start":1759887741933,"stop":1759887741933,"duration":0}},{"uid":"15e84463b2a4e44c","reportUrl":"https://nirtal85.github.io/Selenium-Python-Example/799//#testresult/15e84463b2a4e44c","status":"broken","statusDetails":"FileNotFoundError: [Errno 2] No such file or directory: '/home/runner/work/Selenium-Python-Example/Selenium-Python-Example/src/resources/tests_data.json'","time":{"start":1759801327889,"stop":1759801327889,"duration":0}},{"uid":"da02610e1d1357c","reportUrl":"https://nirtal85.github.io/Selenium-Python-Example/798//#testresult/da02610e1d1357c","status":"broken","statusDetails":"FileNotFoundError: [Errno 2] No such file or directory: '/home/runner/work/Selenium-Python-Example/Selenium-Python-Example/src/resources/tests_data.json'","time":{"start":1759715078872,"stop":1759715078872,"duration":0}},{"uid":"e873aada10d69ef5","reportUrl":"https://nirtal85.github.io/Selenium-Python-Example/797//#testresult/e873aada10d69ef5","status":"broken","statusDetails":"FileNotFoundError: [Errno 2] No such file or directory: '/home/runner/work/Selenium-Python-Example/Selenium-Python-Example/src/resources/tests_data.json'","time":{"start":1759629065754,"stop":1759629065754,"duration":0}},{"uid":"f37fb6eb950670a2","reportUrl":"https://nirtal85.github.io/Selenium-Python-Example/796//#testresult/f37fb6eb950670a2","status":"broken","statusDetails":"FileNotFoundError: [Errno 2] No such file or directory: '/home/runner/work/Selenium-Python-Example/Selenium-Python-Example/src/resources/tests_data.json'","time":{"start":1759541864707,"stop":1759541864707,"duration":0}},{"uid":"c563e367a62c37f","reportUrl":"https://nirtal85.github.io/Selenium-Python-Example/795//#testresult/c563e367a62c37f","status":"broken","statusDetails":"FileNotFoundError: [Errno 2] No such file or directory: '/home/runner/work/Selenium-Python-Example/Selenium-Python-Example/src/resources/tests_data.json'","time":{"start":1759455677752,"stop":1759455677752,"duration":0}},{"uid":"818bb15963138c00","reportUrl":"https://nirtal85.github.io/Selenium-Python-Example/794//#testresult/818bb15963138c00","status":"broken","statusDetails":"FileNotFoundError: [Errno 2] No such file or directory: '/home/runner/work/Selenium-Python-Example/Selenium-Python-Example/src/resources/tests_data.json'","time":{"start":1759369286333,"stop":1759369286333,"duration":0}}]},"tags":[]},"source":"4975ba48cb510f04.json","parameterValues":[]}