{"uid":"786958df0755884c","name":"Create new workspace test","fullName":"tests.workspaces_test.TestWorkspaces#test_create_new_workspace","historyId":"e1f088bc30a040de4100d958931562b3","time":{"start":1760665481246,"stop":1760665481246,"duration":0},"description":"Create new Workspace","descriptionHtml":"<p>Create new Workspace</p>\n","status":"broken","statusMessage":"FileNotFoundError: [Errno 2] No such file or directory: '/home/runner/work/Selenium-Python-Example/Selenium-Python-Example/src/resources/tests_data.json'","statusTrace":"@fixture(scope=\"session\")\n    def data() -> Data:\n        json_path = Constants.DATA_PATH / \"tests_data.json\"\n>       with open(json_path, encoding=\"utf-8\") as json_file:\n             ^^^^^^^^^^^^^^^^^^^^^^^^^^^^^^^^^\nE       FileNotFoundError: [Errno 2] No such file or directory: '/home/runner/work/Selenium-Python-Example/Selenium-Python-Example/src/resources/tests_data.json'\n\ntests/conftest.py:60: FileNotFoundError","flaky":false,"newFailed":false,"newBroken":false,"newPassed":false,"retriesCount":0,"retriesStatusChange":false,"beforeStages":[{"name":"base_url","time":{"start":1760665498761,"stop":1760665498761,"duration":0},"status":"passed","steps":[],"attachments":[],"parameters":[],"shouldDisplayMessage":false,"stepsCount":0,"attachmentsCount":0,"hasContent":false,"attachmentStep":false},{"name":"_verify_url","time":{"start":1760665498761,"stop":1760665498762,"duration":1},"status":"passed","steps":[],"attachments":[],"parameters":[],"shouldDisplayMessage":false,"stepsCount":0,"attachmentsCount":0,"hasContent":false,"attachmentStep":false},{"name":"session_request","time":{"start":1760665498762,"stop":1760665498762,"duration":0},"status":"passed","steps":[],"attachments":[],"parameters":[],"shouldDisplayMessage":false,"stepsCount":0,"attachmentsCount":0,"hasContent":false,"attachmentStep":false},{"name":"data","time":{"start":1760665498762,"stop":1760665498762,"duration":0},"status":"broken","statusMessage":"FileNotFoundError: [Errno 2] No such file or directory: '/home/runner/work/Selenium-Python-Example/Selenium-Python-Example/src/resources/tests_data.json'\n","statusTrace":"  File \"/home/runner/work/Selenium-Python-Example/Selenium-Python-Example/.venv/lib/python3.13/site-packages/pluggy/_callers.py\", line 167, in _multicall\n    teardown.throw(outcome._exception)\n    ~~~~~~~~~~~~~~^^^^^^^^^^^^^^^^^^^^\n  File \"/home/runner/work/Selenium-Python-Example/Selenium-Python-Example/.venv/lib/python3.13/site-packages/_pytest/setuponly.py\", line 36, in pytest_fixture_setup\n    return (yield)\n            ^^^^^\n  File \"/home/runner/work/Selenium-Python-Example/Selenium-Python-Example/.venv/lib/python3.13/site-packages/pluggy/_callers.py\", line 103, in _multicall\n    res = hook_impl.function(*args)\n  File \"/home/runner/work/Selenium-Python-Example/Selenium-Python-Example/.venv/lib/python3.13/site-packages/_pytest/fixtures.py\", line 1196, in pytest_fixture_setup\n    result = call_fixture_func(fixturefunc, request, kwargs)\n  File \"/home/runner/work/Selenium-Python-Example/Selenium-Python-Example/.venv/lib/python3.13/site-packages/_pytest/fixtures.py\", line 930, in call_fixture_func\n    fixture_result = fixturefunc(**kwargs)\n  File \"/home/runner/work/Selenium-Python-Example/Selenium-Python-Example/tests/conftest.py\", line 60, in data\n    with open(json_path, encoding=\"utf-8\") as json_file:\n         ~~~~^^^^^^^^^^^^^^^^^^^^^^^^^^^^^\n","steps":[],"attachments":[],"parameters":[],"shouldDisplayMessage":true,"stepsCount":0,"attachmentsCount":0,"hasContent":true,"attachmentStep":false},{"name":"setup_method_fixture","time":{"start":1760665520375,"stop":1760665530794,"duration":10419},"status":"broken","statusMessage":"selenium.common.exceptions.TimeoutException: Message: \nStacktrace:\n#0 0x55f6a0c4553a <unknown>\n#1 0x55f6a0740f00 <unknown>\n#2 0x55f6a0790c0c <unknown>\n#3 0x55f6a0790e31 <unknown>\n#4 0x55f6a07d6bd4 <unknown>\n#5 0x55f6a07b55cd <unknown>\n#6 0x55f6a07d3f84 <unknown>\n#7 0x55f6a07b5343 <unknown>\n#8 0x55f6a078278a <unknown>\n#9 0x55f6a07839de <unknown>\n#10 0x55f6a0c0f2cb <unknown>\n#11 0x55f6a0c13242 <unknown>\n#12 0x55f6a0bfc7ac <unknown>\n#13 0x55f6a0c13df7 <unknown>\n#14 0x55f6a0be0b2f <unknown>\n#15 0x55f6a0c341a8 <unknown>\n#16 0x55f6a0c34370 <unknown>\n#17 0x55f6a0c443b6 <unknown>\n#18 0x7fde5be9caa4 <unknown>\n#19 0x7fde5bf29c6c <unknown>\n\n","statusTrace":"  File \"/home/runner/work/Selenium-Python-Example/Selenium-Python-Example/.venv/lib/python3.13/site-packages/pluggy/_callers.py\", line 167, in _multicall\n    teardown.throw(outcome._exception)\n    ~~~~~~~~~~~~~~^^^^^^^^^^^^^^^^^^^^\n  File \"/home/runner/work/Selenium-Python-Example/Selenium-Python-Example/.venv/lib/python3.13/site-packages/_pytest/setuponly.py\", line 36, in pytest_fixture_setup\n    return (yield)\n            ^^^^^\n  File \"/home/runner/work/Selenium-Python-Example/Selenium-Python-Example/.venv/lib/python3.13/site-packages/pluggy/_callers.py\", line 103, in _multicall\n    res = hook_impl.function(*args)\n  File \"/home/runner/work/Selenium-Python-Example/Selenium-Python-Example/.venv/lib/python3.13/site-packages/_pytest/fixtures.py\", line 1196, in pytest_fixture_setup\n    result = call_fixture_func(fixturefunc, request, kwargs)\n  File \"/home/runner/work/Selenium-Python-Example/Selenium-Python-Example/.venv/lib/python3.13/site-packages/_pytest/fixtures.py\", line 930, in call_fixture_func\n    fixture_result = fixturefunc(**kwargs)\n  File \"/home/runner/work/Selenium-Python-Example/Selenium-Python-Example/tests/workspaces_test.py\", line 25, in setup_method_fixture\n    login(self.about_page, self.login_page)\n    ~~~~~^^^^^^^^^^^^^^^^^^^^^^^^^^^^^^^^^^\n  File \"/home/runner/work/Selenium-Python-Example/Selenium-Python-Example/tests/workspaces_test.py\", line 15, in login\n    about_page.click_login_link()\n    ~~~~~~~~~~~~~~~~~~~~~~~~~~~^^\n  File \"/home/runner/work/Selenium-Python-Example/Selenium-Python-Example/.venv/lib/python3.13/site-packages/allure_commons/_allure.py\", line 202, in impl\n    return func(*a, **kw)\n  File \"/home/runner/work/Selenium-Python-Example/Selenium-Python-Example/src/pages/about_page.py\", line 18, in click_login_link\n    self.click(self.LOGIN_LINK)\n    ~~~~~~~~~~^^^^^^^^^^^^^^^^^\n  File \"/home/runner/work/Selenium-Python-Example/Selenium-Python-Example/src/pages/base_page.py\", line 59, in click\n    el: WebElement = self.wait.until(expected_conditions.element_to_be_clickable(locator))\n                     ~~~~~~~~~~~~~~~^^^^^^^^^^^^^^^^^^^^^^^^^^^^^^^^^^^^^^^^^^^^^^^^^^^^^^\n  File \"/home/runner/work/Selenium-Python-Example/Selenium-Python-Example/.venv/lib/python3.13/site-packages/selenium/webdriver/support/wait.py\", line 138, in until\n    raise TimeoutException(message, screen, stacktrace)\n","steps":[{"name":"Click Login link","time":{"start":1760665520375,"stop":1760665530792,"duration":10417},"status":"broken","statusMessage":"selenium.common.exceptions.TimeoutException: Message: \nStacktrace:\n#0 0x55f6a0c4553a <unknown>\n#1 0x55f6a0740f00 <unknown>\n#2 0x55f6a0790c0c <unknown>\n#3 0x55f6a0790e31 <unknown>\n#4 0x55f6a07d6bd4 <unknown>\n#5 0x55f6a07b55cd <unknown>\n#6 0x55f6a07d3f84 <unknown>\n#7 0x55f6a07b5343 <unknown>\n#8 0x55f6a078278a <unknown>\n#9 0x55f6a07839de <unknown>\n#10 0x55f6a0c0f2cb <unknown>\n#11 0x55f6a0c13242 <unknown>\n#12 0x55f6a0bfc7ac <unknown>\n#13 0x55f6a0c13df7 <unknown>\n#14 0x55f6a0be0b2f <unknown>\n#15 0x55f6a0c341a8 <unknown>\n#16 0x55f6a0c34370 <unknown>\n#17 0x55f6a0c443b6 <unknown>\n#18 0x7fde5be9caa4 <unknown>\n#19 0x7fde5bf29c6c <unknown>\n\n","statusTrace":"  File \"/home/runner/work/Selenium-Python-Example/Selenium-Python-Example/.venv/lib/python3.13/site-packages/allure_commons/_allure.py\", line 202, in impl\n    return func(*a, **kw)\n  File \"/home/runner/work/Selenium-Python-Example/Selenium-Python-Example/src/pages/about_page.py\", line 18, in click_login_link\n    self.click(self.LOGIN_LINK)\n    ~~~~~~~~~~^^^^^^^^^^^^^^^^^\n  File \"/home/runner/work/Selenium-Python-Example/Selenium-Python-Example/src/pages/base_page.py\", line 59, in click\n    el: WebElement = self.wait.until(expected_conditions.element_to_be_clickable(locator))\n                     ~~~~~~~~~~~~~~~^^^^^^^^^^^^^^^^^^^^^^^^^^^^^^^^^^^^^^^^^^^^^^^^^^^^^^\n  File \"/home/runner/work/Selenium-Python-Example/Selenium-Python-Example/.venv/lib/python3.13/site-packages/selenium/webdriver/support/wait.py\", line 138, in until\n    raise TimeoutException(message, screen, stacktrace)\n","steps":[],"attachments":[],"parameters":[],"shouldDisplayMessage":true,"stepsCount":0,"attachmentsCount":0,"hasContent":true,"attachmentStep":false}],"attachments":[],"parameters":[],"shouldDisplayMessage":false,"stepsCount":1,"attachmentsCount":0,"hasContent":true,"attachmentStep":false}],"testStage":{"description":"Create new Workspace","status":"broken","statusMessage":"FileNotFoundError: [Errno 2] No such file or directory: '/home/runner/work/Selenium-Python-Example/Selenium-Python-Example/src/resources/tests_data.json'","statusTrace":"@fixture(scope=\"session\")\n    def data() -> Data:\n        json_path = Constants.DATA_PATH / \"tests_data.json\"\n>       with open(json_path, encoding=\"utf-8\") as json_file:\n             ^^^^^^^^^^^^^^^^^^^^^^^^^^^^^^^^^\nE       FileNotFoundError: [Errno 2] No such file or directory: '/home/runner/work/Selenium-Python-Example/Selenium-Python-Example/src/resources/tests_data.json'\n\ntests/conftest.py:60: FileNotFoundError","steps":[{"name":"public ip address","time":{"start":1760665498814,"stop":1760665499043,"duration":229},"status":"passed","steps":[],"attachments":[{"uid":"76bd23ee76fc1a34","name":"HTTP logs of http://checkip.amazonaws.com/","source":"76bd23ee76fc1a34.txt","type":"text/plain","size":356}],"parameters":[],"shouldDisplayMessage":false,"stepsCount":0,"attachmentsCount":1,"hasContent":true,"attachmentStep":false}],"attachments":[{"uid":"29b43cc0ca515e00","name":"Cookies","source":"29b43cc0ca515e00.json","type":"application/json","size":4641},{"uid":"f0cbed6b81f4c76c","name":"Session Storage","source":"f0cbed6b81f4c76c.json","type":"application/json","size":382},{"uid":"46f1343b47ec0e92","name":"Local Storage","source":"46f1343b47ec0e92.json","type":"application/json","size":563},{"uid":"4068be69803a3521","name":"Full Page Screenshot","source":"4068be69803a3521.png","type":"image/png","size":2105167},{"uid":"bdbd08de804e3793","name":"URL","source":"bdbd08de804e3793.uri","type":"text/uri-list","size":23},{"uid":"4948bd8094342cc7","name":"Network Logs","source":"4948bd8094342cc7.json","type":"application/json","size":8899655}],"parameters":[],"shouldDisplayMessage":true,"stepsCount":1,"attachmentsCount":7,"hasContent":true,"attachmentStep":false},"afterStages":[{"name":"session_request::0","time":{"start":1760665575708,"stop":1760665575708,"duration":0},"status":"passed","steps":[],"attachments":[],"parameters":[],"shouldDisplayMessage":false,"stepsCount":0,"attachmentsCount":0,"hasContent":false,"attachmentStep":false}],"labels":[{"name":"story","value":"WorkSpaces Creation and Editing Functionality"},{"name":"epic","value":"Workspaces"},{"name":"severity","value":"normal"},{"name":"parentSuite","value":"tests"},{"name":"suite","value":"workspaces_test"},{"name":"subSuite","value":"TestWorkspaces"},{"name":"host","value":"runnervmwhb2z"},{"name":"thread","value":"2145-MainThread"},{"name":"framework","value":"pytest"},{"name":"language","value":"cpython3"},{"name":"package","value":"tests.workspaces_test"},{"name":"resultFormat","value":"allure2"}],"parameters":[],"links":[],"hidden":false,"retry":false,"extra":{"severity":"normal","retries":[],"categories":[{"name":"Test defects","matchedStatuses":[],"flaky":false}],"history":{"statistic":{"failed":0,"broken":16,"skipped":0,"passed":0,"unknown":0,"total":16},"items":[{"uid":"95bb353d74b71ad9","reportUrl":"https://nirtal85.github.io/Selenium-Python-Example/808//#testresult/95bb353d74b71ad9","status":"broken","statusDetails":"FileNotFoundError: [Errno 2] No such file or directory: '/home/runner/work/Selenium-Python-Example/Selenium-Python-Example/src/resources/tests_data.json'","time":{"start":1760579147578,"stop":1760579147578,"duration":0}},{"uid":"d795bed9a63c612d","reportUrl":"https://nirtal85.github.io/Selenium-Python-Example/807//#testresult/d795bed9a63c612d","status":"broken","statusDetails":"FileNotFoundError: [Errno 2] No such file or directory: '/home/runner/work/Selenium-Python-Example/Selenium-Python-Example/src/resources/tests_data.json'","time":{"start":1760492811262,"stop":1760492811262,"duration":0}},{"uid":"be7ed194c05d225d","reportUrl":"https://nirtal85.github.io/Selenium-Python-Example/806//#testresult/be7ed194c05d225d","status":"broken","statusDetails":"FileNotFoundError: [Errno 2] No such file or directory: '/home/runner/work/Selenium-Python-Example/Selenium-Python-Example/src/resources/tests_data.json'","time":{"start":1760406233144,"stop":1760406233144,"duration":0}},{"uid":"17dd872a12878854","reportUrl":"https://nirtal85.github.io/Selenium-Python-Example/805//#testresult/17dd872a12878854","status":"broken","statusDetails":"FileNotFoundError: [Errno 2] No such file or directory: '/home/runner/work/Selenium-Python-Example/Selenium-Python-Example/src/resources/tests_data.json'","time":{"start":1760320228572,"stop":1760320228572,"duration":0}},{"uid":"d253e7f2d761a455","reportUrl":"https://nirtal85.github.io/Selenium-Python-Example/804//#testresult/d253e7f2d761a455","status":"broken","statusDetails":"FileNotFoundError: [Errno 2] No such file or directory: '/home/runner/work/Selenium-Python-Example/Selenium-Python-Example/src/resources/tests_data.json'","time":{"start":1760233642153,"stop":1760233642153,"duration":0}},{"uid":"7b1e8d47c704ce64","reportUrl":"https://nirtal85.github.io/Selenium-Python-Example/803//#testresult/7b1e8d47c704ce64","status":"broken","statusDetails":"FileNotFoundError: [Errno 2] No such file or directory: '/home/runner/work/Selenium-Python-Example/Selenium-Python-Example/src/resources/tests_data.json'","time":{"start":1760146763050,"stop":1760146763050,"duration":0}},{"uid":"383469592a9cd985","reportUrl":"https://nirtal85.github.io/Selenium-Python-Example/802//#testresult/383469592a9cd985","status":"broken","statusDetails":"FileNotFoundError: [Errno 2] No such file or directory: '/home/runner/work/Selenium-Python-Example/Selenium-Python-Example/src/resources/tests_data.json'","time":{"start":1760060638433,"stop":1760060638433,"duration":0}},{"uid":"4d7d4e62e99e70a1","reportUrl":"https://nirtal85.github.io/Selenium-Python-Example/801//#testresult/4d7d4e62e99e70a1","status":"broken","statusDetails":"FileNotFoundError: [Errno 2] No such file or directory: '/home/runner/work/Selenium-Python-Example/Selenium-Python-Example/src/resources/tests_data.json'","time":{"start":1759974193974,"stop":1759974193974,"duration":0}},{"uid":"eb276de46c9d30d4","reportUrl":"https://nirtal85.github.io/Selenium-Python-Example/800//#testresult/eb276de46c9d30d4","status":"broken","statusDetails":"FileNotFoundError: [Errno 2] No such file or directory: '/home/runner/work/Selenium-Python-Example/Selenium-Python-Example/src/resources/tests_data.json'","time":{"start":1759887741933,"stop":1759887741933,"duration":0}},{"uid":"15e84463b2a4e44c","reportUrl":"https://nirtal85.github.io/Selenium-Python-Example/799//#testresult/15e84463b2a4e44c","status":"broken","statusDetails":"FileNotFoundError: [Errno 2] No such file or directory: '/home/runner/work/Selenium-Python-Example/Selenium-Python-Example/src/resources/tests_data.json'","time":{"start":1759801327889,"stop":1759801327889,"duration":0}},{"uid":"da02610e1d1357c","reportUrl":"https://nirtal85.github.io/Selenium-Python-Example/798//#testresult/da02610e1d1357c","status":"broken","statusDetails":"FileNotFoundError: [Errno 2] No such file or directory: '/home/runner/work/Selenium-Python-Example/Selenium-Python-Example/src/resources/tests_data.json'","time":{"start":1759715078872,"stop":1759715078872,"duration":0}},{"uid":"e873aada10d69ef5","reportUrl":"https://nirtal85.github.io/Selenium-Python-Example/797//#testresult/e873aada10d69ef5","status":"broken","statusDetails":"FileNotFoundError: [Errno 2] No such file or directory: '/home/runner/work/Selenium-Python-Example/Selenium-Python-Example/src/resources/tests_data.json'","time":{"start":1759629065754,"stop":1759629065754,"duration":0}},{"uid":"f37fb6eb950670a2","reportUrl":"https://nirtal85.github.io/Selenium-Python-Example/796//#testresult/f37fb6eb950670a2","status":"broken","statusDetails":"FileNotFoundError: [Errno 2] No such file or directory: '/home/runner/work/Selenium-Python-Example/Selenium-Python-Example/src/resources/tests_data.json'","time":{"start":1759541864707,"stop":1759541864707,"duration":0}},{"uid":"c563e367a62c37f","reportUrl":"https://nirtal85.github.io/Selenium-Python-Example/795//#testresult/c563e367a62c37f","status":"broken","statusDetails":"FileNotFoundError: [Errno 2] No such file or directory: '/home/runner/work/Selenium-Python-Example/Selenium-Python-Example/src/resources/tests_data.json'","time":{"start":1759455677752,"stop":1759455677752,"duration":0}},{"uid":"818bb15963138c00","reportUrl":"https://nirtal85.github.io/Selenium-Python-Example/794//#testresult/818bb15963138c00","status":"broken","statusDetails":"FileNotFoundError: [Errno 2] No such file or directory: '/home/runner/work/Selenium-Python-Example/Selenium-Python-Example/src/resources/tests_data.json'","time":{"start":1759369286333,"stop":1759369286333,"duration":0}}]},"tags":[]},"source":"786958df0755884c.json","parameterValues":[]}