{"uid":"33e0e1dcca8657b7","name":"Create new workspace test","fullName":"tests.workspaces_test.TestWorkspaces#test_create_new_workspace","historyId":"e1f088bc30a040de4100d958931562b3","time":{"start":1755654589423,"stop":1755654589423,"duration":0},"description":"Create new Workspace","descriptionHtml":"<p>Create new Workspace</p>\n","status":"broken","statusMessage":"FileNotFoundError: [Errno 2] No such file or directory: '/home/runner/work/Selenium-Python-Example/Selenium-Python-Example/src/resources/tests_data.json'","statusTrace":"@fixture(scope=\"session\")\n    def data() -> Data:\n        json_path = Constants.DATA_PATH / \"tests_data.json\"\n>       with open(json_path, encoding=\"utf-8\") as json_file:\n             ^^^^^^^^^^^^^^^^^^^^^^^^^^^^^^^^^\nE       FileNotFoundError: [Errno 2] No such file or directory: '/home/runner/work/Selenium-Python-Example/Selenium-Python-Example/src/resources/tests_data.json'\n\ntests/conftest.py:60: FileNotFoundError","flaky":false,"newFailed":false,"newBroken":false,"newPassed":false,"retriesCount":0,"retriesStatusChange":false,"beforeStages":[{"name":"session_request","time":{"start":1755654599878,"stop":1755654599879,"duration":1},"status":"passed","steps":[],"attachments":[],"parameters":[],"shouldDisplayMessage":false,"stepsCount":0,"attachmentsCount":0,"hasContent":false,"attachmentStep":false},{"name":"base_url","time":{"start":1755654599878,"stop":1755654599878,"duration":0},"status":"passed","steps":[],"attachments":[],"parameters":[],"shouldDisplayMessage":false,"stepsCount":0,"attachmentsCount":0,"hasContent":false,"attachmentStep":false},{"name":"_verify_url","time":{"start":1755654599878,"stop":1755654599878,"duration":0},"status":"passed","steps":[],"attachments":[],"parameters":[],"shouldDisplayMessage":false,"stepsCount":0,"attachmentsCount":0,"hasContent":false,"attachmentStep":false},{"name":"data","time":{"start":1755654599879,"stop":1755654599879,"duration":0},"status":"broken","statusMessage":"FileNotFoundError: [Errno 2] No such file or directory: '/home/runner/work/Selenium-Python-Example/Selenium-Python-Example/src/resources/tests_data.json'\n","statusTrace":"  File \"/home/runner/work/Selenium-Python-Example/Selenium-Python-Example/.venv/lib/python3.13/site-packages/pluggy/_callers.py\", line 167, in _multicall\n    teardown.throw(outcome._exception)\n    ~~~~~~~~~~~~~~^^^^^^^^^^^^^^^^^^^^\n  File \"/home/runner/work/Selenium-Python-Example/Selenium-Python-Example/.venv/lib/python3.13/site-packages/_pytest/setuponly.py\", line 36, in pytest_fixture_setup\n    return (yield)\n            ^^^^^\n  File \"/home/runner/work/Selenium-Python-Example/Selenium-Python-Example/.venv/lib/python3.13/site-packages/pluggy/_callers.py\", line 103, in _multicall\n    res = hook_impl.function(*args)\n  File \"/home/runner/work/Selenium-Python-Example/Selenium-Python-Example/.venv/lib/python3.13/site-packages/_pytest/fixtures.py\", line 1195, in pytest_fixture_setup\n    result = call_fixture_func(fixturefunc, request, kwargs)\n  File \"/home/runner/work/Selenium-Python-Example/Selenium-Python-Example/.venv/lib/python3.13/site-packages/_pytest/fixtures.py\", line 929, in call_fixture_func\n    fixture_result = fixturefunc(**kwargs)\n  File \"/home/runner/work/Selenium-Python-Example/Selenium-Python-Example/tests/conftest.py\", line 60, in data\n    with open(json_path, encoding=\"utf-8\") as json_file:\n         ~~~~^^^^^^^^^^^^^^^^^^^^^^^^^^^^^\n","steps":[],"attachments":[],"parameters":[],"shouldDisplayMessage":true,"stepsCount":0,"attachmentsCount":0,"hasContent":true,"attachmentStep":false},{"name":"setup_method_fixture","time":{"start":1755654624111,"stop":1755654634458,"duration":10347},"status":"broken","statusMessage":"selenium.common.exceptions.TimeoutException: Message: \nStacktrace:\n#0 0x557f42daa53a <unknown>\n#1 0x557f428a5f00 <unknown>\n#2 0x557f428f5c0c <unknown>\n#3 0x557f428f5e31 <unknown>\n#4 0x557f4293bbd4 <unknown>\n#5 0x557f4291a5cd <unknown>\n#6 0x557f42938f84 <unknown>\n#7 0x557f4291a343 <unknown>\n#8 0x557f428e778a <unknown>\n#9 0x557f428e89de <unknown>\n#10 0x557f42d742cb <unknown>\n#11 0x557f42d78242 <unknown>\n#12 0x557f42d617ac <unknown>\n#13 0x557f42d78df7 <unknown>\n#14 0x557f42d45b2f <unknown>\n#15 0x557f42d991a8 <unknown>\n#16 0x557f42d99370 <unknown>\n#17 0x557f42da93b6 <unknown>\n#18 0x7f1cab09caa4 <unknown>\n#19 0x7f1cab129c3c <unknown>\n\n","statusTrace":"  File \"/home/runner/work/Selenium-Python-Example/Selenium-Python-Example/.venv/lib/python3.13/site-packages/pluggy/_callers.py\", line 167, in _multicall\n    teardown.throw(outcome._exception)\n    ~~~~~~~~~~~~~~^^^^^^^^^^^^^^^^^^^^\n  File \"/home/runner/work/Selenium-Python-Example/Selenium-Python-Example/.venv/lib/python3.13/site-packages/_pytest/setuponly.py\", line 36, in pytest_fixture_setup\n    return (yield)\n            ^^^^^\n  File \"/home/runner/work/Selenium-Python-Example/Selenium-Python-Example/.venv/lib/python3.13/site-packages/pluggy/_callers.py\", line 103, in _multicall\n    res = hook_impl.function(*args)\n  File \"/home/runner/work/Selenium-Python-Example/Selenium-Python-Example/.venv/lib/python3.13/site-packages/_pytest/fixtures.py\", line 1195, in pytest_fixture_setup\n    result = call_fixture_func(fixturefunc, request, kwargs)\n  File \"/home/runner/work/Selenium-Python-Example/Selenium-Python-Example/.venv/lib/python3.13/site-packages/_pytest/fixtures.py\", line 929, in call_fixture_func\n    fixture_result = fixturefunc(**kwargs)\n  File \"/home/runner/work/Selenium-Python-Example/Selenium-Python-Example/tests/workspaces_test.py\", line 25, in setup_method_fixture\n    login(self.about_page, self.login_page)\n    ~~~~~^^^^^^^^^^^^^^^^^^^^^^^^^^^^^^^^^^\n  File \"/home/runner/work/Selenium-Python-Example/Selenium-Python-Example/tests/workspaces_test.py\", line 15, in login\n    about_page.click_login_link()\n    ~~~~~~~~~~~~~~~~~~~~~~~~~~~^^\n  File \"/home/runner/work/Selenium-Python-Example/Selenium-Python-Example/.venv/lib/python3.13/site-packages/allure_commons/_allure.py\", line 202, in impl\n    return func(*a, **kw)\n  File \"/home/runner/work/Selenium-Python-Example/Selenium-Python-Example/src/pages/about_page.py\", line 18, in click_login_link\n    self.click(self.LOGIN_LINK)\n    ~~~~~~~~~~^^^^^^^^^^^^^^^^^\n  File \"/home/runner/work/Selenium-Python-Example/Selenium-Python-Example/src/pages/base_page.py\", line 59, in click\n    el: WebElement = self.wait.until(expected_conditions.element_to_be_clickable(locator))\n                     ~~~~~~~~~~~~~~~^^^^^^^^^^^^^^^^^^^^^^^^^^^^^^^^^^^^^^^^^^^^^^^^^^^^^^\n  File \"/home/runner/work/Selenium-Python-Example/Selenium-Python-Example/.venv/lib/python3.13/site-packages/selenium/webdriver/support/wait.py\", line 138, in until\n    raise TimeoutException(message, screen, stacktrace)\n","steps":[{"name":"Click Login link","time":{"start":1755654624111,"stop":1755654634457,"duration":10346},"status":"broken","statusMessage":"selenium.common.exceptions.TimeoutException: Message: \nStacktrace:\n#0 0x557f42daa53a <unknown>\n#1 0x557f428a5f00 <unknown>\n#2 0x557f428f5c0c <unknown>\n#3 0x557f428f5e31 <unknown>\n#4 0x557f4293bbd4 <unknown>\n#5 0x557f4291a5cd <unknown>\n#6 0x557f42938f84 <unknown>\n#7 0x557f4291a343 <unknown>\n#8 0x557f428e778a <unknown>\n#9 0x557f428e89de <unknown>\n#10 0x557f42d742cb <unknown>\n#11 0x557f42d78242 <unknown>\n#12 0x557f42d617ac <unknown>\n#13 0x557f42d78df7 <unknown>\n#14 0x557f42d45b2f <unknown>\n#15 0x557f42d991a8 <unknown>\n#16 0x557f42d99370 <unknown>\n#17 0x557f42da93b6 <unknown>\n#18 0x7f1cab09caa4 <unknown>\n#19 0x7f1cab129c3c <unknown>\n\n","statusTrace":"  File \"/home/runner/work/Selenium-Python-Example/Selenium-Python-Example/.venv/lib/python3.13/site-packages/allure_commons/_allure.py\", line 202, in impl\n    return func(*a, **kw)\n  File \"/home/runner/work/Selenium-Python-Example/Selenium-Python-Example/src/pages/about_page.py\", line 18, in click_login_link\n    self.click(self.LOGIN_LINK)\n    ~~~~~~~~~~^^^^^^^^^^^^^^^^^\n  File \"/home/runner/work/Selenium-Python-Example/Selenium-Python-Example/src/pages/base_page.py\", line 59, in click\n    el: WebElement = self.wait.until(expected_conditions.element_to_be_clickable(locator))\n                     ~~~~~~~~~~~~~~~^^^^^^^^^^^^^^^^^^^^^^^^^^^^^^^^^^^^^^^^^^^^^^^^^^^^^^\n  File \"/home/runner/work/Selenium-Python-Example/Selenium-Python-Example/.venv/lib/python3.13/site-packages/selenium/webdriver/support/wait.py\", line 138, in until\n    raise TimeoutException(message, screen, stacktrace)\n","steps":[],"attachments":[],"parameters":[],"shouldDisplayMessage":true,"stepsCount":0,"attachmentsCount":0,"hasContent":true,"attachmentStep":false}],"attachments":[],"parameters":[],"shouldDisplayMessage":false,"stepsCount":1,"attachmentsCount":0,"hasContent":true,"attachmentStep":false}],"testStage":{"description":"Create new Workspace","status":"broken","statusMessage":"FileNotFoundError: [Errno 2] No such file or directory: '/home/runner/work/Selenium-Python-Example/Selenium-Python-Example/src/resources/tests_data.json'","statusTrace":"@fixture(scope=\"session\")\n    def data() -> Data:\n        json_path = Constants.DATA_PATH / \"tests_data.json\"\n>       with open(json_path, encoding=\"utf-8\") as json_file:\n             ^^^^^^^^^^^^^^^^^^^^^^^^^^^^^^^^^\nE       FileNotFoundError: [Errno 2] No such file or directory: '/home/runner/work/Selenium-Python-Example/Selenium-Python-Example/src/resources/tests_data.json'\n\ntests/conftest.py:60: FileNotFoundError","steps":[{"name":"public ip address","time":{"start":1755654599952,"stop":1755654600143,"duration":191},"status":"passed","steps":[],"attachments":[{"uid":"7bbdedfc1f2bb6f4","name":"HTTP logs of http://checkip.amazonaws.com/","source":"7bbdedfc1f2bb6f4.txt","type":"text/plain","size":358}],"parameters":[],"shouldDisplayMessage":false,"stepsCount":0,"attachmentsCount":1,"hasContent":true,"attachmentStep":false}],"attachments":[{"uid":"b2297d2ffbdc458d","name":"Cookies","source":"b2297d2ffbdc458d.json","type":"application/json","size":4115},{"uid":"d3efde5836766b8","name":"Session Storage","source":"d3efde5836766b8.json","type":"application/json","size":358},{"uid":"128d34695152b141","name":"Local Storage","source":"128d34695152b141.json","type":"application/json","size":548},{"uid":"22b9a51049612817","name":"Full Page Screenshot","source":"22b9a51049612817.png","type":"image/png","size":1994149},{"uid":"5e313a2ac2e7cebe","name":"URL","source":"5e313a2ac2e7cebe.uri","type":"text/uri-list","size":23},{"uid":"9089bb67cb5a9831","name":"Network Logs","source":"9089bb67cb5a9831.json","type":"application/json","size":7918304}],"parameters":[],"shouldDisplayMessage":true,"stepsCount":1,"attachmentsCount":7,"hasContent":true,"attachmentStep":false},"afterStages":[{"name":"session_request::0","time":{"start":1755654681386,"stop":1755654681386,"duration":0},"status":"passed","steps":[],"attachments":[],"parameters":[],"shouldDisplayMessage":false,"stepsCount":0,"attachmentsCount":0,"hasContent":false,"attachmentStep":false}],"labels":[{"name":"story","value":"WorkSpaces Creation and Editing Functionality"},{"name":"epic","value":"Workspaces"},{"name":"severity","value":"normal"},{"name":"parentSuite","value":"tests"},{"name":"suite","value":"workspaces_test"},{"name":"subSuite","value":"TestWorkspaces"},{"name":"host","value":"pkrvmubgrv54qmi"},{"name":"thread","value":"2206-MainThread"},{"name":"framework","value":"pytest"},{"name":"language","value":"cpython3"},{"name":"package","value":"tests.workspaces_test"},{"name":"resultFormat","value":"allure2"}],"parameters":[],"links":[],"hidden":false,"retry":false,"extra":{"severity":"normal","retries":[],"categories":[{"name":"Test defects","matchedStatuses":[],"flaky":false}],"history":{"statistic":{"failed":0,"broken":20,"skipped":0,"passed":0,"unknown":0,"total":20},"items":[{"uid":"da9ce8127bac0ba8","reportUrl":"https://nirtal85.github.io/Selenium-Python-Example/750//#testresult/da9ce8127bac0ba8","status":"broken","statusDetails":"FileNotFoundError: [Errno 2] No such file or directory: '/home/runner/work/Selenium-Python-Example/Selenium-Python-Example/src/resources/tests_data.json'","time":{"start":1755568312614,"stop":1755568312614,"duration":0}},{"uid":"45cab22a8807dd2e","reportUrl":"https://nirtal85.github.io/Selenium-Python-Example/749//#testresult/45cab22a8807dd2e","status":"broken","statusDetails":"FileNotFoundError: [Errno 2] No such file or directory: '/home/runner/work/Selenium-Python-Example/Selenium-Python-Example/src/resources/tests_data.json'","time":{"start":1755482672059,"stop":1755482672059,"duration":0}},{"uid":"90b2844c35fee959","reportUrl":"https://nirtal85.github.io/Selenium-Python-Example/748//#testresult/90b2844c35fee959","status":"broken","statusDetails":"FileNotFoundError: [Errno 2] No such file or directory: '/home/runner/work/Selenium-Python-Example/Selenium-Python-Example/src/resources/tests_data.json'","time":{"start":1755396245667,"stop":1755396245667,"duration":0}},{"uid":"ca3a135628e239ba","reportUrl":"https://nirtal85.github.io/Selenium-Python-Example/747//#testresult/ca3a135628e239ba","status":"broken","statusDetails":"FileNotFoundError: [Errno 2] No such file or directory: '/home/runner/work/Selenium-Python-Example/Selenium-Python-Example/src/resources/tests_data.json'","time":{"start":1755309152579,"stop":1755309152579,"duration":0}},{"uid":"218f4180ab6de4d5","reportUrl":"https://nirtal85.github.io/Selenium-Python-Example/746//#testresult/218f4180ab6de4d5","status":"broken","statusDetails":"FileNotFoundError: [Errno 2] No such file or directory: '/home/runner/work/Selenium-Python-Example/Selenium-Python-Example/src/resources/tests_data.json'","time":{"start":1755223099133,"stop":1755223099133,"duration":0}},{"uid":"fd1329494c7a17df","reportUrl":"https://nirtal85.github.io/Selenium-Python-Example/745//#testresult/fd1329494c7a17df","status":"broken","statusDetails":"FileNotFoundError: [Errno 2] No such file or directory: '/home/runner/work/Selenium-Python-Example/Selenium-Python-Example/src/resources/tests_data.json'","time":{"start":1755136643901,"stop":1755136643901,"duration":0}},{"uid":"d5ec60a880c0e05c","reportUrl":"https://nirtal85.github.io/Selenium-Python-Example/744//#testresult/d5ec60a880c0e05c","status":"broken","statusDetails":"FileNotFoundError: [Errno 2] No such file or directory: '/home/runner/work/Selenium-Python-Example/Selenium-Python-Example/src/resources/tests_data.json'","time":{"start":1755050232675,"stop":1755050232675,"duration":0}},{"uid":"34b21a886d800733","reportUrl":"https://nirtal85.github.io/Selenium-Python-Example/743//#testresult/34b21a886d800733","status":"broken","statusDetails":"FileNotFoundError: [Errno 2] No such file or directory: '/home/runner/work/Selenium-Python-Example/Selenium-Python-Example/src/resources/tests_data.json'","time":{"start":1754963705744,"stop":1754963705744,"duration":0}},{"uid":"cdc7d802218db118","reportUrl":"https://nirtal85.github.io/Selenium-Python-Example/742//#testresult/cdc7d802218db118","status":"broken","statusDetails":"FileNotFoundError: [Errno 2] No such file or directory: '/home/runner/work/Selenium-Python-Example/Selenium-Python-Example/src/resources/tests_data.json'","time":{"start":1754878031071,"stop":1754878031071,"duration":0}},{"uid":"acc968a4a959b927","reportUrl":"https://nirtal85.github.io/Selenium-Python-Example/741//#testresult/acc968a4a959b927","status":"broken","statusDetails":"FileNotFoundError: [Errno 2] No such file or directory: '/home/runner/work/Selenium-Python-Example/Selenium-Python-Example/src/resources/tests_data.json'","time":{"start":1754791855442,"stop":1754791855442,"duration":0}},{"uid":"19f3fa30b175fe37","reportUrl":"https://nirtal85.github.io/Selenium-Python-Example/740//#testresult/19f3fa30b175fe37","status":"broken","statusDetails":"FileNotFoundError: [Errno 2] No such file or directory: '/home/runner/work/Selenium-Python-Example/Selenium-Python-Example/src/resources/tests_data.json'","time":{"start":1754704570161,"stop":1754704570161,"duration":0}},{"uid":"97a047167e9436d1","reportUrl":"https://nirtal85.github.io/Selenium-Python-Example/739//#testresult/97a047167e9436d1","status":"broken","statusDetails":"FileNotFoundError: [Errno 2] No such file or directory: '/home/runner/work/Selenium-Python-Example/Selenium-Python-Example/src/resources/tests_data.json'","time":{"start":1754618818726,"stop":1754618818726,"duration":0}},{"uid":"3f929024fd5acfcc","reportUrl":"https://nirtal85.github.io/Selenium-Python-Example/738//#testresult/3f929024fd5acfcc","status":"broken","statusDetails":"FileNotFoundError: [Errno 2] No such file or directory: '/home/runner/work/Selenium-Python-Example/Selenium-Python-Example/src/resources/tests_data.json'","time":{"start":1754532457923,"stop":1754532457923,"duration":0}},{"uid":"52032d829b3a3aca","reportUrl":"https://nirtal85.github.io/Selenium-Python-Example/737//#testresult/52032d829b3a3aca","status":"broken","statusDetails":"FileNotFoundError: [Errno 2] No such file or directory: '/home/runner/work/Selenium-Python-Example/Selenium-Python-Example/src/resources/tests_data.json'","time":{"start":1754446029537,"stop":1754446029537,"duration":0}},{"uid":"ab45d7b88f48d3e0","reportUrl":"https://nirtal85.github.io/Selenium-Python-Example/736//#testresult/ab45d7b88f48d3e0","status":"broken","statusDetails":"FileNotFoundError: [Errno 2] No such file or directory: '/home/runner/work/Selenium-Python-Example/Selenium-Python-Example/src/resources/tests_data.json'","time":{"start":1754359733977,"stop":1754359733977,"duration":0}},{"uid":"d99a0c0c117996ab","reportUrl":"https://nirtal85.github.io/Selenium-Python-Example/735//#testresult/d99a0c0c117996ab","status":"broken","statusDetails":"FileNotFoundError: [Errno 2] No such file or directory: '/home/runner/work/Selenium-Python-Example/Selenium-Python-Example/src/resources/tests_data.json'","time":{"start":1754274071939,"stop":1754274071939,"duration":0}},{"uid":"130f4f319be2617f","reportUrl":"https://nirtal85.github.io/Selenium-Python-Example/734//#testresult/130f4f319be2617f","status":"broken","statusDetails":"FileNotFoundError: [Errno 2] No such file or directory: '/home/runner/work/Selenium-Python-Example/Selenium-Python-Example/src/resources/tests_data.json'","time":{"start":1754187670167,"stop":1754187670167,"duration":0}},{"uid":"2f7dd0fc0d31b483","reportUrl":"https://nirtal85.github.io/Selenium-Python-Example/733//#testresult/2f7dd0fc0d31b483","status":"broken","statusDetails":"FileNotFoundError: [Errno 2] No such file or directory: '/home/runner/work/Selenium-Python-Example/Selenium-Python-Example/src/resources/tests_data.json'","time":{"start":1754100026650,"stop":1754100026650,"duration":0}},{"uid":"c5b140ed16fd1577","reportUrl":"https://nirtal85.github.io/Selenium-Python-Example/732//#testresult/c5b140ed16fd1577","status":"broken","statusDetails":"FileNotFoundError: [Errno 2] No such file or directory: '/home/runner/work/Selenium-Python-Example/Selenium-Python-Example/src/resources/tests_data.json'","time":{"start":1754014966632,"stop":1754014966632,"duration":0}}]},"tags":[]},"source":"33e0e1dcca8657b7.json","parameterValues":[]}