{"uid":"699e96a4760c7838","name":"Exception test","fullName":"tests.forgot_password_test.TestForgotPassword#test_expected_exception_on_page_title","historyId":"288cd0030c92ba34b4ff4b58ed8ec476","time":{"start":1760146795476,"stop":1760146805837,"duration":10361},"description":"Exception catching","descriptionHtml":"<p>Exception catching</p>\n","status":"broken","statusMessage":"selenium.common.exceptions.TimeoutException: Message: \nStacktrace:\n#0 0x56492004d53a <unknown>\n#1 0x56491fb48f00 <unknown>\n#2 0x56491fb98c0c <unknown>\n#3 0x56491fb98e31 <unknown>\n#4 0x56491fbdebd4 <unknown>\n#5 0x56491fbbd5cd <unknown>\n#6 0x56491fbdbf84 <unknown>\n#7 0x56491fbbd343 <unknown>\n#8 0x56491fb8a78a <unknown>\n#9 0x56491fb8b9de <unknown>\n#10 0x5649200172cb <unknown>\n#11 0x56492001b242 <unknown>\n#12 0x5649200047ac <unknown>\n#13 0x56492001bdf7 <unknown>\n#14 0x56491ffe8b2f <unknown>\n#15 0x56492003c1a8 <unknown>\n#16 0x56492003c370 <unknown>\n#17 0x56492004c3b6 <unknown>\n#18 0x7f86a4a9caa4 <unknown>\n#19 0x7f86a4b29c6c <unknown>","statusTrace":"self = <tests.forgot_password_test.TestForgotPassword object at 0x7effdd676c40>\n\n    @allure.description(\"Exception catching\")\n    @allure.title(\"Exception test\")\n    @allure.link(\"github.com/allure-examples/\", name=\"Allure Examples\")\n    @allure.issue(\"github.com/allure-examples/allure-examples/issues/1\", name=\"ISSUE-1\")\n    @allure.testcase(\"github.com/allure-examples/allure-examples/issues/2\", name=\"TESTCASE-2\")\n    def test_expected_exception_on_page_title(self) -> None:\n>       self.about_page.click_login_link()\n\ntests/forgot_password_test.py:51: \n_ _ _ _ _ _ _ _ _ _ _ _ _ _ _ _ _ _ _ _ _ _ _ _ _ _ _ _ _ _ _ _ _ _ _ _ _ _ _ _ \nsrc/pages/about_page.py:18: in click_login_link\n    self.click(self.LOGIN_LINK)\nsrc/pages/base_page.py:59: in click\n    el: WebElement = self.wait.until(expected_conditions.element_to_be_clickable(locator))\n                     ^^^^^^^^^^^^^^^^^^^^^^^^^^^^^^^^^^^^^^^^^^^^^^^^^^^^^^^^^^^^^^^^^^^^^\n_ _ _ _ _ _ _ _ _ _ _ _ _ _ _ _ _ _ _ _ _ _ _ _ _ _ _ _ _ _ _ _ _ _ _ _ _ _ _ _ \n\nself = <selenium.webdriver.support.wait.WebDriverWait (session=\"91c10174508b61acec5c400b8867b068\")>\nmethod = <function element_to_be_clickable.<locals>._predicate at 0x7effdd7e8400>\nmessage = ''\n\n    def until(self, method: Callable[[D], Union[Literal[False], T]], message: str = \"\") -> T:\n        \"\"\"Wait until the method returns a value that is not False.\n    \n        Calls the method provided with the driver as an argument until the\n        return value does not evaluate to ``False``.\n    \n        Parameters:\n        -----------\n        method: callable(WebDriver)\n            - A callable object that takes a WebDriver instance as an argument.\n    \n        message: str\n            - Optional message for :exc:`TimeoutException`\n    \n        Return:\n        -------\n        object: T\n            - The result of the last call to `method`\n    \n        Raises:\n        -------\n        TimeoutException\n            - If 'method' does not return a truthy value within the WebDriverWait\n            object's timeout\n    \n        Example:\n        --------\n        >>> from selenium.webdriver.common.by import By\n        >>> from selenium.webdriver.support.ui import WebDriverWait\n        >>> from selenium.webdriver.support import expected_conditions as EC\n    \n        # Wait until an element is visible on the page\n        >>> wait = WebDriverWait(driver, 10)\n        >>> element = wait.until(EC.visibility_of_element_located((By.ID, \"exampleId\")))\n        >>> print(element.text)\n        \"\"\"\n        screen = None\n        stacktrace = None\n    \n        end_time = time.monotonic() + self._timeout\n        while True:\n            try:\n                value = method(self._driver)\n                if value:\n                    return value\n            except self._ignored_exceptions as exc:\n                screen = getattr(exc, \"screen\", None)\n                stacktrace = getattr(exc, \"stacktrace\", None)\n            if time.monotonic() > end_time:\n                break\n            time.sleep(self._poll)\n>       raise TimeoutException(message, screen, stacktrace)\nE       selenium.common.exceptions.TimeoutException: Message: \nE       Stacktrace:\nE       #0 0x56492004d53a <unknown>\nE       #1 0x56491fb48f00 <unknown>\nE       #2 0x56491fb98c0c <unknown>\nE       #3 0x56491fb98e31 <unknown>\nE       #4 0x56491fbdebd4 <unknown>\nE       #5 0x56491fbbd5cd <unknown>\nE       #6 0x56491fbdbf84 <unknown>\nE       #7 0x56491fbbd343 <unknown>\nE       #8 0x56491fb8a78a <unknown>\nE       #9 0x56491fb8b9de <unknown>\nE       #10 0x5649200172cb <unknown>\nE       #11 0x56492001b242 <unknown>\nE       #12 0x5649200047ac <unknown>\nE       #13 0x56492001bdf7 <unknown>\nE       #14 0x56491ffe8b2f <unknown>\nE       #15 0x56492003c1a8 <unknown>\nE       #16 0x56492003c370 <unknown>\nE       #17 0x56492004c3b6 <unknown>\nE       #18 0x7f86a4a9caa4 <unknown>\nE       #19 0x7f86a4b29c6c <unknown>\n\n.venv/lib/python3.13/site-packages/selenium/webdriver/support/wait.py:138: TimeoutException","flaky":false,"newFailed":false,"newBroken":false,"newPassed":false,"retriesCount":0,"retriesStatusChange":false,"beforeStages":[{"name":"base_url","time":{"start":1760146787585,"stop":1760146787586,"duration":1},"status":"passed","steps":[],"attachments":[],"parameters":[],"shouldDisplayMessage":false,"stepsCount":0,"attachmentsCount":0,"hasContent":false,"attachmentStep":false},{"name":"_verify_url","time":{"start":1760146787586,"stop":1760146787586,"duration":0},"status":"passed","steps":[],"attachments":[],"parameters":[],"shouldDisplayMessage":false,"stepsCount":0,"attachmentsCount":0,"hasContent":false,"attachmentStep":false},{"name":"session_request","time":{"start":1760146787586,"stop":1760146787586,"duration":0},"status":"passed","steps":[],"attachments":[],"parameters":[],"shouldDisplayMessage":false,"stepsCount":0,"attachmentsCount":0,"hasContent":false,"attachmentStep":false}],"testStage":{"description":"Exception catching","status":"broken","statusMessage":"selenium.common.exceptions.TimeoutException: Message: \nStacktrace:\n#0 0x56492004d53a <unknown>\n#1 0x56491fb48f00 <unknown>\n#2 0x56491fb98c0c <unknown>\n#3 0x56491fb98e31 <unknown>\n#4 0x56491fbdebd4 <unknown>\n#5 0x56491fbbd5cd <unknown>\n#6 0x56491fbdbf84 <unknown>\n#7 0x56491fbbd343 <unknown>\n#8 0x56491fb8a78a <unknown>\n#9 0x56491fb8b9de <unknown>\n#10 0x5649200172cb <unknown>\n#11 0x56492001b242 <unknown>\n#12 0x5649200047ac <unknown>\n#13 0x56492001bdf7 <unknown>\n#14 0x56491ffe8b2f <unknown>\n#15 0x56492003c1a8 <unknown>\n#16 0x56492003c370 <unknown>\n#17 0x56492004c3b6 <unknown>\n#18 0x7f86a4a9caa4 <unknown>\n#19 0x7f86a4b29c6c <unknown>","statusTrace":"self = <tests.forgot_password_test.TestForgotPassword object at 0x7effdd676c40>\n\n    @allure.description(\"Exception catching\")\n    @allure.title(\"Exception test\")\n    @allure.link(\"github.com/allure-examples/\", name=\"Allure Examples\")\n    @allure.issue(\"github.com/allure-examples/allure-examples/issues/1\", name=\"ISSUE-1\")\n    @allure.testcase(\"github.com/allure-examples/allure-examples/issues/2\", name=\"TESTCASE-2\")\n    def test_expected_exception_on_page_title(self) -> None:\n>       self.about_page.click_login_link()\n\ntests/forgot_password_test.py:51: \n_ _ _ _ _ _ _ _ _ _ _ _ _ _ _ _ _ _ _ _ _ _ _ _ _ _ _ _ _ _ _ _ _ _ _ _ _ _ _ _ \nsrc/pages/about_page.py:18: in click_login_link\n    self.click(self.LOGIN_LINK)\nsrc/pages/base_page.py:59: in click\n    el: WebElement = self.wait.until(expected_conditions.element_to_be_clickable(locator))\n                     ^^^^^^^^^^^^^^^^^^^^^^^^^^^^^^^^^^^^^^^^^^^^^^^^^^^^^^^^^^^^^^^^^^^^^\n_ _ _ _ _ _ _ _ _ _ _ _ _ _ _ _ _ _ _ _ _ _ _ _ _ _ _ _ _ _ _ _ _ _ _ _ _ _ _ _ \n\nself = <selenium.webdriver.support.wait.WebDriverWait (session=\"91c10174508b61acec5c400b8867b068\")>\nmethod = <function element_to_be_clickable.<locals>._predicate at 0x7effdd7e8400>\nmessage = ''\n\n    def until(self, method: Callable[[D], Union[Literal[False], T]], message: str = \"\") -> T:\n        \"\"\"Wait until the method returns a value that is not False.\n    \n        Calls the method provided with the driver as an argument until the\n        return value does not evaluate to ``False``.\n    \n        Parameters:\n        -----------\n        method: callable(WebDriver)\n            - A callable object that takes a WebDriver instance as an argument.\n    \n        message: str\n            - Optional message for :exc:`TimeoutException`\n    \n        Return:\n        -------\n        object: T\n            - The result of the last call to `method`\n    \n        Raises:\n        -------\n        TimeoutException\n            - If 'method' does not return a truthy value within the WebDriverWait\n            object's timeout\n    \n        Example:\n        --------\n        >>> from selenium.webdriver.common.by import By\n        >>> from selenium.webdriver.support.ui import WebDriverWait\n        >>> from selenium.webdriver.support import expected_conditions as EC\n    \n        # Wait until an element is visible on the page\n        >>> wait = WebDriverWait(driver, 10)\n        >>> element = wait.until(EC.visibility_of_element_located((By.ID, \"exampleId\")))\n        >>> print(element.text)\n        \"\"\"\n        screen = None\n        stacktrace = None\n    \n        end_time = time.monotonic() + self._timeout\n        while True:\n            try:\n                value = method(self._driver)\n                if value:\n                    return value\n            except self._ignored_exceptions as exc:\n                screen = getattr(exc, \"screen\", None)\n                stacktrace = getattr(exc, \"stacktrace\", None)\n            if time.monotonic() > end_time:\n                break\n            time.sleep(self._poll)\n>       raise TimeoutException(message, screen, stacktrace)\nE       selenium.common.exceptions.TimeoutException: Message: \nE       Stacktrace:\nE       #0 0x56492004d53a <unknown>\nE       #1 0x56491fb48f00 <unknown>\nE       #2 0x56491fb98c0c <unknown>\nE       #3 0x56491fb98e31 <unknown>\nE       #4 0x56491fbdebd4 <unknown>\nE       #5 0x56491fbbd5cd <unknown>\nE       #6 0x56491fbdbf84 <unknown>\nE       #7 0x56491fbbd343 <unknown>\nE       #8 0x56491fb8a78a <unknown>\nE       #9 0x56491fb8b9de <unknown>\nE       #10 0x5649200172cb <unknown>\nE       #11 0x56492001b242 <unknown>\nE       #12 0x5649200047ac <unknown>\nE       #13 0x56492001bdf7 <unknown>\nE       #14 0x56491ffe8b2f <unknown>\nE       #15 0x56492003c1a8 <unknown>\nE       #16 0x56492003c370 <unknown>\nE       #17 0x56492004c3b6 <unknown>\nE       #18 0x7f86a4a9caa4 <unknown>\nE       #19 0x7f86a4b29c6c <unknown>\n\n.venv/lib/python3.13/site-packages/selenium/webdriver/support/wait.py:138: TimeoutException","steps":[{"name":"Click Login link","time":{"start":1760146795476,"stop":1760146805836,"duration":10360},"status":"broken","statusMessage":"selenium.common.exceptions.TimeoutException: Message: \nStacktrace:\n#0 0x56492004d53a <unknown>\n#1 0x56491fb48f00 <unknown>\n#2 0x56491fb98c0c <unknown>\n#3 0x56491fb98e31 <unknown>\n#4 0x56491fbdebd4 <unknown>\n#5 0x56491fbbd5cd <unknown>\n#6 0x56491fbdbf84 <unknown>\n#7 0x56491fbbd343 <unknown>\n#8 0x56491fb8a78a <unknown>\n#9 0x56491fb8b9de <unknown>\n#10 0x5649200172cb <unknown>\n#11 0x56492001b242 <unknown>\n#12 0x5649200047ac <unknown>\n#13 0x56492001bdf7 <unknown>\n#14 0x56491ffe8b2f <unknown>\n#15 0x56492003c1a8 <unknown>\n#16 0x56492003c370 <unknown>\n#17 0x56492004c3b6 <unknown>\n#18 0x7f86a4a9caa4 <unknown>\n#19 0x7f86a4b29c6c <unknown>\n\n","statusTrace":"  File \"/home/runner/work/Selenium-Python-Example/Selenium-Python-Example/.venv/lib/python3.13/site-packages/allure_commons/_allure.py\", line 202, in impl\n    return func(*a, **kw)\n  File \"/home/runner/work/Selenium-Python-Example/Selenium-Python-Example/src/pages/about_page.py\", line 18, in click_login_link\n    self.click(self.LOGIN_LINK)\n    ~~~~~~~~~~^^^^^^^^^^^^^^^^^\n  File \"/home/runner/work/Selenium-Python-Example/Selenium-Python-Example/src/pages/base_page.py\", line 59, in click\n    el: WebElement = self.wait.until(expected_conditions.element_to_be_clickable(locator))\n                     ~~~~~~~~~~~~~~~^^^^^^^^^^^^^^^^^^^^^^^^^^^^^^^^^^^^^^^^^^^^^^^^^^^^^^\n  File \"/home/runner/work/Selenium-Python-Example/Selenium-Python-Example/.venv/lib/python3.13/site-packages/selenium/webdriver/support/wait.py\", line 138, in until\n    raise TimeoutException(message, screen, stacktrace)\n","steps":[],"attachments":[],"parameters":[],"shouldDisplayMessage":true,"stepsCount":0,"attachmentsCount":0,"hasContent":true,"attachmentStep":false},{"name":"public ip address","time":{"start":1760146805847,"stop":1760146805857,"duration":10},"status":"passed","steps":[],"attachments":[{"uid":"ec53055e2e53d547","name":"HTTP logs of http://checkip.amazonaws.com/","source":"ec53055e2e53d547.txt","type":"text/plain","size":357}],"parameters":[],"shouldDisplayMessage":false,"stepsCount":0,"attachmentsCount":1,"hasContent":true,"attachmentStep":false}],"attachments":[{"uid":"28b1f92543e9243b","name":"Cookies","source":"28b1f92543e9243b.json","type":"application/json","size":4642},{"uid":"fa49e8b0b455fc8","name":"Session Storage","source":"fa49e8b0b455fc8.json","type":"application/json","size":382},{"uid":"3bd1a66da21283ec","name":"Local Storage","source":"3bd1a66da21283ec.json","type":"application/json","size":563},{"uid":"281b8adc535d7f21","name":"Full Page Screenshot","source":"281b8adc535d7f21.png","type":"image/png","size":2107343},{"uid":"678efe6573a64b23","name":"URL","source":"678efe6573a64b23.uri","type":"text/uri-list","size":23},{"uid":"e5eb72748b4e049f","name":"Network Logs","source":"e5eb72748b4e049f.json","type":"application/json","size":8914151}],"parameters":[],"shouldDisplayMessage":true,"stepsCount":2,"attachmentsCount":7,"hasContent":true,"attachmentStep":false},"afterStages":[{"name":"session_request::0","time":{"start":1760146823224,"stop":1760146823224,"duration":0},"status":"passed","steps":[],"attachments":[],"parameters":[],"shouldDisplayMessage":false,"stepsCount":0,"attachmentsCount":0,"hasContent":false,"attachmentStep":false}],"labels":[{"name":"story","value":"Forgot Password Feature's Functionality"},{"name":"parentSuite","value":"Custom parent suite"},{"name":"severity","value":"critical"},{"name":"epic","value":"Security"},{"name":"subSuite","value":"Custom sub suite"},{"name":"suite","value":"Custom suite"},{"name":"tag","value":"security"},{"name":"host","value":"runnervmwhb2z"},{"name":"thread","value":"2165-MainThread"},{"name":"framework","value":"pytest"},{"name":"language","value":"cpython3"},{"name":"package","value":"tests.forgot_password_test"},{"name":"resultFormat","value":"allure2"}],"parameters":[],"links":[{"name":"TESTCASE-2","url":"https://github.com/allure-examples/allure-examples/issues/2","type":"tms"},{"name":"ISSUE-1","url":"https://github.com/allure-examples/allure-examples/issues/1","type":"issue"},{"name":"Allure Examples","url":"https://github.com/allure-examples/","type":"link"}],"hidden":false,"retry":false,"extra":{"severity":"critical","retries":[],"categories":[{"name":"Test defects","matchedStatuses":[],"flaky":false}],"history":{"statistic":{"failed":0,"broken":10,"skipped":0,"passed":0,"unknown":0,"total":10},"items":[{"uid":"68cb764fec54a208","reportUrl":"https://nirtal85.github.io/Selenium-Python-Example/802//#testresult/68cb764fec54a208","status":"broken","statusDetails":"selenium.common.exceptions.TimeoutException: Message: \nStacktrace:\n#0 0x55bdc8cf253a <unknown>\n#1 0x55bdc87edf00 <unknown>\n#2 0x55bdc883dc0c <unknown>\n#3 0x55bdc883de31 <unknown>\n#4 0x55bdc8883bd4 <unknown>\n#5 0x55bdc88625cd <unknown>\n#6 0x55bdc8880f84 <unknown>\n#7 0x55bdc8862343 <unknown>\n#8 0x55bdc882f78a <unknown>\n#9 0x55bdc88309de <unknown>\n#10 0x55bdc8cbc2cb <unknown>\n#11 0x55bdc8cc0242 <unknown>\n#12 0x55bdc8ca97ac <unknown>\n#13 0x55bdc8cc0df7 <unknown>\n#14 0x55bdc8c8db2f <unknown>\n#15 0x55bdc8ce11a8 <unknown>\n#16 0x55bdc8ce1370 <unknown>\n#17 0x55bdc8cf13b6 <unknown>\n#18 0x7fabe789caa4 <unknown>\n#19 0x7fabe7929c6c <unknown>","time":{"start":1760060658049,"stop":1760060668461,"duration":10412}},{"uid":"4c75fb96c7c0c7cb","reportUrl":"https://nirtal85.github.io/Selenium-Python-Example/801//#testresult/4c75fb96c7c0c7cb","status":"broken","statusDetails":"selenium.common.exceptions.TimeoutException: Message: \nStacktrace:\n#0 0x5632e985353a <unknown>\n#1 0x5632e934ef00 <unknown>\n#2 0x5632e939ec0c <unknown>\n#3 0x5632e939ee31 <unknown>\n#4 0x5632e93e4bd4 <unknown>\n#5 0x5632e93c35cd <unknown>\n#6 0x5632e93e1f84 <unknown>\n#7 0x5632e93c3343 <unknown>\n#8 0x5632e939078a <unknown>\n#9 0x5632e93919de <unknown>\n#10 0x5632e981d2cb <unknown>\n#11 0x5632e9821242 <unknown>\n#12 0x5632e980a7ac <unknown>\n#13 0x5632e9821df7 <unknown>\n#14 0x5632e97eeb2f <unknown>\n#15 0x5632e98421a8 <unknown>\n#16 0x5632e9842370 <unknown>\n#17 0x5632e98523b6 <unknown>\n#18 0x7f88b309caa4 <unknown>\n#19 0x7f88b3129c6c <unknown>","time":{"start":1759974224906,"stop":1759974235226,"duration":10320}},{"uid":"31703db159100cd3","reportUrl":"https://nirtal85.github.io/Selenium-Python-Example/800//#testresult/31703db159100cd3","status":"broken","statusDetails":"selenium.common.exceptions.TimeoutException: Message: \nStacktrace:\n#0 0x55940cb3453a <unknown>\n#1 0x55940c62ff00 <unknown>\n#2 0x55940c67fc0c <unknown>\n#3 0x55940c67fe31 <unknown>\n#4 0x55940c6c5bd4 <unknown>\n#5 0x55940c6a45cd <unknown>\n#6 0x55940c6c2f84 <unknown>\n#7 0x55940c6a4343 <unknown>\n#8 0x55940c67178a <unknown>\n#9 0x55940c6729de <unknown>\n#10 0x55940cafe2cb <unknown>\n#11 0x55940cb02242 <unknown>\n#12 0x55940caeb7ac <unknown>\n#13 0x55940cb02df7 <unknown>\n#14 0x55940cacfb2f <unknown>\n#15 0x55940cb231a8 <unknown>\n#16 0x55940cb23370 <unknown>\n#17 0x55940cb333b6 <unknown>\n#18 0x7f6c9349caa4 <unknown>\n#19 0x7f6c93529c6c <unknown>","time":{"start":1759887759695,"stop":1759887769747,"duration":10052}},{"uid":"2c2a3178a80e9353","reportUrl":"https://nirtal85.github.io/Selenium-Python-Example/799//#testresult/2c2a3178a80e9353","status":"broken","statusDetails":"selenium.common.exceptions.TimeoutException: Message: \nStacktrace:\n#0 0x560f1180753a <unknown>\n#1 0x560f11302f00 <unknown>\n#2 0x560f11352c0c <unknown>\n#3 0x560f11352e31 <unknown>\n#4 0x560f11398bd4 <unknown>\n#5 0x560f113775cd <unknown>\n#6 0x560f11395f84 <unknown>\n#7 0x560f11377343 <unknown>\n#8 0x560f1134478a <unknown>\n#9 0x560f113459de <unknown>\n#10 0x560f117d12cb <unknown>\n#11 0x560f117d5242 <unknown>\n#12 0x560f117be7ac <unknown>\n#13 0x560f117d5df7 <unknown>\n#14 0x560f117a2b2f <unknown>\n#15 0x560f117f61a8 <unknown>\n#16 0x560f117f6370 <unknown>\n#17 0x560f118063b6 <unknown>\n#18 0x7f59b109caa4 <unknown>\n#19 0x7f59b1129c6c <unknown>","time":{"start":1759801343678,"stop":1759801354073,"duration":10395}},{"uid":"ba3e5d15684d7693","reportUrl":"https://nirtal85.github.io/Selenium-Python-Example/798//#testresult/ba3e5d15684d7693","status":"broken","statusDetails":"selenium.common.exceptions.TimeoutException: Message: \nStacktrace:\n#0 0x555dc01e953a <unknown>\n#1 0x555dbfce4f00 <unknown>\n#2 0x555dbfd34c0c <unknown>\n#3 0x555dbfd34e31 <unknown>\n#4 0x555dbfd7abd4 <unknown>\n#5 0x555dbfd595cd <unknown>\n#6 0x555dbfd77f84 <unknown>\n#7 0x555dbfd59343 <unknown>\n#8 0x555dbfd2678a <unknown>\n#9 0x555dbfd279de <unknown>\n#10 0x555dc01b32cb <unknown>\n#11 0x555dc01b7242 <unknown>\n#12 0x555dc01a07ac <unknown>\n#13 0x555dc01b7df7 <unknown>\n#14 0x555dc0184b2f <unknown>\n#15 0x555dc01d81a8 <unknown>\n#16 0x555dc01d8370 <unknown>\n#17 0x555dc01e83b6 <unknown>\n#18 0x7f8ec6e9caa4 <unknown>\n#19 0x7f8ec6f29c6c <unknown>","time":{"start":1759715097919,"stop":1759715108316,"duration":10397}},{"uid":"fb4631e9eee3f02d","reportUrl":"https://nirtal85.github.io/Selenium-Python-Example/797//#testresult/fb4631e9eee3f02d","status":"broken","statusDetails":"selenium.common.exceptions.TimeoutException: Message: \nStacktrace:\n#0 0x55cd5f52953a <unknown>\n#1 0x55cd5f024f00 <unknown>\n#2 0x55cd5f074c0c <unknown>\n#3 0x55cd5f074e31 <unknown>\n#4 0x55cd5f0babd4 <unknown>\n#5 0x55cd5f0995cd <unknown>\n#6 0x55cd5f0b7f84 <unknown>\n#7 0x55cd5f099343 <unknown>\n#8 0x55cd5f06678a <unknown>\n#9 0x55cd5f0679de <unknown>\n#10 0x55cd5f4f32cb <unknown>\n#11 0x55cd5f4f7242 <unknown>\n#12 0x55cd5f4e07ac <unknown>\n#13 0x55cd5f4f7df7 <unknown>\n#14 0x55cd5f4c4b2f <unknown>\n#15 0x55cd5f5181a8 <unknown>\n#16 0x55cd5f518370 <unknown>\n#17 0x55cd5f5283b6 <unknown>\n#18 0x7fe51c69caa4 <unknown>\n#19 0x7fe51c729c6c <unknown>","time":{"start":1759629086285,"stop":1759629096653,"duration":10368}},{"uid":"4aff297341efcb7b","reportUrl":"https://nirtal85.github.io/Selenium-Python-Example/796//#testresult/4aff297341efcb7b","status":"broken","statusDetails":"selenium.common.exceptions.TimeoutException: Message: \nStacktrace:\n#0 0x55759198d53a <unknown>\n#1 0x557591488f00 <unknown>\n#2 0x5575914d8c0c <unknown>\n#3 0x5575914d8e31 <unknown>\n#4 0x55759151ebd4 <unknown>\n#5 0x5575914fd5cd <unknown>\n#6 0x55759151bf84 <unknown>\n#7 0x5575914fd343 <unknown>\n#8 0x5575914ca78a <unknown>\n#9 0x5575914cb9de <unknown>\n#10 0x5575919572cb <unknown>\n#11 0x55759195b242 <unknown>\n#12 0x5575919447ac <unknown>\n#13 0x55759195bdf7 <unknown>\n#14 0x557591928b2f <unknown>\n#15 0x55759197c1a8 <unknown>\n#16 0x55759197c370 <unknown>\n#17 0x55759198c3b6 <unknown>\n#18 0x7f1caee9caa4 <unknown>\n#19 0x7f1caef29c6c <unknown>","time":{"start":1759541882784,"stop":1759541892803,"duration":10019}},{"uid":"f66f346b7913c267","reportUrl":"https://nirtal85.github.io/Selenium-Python-Example/795//#testresult/f66f346b7913c267","status":"broken","statusDetails":"selenium.common.exceptions.TimeoutException: Message: \nStacktrace:\n#0 0x55842ce8d53a <unknown>\n#1 0x55842c988f00 <unknown>\n#2 0x55842c9d8c0c <unknown>\n#3 0x55842c9d8e31 <unknown>\n#4 0x55842ca1ebd4 <unknown>\n#5 0x55842c9fd5cd <unknown>\n#6 0x55842ca1bf84 <unknown>\n#7 0x55842c9fd343 <unknown>\n#8 0x55842c9ca78a <unknown>\n#9 0x55842c9cb9de <unknown>\n#10 0x55842ce572cb <unknown>\n#11 0x55842ce5b242 <unknown>\n#12 0x55842ce447ac <unknown>\n#13 0x55842ce5bdf7 <unknown>\n#14 0x55842ce28b2f <unknown>\n#15 0x55842ce7c1a8 <unknown>\n#16 0x55842ce7c370 <unknown>\n#17 0x55842ce8c3b6 <unknown>\n#18 0x7f3bc309caa4 <unknown>\n#19 0x7f3bc3129c6c <unknown>","time":{"start":1759455712029,"stop":1759455722439,"duration":10410}},{"uid":"6c5ce1c41ea54b23","reportUrl":"https://nirtal85.github.io/Selenium-Python-Example/794//#testresult/6c5ce1c41ea54b23","status":"broken","statusDetails":"selenium.common.exceptions.TimeoutException: Message: \nStacktrace:\n#0 0x5580ead6753a <unknown>\n#1 0x5580ea862f00 <unknown>\n#2 0x5580ea8b2c0c <unknown>\n#3 0x5580ea8b2e31 <unknown>\n#4 0x5580ea8f8bd4 <unknown>\n#5 0x5580ea8d75cd <unknown>\n#6 0x5580ea8f5f84 <unknown>\n#7 0x5580ea8d7343 <unknown>\n#8 0x5580ea8a478a <unknown>\n#9 0x5580ea8a59de <unknown>\n#10 0x5580ead312cb <unknown>\n#11 0x5580ead35242 <unknown>\n#12 0x5580ead1e7ac <unknown>\n#13 0x5580ead35df7 <unknown>\n#14 0x5580ead02b2f <unknown>\n#15 0x5580ead561a8 <unknown>\n#16 0x5580ead56370 <unknown>\n#17 0x5580ead663b6 <unknown>\n#18 0x7fb4bf89caa4 <unknown>\n#19 0x7fb4bf929c6c <unknown>","time":{"start":1759369304268,"stop":1759369314395,"duration":10127}}]},"tags":["security"]},"source":"699e96a4760c7838.json","parameterValues":[]}