{"uid":"d14a8ed4866a1e79","name":"Exception test","fullName":"tests.forgot_password_test.TestForgotPassword#test_expected_exception_on_page_title","historyId":"288cd0030c92ba34b4ff4b58ed8ec476","time":{"start":1753322633475,"stop":1753322643884,"duration":10409},"description":"Exception catching","descriptionHtml":"<p>Exception catching</p>\n","status":"broken","statusMessage":"selenium.common.exceptions.TimeoutException: Message: \nStacktrace:\n#0 0x563e36bee53a <unknown>\n#1 0x563e366e9f00 <unknown>\n#2 0x563e36739c0c <unknown>\n#3 0x563e36739e31 <unknown>\n#4 0x563e3677fbd4 <unknown>\n#5 0x563e3675e5cd <unknown>\n#6 0x563e3677cf84 <unknown>\n#7 0x563e3675e343 <unknown>\n#8 0x563e3672b78a <unknown>\n#9 0x563e3672c9de <unknown>\n#10 0x563e36bb82cb <unknown>\n#11 0x563e36bbc242 <unknown>\n#12 0x563e36ba57ac <unknown>\n#13 0x563e36bbcdf7 <unknown>\n#14 0x563e36b89b2f <unknown>\n#15 0x563e36bdd1a8 <unknown>\n#16 0x563e36bdd370 <unknown>\n#17 0x563e36bed3b6 <unknown>\n#18 0x7f6e06c9caa4 <unknown>\n#19 0x7f6e06d29c3c <unknown>","statusTrace":"self = <tests.forgot_password_test.TestForgotPassword object at 0x7f7d3a3c90f0>\n\n    @allure.description(\"Exception catching\")\n    @allure.title(\"Exception test\")\n    @allure.link(\"github.com/allure-examples/\", name=\"Allure Examples\")\n    @allure.issue(\"github.com/allure-examples/allure-examples/issues/1\", name=\"ISSUE-1\")\n    @allure.testcase(\"github.com/allure-examples/allure-examples/issues/2\", name=\"TESTCASE-2\")\n    def test_expected_exception_on_page_title(self) -> None:\n>       self.about_page.click_login_link()\n\ntests/forgot_password_test.py:51: \n_ _ _ _ _ _ _ _ _ _ _ _ _ _ _ _ _ _ _ _ _ _ _ _ _ _ _ _ _ _ _ _ _ _ _ _ _ _ _ _ \nsrc/pages/about_page.py:18: in click_login_link\n    self.click(self.LOGIN_LINK)\nsrc/pages/base_page.py:59: in click\n    el: WebElement = self.wait.until(expected_conditions.element_to_be_clickable(locator))\n                     ^^^^^^^^^^^^^^^^^^^^^^^^^^^^^^^^^^^^^^^^^^^^^^^^^^^^^^^^^^^^^^^^^^^^^\n_ _ _ _ _ _ _ _ _ _ _ _ _ _ _ _ _ _ _ _ _ _ _ _ _ _ _ _ _ _ _ _ _ _ _ _ _ _ _ _ \n\nself = <selenium.webdriver.support.wait.WebDriverWait (session=\"3894a301cb6eddd955d3d5031e6aa9d6\")>\nmethod = <function element_to_be_clickable.<locals>._predicate at 0x7f7d3a41e7a0>\nmessage = ''\n\n    def until(self, method: Callable[[D], Union[Literal[False], T]], message: str = \"\") -> T:\n        \"\"\"Wait until the method returns a value that is not False.\n    \n        Calls the method provided with the driver as an argument until the\n        return value does not evaluate to ``False``.\n    \n        Parameters:\n        -----------\n        method: callable(WebDriver)\n            - A callable object that takes a WebDriver instance as an argument.\n    \n        message: str\n            - Optional message for :exc:`TimeoutException`\n    \n        Return:\n        -------\n        object: T\n            - The result of the last call to `method`\n    \n        Raises:\n        -------\n        TimeoutException\n            - If 'method' does not return a truthy value within the WebDriverWait\n            object's timeout\n    \n        Example:\n        --------\n        >>> from selenium.webdriver.common.by import By\n        >>> from selenium.webdriver.support.ui import WebDriverWait\n        >>> from selenium.webdriver.support import expected_conditions as EC\n    \n        # Wait until an element is visible on the page\n        >>> wait = WebDriverWait(driver, 10)\n        >>> element = wait.until(EC.visibility_of_element_located((By.ID, \"exampleId\")))\n        >>> print(element.text)\n        \"\"\"\n        screen = None\n        stacktrace = None\n    \n        end_time = time.monotonic() + self._timeout\n        while True:\n            try:\n                value = method(self._driver)\n                if value:\n                    return value\n            except self._ignored_exceptions as exc:\n                screen = getattr(exc, \"screen\", None)\n                stacktrace = getattr(exc, \"stacktrace\", None)\n            if time.monotonic() > end_time:\n                break\n            time.sleep(self._poll)\n>       raise TimeoutException(message, screen, stacktrace)\nE       selenium.common.exceptions.TimeoutException: Message: \nE       Stacktrace:\nE       #0 0x563e36bee53a <unknown>\nE       #1 0x563e366e9f00 <unknown>\nE       #2 0x563e36739c0c <unknown>\nE       #3 0x563e36739e31 <unknown>\nE       #4 0x563e3677fbd4 <unknown>\nE       #5 0x563e3675e5cd <unknown>\nE       #6 0x563e3677cf84 <unknown>\nE       #7 0x563e3675e343 <unknown>\nE       #8 0x563e3672b78a <unknown>\nE       #9 0x563e3672c9de <unknown>\nE       #10 0x563e36bb82cb <unknown>\nE       #11 0x563e36bbc242 <unknown>\nE       #12 0x563e36ba57ac <unknown>\nE       #13 0x563e36bbcdf7 <unknown>\nE       #14 0x563e36b89b2f <unknown>\nE       #15 0x563e36bdd1a8 <unknown>\nE       #16 0x563e36bdd370 <unknown>\nE       #17 0x563e36bed3b6 <unknown>\nE       #18 0x7f6e06c9caa4 <unknown>\nE       #19 0x7f6e06d29c3c <unknown>\n\n.venv/lib/python3.13/site-packages/selenium/webdriver/support/wait.py:138: TimeoutException","flaky":false,"newFailed":false,"newBroken":false,"newPassed":false,"retriesCount":0,"retriesStatusChange":false,"beforeStages":[{"name":"_verify_url","time":{"start":1753322628294,"stop":1753322628294,"duration":0},"status":"passed","steps":[],"attachments":[],"parameters":[],"shouldDisplayMessage":false,"stepsCount":0,"attachmentsCount":0,"hasContent":false,"attachmentStep":false},{"name":"session_request","time":{"start":1753322628294,"stop":1753322628294,"duration":0},"status":"passed","steps":[],"attachments":[],"parameters":[],"shouldDisplayMessage":false,"stepsCount":0,"attachmentsCount":0,"hasContent":false,"attachmentStep":false},{"name":"base_url","time":{"start":1753322628294,"stop":1753322628294,"duration":0},"status":"passed","steps":[],"attachments":[],"parameters":[],"shouldDisplayMessage":false,"stepsCount":0,"attachmentsCount":0,"hasContent":false,"attachmentStep":false}],"testStage":{"description":"Exception catching","status":"broken","statusMessage":"selenium.common.exceptions.TimeoutException: Message: \nStacktrace:\n#0 0x563e36bee53a <unknown>\n#1 0x563e366e9f00 <unknown>\n#2 0x563e36739c0c <unknown>\n#3 0x563e36739e31 <unknown>\n#4 0x563e3677fbd4 <unknown>\n#5 0x563e3675e5cd <unknown>\n#6 0x563e3677cf84 <unknown>\n#7 0x563e3675e343 <unknown>\n#8 0x563e3672b78a <unknown>\n#9 0x563e3672c9de <unknown>\n#10 0x563e36bb82cb <unknown>\n#11 0x563e36bbc242 <unknown>\n#12 0x563e36ba57ac <unknown>\n#13 0x563e36bbcdf7 <unknown>\n#14 0x563e36b89b2f <unknown>\n#15 0x563e36bdd1a8 <unknown>\n#16 0x563e36bdd370 <unknown>\n#17 0x563e36bed3b6 <unknown>\n#18 0x7f6e06c9caa4 <unknown>\n#19 0x7f6e06d29c3c <unknown>","statusTrace":"self = <tests.forgot_password_test.TestForgotPassword object at 0x7f7d3a3c90f0>\n\n    @allure.description(\"Exception catching\")\n    @allure.title(\"Exception test\")\n    @allure.link(\"github.com/allure-examples/\", name=\"Allure Examples\")\n    @allure.issue(\"github.com/allure-examples/allure-examples/issues/1\", name=\"ISSUE-1\")\n    @allure.testcase(\"github.com/allure-examples/allure-examples/issues/2\", name=\"TESTCASE-2\")\n    def test_expected_exception_on_page_title(self) -> None:\n>       self.about_page.click_login_link()\n\ntests/forgot_password_test.py:51: \n_ _ _ _ _ _ _ _ _ _ _ _ _ _ _ _ _ _ _ _ _ _ _ _ _ _ _ _ _ _ _ _ _ _ _ _ _ _ _ _ \nsrc/pages/about_page.py:18: in click_login_link\n    self.click(self.LOGIN_LINK)\nsrc/pages/base_page.py:59: in click\n    el: WebElement = self.wait.until(expected_conditions.element_to_be_clickable(locator))\n                     ^^^^^^^^^^^^^^^^^^^^^^^^^^^^^^^^^^^^^^^^^^^^^^^^^^^^^^^^^^^^^^^^^^^^^\n_ _ _ _ _ _ _ _ _ _ _ _ _ _ _ _ _ _ _ _ _ _ _ _ _ _ _ _ _ _ _ _ _ _ _ _ _ _ _ _ \n\nself = <selenium.webdriver.support.wait.WebDriverWait (session=\"3894a301cb6eddd955d3d5031e6aa9d6\")>\nmethod = <function element_to_be_clickable.<locals>._predicate at 0x7f7d3a41e7a0>\nmessage = ''\n\n    def until(self, method: Callable[[D], Union[Literal[False], T]], message: str = \"\") -> T:\n        \"\"\"Wait until the method returns a value that is not False.\n    \n        Calls the method provided with the driver as an argument until the\n        return value does not evaluate to ``False``.\n    \n        Parameters:\n        -----------\n        method: callable(WebDriver)\n            - A callable object that takes a WebDriver instance as an argument.\n    \n        message: str\n            - Optional message for :exc:`TimeoutException`\n    \n        Return:\n        -------\n        object: T\n            - The result of the last call to `method`\n    \n        Raises:\n        -------\n        TimeoutException\n            - If 'method' does not return a truthy value within the WebDriverWait\n            object's timeout\n    \n        Example:\n        --------\n        >>> from selenium.webdriver.common.by import By\n        >>> from selenium.webdriver.support.ui import WebDriverWait\n        >>> from selenium.webdriver.support import expected_conditions as EC\n    \n        # Wait until an element is visible on the page\n        >>> wait = WebDriverWait(driver, 10)\n        >>> element = wait.until(EC.visibility_of_element_located((By.ID, \"exampleId\")))\n        >>> print(element.text)\n        \"\"\"\n        screen = None\n        stacktrace = None\n    \n        end_time = time.monotonic() + self._timeout\n        while True:\n            try:\n                value = method(self._driver)\n                if value:\n                    return value\n            except self._ignored_exceptions as exc:\n                screen = getattr(exc, \"screen\", None)\n                stacktrace = getattr(exc, \"stacktrace\", None)\n            if time.monotonic() > end_time:\n                break\n            time.sleep(self._poll)\n>       raise TimeoutException(message, screen, stacktrace)\nE       selenium.common.exceptions.TimeoutException: Message: \nE       Stacktrace:\nE       #0 0x563e36bee53a <unknown>\nE       #1 0x563e366e9f00 <unknown>\nE       #2 0x563e36739c0c <unknown>\nE       #3 0x563e36739e31 <unknown>\nE       #4 0x563e3677fbd4 <unknown>\nE       #5 0x563e3675e5cd <unknown>\nE       #6 0x563e3677cf84 <unknown>\nE       #7 0x563e3675e343 <unknown>\nE       #8 0x563e3672b78a <unknown>\nE       #9 0x563e3672c9de <unknown>\nE       #10 0x563e36bb82cb <unknown>\nE       #11 0x563e36bbc242 <unknown>\nE       #12 0x563e36ba57ac <unknown>\nE       #13 0x563e36bbcdf7 <unknown>\nE       #14 0x563e36b89b2f <unknown>\nE       #15 0x563e36bdd1a8 <unknown>\nE       #16 0x563e36bdd370 <unknown>\nE       #17 0x563e36bed3b6 <unknown>\nE       #18 0x7f6e06c9caa4 <unknown>\nE       #19 0x7f6e06d29c3c <unknown>\n\n.venv/lib/python3.13/site-packages/selenium/webdriver/support/wait.py:138: TimeoutException","steps":[{"name":"Click Login link","time":{"start":1753322633475,"stop":1753322643883,"duration":10408},"status":"broken","statusMessage":"selenium.common.exceptions.TimeoutException: Message: \nStacktrace:\n#0 0x563e36bee53a <unknown>\n#1 0x563e366e9f00 <unknown>\n#2 0x563e36739c0c <unknown>\n#3 0x563e36739e31 <unknown>\n#4 0x563e3677fbd4 <unknown>\n#5 0x563e3675e5cd <unknown>\n#6 0x563e3677cf84 <unknown>\n#7 0x563e3675e343 <unknown>\n#8 0x563e3672b78a <unknown>\n#9 0x563e3672c9de <unknown>\n#10 0x563e36bb82cb <unknown>\n#11 0x563e36bbc242 <unknown>\n#12 0x563e36ba57ac <unknown>\n#13 0x563e36bbcdf7 <unknown>\n#14 0x563e36b89b2f <unknown>\n#15 0x563e36bdd1a8 <unknown>\n#16 0x563e36bdd370 <unknown>\n#17 0x563e36bed3b6 <unknown>\n#18 0x7f6e06c9caa4 <unknown>\n#19 0x7f6e06d29c3c <unknown>\n\n","statusTrace":"  File \"/home/runner/work/Selenium-Python-Example/Selenium-Python-Example/.venv/lib/python3.13/site-packages/allure_commons/_allure.py\", line 202, in impl\n    return func(*a, **kw)\n  File \"/home/runner/work/Selenium-Python-Example/Selenium-Python-Example/src/pages/about_page.py\", line 18, in click_login_link\n    self.click(self.LOGIN_LINK)\n    ~~~~~~~~~~^^^^^^^^^^^^^^^^^\n  File \"/home/runner/work/Selenium-Python-Example/Selenium-Python-Example/src/pages/base_page.py\", line 59, in click\n    el: WebElement = self.wait.until(expected_conditions.element_to_be_clickable(locator))\n                     ~~~~~~~~~~~~~~~^^^^^^^^^^^^^^^^^^^^^^^^^^^^^^^^^^^^^^^^^^^^^^^^^^^^^^\n  File \"/home/runner/work/Selenium-Python-Example/Selenium-Python-Example/.venv/lib/python3.13/site-packages/selenium/webdriver/support/wait.py\", line 138, in until\n    raise TimeoutException(message, screen, stacktrace)\n","steps":[],"attachments":[],"parameters":[],"shouldDisplayMessage":true,"stepsCount":0,"attachmentsCount":0,"hasContent":true,"attachmentStep":false},{"name":"public ip address","time":{"start":1753322643896,"stop":1753322644046,"duration":150},"status":"passed","steps":[],"attachments":[{"uid":"72d12d785e97b8b9","name":"HTTP logs of http://checkip.amazonaws.com/","source":"72d12d785e97b8b9.txt","type":"text/plain","size":357}],"parameters":[],"shouldDisplayMessage":false,"stepsCount":0,"attachmentsCount":1,"hasContent":true,"attachmentStep":false}],"attachments":[{"uid":"678b5f571b73908e","name":"Cookies","source":"678b5f571b73908e.json","type":"application/json","size":4115},{"uid":"e2119ed8bab9bd7","name":"Session Storage","source":"e2119ed8bab9bd7.json","type":"application/json","size":359},{"uid":"99f72ae211b7e36d","name":"Local Storage","source":"99f72ae211b7e36d.json","type":"application/json","size":548},{"uid":"d4f8a7566f31bc41","name":"Full Page Screenshot","source":"d4f8a7566f31bc41.png","type":"image/png","size":1961228},{"uid":"799cc726d3e92220","name":"URL","source":"799cc726d3e92220.uri","type":"text/uri-list","size":23},{"uid":"62b298fb5e7f918e","name":"Network Logs","source":"62b298fb5e7f918e.json","type":"application/json","size":10193220}],"parameters":[],"shouldDisplayMessage":true,"stepsCount":2,"attachmentsCount":7,"hasContent":true,"attachmentStep":false},"afterStages":[{"name":"session_request::0","time":{"start":1753322665973,"stop":1753322665973,"duration":0},"status":"passed","steps":[],"attachments":[],"parameters":[],"shouldDisplayMessage":false,"stepsCount":0,"attachmentsCount":0,"hasContent":false,"attachmentStep":false}],"labels":[{"name":"story","value":"Forgot Password Feature's Functionality"},{"name":"suite","value":"Custom suite"},{"name":"severity","value":"critical"},{"name":"subSuite","value":"Custom sub suite"},{"name":"epic","value":"Security"},{"name":"parentSuite","value":"Custom parent suite"},{"name":"tag","value":"security"},{"name":"host","value":"pkrvmpptgkbjq6m"},{"name":"thread","value":"2161-MainThread"},{"name":"framework","value":"pytest"},{"name":"language","value":"cpython3"},{"name":"package","value":"tests.forgot_password_test"},{"name":"resultFormat","value":"allure2"}],"parameters":[],"links":[{"name":"TESTCASE-2","url":"https://github.com/allure-examples/allure-examples/issues/2","type":"tms"},{"name":"ISSUE-1","url":"https://github.com/allure-examples/allure-examples/issues/1","type":"issue"},{"name":"Allure Examples","url":"https://github.com/allure-examples/","type":"link"}],"hidden":false,"retry":false,"extra":{"severity":"critical","retries":[],"categories":[{"name":"Test defects","matchedStatuses":[],"flaky":false}],"history":{"statistic":{"failed":0,"broken":24,"skipped":0,"passed":0,"unknown":0,"total":24},"items":[{"uid":"5d05f3fcac2b5483","reportUrl":"https://nirtal85.github.io/Selenium-Python-Example/723//#testresult/5d05f3fcac2b5483","status":"broken","statusDetails":"selenium.common.exceptions.TimeoutException: Message: \nStacktrace:\n#0 0x55f347cd253a <unknown>\n#1 0x55f3477cdf00 <unknown>\n#2 0x55f34781dc0c <unknown>\n#3 0x55f34781de31 <unknown>\n#4 0x55f347863bd4 <unknown>\n#5 0x55f3478425cd <unknown>\n#6 0x55f347860f84 <unknown>\n#7 0x55f347842343 <unknown>\n#8 0x55f34780f78a <unknown>\n#9 0x55f3478109de <unknown>\n#10 0x55f347c9c2cb <unknown>\n#11 0x55f347ca0242 <unknown>\n#12 0x55f347c897ac <unknown>\n#13 0x55f347ca0df7 <unknown>\n#14 0x55f347c6db2f <unknown>\n#15 0x55f347cc11a8 <unknown>\n#16 0x55f347cc1370 <unknown>\n#17 0x55f347cd13b6 <unknown>\n#18 0x7fbbc749caa4 <unknown>\n#19 0x7fbbc7529c3c <unknown>","time":{"start":1753236284162,"stop":1753236294551,"duration":10389}},{"uid":"9f9cf41b84f1cdf9","reportUrl":"https://nirtal85.github.io/Selenium-Python-Example/722//#testresult/9f9cf41b84f1cdf9","status":"broken","statusDetails":"selenium.common.exceptions.TimeoutException: Message: \nStacktrace:\n#0 0x5621e3f8253a <unknown>\n#1 0x5621e3a7df00 <unknown>\n#2 0x5621e3acdc0c <unknown>\n#3 0x5621e3acde31 <unknown>\n#4 0x5621e3b13bd4 <unknown>\n#5 0x5621e3af25cd <unknown>\n#6 0x5621e3b10f84 <unknown>\n#7 0x5621e3af2343 <unknown>\n#8 0x5621e3abf78a <unknown>\n#9 0x5621e3ac09de <unknown>\n#10 0x5621e3f4c2cb <unknown>\n#11 0x5621e3f50242 <unknown>\n#12 0x5621e3f397ac <unknown>\n#13 0x5621e3f50df7 <unknown>\n#14 0x5621e3f1db2f <unknown>\n#15 0x5621e3f711a8 <unknown>\n#16 0x5621e3f71370 <unknown>\n#17 0x5621e3f813b6 <unknown>\n#18 0x7fdcd289caa4 <unknown>\n#19 0x7fdcd2929c3c <unknown>","time":{"start":1753149825152,"stop":1753149835575,"duration":10423}},{"uid":"a4faf310b4b9f0c8","reportUrl":"https://nirtal85.github.io/Selenium-Python-Example/721//#testresult/a4faf310b4b9f0c8","status":"broken","statusDetails":"selenium.common.exceptions.TimeoutException: Message: \nStacktrace:\n#0 0x5574996ed53a <unknown>\n#1 0x5574991e8f00 <unknown>\n#2 0x557499238c0c <unknown>\n#3 0x557499238e31 <unknown>\n#4 0x55749927ebd4 <unknown>\n#5 0x55749925d5cd <unknown>\n#6 0x55749927bf84 <unknown>\n#7 0x55749925d343 <unknown>\n#8 0x55749922a78a <unknown>\n#9 0x55749922b9de <unknown>\n#10 0x5574996b72cb <unknown>\n#11 0x5574996bb242 <unknown>\n#12 0x5574996a47ac <unknown>\n#13 0x5574996bbdf7 <unknown>\n#14 0x557499688b2f <unknown>\n#15 0x5574996dc1a8 <unknown>\n#16 0x5574996dc370 <unknown>\n#17 0x5574996ec3b6 <unknown>\n#18 0x7ffb6c89caa4 <unknown>\n#19 0x7ffb6c929c3c <unknown>","time":{"start":1753063770875,"stop":1753063781233,"duration":10358}},{"uid":"f331b3236e007bb8","reportUrl":"https://nirtal85.github.io/Selenium-Python-Example/720//#testresult/f331b3236e007bb8","status":"broken","statusDetails":"selenium.common.exceptions.TimeoutException: Message: \nStacktrace:\n#0 0x55fa080f353a <unknown>\n#1 0x55fa07beef00 <unknown>\n#2 0x55fa07c3ec0c <unknown>\n#3 0x55fa07c3ee31 <unknown>\n#4 0x55fa07c84bd4 <unknown>\n#5 0x55fa07c635cd <unknown>\n#6 0x55fa07c81f84 <unknown>\n#7 0x55fa07c63343 <unknown>\n#8 0x55fa07c3078a <unknown>\n#9 0x55fa07c319de <unknown>\n#10 0x55fa080bd2cb <unknown>\n#11 0x55fa080c1242 <unknown>\n#12 0x55fa080aa7ac <unknown>\n#13 0x55fa080c1df7 <unknown>\n#14 0x55fa0808eb2f <unknown>\n#15 0x55fa080e21a8 <unknown>\n#16 0x55fa080e2370 <unknown>\n#17 0x55fa080f23b6 <unknown>\n#18 0x7f1ff509caa4 <unknown>\n#19 0x7f1ff5129c3c <unknown>","time":{"start":1752977542148,"stop":1752977552610,"duration":10462}},{"uid":"4ba2c53c32fafafc","reportUrl":"https://nirtal85.github.io/Selenium-Python-Example/719//#testresult/4ba2c53c32fafafc","status":"broken","statusDetails":"selenium.common.exceptions.TimeoutException: Message: \nStacktrace:\n#0 0x55c9908f753a <unknown>\n#1 0x55c9903f2f00 <unknown>\n#2 0x55c990442c0c <unknown>\n#3 0x55c990442e31 <unknown>\n#4 0x55c990488bd4 <unknown>\n#5 0x55c9904675cd <unknown>\n#6 0x55c990485f84 <unknown>\n#7 0x55c990467343 <unknown>\n#8 0x55c99043478a <unknown>\n#9 0x55c9904359de <unknown>\n#10 0x55c9908c12cb <unknown>\n#11 0x55c9908c5242 <unknown>\n#12 0x55c9908ae7ac <unknown>\n#13 0x55c9908c5df7 <unknown>\n#14 0x55c990892b2f <unknown>\n#15 0x55c9908e61a8 <unknown>\n#16 0x55c9908e6370 <unknown>\n#17 0x55c9908f63b6 <unknown>\n#18 0x7f7f09a9caa4 <unknown>\n#19 0x7f7f09b29c3c <unknown>","time":{"start":1752890320619,"stop":1752890330974,"duration":10355}},{"uid":"484de8dc9d5c810c","reportUrl":"https://nirtal85.github.io/Selenium-Python-Example/718//#testresult/484de8dc9d5c810c","status":"broken","statusDetails":"selenium.common.exceptions.TimeoutException: Message: \nStacktrace:\n#0 0x55a3880d953a <unknown>\n#1 0x55a387bd4f00 <unknown>\n#2 0x55a387c24c0c <unknown>\n#3 0x55a387c24e31 <unknown>\n#4 0x55a387c6abd4 <unknown>\n#5 0x55a387c495cd <unknown>\n#6 0x55a387c67f84 <unknown>\n#7 0x55a387c49343 <unknown>\n#8 0x55a387c1678a <unknown>\n#9 0x55a387c179de <unknown>\n#10 0x55a3880a32cb <unknown>\n#11 0x55a3880a7242 <unknown>\n#12 0x55a3880907ac <unknown>\n#13 0x55a3880a7df7 <unknown>\n#14 0x55a388074b2f <unknown>\n#15 0x55a3880c81a8 <unknown>\n#16 0x55a3880c8370 <unknown>\n#17 0x55a3880d83b6 <unknown>\n#18 0x7f57a649caa4 <unknown>\n#19 0x7f57a6529c3c <unknown>","time":{"start":1752804300278,"stop":1752804310633,"duration":10355}},{"uid":"526e49d4419df9b6","reportUrl":"https://nirtal85.github.io/Selenium-Python-Example/717//#testresult/526e49d4419df9b6","status":"broken","statusDetails":"selenium.common.exceptions.TimeoutException: Message: \nStacktrace:\n#0 0x55be79ee453a <unknown>\n#1 0x55be799dff00 <unknown>\n#2 0x55be79a2fc0c <unknown>\n#3 0x55be79a2fe31 <unknown>\n#4 0x55be79a75bd4 <unknown>\n#5 0x55be79a545cd <unknown>\n#6 0x55be79a72f84 <unknown>\n#7 0x55be79a54343 <unknown>\n#8 0x55be79a2178a <unknown>\n#9 0x55be79a229de <unknown>\n#10 0x55be79eae2cb <unknown>\n#11 0x55be79eb2242 <unknown>\n#12 0x55be79e9b7ac <unknown>\n#13 0x55be79eb2df7 <unknown>\n#14 0x55be79e7fb2f <unknown>\n#15 0x55be79ed31a8 <unknown>\n#16 0x55be79ed3370 <unknown>\n#17 0x55be79ee33b6 <unknown>\n#18 0x7fdbd3c9caa4 <unknown>\n#19 0x7fdbd3d29c3c <unknown>","time":{"start":1752717787400,"stop":1752717797769,"duration":10369}},{"uid":"ada22d198561434f","reportUrl":"https://nirtal85.github.io/Selenium-Python-Example/716//#testresult/ada22d198561434f","status":"broken","statusDetails":"selenium.common.exceptions.TimeoutException: Message: \nStacktrace:\n#0 0x5639a6eb053a <unknown>\n#1 0x5639a69abf00 <unknown>\n#2 0x5639a69fbc0c <unknown>\n#3 0x5639a69fbe31 <unknown>\n#4 0x5639a6a41bd4 <unknown>\n#5 0x5639a6a205cd <unknown>\n#6 0x5639a6a3ef84 <unknown>\n#7 0x5639a6a20343 <unknown>\n#8 0x5639a69ed78a <unknown>\n#9 0x5639a69ee9de <unknown>\n#10 0x5639a6e7a2cb <unknown>\n#11 0x5639a6e7e242 <unknown>\n#12 0x5639a6e677ac <unknown>\n#13 0x5639a6e7edf7 <unknown>\n#14 0x5639a6e4bb2f <unknown>\n#15 0x5639a6e9f1a8 <unknown>\n#16 0x5639a6e9f370 <unknown>\n#17 0x5639a6eaf3b6 <unknown>\n#18 0x7fb6a6e9caa4 <unknown>\n#19 0x7fb6a6f29c3c <unknown>","time":{"start":1752631364652,"stop":1752631375036,"duration":10384}},{"uid":"64c92b76890e1a9f","reportUrl":"https://nirtal85.github.io/Selenium-Python-Example/715//#testresult/64c92b76890e1a9f","status":"broken","statusDetails":"selenium.common.exceptions.TimeoutException: Message: \nStacktrace:\n#0 0x561b0a74453a <unknown>\n#1 0x561b0a23ff00 <unknown>\n#2 0x561b0a28fc0c <unknown>\n#3 0x561b0a28fe31 <unknown>\n#4 0x561b0a2d5bd4 <unknown>\n#5 0x561b0a2b45cd <unknown>\n#6 0x561b0a2d2f84 <unknown>\n#7 0x561b0a2b4343 <unknown>\n#8 0x561b0a28178a <unknown>\n#9 0x561b0a2829de <unknown>\n#10 0x561b0a70e2cb <unknown>\n#11 0x561b0a712242 <unknown>\n#12 0x561b0a6fb7ac <unknown>\n#13 0x561b0a712df7 <unknown>\n#14 0x561b0a6dfb2f <unknown>\n#15 0x561b0a7331a8 <unknown>\n#16 0x561b0a733370 <unknown>\n#17 0x561b0a7433b6 <unknown>\n#18 0x7fd48309caa4 <unknown>\n#19 0x7fd483129c3c <unknown>","time":{"start":1752545137979,"stop":1752545148318,"duration":10339}},{"uid":"eaeacde1f9167813","reportUrl":"https://nirtal85.github.io/Selenium-Python-Example/714//#testresult/eaeacde1f9167813","status":"broken","statusDetails":"selenium.common.exceptions.TimeoutException: Message: \nStacktrace:\n#0 0x55df248d753a <unknown>\n#1 0x55df243d2f00 <unknown>\n#2 0x55df24422c0c <unknown>\n#3 0x55df24422e31 <unknown>\n#4 0x55df24468bd4 <unknown>\n#5 0x55df244475cd <unknown>\n#6 0x55df24465f84 <unknown>\n#7 0x55df24447343 <unknown>\n#8 0x55df2441478a <unknown>\n#9 0x55df244159de <unknown>\n#10 0x55df248a12cb <unknown>\n#11 0x55df248a5242 <unknown>\n#12 0x55df2488e7ac <unknown>\n#13 0x55df248a5df7 <unknown>\n#14 0x55df24872b2f <unknown>\n#15 0x55df248c61a8 <unknown>\n#16 0x55df248c6370 <unknown>\n#17 0x55df248d63b6 <unknown>\n#18 0x7fb48b89caa4 <unknown>\n#19 0x7fb48b929c3c <unknown>","time":{"start":1752458770742,"stop":1752458780797,"duration":10055}},{"uid":"64f8c7992ac18e0d","reportUrl":"https://nirtal85.github.io/Selenium-Python-Example/713//#testresult/64f8c7992ac18e0d","status":"broken","statusDetails":"selenium.common.exceptions.TimeoutException: Message: \nStacktrace:\n#0 0x55c6fcf1c53a <unknown>\n#1 0x55c6fca17f00 <unknown>\n#2 0x55c6fca67c0c <unknown>\n#3 0x55c6fca67e31 <unknown>\n#4 0x55c6fcaadbd4 <unknown>\n#5 0x55c6fca8c5cd <unknown>\n#6 0x55c6fcaaaf84 <unknown>\n#7 0x55c6fca8c343 <unknown>\n#8 0x55c6fca5978a <unknown>\n#9 0x55c6fca5a9de <unknown>\n#10 0x55c6fcee62cb <unknown>\n#11 0x55c6fceea242 <unknown>\n#12 0x55c6fced37ac <unknown>\n#13 0x55c6fceeadf7 <unknown>\n#14 0x55c6fceb7b2f <unknown>\n#15 0x55c6fcf0b1a8 <unknown>\n#16 0x55c6fcf0b370 <unknown>\n#17 0x55c6fcf1b3b6 <unknown>\n#18 0x7fa8d6c9caa4 <unknown>\n#19 0x7fa8d6d29c3c <unknown>","time":{"start":1752372640838,"stop":1752372651243,"duration":10405}},{"uid":"cb7285239b0aa43a","reportUrl":"https://nirtal85.github.io/Selenium-Python-Example/712//#testresult/cb7285239b0aa43a","status":"broken","statusDetails":"selenium.common.exceptions.TimeoutException: Message: \nStacktrace:\n#0 0x561f9486153a <unknown>\n#1 0x561f9435cf00 <unknown>\n#2 0x561f943acc0c <unknown>\n#3 0x561f943ace31 <unknown>\n#4 0x561f943f2bd4 <unknown>\n#5 0x561f943d15cd <unknown>\n#6 0x561f943eff84 <unknown>\n#7 0x561f943d1343 <unknown>\n#8 0x561f9439e78a <unknown>\n#9 0x561f9439f9de <unknown>\n#10 0x561f9482b2cb <unknown>\n#11 0x561f9482f242 <unknown>\n#12 0x561f948187ac <unknown>\n#13 0x561f9482fdf7 <unknown>\n#14 0x561f947fcb2f <unknown>\n#15 0x561f948501a8 <unknown>\n#16 0x561f94850370 <unknown>\n#17 0x561f948603b6 <unknown>\n#18 0x7fdd5bc9caa4 <unknown>\n#19 0x7fdd5bd29c3c <unknown>","time":{"start":1752285726787,"stop":1752285737162,"duration":10375}},{"uid":"ad559abf6fa05df6","reportUrl":"https://nirtal85.github.io/Selenium-Python-Example/711//#testresult/ad559abf6fa05df6","status":"broken","statusDetails":"selenium.common.exceptions.TimeoutException: Message: \nStacktrace:\n#0 0x5619690ea53a <unknown>\n#1 0x561968be5f00 <unknown>\n#2 0x561968c35c0c <unknown>\n#3 0x561968c35e31 <unknown>\n#4 0x561968c7bbd4 <unknown>\n#5 0x561968c5a5cd <unknown>\n#6 0x561968c78f84 <unknown>\n#7 0x561968c5a343 <unknown>\n#8 0x561968c2778a <unknown>\n#9 0x561968c289de <unknown>\n#10 0x5619690b42cb <unknown>\n#11 0x5619690b8242 <unknown>\n#12 0x5619690a17ac <unknown>\n#13 0x5619690b8df7 <unknown>\n#14 0x561969085b2f <unknown>\n#15 0x5619690d91a8 <unknown>\n#16 0x5619690d9370 <unknown>\n#17 0x5619690e93b6 <unknown>\n#18 0x7f48d309caa4 <unknown>\n#19 0x7f48d3129c3c <unknown>","time":{"start":1752199289425,"stop":1752199299918,"duration":10493}},{"uid":"4e35bd3093c0f18","reportUrl":"https://nirtal85.github.io/Selenium-Python-Example/710//#testresult/4e35bd3093c0f18","status":"broken","statusDetails":"selenium.common.exceptions.TimeoutException: Message: \nStacktrace:\n#0 0x55dddc33553a <unknown>\n#1 0x55dddbe30f00 <unknown>\n#2 0x55dddbe80c0c <unknown>\n#3 0x55dddbe80e31 <unknown>\n#4 0x55dddbec6bd4 <unknown>\n#5 0x55dddbea55cd <unknown>\n#6 0x55dddbec3f84 <unknown>\n#7 0x55dddbea5343 <unknown>\n#8 0x55dddbe7278a <unknown>\n#9 0x55dddbe739de <unknown>\n#10 0x55dddc2ff2cb <unknown>\n#11 0x55dddc303242 <unknown>\n#12 0x55dddc2ec7ac <unknown>\n#13 0x55dddc303df7 <unknown>\n#14 0x55dddc2d0b2f <unknown>\n#15 0x55dddc3241a8 <unknown>\n#16 0x55dddc324370 <unknown>\n#17 0x55dddc3343b6 <unknown>\n#18 0x7fa05f69caa4 <unknown>\n#19 0x7fa05f729c3c <unknown>","time":{"start":1752112742783,"stop":1752112753087,"duration":10304}},{"uid":"3e504a6eff4e2b7f","reportUrl":"https://nirtal85.github.io/Selenium-Python-Example/709//#testresult/3e504a6eff4e2b7f","status":"broken","statusDetails":"selenium.common.exceptions.TimeoutException: Message: \nStacktrace:\n#0 0x556cc975f53a <unknown>\n#1 0x556cc925af00 <unknown>\n#2 0x556cc92aac0c <unknown>\n#3 0x556cc92aae31 <unknown>\n#4 0x556cc92f0bd4 <unknown>\n#5 0x556cc92cf5cd <unknown>\n#6 0x556cc92edf84 <unknown>\n#7 0x556cc92cf343 <unknown>\n#8 0x556cc929c78a <unknown>\n#9 0x556cc929d9de <unknown>\n#10 0x556cc97292cb <unknown>\n#11 0x556cc972d242 <unknown>\n#12 0x556cc97167ac <unknown>\n#13 0x556cc972ddf7 <unknown>\n#14 0x556cc96fab2f <unknown>\n#15 0x556cc974e1a8 <unknown>\n#16 0x556cc974e370 <unknown>\n#17 0x556cc975e3b6 <unknown>\n#18 0x7fd990a9caa4 <unknown>\n#19 0x7fd990b29c3c <unknown>","time":{"start":1752026331928,"stop":1752026342239,"duration":10311}},{"uid":"b827fcf1e98c6b27","reportUrl":"https://nirtal85.github.io/Selenium-Python-Example/708//#testresult/b827fcf1e98c6b27","status":"broken","statusDetails":"selenium.common.exceptions.TimeoutException: Message: \nStacktrace:\n#0 0x561f8d9d753a <unknown>\n#1 0x561f8d4d2f00 <unknown>\n#2 0x561f8d522c0c <unknown>\n#3 0x561f8d522e31 <unknown>\n#4 0x561f8d568bd4 <unknown>\n#5 0x561f8d5475cd <unknown>\n#6 0x561f8d565f84 <unknown>\n#7 0x561f8d547343 <unknown>\n#8 0x561f8d51478a <unknown>\n#9 0x561f8d5159de <unknown>\n#10 0x561f8d9a12cb <unknown>\n#11 0x561f8d9a5242 <unknown>\n#12 0x561f8d98e7ac <unknown>\n#13 0x561f8d9a5df7 <unknown>\n#14 0x561f8d972b2f <unknown>\n#15 0x561f8d9c61a8 <unknown>\n#16 0x561f8d9c6370 <unknown>\n#17 0x561f8d9d63b6 <unknown>\n#18 0x7fd24fc9caa4 <unknown>\n#19 0x7fd24fd29c3c <unknown>","time":{"start":1751939846235,"stop":1751939856604,"duration":10369}},{"uid":"7c951d229446a9e","reportUrl":"https://nirtal85.github.io/Selenium-Python-Example/707//#testresult/7c951d229446a9e","status":"broken","statusDetails":"selenium.common.exceptions.TimeoutException: Message: \nStacktrace:\n#0 0x55740ecb453a <unknown>\n#1 0x55740e7aff00 <unknown>\n#2 0x55740e7ffc0c <unknown>\n#3 0x55740e7ffe31 <unknown>\n#4 0x55740e845bd4 <unknown>\n#5 0x55740e8245cd <unknown>\n#6 0x55740e842f84 <unknown>\n#7 0x55740e824343 <unknown>\n#8 0x55740e7f178a <unknown>\n#9 0x55740e7f29de <unknown>\n#10 0x55740ec7e2cb <unknown>\n#11 0x55740ec82242 <unknown>\n#12 0x55740ec6b7ac <unknown>\n#13 0x55740ec82df7 <unknown>\n#14 0x55740ec4fb2f <unknown>\n#15 0x55740eca31a8 <unknown>\n#16 0x55740eca3370 <unknown>\n#17 0x55740ecb33b6 <unknown>\n#18 0x7f27c189caa4 <unknown>\n#19 0x7f27c1929c3c <unknown>","time":{"start":1751853771787,"stop":1751853782146,"duration":10359}},{"uid":"d36a4ee62cb4fa56","reportUrl":"https://nirtal85.github.io/Selenium-Python-Example/706//#testresult/d36a4ee62cb4fa56","status":"broken","statusDetails":"selenium.common.exceptions.TimeoutException: Message: \nStacktrace:\n#0 0x55b35235053a <unknown>\n#1 0x55b351e4bf00 <unknown>\n#2 0x55b351e9bc0c <unknown>\n#3 0x55b351e9be31 <unknown>\n#4 0x55b351ee1bd4 <unknown>\n#5 0x55b351ec05cd <unknown>\n#6 0x55b351edef84 <unknown>\n#7 0x55b351ec0343 <unknown>\n#8 0x55b351e8d78a <unknown>\n#9 0x55b351e8e9de <unknown>\n#10 0x55b35231a2cb <unknown>\n#11 0x55b35231e242 <unknown>\n#12 0x55b3523077ac <unknown>\n#13 0x55b35231edf7 <unknown>\n#14 0x55b3522ebb2f <unknown>\n#15 0x55b35233f1a8 <unknown>\n#16 0x55b35233f370 <unknown>\n#17 0x55b35234f3b6 <unknown>\n#18 0x7f0a6ea9caa4 <unknown>\n#19 0x7f0a6eb29c3c <unknown>","time":{"start":1751767539115,"stop":1751767549523,"duration":10408}},{"uid":"16a167d17a840c5f","reportUrl":"https://nirtal85.github.io/Selenium-Python-Example/705//#testresult/16a167d17a840c5f","status":"broken","statusDetails":"selenium.common.exceptions.TimeoutException: Message: \nStacktrace:\n#0 0x5605cf43653a <unknown>\n#1 0x5605cef31f00 <unknown>\n#2 0x5605cef81c0c <unknown>\n#3 0x5605cef81e31 <unknown>\n#4 0x5605cefc7bd4 <unknown>\n#5 0x5605cefa65cd <unknown>\n#6 0x5605cefc4f84 <unknown>\n#7 0x5605cefa6343 <unknown>\n#8 0x5605cef7378a <unknown>\n#9 0x5605cef749de <unknown>\n#10 0x5605cf4002cb <unknown>\n#11 0x5605cf404242 <unknown>\n#12 0x5605cf3ed7ac <unknown>\n#13 0x5605cf404df7 <unknown>\n#14 0x5605cf3d1b2f <unknown>\n#15 0x5605cf4251a8 <unknown>\n#16 0x5605cf425370 <unknown>\n#17 0x5605cf4353b6 <unknown>\n#18 0x7f600f89caa4 <unknown>\n#19 0x7f600f929c3c <unknown>","time":{"start":1751680345960,"stop":1751680356312,"duration":10352}},{"uid":"c1c93ef81bd198d4","reportUrl":"https://nirtal85.github.io/Selenium-Python-Example/704//#testresult/c1c93ef81bd198d4","status":"broken","statusDetails":"selenium.common.exceptions.TimeoutException: Message: \nStacktrace:\n#0 0x55d3f634b53a <unknown>\n#1 0x55d3f5e46f00 <unknown>\n#2 0x55d3f5e96c0c <unknown>\n#3 0x55d3f5e96e31 <unknown>\n#4 0x55d3f5edcbd4 <unknown>\n#5 0x55d3f5ebb5cd <unknown>\n#6 0x55d3f5ed9f84 <unknown>\n#7 0x55d3f5ebb343 <unknown>\n#8 0x55d3f5e8878a <unknown>\n#9 0x55d3f5e899de <unknown>\n#10 0x55d3f63152cb <unknown>\n#11 0x55d3f6319242 <unknown>\n#12 0x55d3f63027ac <unknown>\n#13 0x55d3f6319df7 <unknown>\n#14 0x55d3f62e6b2f <unknown>\n#15 0x55d3f633a1a8 <unknown>\n#16 0x55d3f633a370 <unknown>\n#17 0x55d3f634a3b6 <unknown>\n#18 0x7f5e5489caa4 <unknown>\n#19 0x7f5e54929c3c <unknown>","time":{"start":1751594185461,"stop":1751594195809,"duration":10348}}]},"tags":["security"]},"source":"d14a8ed4866a1e79.json","parameterValues":[]}