{"uid":"d82b66b40d417ab5","name":"Create new workspace test","fullName":"tests.workspaces_test.TestWorkspaces#test_create_new_workspace","historyId":"e1f088bc30a040de4100d958931562b3","time":{"start":1753322625346,"stop":1753322625346,"duration":0},"description":"Create new Workspace","descriptionHtml":"<p>Create new Workspace</p>\n","status":"broken","statusMessage":"FileNotFoundError: [Errno 2] No such file or directory: '/home/runner/work/Selenium-Python-Example/Selenium-Python-Example/src/resources/tests_data.json'","statusTrace":"@fixture(scope=\"session\")\n    def data() -> Data:\n        json_path = Constants.DATA_PATH / \"tests_data.json\"\n>       with open(json_path, encoding=\"utf-8\") as json_file:\n             ^^^^^^^^^^^^^^^^^^^^^^^^^^^^^^^^^\nE       FileNotFoundError: [Errno 2] No such file or directory: '/home/runner/work/Selenium-Python-Example/Selenium-Python-Example/src/resources/tests_data.json'\n\ntests/conftest.py:60: FileNotFoundError","flaky":false,"newFailed":false,"newBroken":false,"newPassed":false,"retriesCount":0,"retriesStatusChange":false,"beforeStages":[{"name":"session_request","time":{"start":1753322642941,"stop":1753322642941,"duration":0},"status":"passed","steps":[],"attachments":[],"parameters":[],"shouldDisplayMessage":false,"stepsCount":0,"attachmentsCount":0,"hasContent":false,"attachmentStep":false},{"name":"base_url","time":{"start":1753322642941,"stop":1753322642941,"duration":0},"status":"passed","steps":[],"attachments":[],"parameters":[],"shouldDisplayMessage":false,"stepsCount":0,"attachmentsCount":0,"hasContent":false,"attachmentStep":false},{"name":"data","time":{"start":1753322642941,"stop":1753322642941,"duration":0},"status":"broken","statusMessage":"FileNotFoundError: [Errno 2] No such file or directory: '/home/runner/work/Selenium-Python-Example/Selenium-Python-Example/src/resources/tests_data.json'\n","statusTrace":"  File \"/home/runner/work/Selenium-Python-Example/Selenium-Python-Example/.venv/lib/python3.13/site-packages/pluggy/_callers.py\", line 167, in _multicall\n    teardown.throw(outcome._exception)\n    ~~~~~~~~~~~~~~^^^^^^^^^^^^^^^^^^^^\n  File \"/home/runner/work/Selenium-Python-Example/Selenium-Python-Example/.venv/lib/python3.13/site-packages/_pytest/setuponly.py\", line 36, in pytest_fixture_setup\n    return (yield)\n            ^^^^^\n  File \"/home/runner/work/Selenium-Python-Example/Selenium-Python-Example/.venv/lib/python3.13/site-packages/pluggy/_callers.py\", line 103, in _multicall\n    res = hook_impl.function(*args)\n  File \"/home/runner/work/Selenium-Python-Example/Selenium-Python-Example/.venv/lib/python3.13/site-packages/_pytest/fixtures.py\", line 1195, in pytest_fixture_setup\n    result = call_fixture_func(fixturefunc, request, kwargs)\n  File \"/home/runner/work/Selenium-Python-Example/Selenium-Python-Example/.venv/lib/python3.13/site-packages/_pytest/fixtures.py\", line 929, in call_fixture_func\n    fixture_result = fixturefunc(**kwargs)\n  File \"/home/runner/work/Selenium-Python-Example/Selenium-Python-Example/tests/conftest.py\", line 60, in data\n    with open(json_path, encoding=\"utf-8\") as json_file:\n         ~~~~^^^^^^^^^^^^^^^^^^^^^^^^^^^^^\n","steps":[],"attachments":[],"parameters":[],"shouldDisplayMessage":true,"stepsCount":0,"attachmentsCount":0,"hasContent":true,"attachmentStep":false},{"name":"_verify_url","time":{"start":1753322642941,"stop":1753322642941,"duration":0},"status":"passed","steps":[],"attachments":[],"parameters":[],"shouldDisplayMessage":false,"stepsCount":0,"attachmentsCount":0,"hasContent":false,"attachmentStep":false},{"name":"setup_method_fixture","time":{"start":1753322667967,"stop":1753322678310,"duration":10343},"status":"broken","statusMessage":"selenium.common.exceptions.TimeoutException: Message: \nStacktrace:\n#0 0x565331b2053a <unknown>\n#1 0x56533161bf00 <unknown>\n#2 0x56533166bc0c <unknown>\n#3 0x56533166be31 <unknown>\n#4 0x5653316b1bd4 <unknown>\n#5 0x5653316905cd <unknown>\n#6 0x5653316aef84 <unknown>\n#7 0x565331690343 <unknown>\n#8 0x56533165d78a <unknown>\n#9 0x56533165e9de <unknown>\n#10 0x565331aea2cb <unknown>\n#11 0x565331aee242 <unknown>\n#12 0x565331ad77ac <unknown>\n#13 0x565331aeedf7 <unknown>\n#14 0x565331abbb2f <unknown>\n#15 0x565331b0f1a8 <unknown>\n#16 0x565331b0f370 <unknown>\n#17 0x565331b1f3b6 <unknown>\n#18 0x7ff7e149caa4 <unknown>\n#19 0x7ff7e1529c3c <unknown>\n\n","statusTrace":"  File \"/home/runner/work/Selenium-Python-Example/Selenium-Python-Example/.venv/lib/python3.13/site-packages/pluggy/_callers.py\", line 167, in _multicall\n    teardown.throw(outcome._exception)\n    ~~~~~~~~~~~~~~^^^^^^^^^^^^^^^^^^^^\n  File \"/home/runner/work/Selenium-Python-Example/Selenium-Python-Example/.venv/lib/python3.13/site-packages/_pytest/setuponly.py\", line 36, in pytest_fixture_setup\n    return (yield)\n            ^^^^^\n  File \"/home/runner/work/Selenium-Python-Example/Selenium-Python-Example/.venv/lib/python3.13/site-packages/pluggy/_callers.py\", line 103, in _multicall\n    res = hook_impl.function(*args)\n  File \"/home/runner/work/Selenium-Python-Example/Selenium-Python-Example/.venv/lib/python3.13/site-packages/_pytest/fixtures.py\", line 1195, in pytest_fixture_setup\n    result = call_fixture_func(fixturefunc, request, kwargs)\n  File \"/home/runner/work/Selenium-Python-Example/Selenium-Python-Example/.venv/lib/python3.13/site-packages/_pytest/fixtures.py\", line 929, in call_fixture_func\n    fixture_result = fixturefunc(**kwargs)\n  File \"/home/runner/work/Selenium-Python-Example/Selenium-Python-Example/tests/workspaces_test.py\", line 25, in setup_method_fixture\n    login(self.about_page, self.login_page)\n    ~~~~~^^^^^^^^^^^^^^^^^^^^^^^^^^^^^^^^^^\n  File \"/home/runner/work/Selenium-Python-Example/Selenium-Python-Example/tests/workspaces_test.py\", line 15, in login\n    about_page.click_login_link()\n    ~~~~~~~~~~~~~~~~~~~~~~~~~~~^^\n  File \"/home/runner/work/Selenium-Python-Example/Selenium-Python-Example/.venv/lib/python3.13/site-packages/allure_commons/_allure.py\", line 202, in impl\n    return func(*a, **kw)\n  File \"/home/runner/work/Selenium-Python-Example/Selenium-Python-Example/src/pages/about_page.py\", line 18, in click_login_link\n    self.click(self.LOGIN_LINK)\n    ~~~~~~~~~~^^^^^^^^^^^^^^^^^\n  File \"/home/runner/work/Selenium-Python-Example/Selenium-Python-Example/src/pages/base_page.py\", line 59, in click\n    el: WebElement = self.wait.until(expected_conditions.element_to_be_clickable(locator))\n                     ~~~~~~~~~~~~~~~^^^^^^^^^^^^^^^^^^^^^^^^^^^^^^^^^^^^^^^^^^^^^^^^^^^^^^\n  File \"/home/runner/work/Selenium-Python-Example/Selenium-Python-Example/.venv/lib/python3.13/site-packages/selenium/webdriver/support/wait.py\", line 138, in until\n    raise TimeoutException(message, screen, stacktrace)\n","steps":[{"name":"Click Login link","time":{"start":1753322667968,"stop":1753322678309,"duration":10341},"status":"broken","statusMessage":"selenium.common.exceptions.TimeoutException: Message: \nStacktrace:\n#0 0x565331b2053a <unknown>\n#1 0x56533161bf00 <unknown>\n#2 0x56533166bc0c <unknown>\n#3 0x56533166be31 <unknown>\n#4 0x5653316b1bd4 <unknown>\n#5 0x5653316905cd <unknown>\n#6 0x5653316aef84 <unknown>\n#7 0x565331690343 <unknown>\n#8 0x56533165d78a <unknown>\n#9 0x56533165e9de <unknown>\n#10 0x565331aea2cb <unknown>\n#11 0x565331aee242 <unknown>\n#12 0x565331ad77ac <unknown>\n#13 0x565331aeedf7 <unknown>\n#14 0x565331abbb2f <unknown>\n#15 0x565331b0f1a8 <unknown>\n#16 0x565331b0f370 <unknown>\n#17 0x565331b1f3b6 <unknown>\n#18 0x7ff7e149caa4 <unknown>\n#19 0x7ff7e1529c3c <unknown>\n\n","statusTrace":"  File \"/home/runner/work/Selenium-Python-Example/Selenium-Python-Example/.venv/lib/python3.13/site-packages/allure_commons/_allure.py\", line 202, in impl\n    return func(*a, **kw)\n  File \"/home/runner/work/Selenium-Python-Example/Selenium-Python-Example/src/pages/about_page.py\", line 18, in click_login_link\n    self.click(self.LOGIN_LINK)\n    ~~~~~~~~~~^^^^^^^^^^^^^^^^^\n  File \"/home/runner/work/Selenium-Python-Example/Selenium-Python-Example/src/pages/base_page.py\", line 59, in click\n    el: WebElement = self.wait.until(expected_conditions.element_to_be_clickable(locator))\n                     ~~~~~~~~~~~~~~~^^^^^^^^^^^^^^^^^^^^^^^^^^^^^^^^^^^^^^^^^^^^^^^^^^^^^^\n  File \"/home/runner/work/Selenium-Python-Example/Selenium-Python-Example/.venv/lib/python3.13/site-packages/selenium/webdriver/support/wait.py\", line 138, in until\n    raise TimeoutException(message, screen, stacktrace)\n","steps":[],"attachments":[],"parameters":[],"shouldDisplayMessage":true,"stepsCount":0,"attachmentsCount":0,"hasContent":true,"attachmentStep":false}],"attachments":[],"parameters":[],"shouldDisplayMessage":false,"stepsCount":1,"attachmentsCount":0,"hasContent":true,"attachmentStep":false}],"testStage":{"description":"Create new Workspace","status":"broken","statusMessage":"FileNotFoundError: [Errno 2] No such file or directory: '/home/runner/work/Selenium-Python-Example/Selenium-Python-Example/src/resources/tests_data.json'","statusTrace":"@fixture(scope=\"session\")\n    def data() -> Data:\n        json_path = Constants.DATA_PATH / \"tests_data.json\"\n>       with open(json_path, encoding=\"utf-8\") as json_file:\n             ^^^^^^^^^^^^^^^^^^^^^^^^^^^^^^^^^\nE       FileNotFoundError: [Errno 2] No such file or directory: '/home/runner/work/Selenium-Python-Example/Selenium-Python-Example/src/resources/tests_data.json'\n\ntests/conftest.py:60: FileNotFoundError","steps":[{"name":"public ip address","time":{"start":1753322642994,"stop":1753322643051,"duration":57},"status":"passed","steps":[],"attachments":[{"uid":"cedb3d09b3c249e2","name":"HTTP logs of http://checkip.amazonaws.com/","source":"cedb3d09b3c249e2.txt","type":"text/plain","size":359}],"parameters":[],"shouldDisplayMessage":false,"stepsCount":0,"attachmentsCount":1,"hasContent":true,"attachmentStep":false}],"attachments":[{"uid":"2ecd5e4466b21d25","name":"Cookies","source":"2ecd5e4466b21d25.json","type":"application/json","size":4118},{"uid":"2f262d2afa459d66","name":"Session Storage","source":"2f262d2afa459d66.json","type":"application/json","size":359},{"uid":"58062432b5ee0de4","name":"Local Storage","source":"58062432b5ee0de4.json","type":"application/json","size":548},{"uid":"a0c6ef7e6bb5fa42","name":"Full Page Screenshot","source":"a0c6ef7e6bb5fa42.png","type":"image/png","size":1838627},{"uid":"16e312b04ad918ef","name":"URL","source":"16e312b04ad918ef.uri","type":"text/uri-list","size":23},{"uid":"107094037986571f","name":"Network Logs","source":"107094037986571f.json","type":"application/json","size":3292045}],"parameters":[],"shouldDisplayMessage":true,"stepsCount":1,"attachmentsCount":7,"hasContent":true,"attachmentStep":false},"afterStages":[{"name":"session_request::0","time":{"start":1753322728608,"stop":1753322728608,"duration":0},"status":"passed","steps":[],"attachments":[],"parameters":[],"shouldDisplayMessage":false,"stepsCount":0,"attachmentsCount":0,"hasContent":false,"attachmentStep":false}],"labels":[{"name":"severity","value":"normal"},{"name":"story","value":"WorkSpaces Creation and Editing Functionality"},{"name":"epic","value":"Workspaces"},{"name":"parentSuite","value":"tests"},{"name":"suite","value":"workspaces_test"},{"name":"subSuite","value":"TestWorkspaces"},{"name":"host","value":"pkrvmpptgkbjq6m"},{"name":"thread","value":"2152-MainThread"},{"name":"framework","value":"pytest"},{"name":"language","value":"cpython3"},{"name":"package","value":"tests.workspaces_test"},{"name":"resultFormat","value":"allure2"}],"parameters":[],"links":[],"hidden":false,"retry":false,"extra":{"severity":"normal","retries":[],"categories":[{"name":"Test defects","matchedStatuses":[],"flaky":false}],"history":{"statistic":{"failed":0,"broken":24,"skipped":0,"passed":0,"unknown":0,"total":24},"items":[{"uid":"1839428e79e987e9","reportUrl":"https://nirtal85.github.io/Selenium-Python-Example/723//#testresult/1839428e79e987e9","status":"broken","statusDetails":"FileNotFoundError: [Errno 2] No such file or directory: '/home/runner/work/Selenium-Python-Example/Selenium-Python-Example/src/resources/tests_data.json'","time":{"start":1753236270821,"stop":1753236270821,"duration":0}},{"uid":"9eb9251b15751d7b","reportUrl":"https://nirtal85.github.io/Selenium-Python-Example/722//#testresult/9eb9251b15751d7b","status":"broken","statusDetails":"FileNotFoundError: [Errno 2] No such file or directory: '/home/runner/work/Selenium-Python-Example/Selenium-Python-Example/src/resources/tests_data.json'","time":{"start":1753149810676,"stop":1753149810676,"duration":0}},{"uid":"fb432e31ec311ec6","reportUrl":"https://nirtal85.github.io/Selenium-Python-Example/721//#testresult/fb432e31ec311ec6","status":"broken","statusDetails":"FileNotFoundError: [Errno 2] No such file or directory: '/home/runner/work/Selenium-Python-Example/Selenium-Python-Example/src/resources/tests_data.json'","time":{"start":1753063752192,"stop":1753063752192,"duration":0}},{"uid":"4d49a2fe50ab0041","reportUrl":"https://nirtal85.github.io/Selenium-Python-Example/720//#testresult/4d49a2fe50ab0041","status":"broken","statusDetails":"FileNotFoundError: [Errno 2] No such file or directory: '/home/runner/work/Selenium-Python-Example/Selenium-Python-Example/src/resources/tests_data.json'","time":{"start":1752977527762,"stop":1752977527762,"duration":0}},{"uid":"a41ca7d2c22171b5","reportUrl":"https://nirtal85.github.io/Selenium-Python-Example/719//#testresult/a41ca7d2c22171b5","status":"broken","statusDetails":"FileNotFoundError: [Errno 2] No such file or directory: '/home/runner/work/Selenium-Python-Example/Selenium-Python-Example/src/resources/tests_data.json'","time":{"start":1752890306581,"stop":1752890306581,"duration":0}},{"uid":"1ae56f28c490e330","reportUrl":"https://nirtal85.github.io/Selenium-Python-Example/718//#testresult/1ae56f28c490e330","status":"broken","statusDetails":"FileNotFoundError: [Errno 2] No such file or directory: '/home/runner/work/Selenium-Python-Example/Selenium-Python-Example/src/resources/tests_data.json'","time":{"start":1752804265357,"stop":1752804265357,"duration":0}},{"uid":"612ac83e1d4dad88","reportUrl":"https://nirtal85.github.io/Selenium-Python-Example/717//#testresult/612ac83e1d4dad88","status":"broken","statusDetails":"FileNotFoundError: [Errno 2] No such file or directory: '/home/runner/work/Selenium-Python-Example/Selenium-Python-Example/src/resources/tests_data.json'","time":{"start":1752717771781,"stop":1752717771781,"duration":0}},{"uid":"6fd43da566c86a44","reportUrl":"https://nirtal85.github.io/Selenium-Python-Example/716//#testresult/6fd43da566c86a44","status":"broken","statusDetails":"FileNotFoundError: [Errno 2] No such file or directory: '/home/runner/work/Selenium-Python-Example/Selenium-Python-Example/src/resources/tests_data.json'","time":{"start":1752631347974,"stop":1752631347974,"duration":0}},{"uid":"de370772ebf4b035","reportUrl":"https://nirtal85.github.io/Selenium-Python-Example/715//#testresult/de370772ebf4b035","status":"broken","statusDetails":"FileNotFoundError: [Errno 2] No such file or directory: '/home/runner/work/Selenium-Python-Example/Selenium-Python-Example/src/resources/tests_data.json'","time":{"start":1752545136890,"stop":1752545136890,"duration":0}},{"uid":"a6203d3008f56768","reportUrl":"https://nirtal85.github.io/Selenium-Python-Example/714//#testresult/a6203d3008f56768","status":"broken","statusDetails":"FileNotFoundError: [Errno 2] No such file or directory: '/home/runner/work/Selenium-Python-Example/Selenium-Python-Example/src/resources/tests_data.json'","time":{"start":1752458749746,"stop":1752458749746,"duration":0}},{"uid":"c851273733774976","reportUrl":"https://nirtal85.github.io/Selenium-Python-Example/713//#testresult/c851273733774976","status":"broken","statusDetails":"FileNotFoundError: [Errno 2] No such file or directory: '/home/runner/work/Selenium-Python-Example/Selenium-Python-Example/src/resources/tests_data.json'","time":{"start":1752372622279,"stop":1752372622279,"duration":0}},{"uid":"2203a676d071b581","reportUrl":"https://nirtal85.github.io/Selenium-Python-Example/712//#testresult/2203a676d071b581","status":"broken","statusDetails":"FileNotFoundError: [Errno 2] No such file or directory: '/home/runner/work/Selenium-Python-Example/Selenium-Python-Example/src/resources/tests_data.json'","time":{"start":1752285713626,"stop":1752285713626,"duration":0}},{"uid":"8ef9ed10c5156ccf","reportUrl":"https://nirtal85.github.io/Selenium-Python-Example/711//#testresult/8ef9ed10c5156ccf","status":"broken","statusDetails":"FileNotFoundError: [Errno 2] No such file or directory: '/home/runner/work/Selenium-Python-Example/Selenium-Python-Example/src/resources/tests_data.json'","time":{"start":1752199275722,"stop":1752199275722,"duration":0}},{"uid":"b7b8f1bb97087f69","reportUrl":"https://nirtal85.github.io/Selenium-Python-Example/710//#testresult/b7b8f1bb97087f69","status":"broken","statusDetails":"FileNotFoundError: [Errno 2] No such file or directory: '/home/runner/work/Selenium-Python-Example/Selenium-Python-Example/src/resources/tests_data.json'","time":{"start":1752112726576,"stop":1752112726576,"duration":0}},{"uid":"f5087da540b033b9","reportUrl":"https://nirtal85.github.io/Selenium-Python-Example/709//#testresult/f5087da540b033b9","status":"broken","statusDetails":"FileNotFoundError: [Errno 2] No such file or directory: '/home/runner/work/Selenium-Python-Example/Selenium-Python-Example/src/resources/tests_data.json'","time":{"start":1752026321241,"stop":1752026321241,"duration":0}},{"uid":"4eee7803c0776893","reportUrl":"https://nirtal85.github.io/Selenium-Python-Example/708//#testresult/4eee7803c0776893","status":"broken","statusDetails":"FileNotFoundError: [Errno 2] No such file or directory: '/home/runner/work/Selenium-Python-Example/Selenium-Python-Example/src/resources/tests_data.json'","time":{"start":1751939846557,"stop":1751939846557,"duration":0}},{"uid":"cf2f020cfadad28a","reportUrl":"https://nirtal85.github.io/Selenium-Python-Example/707//#testresult/cf2f020cfadad28a","status":"broken","statusDetails":"FileNotFoundError: [Errno 2] No such file or directory: '/home/runner/work/Selenium-Python-Example/Selenium-Python-Example/src/resources/tests_data.json'","time":{"start":1751853744409,"stop":1751853744409,"duration":0}},{"uid":"6411b20ef1f0b203","reportUrl":"https://nirtal85.github.io/Selenium-Python-Example/706//#testresult/6411b20ef1f0b203","status":"broken","statusDetails":"FileNotFoundError: [Errno 2] No such file or directory: '/home/runner/work/Selenium-Python-Example/Selenium-Python-Example/src/resources/tests_data.json'","time":{"start":1751767526081,"stop":1751767526081,"duration":0}},{"uid":"2f0d02c25228e0b0","reportUrl":"https://nirtal85.github.io/Selenium-Python-Example/705//#testresult/2f0d02c25228e0b0","status":"broken","statusDetails":"FileNotFoundError: [Errno 2] No such file or directory: '/home/runner/work/Selenium-Python-Example/Selenium-Python-Example/src/resources/tests_data.json'","time":{"start":1751680333097,"stop":1751680333097,"duration":0}},{"uid":"27f5868c3a7e2222","reportUrl":"https://nirtal85.github.io/Selenium-Python-Example/704//#testresult/27f5868c3a7e2222","status":"broken","statusDetails":"FileNotFoundError: [Errno 2] No such file or directory: '/home/runner/work/Selenium-Python-Example/Selenium-Python-Example/src/resources/tests_data.json'","time":{"start":1751594171893,"stop":1751594171893,"duration":0}}]},"tags":[]},"source":"d82b66b40d417ab5.json","parameterValues":[]}