{"uid":"43a58fdcf6cb69b4","name":"Rename an existing workspace test","fullName":"tests.workspaces_test.TestWorkspaces#test_rename_workspace","historyId":"cd63adf5d11191c5904362b968c9e131","time":{"start":1755136654635,"stop":1755136654635,"duration":0},"description":"Rename an existing workspace","descriptionHtml":"<p>Rename an existing workspace</p>\n","status":"broken","statusMessage":"FileNotFoundError: [Errno 2] No such file or directory: '/home/runner/work/Selenium-Python-Example/Selenium-Python-Example/src/resources/tests_data.json'","statusTrace":"@fixture(scope=\"session\")\n    def data() -> Data:\n        json_path = Constants.DATA_PATH / \"tests_data.json\"\n>       with open(json_path, encoding=\"utf-8\") as json_file:\n             ^^^^^^^^^^^^^^^^^^^^^^^^^^^^^^^^^\nE       FileNotFoundError: [Errno 2] No such file or directory: '/home/runner/work/Selenium-Python-Example/Selenium-Python-Example/src/resources/tests_data.json'\n\ntests/conftest.py:60: FileNotFoundError","flaky":false,"newFailed":false,"newBroken":false,"newPassed":false,"retriesCount":0,"retriesStatusChange":false,"beforeStages":[{"name":"base_url","time":{"start":1755136652363,"stop":1755136652363,"duration":0},"status":"passed","steps":[],"attachments":[],"parameters":[],"shouldDisplayMessage":false,"stepsCount":0,"attachmentsCount":0,"hasContent":false,"attachmentStep":false},{"name":"session_request","time":{"start":1755136652363,"stop":1755136652364,"duration":1},"status":"passed","steps":[],"attachments":[],"parameters":[],"shouldDisplayMessage":false,"stepsCount":0,"attachmentsCount":0,"hasContent":false,"attachmentStep":false},{"name":"_verify_url","time":{"start":1755136652363,"stop":1755136652363,"duration":0},"status":"passed","steps":[],"attachments":[],"parameters":[],"shouldDisplayMessage":false,"stepsCount":0,"attachmentsCount":0,"hasContent":false,"attachmentStep":false},{"name":"data","time":{"start":1755136652364,"stop":1755136652364,"duration":0},"status":"broken","statusMessage":"FileNotFoundError: [Errno 2] No such file or directory: '/home/runner/work/Selenium-Python-Example/Selenium-Python-Example/src/resources/tests_data.json'\n","statusTrace":"  File \"/home/runner/work/Selenium-Python-Example/Selenium-Python-Example/.venv/lib/python3.13/site-packages/pluggy/_callers.py\", line 167, in _multicall\n    teardown.throw(outcome._exception)\n    ~~~~~~~~~~~~~~^^^^^^^^^^^^^^^^^^^^\n  File \"/home/runner/work/Selenium-Python-Example/Selenium-Python-Example/.venv/lib/python3.13/site-packages/_pytest/setuponly.py\", line 36, in pytest_fixture_setup\n    return (yield)\n            ^^^^^\n  File \"/home/runner/work/Selenium-Python-Example/Selenium-Python-Example/.venv/lib/python3.13/site-packages/pluggy/_callers.py\", line 103, in _multicall\n    res = hook_impl.function(*args)\n  File \"/home/runner/work/Selenium-Python-Example/Selenium-Python-Example/.venv/lib/python3.13/site-packages/_pytest/fixtures.py\", line 1195, in pytest_fixture_setup\n    result = call_fixture_func(fixturefunc, request, kwargs)\n  File \"/home/runner/work/Selenium-Python-Example/Selenium-Python-Example/.venv/lib/python3.13/site-packages/_pytest/fixtures.py\", line 929, in call_fixture_func\n    fixture_result = fixturefunc(**kwargs)\n  File \"/home/runner/work/Selenium-Python-Example/Selenium-Python-Example/tests/conftest.py\", line 60, in data\n    with open(json_path, encoding=\"utf-8\") as json_file:\n         ~~~~^^^^^^^^^^^^^^^^^^^^^^^^^^^^^\n","steps":[],"attachments":[],"parameters":[],"shouldDisplayMessage":true,"stepsCount":0,"attachmentsCount":0,"hasContent":true,"attachmentStep":false},{"name":"setup_method_fixture","time":{"start":1755136673289,"stop":1755136683631,"duration":10342},"status":"broken","statusMessage":"selenium.common.exceptions.TimeoutException: Message: \nStacktrace:\n#0 0x55e4ec6d753a <unknown>\n#1 0x55e4ec1d2f00 <unknown>\n#2 0x55e4ec222c0c <unknown>\n#3 0x55e4ec222e31 <unknown>\n#4 0x55e4ec268bd4 <unknown>\n#5 0x55e4ec2475cd <unknown>\n#6 0x55e4ec265f84 <unknown>\n#7 0x55e4ec247343 <unknown>\n#8 0x55e4ec21478a <unknown>\n#9 0x55e4ec2159de <unknown>\n#10 0x55e4ec6a12cb <unknown>\n#11 0x55e4ec6a5242 <unknown>\n#12 0x55e4ec68e7ac <unknown>\n#13 0x55e4ec6a5df7 <unknown>\n#14 0x55e4ec672b2f <unknown>\n#15 0x55e4ec6c61a8 <unknown>\n#16 0x55e4ec6c6370 <unknown>\n#17 0x55e4ec6d63b6 <unknown>\n#18 0x7fc2c4a9caa4 <unknown>\n#19 0x7fc2c4b29c3c <unknown>\n\n","statusTrace":"  File \"/home/runner/work/Selenium-Python-Example/Selenium-Python-Example/.venv/lib/python3.13/site-packages/pluggy/_callers.py\", line 167, in _multicall\n    teardown.throw(outcome._exception)\n    ~~~~~~~~~~~~~~^^^^^^^^^^^^^^^^^^^^\n  File \"/home/runner/work/Selenium-Python-Example/Selenium-Python-Example/.venv/lib/python3.13/site-packages/_pytest/setuponly.py\", line 36, in pytest_fixture_setup\n    return (yield)\n            ^^^^^\n  File \"/home/runner/work/Selenium-Python-Example/Selenium-Python-Example/.venv/lib/python3.13/site-packages/pluggy/_callers.py\", line 103, in _multicall\n    res = hook_impl.function(*args)\n  File \"/home/runner/work/Selenium-Python-Example/Selenium-Python-Example/.venv/lib/python3.13/site-packages/_pytest/fixtures.py\", line 1195, in pytest_fixture_setup\n    result = call_fixture_func(fixturefunc, request, kwargs)\n  File \"/home/runner/work/Selenium-Python-Example/Selenium-Python-Example/.venv/lib/python3.13/site-packages/_pytest/fixtures.py\", line 929, in call_fixture_func\n    fixture_result = fixturefunc(**kwargs)\n  File \"/home/runner/work/Selenium-Python-Example/Selenium-Python-Example/tests/workspaces_test.py\", line 25, in setup_method_fixture\n    login(self.about_page, self.login_page)\n    ~~~~~^^^^^^^^^^^^^^^^^^^^^^^^^^^^^^^^^^\n  File \"/home/runner/work/Selenium-Python-Example/Selenium-Python-Example/tests/workspaces_test.py\", line 15, in login\n    about_page.click_login_link()\n    ~~~~~~~~~~~~~~~~~~~~~~~~~~~^^\n  File \"/home/runner/work/Selenium-Python-Example/Selenium-Python-Example/.venv/lib/python3.13/site-packages/allure_commons/_allure.py\", line 202, in impl\n    return func(*a, **kw)\n  File \"/home/runner/work/Selenium-Python-Example/Selenium-Python-Example/src/pages/about_page.py\", line 18, in click_login_link\n    self.click(self.LOGIN_LINK)\n    ~~~~~~~~~~^^^^^^^^^^^^^^^^^\n  File \"/home/runner/work/Selenium-Python-Example/Selenium-Python-Example/src/pages/base_page.py\", line 59, in click\n    el: WebElement = self.wait.until(expected_conditions.element_to_be_clickable(locator))\n                     ~~~~~~~~~~~~~~~^^^^^^^^^^^^^^^^^^^^^^^^^^^^^^^^^^^^^^^^^^^^^^^^^^^^^^\n  File \"/home/runner/work/Selenium-Python-Example/Selenium-Python-Example/.venv/lib/python3.13/site-packages/selenium/webdriver/support/wait.py\", line 138, in until\n    raise TimeoutException(message, screen, stacktrace)\n","steps":[{"name":"Click Login link","time":{"start":1755136673289,"stop":1755136683630,"duration":10341},"status":"broken","statusMessage":"selenium.common.exceptions.TimeoutException: Message: \nStacktrace:\n#0 0x55e4ec6d753a <unknown>\n#1 0x55e4ec1d2f00 <unknown>\n#2 0x55e4ec222c0c <unknown>\n#3 0x55e4ec222e31 <unknown>\n#4 0x55e4ec268bd4 <unknown>\n#5 0x55e4ec2475cd <unknown>\n#6 0x55e4ec265f84 <unknown>\n#7 0x55e4ec247343 <unknown>\n#8 0x55e4ec21478a <unknown>\n#9 0x55e4ec2159de <unknown>\n#10 0x55e4ec6a12cb <unknown>\n#11 0x55e4ec6a5242 <unknown>\n#12 0x55e4ec68e7ac <unknown>\n#13 0x55e4ec6a5df7 <unknown>\n#14 0x55e4ec672b2f <unknown>\n#15 0x55e4ec6c61a8 <unknown>\n#16 0x55e4ec6c6370 <unknown>\n#17 0x55e4ec6d63b6 <unknown>\n#18 0x7fc2c4a9caa4 <unknown>\n#19 0x7fc2c4b29c3c <unknown>\n\n","statusTrace":"  File \"/home/runner/work/Selenium-Python-Example/Selenium-Python-Example/.venv/lib/python3.13/site-packages/allure_commons/_allure.py\", line 202, in impl\n    return func(*a, **kw)\n  File \"/home/runner/work/Selenium-Python-Example/Selenium-Python-Example/src/pages/about_page.py\", line 18, in click_login_link\n    self.click(self.LOGIN_LINK)\n    ~~~~~~~~~~^^^^^^^^^^^^^^^^^\n  File \"/home/runner/work/Selenium-Python-Example/Selenium-Python-Example/src/pages/base_page.py\", line 59, in click\n    el: WebElement = self.wait.until(expected_conditions.element_to_be_clickable(locator))\n                     ~~~~~~~~~~~~~~~^^^^^^^^^^^^^^^^^^^^^^^^^^^^^^^^^^^^^^^^^^^^^^^^^^^^^^\n  File \"/home/runner/work/Selenium-Python-Example/Selenium-Python-Example/.venv/lib/python3.13/site-packages/selenium/webdriver/support/wait.py\", line 138, in until\n    raise TimeoutException(message, screen, stacktrace)\n","steps":[],"attachments":[],"parameters":[],"shouldDisplayMessage":true,"stepsCount":0,"attachmentsCount":0,"hasContent":true,"attachmentStep":false}],"attachments":[],"parameters":[],"shouldDisplayMessage":false,"stepsCount":1,"attachmentsCount":0,"hasContent":true,"attachmentStep":false}],"testStage":{"description":"Rename an existing workspace","status":"broken","statusMessage":"FileNotFoundError: [Errno 2] No such file or directory: '/home/runner/work/Selenium-Python-Example/Selenium-Python-Example/src/resources/tests_data.json'","statusTrace":"@fixture(scope=\"session\")\n    def data() -> Data:\n        json_path = Constants.DATA_PATH / \"tests_data.json\"\n>       with open(json_path, encoding=\"utf-8\") as json_file:\n             ^^^^^^^^^^^^^^^^^^^^^^^^^^^^^^^^^\nE       FileNotFoundError: [Errno 2] No such file or directory: '/home/runner/work/Selenium-Python-Example/Selenium-Python-Example/src/resources/tests_data.json'\n\ntests/conftest.py:60: FileNotFoundError","steps":[{"name":"public ip address","time":{"start":1755136657251,"stop":1755136657259,"duration":8},"status":"passed","steps":[],"attachments":[{"uid":"3150730d041f95ae","name":"HTTP logs of http://checkip.amazonaws.com/","source":"3150730d041f95ae.txt","type":"text/plain","size":356}],"parameters":[],"shouldDisplayMessage":false,"stepsCount":0,"attachmentsCount":1,"hasContent":true,"attachmentStep":false}],"attachments":[{"uid":"ccc25d7eeb21169d","name":"Cookies","source":"ccc25d7eeb21169d.json","type":"application/json","size":4118},{"uid":"601db0304ad157b4","name":"Session Storage","source":"601db0304ad157b4.json","type":"application/json","size":359},{"uid":"ccdc761d0a2c7208","name":"Local Storage","source":"ccdc761d0a2c7208.json","type":"application/json","size":548},{"uid":"551e1e79edbc6208","name":"Full Page Screenshot","source":"551e1e79edbc6208.png","type":"image/png","size":1905934},{"uid":"8af04c72765cf906","name":"URL","source":"8af04c72765cf906.uri","type":"text/uri-list","size":23},{"uid":"53fcc88c5c7203ca","name":"Network Logs","source":"53fcc88c5c7203ca.json","type":"application/json","size":64294}],"parameters":[],"shouldDisplayMessage":true,"stepsCount":1,"attachmentsCount":7,"hasContent":true,"attachmentStep":false},"afterStages":[{"name":"session_request::0","time":{"start":1755136728555,"stop":1755136728555,"duration":0},"status":"passed","steps":[],"attachments":[],"parameters":[],"shouldDisplayMessage":false,"stepsCount":0,"attachmentsCount":0,"hasContent":false,"attachmentStep":false}],"labels":[{"name":"story","value":"WorkSpaces Creation and Editing Functionality"},{"name":"epic","value":"Workspaces"},{"name":"severity","value":"normal"},{"name":"parentSuite","value":"tests"},{"name":"suite","value":"workspaces_test"},{"name":"subSuite","value":"TestWorkspaces"},{"name":"host","value":"pkrvmsl9tci6h6u"},{"name":"thread","value":"2166-MainThread"},{"name":"framework","value":"pytest"},{"name":"language","value":"cpython3"},{"name":"package","value":"tests.workspaces_test"},{"name":"resultFormat","value":"allure2"}],"parameters":[],"links":[],"hidden":false,"retry":false,"extra":{"severity":"normal","retries":[],"categories":[{"name":"Test defects","matchedStatuses":[],"flaky":false}],"history":{"statistic":{"failed":0,"broken":14,"skipped":0,"passed":0,"unknown":0,"total":14},"items":[{"uid":"a9f26a32a01746c3","reportUrl":"https://nirtal85.github.io/Selenium-Python-Example/744//#testresult/a9f26a32a01746c3","status":"broken","statusDetails":"FileNotFoundError: [Errno 2] No such file or directory: '/home/runner/work/Selenium-Python-Example/Selenium-Python-Example/src/resources/tests_data.json'","time":{"start":1755050245470,"stop":1755050245470,"duration":0}},{"uid":"4b86f6c27256f77d","reportUrl":"https://nirtal85.github.io/Selenium-Python-Example/743//#testresult/4b86f6c27256f77d","status":"broken","statusDetails":"FileNotFoundError: [Errno 2] No such file or directory: '/home/runner/work/Selenium-Python-Example/Selenium-Python-Example/src/resources/tests_data.json'","time":{"start":1754963718935,"stop":1754963718935,"duration":0}},{"uid":"38056f973faf485f","reportUrl":"https://nirtal85.github.io/Selenium-Python-Example/742//#testresult/38056f973faf485f","status":"broken","statusDetails":"FileNotFoundError: [Errno 2] No such file or directory: '/home/runner/work/Selenium-Python-Example/Selenium-Python-Example/src/resources/tests_data.json'","time":{"start":1754878045613,"stop":1754878045613,"duration":0}},{"uid":"b591ecd386ce9491","reportUrl":"https://nirtal85.github.io/Selenium-Python-Example/741//#testresult/b591ecd386ce9491","status":"broken","statusDetails":"FileNotFoundError: [Errno 2] No such file or directory: '/home/runner/work/Selenium-Python-Example/Selenium-Python-Example/src/resources/tests_data.json'","time":{"start":1754791867235,"stop":1754791867235,"duration":0}},{"uid":"f7c4a1d4a0b09c66","reportUrl":"https://nirtal85.github.io/Selenium-Python-Example/740//#testresult/f7c4a1d4a0b09c66","status":"broken","statusDetails":"FileNotFoundError: [Errno 2] No such file or directory: '/home/runner/work/Selenium-Python-Example/Selenium-Python-Example/src/resources/tests_data.json'","time":{"start":1754704585683,"stop":1754704585683,"duration":0}},{"uid":"a2b85be9bd6630c6","reportUrl":"https://nirtal85.github.io/Selenium-Python-Example/739//#testresult/a2b85be9bd6630c6","status":"broken","statusDetails":"FileNotFoundError: [Errno 2] No such file or directory: '/home/runner/work/Selenium-Python-Example/Selenium-Python-Example/src/resources/tests_data.json'","time":{"start":1754618836815,"stop":1754618836815,"duration":0}},{"uid":"ee46b1029a9cae85","reportUrl":"https://nirtal85.github.io/Selenium-Python-Example/738//#testresult/ee46b1029a9cae85","status":"broken","statusDetails":"FileNotFoundError: [Errno 2] No such file or directory: '/home/runner/work/Selenium-Python-Example/Selenium-Python-Example/src/resources/tests_data.json'","time":{"start":1754532471541,"stop":1754532471541,"duration":0}},{"uid":"bc554fad500f29af","reportUrl":"https://nirtal85.github.io/Selenium-Python-Example/737//#testresult/bc554fad500f29af","status":"broken","statusDetails":"FileNotFoundError: [Errno 2] No such file or directory: '/home/runner/work/Selenium-Python-Example/Selenium-Python-Example/src/resources/tests_data.json'","time":{"start":1754446043469,"stop":1754446043469,"duration":0}},{"uid":"f0f241e8bd6b1078","reportUrl":"https://nirtal85.github.io/Selenium-Python-Example/736//#testresult/f0f241e8bd6b1078","status":"broken","statusDetails":"FileNotFoundError: [Errno 2] No such file or directory: '/home/runner/work/Selenium-Python-Example/Selenium-Python-Example/src/resources/tests_data.json'","time":{"start":1754359765912,"stop":1754359765912,"duration":0}},{"uid":"24fcca0e14357a1e","reportUrl":"https://nirtal85.github.io/Selenium-Python-Example/735//#testresult/24fcca0e14357a1e","status":"broken","statusDetails":"FileNotFoundError: [Errno 2] No such file or directory: '/home/runner/work/Selenium-Python-Example/Selenium-Python-Example/src/resources/tests_data.json'","time":{"start":1754274089966,"stop":1754274089966,"duration":0}},{"uid":"7f44f369c0b7b451","reportUrl":"https://nirtal85.github.io/Selenium-Python-Example/734//#testresult/7f44f369c0b7b451","status":"broken","statusDetails":"FileNotFoundError: [Errno 2] No such file or directory: '/home/runner/work/Selenium-Python-Example/Selenium-Python-Example/src/resources/tests_data.json'","time":{"start":1754187682968,"stop":1754187682968,"duration":0}},{"uid":"ab7acfb2c8295b1e","reportUrl":"https://nirtal85.github.io/Selenium-Python-Example/733//#testresult/ab7acfb2c8295b1e","status":"broken","statusDetails":"FileNotFoundError: [Errno 2] No such file or directory: '/home/runner/work/Selenium-Python-Example/Selenium-Python-Example/src/resources/tests_data.json'","time":{"start":1754100038916,"stop":1754100038916,"duration":0}},{"uid":"fdb17a477b6e461a","reportUrl":"https://nirtal85.github.io/Selenium-Python-Example/732//#testresult/fdb17a477b6e461a","status":"broken","statusDetails":"FileNotFoundError: [Errno 2] No such file or directory: '/home/runner/work/Selenium-Python-Example/Selenium-Python-Example/src/resources/tests_data.json'","time":{"start":1754014981694,"stop":1754014981694,"duration":0}}]},"tags":[]},"source":"43a58fdcf6cb69b4.json","parameterValues":[]}