{"uid":"96016554c6686ee","name":"Number of projects displayed in page test","fullName":"tests.workspaces_test.TestWorkspaces#test_number_of_existing_projects","historyId":"34e866e263d4a1ed453e065aefe8091d","time":{"start":1756605117343,"stop":1756605117343,"duration":0},"description":"Compare between the actual number of projects seen on page and the number shown in workspaces block","descriptionHtml":"<p>Compare between the actual number of projects seen on page and the number shown in workspaces block</p>\n","status":"broken","statusMessage":"selenium.common.exceptions.TimeoutException: Message: \nStacktrace:\n#0 0x561aa57f653a <unknown>\n#1 0x561aa52f1f00 <unknown>\n#2 0x561aa5341c0c <unknown>\n#3 0x561aa5341e31 <unknown>\n#4 0x561aa5387bd4 <unknown>\n#5 0x561aa53665cd <unknown>\n#6 0x561aa5384f84 <unknown>\n#7 0x561aa5366343 <unknown>\n#8 0x561aa533378a <unknown>\n#9 0x561aa53349de <unknown>\n#10 0x561aa57c02cb <unknown>\n#11 0x561aa57c4242 <unknown>\n#12 0x561aa57ad7ac <unknown>\n#13 0x561aa57c4df7 <unknown>\n#14 0x561aa5791b2f <unknown>\n#15 0x561aa57e51a8 <unknown>\n#16 0x561aa57e5370 <unknown>\n#17 0x561aa57f53b6 <unknown>\n#18 0x7f7c22c9caa4 <unknown>\n#19 0x7f7c22d29c3c <unknown>","statusTrace":"self = <tests.workspaces_test.TestWorkspaces object at 0x7ff08f4c1a70>\n\n    @pytest.fixture(autouse=True)\n    def setup_method_fixture(self):\n>       login(self.about_page, self.login_page)\n\ntests/workspaces_test.py:25: \n_ _ _ _ _ _ _ _ _ _ _ _ _ _ _ _ _ _ _ _ _ _ _ _ _ _ _ _ _ _ _ _ _ _ _ _ _ _ _ _ \ntests/workspaces_test.py:15: in login\n    about_page.click_login_link()\nsrc/pages/about_page.py:18: in click_login_link\n    self.click(self.LOGIN_LINK)\nsrc/pages/base_page.py:59: in click\n    el: WebElement = self.wait.until(expected_conditions.element_to_be_clickable(locator))\n                     ^^^^^^^^^^^^^^^^^^^^^^^^^^^^^^^^^^^^^^^^^^^^^^^^^^^^^^^^^^^^^^^^^^^^^\n_ _ _ _ _ _ _ _ _ _ _ _ _ _ _ _ _ _ _ _ _ _ _ _ _ _ _ _ _ _ _ _ _ _ _ _ _ _ _ _ \n\nself = <selenium.webdriver.support.wait.WebDriverWait (session=\"05dffb9a587f8dd33a7ce706a512e648\")>\nmethod = <function element_to_be_clickable.<locals>._predicate at 0x7ff08f359e40>\nmessage = ''\n\n    def until(self, method: Callable[[D], Union[Literal[False], T]], message: str = \"\") -> T:\n        \"\"\"Wait until the method returns a value that is not False.\n    \n        Calls the method provided with the driver as an argument until the\n        return value does not evaluate to ``False``.\n    \n        Parameters:\n        -----------\n        method: callable(WebDriver)\n            - A callable object that takes a WebDriver instance as an argument.\n    \n        message: str\n            - Optional message for :exc:`TimeoutException`\n    \n        Return:\n        -------\n        object: T\n            - The result of the last call to `method`\n    \n        Raises:\n        -------\n        TimeoutException\n            - If 'method' does not return a truthy value within the WebDriverWait\n            object's timeout\n    \n        Example:\n        --------\n        >>> from selenium.webdriver.common.by import By\n        >>> from selenium.webdriver.support.ui import WebDriverWait\n        >>> from selenium.webdriver.support import expected_conditions as EC\n    \n        # Wait until an element is visible on the page\n        >>> wait = WebDriverWait(driver, 10)\n        >>> element = wait.until(EC.visibility_of_element_located((By.ID, \"exampleId\")))\n        >>> print(element.text)\n        \"\"\"\n        screen = None\n        stacktrace = None\n    \n        end_time = time.monotonic() + self._timeout\n        while True:\n            try:\n                value = method(self._driver)\n                if value:\n                    return value\n            except self._ignored_exceptions as exc:\n                screen = getattr(exc, \"screen\", None)\n                stacktrace = getattr(exc, \"stacktrace\", None)\n            if time.monotonic() > end_time:\n                break\n            time.sleep(self._poll)\n>       raise TimeoutException(message, screen, stacktrace)\nE       selenium.common.exceptions.TimeoutException: Message: \nE       Stacktrace:\nE       #0 0x561aa57f653a <unknown>\nE       #1 0x561aa52f1f00 <unknown>\nE       #2 0x561aa5341c0c <unknown>\nE       #3 0x561aa5341e31 <unknown>\nE       #4 0x561aa5387bd4 <unknown>\nE       #5 0x561aa53665cd <unknown>\nE       #6 0x561aa5384f84 <unknown>\nE       #7 0x561aa5366343 <unknown>\nE       #8 0x561aa533378a <unknown>\nE       #9 0x561aa53349de <unknown>\nE       #10 0x561aa57c02cb <unknown>\nE       #11 0x561aa57c4242 <unknown>\nE       #12 0x561aa57ad7ac <unknown>\nE       #13 0x561aa57c4df7 <unknown>\nE       #14 0x561aa5791b2f <unknown>\nE       #15 0x561aa57e51a8 <unknown>\nE       #16 0x561aa57e5370 <unknown>\nE       #17 0x561aa57f53b6 <unknown>\nE       #18 0x7f7c22c9caa4 <unknown>\nE       #19 0x7f7c22d29c3c <unknown>\n\n.venv/lib/python3.13/site-packages/selenium/webdriver/support/wait.py:138: TimeoutException","flaky":false,"newFailed":false,"newBroken":false,"newPassed":false,"retriesCount":0,"retriesStatusChange":false,"beforeStages":[{"name":"base_url","time":{"start":1756605082836,"stop":1756605082837,"duration":1},"status":"passed","steps":[],"attachments":[],"parameters":[],"shouldDisplayMessage":false,"stepsCount":0,"attachmentsCount":0,"hasContent":false,"attachmentStep":false},{"name":"_verify_url","time":{"start":1756605082837,"stop":1756605082837,"duration":0},"status":"passed","steps":[],"attachments":[],"parameters":[],"shouldDisplayMessage":false,"stepsCount":0,"attachmentsCount":0,"hasContent":false,"attachmentStep":false},{"name":"session_request","time":{"start":1756605082837,"stop":1756605082837,"duration":0},"status":"passed","steps":[],"attachments":[],"parameters":[],"shouldDisplayMessage":false,"stepsCount":0,"attachmentsCount":0,"hasContent":false,"attachmentStep":false},{"name":"setup_method_fixture","time":{"start":1756605118848,"stop":1756605129055,"duration":10207},"status":"broken","statusMessage":"selenium.common.exceptions.TimeoutException: Message: \nStacktrace:\n#0 0x561aa57f653a <unknown>\n#1 0x561aa52f1f00 <unknown>\n#2 0x561aa5341c0c <unknown>\n#3 0x561aa5341e31 <unknown>\n#4 0x561aa5387bd4 <unknown>\n#5 0x561aa53665cd <unknown>\n#6 0x561aa5384f84 <unknown>\n#7 0x561aa5366343 <unknown>\n#8 0x561aa533378a <unknown>\n#9 0x561aa53349de <unknown>\n#10 0x561aa57c02cb <unknown>\n#11 0x561aa57c4242 <unknown>\n#12 0x561aa57ad7ac <unknown>\n#13 0x561aa57c4df7 <unknown>\n#14 0x561aa5791b2f <unknown>\n#15 0x561aa57e51a8 <unknown>\n#16 0x561aa57e5370 <unknown>\n#17 0x561aa57f53b6 <unknown>\n#18 0x7f7c22c9caa4 <unknown>\n#19 0x7f7c22d29c3c <unknown>\n\n","statusTrace":"  File \"/home/runner/work/Selenium-Python-Example/Selenium-Python-Example/.venv/lib/python3.13/site-packages/pluggy/_callers.py\", line 167, in _multicall\n    teardown.throw(outcome._exception)\n    ~~~~~~~~~~~~~~^^^^^^^^^^^^^^^^^^^^\n  File \"/home/runner/work/Selenium-Python-Example/Selenium-Python-Example/.venv/lib/python3.13/site-packages/_pytest/setuponly.py\", line 36, in pytest_fixture_setup\n    return (yield)\n            ^^^^^\n  File \"/home/runner/work/Selenium-Python-Example/Selenium-Python-Example/.venv/lib/python3.13/site-packages/pluggy/_callers.py\", line 103, in _multicall\n    res = hook_impl.function(*args)\n  File \"/home/runner/work/Selenium-Python-Example/Selenium-Python-Example/.venv/lib/python3.13/site-packages/_pytest/fixtures.py\", line 1195, in pytest_fixture_setup\n    result = call_fixture_func(fixturefunc, request, kwargs)\n  File \"/home/runner/work/Selenium-Python-Example/Selenium-Python-Example/.venv/lib/python3.13/site-packages/_pytest/fixtures.py\", line 929, in call_fixture_func\n    fixture_result = fixturefunc(**kwargs)\n  File \"/home/runner/work/Selenium-Python-Example/Selenium-Python-Example/tests/workspaces_test.py\", line 25, in setup_method_fixture\n    login(self.about_page, self.login_page)\n    ~~~~~^^^^^^^^^^^^^^^^^^^^^^^^^^^^^^^^^^\n  File \"/home/runner/work/Selenium-Python-Example/Selenium-Python-Example/tests/workspaces_test.py\", line 15, in login\n    about_page.click_login_link()\n    ~~~~~~~~~~~~~~~~~~~~~~~~~~~^^\n  File \"/home/runner/work/Selenium-Python-Example/Selenium-Python-Example/.venv/lib/python3.13/site-packages/allure_commons/_allure.py\", line 202, in impl\n    return func(*a, **kw)\n  File \"/home/runner/work/Selenium-Python-Example/Selenium-Python-Example/src/pages/about_page.py\", line 18, in click_login_link\n    self.click(self.LOGIN_LINK)\n    ~~~~~~~~~~^^^^^^^^^^^^^^^^^\n  File \"/home/runner/work/Selenium-Python-Example/Selenium-Python-Example/src/pages/base_page.py\", line 59, in click\n    el: WebElement = self.wait.until(expected_conditions.element_to_be_clickable(locator))\n                     ~~~~~~~~~~~~~~~^^^^^^^^^^^^^^^^^^^^^^^^^^^^^^^^^^^^^^^^^^^^^^^^^^^^^^\n  File \"/home/runner/work/Selenium-Python-Example/Selenium-Python-Example/.venv/lib/python3.13/site-packages/selenium/webdriver/support/wait.py\", line 138, in until\n    raise TimeoutException(message, screen, stacktrace)\n","steps":[{"name":"Click Login link","time":{"start":1756605118848,"stop":1756605129054,"duration":10206},"status":"broken","statusMessage":"selenium.common.exceptions.TimeoutException: Message: \nStacktrace:\n#0 0x561aa57f653a <unknown>\n#1 0x561aa52f1f00 <unknown>\n#2 0x561aa5341c0c <unknown>\n#3 0x561aa5341e31 <unknown>\n#4 0x561aa5387bd4 <unknown>\n#5 0x561aa53665cd <unknown>\n#6 0x561aa5384f84 <unknown>\n#7 0x561aa5366343 <unknown>\n#8 0x561aa533378a <unknown>\n#9 0x561aa53349de <unknown>\n#10 0x561aa57c02cb <unknown>\n#11 0x561aa57c4242 <unknown>\n#12 0x561aa57ad7ac <unknown>\n#13 0x561aa57c4df7 <unknown>\n#14 0x561aa5791b2f <unknown>\n#15 0x561aa57e51a8 <unknown>\n#16 0x561aa57e5370 <unknown>\n#17 0x561aa57f53b6 <unknown>\n#18 0x7f7c22c9caa4 <unknown>\n#19 0x7f7c22d29c3c <unknown>\n\n","statusTrace":"  File \"/home/runner/work/Selenium-Python-Example/Selenium-Python-Example/.venv/lib/python3.13/site-packages/allure_commons/_allure.py\", line 202, in impl\n    return func(*a, **kw)\n  File \"/home/runner/work/Selenium-Python-Example/Selenium-Python-Example/src/pages/about_page.py\", line 18, in click_login_link\n    self.click(self.LOGIN_LINK)\n    ~~~~~~~~~~^^^^^^^^^^^^^^^^^\n  File \"/home/runner/work/Selenium-Python-Example/Selenium-Python-Example/src/pages/base_page.py\", line 59, in click\n    el: WebElement = self.wait.until(expected_conditions.element_to_be_clickable(locator))\n                     ~~~~~~~~~~~~~~~^^^^^^^^^^^^^^^^^^^^^^^^^^^^^^^^^^^^^^^^^^^^^^^^^^^^^^\n  File \"/home/runner/work/Selenium-Python-Example/Selenium-Python-Example/.venv/lib/python3.13/site-packages/selenium/webdriver/support/wait.py\", line 138, in until\n    raise TimeoutException(message, screen, stacktrace)\n","steps":[],"attachments":[],"parameters":[],"shouldDisplayMessage":true,"stepsCount":0,"attachmentsCount":0,"hasContent":true,"attachmentStep":false}],"attachments":[],"parameters":[],"shouldDisplayMessage":false,"stepsCount":1,"attachmentsCount":0,"hasContent":true,"attachmentStep":false}],"testStage":{"description":"Compare between the actual number of projects seen on page and the number shown in workspaces block","status":"broken","statusMessage":"selenium.common.exceptions.TimeoutException: Message: \nStacktrace:\n#0 0x561aa57f653a <unknown>\n#1 0x561aa52f1f00 <unknown>\n#2 0x561aa5341c0c <unknown>\n#3 0x561aa5341e31 <unknown>\n#4 0x561aa5387bd4 <unknown>\n#5 0x561aa53665cd <unknown>\n#6 0x561aa5384f84 <unknown>\n#7 0x561aa5366343 <unknown>\n#8 0x561aa533378a <unknown>\n#9 0x561aa53349de <unknown>\n#10 0x561aa57c02cb <unknown>\n#11 0x561aa57c4242 <unknown>\n#12 0x561aa57ad7ac <unknown>\n#13 0x561aa57c4df7 <unknown>\n#14 0x561aa5791b2f <unknown>\n#15 0x561aa57e51a8 <unknown>\n#16 0x561aa57e5370 <unknown>\n#17 0x561aa57f53b6 <unknown>\n#18 0x7f7c22c9caa4 <unknown>\n#19 0x7f7c22d29c3c <unknown>","statusTrace":"self = <tests.workspaces_test.TestWorkspaces object at 0x7ff08f4c1a70>\n\n    @pytest.fixture(autouse=True)\n    def setup_method_fixture(self):\n>       login(self.about_page, self.login_page)\n\ntests/workspaces_test.py:25: \n_ _ _ _ _ _ _ _ _ _ _ _ _ _ _ _ _ _ _ _ _ _ _ _ _ _ _ _ _ _ _ _ _ _ _ _ _ _ _ _ \ntests/workspaces_test.py:15: in login\n    about_page.click_login_link()\nsrc/pages/about_page.py:18: in click_login_link\n    self.click(self.LOGIN_LINK)\nsrc/pages/base_page.py:59: in click\n    el: WebElement = self.wait.until(expected_conditions.element_to_be_clickable(locator))\n                     ^^^^^^^^^^^^^^^^^^^^^^^^^^^^^^^^^^^^^^^^^^^^^^^^^^^^^^^^^^^^^^^^^^^^^\n_ _ _ _ _ _ _ _ _ _ _ _ _ _ _ _ _ _ _ _ _ _ _ _ _ _ _ _ _ _ _ _ _ _ _ _ _ _ _ _ \n\nself = <selenium.webdriver.support.wait.WebDriverWait (session=\"05dffb9a587f8dd33a7ce706a512e648\")>\nmethod = <function element_to_be_clickable.<locals>._predicate at 0x7ff08f359e40>\nmessage = ''\n\n    def until(self, method: Callable[[D], Union[Literal[False], T]], message: str = \"\") -> T:\n        \"\"\"Wait until the method returns a value that is not False.\n    \n        Calls the method provided with the driver as an argument until the\n        return value does not evaluate to ``False``.\n    \n        Parameters:\n        -----------\n        method: callable(WebDriver)\n            - A callable object that takes a WebDriver instance as an argument.\n    \n        message: str\n            - Optional message for :exc:`TimeoutException`\n    \n        Return:\n        -------\n        object: T\n            - The result of the last call to `method`\n    \n        Raises:\n        -------\n        TimeoutException\n            - If 'method' does not return a truthy value within the WebDriverWait\n            object's timeout\n    \n        Example:\n        --------\n        >>> from selenium.webdriver.common.by import By\n        >>> from selenium.webdriver.support.ui import WebDriverWait\n        >>> from selenium.webdriver.support import expected_conditions as EC\n    \n        # Wait until an element is visible on the page\n        >>> wait = WebDriverWait(driver, 10)\n        >>> element = wait.until(EC.visibility_of_element_located((By.ID, \"exampleId\")))\n        >>> print(element.text)\n        \"\"\"\n        screen = None\n        stacktrace = None\n    \n        end_time = time.monotonic() + self._timeout\n        while True:\n            try:\n                value = method(self._driver)\n                if value:\n                    return value\n            except self._ignored_exceptions as exc:\n                screen = getattr(exc, \"screen\", None)\n                stacktrace = getattr(exc, \"stacktrace\", None)\n            if time.monotonic() > end_time:\n                break\n            time.sleep(self._poll)\n>       raise TimeoutException(message, screen, stacktrace)\nE       selenium.common.exceptions.TimeoutException: Message: \nE       Stacktrace:\nE       #0 0x561aa57f653a <unknown>\nE       #1 0x561aa52f1f00 <unknown>\nE       #2 0x561aa5341c0c <unknown>\nE       #3 0x561aa5341e31 <unknown>\nE       #4 0x561aa5387bd4 <unknown>\nE       #5 0x561aa53665cd <unknown>\nE       #6 0x561aa5384f84 <unknown>\nE       #7 0x561aa5366343 <unknown>\nE       #8 0x561aa533378a <unknown>\nE       #9 0x561aa53349de <unknown>\nE       #10 0x561aa57c02cb <unknown>\nE       #11 0x561aa57c4242 <unknown>\nE       #12 0x561aa57ad7ac <unknown>\nE       #13 0x561aa57c4df7 <unknown>\nE       #14 0x561aa5791b2f <unknown>\nE       #15 0x561aa57e51a8 <unknown>\nE       #16 0x561aa57e5370 <unknown>\nE       #17 0x561aa57f53b6 <unknown>\nE       #18 0x7f7c22c9caa4 <unknown>\nE       #19 0x7f7c22d29c3c <unknown>\n\n.venv/lib/python3.13/site-packages/selenium/webdriver/support/wait.py:138: TimeoutException","steps":[{"name":"public ip address","time":{"start":1756605129073,"stop":1756605129116,"duration":43},"status":"passed","steps":[],"attachments":[{"uid":"7b597040dc3d9dbc","name":"HTTP logs of http://checkip.amazonaws.com/","source":"7b597040dc3d9dbc.txt","type":"text/plain","size":359}],"parameters":[],"shouldDisplayMessage":false,"stepsCount":0,"attachmentsCount":1,"hasContent":true,"attachmentStep":false}],"attachments":[{"uid":"a479b374f4a4a1ce","name":"Cookies","source":"a479b374f4a4a1ce.json","type":"application/json","size":4120},{"uid":"7626263d41123046","name":"Session Storage","source":"7626263d41123046.json","type":"application/json","size":359},{"uid":"2b1045c78307fced","name":"Local Storage","source":"2b1045c78307fced.json","type":"application/json","size":548},{"uid":"f8abe6817c57e0a8","name":"Full Page Screenshot","source":"f8abe6817c57e0a8.png","type":"image/png","size":2042687},{"uid":"fcfaa1100ead9beb","name":"URL","source":"fcfaa1100ead9beb.uri","type":"text/uri-list","size":23},{"uid":"496c59f1ff108ca1","name":"Network Logs","source":"496c59f1ff108ca1.json","type":"application/json","size":7928870}],"parameters":[],"shouldDisplayMessage":true,"stepsCount":1,"attachmentsCount":7,"hasContent":true,"attachmentStep":false},"afterStages":[{"name":"session_request::0","time":{"start":1756605157154,"stop":1756605157154,"duration":0},"status":"passed","steps":[],"attachments":[],"parameters":[],"shouldDisplayMessage":false,"stepsCount":0,"attachmentsCount":0,"hasContent":false,"attachmentStep":false}],"labels":[{"name":"story","value":"WorkSpaces Creation and Editing Functionality"},{"name":"severity","value":"normal"},{"name":"epic","value":"Workspaces"},{"name":"parentSuite","value":"tests"},{"name":"suite","value":"workspaces_test"},{"name":"subSuite","value":"TestWorkspaces"},{"name":"host","value":"pkrvmccyg1gnepe"},{"name":"thread","value":"2150-MainThread"},{"name":"framework","value":"pytest"},{"name":"language","value":"cpython3"},{"name":"package","value":"tests.workspaces_test"},{"name":"resultFormat","value":"allure2"}],"parameters":[],"links":[],"hidden":false,"retry":false,"extra":{"severity":"normal","retries":[],"categories":[{"name":"Test defects","matchedStatuses":[],"flaky":false}],"history":{"statistic":{"failed":0,"broken":31,"skipped":0,"passed":0,"unknown":0,"total":31},"items":[{"uid":"442405c96419a869","reportUrl":"https://nirtal85.github.io/Selenium-Python-Example/761//#testresult/442405c96419a869","status":"broken","statusDetails":"selenium.common.exceptions.TimeoutException: Message: \nStacktrace:\n#0 0x555d7464953a <unknown>\n#1 0x555d74144f00 <unknown>\n#2 0x555d74194c0c <unknown>\n#3 0x555d74194e31 <unknown>\n#4 0x555d741dabd4 <unknown>\n#5 0x555d741b95cd <unknown>\n#6 0x555d741d7f84 <unknown>\n#7 0x555d741b9343 <unknown>\n#8 0x555d7418678a <unknown>\n#9 0x555d741879de <unknown>\n#10 0x555d746132cb <unknown>\n#11 0x555d74617242 <unknown>\n#12 0x555d746007ac <unknown>\n#13 0x555d74617df7 <unknown>\n#14 0x555d745e4b2f <unknown>\n#15 0x555d746381a8 <unknown>\n#16 0x555d74638370 <unknown>\n#17 0x555d746483b6 <unknown>\n#18 0x7f3266e9caa4 <unknown>\n#19 0x7f3266f29c3c <unknown>","time":{"start":1756518083885,"stop":1756518083885,"duration":0}},{"uid":"b644d337149b79cc","reportUrl":"https://nirtal85.github.io/Selenium-Python-Example/760//#testresult/b644d337149b79cc","status":"broken","statusDetails":"selenium.common.exceptions.TimeoutException: Message: \nStacktrace:\n#0 0x55db2a8f353a <unknown>\n#1 0x55db2a3eef00 <unknown>\n#2 0x55db2a43ec0c <unknown>\n#3 0x55db2a43ee31 <unknown>\n#4 0x55db2a484bd4 <unknown>\n#5 0x55db2a4635cd <unknown>\n#6 0x55db2a481f84 <unknown>\n#7 0x55db2a463343 <unknown>\n#8 0x55db2a43078a <unknown>\n#9 0x55db2a4319de <unknown>\n#10 0x55db2a8bd2cb <unknown>\n#11 0x55db2a8c1242 <unknown>\n#12 0x55db2a8aa7ac <unknown>\n#13 0x55db2a8c1df7 <unknown>\n#14 0x55db2a88eb2f <unknown>\n#15 0x55db2a8e21a8 <unknown>\n#16 0x55db2a8e2370 <unknown>\n#17 0x55db2a8f23b6 <unknown>\n#18 0x7f213469caa4 <unknown>\n#19 0x7f2134729c3c <unknown>","time":{"start":1756431996658,"stop":1756431996658,"duration":0}},{"uid":"6e4836c5ea676a6e","reportUrl":"https://nirtal85.github.io/Selenium-Python-Example/759//#testresult/6e4836c5ea676a6e","status":"broken","statusDetails":"selenium.common.exceptions.TimeoutException: Message: \nStacktrace:\n#0 0x562f4af1953a <unknown>\n#1 0x562f4aa14f00 <unknown>\n#2 0x562f4aa64c0c <unknown>\n#3 0x562f4aa64e31 <unknown>\n#4 0x562f4aaaabd4 <unknown>\n#5 0x562f4aa895cd <unknown>\n#6 0x562f4aaa7f84 <unknown>\n#7 0x562f4aa89343 <unknown>\n#8 0x562f4aa5678a <unknown>\n#9 0x562f4aa579de <unknown>\n#10 0x562f4aee32cb <unknown>\n#11 0x562f4aee7242 <unknown>\n#12 0x562f4aed07ac <unknown>\n#13 0x562f4aee7df7 <unknown>\n#14 0x562f4aeb4b2f <unknown>\n#15 0x562f4af081a8 <unknown>\n#16 0x562f4af08370 <unknown>\n#17 0x562f4af183b6 <unknown>\n#18 0x7f0a5f49caa4 <unknown>\n#19 0x7f0a5f529c3c <unknown>","time":{"start":1756345598529,"stop":1756345598529,"duration":0}},{"uid":"a9c96cc58ab3e478","reportUrl":"https://nirtal85.github.io/Selenium-Python-Example/758//#testresult/a9c96cc58ab3e478","status":"broken","statusDetails":"selenium.common.exceptions.TimeoutException: Message: \nStacktrace:\n#0 0x55e84c1c653a <unknown>\n#1 0x55e84bcc1f00 <unknown>\n#2 0x55e84bd11c0c <unknown>\n#3 0x55e84bd11e31 <unknown>\n#4 0x55e84bd57bd4 <unknown>\n#5 0x55e84bd365cd <unknown>\n#6 0x55e84bd54f84 <unknown>\n#7 0x55e84bd36343 <unknown>\n#8 0x55e84bd0378a <unknown>\n#9 0x55e84bd049de <unknown>\n#10 0x55e84c1902cb <unknown>\n#11 0x55e84c194242 <unknown>\n#12 0x55e84c17d7ac <unknown>\n#13 0x55e84c194df7 <unknown>\n#14 0x55e84c161b2f <unknown>\n#15 0x55e84c1b51a8 <unknown>\n#16 0x55e84c1b5370 <unknown>\n#17 0x55e84c1c53b6 <unknown>\n#18 0x7fd58c69caa4 <unknown>\n#19 0x7fd58c729c3c <unknown>","time":{"start":1756259252973,"stop":1756259252973,"duration":0}},{"uid":"17a73fb15a522d77","reportUrl":"https://nirtal85.github.io/Selenium-Python-Example/757//#testresult/17a73fb15a522d77","status":"broken","statusDetails":"selenium.common.exceptions.TimeoutException: Message: \nStacktrace:\n#0 0x55fb0399d53a <unknown>\n#1 0x55fb03498f00 <unknown>\n#2 0x55fb034e8c0c <unknown>\n#3 0x55fb034e8e31 <unknown>\n#4 0x55fb0352ebd4 <unknown>\n#5 0x55fb0350d5cd <unknown>\n#6 0x55fb0352bf84 <unknown>\n#7 0x55fb0350d343 <unknown>\n#8 0x55fb034da78a <unknown>\n#9 0x55fb034db9de <unknown>\n#10 0x55fb039672cb <unknown>\n#11 0x55fb0396b242 <unknown>\n#12 0x55fb039547ac <unknown>\n#13 0x55fb0396bdf7 <unknown>\n#14 0x55fb03938b2f <unknown>\n#15 0x55fb0398c1a8 <unknown>\n#16 0x55fb0398c370 <unknown>\n#17 0x55fb0399c3b6 <unknown>\n#18 0x7f839889caa4 <unknown>\n#19 0x7f8398929c3c <unknown>","time":{"start":1756173053996,"stop":1756173053996,"duration":0}},{"uid":"d04fd9705f794e52","reportUrl":"https://nirtal85.github.io/Selenium-Python-Example/756//#testresult/d04fd9705f794e52","status":"broken","statusDetails":"selenium.common.exceptions.TimeoutException: Message: \nStacktrace:\n#0 0x55753267153a <unknown>\n#1 0x55753216cf00 <unknown>\n#2 0x5575321bcc0c <unknown>\n#3 0x5575321bce31 <unknown>\n#4 0x557532202bd4 <unknown>\n#5 0x5575321e15cd <unknown>\n#6 0x5575321fff84 <unknown>\n#7 0x5575321e1343 <unknown>\n#8 0x5575321ae78a <unknown>\n#9 0x5575321af9de <unknown>\n#10 0x55753263b2cb <unknown>\n#11 0x55753263f242 <unknown>\n#12 0x5575326287ac <unknown>\n#13 0x55753263fdf7 <unknown>\n#14 0x55753260cb2f <unknown>\n#15 0x5575326601a8 <unknown>\n#16 0x557532660370 <unknown>\n#17 0x5575326703b6 <unknown>\n#18 0x7f681f89caa4 <unknown>\n#19 0x7f681f929c3c <unknown>","time":{"start":1756086880099,"stop":1756086880099,"duration":0}},{"uid":"73a9c5c84180106d","reportUrl":"https://nirtal85.github.io/Selenium-Python-Example/755//#testresult/73a9c5c84180106d","status":"broken","statusDetails":"selenium.common.exceptions.TimeoutException: Message: \nStacktrace:\n#0 0x55ab4694953a <unknown>\n#1 0x55ab46444f00 <unknown>\n#2 0x55ab46494c0c <unknown>\n#3 0x55ab46494e31 <unknown>\n#4 0x55ab464dabd4 <unknown>\n#5 0x55ab464b95cd <unknown>\n#6 0x55ab464d7f84 <unknown>\n#7 0x55ab464b9343 <unknown>\n#8 0x55ab4648678a <unknown>\n#9 0x55ab464879de <unknown>\n#10 0x55ab469132cb <unknown>\n#11 0x55ab46917242 <unknown>\n#12 0x55ab469007ac <unknown>\n#13 0x55ab46917df7 <unknown>\n#14 0x55ab468e4b2f <unknown>\n#15 0x55ab469381a8 <unknown>\n#16 0x55ab46938370 <unknown>\n#17 0x55ab469483b6 <unknown>\n#18 0x7f3901c9caa4 <unknown>\n#19 0x7f3901d29c3c <unknown>","time":{"start":1756000824466,"stop":1756000824466,"duration":0}},{"uid":"189d8b6e2d9fbbe6","reportUrl":"https://nirtal85.github.io/Selenium-Python-Example/754//#testresult/189d8b6e2d9fbbe6","status":"broken","statusDetails":"selenium.common.exceptions.TimeoutException: Message: \nStacktrace:\n#0 0x5573154ee53a <unknown>\n#1 0x557314fe9f00 <unknown>\n#2 0x557315039c0c <unknown>\n#3 0x557315039e31 <unknown>\n#4 0x55731507fbd4 <unknown>\n#5 0x55731505e5cd <unknown>\n#6 0x55731507cf84 <unknown>\n#7 0x55731505e343 <unknown>\n#8 0x55731502b78a <unknown>\n#9 0x55731502c9de <unknown>\n#10 0x5573154b82cb <unknown>\n#11 0x5573154bc242 <unknown>\n#12 0x5573154a57ac <unknown>\n#13 0x5573154bcdf7 <unknown>\n#14 0x557315489b2f <unknown>\n#15 0x5573154dd1a8 <unknown>\n#16 0x5573154dd370 <unknown>\n#17 0x5573154ed3b6 <unknown>\n#18 0x7f89f069caa4 <unknown>\n#19 0x7f89f0729c3c <unknown>","time":{"start":1755913568670,"stop":1755913568670,"duration":0}},{"uid":"1660e06f8321e86a","reportUrl":"https://nirtal85.github.io/Selenium-Python-Example/753//#testresult/1660e06f8321e86a","status":"broken","statusDetails":"selenium.common.exceptions.TimeoutException: Message: \nStacktrace:\n#0 0x55dcc52ab53a <unknown>\n#1 0x55dcc4da6f00 <unknown>\n#2 0x55dcc4df6c0c <unknown>\n#3 0x55dcc4df6e31 <unknown>\n#4 0x55dcc4e3cbd4 <unknown>\n#5 0x55dcc4e1b5cd <unknown>\n#6 0x55dcc4e39f84 <unknown>\n#7 0x55dcc4e1b343 <unknown>\n#8 0x55dcc4de878a <unknown>\n#9 0x55dcc4de99de <unknown>\n#10 0x55dcc52752cb <unknown>\n#11 0x55dcc5279242 <unknown>\n#12 0x55dcc52627ac <unknown>\n#13 0x55dcc5279df7 <unknown>\n#14 0x55dcc5246b2f <unknown>\n#15 0x55dcc529a1a8 <unknown>\n#16 0x55dcc529a370 <unknown>\n#17 0x55dcc52aa3b6 <unknown>\n#18 0x7fb46689caa4 <unknown>\n#19 0x7fb466929c3c <unknown>","time":{"start":1755827389282,"stop":1755827389282,"duration":0}},{"uid":"b8c6825c5cfcdc59","reportUrl":"https://nirtal85.github.io/Selenium-Python-Example/752//#testresult/b8c6825c5cfcdc59","status":"broken","statusDetails":"selenium.common.exceptions.TimeoutException: Message: \nStacktrace:\n#0 0x55b75842053a <unknown>\n#1 0x55b757f1bf00 <unknown>\n#2 0x55b757f6bc0c <unknown>\n#3 0x55b757f6be31 <unknown>\n#4 0x55b757fb1bd4 <unknown>\n#5 0x55b757f905cd <unknown>\n#6 0x55b757faef84 <unknown>\n#7 0x55b757f90343 <unknown>\n#8 0x55b757f5d78a <unknown>\n#9 0x55b757f5e9de <unknown>\n#10 0x55b7583ea2cb <unknown>\n#11 0x55b7583ee242 <unknown>\n#12 0x55b7583d77ac <unknown>\n#13 0x55b7583eedf7 <unknown>\n#14 0x55b7583bbb2f <unknown>\n#15 0x55b75840f1a8 <unknown>\n#16 0x55b75840f370 <unknown>\n#17 0x55b75841f3b6 <unknown>\n#18 0x7fc10d49caa4 <unknown>\n#19 0x7fc10d529c3c <unknown>","time":{"start":1755740956218,"stop":1755740956218,"duration":0}},{"uid":"bf8792270415d963","reportUrl":"https://nirtal85.github.io/Selenium-Python-Example/751//#testresult/bf8792270415d963","status":"broken","statusDetails":"selenium.common.exceptions.TimeoutException: Message: \nStacktrace:\n#0 0x55ac386fa53a <unknown>\n#1 0x55ac381f5f00 <unknown>\n#2 0x55ac38245c0c <unknown>\n#3 0x55ac38245e31 <unknown>\n#4 0x55ac3828bbd4 <unknown>\n#5 0x55ac3826a5cd <unknown>\n#6 0x55ac38288f84 <unknown>\n#7 0x55ac3826a343 <unknown>\n#8 0x55ac3823778a <unknown>\n#9 0x55ac382389de <unknown>\n#10 0x55ac386c42cb <unknown>\n#11 0x55ac386c8242 <unknown>\n#12 0x55ac386b17ac <unknown>\n#13 0x55ac386c8df7 <unknown>\n#14 0x55ac38695b2f <unknown>\n#15 0x55ac386e91a8 <unknown>\n#16 0x55ac386e9370 <unknown>\n#17 0x55ac386f93b6 <unknown>\n#18 0x7f842b89caa4 <unknown>\n#19 0x7f842b929c3c <unknown>","time":{"start":1755654636888,"stop":1755654636888,"duration":0}},{"uid":"ac84073d368f8185","reportUrl":"https://nirtal85.github.io/Selenium-Python-Example/750//#testresult/ac84073d368f8185","status":"broken","statusDetails":"selenium.common.exceptions.TimeoutException: Message: \nStacktrace:\n#0 0x5644afff253a <unknown>\n#1 0x5644afaedf00 <unknown>\n#2 0x5644afb3dc0c <unknown>\n#3 0x5644afb3de31 <unknown>\n#4 0x5644afb83bd4 <unknown>\n#5 0x5644afb625cd <unknown>\n#6 0x5644afb80f84 <unknown>\n#7 0x5644afb62343 <unknown>\n#8 0x5644afb2f78a <unknown>\n#9 0x5644afb309de <unknown>\n#10 0x5644affbc2cb <unknown>\n#11 0x5644affc0242 <unknown>\n#12 0x5644affa97ac <unknown>\n#13 0x5644affc0df7 <unknown>\n#14 0x5644aff8db2f <unknown>\n#15 0x5644affe11a8 <unknown>\n#16 0x5644affe1370 <unknown>\n#17 0x5644afff13b6 <unknown>\n#18 0x7f8917e9caa4 <unknown>\n#19 0x7f8917f29c3c <unknown>","time":{"start":1755568356932,"stop":1755568356932,"duration":0}},{"uid":"15e5ee70bd8c7d8a","reportUrl":"https://nirtal85.github.io/Selenium-Python-Example/749//#testresult/15e5ee70bd8c7d8a","status":"broken","statusDetails":"selenium.common.exceptions.TimeoutException: Message: \nStacktrace:\n#0 0x55a58acdd53a <unknown>\n#1 0x55a58a7d8f00 <unknown>\n#2 0x55a58a828c0c <unknown>\n#3 0x55a58a828e31 <unknown>\n#4 0x55a58a86ebd4 <unknown>\n#5 0x55a58a84d5cd <unknown>\n#6 0x55a58a86bf84 <unknown>\n#7 0x55a58a84d343 <unknown>\n#8 0x55a58a81a78a <unknown>\n#9 0x55a58a81b9de <unknown>\n#10 0x55a58aca72cb <unknown>\n#11 0x55a58acab242 <unknown>\n#12 0x55a58ac947ac <unknown>\n#13 0x55a58acabdf7 <unknown>\n#14 0x55a58ac78b2f <unknown>\n#15 0x55a58accc1a8 <unknown>\n#16 0x55a58accc370 <unknown>\n#17 0x55a58acdc3b6 <unknown>\n#18 0x7fa4d4a9caa4 <unknown>\n#19 0x7fa4d4b29c3c <unknown>","time":{"start":1755482713203,"stop":1755482713203,"duration":0}},{"uid":"bc9d42306616a8e7","reportUrl":"https://nirtal85.github.io/Selenium-Python-Example/748//#testresult/bc9d42306616a8e7","status":"broken","statusDetails":"selenium.common.exceptions.TimeoutException: Message: \nStacktrace:\n#0 0x55d58bd8c53a <unknown>\n#1 0x55d58b887f00 <unknown>\n#2 0x55d58b8d7c0c <unknown>\n#3 0x55d58b8d7e31 <unknown>\n#4 0x55d58b91dbd4 <unknown>\n#5 0x55d58b8fc5cd <unknown>\n#6 0x55d58b91af84 <unknown>\n#7 0x55d58b8fc343 <unknown>\n#8 0x55d58b8c978a <unknown>\n#9 0x55d58b8ca9de <unknown>\n#10 0x55d58bd562cb <unknown>\n#11 0x55d58bd5a242 <unknown>\n#12 0x55d58bd437ac <unknown>\n#13 0x55d58bd5adf7 <unknown>\n#14 0x55d58bd27b2f <unknown>\n#15 0x55d58bd7b1a8 <unknown>\n#16 0x55d58bd7b370 <unknown>\n#17 0x55d58bd8b3b6 <unknown>\n#18 0x7fe0d4a9caa4 <unknown>\n#19 0x7fe0d4b29c3c <unknown>","time":{"start":1755396298469,"stop":1755396298469,"duration":0}},{"uid":"5aa6cfe69f50c50c","reportUrl":"https://nirtal85.github.io/Selenium-Python-Example/747//#testresult/5aa6cfe69f50c50c","status":"broken","statusDetails":"selenium.common.exceptions.TimeoutException: Message: \nStacktrace:\n#0 0x5640be93553a <unknown>\n#1 0x5640be430f00 <unknown>\n#2 0x5640be480c0c <unknown>\n#3 0x5640be480e31 <unknown>\n#4 0x5640be4c6bd4 <unknown>\n#5 0x5640be4a55cd <unknown>\n#6 0x5640be4c3f84 <unknown>\n#7 0x5640be4a5343 <unknown>\n#8 0x5640be47278a <unknown>\n#9 0x5640be4739de <unknown>\n#10 0x5640be8ff2cb <unknown>\n#11 0x5640be903242 <unknown>\n#12 0x5640be8ec7ac <unknown>\n#13 0x5640be903df7 <unknown>\n#14 0x5640be8d0b2f <unknown>\n#15 0x5640be9241a8 <unknown>\n#16 0x5640be924370 <unknown>\n#17 0x5640be9343b6 <unknown>\n#18 0x7f0225c9caa4 <unknown>\n#19 0x7f0225d29c3c <unknown>","time":{"start":1755309200181,"stop":1755309200181,"duration":0}},{"uid":"35c1e678399ce21c","reportUrl":"https://nirtal85.github.io/Selenium-Python-Example/746//#testresult/35c1e678399ce21c","status":"broken","statusDetails":"selenium.common.exceptions.TimeoutException: Message: \nStacktrace:\n#0 0x55da7673553a <unknown>\n#1 0x55da76230f00 <unknown>\n#2 0x55da76280c0c <unknown>\n#3 0x55da76280e31 <unknown>\n#4 0x55da762c6bd4 <unknown>\n#5 0x55da762a55cd <unknown>\n#6 0x55da762c3f84 <unknown>\n#7 0x55da762a5343 <unknown>\n#8 0x55da7627278a <unknown>\n#9 0x55da762739de <unknown>\n#10 0x55da766ff2cb <unknown>\n#11 0x55da76703242 <unknown>\n#12 0x55da766ec7ac <unknown>\n#13 0x55da76703df7 <unknown>\n#14 0x55da766d0b2f <unknown>\n#15 0x55da767241a8 <unknown>\n#16 0x55da76724370 <unknown>\n#17 0x55da767343b6 <unknown>\n#18 0x7fe005a9caa4 <unknown>\n#19 0x7fe005b29c3c <unknown>","time":{"start":1755223143498,"stop":1755223143498,"duration":0}},{"uid":"fdfa571bdf9f1c03","reportUrl":"https://nirtal85.github.io/Selenium-Python-Example/745//#testresult/fdfa571bdf9f1c03","status":"broken","statusDetails":"selenium.common.exceptions.TimeoutException: Message: \nStacktrace:\n#0 0x55ca8077553a <unknown>\n#1 0x55ca80270f00 <unknown>\n#2 0x55ca802c0c0c <unknown>\n#3 0x55ca802c0e31 <unknown>\n#4 0x55ca80306bd4 <unknown>\n#5 0x55ca802e55cd <unknown>\n#6 0x55ca80303f84 <unknown>\n#7 0x55ca802e5343 <unknown>\n#8 0x55ca802b278a <unknown>\n#9 0x55ca802b39de <unknown>\n#10 0x55ca8073f2cb <unknown>\n#11 0x55ca80743242 <unknown>\n#12 0x55ca8072c7ac <unknown>\n#13 0x55ca80743df7 <unknown>\n#14 0x55ca80710b2f <unknown>\n#15 0x55ca807641a8 <unknown>\n#16 0x55ca80764370 <unknown>\n#17 0x55ca807743b6 <unknown>\n#18 0x7f153409caa4 <unknown>\n#19 0x7f1534129c3c <unknown>","time":{"start":1755136685956,"stop":1755136685956,"duration":0}},{"uid":"4f0a64ac4d67ee4","reportUrl":"https://nirtal85.github.io/Selenium-Python-Example/744//#testresult/4f0a64ac4d67ee4","status":"broken","statusDetails":"selenium.common.exceptions.TimeoutException: Message: \nStacktrace:\n#0 0x56241954053a <unknown>\n#1 0x56241903bf00 <unknown>\n#2 0x56241908bc0c <unknown>\n#3 0x56241908be31 <unknown>\n#4 0x5624190d1bd4 <unknown>\n#5 0x5624190b05cd <unknown>\n#6 0x5624190cef84 <unknown>\n#7 0x5624190b0343 <unknown>\n#8 0x56241907d78a <unknown>\n#9 0x56241907e9de <unknown>\n#10 0x56241950a2cb <unknown>\n#11 0x56241950e242 <unknown>\n#12 0x5624194f77ac <unknown>\n#13 0x56241950edf7 <unknown>\n#14 0x5624194dbb2f <unknown>\n#15 0x56241952f1a8 <unknown>\n#16 0x56241952f370 <unknown>\n#17 0x56241953f3b6 <unknown>\n#18 0x7f6f6a49caa4 <unknown>\n#19 0x7f6f6a529c3c <unknown>","time":{"start":1755050276311,"stop":1755050276311,"duration":0}},{"uid":"8a55130687738966","reportUrl":"https://nirtal85.github.io/Selenium-Python-Example/743//#testresult/8a55130687738966","status":"broken","statusDetails":"selenium.common.exceptions.TimeoutException: Message: \nStacktrace:\n#0 0x557579cc253a <unknown>\n#1 0x5575797bdf00 <unknown>\n#2 0x55757980dc0c <unknown>\n#3 0x55757980de31 <unknown>\n#4 0x557579853bd4 <unknown>\n#5 0x5575798325cd <unknown>\n#6 0x557579850f84 <unknown>\n#7 0x557579832343 <unknown>\n#8 0x5575797ff78a <unknown>\n#9 0x5575798009de <unknown>\n#10 0x557579c8c2cb <unknown>\n#11 0x557579c90242 <unknown>\n#12 0x557579c797ac <unknown>\n#13 0x557579c90df7 <unknown>\n#14 0x557579c5db2f <unknown>\n#15 0x557579cb11a8 <unknown>\n#16 0x557579cb1370 <unknown>\n#17 0x557579cc13b6 <unknown>\n#18 0x7f113f49caa4 <unknown>\n#19 0x7f113f529c3c <unknown>","time":{"start":1754963751756,"stop":1754963751756,"duration":0}},{"uid":"6e60986bfe95014e","reportUrl":"https://nirtal85.github.io/Selenium-Python-Example/742//#testresult/6e60986bfe95014e","status":"broken","statusDetails":"selenium.common.exceptions.TimeoutException: Message: \nStacktrace:\n#0 0x557abfc3353a <unknown>\n#1 0x557abf72ef00 <unknown>\n#2 0x557abf77ec0c <unknown>\n#3 0x557abf77ee31 <unknown>\n#4 0x557abf7c4bd4 <unknown>\n#5 0x557abf7a35cd <unknown>\n#6 0x557abf7c1f84 <unknown>\n#7 0x557abf7a3343 <unknown>\n#8 0x557abf77078a <unknown>\n#9 0x557abf7719de <unknown>\n#10 0x557abfbfd2cb <unknown>\n#11 0x557abfc01242 <unknown>\n#12 0x557abfbea7ac <unknown>\n#13 0x557abfc01df7 <unknown>\n#14 0x557abfbceb2f <unknown>\n#15 0x557abfc221a8 <unknown>\n#16 0x557abfc22370 <unknown>\n#17 0x557abfc323b6 <unknown>\n#18 0x7f3d9229caa4 <unknown>\n#19 0x7f3d92329c3c <unknown>","time":{"start":1754878077848,"stop":1754878077848,"duration":0}}]},"tags":[]},"source":"96016554c6686ee.json","parameterValues":[]}