{"uid":"b72cd63de3bc068f","name":"Rename an existing workspace test","fullName":"tests.workspaces_test.TestWorkspaces#test_rename_workspace","historyId":"cd63adf5d11191c5904362b968c9e131","time":{"start":1756605085236,"stop":1756605085236,"duration":0},"description":"Rename an existing workspace","descriptionHtml":"<p>Rename an existing workspace</p>\n","status":"broken","statusMessage":"FileNotFoundError: [Errno 2] No such file or directory: '/home/runner/work/Selenium-Python-Example/Selenium-Python-Example/src/resources/tests_data.json'","statusTrace":"@fixture(scope=\"session\")\n    def data() -> Data:\n        json_path = Constants.DATA_PATH / \"tests_data.json\"\n>       with open(json_path, encoding=\"utf-8\") as json_file:\n             ^^^^^^^^^^^^^^^^^^^^^^^^^^^^^^^^^\nE       FileNotFoundError: [Errno 2] No such file or directory: '/home/runner/work/Selenium-Python-Example/Selenium-Python-Example/src/resources/tests_data.json'\n\ntests/conftest.py:60: FileNotFoundError","flaky":false,"newFailed":false,"newBroken":false,"newPassed":false,"retriesCount":0,"retriesStatusChange":false,"beforeStages":[{"name":"base_url","time":{"start":1756605082836,"stop":1756605082837,"duration":1},"status":"passed","steps":[],"attachments":[],"parameters":[],"shouldDisplayMessage":false,"stepsCount":0,"attachmentsCount":0,"hasContent":false,"attachmentStep":false},{"name":"_verify_url","time":{"start":1756605082837,"stop":1756605082837,"duration":0},"status":"passed","steps":[],"attachments":[],"parameters":[],"shouldDisplayMessage":false,"stepsCount":0,"attachmentsCount":0,"hasContent":false,"attachmentStep":false},{"name":"data","time":{"start":1756605082837,"stop":1756605082837,"duration":0},"status":"broken","statusMessage":"FileNotFoundError: [Errno 2] No such file or directory: '/home/runner/work/Selenium-Python-Example/Selenium-Python-Example/src/resources/tests_data.json'\n","statusTrace":"  File \"/home/runner/work/Selenium-Python-Example/Selenium-Python-Example/.venv/lib/python3.13/site-packages/pluggy/_callers.py\", line 167, in _multicall\n    teardown.throw(outcome._exception)\n    ~~~~~~~~~~~~~~^^^^^^^^^^^^^^^^^^^^\n  File \"/home/runner/work/Selenium-Python-Example/Selenium-Python-Example/.venv/lib/python3.13/site-packages/_pytest/setuponly.py\", line 36, in pytest_fixture_setup\n    return (yield)\n            ^^^^^\n  File \"/home/runner/work/Selenium-Python-Example/Selenium-Python-Example/.venv/lib/python3.13/site-packages/pluggy/_callers.py\", line 103, in _multicall\n    res = hook_impl.function(*args)\n  File \"/home/runner/work/Selenium-Python-Example/Selenium-Python-Example/.venv/lib/python3.13/site-packages/_pytest/fixtures.py\", line 1195, in pytest_fixture_setup\n    result = call_fixture_func(fixturefunc, request, kwargs)\n  File \"/home/runner/work/Selenium-Python-Example/Selenium-Python-Example/.venv/lib/python3.13/site-packages/_pytest/fixtures.py\", line 929, in call_fixture_func\n    fixture_result = fixturefunc(**kwargs)\n  File \"/home/runner/work/Selenium-Python-Example/Selenium-Python-Example/tests/conftest.py\", line 60, in data\n    with open(json_path, encoding=\"utf-8\") as json_file:\n         ~~~~^^^^^^^^^^^^^^^^^^^^^^^^^^^^^\n","steps":[],"attachments":[],"parameters":[],"shouldDisplayMessage":true,"stepsCount":0,"attachmentsCount":0,"hasContent":true,"attachmentStep":false},{"name":"session_request","time":{"start":1756605082837,"stop":1756605082837,"duration":0},"status":"passed","steps":[],"attachments":[],"parameters":[],"shouldDisplayMessage":false,"stepsCount":0,"attachmentsCount":0,"hasContent":false,"attachmentStep":false},{"name":"setup_method_fixture","time":{"start":1756605104649,"stop":1756605115025,"duration":10376},"status":"broken","statusMessage":"selenium.common.exceptions.TimeoutException: Message: \nStacktrace:\n#0 0x556098bc353a <unknown>\n#1 0x5560986bef00 <unknown>\n#2 0x55609870ec0c <unknown>\n#3 0x55609870ee31 <unknown>\n#4 0x556098754bd4 <unknown>\n#5 0x5560987335cd <unknown>\n#6 0x556098751f84 <unknown>\n#7 0x556098733343 <unknown>\n#8 0x55609870078a <unknown>\n#9 0x5560987019de <unknown>\n#10 0x556098b8d2cb <unknown>\n#11 0x556098b91242 <unknown>\n#12 0x556098b7a7ac <unknown>\n#13 0x556098b91df7 <unknown>\n#14 0x556098b5eb2f <unknown>\n#15 0x556098bb21a8 <unknown>\n#16 0x556098bb2370 <unknown>\n#17 0x556098bc23b6 <unknown>\n#18 0x7f9d1be9caa4 <unknown>\n#19 0x7f9d1bf29c3c <unknown>\n\n","statusTrace":"  File \"/home/runner/work/Selenium-Python-Example/Selenium-Python-Example/.venv/lib/python3.13/site-packages/pluggy/_callers.py\", line 167, in _multicall\n    teardown.throw(outcome._exception)\n    ~~~~~~~~~~~~~~^^^^^^^^^^^^^^^^^^^^\n  File \"/home/runner/work/Selenium-Python-Example/Selenium-Python-Example/.venv/lib/python3.13/site-packages/_pytest/setuponly.py\", line 36, in pytest_fixture_setup\n    return (yield)\n            ^^^^^\n  File \"/home/runner/work/Selenium-Python-Example/Selenium-Python-Example/.venv/lib/python3.13/site-packages/pluggy/_callers.py\", line 103, in _multicall\n    res = hook_impl.function(*args)\n  File \"/home/runner/work/Selenium-Python-Example/Selenium-Python-Example/.venv/lib/python3.13/site-packages/_pytest/fixtures.py\", line 1195, in pytest_fixture_setup\n    result = call_fixture_func(fixturefunc, request, kwargs)\n  File \"/home/runner/work/Selenium-Python-Example/Selenium-Python-Example/.venv/lib/python3.13/site-packages/_pytest/fixtures.py\", line 929, in call_fixture_func\n    fixture_result = fixturefunc(**kwargs)\n  File \"/home/runner/work/Selenium-Python-Example/Selenium-Python-Example/tests/workspaces_test.py\", line 25, in setup_method_fixture\n    login(self.about_page, self.login_page)\n    ~~~~~^^^^^^^^^^^^^^^^^^^^^^^^^^^^^^^^^^\n  File \"/home/runner/work/Selenium-Python-Example/Selenium-Python-Example/tests/workspaces_test.py\", line 15, in login\n    about_page.click_login_link()\n    ~~~~~~~~~~~~~~~~~~~~~~~~~~~^^\n  File \"/home/runner/work/Selenium-Python-Example/Selenium-Python-Example/.venv/lib/python3.13/site-packages/allure_commons/_allure.py\", line 202, in impl\n    return func(*a, **kw)\n  File \"/home/runner/work/Selenium-Python-Example/Selenium-Python-Example/src/pages/about_page.py\", line 18, in click_login_link\n    self.click(self.LOGIN_LINK)\n    ~~~~~~~~~~^^^^^^^^^^^^^^^^^\n  File \"/home/runner/work/Selenium-Python-Example/Selenium-Python-Example/src/pages/base_page.py\", line 59, in click\n    el: WebElement = self.wait.until(expected_conditions.element_to_be_clickable(locator))\n                     ~~~~~~~~~~~~~~~^^^^^^^^^^^^^^^^^^^^^^^^^^^^^^^^^^^^^^^^^^^^^^^^^^^^^^\n  File \"/home/runner/work/Selenium-Python-Example/Selenium-Python-Example/.venv/lib/python3.13/site-packages/selenium/webdriver/support/wait.py\", line 138, in until\n    raise TimeoutException(message, screen, stacktrace)\n","steps":[{"name":"Click Login link","time":{"start":1756605104649,"stop":1756605115024,"duration":10375},"status":"broken","statusMessage":"selenium.common.exceptions.TimeoutException: Message: \nStacktrace:\n#0 0x556098bc353a <unknown>\n#1 0x5560986bef00 <unknown>\n#2 0x55609870ec0c <unknown>\n#3 0x55609870ee31 <unknown>\n#4 0x556098754bd4 <unknown>\n#5 0x5560987335cd <unknown>\n#6 0x556098751f84 <unknown>\n#7 0x556098733343 <unknown>\n#8 0x55609870078a <unknown>\n#9 0x5560987019de <unknown>\n#10 0x556098b8d2cb <unknown>\n#11 0x556098b91242 <unknown>\n#12 0x556098b7a7ac <unknown>\n#13 0x556098b91df7 <unknown>\n#14 0x556098b5eb2f <unknown>\n#15 0x556098bb21a8 <unknown>\n#16 0x556098bb2370 <unknown>\n#17 0x556098bc23b6 <unknown>\n#18 0x7f9d1be9caa4 <unknown>\n#19 0x7f9d1bf29c3c <unknown>\n\n","statusTrace":"  File \"/home/runner/work/Selenium-Python-Example/Selenium-Python-Example/.venv/lib/python3.13/site-packages/allure_commons/_allure.py\", line 202, in impl\n    return func(*a, **kw)\n  File \"/home/runner/work/Selenium-Python-Example/Selenium-Python-Example/src/pages/about_page.py\", line 18, in click_login_link\n    self.click(self.LOGIN_LINK)\n    ~~~~~~~~~~^^^^^^^^^^^^^^^^^\n  File \"/home/runner/work/Selenium-Python-Example/Selenium-Python-Example/src/pages/base_page.py\", line 59, in click\n    el: WebElement = self.wait.until(expected_conditions.element_to_be_clickable(locator))\n                     ~~~~~~~~~~~~~~~^^^^^^^^^^^^^^^^^^^^^^^^^^^^^^^^^^^^^^^^^^^^^^^^^^^^^^\n  File \"/home/runner/work/Selenium-Python-Example/Selenium-Python-Example/.venv/lib/python3.13/site-packages/selenium/webdriver/support/wait.py\", line 138, in until\n    raise TimeoutException(message, screen, stacktrace)\n","steps":[],"attachments":[],"parameters":[],"shouldDisplayMessage":true,"stepsCount":0,"attachmentsCount":0,"hasContent":true,"attachmentStep":false}],"attachments":[],"parameters":[],"shouldDisplayMessage":false,"stepsCount":1,"attachmentsCount":0,"hasContent":true,"attachmentStep":false}],"testStage":{"description":"Rename an existing workspace","status":"broken","statusMessage":"FileNotFoundError: [Errno 2] No such file or directory: '/home/runner/work/Selenium-Python-Example/Selenium-Python-Example/src/resources/tests_data.json'","statusTrace":"@fixture(scope=\"session\")\n    def data() -> Data:\n        json_path = Constants.DATA_PATH / \"tests_data.json\"\n>       with open(json_path, encoding=\"utf-8\") as json_file:\n             ^^^^^^^^^^^^^^^^^^^^^^^^^^^^^^^^^\nE       FileNotFoundError: [Errno 2] No such file or directory: '/home/runner/work/Selenium-Python-Example/Selenium-Python-Example/src/resources/tests_data.json'\n\ntests/conftest.py:60: FileNotFoundError","steps":[{"name":"public ip address","time":{"start":1756605087874,"stop":1756605087891,"duration":17},"status":"passed","steps":[],"attachments":[{"uid":"508b5876ec71ec2c","name":"HTTP logs of http://checkip.amazonaws.com/","source":"508b5876ec71ec2c.txt","type":"text/plain","size":359}],"parameters":[],"shouldDisplayMessage":false,"stepsCount":0,"attachmentsCount":1,"hasContent":true,"attachmentStep":false}],"attachments":[{"uid":"fe781a179a6a54e","name":"Cookies","source":"fe781a179a6a54e.json","type":"application/json","size":4118},{"uid":"d2ce6deaa380344f","name":"Session Storage","source":"d2ce6deaa380344f.json","type":"application/json","size":359},{"uid":"cb615d3f15174811","name":"Local Storage","source":"cb615d3f15174811.json","type":"application/json","size":548},{"uid":"ed946e890470e0aa","name":"Full Page Screenshot","source":"ed946e890470e0aa.png","type":"image/png","size":2107150},{"uid":"cf7bcfafcd117fe5","name":"URL","source":"cf7bcfafcd117fe5.uri","type":"text/uri-list","size":23},{"uid":"748d5ef0bc3ee753","name":"Network Logs","source":"748d5ef0bc3ee753.json","type":"application/json","size":7918313}],"parameters":[],"shouldDisplayMessage":true,"stepsCount":1,"attachmentsCount":7,"hasContent":true,"attachmentStep":false},"afterStages":[{"name":"session_request::0","time":{"start":1756605157154,"stop":1756605157154,"duration":0},"status":"passed","steps":[],"attachments":[],"parameters":[],"shouldDisplayMessage":false,"stepsCount":0,"attachmentsCount":0,"hasContent":false,"attachmentStep":false}],"labels":[{"name":"story","value":"WorkSpaces Creation and Editing Functionality"},{"name":"severity","value":"normal"},{"name":"epic","value":"Workspaces"},{"name":"parentSuite","value":"tests"},{"name":"suite","value":"workspaces_test"},{"name":"subSuite","value":"TestWorkspaces"},{"name":"host","value":"pkrvmccyg1gnepe"},{"name":"thread","value":"2150-MainThread"},{"name":"framework","value":"pytest"},{"name":"language","value":"cpython3"},{"name":"package","value":"tests.workspaces_test"},{"name":"resultFormat","value":"allure2"}],"parameters":[],"links":[],"hidden":false,"retry":false,"extra":{"severity":"normal","retries":[],"categories":[{"name":"Test defects","matchedStatuses":[],"flaky":false}],"history":{"statistic":{"failed":0,"broken":31,"skipped":0,"passed":0,"unknown":0,"total":31},"items":[{"uid":"9ec99d2e5cf87b32","reportUrl":"https://nirtal85.github.io/Selenium-Python-Example/761//#testresult/9ec99d2e5cf87b32","status":"broken","statusDetails":"FileNotFoundError: [Errno 2] No such file or directory: '/home/runner/work/Selenium-Python-Example/Selenium-Python-Example/src/resources/tests_data.json'","time":{"start":1756518052337,"stop":1756518052337,"duration":0}},{"uid":"1c3c518daa2391c3","reportUrl":"https://nirtal85.github.io/Selenium-Python-Example/760//#testresult/1c3c518daa2391c3","status":"broken","statusDetails":"FileNotFoundError: [Errno 2] No such file or directory: '/home/runner/work/Selenium-Python-Example/Selenium-Python-Example/src/resources/tests_data.json'","time":{"start":1756431965095,"stop":1756431965095,"duration":0}},{"uid":"3e18e63283e8648b","reportUrl":"https://nirtal85.github.io/Selenium-Python-Example/759//#testresult/3e18e63283e8648b","status":"broken","statusDetails":"FileNotFoundError: [Errno 2] No such file or directory: '/home/runner/work/Selenium-Python-Example/Selenium-Python-Example/src/resources/tests_data.json'","time":{"start":1756345568313,"stop":1756345568313,"duration":0}},{"uid":"f5a61991e0d596d9","reportUrl":"https://nirtal85.github.io/Selenium-Python-Example/758//#testresult/f5a61991e0d596d9","status":"broken","statusDetails":"FileNotFoundError: [Errno 2] No such file or directory: '/home/runner/work/Selenium-Python-Example/Selenium-Python-Example/src/resources/tests_data.json'","time":{"start":1756259221662,"stop":1756259221662,"duration":0}},{"uid":"bdcc7348f0d362f0","reportUrl":"https://nirtal85.github.io/Selenium-Python-Example/757//#testresult/bdcc7348f0d362f0","status":"broken","statusDetails":"FileNotFoundError: [Errno 2] No such file or directory: '/home/runner/work/Selenium-Python-Example/Selenium-Python-Example/src/resources/tests_data.json'","time":{"start":1756173023267,"stop":1756173023267,"duration":0}},{"uid":"4aa4d5ed4c30d951","reportUrl":"https://nirtal85.github.io/Selenium-Python-Example/756//#testresult/4aa4d5ed4c30d951","status":"broken","statusDetails":"FileNotFoundError: [Errno 2] No such file or directory: '/home/runner/work/Selenium-Python-Example/Selenium-Python-Example/src/resources/tests_data.json'","time":{"start":1756086846207,"stop":1756086846207,"duration":0}},{"uid":"109e307485be38ee","reportUrl":"https://nirtal85.github.io/Selenium-Python-Example/755//#testresult/109e307485be38ee","status":"broken","statusDetails":"FileNotFoundError: [Errno 2] No such file or directory: '/home/runner/work/Selenium-Python-Example/Selenium-Python-Example/src/resources/tests_data.json'","time":{"start":1756000791423,"stop":1756000791423,"duration":0}},{"uid":"aa81fab743d673ca","reportUrl":"https://nirtal85.github.io/Selenium-Python-Example/754//#testresult/aa81fab743d673ca","status":"broken","statusDetails":"FileNotFoundError: [Errno 2] No such file or directory: '/home/runner/work/Selenium-Python-Example/Selenium-Python-Example/src/resources/tests_data.json'","time":{"start":1755913537335,"stop":1755913537335,"duration":0}},{"uid":"ec5bbe1fbb64bcda","reportUrl":"https://nirtal85.github.io/Selenium-Python-Example/753//#testresult/ec5bbe1fbb64bcda","status":"broken","statusDetails":"FileNotFoundError: [Errno 2] No such file or directory: '/home/runner/work/Selenium-Python-Example/Selenium-Python-Example/src/resources/tests_data.json'","time":{"start":1755827357482,"stop":1755827357482,"duration":0}},{"uid":"f70f574db8ddcf4d","reportUrl":"https://nirtal85.github.io/Selenium-Python-Example/752//#testresult/f70f574db8ddcf4d","status":"broken","statusDetails":"FileNotFoundError: [Errno 2] No such file or directory: '/home/runner/work/Selenium-Python-Example/Selenium-Python-Example/src/resources/tests_data.json'","time":{"start":1755740924664,"stop":1755740924664,"duration":0}},{"uid":"e626549cee56590b","reportUrl":"https://nirtal85.github.io/Selenium-Python-Example/751//#testresult/e626549cee56590b","status":"broken","statusDetails":"FileNotFoundError: [Errno 2] No such file or directory: '/home/runner/work/Selenium-Python-Example/Selenium-Python-Example/src/resources/tests_data.json'","time":{"start":1755654602387,"stop":1755654602387,"duration":0}},{"uid":"2723488158948bbc","reportUrl":"https://nirtal85.github.io/Selenium-Python-Example/750//#testresult/2723488158948bbc","status":"broken","statusDetails":"FileNotFoundError: [Errno 2] No such file or directory: '/home/runner/work/Selenium-Python-Example/Selenium-Python-Example/src/resources/tests_data.json'","time":{"start":1755568325208,"stop":1755568325208,"duration":0}},{"uid":"126eba67add6290a","reportUrl":"https://nirtal85.github.io/Selenium-Python-Example/749//#testresult/126eba67add6290a","status":"broken","statusDetails":"FileNotFoundError: [Errno 2] No such file or directory: '/home/runner/work/Selenium-Python-Example/Selenium-Python-Example/src/resources/tests_data.json'","time":{"start":1755482681121,"stop":1755482681121,"duration":0}},{"uid":"576a1f986639d6c9","reportUrl":"https://nirtal85.github.io/Selenium-Python-Example/748//#testresult/576a1f986639d6c9","status":"broken","statusDetails":"FileNotFoundError: [Errno 2] No such file or directory: '/home/runner/work/Selenium-Python-Example/Selenium-Python-Example/src/resources/tests_data.json'","time":{"start":1755396266490,"stop":1755396266490,"duration":0}},{"uid":"1c18252abcb9161","reportUrl":"https://nirtal85.github.io/Selenium-Python-Example/747//#testresult/1c18252abcb9161","status":"broken","statusDetails":"FileNotFoundError: [Errno 2] No such file or directory: '/home/runner/work/Selenium-Python-Example/Selenium-Python-Example/src/resources/tests_data.json'","time":{"start":1755309168909,"stop":1755309168909,"duration":0}},{"uid":"cd83b8792de95d97","reportUrl":"https://nirtal85.github.io/Selenium-Python-Example/746//#testresult/cd83b8792de95d97","status":"broken","statusDetails":"FileNotFoundError: [Errno 2] No such file or directory: '/home/runner/work/Selenium-Python-Example/Selenium-Python-Example/src/resources/tests_data.json'","time":{"start":1755223111661,"stop":1755223111661,"duration":0}},{"uid":"43a58fdcf6cb69b4","reportUrl":"https://nirtal85.github.io/Selenium-Python-Example/745//#testresult/43a58fdcf6cb69b4","status":"broken","statusDetails":"FileNotFoundError: [Errno 2] No such file or directory: '/home/runner/work/Selenium-Python-Example/Selenium-Python-Example/src/resources/tests_data.json'","time":{"start":1755136654635,"stop":1755136654635,"duration":0}},{"uid":"a9f26a32a01746c3","reportUrl":"https://nirtal85.github.io/Selenium-Python-Example/744//#testresult/a9f26a32a01746c3","status":"broken","statusDetails":"FileNotFoundError: [Errno 2] No such file or directory: '/home/runner/work/Selenium-Python-Example/Selenium-Python-Example/src/resources/tests_data.json'","time":{"start":1755050245470,"stop":1755050245470,"duration":0}},{"uid":"4b86f6c27256f77d","reportUrl":"https://nirtal85.github.io/Selenium-Python-Example/743//#testresult/4b86f6c27256f77d","status":"broken","statusDetails":"FileNotFoundError: [Errno 2] No such file or directory: '/home/runner/work/Selenium-Python-Example/Selenium-Python-Example/src/resources/tests_data.json'","time":{"start":1754963718935,"stop":1754963718935,"duration":0}},{"uid":"38056f973faf485f","reportUrl":"https://nirtal85.github.io/Selenium-Python-Example/742//#testresult/38056f973faf485f","status":"broken","statusDetails":"FileNotFoundError: [Errno 2] No such file or directory: '/home/runner/work/Selenium-Python-Example/Selenium-Python-Example/src/resources/tests_data.json'","time":{"start":1754878045613,"stop":1754878045613,"duration":0}}]},"tags":[]},"source":"b72cd63de3bc068f.json","parameterValues":[]}