{"uid":"4f0a64ac4d67ee4","name":"Number of projects displayed in page test","fullName":"tests.workspaces_test.TestWorkspaces#test_number_of_existing_projects","historyId":"34e866e263d4a1ed453e065aefe8091d","time":{"start":1755050276311,"stop":1755050276311,"duration":0},"description":"Compare between the actual number of projects seen on page and the number shown in workspaces block","descriptionHtml":"<p>Compare between the actual number of projects seen on page and the number shown in workspaces block</p>\n","status":"broken","statusMessage":"selenium.common.exceptions.TimeoutException: Message: \nStacktrace:\n#0 0x56241954053a <unknown>\n#1 0x56241903bf00 <unknown>\n#2 0x56241908bc0c <unknown>\n#3 0x56241908be31 <unknown>\n#4 0x5624190d1bd4 <unknown>\n#5 0x5624190b05cd <unknown>\n#6 0x5624190cef84 <unknown>\n#7 0x5624190b0343 <unknown>\n#8 0x56241907d78a <unknown>\n#9 0x56241907e9de <unknown>\n#10 0x56241950a2cb <unknown>\n#11 0x56241950e242 <unknown>\n#12 0x5624194f77ac <unknown>\n#13 0x56241950edf7 <unknown>\n#14 0x5624194dbb2f <unknown>\n#15 0x56241952f1a8 <unknown>\n#16 0x56241952f370 <unknown>\n#17 0x56241953f3b6 <unknown>\n#18 0x7f6f6a49caa4 <unknown>\n#19 0x7f6f6a529c3c <unknown>","statusTrace":"self = <tests.workspaces_test.TestWorkspaces object at 0x7f8590fc1a70>\n\n    @pytest.fixture(autouse=True)\n    def setup_method_fixture(self):\n>       login(self.about_page, self.login_page)\n\ntests/workspaces_test.py:25: \n_ _ _ _ _ _ _ _ _ _ _ _ _ _ _ _ _ _ _ _ _ _ _ _ _ _ _ _ _ _ _ _ _ _ _ _ _ _ _ _ \ntests/workspaces_test.py:15: in login\n    about_page.click_login_link()\nsrc/pages/about_page.py:18: in click_login_link\n    self.click(self.LOGIN_LINK)\nsrc/pages/base_page.py:59: in click\n    el: WebElement = self.wait.until(expected_conditions.element_to_be_clickable(locator))\n                     ^^^^^^^^^^^^^^^^^^^^^^^^^^^^^^^^^^^^^^^^^^^^^^^^^^^^^^^^^^^^^^^^^^^^^\n_ _ _ _ _ _ _ _ _ _ _ _ _ _ _ _ _ _ _ _ _ _ _ _ _ _ _ _ _ _ _ _ _ _ _ _ _ _ _ _ \n\nself = <selenium.webdriver.support.wait.WebDriverWait (session=\"95443024a6b311210da19a74b8aff84e\")>\nmethod = <function element_to_be_clickable.<locals>._predicate at 0x7f8591025a80>\nmessage = ''\n\n    def until(self, method: Callable[[D], Union[Literal[False], T]], message: str = \"\") -> T:\n        \"\"\"Wait until the method returns a value that is not False.\n    \n        Calls the method provided with the driver as an argument until the\n        return value does not evaluate to ``False``.\n    \n        Parameters:\n        -----------\n        method: callable(WebDriver)\n            - A callable object that takes a WebDriver instance as an argument.\n    \n        message: str\n            - Optional message for :exc:`TimeoutException`\n    \n        Return:\n        -------\n        object: T\n            - The result of the last call to `method`\n    \n        Raises:\n        -------\n        TimeoutException\n            - If 'method' does not return a truthy value within the WebDriverWait\n            object's timeout\n    \n        Example:\n        --------\n        >>> from selenium.webdriver.common.by import By\n        >>> from selenium.webdriver.support.ui import WebDriverWait\n        >>> from selenium.webdriver.support import expected_conditions as EC\n    \n        # Wait until an element is visible on the page\n        >>> wait = WebDriverWait(driver, 10)\n        >>> element = wait.until(EC.visibility_of_element_located((By.ID, \"exampleId\")))\n        >>> print(element.text)\n        \"\"\"\n        screen = None\n        stacktrace = None\n    \n        end_time = time.monotonic() + self._timeout\n        while True:\n            try:\n                value = method(self._driver)\n                if value:\n                    return value\n            except self._ignored_exceptions as exc:\n                screen = getattr(exc, \"screen\", None)\n                stacktrace = getattr(exc, \"stacktrace\", None)\n            if time.monotonic() > end_time:\n                break\n            time.sleep(self._poll)\n>       raise TimeoutException(message, screen, stacktrace)\nE       selenium.common.exceptions.TimeoutException: Message: \nE       Stacktrace:\nE       #0 0x56241954053a <unknown>\nE       #1 0x56241903bf00 <unknown>\nE       #2 0x56241908bc0c <unknown>\nE       #3 0x56241908be31 <unknown>\nE       #4 0x5624190d1bd4 <unknown>\nE       #5 0x5624190b05cd <unknown>\nE       #6 0x5624190cef84 <unknown>\nE       #7 0x5624190b0343 <unknown>\nE       #8 0x56241907d78a <unknown>\nE       #9 0x56241907e9de <unknown>\nE       #10 0x56241950a2cb <unknown>\nE       #11 0x56241950e242 <unknown>\nE       #12 0x5624194f77ac <unknown>\nE       #13 0x56241950edf7 <unknown>\nE       #14 0x5624194dbb2f <unknown>\nE       #15 0x56241952f1a8 <unknown>\nE       #16 0x56241952f370 <unknown>\nE       #17 0x56241953f3b6 <unknown>\nE       #18 0x7f6f6a49caa4 <unknown>\nE       #19 0x7f6f6a529c3c <unknown>\n\n.venv/lib/python3.13/site-packages/selenium/webdriver/support/wait.py:138: TimeoutException","flaky":false,"newFailed":false,"newBroken":false,"newPassed":false,"retriesCount":0,"retriesStatusChange":false,"beforeStages":[{"name":"base_url","time":{"start":1755050243218,"stop":1755050243218,"duration":0},"status":"passed","steps":[],"attachments":[],"parameters":[],"shouldDisplayMessage":false,"stepsCount":0,"attachmentsCount":0,"hasContent":false,"attachmentStep":false},{"name":"session_request","time":{"start":1755050243219,"stop":1755050243219,"duration":0},"status":"passed","steps":[],"attachments":[],"parameters":[],"shouldDisplayMessage":false,"stepsCount":0,"attachmentsCount":0,"hasContent":false,"attachmentStep":false},{"name":"_verify_url","time":{"start":1755050243219,"stop":1755050243219,"duration":0},"status":"passed","steps":[],"attachments":[],"parameters":[],"shouldDisplayMessage":false,"stepsCount":0,"attachmentsCount":0,"hasContent":false,"attachmentStep":false},{"name":"setup_method_fixture","time":{"start":1755050277929,"stop":1755050288203,"duration":10274},"status":"broken","statusMessage":"selenium.common.exceptions.TimeoutException: Message: \nStacktrace:\n#0 0x56241954053a <unknown>\n#1 0x56241903bf00 <unknown>\n#2 0x56241908bc0c <unknown>\n#3 0x56241908be31 <unknown>\n#4 0x5624190d1bd4 <unknown>\n#5 0x5624190b05cd <unknown>\n#6 0x5624190cef84 <unknown>\n#7 0x5624190b0343 <unknown>\n#8 0x56241907d78a <unknown>\n#9 0x56241907e9de <unknown>\n#10 0x56241950a2cb <unknown>\n#11 0x56241950e242 <unknown>\n#12 0x5624194f77ac <unknown>\n#13 0x56241950edf7 <unknown>\n#14 0x5624194dbb2f <unknown>\n#15 0x56241952f1a8 <unknown>\n#16 0x56241952f370 <unknown>\n#17 0x56241953f3b6 <unknown>\n#18 0x7f6f6a49caa4 <unknown>\n#19 0x7f6f6a529c3c <unknown>\n\n","statusTrace":"  File \"/home/runner/work/Selenium-Python-Example/Selenium-Python-Example/.venv/lib/python3.13/site-packages/pluggy/_callers.py\", line 167, in _multicall\n    teardown.throw(outcome._exception)\n    ~~~~~~~~~~~~~~^^^^^^^^^^^^^^^^^^^^\n  File \"/home/runner/work/Selenium-Python-Example/Selenium-Python-Example/.venv/lib/python3.13/site-packages/_pytest/setuponly.py\", line 36, in pytest_fixture_setup\n    return (yield)\n            ^^^^^\n  File \"/home/runner/work/Selenium-Python-Example/Selenium-Python-Example/.venv/lib/python3.13/site-packages/pluggy/_callers.py\", line 103, in _multicall\n    res = hook_impl.function(*args)\n  File \"/home/runner/work/Selenium-Python-Example/Selenium-Python-Example/.venv/lib/python3.13/site-packages/_pytest/fixtures.py\", line 1195, in pytest_fixture_setup\n    result = call_fixture_func(fixturefunc, request, kwargs)\n  File \"/home/runner/work/Selenium-Python-Example/Selenium-Python-Example/.venv/lib/python3.13/site-packages/_pytest/fixtures.py\", line 929, in call_fixture_func\n    fixture_result = fixturefunc(**kwargs)\n  File \"/home/runner/work/Selenium-Python-Example/Selenium-Python-Example/tests/workspaces_test.py\", line 25, in setup_method_fixture\n    login(self.about_page, self.login_page)\n    ~~~~~^^^^^^^^^^^^^^^^^^^^^^^^^^^^^^^^^^\n  File \"/home/runner/work/Selenium-Python-Example/Selenium-Python-Example/tests/workspaces_test.py\", line 15, in login\n    about_page.click_login_link()\n    ~~~~~~~~~~~~~~~~~~~~~~~~~~~^^\n  File \"/home/runner/work/Selenium-Python-Example/Selenium-Python-Example/.venv/lib/python3.13/site-packages/allure_commons/_allure.py\", line 202, in impl\n    return func(*a, **kw)\n  File \"/home/runner/work/Selenium-Python-Example/Selenium-Python-Example/src/pages/about_page.py\", line 18, in click_login_link\n    self.click(self.LOGIN_LINK)\n    ~~~~~~~~~~^^^^^^^^^^^^^^^^^\n  File \"/home/runner/work/Selenium-Python-Example/Selenium-Python-Example/src/pages/base_page.py\", line 59, in click\n    el: WebElement = self.wait.until(expected_conditions.element_to_be_clickable(locator))\n                     ~~~~~~~~~~~~~~~^^^^^^^^^^^^^^^^^^^^^^^^^^^^^^^^^^^^^^^^^^^^^^^^^^^^^^\n  File \"/home/runner/work/Selenium-Python-Example/Selenium-Python-Example/.venv/lib/python3.13/site-packages/selenium/webdriver/support/wait.py\", line 138, in until\n    raise TimeoutException(message, screen, stacktrace)\n","steps":[{"name":"Click Login link","time":{"start":1755050277929,"stop":1755050288202,"duration":10273},"status":"broken","statusMessage":"selenium.common.exceptions.TimeoutException: Message: \nStacktrace:\n#0 0x56241954053a <unknown>\n#1 0x56241903bf00 <unknown>\n#2 0x56241908bc0c <unknown>\n#3 0x56241908be31 <unknown>\n#4 0x5624190d1bd4 <unknown>\n#5 0x5624190b05cd <unknown>\n#6 0x5624190cef84 <unknown>\n#7 0x5624190b0343 <unknown>\n#8 0x56241907d78a <unknown>\n#9 0x56241907e9de <unknown>\n#10 0x56241950a2cb <unknown>\n#11 0x56241950e242 <unknown>\n#12 0x5624194f77ac <unknown>\n#13 0x56241950edf7 <unknown>\n#14 0x5624194dbb2f <unknown>\n#15 0x56241952f1a8 <unknown>\n#16 0x56241952f370 <unknown>\n#17 0x56241953f3b6 <unknown>\n#18 0x7f6f6a49caa4 <unknown>\n#19 0x7f6f6a529c3c <unknown>\n\n","statusTrace":"  File \"/home/runner/work/Selenium-Python-Example/Selenium-Python-Example/.venv/lib/python3.13/site-packages/allure_commons/_allure.py\", line 202, in impl\n    return func(*a, **kw)\n  File \"/home/runner/work/Selenium-Python-Example/Selenium-Python-Example/src/pages/about_page.py\", line 18, in click_login_link\n    self.click(self.LOGIN_LINK)\n    ~~~~~~~~~~^^^^^^^^^^^^^^^^^\n  File \"/home/runner/work/Selenium-Python-Example/Selenium-Python-Example/src/pages/base_page.py\", line 59, in click\n    el: WebElement = self.wait.until(expected_conditions.element_to_be_clickable(locator))\n                     ~~~~~~~~~~~~~~~^^^^^^^^^^^^^^^^^^^^^^^^^^^^^^^^^^^^^^^^^^^^^^^^^^^^^^\n  File \"/home/runner/work/Selenium-Python-Example/Selenium-Python-Example/.venv/lib/python3.13/site-packages/selenium/webdriver/support/wait.py\", line 138, in until\n    raise TimeoutException(message, screen, stacktrace)\n","steps":[],"attachments":[],"parameters":[],"shouldDisplayMessage":true,"stepsCount":0,"attachmentsCount":0,"hasContent":true,"attachmentStep":false}],"attachments":[],"parameters":[],"shouldDisplayMessage":false,"stepsCount":1,"attachmentsCount":0,"hasContent":true,"attachmentStep":false}],"testStage":{"description":"Compare between the actual number of projects seen on page and the number shown in workspaces block","status":"broken","statusMessage":"selenium.common.exceptions.TimeoutException: Message: \nStacktrace:\n#0 0x56241954053a <unknown>\n#1 0x56241903bf00 <unknown>\n#2 0x56241908bc0c <unknown>\n#3 0x56241908be31 <unknown>\n#4 0x5624190d1bd4 <unknown>\n#5 0x5624190b05cd <unknown>\n#6 0x5624190cef84 <unknown>\n#7 0x5624190b0343 <unknown>\n#8 0x56241907d78a <unknown>\n#9 0x56241907e9de <unknown>\n#10 0x56241950a2cb <unknown>\n#11 0x56241950e242 <unknown>\n#12 0x5624194f77ac <unknown>\n#13 0x56241950edf7 <unknown>\n#14 0x5624194dbb2f <unknown>\n#15 0x56241952f1a8 <unknown>\n#16 0x56241952f370 <unknown>\n#17 0x56241953f3b6 <unknown>\n#18 0x7f6f6a49caa4 <unknown>\n#19 0x7f6f6a529c3c <unknown>","statusTrace":"self = <tests.workspaces_test.TestWorkspaces object at 0x7f8590fc1a70>\n\n    @pytest.fixture(autouse=True)\n    def setup_method_fixture(self):\n>       login(self.about_page, self.login_page)\n\ntests/workspaces_test.py:25: \n_ _ _ _ _ _ _ _ _ _ _ _ _ _ _ _ _ _ _ _ _ _ _ _ _ _ _ _ _ _ _ _ _ _ _ _ _ _ _ _ \ntests/workspaces_test.py:15: in login\n    about_page.click_login_link()\nsrc/pages/about_page.py:18: in click_login_link\n    self.click(self.LOGIN_LINK)\nsrc/pages/base_page.py:59: in click\n    el: WebElement = self.wait.until(expected_conditions.element_to_be_clickable(locator))\n                     ^^^^^^^^^^^^^^^^^^^^^^^^^^^^^^^^^^^^^^^^^^^^^^^^^^^^^^^^^^^^^^^^^^^^^\n_ _ _ _ _ _ _ _ _ _ _ _ _ _ _ _ _ _ _ _ _ _ _ _ _ _ _ _ _ _ _ _ _ _ _ _ _ _ _ _ \n\nself = <selenium.webdriver.support.wait.WebDriverWait (session=\"95443024a6b311210da19a74b8aff84e\")>\nmethod = <function element_to_be_clickable.<locals>._predicate at 0x7f8591025a80>\nmessage = ''\n\n    def until(self, method: Callable[[D], Union[Literal[False], T]], message: str = \"\") -> T:\n        \"\"\"Wait until the method returns a value that is not False.\n    \n        Calls the method provided with the driver as an argument until the\n        return value does not evaluate to ``False``.\n    \n        Parameters:\n        -----------\n        method: callable(WebDriver)\n            - A callable object that takes a WebDriver instance as an argument.\n    \n        message: str\n            - Optional message for :exc:`TimeoutException`\n    \n        Return:\n        -------\n        object: T\n            - The result of the last call to `method`\n    \n        Raises:\n        -------\n        TimeoutException\n            - If 'method' does not return a truthy value within the WebDriverWait\n            object's timeout\n    \n        Example:\n        --------\n        >>> from selenium.webdriver.common.by import By\n        >>> from selenium.webdriver.support.ui import WebDriverWait\n        >>> from selenium.webdriver.support import expected_conditions as EC\n    \n        # Wait until an element is visible on the page\n        >>> wait = WebDriverWait(driver, 10)\n        >>> element = wait.until(EC.visibility_of_element_located((By.ID, \"exampleId\")))\n        >>> print(element.text)\n        \"\"\"\n        screen = None\n        stacktrace = None\n    \n        end_time = time.monotonic() + self._timeout\n        while True:\n            try:\n                value = method(self._driver)\n                if value:\n                    return value\n            except self._ignored_exceptions as exc:\n                screen = getattr(exc, \"screen\", None)\n                stacktrace = getattr(exc, \"stacktrace\", None)\n            if time.monotonic() > end_time:\n                break\n            time.sleep(self._poll)\n>       raise TimeoutException(message, screen, stacktrace)\nE       selenium.common.exceptions.TimeoutException: Message: \nE       Stacktrace:\nE       #0 0x56241954053a <unknown>\nE       #1 0x56241903bf00 <unknown>\nE       #2 0x56241908bc0c <unknown>\nE       #3 0x56241908be31 <unknown>\nE       #4 0x5624190d1bd4 <unknown>\nE       #5 0x5624190b05cd <unknown>\nE       #6 0x5624190cef84 <unknown>\nE       #7 0x5624190b0343 <unknown>\nE       #8 0x56241907d78a <unknown>\nE       #9 0x56241907e9de <unknown>\nE       #10 0x56241950a2cb <unknown>\nE       #11 0x56241950e242 <unknown>\nE       #12 0x5624194f77ac <unknown>\nE       #13 0x56241950edf7 <unknown>\nE       #14 0x5624194dbb2f <unknown>\nE       #15 0x56241952f1a8 <unknown>\nE       #16 0x56241952f370 <unknown>\nE       #17 0x56241953f3b6 <unknown>\nE       #18 0x7f6f6a49caa4 <unknown>\nE       #19 0x7f6f6a529c3c <unknown>\n\n.venv/lib/python3.13/site-packages/selenium/webdriver/support/wait.py:138: TimeoutException","steps":[{"name":"public ip address","time":{"start":1755050288216,"stop":1755050288330,"duration":114},"status":"passed","steps":[],"attachments":[{"uid":"8d23ed891be2550c","name":"HTTP logs of http://checkip.amazonaws.com/","source":"8d23ed891be2550c.txt","type":"text/plain","size":358}],"parameters":[],"shouldDisplayMessage":false,"stepsCount":0,"attachmentsCount":1,"hasContent":true,"attachmentStep":false}],"attachments":[{"uid":"df118fa9701f76e8","name":"Cookies","source":"df118fa9701f76e8.json","type":"application/json","size":4114},{"uid":"eed4dda3a19fe4f3","name":"Session Storage","source":"eed4dda3a19fe4f3.json","type":"application/json","size":358},{"uid":"2f691c7456427fc6","name":"Local Storage","source":"2f691c7456427fc6.json","type":"application/json","size":548},{"uid":"be08f8054c944972","name":"Full Page Screenshot","source":"be08f8054c944972.png","type":"image/png","size":1938546},{"uid":"d0fc8a0cddd8cec1","name":"URL","source":"d0fc8a0cddd8cec1.uri","type":"text/uri-list","size":23},{"uid":"34d5bd40fd5645dc","name":"Network Logs","source":"34d5bd40fd5645dc.json","type":"application/json","size":7928897}],"parameters":[],"shouldDisplayMessage":true,"stepsCount":1,"attachmentsCount":7,"hasContent":true,"attachmentStep":false},"afterStages":[{"name":"session_request::0","time":{"start":1755050318329,"stop":1755050318329,"duration":0},"status":"passed","steps":[],"attachments":[],"parameters":[],"shouldDisplayMessage":false,"stepsCount":0,"attachmentsCount":0,"hasContent":false,"attachmentStep":false}],"labels":[{"name":"severity","value":"normal"},{"name":"story","value":"WorkSpaces Creation and Editing Functionality"},{"name":"epic","value":"Workspaces"},{"name":"parentSuite","value":"tests"},{"name":"suite","value":"workspaces_test"},{"name":"subSuite","value":"TestWorkspaces"},{"name":"host","value":"pkrvmsl9tci6h6u"},{"name":"thread","value":"2180-MainThread"},{"name":"framework","value":"pytest"},{"name":"language","value":"cpython3"},{"name":"package","value":"tests.workspaces_test"},{"name":"resultFormat","value":"allure2"}],"parameters":[],"links":[],"hidden":false,"retry":false,"extra":{"severity":"normal","retries":[],"categories":[{"name":"Test defects","matchedStatuses":[],"flaky":false}],"history":{"statistic":{"failed":0,"broken":13,"skipped":0,"passed":0,"unknown":0,"total":13},"items":[{"uid":"8a55130687738966","reportUrl":"https://nirtal85.github.io/Selenium-Python-Example/743//#testresult/8a55130687738966","status":"broken","statusDetails":"selenium.common.exceptions.TimeoutException: Message: \nStacktrace:\n#0 0x557579cc253a <unknown>\n#1 0x5575797bdf00 <unknown>\n#2 0x55757980dc0c <unknown>\n#3 0x55757980de31 <unknown>\n#4 0x557579853bd4 <unknown>\n#5 0x5575798325cd <unknown>\n#6 0x557579850f84 <unknown>\n#7 0x557579832343 <unknown>\n#8 0x5575797ff78a <unknown>\n#9 0x5575798009de <unknown>\n#10 0x557579c8c2cb <unknown>\n#11 0x557579c90242 <unknown>\n#12 0x557579c797ac <unknown>\n#13 0x557579c90df7 <unknown>\n#14 0x557579c5db2f <unknown>\n#15 0x557579cb11a8 <unknown>\n#16 0x557579cb1370 <unknown>\n#17 0x557579cc13b6 <unknown>\n#18 0x7f113f49caa4 <unknown>\n#19 0x7f113f529c3c <unknown>","time":{"start":1754963751756,"stop":1754963751756,"duration":0}},{"uid":"6e60986bfe95014e","reportUrl":"https://nirtal85.github.io/Selenium-Python-Example/742//#testresult/6e60986bfe95014e","status":"broken","statusDetails":"selenium.common.exceptions.TimeoutException: Message: \nStacktrace:\n#0 0x557abfc3353a <unknown>\n#1 0x557abf72ef00 <unknown>\n#2 0x557abf77ec0c <unknown>\n#3 0x557abf77ee31 <unknown>\n#4 0x557abf7c4bd4 <unknown>\n#5 0x557abf7a35cd <unknown>\n#6 0x557abf7c1f84 <unknown>\n#7 0x557abf7a3343 <unknown>\n#8 0x557abf77078a <unknown>\n#9 0x557abf7719de <unknown>\n#10 0x557abfbfd2cb <unknown>\n#11 0x557abfc01242 <unknown>\n#12 0x557abfbea7ac <unknown>\n#13 0x557abfc01df7 <unknown>\n#14 0x557abfbceb2f <unknown>\n#15 0x557abfc221a8 <unknown>\n#16 0x557abfc22370 <unknown>\n#17 0x557abfc323b6 <unknown>\n#18 0x7f3d9229caa4 <unknown>\n#19 0x7f3d92329c3c <unknown>","time":{"start":1754878077848,"stop":1754878077848,"duration":0}},{"uid":"ab94b7fcefceeb68","reportUrl":"https://nirtal85.github.io/Selenium-Python-Example/741//#testresult/ab94b7fcefceeb68","status":"broken","statusDetails":"selenium.common.exceptions.TimeoutException: Message: \nStacktrace:\n#0 0x55d02f7fd53a <unknown>\n#1 0x55d02f2f8f00 <unknown>\n#2 0x55d02f348c0c <unknown>\n#3 0x55d02f348e31 <unknown>\n#4 0x55d02f38ebd4 <unknown>\n#5 0x55d02f36d5cd <unknown>\n#6 0x55d02f38bf84 <unknown>\n#7 0x55d02f36d343 <unknown>\n#8 0x55d02f33a78a <unknown>\n#9 0x55d02f33b9de <unknown>\n#10 0x55d02f7c72cb <unknown>\n#11 0x55d02f7cb242 <unknown>\n#12 0x55d02f7b47ac <unknown>\n#13 0x55d02f7cbdf7 <unknown>\n#14 0x55d02f798b2f <unknown>\n#15 0x55d02f7ec1a8 <unknown>\n#16 0x55d02f7ec370 <unknown>\n#17 0x55d02f7fc3b6 <unknown>\n#18 0x7fa2b409caa4 <unknown>\n#19 0x7fa2b4129c3c <unknown>","time":{"start":1754791901309,"stop":1754791901309,"duration":0}},{"uid":"7a1fd1cee0bc806a","reportUrl":"https://nirtal85.github.io/Selenium-Python-Example/740//#testresult/7a1fd1cee0bc806a","status":"broken","statusDetails":"selenium.common.exceptions.TimeoutException: Message: \nStacktrace:\n#0 0x561b8824453a <unknown>\n#1 0x561b87d3ff00 <unknown>\n#2 0x561b87d8fc0c <unknown>\n#3 0x561b87d8fe31 <unknown>\n#4 0x561b87dd5bd4 <unknown>\n#5 0x561b87db45cd <unknown>\n#6 0x561b87dd2f84 <unknown>\n#7 0x561b87db4343 <unknown>\n#8 0x561b87d8178a <unknown>\n#9 0x561b87d829de <unknown>\n#10 0x561b8820e2cb <unknown>\n#11 0x561b88212242 <unknown>\n#12 0x561b881fb7ac <unknown>\n#13 0x561b88212df7 <unknown>\n#14 0x561b881dfb2f <unknown>\n#15 0x561b882331a8 <unknown>\n#16 0x561b88233370 <unknown>\n#17 0x561b882433b6 <unknown>\n#18 0x7f7b61a9caa4 <unknown>\n#19 0x7f7b61b29c3c <unknown>","time":{"start":1754704617212,"stop":1754704617212,"duration":0}},{"uid":"42da1226efa64e30","reportUrl":"https://nirtal85.github.io/Selenium-Python-Example/739//#testresult/42da1226efa64e30","status":"broken","statusDetails":"selenium.common.exceptions.TimeoutException: Message: \nStacktrace:\n#0 0x55deb41e653a <unknown>\n#1 0x55deb3ce1f00 <unknown>\n#2 0x55deb3d31c0c <unknown>\n#3 0x55deb3d31e31 <unknown>\n#4 0x55deb3d77bd4 <unknown>\n#5 0x55deb3d565cd <unknown>\n#6 0x55deb3d74f84 <unknown>\n#7 0x55deb3d56343 <unknown>\n#8 0x55deb3d2378a <unknown>\n#9 0x55deb3d249de <unknown>\n#10 0x55deb41b02cb <unknown>\n#11 0x55deb41b4242 <unknown>\n#12 0x55deb419d7ac <unknown>\n#13 0x55deb41b4df7 <unknown>\n#14 0x55deb4181b2f <unknown>\n#15 0x55deb41d51a8 <unknown>\n#16 0x55deb41d5370 <unknown>\n#17 0x55deb41e53b6 <unknown>\n#18 0x7fe5a549caa4 <unknown>\n#19 0x7fe5a5529c3c <unknown>","time":{"start":1754618873116,"stop":1754618873116,"duration":0}},{"uid":"4b3149d8ac348b2b","reportUrl":"https://nirtal85.github.io/Selenium-Python-Example/738//#testresult/4b3149d8ac348b2b","status":"broken","statusDetails":"selenium.common.exceptions.TimeoutException: Message: \nStacktrace:\n#0 0x558ba1fdb53a <unknown>\n#1 0x558ba1ad6f00 <unknown>\n#2 0x558ba1b26c0c <unknown>\n#3 0x558ba1b26e31 <unknown>\n#4 0x558ba1b6cbd4 <unknown>\n#5 0x558ba1b4b5cd <unknown>\n#6 0x558ba1b69f84 <unknown>\n#7 0x558ba1b4b343 <unknown>\n#8 0x558ba1b1878a <unknown>\n#9 0x558ba1b199de <unknown>\n#10 0x558ba1fa52cb <unknown>\n#11 0x558ba1fa9242 <unknown>\n#12 0x558ba1f927ac <unknown>\n#13 0x558ba1fa9df7 <unknown>\n#14 0x558ba1f76b2f <unknown>\n#15 0x558ba1fca1a8 <unknown>\n#16 0x558ba1fca370 <unknown>\n#17 0x558ba1fda3b6 <unknown>\n#18 0x7f504229caa4 <unknown>\n#19 0x7f5042329c3c <unknown>","time":{"start":1754532505264,"stop":1754532505264,"duration":0}},{"uid":"28b623a5ba7ed6ff","reportUrl":"https://nirtal85.github.io/Selenium-Python-Example/737//#testresult/28b623a5ba7ed6ff","status":"broken","statusDetails":"selenium.common.exceptions.TimeoutException: Message: \nStacktrace:\n#0 0x55879f88a53a <unknown>\n#1 0x55879f385f00 <unknown>\n#2 0x55879f3d5c0c <unknown>\n#3 0x55879f3d5e31 <unknown>\n#4 0x55879f41bbd4 <unknown>\n#5 0x55879f3fa5cd <unknown>\n#6 0x55879f418f84 <unknown>\n#7 0x55879f3fa343 <unknown>\n#8 0x55879f3c778a <unknown>\n#9 0x55879f3c89de <unknown>\n#10 0x55879f8542cb <unknown>\n#11 0x55879f858242 <unknown>\n#12 0x55879f8417ac <unknown>\n#13 0x55879f858df7 <unknown>\n#14 0x55879f825b2f <unknown>\n#15 0x55879f8791a8 <unknown>\n#16 0x55879f879370 <unknown>\n#17 0x55879f8893b6 <unknown>\n#18 0x7f062409caa4 <unknown>\n#19 0x7f0624129c3c <unknown>","time":{"start":1754446078453,"stop":1754446078453,"duration":0}},{"uid":"390a221e381f1741","reportUrl":"https://nirtal85.github.io/Selenium-Python-Example/736//#testresult/390a221e381f1741","status":"broken","statusDetails":"selenium.common.exceptions.TimeoutException: Message: \nStacktrace:\n#0 0x55e31c6aa53a <unknown>\n#1 0x55e31c1a5f00 <unknown>\n#2 0x55e31c1f5c0c <unknown>\n#3 0x55e31c1f5e31 <unknown>\n#4 0x55e31c23bbd4 <unknown>\n#5 0x55e31c21a5cd <unknown>\n#6 0x55e31c238f84 <unknown>\n#7 0x55e31c21a343 <unknown>\n#8 0x55e31c1e778a <unknown>\n#9 0x55e31c1e89de <unknown>\n#10 0x55e31c6742cb <unknown>\n#11 0x55e31c678242 <unknown>\n#12 0x55e31c6617ac <unknown>\n#13 0x55e31c678df7 <unknown>\n#14 0x55e31c645b2f <unknown>\n#15 0x55e31c6991a8 <unknown>\n#16 0x55e31c699370 <unknown>\n#17 0x55e31c6a93b6 <unknown>\n#18 0x7f693a09caa4 <unknown>\n#19 0x7f693a129c3c <unknown>","time":{"start":1754359798016,"stop":1754359798016,"duration":0}},{"uid":"4cf74cc64143c614","reportUrl":"https://nirtal85.github.io/Selenium-Python-Example/735//#testresult/4cf74cc64143c614","status":"broken","statusDetails":"selenium.common.exceptions.TimeoutException: Message: \nStacktrace:\n#0 0x55dd6e11a53a <unknown>\n#1 0x55dd6dc15f00 <unknown>\n#2 0x55dd6dc65c0c <unknown>\n#3 0x55dd6dc65e31 <unknown>\n#4 0x55dd6dcabbd4 <unknown>\n#5 0x55dd6dc8a5cd <unknown>\n#6 0x55dd6dca8f84 <unknown>\n#7 0x55dd6dc8a343 <unknown>\n#8 0x55dd6dc5778a <unknown>\n#9 0x55dd6dc589de <unknown>\n#10 0x55dd6e0e42cb <unknown>\n#11 0x55dd6e0e8242 <unknown>\n#12 0x55dd6e0d17ac <unknown>\n#13 0x55dd6e0e8df7 <unknown>\n#14 0x55dd6e0b5b2f <unknown>\n#15 0x55dd6e1091a8 <unknown>\n#16 0x55dd6e109370 <unknown>\n#17 0x55dd6e1193b6 <unknown>\n#18 0x7fb801a9caa4 <unknown>\n#19 0x7fb801b29c3c <unknown>","time":{"start":1754274122663,"stop":1754274122663,"duration":0}},{"uid":"3f7e444f22a62e77","reportUrl":"https://nirtal85.github.io/Selenium-Python-Example/734//#testresult/3f7e444f22a62e77","status":"broken","statusDetails":"selenium.common.exceptions.TimeoutException: Message: \nStacktrace:\n#0 0x55ce12ab553a <unknown>\n#1 0x55ce125b0f00 <unknown>\n#2 0x55ce12600c0c <unknown>\n#3 0x55ce12600e31 <unknown>\n#4 0x55ce12646bd4 <unknown>\n#5 0x55ce126255cd <unknown>\n#6 0x55ce12643f84 <unknown>\n#7 0x55ce12625343 <unknown>\n#8 0x55ce125f278a <unknown>\n#9 0x55ce125f39de <unknown>\n#10 0x55ce12a7f2cb <unknown>\n#11 0x55ce12a83242 <unknown>\n#12 0x55ce12a6c7ac <unknown>\n#13 0x55ce12a83df7 <unknown>\n#14 0x55ce12a50b2f <unknown>\n#15 0x55ce12aa41a8 <unknown>\n#16 0x55ce12aa4370 <unknown>\n#17 0x55ce12ab43b6 <unknown>\n#18 0x7f6d3e29caa4 <unknown>\n#19 0x7f6d3e329c3c <unknown>","time":{"start":1754187716847,"stop":1754187716847,"duration":0}},{"uid":"43a2dd60e650234f","reportUrl":"https://nirtal85.github.io/Selenium-Python-Example/733//#testresult/43a2dd60e650234f","status":"broken","statusDetails":"selenium.common.exceptions.TimeoutException: Message: \nStacktrace:\n#0 0x55735db3253a <unknown>\n#1 0x55735d62df00 <unknown>\n#2 0x55735d67dc0c <unknown>\n#3 0x55735d67de31 <unknown>\n#4 0x55735d6c3bd4 <unknown>\n#5 0x55735d6a25cd <unknown>\n#6 0x55735d6c0f84 <unknown>\n#7 0x55735d6a2343 <unknown>\n#8 0x55735d66f78a <unknown>\n#9 0x55735d6709de <unknown>\n#10 0x55735dafc2cb <unknown>\n#11 0x55735db00242 <unknown>\n#12 0x55735dae97ac <unknown>\n#13 0x55735db00df7 <unknown>\n#14 0x55735dacdb2f <unknown>\n#15 0x55735db211a8 <unknown>\n#16 0x55735db21370 <unknown>\n#17 0x55735db313b6 <unknown>\n#18 0x7fb13fc9caa4 <unknown>\n#19 0x7fb13fd29c3c <unknown>","time":{"start":1754100072072,"stop":1754100072072,"duration":0}},{"uid":"2a340f17e56edd1d","reportUrl":"https://nirtal85.github.io/Selenium-Python-Example/732//#testresult/2a340f17e56edd1d","status":"broken","statusDetails":"selenium.common.exceptions.TimeoutException: Message: \nStacktrace:\n#0 0x562d66b6c53a <unknown>\n#1 0x562d66667f00 <unknown>\n#2 0x562d666b7c0c <unknown>\n#3 0x562d666b7e31 <unknown>\n#4 0x562d666fdbd4 <unknown>\n#5 0x562d666dc5cd <unknown>\n#6 0x562d666faf84 <unknown>\n#7 0x562d666dc343 <unknown>\n#8 0x562d666a978a <unknown>\n#9 0x562d666aa9de <unknown>\n#10 0x562d66b362cb <unknown>\n#11 0x562d66b3a242 <unknown>\n#12 0x562d66b237ac <unknown>\n#13 0x562d66b3adf7 <unknown>\n#14 0x562d66b07b2f <unknown>\n#15 0x562d66b5b1a8 <unknown>\n#16 0x562d66b5b370 <unknown>\n#17 0x562d66b6b3b6 <unknown>\n#18 0x7f4c1c29caa4 <unknown>\n#19 0x7f4c1c329c3c <unknown>","time":{"start":1754015013812,"stop":1754015013812,"duration":0}}]},"tags":[]},"source":"4f0a64ac4d67ee4.json","parameterValues":[]}