{"uid":"a20a15a262d99ec6","name":"Delete existing workspace","fullName":"tests.workspaces_test.TestWorkspaces#test_delete_workspace","historyId":"085ae9bea926da8512f07258dfb5df8c","time":{"start":1755050260721,"stop":1755050260721,"duration":0},"description":"Delete an existing workspace","descriptionHtml":"<p>Delete an existing workspace</p>\n","status":"broken","statusMessage":"selenium.common.exceptions.TimeoutException: Message: \nStacktrace:\n#0 0x55a9957ce53a <unknown>\n#1 0x55a9952c9f00 <unknown>\n#2 0x55a995319c0c <unknown>\n#3 0x55a995319e31 <unknown>\n#4 0x55a99535fbd4 <unknown>\n#5 0x55a99533e5cd <unknown>\n#6 0x55a99535cf84 <unknown>\n#7 0x55a99533e343 <unknown>\n#8 0x55a99530b78a <unknown>\n#9 0x55a99530c9de <unknown>\n#10 0x55a9957982cb <unknown>\n#11 0x55a99579c242 <unknown>\n#12 0x55a9957857ac <unknown>\n#13 0x55a99579cdf7 <unknown>\n#14 0x55a995769b2f <unknown>\n#15 0x55a9957bd1a8 <unknown>\n#16 0x55a9957bd370 <unknown>\n#17 0x55a9957cd3b6 <unknown>\n#18 0x7f0bdac9caa4 <unknown>\n#19 0x7f0bdad29c3c <unknown>","statusTrace":"self = <tests.workspaces_test.TestWorkspaces object at 0x7f8590fc1940>\n\n    @pytest.fixture(autouse=True)\n    def setup_method_fixture(self):\n>       login(self.about_page, self.login_page)\n\ntests/workspaces_test.py:25: \n_ _ _ _ _ _ _ _ _ _ _ _ _ _ _ _ _ _ _ _ _ _ _ _ _ _ _ _ _ _ _ _ _ _ _ _ _ _ _ _ \ntests/workspaces_test.py:15: in login\n    about_page.click_login_link()\nsrc/pages/about_page.py:18: in click_login_link\n    self.click(self.LOGIN_LINK)\nsrc/pages/base_page.py:59: in click\n    el: WebElement = self.wait.until(expected_conditions.element_to_be_clickable(locator))\n                     ^^^^^^^^^^^^^^^^^^^^^^^^^^^^^^^^^^^^^^^^^^^^^^^^^^^^^^^^^^^^^^^^^^^^^\n_ _ _ _ _ _ _ _ _ _ _ _ _ _ _ _ _ _ _ _ _ _ _ _ _ _ _ _ _ _ _ _ _ _ _ _ _ _ _ _ \n\nself = <selenium.webdriver.support.wait.WebDriverWait (session=\"321e2ec441b3d8ad3afa826195e85e9b\")>\nmethod = <function element_to_be_clickable.<locals>._predicate at 0x7f8591026e80>\nmessage = ''\n\n    def until(self, method: Callable[[D], Union[Literal[False], T]], message: str = \"\") -> T:\n        \"\"\"Wait until the method returns a value that is not False.\n    \n        Calls the method provided with the driver as an argument until the\n        return value does not evaluate to ``False``.\n    \n        Parameters:\n        -----------\n        method: callable(WebDriver)\n            - A callable object that takes a WebDriver instance as an argument.\n    \n        message: str\n            - Optional message for :exc:`TimeoutException`\n    \n        Return:\n        -------\n        object: T\n            - The result of the last call to `method`\n    \n        Raises:\n        -------\n        TimeoutException\n            - If 'method' does not return a truthy value within the WebDriverWait\n            object's timeout\n    \n        Example:\n        --------\n        >>> from selenium.webdriver.common.by import By\n        >>> from selenium.webdriver.support.ui import WebDriverWait\n        >>> from selenium.webdriver.support import expected_conditions as EC\n    \n        # Wait until an element is visible on the page\n        >>> wait = WebDriverWait(driver, 10)\n        >>> element = wait.until(EC.visibility_of_element_located((By.ID, \"exampleId\")))\n        >>> print(element.text)\n        \"\"\"\n        screen = None\n        stacktrace = None\n    \n        end_time = time.monotonic() + self._timeout\n        while True:\n            try:\n                value = method(self._driver)\n                if value:\n                    return value\n            except self._ignored_exceptions as exc:\n                screen = getattr(exc, \"screen\", None)\n                stacktrace = getattr(exc, \"stacktrace\", None)\n            if time.monotonic() > end_time:\n                break\n            time.sleep(self._poll)\n>       raise TimeoutException(message, screen, stacktrace)\nE       selenium.common.exceptions.TimeoutException: Message: \nE       Stacktrace:\nE       #0 0x55a9957ce53a <unknown>\nE       #1 0x55a9952c9f00 <unknown>\nE       #2 0x55a995319c0c <unknown>\nE       #3 0x55a995319e31 <unknown>\nE       #4 0x55a99535fbd4 <unknown>\nE       #5 0x55a99533e5cd <unknown>\nE       #6 0x55a99535cf84 <unknown>\nE       #7 0x55a99533e343 <unknown>\nE       #8 0x55a99530b78a <unknown>\nE       #9 0x55a99530c9de <unknown>\nE       #10 0x55a9957982cb <unknown>\nE       #11 0x55a99579c242 <unknown>\nE       #12 0x55a9957857ac <unknown>\nE       #13 0x55a99579cdf7 <unknown>\nE       #14 0x55a995769b2f <unknown>\nE       #15 0x55a9957bd1a8 <unknown>\nE       #16 0x55a9957bd370 <unknown>\nE       #17 0x55a9957cd3b6 <unknown>\nE       #18 0x7f0bdac9caa4 <unknown>\nE       #19 0x7f0bdad29c3c <unknown>\n\n.venv/lib/python3.13/site-packages/selenium/webdriver/support/wait.py:138: TimeoutException","flaky":false,"newFailed":false,"newBroken":false,"newPassed":false,"retriesCount":0,"retriesStatusChange":false,"beforeStages":[{"name":"base_url","time":{"start":1755050243218,"stop":1755050243218,"duration":0},"status":"passed","steps":[],"attachments":[],"parameters":[],"shouldDisplayMessage":false,"stepsCount":0,"attachmentsCount":0,"hasContent":false,"attachmentStep":false},{"name":"session_request","time":{"start":1755050243219,"stop":1755050243219,"duration":0},"status":"passed","steps":[],"attachments":[],"parameters":[],"shouldDisplayMessage":false,"stepsCount":0,"attachmentsCount":0,"hasContent":false,"attachmentStep":false},{"name":"_verify_url","time":{"start":1755050243219,"stop":1755050243219,"duration":0},"status":"passed","steps":[],"attachments":[],"parameters":[],"shouldDisplayMessage":false,"stepsCount":0,"attachmentsCount":0,"hasContent":false,"attachmentStep":false},{"name":"setup_method_fixture","time":{"start":1755050263407,"stop":1755050273803,"duration":10396},"status":"broken","statusMessage":"selenium.common.exceptions.TimeoutException: Message: \nStacktrace:\n#0 0x55a9957ce53a <unknown>\n#1 0x55a9952c9f00 <unknown>\n#2 0x55a995319c0c <unknown>\n#3 0x55a995319e31 <unknown>\n#4 0x55a99535fbd4 <unknown>\n#5 0x55a99533e5cd <unknown>\n#6 0x55a99535cf84 <unknown>\n#7 0x55a99533e343 <unknown>\n#8 0x55a99530b78a <unknown>\n#9 0x55a99530c9de <unknown>\n#10 0x55a9957982cb <unknown>\n#11 0x55a99579c242 <unknown>\n#12 0x55a9957857ac <unknown>\n#13 0x55a99579cdf7 <unknown>\n#14 0x55a995769b2f <unknown>\n#15 0x55a9957bd1a8 <unknown>\n#16 0x55a9957bd370 <unknown>\n#17 0x55a9957cd3b6 <unknown>\n#18 0x7f0bdac9caa4 <unknown>\n#19 0x7f0bdad29c3c <unknown>\n\n","statusTrace":"  File \"/home/runner/work/Selenium-Python-Example/Selenium-Python-Example/.venv/lib/python3.13/site-packages/pluggy/_callers.py\", line 167, in _multicall\n    teardown.throw(outcome._exception)\n    ~~~~~~~~~~~~~~^^^^^^^^^^^^^^^^^^^^\n  File \"/home/runner/work/Selenium-Python-Example/Selenium-Python-Example/.venv/lib/python3.13/site-packages/_pytest/setuponly.py\", line 36, in pytest_fixture_setup\n    return (yield)\n            ^^^^^\n  File \"/home/runner/work/Selenium-Python-Example/Selenium-Python-Example/.venv/lib/python3.13/site-packages/pluggy/_callers.py\", line 103, in _multicall\n    res = hook_impl.function(*args)\n  File \"/home/runner/work/Selenium-Python-Example/Selenium-Python-Example/.venv/lib/python3.13/site-packages/_pytest/fixtures.py\", line 1195, in pytest_fixture_setup\n    result = call_fixture_func(fixturefunc, request, kwargs)\n  File \"/home/runner/work/Selenium-Python-Example/Selenium-Python-Example/.venv/lib/python3.13/site-packages/_pytest/fixtures.py\", line 929, in call_fixture_func\n    fixture_result = fixturefunc(**kwargs)\n  File \"/home/runner/work/Selenium-Python-Example/Selenium-Python-Example/tests/workspaces_test.py\", line 25, in setup_method_fixture\n    login(self.about_page, self.login_page)\n    ~~~~~^^^^^^^^^^^^^^^^^^^^^^^^^^^^^^^^^^\n  File \"/home/runner/work/Selenium-Python-Example/Selenium-Python-Example/tests/workspaces_test.py\", line 15, in login\n    about_page.click_login_link()\n    ~~~~~~~~~~~~~~~~~~~~~~~~~~~^^\n  File \"/home/runner/work/Selenium-Python-Example/Selenium-Python-Example/.venv/lib/python3.13/site-packages/allure_commons/_allure.py\", line 202, in impl\n    return func(*a, **kw)\n  File \"/home/runner/work/Selenium-Python-Example/Selenium-Python-Example/src/pages/about_page.py\", line 18, in click_login_link\n    self.click(self.LOGIN_LINK)\n    ~~~~~~~~~~^^^^^^^^^^^^^^^^^\n  File \"/home/runner/work/Selenium-Python-Example/Selenium-Python-Example/src/pages/base_page.py\", line 59, in click\n    el: WebElement = self.wait.until(expected_conditions.element_to_be_clickable(locator))\n                     ~~~~~~~~~~~~~~~^^^^^^^^^^^^^^^^^^^^^^^^^^^^^^^^^^^^^^^^^^^^^^^^^^^^^^\n  File \"/home/runner/work/Selenium-Python-Example/Selenium-Python-Example/.venv/lib/python3.13/site-packages/selenium/webdriver/support/wait.py\", line 138, in until\n    raise TimeoutException(message, screen, stacktrace)\n","steps":[{"name":"Click Login link","time":{"start":1755050263408,"stop":1755050273802,"duration":10394},"status":"broken","statusMessage":"selenium.common.exceptions.TimeoutException: Message: \nStacktrace:\n#0 0x55a9957ce53a <unknown>\n#1 0x55a9952c9f00 <unknown>\n#2 0x55a995319c0c <unknown>\n#3 0x55a995319e31 <unknown>\n#4 0x55a99535fbd4 <unknown>\n#5 0x55a99533e5cd <unknown>\n#6 0x55a99535cf84 <unknown>\n#7 0x55a99533e343 <unknown>\n#8 0x55a99530b78a <unknown>\n#9 0x55a99530c9de <unknown>\n#10 0x55a9957982cb <unknown>\n#11 0x55a99579c242 <unknown>\n#12 0x55a9957857ac <unknown>\n#13 0x55a99579cdf7 <unknown>\n#14 0x55a995769b2f <unknown>\n#15 0x55a9957bd1a8 <unknown>\n#16 0x55a9957bd370 <unknown>\n#17 0x55a9957cd3b6 <unknown>\n#18 0x7f0bdac9caa4 <unknown>\n#19 0x7f0bdad29c3c <unknown>\n\n","statusTrace":"  File \"/home/runner/work/Selenium-Python-Example/Selenium-Python-Example/.venv/lib/python3.13/site-packages/allure_commons/_allure.py\", line 202, in impl\n    return func(*a, **kw)\n  File \"/home/runner/work/Selenium-Python-Example/Selenium-Python-Example/src/pages/about_page.py\", line 18, in click_login_link\n    self.click(self.LOGIN_LINK)\n    ~~~~~~~~~~^^^^^^^^^^^^^^^^^\n  File \"/home/runner/work/Selenium-Python-Example/Selenium-Python-Example/src/pages/base_page.py\", line 59, in click\n    el: WebElement = self.wait.until(expected_conditions.element_to_be_clickable(locator))\n                     ~~~~~~~~~~~~~~~^^^^^^^^^^^^^^^^^^^^^^^^^^^^^^^^^^^^^^^^^^^^^^^^^^^^^^\n  File \"/home/runner/work/Selenium-Python-Example/Selenium-Python-Example/.venv/lib/python3.13/site-packages/selenium/webdriver/support/wait.py\", line 138, in until\n    raise TimeoutException(message, screen, stacktrace)\n","steps":[],"attachments":[],"parameters":[],"shouldDisplayMessage":true,"stepsCount":0,"attachmentsCount":0,"hasContent":true,"attachmentStep":false}],"attachments":[],"parameters":[],"shouldDisplayMessage":false,"stepsCount":1,"attachmentsCount":0,"hasContent":true,"attachmentStep":false}],"testStage":{"description":"Delete an existing workspace","status":"broken","statusMessage":"selenium.common.exceptions.TimeoutException: Message: \nStacktrace:\n#0 0x55a9957ce53a <unknown>\n#1 0x55a9952c9f00 <unknown>\n#2 0x55a995319c0c <unknown>\n#3 0x55a995319e31 <unknown>\n#4 0x55a99535fbd4 <unknown>\n#5 0x55a99533e5cd <unknown>\n#6 0x55a99535cf84 <unknown>\n#7 0x55a99533e343 <unknown>\n#8 0x55a99530b78a <unknown>\n#9 0x55a99530c9de <unknown>\n#10 0x55a9957982cb <unknown>\n#11 0x55a99579c242 <unknown>\n#12 0x55a9957857ac <unknown>\n#13 0x55a99579cdf7 <unknown>\n#14 0x55a995769b2f <unknown>\n#15 0x55a9957bd1a8 <unknown>\n#16 0x55a9957bd370 <unknown>\n#17 0x55a9957cd3b6 <unknown>\n#18 0x7f0bdac9caa4 <unknown>\n#19 0x7f0bdad29c3c <unknown>","statusTrace":"self = <tests.workspaces_test.TestWorkspaces object at 0x7f8590fc1940>\n\n    @pytest.fixture(autouse=True)\n    def setup_method_fixture(self):\n>       login(self.about_page, self.login_page)\n\ntests/workspaces_test.py:25: \n_ _ _ _ _ _ _ _ _ _ _ _ _ _ _ _ _ _ _ _ _ _ _ _ _ _ _ _ _ _ _ _ _ _ _ _ _ _ _ _ \ntests/workspaces_test.py:15: in login\n    about_page.click_login_link()\nsrc/pages/about_page.py:18: in click_login_link\n    self.click(self.LOGIN_LINK)\nsrc/pages/base_page.py:59: in click\n    el: WebElement = self.wait.until(expected_conditions.element_to_be_clickable(locator))\n                     ^^^^^^^^^^^^^^^^^^^^^^^^^^^^^^^^^^^^^^^^^^^^^^^^^^^^^^^^^^^^^^^^^^^^^\n_ _ _ _ _ _ _ _ _ _ _ _ _ _ _ _ _ _ _ _ _ _ _ _ _ _ _ _ _ _ _ _ _ _ _ _ _ _ _ _ \n\nself = <selenium.webdriver.support.wait.WebDriverWait (session=\"321e2ec441b3d8ad3afa826195e85e9b\")>\nmethod = <function element_to_be_clickable.<locals>._predicate at 0x7f8591026e80>\nmessage = ''\n\n    def until(self, method: Callable[[D], Union[Literal[False], T]], message: str = \"\") -> T:\n        \"\"\"Wait until the method returns a value that is not False.\n    \n        Calls the method provided with the driver as an argument until the\n        return value does not evaluate to ``False``.\n    \n        Parameters:\n        -----------\n        method: callable(WebDriver)\n            - A callable object that takes a WebDriver instance as an argument.\n    \n        message: str\n            - Optional message for :exc:`TimeoutException`\n    \n        Return:\n        -------\n        object: T\n            - The result of the last call to `method`\n    \n        Raises:\n        -------\n        TimeoutException\n            - If 'method' does not return a truthy value within the WebDriverWait\n            object's timeout\n    \n        Example:\n        --------\n        >>> from selenium.webdriver.common.by import By\n        >>> from selenium.webdriver.support.ui import WebDriverWait\n        >>> from selenium.webdriver.support import expected_conditions as EC\n    \n        # Wait until an element is visible on the page\n        >>> wait = WebDriverWait(driver, 10)\n        >>> element = wait.until(EC.visibility_of_element_located((By.ID, \"exampleId\")))\n        >>> print(element.text)\n        \"\"\"\n        screen = None\n        stacktrace = None\n    \n        end_time = time.monotonic() + self._timeout\n        while True:\n            try:\n                value = method(self._driver)\n                if value:\n                    return value\n            except self._ignored_exceptions as exc:\n                screen = getattr(exc, \"screen\", None)\n                stacktrace = getattr(exc, \"stacktrace\", None)\n            if time.monotonic() > end_time:\n                break\n            time.sleep(self._poll)\n>       raise TimeoutException(message, screen, stacktrace)\nE       selenium.common.exceptions.TimeoutException: Message: \nE       Stacktrace:\nE       #0 0x55a9957ce53a <unknown>\nE       #1 0x55a9952c9f00 <unknown>\nE       #2 0x55a995319c0c <unknown>\nE       #3 0x55a995319e31 <unknown>\nE       #4 0x55a99535fbd4 <unknown>\nE       #5 0x55a99533e5cd <unknown>\nE       #6 0x55a99535cf84 <unknown>\nE       #7 0x55a99533e343 <unknown>\nE       #8 0x55a99530b78a <unknown>\nE       #9 0x55a99530c9de <unknown>\nE       #10 0x55a9957982cb <unknown>\nE       #11 0x55a99579c242 <unknown>\nE       #12 0x55a9957857ac <unknown>\nE       #13 0x55a99579cdf7 <unknown>\nE       #14 0x55a995769b2f <unknown>\nE       #15 0x55a9957bd1a8 <unknown>\nE       #16 0x55a9957bd370 <unknown>\nE       #17 0x55a9957cd3b6 <unknown>\nE       #18 0x7f0bdac9caa4 <unknown>\nE       #19 0x7f0bdad29c3c <unknown>\n\n.venv/lib/python3.13/site-packages/selenium/webdriver/support/wait.py:138: TimeoutException","steps":[{"name":"public ip address","time":{"start":1755050273817,"stop":1755050273948,"duration":131},"status":"passed","steps":[],"attachments":[{"uid":"ce3adbc56c3abaf7","name":"HTTP logs of http://checkip.amazonaws.com/","source":"ce3adbc56c3abaf7.txt","type":"text/plain","size":358}],"parameters":[],"shouldDisplayMessage":false,"stepsCount":0,"attachmentsCount":1,"hasContent":true,"attachmentStep":false}],"attachments":[{"uid":"db648c638f0103c1","name":"Cookies","source":"db648c638f0103c1.json","type":"application/json","size":4119},{"uid":"fd0286ea5d216274","name":"Session Storage","source":"fd0286ea5d216274.json","type":"application/json","size":359},{"uid":"e5ce1f320d364332","name":"Local Storage","source":"e5ce1f320d364332.json","type":"application/json","size":548},{"uid":"721b3a0e4e3a2a2f","name":"Full Page Screenshot","source":"721b3a0e4e3a2a2f.png","type":"image/png","size":1923197},{"uid":"ad731af735c0d021","name":"URL","source":"ad731af735c0d021.uri","type":"text/uri-list","size":23},{"uid":"600099767c78c645","name":"Network Logs","source":"600099767c78c645.json","type":"application/json","size":7929166}],"parameters":[],"shouldDisplayMessage":true,"stepsCount":1,"attachmentsCount":7,"hasContent":true,"attachmentStep":false},"afterStages":[{"name":"session_request::0","time":{"start":1755050318329,"stop":1755050318329,"duration":0},"status":"passed","steps":[],"attachments":[],"parameters":[],"shouldDisplayMessage":false,"stepsCount":0,"attachmentsCount":0,"hasContent":false,"attachmentStep":false}],"labels":[{"name":"severity","value":"normal"},{"name":"story","value":"WorkSpaces Creation and Editing Functionality"},{"name":"epic","value":"Workspaces"},{"name":"parentSuite","value":"tests"},{"name":"suite","value":"workspaces_test"},{"name":"subSuite","value":"TestWorkspaces"},{"name":"host","value":"pkrvmsl9tci6h6u"},{"name":"thread","value":"2180-MainThread"},{"name":"framework","value":"pytest"},{"name":"language","value":"cpython3"},{"name":"package","value":"tests.workspaces_test"},{"name":"resultFormat","value":"allure2"}],"parameters":[],"links":[],"hidden":false,"retry":false,"extra":{"severity":"normal","retries":[],"categories":[{"name":"Test defects","matchedStatuses":[],"flaky":false}],"history":{"statistic":{"failed":0,"broken":13,"skipped":0,"passed":0,"unknown":0,"total":13},"items":[{"uid":"3953c16d1a5438df","reportUrl":"https://nirtal85.github.io/Selenium-Python-Example/743//#testresult/3953c16d1a5438df","status":"broken","statusDetails":"selenium.common.exceptions.TimeoutException: Message: \nStacktrace:\n#0 0x562d6117953a <unknown>\n#1 0x562d60c74f00 <unknown>\n#2 0x562d60cc4c0c <unknown>\n#3 0x562d60cc4e31 <unknown>\n#4 0x562d60d0abd4 <unknown>\n#5 0x562d60ce95cd <unknown>\n#6 0x562d60d07f84 <unknown>\n#7 0x562d60ce9343 <unknown>\n#8 0x562d60cb678a <unknown>\n#9 0x562d60cb79de <unknown>\n#10 0x562d611432cb <unknown>\n#11 0x562d61147242 <unknown>\n#12 0x562d611307ac <unknown>\n#13 0x562d61147df7 <unknown>\n#14 0x562d61114b2f <unknown>\n#15 0x562d611681a8 <unknown>\n#16 0x562d61168370 <unknown>\n#17 0x562d611783b6 <unknown>\n#18 0x7f134029caa4 <unknown>\n#19 0x7f1340329c3c <unknown>","time":{"start":1754963736825,"stop":1754963736825,"duration":0}},{"uid":"4e68d6ee33f58c2","reportUrl":"https://nirtal85.github.io/Selenium-Python-Example/742//#testresult/4e68d6ee33f58c2","status":"broken","statusDetails":"selenium.common.exceptions.TimeoutException: Message: \nStacktrace:\n#0 0x5580f203c53a <unknown>\n#1 0x5580f1b37f00 <unknown>\n#2 0x5580f1b87c0c <unknown>\n#3 0x5580f1b87e31 <unknown>\n#4 0x5580f1bcdbd4 <unknown>\n#5 0x5580f1bac5cd <unknown>\n#6 0x5580f1bcaf84 <unknown>\n#7 0x5580f1bac343 <unknown>\n#8 0x5580f1b7978a <unknown>\n#9 0x5580f1b7a9de <unknown>\n#10 0x5580f20062cb <unknown>\n#11 0x5580f200a242 <unknown>\n#12 0x5580f1ff37ac <unknown>\n#13 0x5580f200adf7 <unknown>\n#14 0x5580f1fd7b2f <unknown>\n#15 0x5580f202b1a8 <unknown>\n#16 0x5580f202b370 <unknown>\n#17 0x5580f203b3b6 <unknown>\n#18 0x7fdd70e9caa4 <unknown>\n#19 0x7fdd70f29c3c <unknown>","time":{"start":1754878062250,"stop":1754878062250,"duration":0}},{"uid":"1792dd05f7f05aba","reportUrl":"https://nirtal85.github.io/Selenium-Python-Example/741//#testresult/1792dd05f7f05aba","status":"broken","statusDetails":"selenium.common.exceptions.TimeoutException: Message: \nStacktrace:\n#0 0x55a57b35f53a <unknown>\n#1 0x55a57ae5af00 <unknown>\n#2 0x55a57aeaac0c <unknown>\n#3 0x55a57aeaae31 <unknown>\n#4 0x55a57aef0bd4 <unknown>\n#5 0x55a57aecf5cd <unknown>\n#6 0x55a57aeedf84 <unknown>\n#7 0x55a57aecf343 <unknown>\n#8 0x55a57ae9c78a <unknown>\n#9 0x55a57ae9d9de <unknown>\n#10 0x55a57b3292cb <unknown>\n#11 0x55a57b32d242 <unknown>\n#12 0x55a57b3167ac <unknown>\n#13 0x55a57b32ddf7 <unknown>\n#14 0x55a57b2fab2f <unknown>\n#15 0x55a57b34e1a8 <unknown>\n#16 0x55a57b34e370 <unknown>\n#17 0x55a57b35e3b6 <unknown>\n#18 0x7f2365a9caa4 <unknown>\n#19 0x7f2365b29c3c <unknown>","time":{"start":1754791885869,"stop":1754791885869,"duration":0}},{"uid":"9db40ad081f95ab3","reportUrl":"https://nirtal85.github.io/Selenium-Python-Example/740//#testresult/9db40ad081f95ab3","status":"broken","statusDetails":"selenium.common.exceptions.TimeoutException: Message: \nStacktrace:\n#0 0x555d062ba53a <unknown>\n#1 0x555d05db5f00 <unknown>\n#2 0x555d05e05c0c <unknown>\n#3 0x555d05e05e31 <unknown>\n#4 0x555d05e4bbd4 <unknown>\n#5 0x555d05e2a5cd <unknown>\n#6 0x555d05e48f84 <unknown>\n#7 0x555d05e2a343 <unknown>\n#8 0x555d05df778a <unknown>\n#9 0x555d05df89de <unknown>\n#10 0x555d062842cb <unknown>\n#11 0x555d06288242 <unknown>\n#12 0x555d062717ac <unknown>\n#13 0x555d06288df7 <unknown>\n#14 0x555d06255b2f <unknown>\n#15 0x555d062a91a8 <unknown>\n#16 0x555d062a9370 <unknown>\n#17 0x555d062b93b6 <unknown>\n#18 0x7f9543e9caa4 <unknown>\n#19 0x7f9543f29c3c <unknown>","time":{"start":1754704602637,"stop":1754704602637,"duration":0}},{"uid":"3d4fb4399aefa18d","reportUrl":"https://nirtal85.github.io/Selenium-Python-Example/739//#testresult/3d4fb4399aefa18d","status":"broken","statusDetails":"selenium.common.exceptions.TimeoutException: Message: \nStacktrace:\n#0 0x55ce7d12f53a <unknown>\n#1 0x55ce7cc2af00 <unknown>\n#2 0x55ce7cc7ac0c <unknown>\n#3 0x55ce7cc7ae31 <unknown>\n#4 0x55ce7ccc0bd4 <unknown>\n#5 0x55ce7cc9f5cd <unknown>\n#6 0x55ce7ccbdf84 <unknown>\n#7 0x55ce7cc9f343 <unknown>\n#8 0x55ce7cc6c78a <unknown>\n#9 0x55ce7cc6d9de <unknown>\n#10 0x55ce7d0f92cb <unknown>\n#11 0x55ce7d0fd242 <unknown>\n#12 0x55ce7d0e67ac <unknown>\n#13 0x55ce7d0fddf7 <unknown>\n#14 0x55ce7d0cab2f <unknown>\n#15 0x55ce7d11e1a8 <unknown>\n#16 0x55ce7d11e370 <unknown>\n#17 0x55ce7d12e3b6 <unknown>\n#18 0x7ff27b89caa4 <unknown>\n#19 0x7ff27b929c3c <unknown>","time":{"start":1754618854903,"stop":1754618854903,"duration":0}},{"uid":"f19263e5f484160f","reportUrl":"https://nirtal85.github.io/Selenium-Python-Example/738//#testresult/f19263e5f484160f","status":"broken","statusDetails":"selenium.common.exceptions.TimeoutException: Message: \nStacktrace:\n#0 0x5611c9d5f53a <unknown>\n#1 0x5611c985af00 <unknown>\n#2 0x5611c98aac0c <unknown>\n#3 0x5611c98aae31 <unknown>\n#4 0x5611c98f0bd4 <unknown>\n#5 0x5611c98cf5cd <unknown>\n#6 0x5611c98edf84 <unknown>\n#7 0x5611c98cf343 <unknown>\n#8 0x5611c989c78a <unknown>\n#9 0x5611c989d9de <unknown>\n#10 0x5611c9d292cb <unknown>\n#11 0x5611c9d2d242 <unknown>\n#12 0x5611c9d167ac <unknown>\n#13 0x5611c9d2ddf7 <unknown>\n#14 0x5611c9cfab2f <unknown>\n#15 0x5611c9d4e1a8 <unknown>\n#16 0x5611c9d4e370 <unknown>\n#17 0x5611c9d5e3b6 <unknown>\n#18 0x7fbeb929caa4 <unknown>\n#19 0x7fbeb9329c3c <unknown>","time":{"start":1754532489837,"stop":1754532489837,"duration":0}},{"uid":"2d9452016cb2c762","reportUrl":"https://nirtal85.github.io/Selenium-Python-Example/737//#testresult/2d9452016cb2c762","status":"broken","statusDetails":"selenium.common.exceptions.TimeoutException: Message: \nStacktrace:\n#0 0x55fc9bd9253a <unknown>\n#1 0x55fc9b88df00 <unknown>\n#2 0x55fc9b8ddc0c <unknown>\n#3 0x55fc9b8dde31 <unknown>\n#4 0x55fc9b923bd4 <unknown>\n#5 0x55fc9b9025cd <unknown>\n#6 0x55fc9b920f84 <unknown>\n#7 0x55fc9b902343 <unknown>\n#8 0x55fc9b8cf78a <unknown>\n#9 0x55fc9b8d09de <unknown>\n#10 0x55fc9bd5c2cb <unknown>\n#11 0x55fc9bd60242 <unknown>\n#12 0x55fc9bd497ac <unknown>\n#13 0x55fc9bd60df7 <unknown>\n#14 0x55fc9bd2db2f <unknown>\n#15 0x55fc9bd811a8 <unknown>\n#16 0x55fc9bd81370 <unknown>\n#17 0x55fc9bd913b6 <unknown>\n#18 0x7f9c4929caa4 <unknown>\n#19 0x7f9c49329c3c <unknown>","time":{"start":1754446062524,"stop":1754446062524,"duration":0}},{"uid":"7368e3c5628662da","reportUrl":"https://nirtal85.github.io/Selenium-Python-Example/736//#testresult/7368e3c5628662da","status":"broken","statusDetails":"selenium.common.exceptions.TimeoutException: Message: \nStacktrace:\n#0 0x559aa77b353a <unknown>\n#1 0x559aa72aef00 <unknown>\n#2 0x559aa72fec0c <unknown>\n#3 0x559aa72fee31 <unknown>\n#4 0x559aa7344bd4 <unknown>\n#5 0x559aa73235cd <unknown>\n#6 0x559aa7341f84 <unknown>\n#7 0x559aa7323343 <unknown>\n#8 0x559aa72f078a <unknown>\n#9 0x559aa72f19de <unknown>\n#10 0x559aa777d2cb <unknown>\n#11 0x559aa7781242 <unknown>\n#12 0x559aa776a7ac <unknown>\n#13 0x559aa7781df7 <unknown>\n#14 0x559aa774eb2f <unknown>\n#15 0x559aa77a21a8 <unknown>\n#16 0x559aa77a2370 <unknown>\n#17 0x559aa77b23b6 <unknown>\n#18 0x7fbca4c9caa4 <unknown>\n#19 0x7fbca4d29c3c <unknown>","time":{"start":1754359781549,"stop":1754359781549,"duration":0}},{"uid":"99e452954b728c42","reportUrl":"https://nirtal85.github.io/Selenium-Python-Example/735//#testresult/99e452954b728c42","status":"broken","statusDetails":"selenium.common.exceptions.TimeoutException: Message: \nStacktrace:\n#0 0x563f2a48b53a <unknown>\n#1 0x563f29f86f00 <unknown>\n#2 0x563f29fd6c0c <unknown>\n#3 0x563f29fd6e31 <unknown>\n#4 0x563f2a01cbd4 <unknown>\n#5 0x563f29ffb5cd <unknown>\n#6 0x563f2a019f84 <unknown>\n#7 0x563f29ffb343 <unknown>\n#8 0x563f29fc878a <unknown>\n#9 0x563f29fc99de <unknown>\n#10 0x563f2a4552cb <unknown>\n#11 0x563f2a459242 <unknown>\n#12 0x563f2a4427ac <unknown>\n#13 0x563f2a459df7 <unknown>\n#14 0x563f2a426b2f <unknown>\n#15 0x563f2a47a1a8 <unknown>\n#16 0x563f2a47a370 <unknown>\n#17 0x563f2a48a3b6 <unknown>\n#18 0x7f495549caa4 <unknown>\n#19 0x7f4955529c3c <unknown>","time":{"start":1754274106350,"stop":1754274106350,"duration":0}},{"uid":"1f827f87706e0388","reportUrl":"https://nirtal85.github.io/Selenium-Python-Example/734//#testresult/1f827f87706e0388","status":"broken","statusDetails":"selenium.common.exceptions.TimeoutException: Message: \nStacktrace:\n#0 0x5599fafe153a <unknown>\n#1 0x5599faadcf00 <unknown>\n#2 0x5599fab2cc0c <unknown>\n#3 0x5599fab2ce31 <unknown>\n#4 0x5599fab72bd4 <unknown>\n#5 0x5599fab515cd <unknown>\n#6 0x5599fab6ff84 <unknown>\n#7 0x5599fab51343 <unknown>\n#8 0x5599fab1e78a <unknown>\n#9 0x5599fab1f9de <unknown>\n#10 0x5599fafab2cb <unknown>\n#11 0x5599fafaf242 <unknown>\n#12 0x5599faf987ac <unknown>\n#13 0x5599fafafdf7 <unknown>\n#14 0x5599faf7cb2f <unknown>\n#15 0x5599fafd01a8 <unknown>\n#16 0x5599fafd0370 <unknown>\n#17 0x5599fafe03b6 <unknown>\n#18 0x7f20e7c9caa4 <unknown>\n#19 0x7f20e7d29c3c <unknown>","time":{"start":1754187701149,"stop":1754187701149,"duration":0}},{"uid":"61c1f8f282474358","reportUrl":"https://nirtal85.github.io/Selenium-Python-Example/733//#testresult/61c1f8f282474358","status":"broken","statusDetails":"selenium.common.exceptions.TimeoutException: Message: \nStacktrace:\n#0 0x558c9127e53a <unknown>\n#1 0x558c90d79f00 <unknown>\n#2 0x558c90dc9c0c <unknown>\n#3 0x558c90dc9e31 <unknown>\n#4 0x558c90e0fbd4 <unknown>\n#5 0x558c90dee5cd <unknown>\n#6 0x558c90e0cf84 <unknown>\n#7 0x558c90dee343 <unknown>\n#8 0x558c90dbb78a <unknown>\n#9 0x558c90dbc9de <unknown>\n#10 0x558c912482cb <unknown>\n#11 0x558c9124c242 <unknown>\n#12 0x558c912357ac <unknown>\n#13 0x558c9124cdf7 <unknown>\n#14 0x558c91219b2f <unknown>\n#15 0x558c9126d1a8 <unknown>\n#16 0x558c9126d370 <unknown>\n#17 0x558c9127d3b6 <unknown>\n#18 0x7f4983c9caa4 <unknown>\n#19 0x7f4983d29c3c <unknown>","time":{"start":1754100056568,"stop":1754100056568,"duration":0}},{"uid":"d3609311505ada5d","reportUrl":"https://nirtal85.github.io/Selenium-Python-Example/732//#testresult/d3609311505ada5d","status":"broken","statusDetails":"selenium.common.exceptions.TimeoutException: Message: \nStacktrace:\n#0 0x55f26d50653a <unknown>\n#1 0x55f26d001f00 <unknown>\n#2 0x55f26d051c0c <unknown>\n#3 0x55f26d051e31 <unknown>\n#4 0x55f26d097bd4 <unknown>\n#5 0x55f26d0765cd <unknown>\n#6 0x55f26d094f84 <unknown>\n#7 0x55f26d076343 <unknown>\n#8 0x55f26d04378a <unknown>\n#9 0x55f26d0449de <unknown>\n#10 0x55f26d4d02cb <unknown>\n#11 0x55f26d4d4242 <unknown>\n#12 0x55f26d4bd7ac <unknown>\n#13 0x55f26d4d4df7 <unknown>\n#14 0x55f26d4a1b2f <unknown>\n#15 0x55f26d4f51a8 <unknown>\n#16 0x55f26d4f5370 <unknown>\n#17 0x55f26d5053b6 <unknown>\n#18 0x7fcda349caa4 <unknown>\n#19 0x7fcda3529c3c <unknown>","time":{"start":1754014997942,"stop":1754014997942,"duration":0}}]},"tags":[]},"source":"a20a15a262d99ec6.json","parameterValues":[]}