{"uid":"4cf74cc64143c614","name":"Number of projects displayed in page test","fullName":"tests.workspaces_test.TestWorkspaces#test_number_of_existing_projects","historyId":"34e866e263d4a1ed453e065aefe8091d","time":{"start":1754274122663,"stop":1754274122663,"duration":0},"description":"Compare between the actual number of projects seen on page and the number shown in workspaces block","descriptionHtml":"<p>Compare between the actual number of projects seen on page and the number shown in workspaces block</p>\n","status":"broken","statusMessage":"selenium.common.exceptions.TimeoutException: Message: \nStacktrace:\n#0 0x55dd6e11a53a <unknown>\n#1 0x55dd6dc15f00 <unknown>\n#2 0x55dd6dc65c0c <unknown>\n#3 0x55dd6dc65e31 <unknown>\n#4 0x55dd6dcabbd4 <unknown>\n#5 0x55dd6dc8a5cd <unknown>\n#6 0x55dd6dca8f84 <unknown>\n#7 0x55dd6dc8a343 <unknown>\n#8 0x55dd6dc5778a <unknown>\n#9 0x55dd6dc589de <unknown>\n#10 0x55dd6e0e42cb <unknown>\n#11 0x55dd6e0e8242 <unknown>\n#12 0x55dd6e0d17ac <unknown>\n#13 0x55dd6e0e8df7 <unknown>\n#14 0x55dd6e0b5b2f <unknown>\n#15 0x55dd6e1091a8 <unknown>\n#16 0x55dd6e109370 <unknown>\n#17 0x55dd6e1193b6 <unknown>\n#18 0x7fb801a9caa4 <unknown>\n#19 0x7fb801b29c3c <unknown>","statusTrace":"self = <tests.workspaces_test.TestWorkspaces object at 0x7f1e89ac56e0>\n\n    @pytest.fixture(autouse=True)\n    def setup_method_fixture(self):\n>       login(self.about_page, self.login_page)\n\ntests/workspaces_test.py:25: \n_ _ _ _ _ _ _ _ _ _ _ _ _ _ _ _ _ _ _ _ _ _ _ _ _ _ _ _ _ _ _ _ _ _ _ _ _ _ _ _ \ntests/workspaces_test.py:15: in login\n    about_page.click_login_link()\nsrc/pages/about_page.py:18: in click_login_link\n    self.click(self.LOGIN_LINK)\nsrc/pages/base_page.py:59: in click\n    el: WebElement = self.wait.until(expected_conditions.element_to_be_clickable(locator))\n                     ^^^^^^^^^^^^^^^^^^^^^^^^^^^^^^^^^^^^^^^^^^^^^^^^^^^^^^^^^^^^^^^^^^^^^\n_ _ _ _ _ _ _ _ _ _ _ _ _ _ _ _ _ _ _ _ _ _ _ _ _ _ _ _ _ _ _ _ _ _ _ _ _ _ _ _ \n\nself = <selenium.webdriver.support.wait.WebDriverWait (session=\"13d8178e9c94b7d3ec7bf352e80742a0\")>\nmethod = <function element_to_be_clickable.<locals>._predicate at 0x7f1e89b27600>\nmessage = ''\n\n    def until(self, method: Callable[[D], Union[Literal[False], T]], message: str = \"\") -> T:\n        \"\"\"Wait until the method returns a value that is not False.\n    \n        Calls the method provided with the driver as an argument until the\n        return value does not evaluate to ``False``.\n    \n        Parameters:\n        -----------\n        method: callable(WebDriver)\n            - A callable object that takes a WebDriver instance as an argument.\n    \n        message: str\n            - Optional message for :exc:`TimeoutException`\n    \n        Return:\n        -------\n        object: T\n            - The result of the last call to `method`\n    \n        Raises:\n        -------\n        TimeoutException\n            - If 'method' does not return a truthy value within the WebDriverWait\n            object's timeout\n    \n        Example:\n        --------\n        >>> from selenium.webdriver.common.by import By\n        >>> from selenium.webdriver.support.ui import WebDriverWait\n        >>> from selenium.webdriver.support import expected_conditions as EC\n    \n        # Wait until an element is visible on the page\n        >>> wait = WebDriverWait(driver, 10)\n        >>> element = wait.until(EC.visibility_of_element_located((By.ID, \"exampleId\")))\n        >>> print(element.text)\n        \"\"\"\n        screen = None\n        stacktrace = None\n    \n        end_time = time.monotonic() + self._timeout\n        while True:\n            try:\n                value = method(self._driver)\n                if value:\n                    return value\n            except self._ignored_exceptions as exc:\n                screen = getattr(exc, \"screen\", None)\n                stacktrace = getattr(exc, \"stacktrace\", None)\n            if time.monotonic() > end_time:\n                break\n            time.sleep(self._poll)\n>       raise TimeoutException(message, screen, stacktrace)\nE       selenium.common.exceptions.TimeoutException: Message: \nE       Stacktrace:\nE       #0 0x55dd6e11a53a <unknown>\nE       #1 0x55dd6dc15f00 <unknown>\nE       #2 0x55dd6dc65c0c <unknown>\nE       #3 0x55dd6dc65e31 <unknown>\nE       #4 0x55dd6dcabbd4 <unknown>\nE       #5 0x55dd6dc8a5cd <unknown>\nE       #6 0x55dd6dca8f84 <unknown>\nE       #7 0x55dd6dc8a343 <unknown>\nE       #8 0x55dd6dc5778a <unknown>\nE       #9 0x55dd6dc589de <unknown>\nE       #10 0x55dd6e0e42cb <unknown>\nE       #11 0x55dd6e0e8242 <unknown>\nE       #12 0x55dd6e0d17ac <unknown>\nE       #13 0x55dd6e0e8df7 <unknown>\nE       #14 0x55dd6e0b5b2f <unknown>\nE       #15 0x55dd6e1091a8 <unknown>\nE       #16 0x55dd6e109370 <unknown>\nE       #17 0x55dd6e1193b6 <unknown>\nE       #18 0x7fb801a9caa4 <unknown>\nE       #19 0x7fb801b29c3c <unknown>\n\n.venv/lib/python3.13/site-packages/selenium/webdriver/support/wait.py:138: TimeoutException","flaky":false,"newFailed":false,"newBroken":false,"newPassed":false,"retriesCount":0,"retriesStatusChange":false,"beforeStages":[{"name":"base_url","time":{"start":1754274087376,"stop":1754274087377,"duration":1},"status":"passed","steps":[],"attachments":[],"parameters":[],"shouldDisplayMessage":false,"stepsCount":0,"attachmentsCount":0,"hasContent":false,"attachmentStep":false},{"name":"_verify_url","time":{"start":1754274087377,"stop":1754274087377,"duration":0},"status":"passed","steps":[],"attachments":[],"parameters":[],"shouldDisplayMessage":false,"stepsCount":0,"attachmentsCount":0,"hasContent":false,"attachmentStep":false},{"name":"session_request","time":{"start":1754274087377,"stop":1754274087377,"duration":0},"status":"passed","steps":[],"attachments":[],"parameters":[],"shouldDisplayMessage":false,"stepsCount":0,"attachmentsCount":0,"hasContent":false,"attachmentStep":false},{"name":"setup_method_fixture","time":{"start":1754274125430,"stop":1754274135843,"duration":10413},"status":"broken","statusMessage":"selenium.common.exceptions.TimeoutException: Message: \nStacktrace:\n#0 0x55dd6e11a53a <unknown>\n#1 0x55dd6dc15f00 <unknown>\n#2 0x55dd6dc65c0c <unknown>\n#3 0x55dd6dc65e31 <unknown>\n#4 0x55dd6dcabbd4 <unknown>\n#5 0x55dd6dc8a5cd <unknown>\n#6 0x55dd6dca8f84 <unknown>\n#7 0x55dd6dc8a343 <unknown>\n#8 0x55dd6dc5778a <unknown>\n#9 0x55dd6dc589de <unknown>\n#10 0x55dd6e0e42cb <unknown>\n#11 0x55dd6e0e8242 <unknown>\n#12 0x55dd6e0d17ac <unknown>\n#13 0x55dd6e0e8df7 <unknown>\n#14 0x55dd6e0b5b2f <unknown>\n#15 0x55dd6e1091a8 <unknown>\n#16 0x55dd6e109370 <unknown>\n#17 0x55dd6e1193b6 <unknown>\n#18 0x7fb801a9caa4 <unknown>\n#19 0x7fb801b29c3c <unknown>\n\n","statusTrace":"  File \"/home/runner/work/Selenium-Python-Example/Selenium-Python-Example/.venv/lib/python3.13/site-packages/pluggy/_callers.py\", line 167, in _multicall\n    teardown.throw(outcome._exception)\n    ~~~~~~~~~~~~~~^^^^^^^^^^^^^^^^^^^^\n  File \"/home/runner/work/Selenium-Python-Example/Selenium-Python-Example/.venv/lib/python3.13/site-packages/_pytest/setuponly.py\", line 36, in pytest_fixture_setup\n    return (yield)\n            ^^^^^\n  File \"/home/runner/work/Selenium-Python-Example/Selenium-Python-Example/.venv/lib/python3.13/site-packages/pluggy/_callers.py\", line 103, in _multicall\n    res = hook_impl.function(*args)\n  File \"/home/runner/work/Selenium-Python-Example/Selenium-Python-Example/.venv/lib/python3.13/site-packages/_pytest/fixtures.py\", line 1195, in pytest_fixture_setup\n    result = call_fixture_func(fixturefunc, request, kwargs)\n  File \"/home/runner/work/Selenium-Python-Example/Selenium-Python-Example/.venv/lib/python3.13/site-packages/_pytest/fixtures.py\", line 929, in call_fixture_func\n    fixture_result = fixturefunc(**kwargs)\n  File \"/home/runner/work/Selenium-Python-Example/Selenium-Python-Example/tests/workspaces_test.py\", line 25, in setup_method_fixture\n    login(self.about_page, self.login_page)\n    ~~~~~^^^^^^^^^^^^^^^^^^^^^^^^^^^^^^^^^^\n  File \"/home/runner/work/Selenium-Python-Example/Selenium-Python-Example/tests/workspaces_test.py\", line 15, in login\n    about_page.click_login_link()\n    ~~~~~~~~~~~~~~~~~~~~~~~~~~~^^\n  File \"/home/runner/work/Selenium-Python-Example/Selenium-Python-Example/.venv/lib/python3.13/site-packages/allure_commons/_allure.py\", line 202, in impl\n    return func(*a, **kw)\n  File \"/home/runner/work/Selenium-Python-Example/Selenium-Python-Example/src/pages/about_page.py\", line 18, in click_login_link\n    self.click(self.LOGIN_LINK)\n    ~~~~~~~~~~^^^^^^^^^^^^^^^^^\n  File \"/home/runner/work/Selenium-Python-Example/Selenium-Python-Example/src/pages/base_page.py\", line 59, in click\n    el: WebElement = self.wait.until(expected_conditions.element_to_be_clickable(locator))\n                     ~~~~~~~~~~~~~~~^^^^^^^^^^^^^^^^^^^^^^^^^^^^^^^^^^^^^^^^^^^^^^^^^^^^^^\n  File \"/home/runner/work/Selenium-Python-Example/Selenium-Python-Example/.venv/lib/python3.13/site-packages/selenium/webdriver/support/wait.py\", line 138, in until\n    raise TimeoutException(message, screen, stacktrace)\n","steps":[{"name":"Click Login link","time":{"start":1754274125430,"stop":1754274135842,"duration":10412},"status":"broken","statusMessage":"selenium.common.exceptions.TimeoutException: Message: \nStacktrace:\n#0 0x55dd6e11a53a <unknown>\n#1 0x55dd6dc15f00 <unknown>\n#2 0x55dd6dc65c0c <unknown>\n#3 0x55dd6dc65e31 <unknown>\n#4 0x55dd6dcabbd4 <unknown>\n#5 0x55dd6dc8a5cd <unknown>\n#6 0x55dd6dca8f84 <unknown>\n#7 0x55dd6dc8a343 <unknown>\n#8 0x55dd6dc5778a <unknown>\n#9 0x55dd6dc589de <unknown>\n#10 0x55dd6e0e42cb <unknown>\n#11 0x55dd6e0e8242 <unknown>\n#12 0x55dd6e0d17ac <unknown>\n#13 0x55dd6e0e8df7 <unknown>\n#14 0x55dd6e0b5b2f <unknown>\n#15 0x55dd6e1091a8 <unknown>\n#16 0x55dd6e109370 <unknown>\n#17 0x55dd6e1193b6 <unknown>\n#18 0x7fb801a9caa4 <unknown>\n#19 0x7fb801b29c3c <unknown>\n\n","statusTrace":"  File \"/home/runner/work/Selenium-Python-Example/Selenium-Python-Example/.venv/lib/python3.13/site-packages/allure_commons/_allure.py\", line 202, in impl\n    return func(*a, **kw)\n  File \"/home/runner/work/Selenium-Python-Example/Selenium-Python-Example/src/pages/about_page.py\", line 18, in click_login_link\n    self.click(self.LOGIN_LINK)\n    ~~~~~~~~~~^^^^^^^^^^^^^^^^^\n  File \"/home/runner/work/Selenium-Python-Example/Selenium-Python-Example/src/pages/base_page.py\", line 59, in click\n    el: WebElement = self.wait.until(expected_conditions.element_to_be_clickable(locator))\n                     ~~~~~~~~~~~~~~~^^^^^^^^^^^^^^^^^^^^^^^^^^^^^^^^^^^^^^^^^^^^^^^^^^^^^^\n  File \"/home/runner/work/Selenium-Python-Example/Selenium-Python-Example/.venv/lib/python3.13/site-packages/selenium/webdriver/support/wait.py\", line 138, in until\n    raise TimeoutException(message, screen, stacktrace)\n","steps":[],"attachments":[],"parameters":[],"shouldDisplayMessage":true,"stepsCount":0,"attachmentsCount":0,"hasContent":true,"attachmentStep":false}],"attachments":[],"parameters":[],"shouldDisplayMessage":false,"stepsCount":1,"attachmentsCount":0,"hasContent":true,"attachmentStep":false}],"testStage":{"description":"Compare between the actual number of projects seen on page and the number shown in workspaces block","status":"broken","statusMessage":"selenium.common.exceptions.TimeoutException: Message: \nStacktrace:\n#0 0x55dd6e11a53a <unknown>\n#1 0x55dd6dc15f00 <unknown>\n#2 0x55dd6dc65c0c <unknown>\n#3 0x55dd6dc65e31 <unknown>\n#4 0x55dd6dcabbd4 <unknown>\n#5 0x55dd6dc8a5cd <unknown>\n#6 0x55dd6dca8f84 <unknown>\n#7 0x55dd6dc8a343 <unknown>\n#8 0x55dd6dc5778a <unknown>\n#9 0x55dd6dc589de <unknown>\n#10 0x55dd6e0e42cb <unknown>\n#11 0x55dd6e0e8242 <unknown>\n#12 0x55dd6e0d17ac <unknown>\n#13 0x55dd6e0e8df7 <unknown>\n#14 0x55dd6e0b5b2f <unknown>\n#15 0x55dd6e1091a8 <unknown>\n#16 0x55dd6e109370 <unknown>\n#17 0x55dd6e1193b6 <unknown>\n#18 0x7fb801a9caa4 <unknown>\n#19 0x7fb801b29c3c <unknown>","statusTrace":"self = <tests.workspaces_test.TestWorkspaces object at 0x7f1e89ac56e0>\n\n    @pytest.fixture(autouse=True)\n    def setup_method_fixture(self):\n>       login(self.about_page, self.login_page)\n\ntests/workspaces_test.py:25: \n_ _ _ _ _ _ _ _ _ _ _ _ _ _ _ _ _ _ _ _ _ _ _ _ _ _ _ _ _ _ _ _ _ _ _ _ _ _ _ _ \ntests/workspaces_test.py:15: in login\n    about_page.click_login_link()\nsrc/pages/about_page.py:18: in click_login_link\n    self.click(self.LOGIN_LINK)\nsrc/pages/base_page.py:59: in click\n    el: WebElement = self.wait.until(expected_conditions.element_to_be_clickable(locator))\n                     ^^^^^^^^^^^^^^^^^^^^^^^^^^^^^^^^^^^^^^^^^^^^^^^^^^^^^^^^^^^^^^^^^^^^^\n_ _ _ _ _ _ _ _ _ _ _ _ _ _ _ _ _ _ _ _ _ _ _ _ _ _ _ _ _ _ _ _ _ _ _ _ _ _ _ _ \n\nself = <selenium.webdriver.support.wait.WebDriverWait (session=\"13d8178e9c94b7d3ec7bf352e80742a0\")>\nmethod = <function element_to_be_clickable.<locals>._predicate at 0x7f1e89b27600>\nmessage = ''\n\n    def until(self, method: Callable[[D], Union[Literal[False], T]], message: str = \"\") -> T:\n        \"\"\"Wait until the method returns a value that is not False.\n    \n        Calls the method provided with the driver as an argument until the\n        return value does not evaluate to ``False``.\n    \n        Parameters:\n        -----------\n        method: callable(WebDriver)\n            - A callable object that takes a WebDriver instance as an argument.\n    \n        message: str\n            - Optional message for :exc:`TimeoutException`\n    \n        Return:\n        -------\n        object: T\n            - The result of the last call to `method`\n    \n        Raises:\n        -------\n        TimeoutException\n            - If 'method' does not return a truthy value within the WebDriverWait\n            object's timeout\n    \n        Example:\n        --------\n        >>> from selenium.webdriver.common.by import By\n        >>> from selenium.webdriver.support.ui import WebDriverWait\n        >>> from selenium.webdriver.support import expected_conditions as EC\n    \n        # Wait until an element is visible on the page\n        >>> wait = WebDriverWait(driver, 10)\n        >>> element = wait.until(EC.visibility_of_element_located((By.ID, \"exampleId\")))\n        >>> print(element.text)\n        \"\"\"\n        screen = None\n        stacktrace = None\n    \n        end_time = time.monotonic() + self._timeout\n        while True:\n            try:\n                value = method(self._driver)\n                if value:\n                    return value\n            except self._ignored_exceptions as exc:\n                screen = getattr(exc, \"screen\", None)\n                stacktrace = getattr(exc, \"stacktrace\", None)\n            if time.monotonic() > end_time:\n                break\n            time.sleep(self._poll)\n>       raise TimeoutException(message, screen, stacktrace)\nE       selenium.common.exceptions.TimeoutException: Message: \nE       Stacktrace:\nE       #0 0x55dd6e11a53a <unknown>\nE       #1 0x55dd6dc15f00 <unknown>\nE       #2 0x55dd6dc65c0c <unknown>\nE       #3 0x55dd6dc65e31 <unknown>\nE       #4 0x55dd6dcabbd4 <unknown>\nE       #5 0x55dd6dc8a5cd <unknown>\nE       #6 0x55dd6dca8f84 <unknown>\nE       #7 0x55dd6dc8a343 <unknown>\nE       #8 0x55dd6dc5778a <unknown>\nE       #9 0x55dd6dc589de <unknown>\nE       #10 0x55dd6e0e42cb <unknown>\nE       #11 0x55dd6e0e8242 <unknown>\nE       #12 0x55dd6e0d17ac <unknown>\nE       #13 0x55dd6e0e8df7 <unknown>\nE       #14 0x55dd6e0b5b2f <unknown>\nE       #15 0x55dd6e1091a8 <unknown>\nE       #16 0x55dd6e109370 <unknown>\nE       #17 0x55dd6e1193b6 <unknown>\nE       #18 0x7fb801a9caa4 <unknown>\nE       #19 0x7fb801b29c3c <unknown>\n\n.venv/lib/python3.13/site-packages/selenium/webdriver/support/wait.py:138: TimeoutException","steps":[{"name":"public ip address","time":{"start":1754274135855,"stop":1754274136008,"duration":153},"status":"passed","steps":[],"attachments":[{"uid":"1606a274b2b4d2ce","name":"HTTP logs of http://checkip.amazonaws.com/","source":"1606a274b2b4d2ce.txt","type":"text/plain","size":356}],"parameters":[],"shouldDisplayMessage":false,"stepsCount":0,"attachmentsCount":1,"hasContent":true,"attachmentStep":false}],"attachments":[{"uid":"ecf5ab9cddc08fb","name":"Cookies","source":"ecf5ab9cddc08fb.json","type":"application/json","size":4116},{"uid":"eff5069e9d36ce06","name":"Session Storage","source":"eff5069e9d36ce06.json","type":"application/json","size":359},{"uid":"2242b0ea64a604f4","name":"Local Storage","source":"2242b0ea64a604f4.json","type":"application/json","size":548},{"uid":"9b4302aaf5b4aa8b","name":"Full Page Screenshot","source":"9b4302aaf5b4aa8b.png","type":"image/png","size":1979340},{"uid":"c417a2bde7ac9bef","name":"URL","source":"c417a2bde7ac9bef.uri","type":"text/uri-list","size":23},{"uid":"a87f2938b08bf203","name":"Network Logs","source":"a87f2938b08bf203.json","type":"application/json","size":10193056}],"parameters":[],"shouldDisplayMessage":true,"stepsCount":1,"attachmentsCount":7,"hasContent":true,"attachmentStep":false},"afterStages":[{"name":"session_request::0","time":{"start":1754274167347,"stop":1754274167347,"duration":0},"status":"passed","steps":[],"attachments":[],"parameters":[],"shouldDisplayMessage":false,"stepsCount":0,"attachmentsCount":0,"hasContent":false,"attachmentStep":false}],"labels":[{"name":"epic","value":"Workspaces"},{"name":"story","value":"WorkSpaces Creation and Editing Functionality"},{"name":"severity","value":"normal"},{"name":"parentSuite","value":"tests"},{"name":"suite","value":"workspaces_test"},{"name":"subSuite","value":"TestWorkspaces"},{"name":"host","value":"pkrvmjbmru5nbw0"},{"name":"thread","value":"2198-MainThread"},{"name":"framework","value":"pytest"},{"name":"language","value":"cpython3"},{"name":"package","value":"tests.workspaces_test"},{"name":"resultFormat","value":"allure2"}],"parameters":[],"links":[],"hidden":false,"retry":false,"extra":{"severity":"normal","retries":[],"categories":[{"name":"Test defects","matchedStatuses":[],"flaky":false}],"history":{"statistic":{"failed":0,"broken":4,"skipped":0,"passed":0,"unknown":0,"total":4},"items":[{"uid":"3f7e444f22a62e77","reportUrl":"https://nirtal85.github.io/Selenium-Python-Example/734//#testresult/3f7e444f22a62e77","status":"broken","statusDetails":"selenium.common.exceptions.TimeoutException: Message: \nStacktrace:\n#0 0x55ce12ab553a <unknown>\n#1 0x55ce125b0f00 <unknown>\n#2 0x55ce12600c0c <unknown>\n#3 0x55ce12600e31 <unknown>\n#4 0x55ce12646bd4 <unknown>\n#5 0x55ce126255cd <unknown>\n#6 0x55ce12643f84 <unknown>\n#7 0x55ce12625343 <unknown>\n#8 0x55ce125f278a <unknown>\n#9 0x55ce125f39de <unknown>\n#10 0x55ce12a7f2cb <unknown>\n#11 0x55ce12a83242 <unknown>\n#12 0x55ce12a6c7ac <unknown>\n#13 0x55ce12a83df7 <unknown>\n#14 0x55ce12a50b2f <unknown>\n#15 0x55ce12aa41a8 <unknown>\n#16 0x55ce12aa4370 <unknown>\n#17 0x55ce12ab43b6 <unknown>\n#18 0x7f6d3e29caa4 <unknown>\n#19 0x7f6d3e329c3c <unknown>","time":{"start":1754187716847,"stop":1754187716847,"duration":0}},{"uid":"43a2dd60e650234f","reportUrl":"https://nirtal85.github.io/Selenium-Python-Example/733//#testresult/43a2dd60e650234f","status":"broken","statusDetails":"selenium.common.exceptions.TimeoutException: Message: \nStacktrace:\n#0 0x55735db3253a <unknown>\n#1 0x55735d62df00 <unknown>\n#2 0x55735d67dc0c <unknown>\n#3 0x55735d67de31 <unknown>\n#4 0x55735d6c3bd4 <unknown>\n#5 0x55735d6a25cd <unknown>\n#6 0x55735d6c0f84 <unknown>\n#7 0x55735d6a2343 <unknown>\n#8 0x55735d66f78a <unknown>\n#9 0x55735d6709de <unknown>\n#10 0x55735dafc2cb <unknown>\n#11 0x55735db00242 <unknown>\n#12 0x55735dae97ac <unknown>\n#13 0x55735db00df7 <unknown>\n#14 0x55735dacdb2f <unknown>\n#15 0x55735db211a8 <unknown>\n#16 0x55735db21370 <unknown>\n#17 0x55735db313b6 <unknown>\n#18 0x7fb13fc9caa4 <unknown>\n#19 0x7fb13fd29c3c <unknown>","time":{"start":1754100072072,"stop":1754100072072,"duration":0}},{"uid":"2a340f17e56edd1d","reportUrl":"https://nirtal85.github.io/Selenium-Python-Example/732//#testresult/2a340f17e56edd1d","status":"broken","statusDetails":"selenium.common.exceptions.TimeoutException: Message: \nStacktrace:\n#0 0x562d66b6c53a <unknown>\n#1 0x562d66667f00 <unknown>\n#2 0x562d666b7c0c <unknown>\n#3 0x562d666b7e31 <unknown>\n#4 0x562d666fdbd4 <unknown>\n#5 0x562d666dc5cd <unknown>\n#6 0x562d666faf84 <unknown>\n#7 0x562d666dc343 <unknown>\n#8 0x562d666a978a <unknown>\n#9 0x562d666aa9de <unknown>\n#10 0x562d66b362cb <unknown>\n#11 0x562d66b3a242 <unknown>\n#12 0x562d66b237ac <unknown>\n#13 0x562d66b3adf7 <unknown>\n#14 0x562d66b07b2f <unknown>\n#15 0x562d66b5b1a8 <unknown>\n#16 0x562d66b5b370 <unknown>\n#17 0x562d66b6b3b6 <unknown>\n#18 0x7f4c1c29caa4 <unknown>\n#19 0x7f4c1c329c3c <unknown>","time":{"start":1754015013812,"stop":1754015013812,"duration":0}}]},"tags":[]},"source":"4cf74cc64143c614.json","parameterValues":[]}