{"uid":"e229c094d8a241f9","name":"Delete existing workspace","fullName":"tests.workspaces_test.TestWorkspaces#test_delete_workspace","historyId":"085ae9bea926da8512f07258dfb5df8c","time":{"start":1756518069866,"stop":1756518069866,"duration":0},"description":"Delete an existing workspace","descriptionHtml":"<p>Delete an existing workspace</p>\n","status":"broken","statusMessage":"selenium.common.exceptions.TimeoutException: Message: \nStacktrace:\n#0 0x564ad89fa53a <unknown>\n#1 0x564ad84f5f00 <unknown>\n#2 0x564ad8545c0c <unknown>\n#3 0x564ad8545e31 <unknown>\n#4 0x564ad858bbd4 <unknown>\n#5 0x564ad856a5cd <unknown>\n#6 0x564ad8588f84 <unknown>\n#7 0x564ad856a343 <unknown>\n#8 0x564ad853778a <unknown>\n#9 0x564ad85389de <unknown>\n#10 0x564ad89c42cb <unknown>\n#11 0x564ad89c8242 <unknown>\n#12 0x564ad89b17ac <unknown>\n#13 0x564ad89c8df7 <unknown>\n#14 0x564ad8995b2f <unknown>\n#15 0x564ad89e91a8 <unknown>\n#16 0x564ad89e9370 <unknown>\n#17 0x564ad89f93b6 <unknown>\n#18 0x7eff18e9caa4 <unknown>\n#19 0x7eff18f29c3c <unknown>","statusTrace":"self = <tests.workspaces_test.TestWorkspaces object at 0x7f46028c1940>\n\n    @pytest.fixture(autouse=True)\n    def setup_method_fixture(self):\n>       login(self.about_page, self.login_page)\n\ntests/workspaces_test.py:25: \n_ _ _ _ _ _ _ _ _ _ _ _ _ _ _ _ _ _ _ _ _ _ _ _ _ _ _ _ _ _ _ _ _ _ _ _ _ _ _ _ \ntests/workspaces_test.py:15: in login\n    about_page.click_login_link()\nsrc/pages/about_page.py:18: in click_login_link\n    self.click(self.LOGIN_LINK)\nsrc/pages/base_page.py:59: in click\n    el: WebElement = self.wait.until(expected_conditions.element_to_be_clickable(locator))\n                     ^^^^^^^^^^^^^^^^^^^^^^^^^^^^^^^^^^^^^^^^^^^^^^^^^^^^^^^^^^^^^^^^^^^^^\n_ _ _ _ _ _ _ _ _ _ _ _ _ _ _ _ _ _ _ _ _ _ _ _ _ _ _ _ _ _ _ _ _ _ _ _ _ _ _ _ \n\nself = <selenium.webdriver.support.wait.WebDriverWait (session=\"74c8f1016ff08e54079ac6692c46642c\")>\nmethod = <function element_to_be_clickable.<locals>._predicate at 0x7f460291b7e0>\nmessage = ''\n\n    def until(self, method: Callable[[D], Union[Literal[False], T]], message: str = \"\") -> T:\n        \"\"\"Wait until the method returns a value that is not False.\n    \n        Calls the method provided with the driver as an argument until the\n        return value does not evaluate to ``False``.\n    \n        Parameters:\n        -----------\n        method: callable(WebDriver)\n            - A callable object that takes a WebDriver instance as an argument.\n    \n        message: str\n            - Optional message for :exc:`TimeoutException`\n    \n        Return:\n        -------\n        object: T\n            - The result of the last call to `method`\n    \n        Raises:\n        -------\n        TimeoutException\n            - If 'method' does not return a truthy value within the WebDriverWait\n            object's timeout\n    \n        Example:\n        --------\n        >>> from selenium.webdriver.common.by import By\n        >>> from selenium.webdriver.support.ui import WebDriverWait\n        >>> from selenium.webdriver.support import expected_conditions as EC\n    \n        # Wait until an element is visible on the page\n        >>> wait = WebDriverWait(driver, 10)\n        >>> element = wait.until(EC.visibility_of_element_located((By.ID, \"exampleId\")))\n        >>> print(element.text)\n        \"\"\"\n        screen = None\n        stacktrace = None\n    \n        end_time = time.monotonic() + self._timeout\n        while True:\n            try:\n                value = method(self._driver)\n                if value:\n                    return value\n            except self._ignored_exceptions as exc:\n                screen = getattr(exc, \"screen\", None)\n                stacktrace = getattr(exc, \"stacktrace\", None)\n            if time.monotonic() > end_time:\n                break\n            time.sleep(self._poll)\n>       raise TimeoutException(message, screen, stacktrace)\nE       selenium.common.exceptions.TimeoutException: Message: \nE       Stacktrace:\nE       #0 0x564ad89fa53a <unknown>\nE       #1 0x564ad84f5f00 <unknown>\nE       #2 0x564ad8545c0c <unknown>\nE       #3 0x564ad8545e31 <unknown>\nE       #4 0x564ad858bbd4 <unknown>\nE       #5 0x564ad856a5cd <unknown>\nE       #6 0x564ad8588f84 <unknown>\nE       #7 0x564ad856a343 <unknown>\nE       #8 0x564ad853778a <unknown>\nE       #9 0x564ad85389de <unknown>\nE       #10 0x564ad89c42cb <unknown>\nE       #11 0x564ad89c8242 <unknown>\nE       #12 0x564ad89b17ac <unknown>\nE       #13 0x564ad89c8df7 <unknown>\nE       #14 0x564ad8995b2f <unknown>\nE       #15 0x564ad89e91a8 <unknown>\nE       #16 0x564ad89e9370 <unknown>\nE       #17 0x564ad89f93b6 <unknown>\nE       #18 0x7eff18e9caa4 <unknown>\nE       #19 0x7eff18f29c3c <unknown>\n\n.venv/lib/python3.13/site-packages/selenium/webdriver/support/wait.py:138: TimeoutException","flaky":false,"newFailed":false,"newBroken":false,"newPassed":false,"retriesCount":0,"retriesStatusChange":false,"beforeStages":[{"name":"base_url","time":{"start":1756518050019,"stop":1756518050020,"duration":1},"status":"passed","steps":[],"attachments":[],"parameters":[],"shouldDisplayMessage":false,"stepsCount":0,"attachmentsCount":0,"hasContent":false,"attachmentStep":false},{"name":"_verify_url","time":{"start":1756518050020,"stop":1756518050020,"duration":0},"status":"passed","steps":[],"attachments":[],"parameters":[],"shouldDisplayMessage":false,"stepsCount":0,"attachmentsCount":0,"hasContent":false,"attachmentStep":false},{"name":"session_request","time":{"start":1756518050020,"stop":1756518050020,"duration":0},"status":"passed","steps":[],"attachments":[],"parameters":[],"shouldDisplayMessage":false,"stepsCount":0,"attachmentsCount":0,"hasContent":false,"attachmentStep":false},{"name":"setup_method_fixture","time":{"start":1756518071409,"stop":1756518081507,"duration":10098},"status":"broken","statusMessage":"selenium.common.exceptions.TimeoutException: Message: \nStacktrace:\n#0 0x564ad89fa53a <unknown>\n#1 0x564ad84f5f00 <unknown>\n#2 0x564ad8545c0c <unknown>\n#3 0x564ad8545e31 <unknown>\n#4 0x564ad858bbd4 <unknown>\n#5 0x564ad856a5cd <unknown>\n#6 0x564ad8588f84 <unknown>\n#7 0x564ad856a343 <unknown>\n#8 0x564ad853778a <unknown>\n#9 0x564ad85389de <unknown>\n#10 0x564ad89c42cb <unknown>\n#11 0x564ad89c8242 <unknown>\n#12 0x564ad89b17ac <unknown>\n#13 0x564ad89c8df7 <unknown>\n#14 0x564ad8995b2f <unknown>\n#15 0x564ad89e91a8 <unknown>\n#16 0x564ad89e9370 <unknown>\n#17 0x564ad89f93b6 <unknown>\n#18 0x7eff18e9caa4 <unknown>\n#19 0x7eff18f29c3c <unknown>\n\n","statusTrace":"  File \"/home/runner/work/Selenium-Python-Example/Selenium-Python-Example/.venv/lib/python3.13/site-packages/pluggy/_callers.py\", line 167, in _multicall\n    teardown.throw(outcome._exception)\n    ~~~~~~~~~~~~~~^^^^^^^^^^^^^^^^^^^^\n  File \"/home/runner/work/Selenium-Python-Example/Selenium-Python-Example/.venv/lib/python3.13/site-packages/_pytest/setuponly.py\", line 36, in pytest_fixture_setup\n    return (yield)\n            ^^^^^\n  File \"/home/runner/work/Selenium-Python-Example/Selenium-Python-Example/.venv/lib/python3.13/site-packages/pluggy/_callers.py\", line 103, in _multicall\n    res = hook_impl.function(*args)\n  File \"/home/runner/work/Selenium-Python-Example/Selenium-Python-Example/.venv/lib/python3.13/site-packages/_pytest/fixtures.py\", line 1195, in pytest_fixture_setup\n    result = call_fixture_func(fixturefunc, request, kwargs)\n  File \"/home/runner/work/Selenium-Python-Example/Selenium-Python-Example/.venv/lib/python3.13/site-packages/_pytest/fixtures.py\", line 929, in call_fixture_func\n    fixture_result = fixturefunc(**kwargs)\n  File \"/home/runner/work/Selenium-Python-Example/Selenium-Python-Example/tests/workspaces_test.py\", line 25, in setup_method_fixture\n    login(self.about_page, self.login_page)\n    ~~~~~^^^^^^^^^^^^^^^^^^^^^^^^^^^^^^^^^^\n  File \"/home/runner/work/Selenium-Python-Example/Selenium-Python-Example/tests/workspaces_test.py\", line 15, in login\n    about_page.click_login_link()\n    ~~~~~~~~~~~~~~~~~~~~~~~~~~~^^\n  File \"/home/runner/work/Selenium-Python-Example/Selenium-Python-Example/.venv/lib/python3.13/site-packages/allure_commons/_allure.py\", line 202, in impl\n    return func(*a, **kw)\n  File \"/home/runner/work/Selenium-Python-Example/Selenium-Python-Example/src/pages/about_page.py\", line 18, in click_login_link\n    self.click(self.LOGIN_LINK)\n    ~~~~~~~~~~^^^^^^^^^^^^^^^^^\n  File \"/home/runner/work/Selenium-Python-Example/Selenium-Python-Example/src/pages/base_page.py\", line 59, in click\n    el: WebElement = self.wait.until(expected_conditions.element_to_be_clickable(locator))\n                     ~~~~~~~~~~~~~~~^^^^^^^^^^^^^^^^^^^^^^^^^^^^^^^^^^^^^^^^^^^^^^^^^^^^^^\n  File \"/home/runner/work/Selenium-Python-Example/Selenium-Python-Example/.venv/lib/python3.13/site-packages/selenium/webdriver/support/wait.py\", line 138, in until\n    raise TimeoutException(message, screen, stacktrace)\n","steps":[{"name":"Click Login link","time":{"start":1756518071409,"stop":1756518081506,"duration":10097},"status":"broken","statusMessage":"selenium.common.exceptions.TimeoutException: Message: \nStacktrace:\n#0 0x564ad89fa53a <unknown>\n#1 0x564ad84f5f00 <unknown>\n#2 0x564ad8545c0c <unknown>\n#3 0x564ad8545e31 <unknown>\n#4 0x564ad858bbd4 <unknown>\n#5 0x564ad856a5cd <unknown>\n#6 0x564ad8588f84 <unknown>\n#7 0x564ad856a343 <unknown>\n#8 0x564ad853778a <unknown>\n#9 0x564ad85389de <unknown>\n#10 0x564ad89c42cb <unknown>\n#11 0x564ad89c8242 <unknown>\n#12 0x564ad89b17ac <unknown>\n#13 0x564ad89c8df7 <unknown>\n#14 0x564ad8995b2f <unknown>\n#15 0x564ad89e91a8 <unknown>\n#16 0x564ad89e9370 <unknown>\n#17 0x564ad89f93b6 <unknown>\n#18 0x7eff18e9caa4 <unknown>\n#19 0x7eff18f29c3c <unknown>\n\n","statusTrace":"  File \"/home/runner/work/Selenium-Python-Example/Selenium-Python-Example/.venv/lib/python3.13/site-packages/allure_commons/_allure.py\", line 202, in impl\n    return func(*a, **kw)\n  File \"/home/runner/work/Selenium-Python-Example/Selenium-Python-Example/src/pages/about_page.py\", line 18, in click_login_link\n    self.click(self.LOGIN_LINK)\n    ~~~~~~~~~~^^^^^^^^^^^^^^^^^\n  File \"/home/runner/work/Selenium-Python-Example/Selenium-Python-Example/src/pages/base_page.py\", line 59, in click\n    el: WebElement = self.wait.until(expected_conditions.element_to_be_clickable(locator))\n                     ~~~~~~~~~~~~~~~^^^^^^^^^^^^^^^^^^^^^^^^^^^^^^^^^^^^^^^^^^^^^^^^^^^^^^\n  File \"/home/runner/work/Selenium-Python-Example/Selenium-Python-Example/.venv/lib/python3.13/site-packages/selenium/webdriver/support/wait.py\", line 138, in until\n    raise TimeoutException(message, screen, stacktrace)\n","steps":[],"attachments":[],"parameters":[],"shouldDisplayMessage":true,"stepsCount":0,"attachmentsCount":0,"hasContent":true,"attachmentStep":false}],"attachments":[],"parameters":[],"shouldDisplayMessage":false,"stepsCount":1,"attachmentsCount":0,"hasContent":true,"attachmentStep":false}],"testStage":{"description":"Delete an existing workspace","status":"broken","statusMessage":"selenium.common.exceptions.TimeoutException: Message: \nStacktrace:\n#0 0x564ad89fa53a <unknown>\n#1 0x564ad84f5f00 <unknown>\n#2 0x564ad8545c0c <unknown>\n#3 0x564ad8545e31 <unknown>\n#4 0x564ad858bbd4 <unknown>\n#5 0x564ad856a5cd <unknown>\n#6 0x564ad8588f84 <unknown>\n#7 0x564ad856a343 <unknown>\n#8 0x564ad853778a <unknown>\n#9 0x564ad85389de <unknown>\n#10 0x564ad89c42cb <unknown>\n#11 0x564ad89c8242 <unknown>\n#12 0x564ad89b17ac <unknown>\n#13 0x564ad89c8df7 <unknown>\n#14 0x564ad8995b2f <unknown>\n#15 0x564ad89e91a8 <unknown>\n#16 0x564ad89e9370 <unknown>\n#17 0x564ad89f93b6 <unknown>\n#18 0x7eff18e9caa4 <unknown>\n#19 0x7eff18f29c3c <unknown>","statusTrace":"self = <tests.workspaces_test.TestWorkspaces object at 0x7f46028c1940>\n\n    @pytest.fixture(autouse=True)\n    def setup_method_fixture(self):\n>       login(self.about_page, self.login_page)\n\ntests/workspaces_test.py:25: \n_ _ _ _ _ _ _ _ _ _ _ _ _ _ _ _ _ _ _ _ _ _ _ _ _ _ _ _ _ _ _ _ _ _ _ _ _ _ _ _ \ntests/workspaces_test.py:15: in login\n    about_page.click_login_link()\nsrc/pages/about_page.py:18: in click_login_link\n    self.click(self.LOGIN_LINK)\nsrc/pages/base_page.py:59: in click\n    el: WebElement = self.wait.until(expected_conditions.element_to_be_clickable(locator))\n                     ^^^^^^^^^^^^^^^^^^^^^^^^^^^^^^^^^^^^^^^^^^^^^^^^^^^^^^^^^^^^^^^^^^^^^\n_ _ _ _ _ _ _ _ _ _ _ _ _ _ _ _ _ _ _ _ _ _ _ _ _ _ _ _ _ _ _ _ _ _ _ _ _ _ _ _ \n\nself = <selenium.webdriver.support.wait.WebDriverWait (session=\"74c8f1016ff08e54079ac6692c46642c\")>\nmethod = <function element_to_be_clickable.<locals>._predicate at 0x7f460291b7e0>\nmessage = ''\n\n    def until(self, method: Callable[[D], Union[Literal[False], T]], message: str = \"\") -> T:\n        \"\"\"Wait until the method returns a value that is not False.\n    \n        Calls the method provided with the driver as an argument until the\n        return value does not evaluate to ``False``.\n    \n        Parameters:\n        -----------\n        method: callable(WebDriver)\n            - A callable object that takes a WebDriver instance as an argument.\n    \n        message: str\n            - Optional message for :exc:`TimeoutException`\n    \n        Return:\n        -------\n        object: T\n            - The result of the last call to `method`\n    \n        Raises:\n        -------\n        TimeoutException\n            - If 'method' does not return a truthy value within the WebDriverWait\n            object's timeout\n    \n        Example:\n        --------\n        >>> from selenium.webdriver.common.by import By\n        >>> from selenium.webdriver.support.ui import WebDriverWait\n        >>> from selenium.webdriver.support import expected_conditions as EC\n    \n        # Wait until an element is visible on the page\n        >>> wait = WebDriverWait(driver, 10)\n        >>> element = wait.until(EC.visibility_of_element_located((By.ID, \"exampleId\")))\n        >>> print(element.text)\n        \"\"\"\n        screen = None\n        stacktrace = None\n    \n        end_time = time.monotonic() + self._timeout\n        while True:\n            try:\n                value = method(self._driver)\n                if value:\n                    return value\n            except self._ignored_exceptions as exc:\n                screen = getattr(exc, \"screen\", None)\n                stacktrace = getattr(exc, \"stacktrace\", None)\n            if time.monotonic() > end_time:\n                break\n            time.sleep(self._poll)\n>       raise TimeoutException(message, screen, stacktrace)\nE       selenium.common.exceptions.TimeoutException: Message: \nE       Stacktrace:\nE       #0 0x564ad89fa53a <unknown>\nE       #1 0x564ad84f5f00 <unknown>\nE       #2 0x564ad8545c0c <unknown>\nE       #3 0x564ad8545e31 <unknown>\nE       #4 0x564ad858bbd4 <unknown>\nE       #5 0x564ad856a5cd <unknown>\nE       #6 0x564ad8588f84 <unknown>\nE       #7 0x564ad856a343 <unknown>\nE       #8 0x564ad853778a <unknown>\nE       #9 0x564ad85389de <unknown>\nE       #10 0x564ad89c42cb <unknown>\nE       #11 0x564ad89c8242 <unknown>\nE       #12 0x564ad89b17ac <unknown>\nE       #13 0x564ad89c8df7 <unknown>\nE       #14 0x564ad8995b2f <unknown>\nE       #15 0x564ad89e91a8 <unknown>\nE       #16 0x564ad89e9370 <unknown>\nE       #17 0x564ad89f93b6 <unknown>\nE       #18 0x7eff18e9caa4 <unknown>\nE       #19 0x7eff18f29c3c <unknown>\n\n.venv/lib/python3.13/site-packages/selenium/webdriver/support/wait.py:138: TimeoutException","steps":[{"name":"public ip address","time":{"start":1756518081522,"stop":1756518081677,"duration":155},"status":"passed","steps":[],"attachments":[{"uid":"b54a58da72744a6b","name":"HTTP logs of http://checkip.amazonaws.com/","source":"b54a58da72744a6b.txt","type":"text/plain","size":355}],"parameters":[],"shouldDisplayMessage":false,"stepsCount":0,"attachmentsCount":1,"hasContent":true,"attachmentStep":false}],"attachments":[{"uid":"c7080421b9c54593","name":"Cookies","source":"c7080421b9c54593.json","type":"application/json","size":4116},{"uid":"2ef009628cc90dd5","name":"Session Storage","source":"2ef009628cc90dd5.json","type":"application/json","size":359},{"uid":"3285d81951bf2e8d","name":"Local Storage","source":"3285d81951bf2e8d.json","type":"application/json","size":548},{"uid":"9e2b21e861e6cfdd","name":"Full Page Screenshot","source":"9e2b21e861e6cfdd.png","type":"image/png","size":2043199},{"uid":"7c5811e09f6a4789","name":"URL","source":"7c5811e09f6a4789.uri","type":"text/uri-list","size":23},{"uid":"67cf9144478b4162","name":"Network Logs","source":"67cf9144478b4162.json","type":"application/json","size":7928883}],"parameters":[],"shouldDisplayMessage":true,"stepsCount":1,"attachmentsCount":7,"hasContent":true,"attachmentStep":false},"afterStages":[{"name":"session_request::0","time":{"start":1756518123212,"stop":1756518123212,"duration":0},"status":"passed","steps":[],"attachments":[],"parameters":[],"shouldDisplayMessage":false,"stepsCount":0,"attachmentsCount":0,"hasContent":false,"attachmentStep":false}],"labels":[{"name":"epic","value":"Workspaces"},{"name":"severity","value":"normal"},{"name":"story","value":"WorkSpaces Creation and Editing Functionality"},{"name":"parentSuite","value":"tests"},{"name":"suite","value":"workspaces_test"},{"name":"subSuite","value":"TestWorkspaces"},{"name":"host","value":"pkrvmccyg1gnepe"},{"name":"thread","value":"2232-MainThread"},{"name":"framework","value":"pytest"},{"name":"language","value":"cpython3"},{"name":"package","value":"tests.workspaces_test"},{"name":"resultFormat","value":"allure2"}],"parameters":[],"links":[],"hidden":false,"retry":false,"extra":{"severity":"normal","retries":[],"categories":[{"name":"Test defects","matchedStatuses":[],"flaky":false}],"history":{"statistic":{"failed":0,"broken":30,"skipped":0,"passed":0,"unknown":0,"total":30},"items":[{"uid":"f8de2adffc7d4de","reportUrl":"https://nirtal85.github.io/Selenium-Python-Example/760//#testresult/f8de2adffc7d4de","status":"broken","statusDetails":"selenium.common.exceptions.TimeoutException: Message: \nStacktrace:\n#0 0x56153fb8353a <unknown>\n#1 0x56153f67ef00 <unknown>\n#2 0x56153f6cec0c <unknown>\n#3 0x56153f6cee31 <unknown>\n#4 0x56153f714bd4 <unknown>\n#5 0x56153f6f35cd <unknown>\n#6 0x56153f711f84 <unknown>\n#7 0x56153f6f3343 <unknown>\n#8 0x56153f6c078a <unknown>\n#9 0x56153f6c19de <unknown>\n#10 0x56153fb4d2cb <unknown>\n#11 0x56153fb51242 <unknown>\n#12 0x56153fb3a7ac <unknown>\n#13 0x56153fb51df7 <unknown>\n#14 0x56153fb1eb2f <unknown>\n#15 0x56153fb721a8 <unknown>\n#16 0x56153fb72370 <unknown>\n#17 0x56153fb823b6 <unknown>\n#18 0x7f58df09caa4 <unknown>\n#19 0x7f58df129c3c <unknown>","time":{"start":1756431981549,"stop":1756431981549,"duration":0}},{"uid":"16f5a714c382f1c3","reportUrl":"https://nirtal85.github.io/Selenium-Python-Example/759//#testresult/16f5a714c382f1c3","status":"broken","statusDetails":"selenium.common.exceptions.TimeoutException: Message: \nStacktrace:\n#0 0x562fba61c53a <unknown>\n#1 0x562fba117f00 <unknown>\n#2 0x562fba167c0c <unknown>\n#3 0x562fba167e31 <unknown>\n#4 0x562fba1adbd4 <unknown>\n#5 0x562fba18c5cd <unknown>\n#6 0x562fba1aaf84 <unknown>\n#7 0x562fba18c343 <unknown>\n#8 0x562fba15978a <unknown>\n#9 0x562fba15a9de <unknown>\n#10 0x562fba5e62cb <unknown>\n#11 0x562fba5ea242 <unknown>\n#12 0x562fba5d37ac <unknown>\n#13 0x562fba5eadf7 <unknown>\n#14 0x562fba5b7b2f <unknown>\n#15 0x562fba60b1a8 <unknown>\n#16 0x562fba60b370 <unknown>\n#17 0x562fba61b3b6 <unknown>\n#18 0x7f85bc29caa4 <unknown>\n#19 0x7f85bc329c3c <unknown>","time":{"start":1756345583581,"stop":1756345583581,"duration":0}},{"uid":"c9d9175696721efb","reportUrl":"https://nirtal85.github.io/Selenium-Python-Example/758//#testresult/c9d9175696721efb","status":"broken","statusDetails":"selenium.common.exceptions.TimeoutException: Message: \nStacktrace:\n#0 0x558796e9353a <unknown>\n#1 0x55879698ef00 <unknown>\n#2 0x5587969dec0c <unknown>\n#3 0x5587969dee31 <unknown>\n#4 0x558796a24bd4 <unknown>\n#5 0x558796a035cd <unknown>\n#6 0x558796a21f84 <unknown>\n#7 0x558796a03343 <unknown>\n#8 0x5587969d078a <unknown>\n#9 0x5587969d19de <unknown>\n#10 0x558796e5d2cb <unknown>\n#11 0x558796e61242 <unknown>\n#12 0x558796e4a7ac <unknown>\n#13 0x558796e61df7 <unknown>\n#14 0x558796e2eb2f <unknown>\n#15 0x558796e821a8 <unknown>\n#16 0x558796e82370 <unknown>\n#17 0x558796e923b6 <unknown>\n#18 0x7f22ed89caa4 <unknown>\n#19 0x7f22ed929c3c <unknown>","time":{"start":1756259238463,"stop":1756259238463,"duration":0}},{"uid":"433d85280311725","reportUrl":"https://nirtal85.github.io/Selenium-Python-Example/757//#testresult/433d85280311725","status":"broken","statusDetails":"selenium.common.exceptions.TimeoutException: Message: \nStacktrace:\n#0 0x55c20f57753a <unknown>\n#1 0x55c20f072f00 <unknown>\n#2 0x55c20f0c2c0c <unknown>\n#3 0x55c20f0c2e31 <unknown>\n#4 0x55c20f108bd4 <unknown>\n#5 0x55c20f0e75cd <unknown>\n#6 0x55c20f105f84 <unknown>\n#7 0x55c20f0e7343 <unknown>\n#8 0x55c20f0b478a <unknown>\n#9 0x55c20f0b59de <unknown>\n#10 0x55c20f5412cb <unknown>\n#11 0x55c20f545242 <unknown>\n#12 0x55c20f52e7ac <unknown>\n#13 0x55c20f545df7 <unknown>\n#14 0x55c20f512b2f <unknown>\n#15 0x55c20f5661a8 <unknown>\n#16 0x55c20f566370 <unknown>\n#17 0x55c20f5763b6 <unknown>\n#18 0x7f0b8ca9caa4 <unknown>\n#19 0x7f0b8cb29c3c <unknown>","time":{"start":1756173038406,"stop":1756173038406,"duration":0}},{"uid":"4e56966a9f5368","reportUrl":"https://nirtal85.github.io/Selenium-Python-Example/756//#testresult/4e56966a9f5368","status":"broken","statusDetails":"selenium.common.exceptions.TimeoutException: Message: \nStacktrace:\n#0 0x55c6194ac53a <unknown>\n#1 0x55c618fa7f00 <unknown>\n#2 0x55c618ff7c0c <unknown>\n#3 0x55c618ff7e31 <unknown>\n#4 0x55c61903dbd4 <unknown>\n#5 0x55c61901c5cd <unknown>\n#6 0x55c61903af84 <unknown>\n#7 0x55c61901c343 <unknown>\n#8 0x55c618fe978a <unknown>\n#9 0x55c618fea9de <unknown>\n#10 0x55c6194762cb <unknown>\n#11 0x55c61947a242 <unknown>\n#12 0x55c6194637ac <unknown>\n#13 0x55c61947adf7 <unknown>\n#14 0x55c619447b2f <unknown>\n#15 0x55c61949b1a8 <unknown>\n#16 0x55c61949b370 <unknown>\n#17 0x55c6194ab3b6 <unknown>\n#18 0x7f710b69caa4 <unknown>\n#19 0x7f710b729c3c <unknown>","time":{"start":1756086863760,"stop":1756086863760,"duration":0}},{"uid":"332e74d14286b5f1","reportUrl":"https://nirtal85.github.io/Selenium-Python-Example/755//#testresult/332e74d14286b5f1","status":"broken","statusDetails":"selenium.common.exceptions.TimeoutException: Message: \nStacktrace:\n#0 0x5627b1e5853a <unknown>\n#1 0x5627b1953f00 <unknown>\n#2 0x5627b19a3c0c <unknown>\n#3 0x5627b19a3e31 <unknown>\n#4 0x5627b19e9bd4 <unknown>\n#5 0x5627b19c85cd <unknown>\n#6 0x5627b19e6f84 <unknown>\n#7 0x5627b19c8343 <unknown>\n#8 0x5627b199578a <unknown>\n#9 0x5627b19969de <unknown>\n#10 0x5627b1e222cb <unknown>\n#11 0x5627b1e26242 <unknown>\n#12 0x5627b1e0f7ac <unknown>\n#13 0x5627b1e26df7 <unknown>\n#14 0x5627b1df3b2f <unknown>\n#15 0x5627b1e471a8 <unknown>\n#16 0x5627b1e47370 <unknown>\n#17 0x5627b1e573b6 <unknown>\n#18 0x7fbd61e9caa4 <unknown>\n#19 0x7fbd61f29c3c <unknown>","time":{"start":1756000808012,"stop":1756000808012,"duration":0}},{"uid":"26741965d51fa984","reportUrl":"https://nirtal85.github.io/Selenium-Python-Example/754//#testresult/26741965d51fa984","status":"broken","statusDetails":"selenium.common.exceptions.TimeoutException: Message: \nStacktrace:\n#0 0x55b64c90053a <unknown>\n#1 0x55b64c3fbf00 <unknown>\n#2 0x55b64c44bc0c <unknown>\n#3 0x55b64c44be31 <unknown>\n#4 0x55b64c491bd4 <unknown>\n#5 0x55b64c4705cd <unknown>\n#6 0x55b64c48ef84 <unknown>\n#7 0x55b64c470343 <unknown>\n#8 0x55b64c43d78a <unknown>\n#9 0x55b64c43e9de <unknown>\n#10 0x55b64c8ca2cb <unknown>\n#11 0x55b64c8ce242 <unknown>\n#12 0x55b64c8b77ac <unknown>\n#13 0x55b64c8cedf7 <unknown>\n#14 0x55b64c89bb2f <unknown>\n#15 0x55b64c8ef1a8 <unknown>\n#16 0x55b64c8ef370 <unknown>\n#17 0x55b64c8ff3b6 <unknown>\n#18 0x7f462a69caa4 <unknown>\n#19 0x7f462a729c3c <unknown>","time":{"start":1755913553256,"stop":1755913553256,"duration":0}},{"uid":"4d3fc58b52eb164a","reportUrl":"https://nirtal85.github.io/Selenium-Python-Example/753//#testresult/4d3fc58b52eb164a","status":"broken","statusDetails":"selenium.common.exceptions.TimeoutException: Message: \nStacktrace:\n#0 0x55b0096f453a <unknown>\n#1 0x55b0091eff00 <unknown>\n#2 0x55b00923fc0c <unknown>\n#3 0x55b00923fe31 <unknown>\n#4 0x55b009285bd4 <unknown>\n#5 0x55b0092645cd <unknown>\n#6 0x55b009282f84 <unknown>\n#7 0x55b009264343 <unknown>\n#8 0x55b00923178a <unknown>\n#9 0x55b0092329de <unknown>\n#10 0x55b0096be2cb <unknown>\n#11 0x55b0096c2242 <unknown>\n#12 0x55b0096ab7ac <unknown>\n#13 0x55b0096c2df7 <unknown>\n#14 0x55b00968fb2f <unknown>\n#15 0x55b0096e31a8 <unknown>\n#16 0x55b0096e3370 <unknown>\n#17 0x55b0096f33b6 <unknown>\n#18 0x7f713829caa4 <unknown>\n#19 0x7f7138329c3c <unknown>","time":{"start":1755827373693,"stop":1755827373693,"duration":0}},{"uid":"67667e158587ea1e","reportUrl":"https://nirtal85.github.io/Selenium-Python-Example/752//#testresult/67667e158587ea1e","status":"broken","statusDetails":"selenium.common.exceptions.TimeoutException: Message: \nStacktrace:\n#0 0x55e11655853a <unknown>\n#1 0x55e116053f00 <unknown>\n#2 0x55e1160a3c0c <unknown>\n#3 0x55e1160a3e31 <unknown>\n#4 0x55e1160e9bd4 <unknown>\n#5 0x55e1160c85cd <unknown>\n#6 0x55e1160e6f84 <unknown>\n#7 0x55e1160c8343 <unknown>\n#8 0x55e11609578a <unknown>\n#9 0x55e1160969de <unknown>\n#10 0x55e1165222cb <unknown>\n#11 0x55e116526242 <unknown>\n#12 0x55e11650f7ac <unknown>\n#13 0x55e116526df7 <unknown>\n#14 0x55e1164f3b2f <unknown>\n#15 0x55e1165471a8 <unknown>\n#16 0x55e116547370 <unknown>\n#17 0x55e1165573b6 <unknown>\n#18 0x7fb34c69caa4 <unknown>\n#19 0x7fb34c729c3c <unknown>","time":{"start":1755740940776,"stop":1755740940776,"duration":0}},{"uid":"f32898bccc88a05e","reportUrl":"https://nirtal85.github.io/Selenium-Python-Example/751//#testresult/f32898bccc88a05e","status":"broken","statusDetails":"selenium.common.exceptions.TimeoutException: Message: \nStacktrace:\n#0 0x557f42daa53a <unknown>\n#1 0x557f428a5f00 <unknown>\n#2 0x557f428f5c0c <unknown>\n#3 0x557f428f5e31 <unknown>\n#4 0x557f4293bbd4 <unknown>\n#5 0x557f4291a5cd <unknown>\n#6 0x557f42938f84 <unknown>\n#7 0x557f4291a343 <unknown>\n#8 0x557f428e778a <unknown>\n#9 0x557f428e89de <unknown>\n#10 0x557f42d742cb <unknown>\n#11 0x557f42d78242 <unknown>\n#12 0x557f42d617ac <unknown>\n#13 0x557f42d78df7 <unknown>\n#14 0x557f42d45b2f <unknown>\n#15 0x557f42d991a8 <unknown>\n#16 0x557f42d99370 <unknown>\n#17 0x557f42da93b6 <unknown>\n#18 0x7f1cab09caa4 <unknown>\n#19 0x7f1cab129c3c <unknown>","time":{"start":1755654620731,"stop":1755654620731,"duration":0}},{"uid":"1542c25c27f79371","reportUrl":"https://nirtal85.github.io/Selenium-Python-Example/750//#testresult/1542c25c27f79371","status":"broken","statusDetails":"selenium.common.exceptions.TimeoutException: Message: \nStacktrace:\n#0 0x5560c20b853a <unknown>\n#1 0x5560c1bb3f00 <unknown>\n#2 0x5560c1c03c0c <unknown>\n#3 0x5560c1c03e31 <unknown>\n#4 0x5560c1c49bd4 <unknown>\n#5 0x5560c1c285cd <unknown>\n#6 0x5560c1c46f84 <unknown>\n#7 0x5560c1c28343 <unknown>\n#8 0x5560c1bf578a <unknown>\n#9 0x5560c1bf69de <unknown>\n#10 0x5560c20822cb <unknown>\n#11 0x5560c2086242 <unknown>\n#12 0x5560c206f7ac <unknown>\n#13 0x5560c2086df7 <unknown>\n#14 0x5560c2053b2f <unknown>\n#15 0x5560c20a71a8 <unknown>\n#16 0x5560c20a7370 <unknown>\n#17 0x5560c20b73b6 <unknown>\n#18 0x7fc2ad29caa4 <unknown>\n#19 0x7fc2ad329c3c <unknown>","time":{"start":1755568341528,"stop":1755568341528,"duration":0}},{"uid":"1e9aeedcaf88bee0","reportUrl":"https://nirtal85.github.io/Selenium-Python-Example/749//#testresult/1e9aeedcaf88bee0","status":"broken","statusDetails":"selenium.common.exceptions.TimeoutException: Message: \nStacktrace:\n#0 0x55cba52f453a <unknown>\n#1 0x55cba4deff00 <unknown>\n#2 0x55cba4e3fc0c <unknown>\n#3 0x55cba4e3fe31 <unknown>\n#4 0x55cba4e85bd4 <unknown>\n#5 0x55cba4e645cd <unknown>\n#6 0x55cba4e82f84 <unknown>\n#7 0x55cba4e64343 <unknown>\n#8 0x55cba4e3178a <unknown>\n#9 0x55cba4e329de <unknown>\n#10 0x55cba52be2cb <unknown>\n#11 0x55cba52c2242 <unknown>\n#12 0x55cba52ab7ac <unknown>\n#13 0x55cba52c2df7 <unknown>\n#14 0x55cba528fb2f <unknown>\n#15 0x55cba52e31a8 <unknown>\n#16 0x55cba52e3370 <unknown>\n#17 0x55cba52f33b6 <unknown>\n#18 0x7fa996c9caa4 <unknown>\n#19 0x7fa996d29c3c <unknown>","time":{"start":1755482697583,"stop":1755482697583,"duration":0}},{"uid":"14986d5dea37efd8","reportUrl":"https://nirtal85.github.io/Selenium-Python-Example/748//#testresult/14986d5dea37efd8","status":"broken","statusDetails":"selenium.common.exceptions.TimeoutException: Message: \nStacktrace:\n#0 0x55847c89d53a <unknown>\n#1 0x55847c398f00 <unknown>\n#2 0x55847c3e8c0c <unknown>\n#3 0x55847c3e8e31 <unknown>\n#4 0x55847c42ebd4 <unknown>\n#5 0x55847c40d5cd <unknown>\n#6 0x55847c42bf84 <unknown>\n#7 0x55847c40d343 <unknown>\n#8 0x55847c3da78a <unknown>\n#9 0x55847c3db9de <unknown>\n#10 0x55847c8672cb <unknown>\n#11 0x55847c86b242 <unknown>\n#12 0x55847c8547ac <unknown>\n#13 0x55847c86bdf7 <unknown>\n#14 0x55847c838b2f <unknown>\n#15 0x55847c88c1a8 <unknown>\n#16 0x55847c88c370 <unknown>\n#17 0x55847c89c3b6 <unknown>\n#18 0x7f3df4e9caa4 <unknown>\n#19 0x7f3df4f29c3c <unknown>","time":{"start":1755396283259,"stop":1755396283259,"duration":0}},{"uid":"4f34cd6ff7657eb8","reportUrl":"https://nirtal85.github.io/Selenium-Python-Example/747//#testresult/4f34cd6ff7657eb8","status":"broken","statusDetails":"selenium.common.exceptions.TimeoutException: Message: \nStacktrace:\n#0 0x55597ee5653a <unknown>\n#1 0x55597e951f00 <unknown>\n#2 0x55597e9a1c0c <unknown>\n#3 0x55597e9a1e31 <unknown>\n#4 0x55597e9e7bd4 <unknown>\n#5 0x55597e9c65cd <unknown>\n#6 0x55597e9e4f84 <unknown>\n#7 0x55597e9c6343 <unknown>\n#8 0x55597e99378a <unknown>\n#9 0x55597e9949de <unknown>\n#10 0x55597ee202cb <unknown>\n#11 0x55597ee24242 <unknown>\n#12 0x55597ee0d7ac <unknown>\n#13 0x55597ee24df7 <unknown>\n#14 0x55597edf1b2f <unknown>\n#15 0x55597ee451a8 <unknown>\n#16 0x55597ee45370 <unknown>\n#17 0x55597ee553b6 <unknown>\n#18 0x7f75f009caa4 <unknown>\n#19 0x7f75f0129c3c <unknown>","time":{"start":1755309184855,"stop":1755309184855,"duration":0}},{"uid":"998fe23cf36de360","reportUrl":"https://nirtal85.github.io/Selenium-Python-Example/746//#testresult/998fe23cf36de360","status":"broken","statusDetails":"selenium.common.exceptions.TimeoutException: Message: \nStacktrace:\n#0 0x55d5528c153a <unknown>\n#1 0x55d5523bcf00 <unknown>\n#2 0x55d55240cc0c <unknown>\n#3 0x55d55240ce31 <unknown>\n#4 0x55d552452bd4 <unknown>\n#5 0x55d5524315cd <unknown>\n#6 0x55d55244ff84 <unknown>\n#7 0x55d552431343 <unknown>\n#8 0x55d5523fe78a <unknown>\n#9 0x55d5523ff9de <unknown>\n#10 0x55d55288b2cb <unknown>\n#11 0x55d55288f242 <unknown>\n#12 0x55d5528787ac <unknown>\n#13 0x55d55288fdf7 <unknown>\n#14 0x55d55285cb2f <unknown>\n#15 0x55d5528b01a8 <unknown>\n#16 0x55d5528b0370 <unknown>\n#17 0x55d5528c03b6 <unknown>\n#18 0x7effa189caa4 <unknown>\n#19 0x7effa1929c3c <unknown>","time":{"start":1755223129138,"stop":1755223129138,"duration":0}},{"uid":"ce74a5365872e1ae","reportUrl":"https://nirtal85.github.io/Selenium-Python-Example/745//#testresult/ce74a5365872e1ae","status":"broken","statusDetails":"selenium.common.exceptions.TimeoutException: Message: \nStacktrace:\n#0 0x55e4ec6d753a <unknown>\n#1 0x55e4ec1d2f00 <unknown>\n#2 0x55e4ec222c0c <unknown>\n#3 0x55e4ec222e31 <unknown>\n#4 0x55e4ec268bd4 <unknown>\n#5 0x55e4ec2475cd <unknown>\n#6 0x55e4ec265f84 <unknown>\n#7 0x55e4ec247343 <unknown>\n#8 0x55e4ec21478a <unknown>\n#9 0x55e4ec2159de <unknown>\n#10 0x55e4ec6a12cb <unknown>\n#11 0x55e4ec6a5242 <unknown>\n#12 0x55e4ec68e7ac <unknown>\n#13 0x55e4ec6a5df7 <unknown>\n#14 0x55e4ec672b2f <unknown>\n#15 0x55e4ec6c61a8 <unknown>\n#16 0x55e4ec6c6370 <unknown>\n#17 0x55e4ec6d63b6 <unknown>\n#18 0x7fc2c4a9caa4 <unknown>\n#19 0x7fc2c4b29c3c <unknown>","time":{"start":1755136670314,"stop":1755136670314,"duration":0}},{"uid":"a20a15a262d99ec6","reportUrl":"https://nirtal85.github.io/Selenium-Python-Example/744//#testresult/a20a15a262d99ec6","status":"broken","statusDetails":"selenium.common.exceptions.TimeoutException: Message: \nStacktrace:\n#0 0x55a9957ce53a <unknown>\n#1 0x55a9952c9f00 <unknown>\n#2 0x55a995319c0c <unknown>\n#3 0x55a995319e31 <unknown>\n#4 0x55a99535fbd4 <unknown>\n#5 0x55a99533e5cd <unknown>\n#6 0x55a99535cf84 <unknown>\n#7 0x55a99533e343 <unknown>\n#8 0x55a99530b78a <unknown>\n#9 0x55a99530c9de <unknown>\n#10 0x55a9957982cb <unknown>\n#11 0x55a99579c242 <unknown>\n#12 0x55a9957857ac <unknown>\n#13 0x55a99579cdf7 <unknown>\n#14 0x55a995769b2f <unknown>\n#15 0x55a9957bd1a8 <unknown>\n#16 0x55a9957bd370 <unknown>\n#17 0x55a9957cd3b6 <unknown>\n#18 0x7f0bdac9caa4 <unknown>\n#19 0x7f0bdad29c3c <unknown>","time":{"start":1755050260721,"stop":1755050260721,"duration":0}},{"uid":"3953c16d1a5438df","reportUrl":"https://nirtal85.github.io/Selenium-Python-Example/743//#testresult/3953c16d1a5438df","status":"broken","statusDetails":"selenium.common.exceptions.TimeoutException: Message: \nStacktrace:\n#0 0x562d6117953a <unknown>\n#1 0x562d60c74f00 <unknown>\n#2 0x562d60cc4c0c <unknown>\n#3 0x562d60cc4e31 <unknown>\n#4 0x562d60d0abd4 <unknown>\n#5 0x562d60ce95cd <unknown>\n#6 0x562d60d07f84 <unknown>\n#7 0x562d60ce9343 <unknown>\n#8 0x562d60cb678a <unknown>\n#9 0x562d60cb79de <unknown>\n#10 0x562d611432cb <unknown>\n#11 0x562d61147242 <unknown>\n#12 0x562d611307ac <unknown>\n#13 0x562d61147df7 <unknown>\n#14 0x562d61114b2f <unknown>\n#15 0x562d611681a8 <unknown>\n#16 0x562d61168370 <unknown>\n#17 0x562d611783b6 <unknown>\n#18 0x7f134029caa4 <unknown>\n#19 0x7f1340329c3c <unknown>","time":{"start":1754963736825,"stop":1754963736825,"duration":0}},{"uid":"4e68d6ee33f58c2","reportUrl":"https://nirtal85.github.io/Selenium-Python-Example/742//#testresult/4e68d6ee33f58c2","status":"broken","statusDetails":"selenium.common.exceptions.TimeoutException: Message: \nStacktrace:\n#0 0x5580f203c53a <unknown>\n#1 0x5580f1b37f00 <unknown>\n#2 0x5580f1b87c0c <unknown>\n#3 0x5580f1b87e31 <unknown>\n#4 0x5580f1bcdbd4 <unknown>\n#5 0x5580f1bac5cd <unknown>\n#6 0x5580f1bcaf84 <unknown>\n#7 0x5580f1bac343 <unknown>\n#8 0x5580f1b7978a <unknown>\n#9 0x5580f1b7a9de <unknown>\n#10 0x5580f20062cb <unknown>\n#11 0x5580f200a242 <unknown>\n#12 0x5580f1ff37ac <unknown>\n#13 0x5580f200adf7 <unknown>\n#14 0x5580f1fd7b2f <unknown>\n#15 0x5580f202b1a8 <unknown>\n#16 0x5580f202b370 <unknown>\n#17 0x5580f203b3b6 <unknown>\n#18 0x7fdd70e9caa4 <unknown>\n#19 0x7fdd70f29c3c <unknown>","time":{"start":1754878062250,"stop":1754878062250,"duration":0}},{"uid":"1792dd05f7f05aba","reportUrl":"https://nirtal85.github.io/Selenium-Python-Example/741//#testresult/1792dd05f7f05aba","status":"broken","statusDetails":"selenium.common.exceptions.TimeoutException: Message: \nStacktrace:\n#0 0x55a57b35f53a <unknown>\n#1 0x55a57ae5af00 <unknown>\n#2 0x55a57aeaac0c <unknown>\n#3 0x55a57aeaae31 <unknown>\n#4 0x55a57aef0bd4 <unknown>\n#5 0x55a57aecf5cd <unknown>\n#6 0x55a57aeedf84 <unknown>\n#7 0x55a57aecf343 <unknown>\n#8 0x55a57ae9c78a <unknown>\n#9 0x55a57ae9d9de <unknown>\n#10 0x55a57b3292cb <unknown>\n#11 0x55a57b32d242 <unknown>\n#12 0x55a57b3167ac <unknown>\n#13 0x55a57b32ddf7 <unknown>\n#14 0x55a57b2fab2f <unknown>\n#15 0x55a57b34e1a8 <unknown>\n#16 0x55a57b34e370 <unknown>\n#17 0x55a57b35e3b6 <unknown>\n#18 0x7f2365a9caa4 <unknown>\n#19 0x7f2365b29c3c <unknown>","time":{"start":1754791885869,"stop":1754791885869,"duration":0}}]},"tags":[]},"source":"e229c094d8a241f9.json","parameterValues":[]}