{"uid":"ec149b5ef9e05fef","name":"Create new workspace test","fullName":"tests.workspaces_test.TestWorkspaces#test_create_new_workspace","historyId":"e1f088bc30a040de4100d958931562b3","time":{"start":1757814483676,"stop":1757814483676,"duration":0},"description":"Create new Workspace","descriptionHtml":"<p>Create new Workspace</p>\n","status":"broken","statusMessage":"FileNotFoundError: [Errno 2] No such file or directory: '/home/runner/work/Selenium-Python-Example/Selenium-Python-Example/src/resources/tests_data.json'","statusTrace":"@fixture(scope=\"session\")\n    def data() -> Data:\n        json_path = Constants.DATA_PATH / \"tests_data.json\"\n>       with open(json_path, encoding=\"utf-8\") as json_file:\n             ^^^^^^^^^^^^^^^^^^^^^^^^^^^^^^^^^\nE       FileNotFoundError: [Errno 2] No such file or directory: '/home/runner/work/Selenium-Python-Example/Selenium-Python-Example/src/resources/tests_data.json'\n\ntests/conftest.py:60: FileNotFoundError","flaky":false,"newFailed":false,"newBroken":false,"newPassed":false,"retriesCount":0,"retriesStatusChange":false,"beforeStages":[{"name":"data","time":{"start":1757814497418,"stop":1757814497419,"duration":1},"status":"broken","statusMessage":"FileNotFoundError: [Errno 2] No such file or directory: '/home/runner/work/Selenium-Python-Example/Selenium-Python-Example/src/resources/tests_data.json'\n","statusTrace":"  File \"/home/runner/work/Selenium-Python-Example/Selenium-Python-Example/.venv/lib/python3.13/site-packages/pluggy/_callers.py\", line 167, in _multicall\n    teardown.throw(outcome._exception)\n    ~~~~~~~~~~~~~~^^^^^^^^^^^^^^^^^^^^\n  File \"/home/runner/work/Selenium-Python-Example/Selenium-Python-Example/.venv/lib/python3.13/site-packages/_pytest/setuponly.py\", line 36, in pytest_fixture_setup\n    return (yield)\n            ^^^^^\n  File \"/home/runner/work/Selenium-Python-Example/Selenium-Python-Example/.venv/lib/python3.13/site-packages/pluggy/_callers.py\", line 103, in _multicall\n    res = hook_impl.function(*args)\n  File \"/home/runner/work/Selenium-Python-Example/Selenium-Python-Example/.venv/lib/python3.13/site-packages/_pytest/fixtures.py\", line 1195, in pytest_fixture_setup\n    result = call_fixture_func(fixturefunc, request, kwargs)\n  File \"/home/runner/work/Selenium-Python-Example/Selenium-Python-Example/.venv/lib/python3.13/site-packages/_pytest/fixtures.py\", line 929, in call_fixture_func\n    fixture_result = fixturefunc(**kwargs)\n  File \"/home/runner/work/Selenium-Python-Example/Selenium-Python-Example/tests/conftest.py\", line 60, in data\n    with open(json_path, encoding=\"utf-8\") as json_file:\n         ~~~~^^^^^^^^^^^^^^^^^^^^^^^^^^^^^\n","steps":[],"attachments":[],"parameters":[],"shouldDisplayMessage":true,"stepsCount":0,"attachmentsCount":0,"hasContent":true,"attachmentStep":false},{"name":"_verify_url","time":{"start":1757814497418,"stop":1757814497418,"duration":0},"status":"passed","steps":[],"attachments":[],"parameters":[],"shouldDisplayMessage":false,"stepsCount":0,"attachmentsCount":0,"hasContent":false,"attachmentStep":false},{"name":"session_request","time":{"start":1757814497418,"stop":1757814497418,"duration":0},"status":"passed","steps":[],"attachments":[],"parameters":[],"shouldDisplayMessage":false,"stepsCount":0,"attachmentsCount":0,"hasContent":false,"attachmentStep":false},{"name":"base_url","time":{"start":1757814497418,"stop":1757814497418,"duration":0},"status":"passed","steps":[],"attachments":[],"parameters":[],"shouldDisplayMessage":false,"stepsCount":0,"attachmentsCount":0,"hasContent":false,"attachmentStep":false},{"name":"setup_method_fixture","time":{"start":1757814518841,"stop":1757814529268,"duration":10427},"status":"broken","statusMessage":"selenium.common.exceptions.TimeoutException: Message: \nStacktrace:\n#0 0x55584eb4153a <unknown>\n#1 0x55584e63cf00 <unknown>\n#2 0x55584e68cc0c <unknown>\n#3 0x55584e68ce31 <unknown>\n#4 0x55584e6d2bd4 <unknown>\n#5 0x55584e6b15cd <unknown>\n#6 0x55584e6cff84 <unknown>\n#7 0x55584e6b1343 <unknown>\n#8 0x55584e67e78a <unknown>\n#9 0x55584e67f9de <unknown>\n#10 0x55584eb0b2cb <unknown>\n#11 0x55584eb0f242 <unknown>\n#12 0x55584eaf87ac <unknown>\n#13 0x55584eb0fdf7 <unknown>\n#14 0x55584eadcb2f <unknown>\n#15 0x55584eb301a8 <unknown>\n#16 0x55584eb30370 <unknown>\n#17 0x55584eb403b6 <unknown>\n#18 0x7f9056c9caa4 <unknown>\n#19 0x7f9056d29c3c <unknown>\n\n","statusTrace":"  File \"/home/runner/work/Selenium-Python-Example/Selenium-Python-Example/.venv/lib/python3.13/site-packages/pluggy/_callers.py\", line 167, in _multicall\n    teardown.throw(outcome._exception)\n    ~~~~~~~~~~~~~~^^^^^^^^^^^^^^^^^^^^\n  File \"/home/runner/work/Selenium-Python-Example/Selenium-Python-Example/.venv/lib/python3.13/site-packages/_pytest/setuponly.py\", line 36, in pytest_fixture_setup\n    return (yield)\n            ^^^^^\n  File \"/home/runner/work/Selenium-Python-Example/Selenium-Python-Example/.venv/lib/python3.13/site-packages/pluggy/_callers.py\", line 103, in _multicall\n    res = hook_impl.function(*args)\n  File \"/home/runner/work/Selenium-Python-Example/Selenium-Python-Example/.venv/lib/python3.13/site-packages/_pytest/fixtures.py\", line 1195, in pytest_fixture_setup\n    result = call_fixture_func(fixturefunc, request, kwargs)\n  File \"/home/runner/work/Selenium-Python-Example/Selenium-Python-Example/.venv/lib/python3.13/site-packages/_pytest/fixtures.py\", line 929, in call_fixture_func\n    fixture_result = fixturefunc(**kwargs)\n  File \"/home/runner/work/Selenium-Python-Example/Selenium-Python-Example/tests/workspaces_test.py\", line 25, in setup_method_fixture\n    login(self.about_page, self.login_page)\n    ~~~~~^^^^^^^^^^^^^^^^^^^^^^^^^^^^^^^^^^\n  File \"/home/runner/work/Selenium-Python-Example/Selenium-Python-Example/tests/workspaces_test.py\", line 15, in login\n    about_page.click_login_link()\n    ~~~~~~~~~~~~~~~~~~~~~~~~~~~^^\n  File \"/home/runner/work/Selenium-Python-Example/Selenium-Python-Example/.venv/lib/python3.13/site-packages/allure_commons/_allure.py\", line 202, in impl\n    return func(*a, **kw)\n  File \"/home/runner/work/Selenium-Python-Example/Selenium-Python-Example/src/pages/about_page.py\", line 18, in click_login_link\n    self.click(self.LOGIN_LINK)\n    ~~~~~~~~~~^^^^^^^^^^^^^^^^^\n  File \"/home/runner/work/Selenium-Python-Example/Selenium-Python-Example/src/pages/base_page.py\", line 59, in click\n    el: WebElement = self.wait.until(expected_conditions.element_to_be_clickable(locator))\n                     ~~~~~~~~~~~~~~~^^^^^^^^^^^^^^^^^^^^^^^^^^^^^^^^^^^^^^^^^^^^^^^^^^^^^^\n  File \"/home/runner/work/Selenium-Python-Example/Selenium-Python-Example/.venv/lib/python3.13/site-packages/selenium/webdriver/support/wait.py\", line 138, in until\n    raise TimeoutException(message, screen, stacktrace)\n","steps":[{"name":"Click Login link","time":{"start":1757814518841,"stop":1757814529266,"duration":10425},"status":"broken","statusMessage":"selenium.common.exceptions.TimeoutException: Message: \nStacktrace:\n#0 0x55584eb4153a <unknown>\n#1 0x55584e63cf00 <unknown>\n#2 0x55584e68cc0c <unknown>\n#3 0x55584e68ce31 <unknown>\n#4 0x55584e6d2bd4 <unknown>\n#5 0x55584e6b15cd <unknown>\n#6 0x55584e6cff84 <unknown>\n#7 0x55584e6b1343 <unknown>\n#8 0x55584e67e78a <unknown>\n#9 0x55584e67f9de <unknown>\n#10 0x55584eb0b2cb <unknown>\n#11 0x55584eb0f242 <unknown>\n#12 0x55584eaf87ac <unknown>\n#13 0x55584eb0fdf7 <unknown>\n#14 0x55584eadcb2f <unknown>\n#15 0x55584eb301a8 <unknown>\n#16 0x55584eb30370 <unknown>\n#17 0x55584eb403b6 <unknown>\n#18 0x7f9056c9caa4 <unknown>\n#19 0x7f9056d29c3c <unknown>\n\n","statusTrace":"  File \"/home/runner/work/Selenium-Python-Example/Selenium-Python-Example/.venv/lib/python3.13/site-packages/allure_commons/_allure.py\", line 202, in impl\n    return func(*a, **kw)\n  File \"/home/runner/work/Selenium-Python-Example/Selenium-Python-Example/src/pages/about_page.py\", line 18, in click_login_link\n    self.click(self.LOGIN_LINK)\n    ~~~~~~~~~~^^^^^^^^^^^^^^^^^\n  File \"/home/runner/work/Selenium-Python-Example/Selenium-Python-Example/src/pages/base_page.py\", line 59, in click\n    el: WebElement = self.wait.until(expected_conditions.element_to_be_clickable(locator))\n                     ~~~~~~~~~~~~~~~^^^^^^^^^^^^^^^^^^^^^^^^^^^^^^^^^^^^^^^^^^^^^^^^^^^^^^\n  File \"/home/runner/work/Selenium-Python-Example/Selenium-Python-Example/.venv/lib/python3.13/site-packages/selenium/webdriver/support/wait.py\", line 138, in until\n    raise TimeoutException(message, screen, stacktrace)\n","steps":[],"attachments":[],"parameters":[],"shouldDisplayMessage":true,"stepsCount":0,"attachmentsCount":0,"hasContent":true,"attachmentStep":false}],"attachments":[],"parameters":[],"shouldDisplayMessage":false,"stepsCount":1,"attachmentsCount":0,"hasContent":true,"attachmentStep":false}],"testStage":{"description":"Create new Workspace","status":"broken","statusMessage":"FileNotFoundError: [Errno 2] No such file or directory: '/home/runner/work/Selenium-Python-Example/Selenium-Python-Example/src/resources/tests_data.json'","statusTrace":"@fixture(scope=\"session\")\n    def data() -> Data:\n        json_path = Constants.DATA_PATH / \"tests_data.json\"\n>       with open(json_path, encoding=\"utf-8\") as json_file:\n             ^^^^^^^^^^^^^^^^^^^^^^^^^^^^^^^^^\nE       FileNotFoundError: [Errno 2] No such file or directory: '/home/runner/work/Selenium-Python-Example/Selenium-Python-Example/src/resources/tests_data.json'\n\ntests/conftest.py:60: FileNotFoundError","steps":[{"name":"public ip address","time":{"start":1757814497478,"stop":1757814497748,"duration":270},"status":"passed","steps":[],"attachments":[{"uid":"8ef16cec1fb9db0e","name":"HTTP logs of http://checkip.amazonaws.com/","source":"8ef16cec1fb9db0e.txt","type":"text/plain","size":358}],"parameters":[],"shouldDisplayMessage":false,"stepsCount":0,"attachmentsCount":1,"hasContent":true,"attachmentStep":false}],"attachments":[{"uid":"2167d7c8966cac93","name":"Cookies","source":"2167d7c8966cac93.json","type":"application/json","size":4117},{"uid":"e235f4ef2613b5e1","name":"Session Storage","source":"e235f4ef2613b5e1.json","type":"application/json","size":358},{"uid":"5c3f0875186beb26","name":"Local Storage","source":"5c3f0875186beb26.json","type":"application/json","size":563},{"uid":"cbd7aea4bf6a919d","name":"Full Page Screenshot","source":"cbd7aea4bf6a919d.png","type":"image/png","size":1931128},{"uid":"ad918f892a1cf35a","name":"URL","source":"ad918f892a1cf35a.uri","type":"text/uri-list","size":23},{"uid":"63e754eacfe451b9","name":"Network Logs","source":"63e754eacfe451b9.json","type":"application/json","size":7918404}],"parameters":[],"shouldDisplayMessage":true,"stepsCount":1,"attachmentsCount":7,"hasContent":true,"attachmentStep":false},"afterStages":[{"name":"session_request::0","time":{"start":1757814576255,"stop":1757814576255,"duration":0},"status":"passed","steps":[],"attachments":[],"parameters":[],"shouldDisplayMessage":false,"stepsCount":0,"attachmentsCount":0,"hasContent":false,"attachmentStep":false}],"labels":[{"name":"story","value":"WorkSpaces Creation and Editing Functionality"},{"name":"severity","value":"normal"},{"name":"epic","value":"Workspaces"},{"name":"parentSuite","value":"tests"},{"name":"suite","value":"workspaces_test"},{"name":"subSuite","value":"TestWorkspaces"},{"name":"host","value":"runnervmf4ws1"},{"name":"thread","value":"2160-MainThread"},{"name":"framework","value":"pytest"},{"name":"language","value":"cpython3"},{"name":"package","value":"tests.workspaces_test"},{"name":"resultFormat","value":"allure2"}],"parameters":[],"links":[],"hidden":false,"retry":false,"extra":{"severity":"normal","retries":[],"categories":[{"name":"Test defects","matchedStatuses":[],"flaky":false}],"history":{"statistic":{"failed":0,"broken":13,"skipped":0,"passed":0,"unknown":0,"total":13},"items":[{"uid":"841271ca43640ad0","reportUrl":"https://nirtal85.github.io/Selenium-Python-Example/775//#testresult/841271ca43640ad0","status":"broken","statusDetails":"FileNotFoundError: [Errno 2] No such file or directory: '/home/runner/work/Selenium-Python-Example/Selenium-Python-Example/src/resources/tests_data.json'","time":{"start":1757727346152,"stop":1757727346152,"duration":0}},{"uid":"b5d12341f6a2eb9e","reportUrl":"https://nirtal85.github.io/Selenium-Python-Example/774//#testresult/b5d12341f6a2eb9e","status":"broken","statusDetails":"FileNotFoundError: [Errno 2] No such file or directory: '/home/runner/work/Selenium-Python-Example/Selenium-Python-Example/src/resources/tests_data.json'","time":{"start":1757641226608,"stop":1757641226608,"duration":0}},{"uid":"78c780d60cc89056","reportUrl":"https://nirtal85.github.io/Selenium-Python-Example/773//#testresult/78c780d60cc89056","status":"broken","statusDetails":"FileNotFoundError: [Errno 2] No such file or directory: '/home/runner/work/Selenium-Python-Example/Selenium-Python-Example/src/resources/tests_data.json'","time":{"start":1757555045244,"stop":1757555045244,"duration":0}},{"uid":"dbf59bb8a5f29797","reportUrl":"https://nirtal85.github.io/Selenium-Python-Example/772//#testresult/dbf59bb8a5f29797","status":"broken","statusDetails":"FileNotFoundError: [Errno 2] No such file or directory: '/home/runner/work/Selenium-Python-Example/Selenium-Python-Example/src/resources/tests_data.json'","time":{"start":1757468483957,"stop":1757468483957,"duration":0}},{"uid":"50250d83fc6cfdaa","reportUrl":"https://nirtal85.github.io/Selenium-Python-Example/771//#testresult/50250d83fc6cfdaa","status":"broken","statusDetails":"FileNotFoundError: [Errno 2] No such file or directory: '/home/runner/work/Selenium-Python-Example/Selenium-Python-Example/src/resources/tests_data.json'","time":{"start":1757382318181,"stop":1757382318181,"duration":0}},{"uid":"bfc04580f6b51dc7","reportUrl":"https://nirtal85.github.io/Selenium-Python-Example/770//#testresult/bfc04580f6b51dc7","status":"broken","statusDetails":"FileNotFoundError: [Errno 2] No such file or directory: '/home/runner/work/Selenium-Python-Example/Selenium-Python-Example/src/resources/tests_data.json'","time":{"start":1757296115100,"stop":1757296115100,"duration":0}},{"uid":"4f162b496ef1689","reportUrl":"https://nirtal85.github.io/Selenium-Python-Example/769//#testresult/4f162b496ef1689","status":"broken","statusDetails":"FileNotFoundError: [Errno 2] No such file or directory: '/home/runner/work/Selenium-Python-Example/Selenium-Python-Example/src/resources/tests_data.json'","time":{"start":1757209726220,"stop":1757209726220,"duration":0}},{"uid":"483f060e5134b881","reportUrl":"https://nirtal85.github.io/Selenium-Python-Example/768//#testresult/483f060e5134b881","status":"broken","statusDetails":"FileNotFoundError: [Errno 2] No such file or directory: '/home/runner/work/Selenium-Python-Example/Selenium-Python-Example/src/resources/tests_data.json'","time":{"start":1757122809621,"stop":1757122809621,"duration":0}},{"uid":"7790f220a2065a17","reportUrl":"https://nirtal85.github.io/Selenium-Python-Example/767//#testresult/7790f220a2065a17","status":"broken","statusDetails":"FileNotFoundError: [Errno 2] No such file or directory: '/home/runner/work/Selenium-Python-Example/Selenium-Python-Example/src/resources/tests_data.json'","time":{"start":1757036594083,"stop":1757036594083,"duration":0}},{"uid":"7cb2bbd4b3f24ba7","reportUrl":"https://nirtal85.github.io/Selenium-Python-Example/766//#testresult/7cb2bbd4b3f24ba7","status":"broken","statusDetails":"FileNotFoundError: [Errno 2] No such file or directory: '/home/runner/work/Selenium-Python-Example/Selenium-Python-Example/src/resources/tests_data.json'","time":{"start":1756950066455,"stop":1756950066455,"duration":0}},{"uid":"934483e2311f0747","reportUrl":"https://nirtal85.github.io/Selenium-Python-Example/765//#testresult/934483e2311f0747","status":"broken","statusDetails":"FileNotFoundError: [Errno 2] No such file or directory: '/home/runner/work/Selenium-Python-Example/Selenium-Python-Example/src/resources/tests_data.json'","time":{"start":1756863630556,"stop":1756863630556,"duration":0}},{"uid":"9b736963f309aef8","reportUrl":"https://nirtal85.github.io/Selenium-Python-Example/764//#testresult/9b736963f309aef8","status":"broken","statusDetails":"FileNotFoundError: [Errno 2] No such file or directory: '/home/runner/work/Selenium-Python-Example/Selenium-Python-Example/src/resources/tests_data.json'","time":{"start":1756777666682,"stop":1756777666682,"duration":0}}]},"tags":[]},"source":"ec149b5ef9e05fef.json","parameterValues":[]}