{"uid":"26f85fe6ec089def","name":"Number of projects displayed in page test","fullName":"tests.workspaces_test.TestWorkspaces#test_number_of_existing_projects","historyId":"34e866e263d4a1ed453e065aefe8091d","time":{"start":1761530268992,"stop":1761530268992,"duration":0},"description":"Compare between the actual number of projects seen on page and the number shown in workspaces block","descriptionHtml":"<p>Compare between the actual number of projects seen on page and the number shown in workspaces block</p>\n","status":"broken","statusMessage":"selenium.common.exceptions.TimeoutException: Message: \nStacktrace:\n#0 0x55f4b5f4953a <unknown>\n#1 0x55f4b5a44f00 <unknown>\n#2 0x55f4b5a94c0c <unknown>\n#3 0x55f4b5a94e31 <unknown>\n#4 0x55f4b5adabd4 <unknown>\n#5 0x55f4b5ab95cd <unknown>\n#6 0x55f4b5ad7f84 <unknown>\n#7 0x55f4b5ab9343 <unknown>\n#8 0x55f4b5a8678a <unknown>\n#9 0x55f4b5a879de <unknown>\n#10 0x55f4b5f132cb <unknown>\n#11 0x55f4b5f17242 <unknown>\n#12 0x55f4b5f007ac <unknown>\n#13 0x55f4b5f17df7 <unknown>\n#14 0x55f4b5ee4b2f <unknown>\n#15 0x55f4b5f381a8 <unknown>\n#16 0x55f4b5f38370 <unknown>\n#17 0x55f4b5f483b6 <unknown>\n#18 0x7fe08569caa4 <unknown>\n#19 0x7fe085729c6c <unknown>","statusTrace":"self = <tests.workspaces_test.TestWorkspaces object at 0x7f1511277230>\n\n    @pytest.fixture(autouse=True)\n    def setup_method_fixture(self):\n>       login(self.about_page, self.login_page)\n\ntests/workspaces_test.py:25: \n_ _ _ _ _ _ _ _ _ _ _ _ _ _ _ _ _ _ _ _ _ _ _ _ _ _ _ _ _ _ _ _ _ _ _ _ _ _ _ _ \ntests/workspaces_test.py:15: in login\n    about_page.click_login_link()\nsrc/pages/about_page.py:18: in click_login_link\n    self.click(self.LOGIN_LINK)\nsrc/pages/base_page.py:59: in click\n    el: WebElement = self.wait.until(expected_conditions.element_to_be_clickable(locator))\n                     ^^^^^^^^^^^^^^^^^^^^^^^^^^^^^^^^^^^^^^^^^^^^^^^^^^^^^^^^^^^^^^^^^^^^^\n_ _ _ _ _ _ _ _ _ _ _ _ _ _ _ _ _ _ _ _ _ _ _ _ _ _ _ _ _ _ _ _ _ _ _ _ _ _ _ _ \n\nself = <selenium.webdriver.support.wait.WebDriverWait (session=\"0bf33c77bfea5e14e56ebf712590d52e\")>\nmethod = <function element_to_be_clickable.<locals>._predicate at 0x7f15113b9300>\nmessage = ''\n\n    def until(self, method: Callable[[D], Union[Literal[False], T]], message: str = \"\") -> T:\n        \"\"\"Wait until the method returns a value that is not False.\n    \n        Calls the method provided with the driver as an argument until the\n        return value does not evaluate to ``False``.\n    \n        Parameters:\n        -----------\n        method: callable(WebDriver)\n            - A callable object that takes a WebDriver instance as an argument.\n    \n        message: str\n            - Optional message for :exc:`TimeoutException`\n    \n        Return:\n        -------\n        object: T\n            - The result of the last call to `method`\n    \n        Raises:\n        -------\n        TimeoutException\n            - If 'method' does not return a truthy value within the WebDriverWait\n            object's timeout\n    \n        Example:\n        --------\n        >>> from selenium.webdriver.common.by import By\n        >>> from selenium.webdriver.support.ui import WebDriverWait\n        >>> from selenium.webdriver.support import expected_conditions as EC\n    \n        # Wait until an element is visible on the page\n        >>> wait = WebDriverWait(driver, 10)\n        >>> element = wait.until(EC.visibility_of_element_located((By.ID, \"exampleId\")))\n        >>> print(element.text)\n        \"\"\"\n        screen = None\n        stacktrace = None\n    \n        end_time = time.monotonic() + self._timeout\n        while True:\n            try:\n                value = method(self._driver)\n                if value:\n                    return value\n            except self._ignored_exceptions as exc:\n                screen = getattr(exc, \"screen\", None)\n                stacktrace = getattr(exc, \"stacktrace\", None)\n            if time.monotonic() > end_time:\n                break\n            time.sleep(self._poll)\n>       raise TimeoutException(message, screen, stacktrace)\nE       selenium.common.exceptions.TimeoutException: Message: \nE       Stacktrace:\nE       #0 0x55f4b5f4953a <unknown>\nE       #1 0x55f4b5a44f00 <unknown>\nE       #2 0x55f4b5a94c0c <unknown>\nE       #3 0x55f4b5a94e31 <unknown>\nE       #4 0x55f4b5adabd4 <unknown>\nE       #5 0x55f4b5ab95cd <unknown>\nE       #6 0x55f4b5ad7f84 <unknown>\nE       #7 0x55f4b5ab9343 <unknown>\nE       #8 0x55f4b5a8678a <unknown>\nE       #9 0x55f4b5a879de <unknown>\nE       #10 0x55f4b5f132cb <unknown>\nE       #11 0x55f4b5f17242 <unknown>\nE       #12 0x55f4b5f007ac <unknown>\nE       #13 0x55f4b5f17df7 <unknown>\nE       #14 0x55f4b5ee4b2f <unknown>\nE       #15 0x55f4b5f381a8 <unknown>\nE       #16 0x55f4b5f38370 <unknown>\nE       #17 0x55f4b5f483b6 <unknown>\nE       #18 0x7fe08569caa4 <unknown>\nE       #19 0x7fe085729c6c <unknown>\n\n.venv/lib/python3.13/site-packages/selenium/webdriver/support/wait.py:138: TimeoutException","flaky":false,"newFailed":false,"newBroken":false,"newPassed":false,"retriesCount":0,"retriesStatusChange":false,"beforeStages":[{"name":"_verify_url","time":{"start":1761530232649,"stop":1761530232649,"duration":0},"status":"passed","steps":[],"attachments":[],"parameters":[],"shouldDisplayMessage":false,"stepsCount":0,"attachmentsCount":0,"hasContent":false,"attachmentStep":false},{"name":"session_request","time":{"start":1761530232649,"stop":1761530232650,"duration":1},"status":"passed","steps":[],"attachments":[],"parameters":[],"shouldDisplayMessage":false,"stepsCount":0,"attachmentsCount":0,"hasContent":false,"attachmentStep":false},{"name":"base_url","time":{"start":1761530232649,"stop":1761530232649,"duration":0},"status":"passed","steps":[],"attachments":[],"parameters":[],"shouldDisplayMessage":false,"stepsCount":0,"attachmentsCount":0,"hasContent":false,"attachmentStep":false},{"name":"setup_method_fixture","time":{"start":1761530272001,"stop":1761530282263,"duration":10262},"status":"broken","statusMessage":"selenium.common.exceptions.TimeoutException: Message: \nStacktrace:\n#0 0x55f4b5f4953a <unknown>\n#1 0x55f4b5a44f00 <unknown>\n#2 0x55f4b5a94c0c <unknown>\n#3 0x55f4b5a94e31 <unknown>\n#4 0x55f4b5adabd4 <unknown>\n#5 0x55f4b5ab95cd <unknown>\n#6 0x55f4b5ad7f84 <unknown>\n#7 0x55f4b5ab9343 <unknown>\n#8 0x55f4b5a8678a <unknown>\n#9 0x55f4b5a879de <unknown>\n#10 0x55f4b5f132cb <unknown>\n#11 0x55f4b5f17242 <unknown>\n#12 0x55f4b5f007ac <unknown>\n#13 0x55f4b5f17df7 <unknown>\n#14 0x55f4b5ee4b2f <unknown>\n#15 0x55f4b5f381a8 <unknown>\n#16 0x55f4b5f38370 <unknown>\n#17 0x55f4b5f483b6 <unknown>\n#18 0x7fe08569caa4 <unknown>\n#19 0x7fe085729c6c <unknown>\n\n","statusTrace":"  File \"/home/runner/work/Selenium-Python-Example/Selenium-Python-Example/.venv/lib/python3.13/site-packages/pluggy/_callers.py\", line 167, in _multicall\n    teardown.throw(outcome._exception)\n    ~~~~~~~~~~~~~~^^^^^^^^^^^^^^^^^^^^\n  File \"/home/runner/work/Selenium-Python-Example/Selenium-Python-Example/.venv/lib/python3.13/site-packages/_pytest/setuponly.py\", line 36, in pytest_fixture_setup\n    return (yield)\n            ^^^^^\n  File \"/home/runner/work/Selenium-Python-Example/Selenium-Python-Example/.venv/lib/python3.13/site-packages/pluggy/_callers.py\", line 103, in _multicall\n    res = hook_impl.function(*args)\n  File \"/home/runner/work/Selenium-Python-Example/Selenium-Python-Example/.venv/lib/python3.13/site-packages/_pytest/fixtures.py\", line 1196, in pytest_fixture_setup\n    result = call_fixture_func(fixturefunc, request, kwargs)\n  File \"/home/runner/work/Selenium-Python-Example/Selenium-Python-Example/.venv/lib/python3.13/site-packages/_pytest/fixtures.py\", line 930, in call_fixture_func\n    fixture_result = fixturefunc(**kwargs)\n  File \"/home/runner/work/Selenium-Python-Example/Selenium-Python-Example/tests/workspaces_test.py\", line 25, in setup_method_fixture\n    login(self.about_page, self.login_page)\n    ~~~~~^^^^^^^^^^^^^^^^^^^^^^^^^^^^^^^^^^\n  File \"/home/runner/work/Selenium-Python-Example/Selenium-Python-Example/tests/workspaces_test.py\", line 15, in login\n    about_page.click_login_link()\n    ~~~~~~~~~~~~~~~~~~~~~~~~~~~^^\n  File \"/home/runner/work/Selenium-Python-Example/Selenium-Python-Example/.venv/lib/python3.13/site-packages/allure_commons/_allure.py\", line 202, in impl\n    return func(*a, **kw)\n  File \"/home/runner/work/Selenium-Python-Example/Selenium-Python-Example/src/pages/about_page.py\", line 18, in click_login_link\n    self.click(self.LOGIN_LINK)\n    ~~~~~~~~~~^^^^^^^^^^^^^^^^^\n  File \"/home/runner/work/Selenium-Python-Example/Selenium-Python-Example/src/pages/base_page.py\", line 59, in click\n    el: WebElement = self.wait.until(expected_conditions.element_to_be_clickable(locator))\n                     ~~~~~~~~~~~~~~~^^^^^^^^^^^^^^^^^^^^^^^^^^^^^^^^^^^^^^^^^^^^^^^^^^^^^^\n  File \"/home/runner/work/Selenium-Python-Example/Selenium-Python-Example/.venv/lib/python3.13/site-packages/selenium/webdriver/support/wait.py\", line 138, in until\n    raise TimeoutException(message, screen, stacktrace)\n","steps":[{"name":"Click Login link","time":{"start":1761530272002,"stop":1761530282262,"duration":10260},"status":"broken","statusMessage":"selenium.common.exceptions.TimeoutException: Message: \nStacktrace:\n#0 0x55f4b5f4953a <unknown>\n#1 0x55f4b5a44f00 <unknown>\n#2 0x55f4b5a94c0c <unknown>\n#3 0x55f4b5a94e31 <unknown>\n#4 0x55f4b5adabd4 <unknown>\n#5 0x55f4b5ab95cd <unknown>\n#6 0x55f4b5ad7f84 <unknown>\n#7 0x55f4b5ab9343 <unknown>\n#8 0x55f4b5a8678a <unknown>\n#9 0x55f4b5a879de <unknown>\n#10 0x55f4b5f132cb <unknown>\n#11 0x55f4b5f17242 <unknown>\n#12 0x55f4b5f007ac <unknown>\n#13 0x55f4b5f17df7 <unknown>\n#14 0x55f4b5ee4b2f <unknown>\n#15 0x55f4b5f381a8 <unknown>\n#16 0x55f4b5f38370 <unknown>\n#17 0x55f4b5f483b6 <unknown>\n#18 0x7fe08569caa4 <unknown>\n#19 0x7fe085729c6c <unknown>\n\n","statusTrace":"  File \"/home/runner/work/Selenium-Python-Example/Selenium-Python-Example/.venv/lib/python3.13/site-packages/allure_commons/_allure.py\", line 202, in impl\n    return func(*a, **kw)\n  File \"/home/runner/work/Selenium-Python-Example/Selenium-Python-Example/src/pages/about_page.py\", line 18, in click_login_link\n    self.click(self.LOGIN_LINK)\n    ~~~~~~~~~~^^^^^^^^^^^^^^^^^\n  File \"/home/runner/work/Selenium-Python-Example/Selenium-Python-Example/src/pages/base_page.py\", line 59, in click\n    el: WebElement = self.wait.until(expected_conditions.element_to_be_clickable(locator))\n                     ~~~~~~~~~~~~~~~^^^^^^^^^^^^^^^^^^^^^^^^^^^^^^^^^^^^^^^^^^^^^^^^^^^^^^\n  File \"/home/runner/work/Selenium-Python-Example/Selenium-Python-Example/.venv/lib/python3.13/site-packages/selenium/webdriver/support/wait.py\", line 138, in until\n    raise TimeoutException(message, screen, stacktrace)\n","steps":[],"attachments":[],"parameters":[],"shouldDisplayMessage":true,"stepsCount":0,"attachmentsCount":0,"hasContent":true,"attachmentStep":false}],"attachments":[],"parameters":[],"shouldDisplayMessage":false,"stepsCount":1,"attachmentsCount":0,"hasContent":true,"attachmentStep":false}],"testStage":{"description":"Compare between the actual number of projects seen on page and the number shown in workspaces block","status":"broken","statusMessage":"selenium.common.exceptions.TimeoutException: Message: \nStacktrace:\n#0 0x55f4b5f4953a <unknown>\n#1 0x55f4b5a44f00 <unknown>\n#2 0x55f4b5a94c0c <unknown>\n#3 0x55f4b5a94e31 <unknown>\n#4 0x55f4b5adabd4 <unknown>\n#5 0x55f4b5ab95cd <unknown>\n#6 0x55f4b5ad7f84 <unknown>\n#7 0x55f4b5ab9343 <unknown>\n#8 0x55f4b5a8678a <unknown>\n#9 0x55f4b5a879de <unknown>\n#10 0x55f4b5f132cb <unknown>\n#11 0x55f4b5f17242 <unknown>\n#12 0x55f4b5f007ac <unknown>\n#13 0x55f4b5f17df7 <unknown>\n#14 0x55f4b5ee4b2f <unknown>\n#15 0x55f4b5f381a8 <unknown>\n#16 0x55f4b5f38370 <unknown>\n#17 0x55f4b5f483b6 <unknown>\n#18 0x7fe08569caa4 <unknown>\n#19 0x7fe085729c6c <unknown>","statusTrace":"self = <tests.workspaces_test.TestWorkspaces object at 0x7f1511277230>\n\n    @pytest.fixture(autouse=True)\n    def setup_method_fixture(self):\n>       login(self.about_page, self.login_page)\n\ntests/workspaces_test.py:25: \n_ _ _ _ _ _ _ _ _ _ _ _ _ _ _ _ _ _ _ _ _ _ _ _ _ _ _ _ _ _ _ _ _ _ _ _ _ _ _ _ \ntests/workspaces_test.py:15: in login\n    about_page.click_login_link()\nsrc/pages/about_page.py:18: in click_login_link\n    self.click(self.LOGIN_LINK)\nsrc/pages/base_page.py:59: in click\n    el: WebElement = self.wait.until(expected_conditions.element_to_be_clickable(locator))\n                     ^^^^^^^^^^^^^^^^^^^^^^^^^^^^^^^^^^^^^^^^^^^^^^^^^^^^^^^^^^^^^^^^^^^^^\n_ _ _ _ _ _ _ _ _ _ _ _ _ _ _ _ _ _ _ _ _ _ _ _ _ _ _ _ _ _ _ _ _ _ _ _ _ _ _ _ \n\nself = <selenium.webdriver.support.wait.WebDriverWait (session=\"0bf33c77bfea5e14e56ebf712590d52e\")>\nmethod = <function element_to_be_clickable.<locals>._predicate at 0x7f15113b9300>\nmessage = ''\n\n    def until(self, method: Callable[[D], Union[Literal[False], T]], message: str = \"\") -> T:\n        \"\"\"Wait until the method returns a value that is not False.\n    \n        Calls the method provided with the driver as an argument until the\n        return value does not evaluate to ``False``.\n    \n        Parameters:\n        -----------\n        method: callable(WebDriver)\n            - A callable object that takes a WebDriver instance as an argument.\n    \n        message: str\n            - Optional message for :exc:`TimeoutException`\n    \n        Return:\n        -------\n        object: T\n            - The result of the last call to `method`\n    \n        Raises:\n        -------\n        TimeoutException\n            - If 'method' does not return a truthy value within the WebDriverWait\n            object's timeout\n    \n        Example:\n        --------\n        >>> from selenium.webdriver.common.by import By\n        >>> from selenium.webdriver.support.ui import WebDriverWait\n        >>> from selenium.webdriver.support import expected_conditions as EC\n    \n        # Wait until an element is visible on the page\n        >>> wait = WebDriverWait(driver, 10)\n        >>> element = wait.until(EC.visibility_of_element_located((By.ID, \"exampleId\")))\n        >>> print(element.text)\n        \"\"\"\n        screen = None\n        stacktrace = None\n    \n        end_time = time.monotonic() + self._timeout\n        while True:\n            try:\n                value = method(self._driver)\n                if value:\n                    return value\n            except self._ignored_exceptions as exc:\n                screen = getattr(exc, \"screen\", None)\n                stacktrace = getattr(exc, \"stacktrace\", None)\n            if time.monotonic() > end_time:\n                break\n            time.sleep(self._poll)\n>       raise TimeoutException(message, screen, stacktrace)\nE       selenium.common.exceptions.TimeoutException: Message: \nE       Stacktrace:\nE       #0 0x55f4b5f4953a <unknown>\nE       #1 0x55f4b5a44f00 <unknown>\nE       #2 0x55f4b5a94c0c <unknown>\nE       #3 0x55f4b5a94e31 <unknown>\nE       #4 0x55f4b5adabd4 <unknown>\nE       #5 0x55f4b5ab95cd <unknown>\nE       #6 0x55f4b5ad7f84 <unknown>\nE       #7 0x55f4b5ab9343 <unknown>\nE       #8 0x55f4b5a8678a <unknown>\nE       #9 0x55f4b5a879de <unknown>\nE       #10 0x55f4b5f132cb <unknown>\nE       #11 0x55f4b5f17242 <unknown>\nE       #12 0x55f4b5f007ac <unknown>\nE       #13 0x55f4b5f17df7 <unknown>\nE       #14 0x55f4b5ee4b2f <unknown>\nE       #15 0x55f4b5f381a8 <unknown>\nE       #16 0x55f4b5f38370 <unknown>\nE       #17 0x55f4b5f483b6 <unknown>\nE       #18 0x7fe08569caa4 <unknown>\nE       #19 0x7fe085729c6c <unknown>\n\n.venv/lib/python3.13/site-packages/selenium/webdriver/support/wait.py:138: TimeoutException","steps":[{"name":"public ip address","time":{"start":1761530282280,"stop":1761530282420,"duration":140},"status":"passed","steps":[],"attachments":[{"uid":"f1d8b0839b47a06f","name":"HTTP logs of http://checkip.amazonaws.com/","source":"f1d8b0839b47a06f.txt","type":"text/plain","size":358}],"parameters":[],"shouldDisplayMessage":false,"stepsCount":0,"attachmentsCount":1,"hasContent":true,"attachmentStep":false}],"attachments":[{"uid":"2a0323373422de05","name":"Cookies","source":"2a0323373422de05.json","type":"application/json","size":4640},{"uid":"2172cd693e66b3d2","name":"Session Storage","source":"2172cd693e66b3d2.json","type":"application/json","size":383},{"uid":"fb622ab241548822","name":"Local Storage","source":"fb622ab241548822.json","type":"application/json","size":563},{"uid":"2ad6262f67c05d8a","name":"Full Page Screenshot","source":"2ad6262f67c05d8a.png","type":"image/png","size":2108163},{"uid":"da7e78241166f049","name":"URL","source":"da7e78241166f049.uri","type":"text/uri-list","size":23},{"uid":"959a21dfc41f30ba","name":"Network Logs","source":"959a21dfc41f30ba.json","type":"application/json","size":8907139}],"parameters":[],"shouldDisplayMessage":true,"stepsCount":1,"attachmentsCount":7,"hasContent":true,"attachmentStep":false},"afterStages":[{"name":"session_request::0","time":{"start":1761530311834,"stop":1761530311834,"duration":0},"status":"passed","steps":[],"attachments":[],"parameters":[],"shouldDisplayMessage":false,"stepsCount":0,"attachmentsCount":0,"hasContent":false,"attachmentStep":false}],"labels":[{"name":"story","value":"WorkSpaces Creation and Editing Functionality"},{"name":"epic","value":"Workspaces"},{"name":"severity","value":"normal"},{"name":"parentSuite","value":"tests"},{"name":"suite","value":"workspaces_test"},{"name":"subSuite","value":"TestWorkspaces"},{"name":"host","value":"runnervmwhb2z"},{"name":"thread","value":"2190-MainThread"},{"name":"framework","value":"pytest"},{"name":"language","value":"cpython3"},{"name":"package","value":"tests.workspaces_test"},{"name":"resultFormat","value":"allure2"}],"parameters":[],"links":[],"hidden":false,"retry":false,"extra":{"severity":"normal","retries":[],"categories":[{"name":"Test defects","matchedStatuses":[],"flaky":false}],"history":{"statistic":{"failed":0,"broken":26,"skipped":0,"passed":0,"unknown":0,"total":26},"items":[{"uid":"2629bc83677af47","reportUrl":"https://nirtal85.github.io/Selenium-Python-Example/818//#testresult/2629bc83677af47","status":"broken","statusDetails":"selenium.common.exceptions.TimeoutException: Message: \nStacktrace:\n#0 0x5584f293553a <unknown>\n#1 0x5584f2430f00 <unknown>\n#2 0x5584f2480c0c <unknown>\n#3 0x5584f2480e31 <unknown>\n#4 0x5584f24c6bd4 <unknown>\n#5 0x5584f24a55cd <unknown>\n#6 0x5584f24c3f84 <unknown>\n#7 0x5584f24a5343 <unknown>\n#8 0x5584f247278a <unknown>\n#9 0x5584f24739de <unknown>\n#10 0x5584f28ff2cb <unknown>\n#11 0x5584f2903242 <unknown>\n#12 0x5584f28ec7ac <unknown>\n#13 0x5584f2903df7 <unknown>\n#14 0x5584f28d0b2f <unknown>\n#15 0x5584f29241a8 <unknown>\n#16 0x5584f2924370 <unknown>\n#17 0x5584f29343b6 <unknown>\n#18 0x7ff6e1a9caa4 <unknown>\n#19 0x7ff6e1b29c6c <unknown>","time":{"start":1761443632941,"stop":1761443632941,"duration":0}},{"uid":"4c4b430a00be9a40","reportUrl":"https://nirtal85.github.io/Selenium-Python-Example/817//#testresult/4c4b430a00be9a40","status":"broken","statusDetails":"selenium.common.exceptions.TimeoutException: Message: \nStacktrace:\n#0 0x56530a0ba53a <unknown>\n#1 0x565309bb5f00 <unknown>\n#2 0x565309c05c0c <unknown>\n#3 0x565309c05e31 <unknown>\n#4 0x565309c4bbd4 <unknown>\n#5 0x565309c2a5cd <unknown>\n#6 0x565309c48f84 <unknown>\n#7 0x565309c2a343 <unknown>\n#8 0x565309bf778a <unknown>\n#9 0x565309bf89de <unknown>\n#10 0x56530a0842cb <unknown>\n#11 0x56530a088242 <unknown>\n#12 0x56530a0717ac <unknown>\n#13 0x56530a088df7 <unknown>\n#14 0x56530a055b2f <unknown>\n#15 0x56530a0a91a8 <unknown>\n#16 0x56530a0a9370 <unknown>\n#17 0x56530a0b93b6 <unknown>\n#18 0x7ff80929caa4 <unknown>\n#19 0x7ff809329c6c <unknown>","time":{"start":1761356703364,"stop":1761356703364,"duration":0}},{"uid":"d67387f20db24c1c","reportUrl":"https://nirtal85.github.io/Selenium-Python-Example/816//#testresult/d67387f20db24c1c","status":"broken","statusDetails":"selenium.common.exceptions.TimeoutException: Message: \nStacktrace:\n#0 0x558bf5ce153a <unknown>\n#1 0x558bf57dcf00 <unknown>\n#2 0x558bf582cc0c <unknown>\n#3 0x558bf582ce31 <unknown>\n#4 0x558bf5872bd4 <unknown>\n#5 0x558bf58515cd <unknown>\n#6 0x558bf586ff84 <unknown>\n#7 0x558bf5851343 <unknown>\n#8 0x558bf581e78a <unknown>\n#9 0x558bf581f9de <unknown>\n#10 0x558bf5cab2cb <unknown>\n#11 0x558bf5caf242 <unknown>\n#12 0x558bf5c987ac <unknown>\n#13 0x558bf5cafdf7 <unknown>\n#14 0x558bf5c7cb2f <unknown>\n#15 0x558bf5cd01a8 <unknown>\n#16 0x558bf5cd0370 <unknown>\n#17 0x558bf5ce03b6 <unknown>\n#18 0x7fbb4c29caa4 <unknown>\n#19 0x7fbb4c329c6c <unknown>","time":{"start":1761270205466,"stop":1761270205466,"duration":0}},{"uid":"cec63d81209f7aec","reportUrl":"https://nirtal85.github.io/Selenium-Python-Example/815//#testresult/cec63d81209f7aec","status":"broken","statusDetails":"selenium.common.exceptions.TimeoutException: Message: \nStacktrace:\n#0 0x56487a17453a <unknown>\n#1 0x564879c6ff00 <unknown>\n#2 0x564879cbfc0c <unknown>\n#3 0x564879cbfe31 <unknown>\n#4 0x564879d05bd4 <unknown>\n#5 0x564879ce45cd <unknown>\n#6 0x564879d02f84 <unknown>\n#7 0x564879ce4343 <unknown>\n#8 0x564879cb178a <unknown>\n#9 0x564879cb29de <unknown>\n#10 0x56487a13e2cb <unknown>\n#11 0x56487a142242 <unknown>\n#12 0x56487a12b7ac <unknown>\n#13 0x56487a142df7 <unknown>\n#14 0x56487a10fb2f <unknown>\n#15 0x56487a1631a8 <unknown>\n#16 0x56487a163370 <unknown>\n#17 0x56487a1733b6 <unknown>\n#18 0x7f924249caa4 <unknown>\n#19 0x7f9242529c6c <unknown>","time":{"start":1761184045931,"stop":1761184045931,"duration":0}},{"uid":"65042eda046b3e07","reportUrl":"https://nirtal85.github.io/Selenium-Python-Example/814//#testresult/65042eda046b3e07","status":"broken","statusDetails":"selenium.common.exceptions.TimeoutException: Message: \nStacktrace:\n#0 0x560301cab53a <unknown>\n#1 0x5603017a6f00 <unknown>\n#2 0x5603017f6c0c <unknown>\n#3 0x5603017f6e31 <unknown>\n#4 0x56030183cbd4 <unknown>\n#5 0x56030181b5cd <unknown>\n#6 0x560301839f84 <unknown>\n#7 0x56030181b343 <unknown>\n#8 0x5603017e878a <unknown>\n#9 0x5603017e99de <unknown>\n#10 0x560301c752cb <unknown>\n#11 0x560301c79242 <unknown>\n#12 0x560301c627ac <unknown>\n#13 0x560301c79df7 <unknown>\n#14 0x560301c46b2f <unknown>\n#15 0x560301c9a1a8 <unknown>\n#16 0x560301c9a370 <unknown>\n#17 0x560301caa3b6 <unknown>\n#18 0x7f730889caa4 <unknown>\n#19 0x7f7308929c6c <unknown>","time":{"start":1761097920509,"stop":1761097920509,"duration":0}},{"uid":"580a2d9ee7912876","reportUrl":"https://nirtal85.github.io/Selenium-Python-Example/813//#testresult/580a2d9ee7912876","status":"broken","statusDetails":"selenium.common.exceptions.TimeoutException: Message: \nStacktrace:\n#0 0x5621888f453a <unknown>\n#1 0x5621883eff00 <unknown>\n#2 0x56218843fc0c <unknown>\n#3 0x56218843fe31 <unknown>\n#4 0x562188485bd4 <unknown>\n#5 0x5621884645cd <unknown>\n#6 0x562188482f84 <unknown>\n#7 0x562188464343 <unknown>\n#8 0x56218843178a <unknown>\n#9 0x5621884329de <unknown>\n#10 0x5621888be2cb <unknown>\n#11 0x5621888c2242 <unknown>\n#12 0x5621888ab7ac <unknown>\n#13 0x5621888c2df7 <unknown>\n#14 0x56218888fb2f <unknown>\n#15 0x5621888e31a8 <unknown>\n#16 0x5621888e3370 <unknown>\n#17 0x5621888f33b6 <unknown>\n#18 0x7f8343c9caa4 <unknown>\n#19 0x7f8343d29c6c <unknown>","time":{"start":1761011318950,"stop":1761011318950,"duration":0}},{"uid":"4a0b1ea91e2229b1","reportUrl":"https://nirtal85.github.io/Selenium-Python-Example/812//#testresult/4a0b1ea91e2229b1","status":"broken","statusDetails":"selenium.common.exceptions.TimeoutException: Message: \nStacktrace:\n#0 0x56203d65f53a <unknown>\n#1 0x56203d15af00 <unknown>\n#2 0x56203d1aac0c <unknown>\n#3 0x56203d1aae31 <unknown>\n#4 0x56203d1f0bd4 <unknown>\n#5 0x56203d1cf5cd <unknown>\n#6 0x56203d1edf84 <unknown>\n#7 0x56203d1cf343 <unknown>\n#8 0x56203d19c78a <unknown>\n#9 0x56203d19d9de <unknown>\n#10 0x56203d6292cb <unknown>\n#11 0x56203d62d242 <unknown>\n#12 0x56203d6167ac <unknown>\n#13 0x56203d62ddf7 <unknown>\n#14 0x56203d5fab2f <unknown>\n#15 0x56203d64e1a8 <unknown>\n#16 0x56203d64e370 <unknown>\n#17 0x56203d65e3b6 <unknown>\n#18 0x7f61a249caa4 <unknown>\n#19 0x7f61a2529c6c <unknown>","time":{"start":1760925279774,"stop":1760925279774,"duration":0}},{"uid":"60dbc297486822c1","reportUrl":"https://nirtal85.github.io/Selenium-Python-Example/811//#testresult/60dbc297486822c1","status":"broken","statusDetails":"selenium.common.exceptions.TimeoutException: Message: \nStacktrace:\n#0 0x55aa3e8e653a <unknown>\n#1 0x55aa3e3e1f00 <unknown>\n#2 0x55aa3e431c0c <unknown>\n#3 0x55aa3e431e31 <unknown>\n#4 0x55aa3e477bd4 <unknown>\n#5 0x55aa3e4565cd <unknown>\n#6 0x55aa3e474f84 <unknown>\n#7 0x55aa3e456343 <unknown>\n#8 0x55aa3e42378a <unknown>\n#9 0x55aa3e4249de <unknown>\n#10 0x55aa3e8b02cb <unknown>\n#11 0x55aa3e8b4242 <unknown>\n#12 0x55aa3e89d7ac <unknown>\n#13 0x55aa3e8b4df7 <unknown>\n#14 0x55aa3e881b2f <unknown>\n#15 0x55aa3e8d51a8 <unknown>\n#16 0x55aa3e8d5370 <unknown>\n#17 0x55aa3e8e53b6 <unknown>\n#18 0x7fce37a9caa4 <unknown>\n#19 0x7fce37b29c6c <unknown>","time":{"start":1760839035558,"stop":1760839035558,"duration":0}},{"uid":"e23491042bb76722","reportUrl":"https://nirtal85.github.io/Selenium-Python-Example/810//#testresult/e23491042bb76722","status":"broken","statusDetails":"selenium.common.exceptions.TimeoutException: Message: \nStacktrace:\n#0 0x55fb6ac7653a <unknown>\n#1 0x55fb6a771f00 <unknown>\n#2 0x55fb6a7c1c0c <unknown>\n#3 0x55fb6a7c1e31 <unknown>\n#4 0x55fb6a807bd4 <unknown>\n#5 0x55fb6a7e65cd <unknown>\n#6 0x55fb6a804f84 <unknown>\n#7 0x55fb6a7e6343 <unknown>\n#8 0x55fb6a7b378a <unknown>\n#9 0x55fb6a7b49de <unknown>\n#10 0x55fb6ac402cb <unknown>\n#11 0x55fb6ac44242 <unknown>\n#12 0x55fb6ac2d7ac <unknown>\n#13 0x55fb6ac44df7 <unknown>\n#14 0x55fb6ac11b2f <unknown>\n#15 0x55fb6ac651a8 <unknown>\n#16 0x55fb6ac65370 <unknown>\n#17 0x55fb6ac753b6 <unknown>\n#18 0x7fe89489caa4 <unknown>\n#19 0x7fe894929c6c <unknown>","time":{"start":1760751642303,"stop":1760751642303,"duration":0}},{"uid":"974b0657e9a0bc36","reportUrl":"https://nirtal85.github.io/Selenium-Python-Example/809//#testresult/974b0657e9a0bc36","status":"broken","statusDetails":"selenium.common.exceptions.TimeoutException: Message: \nStacktrace:\n#0 0x5610f05df53a <unknown>\n#1 0x5610f00daf00 <unknown>\n#2 0x5610f012ac0c <unknown>\n#3 0x5610f012ae31 <unknown>\n#4 0x5610f0170bd4 <unknown>\n#5 0x5610f014f5cd <unknown>\n#6 0x5610f016df84 <unknown>\n#7 0x5610f014f343 <unknown>\n#8 0x5610f011c78a <unknown>\n#9 0x5610f011d9de <unknown>\n#10 0x5610f05a92cb <unknown>\n#11 0x5610f05ad242 <unknown>\n#12 0x5610f05967ac <unknown>\n#13 0x5610f05addf7 <unknown>\n#14 0x5610f057ab2f <unknown>\n#15 0x5610f05ce1a8 <unknown>\n#16 0x5610f05ce370 <unknown>\n#17 0x5610f05de3b6 <unknown>\n#18 0x7f79c5e9caa4 <unknown>\n#19 0x7f79c5f29c6c <unknown>","time":{"start":1760665533324,"stop":1760665533324,"duration":0}},{"uid":"6557b60d4d12a91c","reportUrl":"https://nirtal85.github.io/Selenium-Python-Example/808//#testresult/6557b60d4d12a91c","status":"broken","statusDetails":"selenium.common.exceptions.TimeoutException: Message: \nStacktrace:\n#0 0x56243dc4053a <unknown>\n#1 0x56243d73bf00 <unknown>\n#2 0x56243d78bc0c <unknown>\n#3 0x56243d78be31 <unknown>\n#4 0x56243d7d1bd4 <unknown>\n#5 0x56243d7b05cd <unknown>\n#6 0x56243d7cef84 <unknown>\n#7 0x56243d7b0343 <unknown>\n#8 0x56243d77d78a <unknown>\n#9 0x56243d77e9de <unknown>\n#10 0x56243dc0a2cb <unknown>\n#11 0x56243dc0e242 <unknown>\n#12 0x56243dbf77ac <unknown>\n#13 0x56243dc0edf7 <unknown>\n#14 0x56243dbdbb2f <unknown>\n#15 0x56243dc2f1a8 <unknown>\n#16 0x56243dc2f370 <unknown>\n#17 0x56243dc3f3b6 <unknown>\n#18 0x7f6ae949caa4 <unknown>\n#19 0x7f6ae9529c6c <unknown>","time":{"start":1760579206136,"stop":1760579206136,"duration":0}},{"uid":"2f651c8749b80727","reportUrl":"https://nirtal85.github.io/Selenium-Python-Example/807//#testresult/2f651c8749b80727","status":"broken","statusDetails":"selenium.common.exceptions.TimeoutException: Message: \nStacktrace:\n#0 0x564468ca253a <unknown>\n#1 0x56446879df00 <unknown>\n#2 0x5644687edc0c <unknown>\n#3 0x5644687ede31 <unknown>\n#4 0x564468833bd4 <unknown>\n#5 0x5644688125cd <unknown>\n#6 0x564468830f84 <unknown>\n#7 0x564468812343 <unknown>\n#8 0x5644687df78a <unknown>\n#9 0x5644687e09de <unknown>\n#10 0x564468c6c2cb <unknown>\n#11 0x564468c70242 <unknown>\n#12 0x564468c597ac <unknown>\n#13 0x564468c70df7 <unknown>\n#14 0x564468c3db2f <unknown>\n#15 0x564468c911a8 <unknown>\n#16 0x564468c91370 <unknown>\n#17 0x564468ca13b6 <unknown>\n#18 0x7f37c569caa4 <unknown>\n#19 0x7f37c5729c6c <unknown>","time":{"start":1760492859041,"stop":1760492859041,"duration":0}},{"uid":"dda54faf526632c8","reportUrl":"https://nirtal85.github.io/Selenium-Python-Example/806//#testresult/dda54faf526632c8","status":"broken","statusDetails":"selenium.common.exceptions.TimeoutException: Message: \nStacktrace:\n#0 0x56067e48553a <unknown>\n#1 0x56067df80f00 <unknown>\n#2 0x56067dfd0c0c <unknown>\n#3 0x56067dfd0e31 <unknown>\n#4 0x56067e016bd4 <unknown>\n#5 0x56067dff55cd <unknown>\n#6 0x56067e013f84 <unknown>\n#7 0x56067dff5343 <unknown>\n#8 0x56067dfc278a <unknown>\n#9 0x56067dfc39de <unknown>\n#10 0x56067e44f2cb <unknown>\n#11 0x56067e453242 <unknown>\n#12 0x56067e43c7ac <unknown>\n#13 0x56067e453df7 <unknown>\n#14 0x56067e420b2f <unknown>\n#15 0x56067e4741a8 <unknown>\n#16 0x56067e474370 <unknown>\n#17 0x56067e4843b6 <unknown>\n#18 0x7f7e48e9caa4 <unknown>\n#19 0x7f7e48f29c6c <unknown>","time":{"start":1760406276903,"stop":1760406276903,"duration":0}},{"uid":"76ea23e9f2bab0ad","reportUrl":"https://nirtal85.github.io/Selenium-Python-Example/805//#testresult/76ea23e9f2bab0ad","status":"broken","statusDetails":"selenium.common.exceptions.TimeoutException: Message: \nStacktrace:\n#0 0x564078a8b53a <unknown>\n#1 0x564078586f00 <unknown>\n#2 0x5640785d6c0c <unknown>\n#3 0x5640785d6e31 <unknown>\n#4 0x56407861cbd4 <unknown>\n#5 0x5640785fb5cd <unknown>\n#6 0x564078619f84 <unknown>\n#7 0x5640785fb343 <unknown>\n#8 0x5640785c878a <unknown>\n#9 0x5640785c99de <unknown>\n#10 0x564078a552cb <unknown>\n#11 0x564078a59242 <unknown>\n#12 0x564078a427ac <unknown>\n#13 0x564078a59df7 <unknown>\n#14 0x564078a26b2f <unknown>\n#15 0x564078a7a1a8 <unknown>\n#16 0x564078a7a370 <unknown>\n#17 0x564078a8a3b6 <unknown>\n#18 0x7f8480c9caa4 <unknown>\n#19 0x7f8480d29c6c <unknown>","time":{"start":1760320273786,"stop":1760320273786,"duration":0}},{"uid":"b23b8413f6bb609e","reportUrl":"https://nirtal85.github.io/Selenium-Python-Example/804//#testresult/b23b8413f6bb609e","status":"broken","statusDetails":"selenium.common.exceptions.TimeoutException: Message: \nStacktrace:\n#0 0x5620bc8e153a <unknown>\n#1 0x5620bc3dcf00 <unknown>\n#2 0x5620bc42cc0c <unknown>\n#3 0x5620bc42ce31 <unknown>\n#4 0x5620bc472bd4 <unknown>\n#5 0x5620bc4515cd <unknown>\n#6 0x5620bc46ff84 <unknown>\n#7 0x5620bc451343 <unknown>\n#8 0x5620bc41e78a <unknown>\n#9 0x5620bc41f9de <unknown>\n#10 0x5620bc8ab2cb <unknown>\n#11 0x5620bc8af242 <unknown>\n#12 0x5620bc8987ac <unknown>\n#13 0x5620bc8afdf7 <unknown>\n#14 0x5620bc87cb2f <unknown>\n#15 0x5620bc8d01a8 <unknown>\n#16 0x5620bc8d0370 <unknown>\n#17 0x5620bc8e03b6 <unknown>\n#18 0x7f310f69caa4 <unknown>\n#19 0x7f310f729c6c <unknown>","time":{"start":1760233704480,"stop":1760233704480,"duration":0}},{"uid":"71212e619c4f71c8","reportUrl":"https://nirtal85.github.io/Selenium-Python-Example/803//#testresult/71212e619c4f71c8","status":"broken","statusDetails":"selenium.common.exceptions.TimeoutException: Message: \nStacktrace:\n#0 0x563700e9c53a <unknown>\n#1 0x563700997f00 <unknown>\n#2 0x5637009e7c0c <unknown>\n#3 0x5637009e7e31 <unknown>\n#4 0x563700a2dbd4 <unknown>\n#5 0x563700a0c5cd <unknown>\n#6 0x563700a2af84 <unknown>\n#7 0x563700a0c343 <unknown>\n#8 0x5637009d978a <unknown>\n#9 0x5637009da9de <unknown>\n#10 0x563700e662cb <unknown>\n#11 0x563700e6a242 <unknown>\n#12 0x563700e537ac <unknown>\n#13 0x563700e6adf7 <unknown>\n#14 0x563700e37b2f <unknown>\n#15 0x563700e8b1a8 <unknown>\n#16 0x563700e8b370 <unknown>\n#17 0x563700e9b3b6 <unknown>\n#18 0x7f053de9caa4 <unknown>\n#19 0x7f053df29c6c <unknown>","time":{"start":1760146811409,"stop":1760146811409,"duration":0}},{"uid":"737d6fb8bb997b34","reportUrl":"https://nirtal85.github.io/Selenium-Python-Example/802//#testresult/737d6fb8bb997b34","status":"broken","statusDetails":"selenium.common.exceptions.TimeoutException: Message: \nStacktrace:\n#0 0x55c8aa0df53a <unknown>\n#1 0x55c8a9bdaf00 <unknown>\n#2 0x55c8a9c2ac0c <unknown>\n#3 0x55c8a9c2ae31 <unknown>\n#4 0x55c8a9c70bd4 <unknown>\n#5 0x55c8a9c4f5cd <unknown>\n#6 0x55c8a9c6df84 <unknown>\n#7 0x55c8a9c4f343 <unknown>\n#8 0x55c8a9c1c78a <unknown>\n#9 0x55c8a9c1d9de <unknown>\n#10 0x55c8aa0a92cb <unknown>\n#11 0x55c8aa0ad242 <unknown>\n#12 0x55c8aa0967ac <unknown>\n#13 0x55c8aa0addf7 <unknown>\n#14 0x55c8aa07ab2f <unknown>\n#15 0x55c8aa0ce1a8 <unknown>\n#16 0x55c8aa0ce370 <unknown>\n#17 0x55c8aa0de3b6 <unknown>\n#18 0x7f684729caa4 <unknown>\n#19 0x7f6847329c6c <unknown>","time":{"start":1760060684172,"stop":1760060684172,"duration":0}},{"uid":"7c0a67b97402cba4","reportUrl":"https://nirtal85.github.io/Selenium-Python-Example/801//#testresult/7c0a67b97402cba4","status":"broken","statusDetails":"selenium.common.exceptions.TimeoutException: Message: \nStacktrace:\n#0 0x55fc1f9cb53a <unknown>\n#1 0x55fc1f4c6f00 <unknown>\n#2 0x55fc1f516c0c <unknown>\n#3 0x55fc1f516e31 <unknown>\n#4 0x55fc1f55cbd4 <unknown>\n#5 0x55fc1f53b5cd <unknown>\n#6 0x55fc1f559f84 <unknown>\n#7 0x55fc1f53b343 <unknown>\n#8 0x55fc1f50878a <unknown>\n#9 0x55fc1f5099de <unknown>\n#10 0x55fc1f9952cb <unknown>\n#11 0x55fc1f999242 <unknown>\n#12 0x55fc1f9827ac <unknown>\n#13 0x55fc1f999df7 <unknown>\n#14 0x55fc1f966b2f <unknown>\n#15 0x55fc1f9ba1a8 <unknown>\n#16 0x55fc1f9ba370 <unknown>\n#17 0x55fc1f9ca3b6 <unknown>\n#18 0x7f91f7e9caa4 <unknown>\n#19 0x7f91f7f29c6c <unknown>","time":{"start":1759974238771,"stop":1759974238771,"duration":0}},{"uid":"ac50a94c979d06a7","reportUrl":"https://nirtal85.github.io/Selenium-Python-Example/800//#testresult/ac50a94c979d06a7","status":"broken","statusDetails":"selenium.common.exceptions.TimeoutException: Message: \nStacktrace:\n#0 0x55590247353a <unknown>\n#1 0x555901f6ef00 <unknown>\n#2 0x555901fbec0c <unknown>\n#3 0x555901fbee31 <unknown>\n#4 0x555902004bd4 <unknown>\n#5 0x555901fe35cd <unknown>\n#6 0x555902001f84 <unknown>\n#7 0x555901fe3343 <unknown>\n#8 0x555901fb078a <unknown>\n#9 0x555901fb19de <unknown>\n#10 0x55590243d2cb <unknown>\n#11 0x555902441242 <unknown>\n#12 0x55590242a7ac <unknown>\n#13 0x555902441df7 <unknown>\n#14 0x55590240eb2f <unknown>\n#15 0x5559024621a8 <unknown>\n#16 0x555902462370 <unknown>\n#17 0x5559024723b6 <unknown>\n#18 0x7fd8eb69caa4 <unknown>\n#19 0x7fd8eb729c6c <unknown>","time":{"start":1759887789754,"stop":1759887789754,"duration":0}},{"uid":"c2a09ce654f5b1e1","reportUrl":"https://nirtal85.github.io/Selenium-Python-Example/799//#testresult/c2a09ce654f5b1e1","status":"broken","statusDetails":"selenium.common.exceptions.TimeoutException: Message: \nStacktrace:\n#0 0x55fef738e53a <unknown>\n#1 0x55fef6e89f00 <unknown>\n#2 0x55fef6ed9c0c <unknown>\n#3 0x55fef6ed9e31 <unknown>\n#4 0x55fef6f1fbd4 <unknown>\n#5 0x55fef6efe5cd <unknown>\n#6 0x55fef6f1cf84 <unknown>\n#7 0x55fef6efe343 <unknown>\n#8 0x55fef6ecb78a <unknown>\n#9 0x55fef6ecc9de <unknown>\n#10 0x55fef73582cb <unknown>\n#11 0x55fef735c242 <unknown>\n#12 0x55fef73457ac <unknown>\n#13 0x55fef735cdf7 <unknown>\n#14 0x55fef7329b2f <unknown>\n#15 0x55fef737d1a8 <unknown>\n#16 0x55fef737d370 <unknown>\n#17 0x55fef738d3b6 <unknown>\n#18 0x7fc74ba9caa4 <unknown>\n#19 0x7fc74bb29c6c <unknown>","time":{"start":1759801375706,"stop":1759801375706,"duration":0}}]},"tags":[]},"source":"26f85fe6ec089def.json","parameterValues":[]}