{"uid":"c1ea1b360401df15","name":"Create new workspace test","fullName":"tests.workspaces_test.TestWorkspaces#test_create_new_workspace","historyId":"e1f088bc30a040de4100d958931562b3","time":{"start":1761530221948,"stop":1761530221948,"duration":0},"description":"Create new Workspace","descriptionHtml":"<p>Create new Workspace</p>\n","status":"broken","statusMessage":"FileNotFoundError: [Errno 2] No such file or directory: '/home/runner/work/Selenium-Python-Example/Selenium-Python-Example/src/resources/tests_data.json'","statusTrace":"@fixture(scope=\"session\")\n    def data() -> Data:\n        json_path = Constants.DATA_PATH / \"tests_data.json\"\n>       with open(json_path, encoding=\"utf-8\") as json_file:\n             ^^^^^^^^^^^^^^^^^^^^^^^^^^^^^^^^^\nE       FileNotFoundError: [Errno 2] No such file or directory: '/home/runner/work/Selenium-Python-Example/Selenium-Python-Example/src/resources/tests_data.json'\n\ntests/conftest.py:60: FileNotFoundError","flaky":false,"newFailed":false,"newBroken":false,"newPassed":false,"retriesCount":0,"retriesStatusChange":false,"beforeStages":[{"name":"_verify_url","time":{"start":1761530232649,"stop":1761530232649,"duration":0},"status":"passed","steps":[],"attachments":[],"parameters":[],"shouldDisplayMessage":false,"stepsCount":0,"attachmentsCount":0,"hasContent":false,"attachmentStep":false},{"name":"session_request","time":{"start":1761530232649,"stop":1761530232650,"duration":1},"status":"passed","steps":[],"attachments":[],"parameters":[],"shouldDisplayMessage":false,"stepsCount":0,"attachmentsCount":0,"hasContent":false,"attachmentStep":false},{"name":"base_url","time":{"start":1761530232649,"stop":1761530232649,"duration":0},"status":"passed","steps":[],"attachments":[],"parameters":[],"shouldDisplayMessage":false,"stepsCount":0,"attachmentsCount":0,"hasContent":false,"attachmentStep":false},{"name":"data","time":{"start":1761530232650,"stop":1761530232650,"duration":0},"status":"broken","statusMessage":"FileNotFoundError: [Errno 2] No such file or directory: '/home/runner/work/Selenium-Python-Example/Selenium-Python-Example/src/resources/tests_data.json'\n","statusTrace":"  File \"/home/runner/work/Selenium-Python-Example/Selenium-Python-Example/.venv/lib/python3.13/site-packages/pluggy/_callers.py\", line 167, in _multicall\n    teardown.throw(outcome._exception)\n    ~~~~~~~~~~~~~~^^^^^^^^^^^^^^^^^^^^\n  File \"/home/runner/work/Selenium-Python-Example/Selenium-Python-Example/.venv/lib/python3.13/site-packages/_pytest/setuponly.py\", line 36, in pytest_fixture_setup\n    return (yield)\n            ^^^^^\n  File \"/home/runner/work/Selenium-Python-Example/Selenium-Python-Example/.venv/lib/python3.13/site-packages/pluggy/_callers.py\", line 103, in _multicall\n    res = hook_impl.function(*args)\n  File \"/home/runner/work/Selenium-Python-Example/Selenium-Python-Example/.venv/lib/python3.13/site-packages/_pytest/fixtures.py\", line 1196, in pytest_fixture_setup\n    result = call_fixture_func(fixturefunc, request, kwargs)\n  File \"/home/runner/work/Selenium-Python-Example/Selenium-Python-Example/.venv/lib/python3.13/site-packages/_pytest/fixtures.py\", line 930, in call_fixture_func\n    fixture_result = fixturefunc(**kwargs)\n  File \"/home/runner/work/Selenium-Python-Example/Selenium-Python-Example/tests/conftest.py\", line 60, in data\n    with open(json_path, encoding=\"utf-8\") as json_file:\n         ~~~~^^^^^^^^^^^^^^^^^^^^^^^^^^^^^\n","steps":[],"attachments":[],"parameters":[],"shouldDisplayMessage":true,"stepsCount":0,"attachmentsCount":0,"hasContent":true,"attachmentStep":false},{"name":"setup_method_fixture","time":{"start":1761530256258,"stop":1761530266537,"duration":10279},"status":"broken","statusMessage":"selenium.common.exceptions.TimeoutException: Message: \nStacktrace:\n#0 0x56482fc9353a <unknown>\n#1 0x56482f78ef00 <unknown>\n#2 0x56482f7dec0c <unknown>\n#3 0x56482f7dee31 <unknown>\n#4 0x56482f824bd4 <unknown>\n#5 0x56482f8035cd <unknown>\n#6 0x56482f821f84 <unknown>\n#7 0x56482f803343 <unknown>\n#8 0x56482f7d078a <unknown>\n#9 0x56482f7d19de <unknown>\n#10 0x56482fc5d2cb <unknown>\n#11 0x56482fc61242 <unknown>\n#12 0x56482fc4a7ac <unknown>\n#13 0x56482fc61df7 <unknown>\n#14 0x56482fc2eb2f <unknown>\n#15 0x56482fc821a8 <unknown>\n#16 0x56482fc82370 <unknown>\n#17 0x56482fc923b6 <unknown>\n#18 0x7f43a7c9caa4 <unknown>\n#19 0x7f43a7d29c6c <unknown>\n\n","statusTrace":"  File \"/home/runner/work/Selenium-Python-Example/Selenium-Python-Example/.venv/lib/python3.13/site-packages/pluggy/_callers.py\", line 167, in _multicall\n    teardown.throw(outcome._exception)\n    ~~~~~~~~~~~~~~^^^^^^^^^^^^^^^^^^^^\n  File \"/home/runner/work/Selenium-Python-Example/Selenium-Python-Example/.venv/lib/python3.13/site-packages/_pytest/setuponly.py\", line 36, in pytest_fixture_setup\n    return (yield)\n            ^^^^^\n  File \"/home/runner/work/Selenium-Python-Example/Selenium-Python-Example/.venv/lib/python3.13/site-packages/pluggy/_callers.py\", line 103, in _multicall\n    res = hook_impl.function(*args)\n  File \"/home/runner/work/Selenium-Python-Example/Selenium-Python-Example/.venv/lib/python3.13/site-packages/_pytest/fixtures.py\", line 1196, in pytest_fixture_setup\n    result = call_fixture_func(fixturefunc, request, kwargs)\n  File \"/home/runner/work/Selenium-Python-Example/Selenium-Python-Example/.venv/lib/python3.13/site-packages/_pytest/fixtures.py\", line 930, in call_fixture_func\n    fixture_result = fixturefunc(**kwargs)\n  File \"/home/runner/work/Selenium-Python-Example/Selenium-Python-Example/tests/workspaces_test.py\", line 25, in setup_method_fixture\n    login(self.about_page, self.login_page)\n    ~~~~~^^^^^^^^^^^^^^^^^^^^^^^^^^^^^^^^^^\n  File \"/home/runner/work/Selenium-Python-Example/Selenium-Python-Example/tests/workspaces_test.py\", line 15, in login\n    about_page.click_login_link()\n    ~~~~~~~~~~~~~~~~~~~~~~~~~~~^^\n  File \"/home/runner/work/Selenium-Python-Example/Selenium-Python-Example/.venv/lib/python3.13/site-packages/allure_commons/_allure.py\", line 202, in impl\n    return func(*a, **kw)\n  File \"/home/runner/work/Selenium-Python-Example/Selenium-Python-Example/src/pages/about_page.py\", line 18, in click_login_link\n    self.click(self.LOGIN_LINK)\n    ~~~~~~~~~~^^^^^^^^^^^^^^^^^\n  File \"/home/runner/work/Selenium-Python-Example/Selenium-Python-Example/src/pages/base_page.py\", line 59, in click\n    el: WebElement = self.wait.until(expected_conditions.element_to_be_clickable(locator))\n                     ~~~~~~~~~~~~~~~^^^^^^^^^^^^^^^^^^^^^^^^^^^^^^^^^^^^^^^^^^^^^^^^^^^^^^\n  File \"/home/runner/work/Selenium-Python-Example/Selenium-Python-Example/.venv/lib/python3.13/site-packages/selenium/webdriver/support/wait.py\", line 138, in until\n    raise TimeoutException(message, screen, stacktrace)\n","steps":[{"name":"Click Login link","time":{"start":1761530256258,"stop":1761530266537,"duration":10279},"status":"broken","statusMessage":"selenium.common.exceptions.TimeoutException: Message: \nStacktrace:\n#0 0x56482fc9353a <unknown>\n#1 0x56482f78ef00 <unknown>\n#2 0x56482f7dec0c <unknown>\n#3 0x56482f7dee31 <unknown>\n#4 0x56482f824bd4 <unknown>\n#5 0x56482f8035cd <unknown>\n#6 0x56482f821f84 <unknown>\n#7 0x56482f803343 <unknown>\n#8 0x56482f7d078a <unknown>\n#9 0x56482f7d19de <unknown>\n#10 0x56482fc5d2cb <unknown>\n#11 0x56482fc61242 <unknown>\n#12 0x56482fc4a7ac <unknown>\n#13 0x56482fc61df7 <unknown>\n#14 0x56482fc2eb2f <unknown>\n#15 0x56482fc821a8 <unknown>\n#16 0x56482fc82370 <unknown>\n#17 0x56482fc923b6 <unknown>\n#18 0x7f43a7c9caa4 <unknown>\n#19 0x7f43a7d29c6c <unknown>\n\n","statusTrace":"  File \"/home/runner/work/Selenium-Python-Example/Selenium-Python-Example/.venv/lib/python3.13/site-packages/allure_commons/_allure.py\", line 202, in impl\n    return func(*a, **kw)\n  File \"/home/runner/work/Selenium-Python-Example/Selenium-Python-Example/src/pages/about_page.py\", line 18, in click_login_link\n    self.click(self.LOGIN_LINK)\n    ~~~~~~~~~~^^^^^^^^^^^^^^^^^\n  File \"/home/runner/work/Selenium-Python-Example/Selenium-Python-Example/src/pages/base_page.py\", line 59, in click\n    el: WebElement = self.wait.until(expected_conditions.element_to_be_clickable(locator))\n                     ~~~~~~~~~~~~~~~^^^^^^^^^^^^^^^^^^^^^^^^^^^^^^^^^^^^^^^^^^^^^^^^^^^^^^\n  File \"/home/runner/work/Selenium-Python-Example/Selenium-Python-Example/.venv/lib/python3.13/site-packages/selenium/webdriver/support/wait.py\", line 138, in until\n    raise TimeoutException(message, screen, stacktrace)\n","steps":[],"attachments":[],"parameters":[],"shouldDisplayMessage":true,"stepsCount":0,"attachmentsCount":0,"hasContent":true,"attachmentStep":false}],"attachments":[],"parameters":[],"shouldDisplayMessage":false,"stepsCount":1,"attachmentsCount":0,"hasContent":true,"attachmentStep":false}],"testStage":{"description":"Create new Workspace","status":"broken","statusMessage":"FileNotFoundError: [Errno 2] No such file or directory: '/home/runner/work/Selenium-Python-Example/Selenium-Python-Example/src/resources/tests_data.json'","statusTrace":"@fixture(scope=\"session\")\n    def data() -> Data:\n        json_path = Constants.DATA_PATH / \"tests_data.json\"\n>       with open(json_path, encoding=\"utf-8\") as json_file:\n             ^^^^^^^^^^^^^^^^^^^^^^^^^^^^^^^^^\nE       FileNotFoundError: [Errno 2] No such file or directory: '/home/runner/work/Selenium-Python-Example/Selenium-Python-Example/src/resources/tests_data.json'\n\ntests/conftest.py:60: FileNotFoundError","steps":[{"name":"public ip address","time":{"start":1761530232683,"stop":1761530232819,"duration":136},"status":"passed","steps":[],"attachments":[{"uid":"d918bd8c83b6a59a","name":"HTTP logs of http://checkip.amazonaws.com/","source":"d918bd8c83b6a59a.txt","type":"text/plain","size":358}],"parameters":[],"shouldDisplayMessage":false,"stepsCount":0,"attachmentsCount":1,"hasContent":true,"attachmentStep":false}],"attachments":[{"uid":"9d01448cfefaea83","name":"Cookies","source":"9d01448cfefaea83.json","type":"application/json","size":4639},{"uid":"3ab7450c46042de2","name":"Session Storage","source":"3ab7450c46042de2.json","type":"application/json","size":383},{"uid":"3fccf60d6b7dd386","name":"Local Storage","source":"3fccf60d6b7dd386.json","type":"application/json","size":563},{"uid":"79c1939891c73956","name":"Full Page Screenshot","source":"79c1939891c73956.png","type":"image/png","size":2093356},{"uid":"c3bda99f3e759905","name":"URL","source":"c3bda99f3e759905.uri","type":"text/uri-list","size":23},{"uid":"a6c4de93ddf09d35","name":"Network Logs","source":"a6c4de93ddf09d35.json","type":"application/json","size":8905484}],"parameters":[],"shouldDisplayMessage":true,"stepsCount":1,"attachmentsCount":7,"hasContent":true,"attachmentStep":false},"afterStages":[{"name":"session_request::0","time":{"start":1761530311834,"stop":1761530311834,"duration":0},"status":"passed","steps":[],"attachments":[],"parameters":[],"shouldDisplayMessage":false,"stepsCount":0,"attachmentsCount":0,"hasContent":false,"attachmentStep":false}],"labels":[{"name":"story","value":"WorkSpaces Creation and Editing Functionality"},{"name":"epic","value":"Workspaces"},{"name":"severity","value":"normal"},{"name":"parentSuite","value":"tests"},{"name":"suite","value":"workspaces_test"},{"name":"subSuite","value":"TestWorkspaces"},{"name":"host","value":"runnervmwhb2z"},{"name":"thread","value":"2190-MainThread"},{"name":"framework","value":"pytest"},{"name":"language","value":"cpython3"},{"name":"package","value":"tests.workspaces_test"},{"name":"resultFormat","value":"allure2"}],"parameters":[],"links":[],"hidden":false,"retry":false,"extra":{"severity":"normal","retries":[],"categories":[{"name":"Test defects","matchedStatuses":[],"flaky":false}],"history":{"statistic":{"failed":0,"broken":26,"skipped":0,"passed":0,"unknown":0,"total":26},"items":[{"uid":"824ef547d5716071","reportUrl":"https://nirtal85.github.io/Selenium-Python-Example/818//#testresult/824ef547d5716071","status":"broken","statusDetails":"FileNotFoundError: [Errno 2] No such file or directory: '/home/runner/work/Selenium-Python-Example/Selenium-Python-Example/src/resources/tests_data.json'","time":{"start":1761443583160,"stop":1761443583160,"duration":0}},{"uid":"3a65e92f2d26662f","reportUrl":"https://nirtal85.github.io/Selenium-Python-Example/817//#testresult/3a65e92f2d26662f","status":"broken","statusDetails":"FileNotFoundError: [Errno 2] No such file or directory: '/home/runner/work/Selenium-Python-Example/Selenium-Python-Example/src/resources/tests_data.json'","time":{"start":1761356655307,"stop":1761356655307,"duration":0}},{"uid":"dd326b67238362e8","reportUrl":"https://nirtal85.github.io/Selenium-Python-Example/816//#testresult/dd326b67238362e8","status":"broken","statusDetails":"FileNotFoundError: [Errno 2] No such file or directory: '/home/runner/work/Selenium-Python-Example/Selenium-Python-Example/src/resources/tests_data.json'","time":{"start":1761270159249,"stop":1761270159249,"duration":0}},{"uid":"8b768498c254afe7","reportUrl":"https://nirtal85.github.io/Selenium-Python-Example/815//#testresult/8b768498c254afe7","status":"broken","statusDetails":"FileNotFoundError: [Errno 2] No such file or directory: '/home/runner/work/Selenium-Python-Example/Selenium-Python-Example/src/resources/tests_data.json'","time":{"start":1761183997986,"stop":1761183997986,"duration":0}},{"uid":"ad265c4a07893b9","reportUrl":"https://nirtal85.github.io/Selenium-Python-Example/814//#testresult/ad265c4a07893b9","status":"broken","statusDetails":"FileNotFoundError: [Errno 2] No such file or directory: '/home/runner/work/Selenium-Python-Example/Selenium-Python-Example/src/resources/tests_data.json'","time":{"start":1761097870418,"stop":1761097870418,"duration":0}},{"uid":"4975ba48cb510f04","reportUrl":"https://nirtal85.github.io/Selenium-Python-Example/813//#testresult/4975ba48cb510f04","status":"broken","statusDetails":"FileNotFoundError: [Errno 2] No such file or directory: '/home/runner/work/Selenium-Python-Example/Selenium-Python-Example/src/resources/tests_data.json'","time":{"start":1761011268639,"stop":1761011268639,"duration":0}},{"uid":"6788f918e7d44399","reportUrl":"https://nirtal85.github.io/Selenium-Python-Example/812//#testresult/6788f918e7d44399","status":"broken","statusDetails":"FileNotFoundError: [Errno 2] No such file or directory: '/home/runner/work/Selenium-Python-Example/Selenium-Python-Example/src/resources/tests_data.json'","time":{"start":1760925230690,"stop":1760925230690,"duration":0}},{"uid":"1f968cd6a545bca2","reportUrl":"https://nirtal85.github.io/Selenium-Python-Example/811//#testresult/1f968cd6a545bca2","status":"broken","statusDetails":"FileNotFoundError: [Errno 2] No such file or directory: '/home/runner/work/Selenium-Python-Example/Selenium-Python-Example/src/resources/tests_data.json'","time":{"start":1760838983594,"stop":1760838983594,"duration":0}},{"uid":"b2e67d285fc7e36a","reportUrl":"https://nirtal85.github.io/Selenium-Python-Example/810//#testresult/b2e67d285fc7e36a","status":"broken","statusDetails":"FileNotFoundError: [Errno 2] No such file or directory: '/home/runner/work/Selenium-Python-Example/Selenium-Python-Example/src/resources/tests_data.json'","time":{"start":1760751585342,"stop":1760751585342,"duration":0}},{"uid":"786958df0755884c","reportUrl":"https://nirtal85.github.io/Selenium-Python-Example/809//#testresult/786958df0755884c","status":"broken","statusDetails":"FileNotFoundError: [Errno 2] No such file or directory: '/home/runner/work/Selenium-Python-Example/Selenium-Python-Example/src/resources/tests_data.json'","time":{"start":1760665481246,"stop":1760665481246,"duration":0}},{"uid":"95bb353d74b71ad9","reportUrl":"https://nirtal85.github.io/Selenium-Python-Example/808//#testresult/95bb353d74b71ad9","status":"broken","statusDetails":"FileNotFoundError: [Errno 2] No such file or directory: '/home/runner/work/Selenium-Python-Example/Selenium-Python-Example/src/resources/tests_data.json'","time":{"start":1760579147578,"stop":1760579147578,"duration":0}},{"uid":"d795bed9a63c612d","reportUrl":"https://nirtal85.github.io/Selenium-Python-Example/807//#testresult/d795bed9a63c612d","status":"broken","statusDetails":"FileNotFoundError: [Errno 2] No such file or directory: '/home/runner/work/Selenium-Python-Example/Selenium-Python-Example/src/resources/tests_data.json'","time":{"start":1760492811262,"stop":1760492811262,"duration":0}},{"uid":"be7ed194c05d225d","reportUrl":"https://nirtal85.github.io/Selenium-Python-Example/806//#testresult/be7ed194c05d225d","status":"broken","statusDetails":"FileNotFoundError: [Errno 2] No such file or directory: '/home/runner/work/Selenium-Python-Example/Selenium-Python-Example/src/resources/tests_data.json'","time":{"start":1760406233144,"stop":1760406233144,"duration":0}},{"uid":"17dd872a12878854","reportUrl":"https://nirtal85.github.io/Selenium-Python-Example/805//#testresult/17dd872a12878854","status":"broken","statusDetails":"FileNotFoundError: [Errno 2] No such file or directory: '/home/runner/work/Selenium-Python-Example/Selenium-Python-Example/src/resources/tests_data.json'","time":{"start":1760320228572,"stop":1760320228572,"duration":0}},{"uid":"d253e7f2d761a455","reportUrl":"https://nirtal85.github.io/Selenium-Python-Example/804//#testresult/d253e7f2d761a455","status":"broken","statusDetails":"FileNotFoundError: [Errno 2] No such file or directory: '/home/runner/work/Selenium-Python-Example/Selenium-Python-Example/src/resources/tests_data.json'","time":{"start":1760233642153,"stop":1760233642153,"duration":0}},{"uid":"7b1e8d47c704ce64","reportUrl":"https://nirtal85.github.io/Selenium-Python-Example/803//#testresult/7b1e8d47c704ce64","status":"broken","statusDetails":"FileNotFoundError: [Errno 2] No such file or directory: '/home/runner/work/Selenium-Python-Example/Selenium-Python-Example/src/resources/tests_data.json'","time":{"start":1760146763050,"stop":1760146763050,"duration":0}},{"uid":"383469592a9cd985","reportUrl":"https://nirtal85.github.io/Selenium-Python-Example/802//#testresult/383469592a9cd985","status":"broken","statusDetails":"FileNotFoundError: [Errno 2] No such file or directory: '/home/runner/work/Selenium-Python-Example/Selenium-Python-Example/src/resources/tests_data.json'","time":{"start":1760060638433,"stop":1760060638433,"duration":0}},{"uid":"4d7d4e62e99e70a1","reportUrl":"https://nirtal85.github.io/Selenium-Python-Example/801//#testresult/4d7d4e62e99e70a1","status":"broken","statusDetails":"FileNotFoundError: [Errno 2] No such file or directory: '/home/runner/work/Selenium-Python-Example/Selenium-Python-Example/src/resources/tests_data.json'","time":{"start":1759974193974,"stop":1759974193974,"duration":0}},{"uid":"eb276de46c9d30d4","reportUrl":"https://nirtal85.github.io/Selenium-Python-Example/800//#testresult/eb276de46c9d30d4","status":"broken","statusDetails":"FileNotFoundError: [Errno 2] No such file or directory: '/home/runner/work/Selenium-Python-Example/Selenium-Python-Example/src/resources/tests_data.json'","time":{"start":1759887741933,"stop":1759887741933,"duration":0}},{"uid":"15e84463b2a4e44c","reportUrl":"https://nirtal85.github.io/Selenium-Python-Example/799//#testresult/15e84463b2a4e44c","status":"broken","statusDetails":"FileNotFoundError: [Errno 2] No such file or directory: '/home/runner/work/Selenium-Python-Example/Selenium-Python-Example/src/resources/tests_data.json'","time":{"start":1759801327889,"stop":1759801327889,"duration":0}}]},"tags":[]},"source":"c1ea1b360401df15.json","parameterValues":[]}