{"uid":"311bc1b97850b20f","name":"Number of projects displayed in page test","fullName":"tests.workspaces_test.TestWorkspaces#test_number_of_existing_projects","historyId":"34e866e263d4a1ed453e065aefe8091d","time":{"start":1759369336681,"stop":1759369336681,"duration":0},"description":"Compare between the actual number of projects seen on page and the number shown in workspaces block","descriptionHtml":"<p>Compare between the actual number of projects seen on page and the number shown in workspaces block</p>\n","status":"broken","statusMessage":"selenium.common.exceptions.TimeoutException: Message: \nStacktrace:\n#0 0x55ab84a4f53a <unknown>\n#1 0x55ab8454af00 <unknown>\n#2 0x55ab8459ac0c <unknown>\n#3 0x55ab8459ae31 <unknown>\n#4 0x55ab845e0bd4 <unknown>\n#5 0x55ab845bf5cd <unknown>\n#6 0x55ab845ddf84 <unknown>\n#7 0x55ab845bf343 <unknown>\n#8 0x55ab8458c78a <unknown>\n#9 0x55ab8458d9de <unknown>\n#10 0x55ab84a192cb <unknown>\n#11 0x55ab84a1d242 <unknown>\n#12 0x55ab84a067ac <unknown>\n#13 0x55ab84a1ddf7 <unknown>\n#14 0x55ab849eab2f <unknown>\n#15 0x55ab84a3e1a8 <unknown>\n#16 0x55ab84a3e370 <unknown>\n#17 0x55ab84a4e3b6 <unknown>\n#18 0x7fc7cfc9caa4 <unknown>\n#19 0x7fc7cfd29c6c <unknown>","statusTrace":"self = <tests.workspaces_test.TestWorkspaces object at 0x7f5dfc677230>\n\n    @pytest.fixture(autouse=True)\n    def setup_method_fixture(self):\n>       login(self.about_page, self.login_page)\n\ntests/workspaces_test.py:25: \n_ _ _ _ _ _ _ _ _ _ _ _ _ _ _ _ _ _ _ _ _ _ _ _ _ _ _ _ _ _ _ _ _ _ _ _ _ _ _ _ \ntests/workspaces_test.py:15: in login\n    about_page.click_login_link()\nsrc/pages/about_page.py:18: in click_login_link\n    self.click(self.LOGIN_LINK)\nsrc/pages/base_page.py:59: in click\n    el: WebElement = self.wait.until(expected_conditions.element_to_be_clickable(locator))\n                     ^^^^^^^^^^^^^^^^^^^^^^^^^^^^^^^^^^^^^^^^^^^^^^^^^^^^^^^^^^^^^^^^^^^^^\n_ _ _ _ _ _ _ _ _ _ _ _ _ _ _ _ _ _ _ _ _ _ _ _ _ _ _ _ _ _ _ _ _ _ _ _ _ _ _ _ \n\nself = <selenium.webdriver.support.wait.WebDriverWait (session=\"df96e5f6f74a24c1f312eb0f7b090a9c\")>\nmethod = <function element_to_be_clickable.<locals>._predicate at 0x7f5dfc7bea20>\nmessage = ''\n\n    def until(self, method: Callable[[D], Union[Literal[False], T]], message: str = \"\") -> T:\n        \"\"\"Wait until the method returns a value that is not False.\n    \n        Calls the method provided with the driver as an argument until the\n        return value does not evaluate to ``False``.\n    \n        Parameters:\n        -----------\n        method: callable(WebDriver)\n            - A callable object that takes a WebDriver instance as an argument.\n    \n        message: str\n            - Optional message for :exc:`TimeoutException`\n    \n        Return:\n        -------\n        object: T\n            - The result of the last call to `method`\n    \n        Raises:\n        -------\n        TimeoutException\n            - If 'method' does not return a truthy value within the WebDriverWait\n            object's timeout\n    \n        Example:\n        --------\n        >>> from selenium.webdriver.common.by import By\n        >>> from selenium.webdriver.support.ui import WebDriverWait\n        >>> from selenium.webdriver.support import expected_conditions as EC\n    \n        # Wait until an element is visible on the page\n        >>> wait = WebDriverWait(driver, 10)\n        >>> element = wait.until(EC.visibility_of_element_located((By.ID, \"exampleId\")))\n        >>> print(element.text)\n        \"\"\"\n        screen = None\n        stacktrace = None\n    \n        end_time = time.monotonic() + self._timeout\n        while True:\n            try:\n                value = method(self._driver)\n                if value:\n                    return value\n            except self._ignored_exceptions as exc:\n                screen = getattr(exc, \"screen\", None)\n                stacktrace = getattr(exc, \"stacktrace\", None)\n            if time.monotonic() > end_time:\n                break\n            time.sleep(self._poll)\n>       raise TimeoutException(message, screen, stacktrace)\nE       selenium.common.exceptions.TimeoutException: Message: \nE       Stacktrace:\nE       #0 0x55ab84a4f53a <unknown>\nE       #1 0x55ab8454af00 <unknown>\nE       #2 0x55ab8459ac0c <unknown>\nE       #3 0x55ab8459ae31 <unknown>\nE       #4 0x55ab845e0bd4 <unknown>\nE       #5 0x55ab845bf5cd <unknown>\nE       #6 0x55ab845ddf84 <unknown>\nE       #7 0x55ab845bf343 <unknown>\nE       #8 0x55ab8458c78a <unknown>\nE       #9 0x55ab8458d9de <unknown>\nE       #10 0x55ab84a192cb <unknown>\nE       #11 0x55ab84a1d242 <unknown>\nE       #12 0x55ab84a067ac <unknown>\nE       #13 0x55ab84a1ddf7 <unknown>\nE       #14 0x55ab849eab2f <unknown>\nE       #15 0x55ab84a3e1a8 <unknown>\nE       #16 0x55ab84a3e370 <unknown>\nE       #17 0x55ab84a4e3b6 <unknown>\nE       #18 0x7fc7cfc9caa4 <unknown>\nE       #19 0x7fc7cfd29c6c <unknown>\n\n.venv/lib/python3.13/site-packages/selenium/webdriver/support/wait.py:138: TimeoutException","flaky":false,"newFailed":false,"newBroken":false,"newPassed":false,"retriesCount":0,"retriesStatusChange":false,"beforeStages":[{"name":"session_request","time":{"start":1759369301630,"stop":1759369301631,"duration":1},"status":"passed","steps":[],"attachments":[],"parameters":[],"shouldDisplayMessage":false,"stepsCount":0,"attachmentsCount":0,"hasContent":false,"attachmentStep":false},{"name":"base_url","time":{"start":1759369301630,"stop":1759369301630,"duration":0},"status":"passed","steps":[],"attachments":[],"parameters":[],"shouldDisplayMessage":false,"stepsCount":0,"attachmentsCount":0,"hasContent":false,"attachmentStep":false},{"name":"_verify_url","time":{"start":1759369301630,"stop":1759369301630,"duration":0},"status":"passed","steps":[],"attachments":[],"parameters":[],"shouldDisplayMessage":false,"stepsCount":0,"attachmentsCount":0,"hasContent":false,"attachmentStep":false},{"name":"setup_method_fixture","time":{"start":1759369339409,"stop":1759369349750,"duration":10341},"status":"broken","statusMessage":"selenium.common.exceptions.TimeoutException: Message: \nStacktrace:\n#0 0x55ab84a4f53a <unknown>\n#1 0x55ab8454af00 <unknown>\n#2 0x55ab8459ac0c <unknown>\n#3 0x55ab8459ae31 <unknown>\n#4 0x55ab845e0bd4 <unknown>\n#5 0x55ab845bf5cd <unknown>\n#6 0x55ab845ddf84 <unknown>\n#7 0x55ab845bf343 <unknown>\n#8 0x55ab8458c78a <unknown>\n#9 0x55ab8458d9de <unknown>\n#10 0x55ab84a192cb <unknown>\n#11 0x55ab84a1d242 <unknown>\n#12 0x55ab84a067ac <unknown>\n#13 0x55ab84a1ddf7 <unknown>\n#14 0x55ab849eab2f <unknown>\n#15 0x55ab84a3e1a8 <unknown>\n#16 0x55ab84a3e370 <unknown>\n#17 0x55ab84a4e3b6 <unknown>\n#18 0x7fc7cfc9caa4 <unknown>\n#19 0x7fc7cfd29c6c <unknown>\n\n","statusTrace":"  File \"/home/runner/work/Selenium-Python-Example/Selenium-Python-Example/.venv/lib/python3.13/site-packages/pluggy/_callers.py\", line 167, in _multicall\n    teardown.throw(outcome._exception)\n    ~~~~~~~~~~~~~~^^^^^^^^^^^^^^^^^^^^\n  File \"/home/runner/work/Selenium-Python-Example/Selenium-Python-Example/.venv/lib/python3.13/site-packages/_pytest/setuponly.py\", line 36, in pytest_fixture_setup\n    return (yield)\n            ^^^^^\n  File \"/home/runner/work/Selenium-Python-Example/Selenium-Python-Example/.venv/lib/python3.13/site-packages/pluggy/_callers.py\", line 103, in _multicall\n    res = hook_impl.function(*args)\n  File \"/home/runner/work/Selenium-Python-Example/Selenium-Python-Example/.venv/lib/python3.13/site-packages/_pytest/fixtures.py\", line 1196, in pytest_fixture_setup\n    result = call_fixture_func(fixturefunc, request, kwargs)\n  File \"/home/runner/work/Selenium-Python-Example/Selenium-Python-Example/.venv/lib/python3.13/site-packages/_pytest/fixtures.py\", line 930, in call_fixture_func\n    fixture_result = fixturefunc(**kwargs)\n  File \"/home/runner/work/Selenium-Python-Example/Selenium-Python-Example/tests/workspaces_test.py\", line 25, in setup_method_fixture\n    login(self.about_page, self.login_page)\n    ~~~~~^^^^^^^^^^^^^^^^^^^^^^^^^^^^^^^^^^\n  File \"/home/runner/work/Selenium-Python-Example/Selenium-Python-Example/tests/workspaces_test.py\", line 15, in login\n    about_page.click_login_link()\n    ~~~~~~~~~~~~~~~~~~~~~~~~~~~^^\n  File \"/home/runner/work/Selenium-Python-Example/Selenium-Python-Example/.venv/lib/python3.13/site-packages/allure_commons/_allure.py\", line 202, in impl\n    return func(*a, **kw)\n  File \"/home/runner/work/Selenium-Python-Example/Selenium-Python-Example/src/pages/about_page.py\", line 18, in click_login_link\n    self.click(self.LOGIN_LINK)\n    ~~~~~~~~~~^^^^^^^^^^^^^^^^^\n  File \"/home/runner/work/Selenium-Python-Example/Selenium-Python-Example/src/pages/base_page.py\", line 59, in click\n    el: WebElement = self.wait.until(expected_conditions.element_to_be_clickable(locator))\n                     ~~~~~~~~~~~~~~~^^^^^^^^^^^^^^^^^^^^^^^^^^^^^^^^^^^^^^^^^^^^^^^^^^^^^^\n  File \"/home/runner/work/Selenium-Python-Example/Selenium-Python-Example/.venv/lib/python3.13/site-packages/selenium/webdriver/support/wait.py\", line 138, in until\n    raise TimeoutException(message, screen, stacktrace)\n","steps":[{"name":"Click Login link","time":{"start":1759369339409,"stop":1759369349750,"duration":10341},"status":"broken","statusMessage":"selenium.common.exceptions.TimeoutException: Message: \nStacktrace:\n#0 0x55ab84a4f53a <unknown>\n#1 0x55ab8454af00 <unknown>\n#2 0x55ab8459ac0c <unknown>\n#3 0x55ab8459ae31 <unknown>\n#4 0x55ab845e0bd4 <unknown>\n#5 0x55ab845bf5cd <unknown>\n#6 0x55ab845ddf84 <unknown>\n#7 0x55ab845bf343 <unknown>\n#8 0x55ab8458c78a <unknown>\n#9 0x55ab8458d9de <unknown>\n#10 0x55ab84a192cb <unknown>\n#11 0x55ab84a1d242 <unknown>\n#12 0x55ab84a067ac <unknown>\n#13 0x55ab84a1ddf7 <unknown>\n#14 0x55ab849eab2f <unknown>\n#15 0x55ab84a3e1a8 <unknown>\n#16 0x55ab84a3e370 <unknown>\n#17 0x55ab84a4e3b6 <unknown>\n#18 0x7fc7cfc9caa4 <unknown>\n#19 0x7fc7cfd29c6c <unknown>\n\n","statusTrace":"  File \"/home/runner/work/Selenium-Python-Example/Selenium-Python-Example/.venv/lib/python3.13/site-packages/allure_commons/_allure.py\", line 202, in impl\n    return func(*a, **kw)\n  File \"/home/runner/work/Selenium-Python-Example/Selenium-Python-Example/src/pages/about_page.py\", line 18, in click_login_link\n    self.click(self.LOGIN_LINK)\n    ~~~~~~~~~~^^^^^^^^^^^^^^^^^\n  File \"/home/runner/work/Selenium-Python-Example/Selenium-Python-Example/src/pages/base_page.py\", line 59, in click\n    el: WebElement = self.wait.until(expected_conditions.element_to_be_clickable(locator))\n                     ~~~~~~~~~~~~~~~^^^^^^^^^^^^^^^^^^^^^^^^^^^^^^^^^^^^^^^^^^^^^^^^^^^^^^\n  File \"/home/runner/work/Selenium-Python-Example/Selenium-Python-Example/.venv/lib/python3.13/site-packages/selenium/webdriver/support/wait.py\", line 138, in until\n    raise TimeoutException(message, screen, stacktrace)\n","steps":[],"attachments":[],"parameters":[],"shouldDisplayMessage":true,"stepsCount":0,"attachmentsCount":0,"hasContent":true,"attachmentStep":false}],"attachments":[],"parameters":[],"shouldDisplayMessage":false,"stepsCount":1,"attachmentsCount":0,"hasContent":true,"attachmentStep":false}],"testStage":{"description":"Compare between the actual number of projects seen on page and the number shown in workspaces block","status":"broken","statusMessage":"selenium.common.exceptions.TimeoutException: Message: \nStacktrace:\n#0 0x55ab84a4f53a <unknown>\n#1 0x55ab8454af00 <unknown>\n#2 0x55ab8459ac0c <unknown>\n#3 0x55ab8459ae31 <unknown>\n#4 0x55ab845e0bd4 <unknown>\n#5 0x55ab845bf5cd <unknown>\n#6 0x55ab845ddf84 <unknown>\n#7 0x55ab845bf343 <unknown>\n#8 0x55ab8458c78a <unknown>\n#9 0x55ab8458d9de <unknown>\n#10 0x55ab84a192cb <unknown>\n#11 0x55ab84a1d242 <unknown>\n#12 0x55ab84a067ac <unknown>\n#13 0x55ab84a1ddf7 <unknown>\n#14 0x55ab849eab2f <unknown>\n#15 0x55ab84a3e1a8 <unknown>\n#16 0x55ab84a3e370 <unknown>\n#17 0x55ab84a4e3b6 <unknown>\n#18 0x7fc7cfc9caa4 <unknown>\n#19 0x7fc7cfd29c6c <unknown>","statusTrace":"self = <tests.workspaces_test.TestWorkspaces object at 0x7f5dfc677230>\n\n    @pytest.fixture(autouse=True)\n    def setup_method_fixture(self):\n>       login(self.about_page, self.login_page)\n\ntests/workspaces_test.py:25: \n_ _ _ _ _ _ _ _ _ _ _ _ _ _ _ _ _ _ _ _ _ _ _ _ _ _ _ _ _ _ _ _ _ _ _ _ _ _ _ _ \ntests/workspaces_test.py:15: in login\n    about_page.click_login_link()\nsrc/pages/about_page.py:18: in click_login_link\n    self.click(self.LOGIN_LINK)\nsrc/pages/base_page.py:59: in click\n    el: WebElement = self.wait.until(expected_conditions.element_to_be_clickable(locator))\n                     ^^^^^^^^^^^^^^^^^^^^^^^^^^^^^^^^^^^^^^^^^^^^^^^^^^^^^^^^^^^^^^^^^^^^^\n_ _ _ _ _ _ _ _ _ _ _ _ _ _ _ _ _ _ _ _ _ _ _ _ _ _ _ _ _ _ _ _ _ _ _ _ _ _ _ _ \n\nself = <selenium.webdriver.support.wait.WebDriverWait (session=\"df96e5f6f74a24c1f312eb0f7b090a9c\")>\nmethod = <function element_to_be_clickable.<locals>._predicate at 0x7f5dfc7bea20>\nmessage = ''\n\n    def until(self, method: Callable[[D], Union[Literal[False], T]], message: str = \"\") -> T:\n        \"\"\"Wait until the method returns a value that is not False.\n    \n        Calls the method provided with the driver as an argument until the\n        return value does not evaluate to ``False``.\n    \n        Parameters:\n        -----------\n        method: callable(WebDriver)\n            - A callable object that takes a WebDriver instance as an argument.\n    \n        message: str\n            - Optional message for :exc:`TimeoutException`\n    \n        Return:\n        -------\n        object: T\n            - The result of the last call to `method`\n    \n        Raises:\n        -------\n        TimeoutException\n            - If 'method' does not return a truthy value within the WebDriverWait\n            object's timeout\n    \n        Example:\n        --------\n        >>> from selenium.webdriver.common.by import By\n        >>> from selenium.webdriver.support.ui import WebDriverWait\n        >>> from selenium.webdriver.support import expected_conditions as EC\n    \n        # Wait until an element is visible on the page\n        >>> wait = WebDriverWait(driver, 10)\n        >>> element = wait.until(EC.visibility_of_element_located((By.ID, \"exampleId\")))\n        >>> print(element.text)\n        \"\"\"\n        screen = None\n        stacktrace = None\n    \n        end_time = time.monotonic() + self._timeout\n        while True:\n            try:\n                value = method(self._driver)\n                if value:\n                    return value\n            except self._ignored_exceptions as exc:\n                screen = getattr(exc, \"screen\", None)\n                stacktrace = getattr(exc, \"stacktrace\", None)\n            if time.monotonic() > end_time:\n                break\n            time.sleep(self._poll)\n>       raise TimeoutException(message, screen, stacktrace)\nE       selenium.common.exceptions.TimeoutException: Message: \nE       Stacktrace:\nE       #0 0x55ab84a4f53a <unknown>\nE       #1 0x55ab8454af00 <unknown>\nE       #2 0x55ab8459ac0c <unknown>\nE       #3 0x55ab8459ae31 <unknown>\nE       #4 0x55ab845e0bd4 <unknown>\nE       #5 0x55ab845bf5cd <unknown>\nE       #6 0x55ab845ddf84 <unknown>\nE       #7 0x55ab845bf343 <unknown>\nE       #8 0x55ab8458c78a <unknown>\nE       #9 0x55ab8458d9de <unknown>\nE       #10 0x55ab84a192cb <unknown>\nE       #11 0x55ab84a1d242 <unknown>\nE       #12 0x55ab84a067ac <unknown>\nE       #13 0x55ab84a1ddf7 <unknown>\nE       #14 0x55ab849eab2f <unknown>\nE       #15 0x55ab84a3e1a8 <unknown>\nE       #16 0x55ab84a3e370 <unknown>\nE       #17 0x55ab84a4e3b6 <unknown>\nE       #18 0x7fc7cfc9caa4 <unknown>\nE       #19 0x7fc7cfd29c6c <unknown>\n\n.venv/lib/python3.13/site-packages/selenium/webdriver/support/wait.py:138: TimeoutException","steps":[{"name":"public ip address","time":{"start":1759369349764,"stop":1759369349903,"duration":139},"status":"passed","steps":[],"attachments":[{"uid":"e481e8795d72927a","name":"HTTP logs of http://checkip.amazonaws.com/","source":"e481e8795d72927a.txt","type":"text/plain","size":357}],"parameters":[],"shouldDisplayMessage":false,"stepsCount":0,"attachmentsCount":1,"hasContent":true,"attachmentStep":false}],"attachments":[{"uid":"d6d564d8ead6bcae","name":"Cookies","source":"d6d564d8ead6bcae.json","type":"application/json","size":4111},{"uid":"4aabc3e07c7422","name":"Session Storage","source":"4aabc3e07c7422.json","type":"application/json","size":359},{"uid":"18a7fc9def6fdd10","name":"Local Storage","source":"18a7fc9def6fdd10.json","type":"application/json","size":563},{"uid":"3d62c69ae1a2eaaf","name":"Full Page Screenshot","source":"3d62c69ae1a2eaaf.png","type":"image/png","size":2041680},{"uid":"40388de2501a29ca","name":"URL","source":"40388de2501a29ca.uri","type":"text/uri-list","size":23},{"uid":"59bf69b8326e42b6","name":"Network Logs","source":"59bf69b8326e42b6.json","type":"application/json","size":7928780}],"parameters":[],"shouldDisplayMessage":true,"stepsCount":1,"attachmentsCount":7,"hasContent":true,"attachmentStep":false},"afterStages":[{"name":"session_request::0","time":{"start":1759369376186,"stop":1759369376186,"duration":0},"status":"passed","steps":[],"attachments":[],"parameters":[],"shouldDisplayMessage":false,"stepsCount":0,"attachmentsCount":0,"hasContent":false,"attachmentStep":false}],"labels":[{"name":"story","value":"WorkSpaces Creation and Editing Functionality"},{"name":"severity","value":"normal"},{"name":"epic","value":"Workspaces"},{"name":"parentSuite","value":"tests"},{"name":"suite","value":"workspaces_test"},{"name":"subSuite","value":"TestWorkspaces"},{"name":"host","value":"runnervm3ublj"},{"name":"thread","value":"2226-MainThread"},{"name":"framework","value":"pytest"},{"name":"language","value":"cpython3"},{"name":"package","value":"tests.workspaces_test"},{"name":"resultFormat","value":"allure2"}],"parameters":[],"links":[],"hidden":false,"retry":false,"extra":{"severity":"normal","retries":[],"categories":[{"name":"Test defects","matchedStatuses":[],"flaky":false}],"tags":[]},"source":"311bc1b97850b20f.json","parameterValues":[]}