{"uid":"6c5ce1c41ea54b23","name":"Exception test","fullName":"tests.forgot_password_test.TestForgotPassword#test_expected_exception_on_page_title","historyId":"288cd0030c92ba34b4ff4b58ed8ec476","time":{"start":1759369304268,"stop":1759369314395,"duration":10127},"description":"Exception catching","descriptionHtml":"<p>Exception catching</p>\n","status":"broken","statusMessage":"selenium.common.exceptions.TimeoutException: Message: \nStacktrace:\n#0 0x5580ead6753a <unknown>\n#1 0x5580ea862f00 <unknown>\n#2 0x5580ea8b2c0c <unknown>\n#3 0x5580ea8b2e31 <unknown>\n#4 0x5580ea8f8bd4 <unknown>\n#5 0x5580ea8d75cd <unknown>\n#6 0x5580ea8f5f84 <unknown>\n#7 0x5580ea8d7343 <unknown>\n#8 0x5580ea8a478a <unknown>\n#9 0x5580ea8a59de <unknown>\n#10 0x5580ead312cb <unknown>\n#11 0x5580ead35242 <unknown>\n#12 0x5580ead1e7ac <unknown>\n#13 0x5580ead35df7 <unknown>\n#14 0x5580ead02b2f <unknown>\n#15 0x5580ead561a8 <unknown>\n#16 0x5580ead56370 <unknown>\n#17 0x5580ead663b6 <unknown>\n#18 0x7fb4bf89caa4 <unknown>\n#19 0x7fb4bf929c6c <unknown>","statusTrace":"self = <tests.forgot_password_test.TestForgotPassword object at 0x7fa491b7ac40>\n\n    @allure.description(\"Exception catching\")\n    @allure.title(\"Exception test\")\n    @allure.link(\"github.com/allure-examples/\", name=\"Allure Examples\")\n    @allure.issue(\"github.com/allure-examples/allure-examples/issues/1\", name=\"ISSUE-1\")\n    @allure.testcase(\"github.com/allure-examples/allure-examples/issues/2\", name=\"TESTCASE-2\")\n    def test_expected_exception_on_page_title(self) -> None:\n>       self.about_page.click_login_link()\n\ntests/forgot_password_test.py:51: \n_ _ _ _ _ _ _ _ _ _ _ _ _ _ _ _ _ _ _ _ _ _ _ _ _ _ _ _ _ _ _ _ _ _ _ _ _ _ _ _ \nsrc/pages/about_page.py:18: in click_login_link\n    self.click(self.LOGIN_LINK)\nsrc/pages/base_page.py:59: in click\n    el: WebElement = self.wait.until(expected_conditions.element_to_be_clickable(locator))\n                     ^^^^^^^^^^^^^^^^^^^^^^^^^^^^^^^^^^^^^^^^^^^^^^^^^^^^^^^^^^^^^^^^^^^^^\n_ _ _ _ _ _ _ _ _ _ _ _ _ _ _ _ _ _ _ _ _ _ _ _ _ _ _ _ _ _ _ _ _ _ _ _ _ _ _ _ \n\nself = <selenium.webdriver.support.wait.WebDriverWait (session=\"f13ac8eb8c3a2fe271a0ff6936785de6\")>\nmethod = <function element_to_be_clickable.<locals>._predicate at 0x7fa491c94400>\nmessage = ''\n\n    def until(self, method: Callable[[D], Union[Literal[False], T]], message: str = \"\") -> T:\n        \"\"\"Wait until the method returns a value that is not False.\n    \n        Calls the method provided with the driver as an argument until the\n        return value does not evaluate to ``False``.\n    \n        Parameters:\n        -----------\n        method: callable(WebDriver)\n            - A callable object that takes a WebDriver instance as an argument.\n    \n        message: str\n            - Optional message for :exc:`TimeoutException`\n    \n        Return:\n        -------\n        object: T\n            - The result of the last call to `method`\n    \n        Raises:\n        -------\n        TimeoutException\n            - If 'method' does not return a truthy value within the WebDriverWait\n            object's timeout\n    \n        Example:\n        --------\n        >>> from selenium.webdriver.common.by import By\n        >>> from selenium.webdriver.support.ui import WebDriverWait\n        >>> from selenium.webdriver.support import expected_conditions as EC\n    \n        # Wait until an element is visible on the page\n        >>> wait = WebDriverWait(driver, 10)\n        >>> element = wait.until(EC.visibility_of_element_located((By.ID, \"exampleId\")))\n        >>> print(element.text)\n        \"\"\"\n        screen = None\n        stacktrace = None\n    \n        end_time = time.monotonic() + self._timeout\n        while True:\n            try:\n                value = method(self._driver)\n                if value:\n                    return value\n            except self._ignored_exceptions as exc:\n                screen = getattr(exc, \"screen\", None)\n                stacktrace = getattr(exc, \"stacktrace\", None)\n            if time.monotonic() > end_time:\n                break\n            time.sleep(self._poll)\n>       raise TimeoutException(message, screen, stacktrace)\nE       selenium.common.exceptions.TimeoutException: Message: \nE       Stacktrace:\nE       #0 0x5580ead6753a <unknown>\nE       #1 0x5580ea862f00 <unknown>\nE       #2 0x5580ea8b2c0c <unknown>\nE       #3 0x5580ea8b2e31 <unknown>\nE       #4 0x5580ea8f8bd4 <unknown>\nE       #5 0x5580ea8d75cd <unknown>\nE       #6 0x5580ea8f5f84 <unknown>\nE       #7 0x5580ea8d7343 <unknown>\nE       #8 0x5580ea8a478a <unknown>\nE       #9 0x5580ea8a59de <unknown>\nE       #10 0x5580ead312cb <unknown>\nE       #11 0x5580ead35242 <unknown>\nE       #12 0x5580ead1e7ac <unknown>\nE       #13 0x5580ead35df7 <unknown>\nE       #14 0x5580ead02b2f <unknown>\nE       #15 0x5580ead561a8 <unknown>\nE       #16 0x5580ead56370 <unknown>\nE       #17 0x5580ead663b6 <unknown>\nE       #18 0x7fb4bf89caa4 <unknown>\nE       #19 0x7fb4bf929c6c <unknown>\n\n.venv/lib/python3.13/site-packages/selenium/webdriver/support/wait.py:138: TimeoutException","flaky":false,"newFailed":false,"newBroken":false,"newPassed":false,"retriesCount":0,"retriesStatusChange":false,"beforeStages":[{"name":"base_url","time":{"start":1759369300226,"stop":1759369300226,"duration":0},"status":"passed","steps":[],"attachments":[],"parameters":[],"shouldDisplayMessage":false,"stepsCount":0,"attachmentsCount":0,"hasContent":false,"attachmentStep":false},{"name":"_verify_url","time":{"start":1759369300226,"stop":1759369300226,"duration":0},"status":"passed","steps":[],"attachments":[],"parameters":[],"shouldDisplayMessage":false,"stepsCount":0,"attachmentsCount":0,"hasContent":false,"attachmentStep":false},{"name":"session_request","time":{"start":1759369300226,"stop":1759369300226,"duration":0},"status":"passed","steps":[],"attachments":[],"parameters":[],"shouldDisplayMessage":false,"stepsCount":0,"attachmentsCount":0,"hasContent":false,"attachmentStep":false}],"testStage":{"description":"Exception catching","status":"broken","statusMessage":"selenium.common.exceptions.TimeoutException: Message: \nStacktrace:\n#0 0x5580ead6753a <unknown>\n#1 0x5580ea862f00 <unknown>\n#2 0x5580ea8b2c0c <unknown>\n#3 0x5580ea8b2e31 <unknown>\n#4 0x5580ea8f8bd4 <unknown>\n#5 0x5580ea8d75cd <unknown>\n#6 0x5580ea8f5f84 <unknown>\n#7 0x5580ea8d7343 <unknown>\n#8 0x5580ea8a478a <unknown>\n#9 0x5580ea8a59de <unknown>\n#10 0x5580ead312cb <unknown>\n#11 0x5580ead35242 <unknown>\n#12 0x5580ead1e7ac <unknown>\n#13 0x5580ead35df7 <unknown>\n#14 0x5580ead02b2f <unknown>\n#15 0x5580ead561a8 <unknown>\n#16 0x5580ead56370 <unknown>\n#17 0x5580ead663b6 <unknown>\n#18 0x7fb4bf89caa4 <unknown>\n#19 0x7fb4bf929c6c <unknown>","statusTrace":"self = <tests.forgot_password_test.TestForgotPassword object at 0x7fa491b7ac40>\n\n    @allure.description(\"Exception catching\")\n    @allure.title(\"Exception test\")\n    @allure.link(\"github.com/allure-examples/\", name=\"Allure Examples\")\n    @allure.issue(\"github.com/allure-examples/allure-examples/issues/1\", name=\"ISSUE-1\")\n    @allure.testcase(\"github.com/allure-examples/allure-examples/issues/2\", name=\"TESTCASE-2\")\n    def test_expected_exception_on_page_title(self) -> None:\n>       self.about_page.click_login_link()\n\ntests/forgot_password_test.py:51: \n_ _ _ _ _ _ _ _ _ _ _ _ _ _ _ _ _ _ _ _ _ _ _ _ _ _ _ _ _ _ _ _ _ _ _ _ _ _ _ _ \nsrc/pages/about_page.py:18: in click_login_link\n    self.click(self.LOGIN_LINK)\nsrc/pages/base_page.py:59: in click\n    el: WebElement = self.wait.until(expected_conditions.element_to_be_clickable(locator))\n                     ^^^^^^^^^^^^^^^^^^^^^^^^^^^^^^^^^^^^^^^^^^^^^^^^^^^^^^^^^^^^^^^^^^^^^\n_ _ _ _ _ _ _ _ _ _ _ _ _ _ _ _ _ _ _ _ _ _ _ _ _ _ _ _ _ _ _ _ _ _ _ _ _ _ _ _ \n\nself = <selenium.webdriver.support.wait.WebDriverWait (session=\"f13ac8eb8c3a2fe271a0ff6936785de6\")>\nmethod = <function element_to_be_clickable.<locals>._predicate at 0x7fa491c94400>\nmessage = ''\n\n    def until(self, method: Callable[[D], Union[Literal[False], T]], message: str = \"\") -> T:\n        \"\"\"Wait until the method returns a value that is not False.\n    \n        Calls the method provided with the driver as an argument until the\n        return value does not evaluate to ``False``.\n    \n        Parameters:\n        -----------\n        method: callable(WebDriver)\n            - A callable object that takes a WebDriver instance as an argument.\n    \n        message: str\n            - Optional message for :exc:`TimeoutException`\n    \n        Return:\n        -------\n        object: T\n            - The result of the last call to `method`\n    \n        Raises:\n        -------\n        TimeoutException\n            - If 'method' does not return a truthy value within the WebDriverWait\n            object's timeout\n    \n        Example:\n        --------\n        >>> from selenium.webdriver.common.by import By\n        >>> from selenium.webdriver.support.ui import WebDriverWait\n        >>> from selenium.webdriver.support import expected_conditions as EC\n    \n        # Wait until an element is visible on the page\n        >>> wait = WebDriverWait(driver, 10)\n        >>> element = wait.until(EC.visibility_of_element_located((By.ID, \"exampleId\")))\n        >>> print(element.text)\n        \"\"\"\n        screen = None\n        stacktrace = None\n    \n        end_time = time.monotonic() + self._timeout\n        while True:\n            try:\n                value = method(self._driver)\n                if value:\n                    return value\n            except self._ignored_exceptions as exc:\n                screen = getattr(exc, \"screen\", None)\n                stacktrace = getattr(exc, \"stacktrace\", None)\n            if time.monotonic() > end_time:\n                break\n            time.sleep(self._poll)\n>       raise TimeoutException(message, screen, stacktrace)\nE       selenium.common.exceptions.TimeoutException: Message: \nE       Stacktrace:\nE       #0 0x5580ead6753a <unknown>\nE       #1 0x5580ea862f00 <unknown>\nE       #2 0x5580ea8b2c0c <unknown>\nE       #3 0x5580ea8b2e31 <unknown>\nE       #4 0x5580ea8f8bd4 <unknown>\nE       #5 0x5580ea8d75cd <unknown>\nE       #6 0x5580ea8f5f84 <unknown>\nE       #7 0x5580ea8d7343 <unknown>\nE       #8 0x5580ea8a478a <unknown>\nE       #9 0x5580ea8a59de <unknown>\nE       #10 0x5580ead312cb <unknown>\nE       #11 0x5580ead35242 <unknown>\nE       #12 0x5580ead1e7ac <unknown>\nE       #13 0x5580ead35df7 <unknown>\nE       #14 0x5580ead02b2f <unknown>\nE       #15 0x5580ead561a8 <unknown>\nE       #16 0x5580ead56370 <unknown>\nE       #17 0x5580ead663b6 <unknown>\nE       #18 0x7fb4bf89caa4 <unknown>\nE       #19 0x7fb4bf929c6c <unknown>\n\n.venv/lib/python3.13/site-packages/selenium/webdriver/support/wait.py:138: TimeoutException","steps":[{"name":"Click Login link","time":{"start":1759369304268,"stop":1759369314394,"duration":10126},"status":"broken","statusMessage":"selenium.common.exceptions.TimeoutException: Message: \nStacktrace:\n#0 0x5580ead6753a <unknown>\n#1 0x5580ea862f00 <unknown>\n#2 0x5580ea8b2c0c <unknown>\n#3 0x5580ea8b2e31 <unknown>\n#4 0x5580ea8f8bd4 <unknown>\n#5 0x5580ea8d75cd <unknown>\n#6 0x5580ea8f5f84 <unknown>\n#7 0x5580ea8d7343 <unknown>\n#8 0x5580ea8a478a <unknown>\n#9 0x5580ea8a59de <unknown>\n#10 0x5580ead312cb <unknown>\n#11 0x5580ead35242 <unknown>\n#12 0x5580ead1e7ac <unknown>\n#13 0x5580ead35df7 <unknown>\n#14 0x5580ead02b2f <unknown>\n#15 0x5580ead561a8 <unknown>\n#16 0x5580ead56370 <unknown>\n#17 0x5580ead663b6 <unknown>\n#18 0x7fb4bf89caa4 <unknown>\n#19 0x7fb4bf929c6c <unknown>\n\n","statusTrace":"  File \"/home/runner/work/Selenium-Python-Example/Selenium-Python-Example/.venv/lib/python3.13/site-packages/allure_commons/_allure.py\", line 202, in impl\n    return func(*a, **kw)\n  File \"/home/runner/work/Selenium-Python-Example/Selenium-Python-Example/src/pages/about_page.py\", line 18, in click_login_link\n    self.click(self.LOGIN_LINK)\n    ~~~~~~~~~~^^^^^^^^^^^^^^^^^\n  File \"/home/runner/work/Selenium-Python-Example/Selenium-Python-Example/src/pages/base_page.py\", line 59, in click\n    el: WebElement = self.wait.until(expected_conditions.element_to_be_clickable(locator))\n                     ~~~~~~~~~~~~~~~^^^^^^^^^^^^^^^^^^^^^^^^^^^^^^^^^^^^^^^^^^^^^^^^^^^^^^\n  File \"/home/runner/work/Selenium-Python-Example/Selenium-Python-Example/.venv/lib/python3.13/site-packages/selenium/webdriver/support/wait.py\", line 138, in until\n    raise TimeoutException(message, screen, stacktrace)\n","steps":[],"attachments":[],"parameters":[],"shouldDisplayMessage":true,"stepsCount":0,"attachmentsCount":0,"hasContent":true,"attachmentStep":false},{"name":"public ip address","time":{"start":1759369314405,"stop":1759369314507,"duration":102},"status":"passed","steps":[],"attachments":[{"uid":"b1d6f19b4410daa8","name":"HTTP logs of http://checkip.amazonaws.com/","source":"b1d6f19b4410daa8.txt","type":"text/plain","size":357}],"parameters":[],"shouldDisplayMessage":false,"stepsCount":0,"attachmentsCount":1,"hasContent":true,"attachmentStep":false}],"attachments":[{"uid":"4ac8206e33eb6a9d","name":"Cookies","source":"4ac8206e33eb6a9d.json","type":"application/json","size":4118},{"uid":"650af55540f2513b","name":"Session Storage","source":"650af55540f2513b.json","type":"application/json","size":359},{"uid":"2f28b76811442c0b","name":"Local Storage","source":"2f28b76811442c0b.json","type":"application/json","size":563},{"uid":"3b287d92da1de748","name":"Full Page Screenshot","source":"3b287d92da1de748.png","type":"image/png","size":2058587},{"uid":"71e97f74b115404d","name":"URL","source":"71e97f74b115404d.uri","type":"text/uri-list","size":23},{"uid":"139b47659f3bcb32","name":"Network Logs","source":"139b47659f3bcb32.json","type":"application/json","size":7929274}],"parameters":[],"shouldDisplayMessage":true,"stepsCount":2,"attachmentsCount":7,"hasContent":true,"attachmentStep":false},"afterStages":[{"name":"session_request::0","time":{"start":1759369334376,"stop":1759369334376,"duration":0},"status":"passed","steps":[],"attachments":[],"parameters":[],"shouldDisplayMessage":false,"stepsCount":0,"attachmentsCount":0,"hasContent":false,"attachmentStep":false}],"labels":[{"name":"suite","value":"Custom suite"},{"name":"epic","value":"Security"},{"name":"story","value":"Forgot Password Feature's Functionality"},{"name":"severity","value":"critical"},{"name":"subSuite","value":"Custom sub suite"},{"name":"parentSuite","value":"Custom parent suite"},{"name":"tag","value":"security"},{"name":"host","value":"runnervm3ublj"},{"name":"thread","value":"2314-MainThread"},{"name":"framework","value":"pytest"},{"name":"language","value":"cpython3"},{"name":"package","value":"tests.forgot_password_test"},{"name":"resultFormat","value":"allure2"}],"parameters":[],"links":[{"name":"TESTCASE-2","url":"https://github.com/allure-examples/allure-examples/issues/2","type":"tms"},{"name":"ISSUE-1","url":"https://github.com/allure-examples/allure-examples/issues/1","type":"issue"},{"name":"Allure Examples","url":"https://github.com/allure-examples/","type":"link"}],"hidden":false,"retry":false,"extra":{"severity":"critical","retries":[],"categories":[{"name":"Test defects","matchedStatuses":[],"flaky":false}],"tags":["security"]},"source":"6c5ce1c41ea54b23.json","parameterValues":[]}