{"uid":"28b403618e5a8f92","name":"Create new workspace test","fullName":"tests.workspaces_test.TestWorkspaces#test_create_new_workspace","historyId":"e1f088bc30a040de4100d958931562b3","time":{"start":1758505885203,"stop":1758505885203,"duration":0},"description":"Create new Workspace","descriptionHtml":"<p>Create new Workspace</p>\n","status":"broken","statusMessage":"FileNotFoundError: [Errno 2] No such file or directory: '/home/runner/work/Selenium-Python-Example/Selenium-Python-Example/src/resources/tests_data.json'","statusTrace":"@fixture(scope=\"session\")\n    def data() -> Data:\n        json_path = Constants.DATA_PATH / \"tests_data.json\"\n>       with open(json_path, encoding=\"utf-8\") as json_file:\n             ^^^^^^^^^^^^^^^^^^^^^^^^^^^^^^^^^\nE       FileNotFoundError: [Errno 2] No such file or directory: '/home/runner/work/Selenium-Python-Example/Selenium-Python-Example/src/resources/tests_data.json'\n\ntests/conftest.py:60: FileNotFoundError","flaky":false,"newFailed":false,"newBroken":false,"newPassed":false,"retriesCount":0,"retriesStatusChange":false,"beforeStages":[{"name":"base_url","time":{"start":1758505898509,"stop":1758505898509,"duration":0},"status":"passed","steps":[],"attachments":[],"parameters":[],"shouldDisplayMessage":false,"stepsCount":0,"attachmentsCount":0,"hasContent":false,"attachmentStep":false},{"name":"session_request","time":{"start":1758505898509,"stop":1758505898509,"duration":0},"status":"passed","steps":[],"attachments":[],"parameters":[],"shouldDisplayMessage":false,"stepsCount":0,"attachmentsCount":0,"hasContent":false,"attachmentStep":false},{"name":"_verify_url","time":{"start":1758505898509,"stop":1758505898509,"duration":0},"status":"passed","steps":[],"attachments":[],"parameters":[],"shouldDisplayMessage":false,"stepsCount":0,"attachmentsCount":0,"hasContent":false,"attachmentStep":false},{"name":"data","time":{"start":1758505898509,"stop":1758505898509,"duration":0},"status":"broken","statusMessage":"FileNotFoundError: [Errno 2] No such file or directory: '/home/runner/work/Selenium-Python-Example/Selenium-Python-Example/src/resources/tests_data.json'\n","statusTrace":"  File \"/home/runner/work/Selenium-Python-Example/Selenium-Python-Example/.venv/lib/python3.13/site-packages/pluggy/_callers.py\", line 167, in _multicall\n    teardown.throw(outcome._exception)\n    ~~~~~~~~~~~~~~^^^^^^^^^^^^^^^^^^^^\n  File \"/home/runner/work/Selenium-Python-Example/Selenium-Python-Example/.venv/lib/python3.13/site-packages/_pytest/setuponly.py\", line 36, in pytest_fixture_setup\n    return (yield)\n            ^^^^^\n  File \"/home/runner/work/Selenium-Python-Example/Selenium-Python-Example/.venv/lib/python3.13/site-packages/pluggy/_callers.py\", line 103, in _multicall\n    res = hook_impl.function(*args)\n  File \"/home/runner/work/Selenium-Python-Example/Selenium-Python-Example/.venv/lib/python3.13/site-packages/_pytest/fixtures.py\", line 1195, in pytest_fixture_setup\n    result = call_fixture_func(fixturefunc, request, kwargs)\n  File \"/home/runner/work/Selenium-Python-Example/Selenium-Python-Example/.venv/lib/python3.13/site-packages/_pytest/fixtures.py\", line 929, in call_fixture_func\n    fixture_result = fixturefunc(**kwargs)\n  File \"/home/runner/work/Selenium-Python-Example/Selenium-Python-Example/tests/conftest.py\", line 60, in data\n    with open(json_path, encoding=\"utf-8\") as json_file:\n         ~~~~^^^^^^^^^^^^^^^^^^^^^^^^^^^^^\n","steps":[],"attachments":[],"parameters":[],"shouldDisplayMessage":true,"stepsCount":0,"attachmentsCount":0,"hasContent":true,"attachmentStep":false},{"name":"setup_method_fixture","time":{"start":1758505920187,"stop":1758505930520,"duration":10333},"status":"broken","statusMessage":"selenium.common.exceptions.TimeoutException: Message: \nStacktrace:\n#0 0x55cb77d7753a <unknown>\n#1 0x55cb77872f00 <unknown>\n#2 0x55cb778c2c0c <unknown>\n#3 0x55cb778c2e31 <unknown>\n#4 0x55cb77908bd4 <unknown>\n#5 0x55cb778e75cd <unknown>\n#6 0x55cb77905f84 <unknown>\n#7 0x55cb778e7343 <unknown>\n#8 0x55cb778b478a <unknown>\n#9 0x55cb778b59de <unknown>\n#10 0x55cb77d412cb <unknown>\n#11 0x55cb77d45242 <unknown>\n#12 0x55cb77d2e7ac <unknown>\n#13 0x55cb77d45df7 <unknown>\n#14 0x55cb77d12b2f <unknown>\n#15 0x55cb77d661a8 <unknown>\n#16 0x55cb77d66370 <unknown>\n#17 0x55cb77d763b6 <unknown>\n#18 0x7f64aaa9caa4 <unknown>\n#19 0x7f64aab29c3c <unknown>\n\n","statusTrace":"  File \"/home/runner/work/Selenium-Python-Example/Selenium-Python-Example/.venv/lib/python3.13/site-packages/pluggy/_callers.py\", line 167, in _multicall\n    teardown.throw(outcome._exception)\n    ~~~~~~~~~~~~~~^^^^^^^^^^^^^^^^^^^^\n  File \"/home/runner/work/Selenium-Python-Example/Selenium-Python-Example/.venv/lib/python3.13/site-packages/_pytest/setuponly.py\", line 36, in pytest_fixture_setup\n    return (yield)\n            ^^^^^\n  File \"/home/runner/work/Selenium-Python-Example/Selenium-Python-Example/.venv/lib/python3.13/site-packages/pluggy/_callers.py\", line 103, in _multicall\n    res = hook_impl.function(*args)\n  File \"/home/runner/work/Selenium-Python-Example/Selenium-Python-Example/.venv/lib/python3.13/site-packages/_pytest/fixtures.py\", line 1195, in pytest_fixture_setup\n    result = call_fixture_func(fixturefunc, request, kwargs)\n  File \"/home/runner/work/Selenium-Python-Example/Selenium-Python-Example/.venv/lib/python3.13/site-packages/_pytest/fixtures.py\", line 929, in call_fixture_func\n    fixture_result = fixturefunc(**kwargs)\n  File \"/home/runner/work/Selenium-Python-Example/Selenium-Python-Example/tests/workspaces_test.py\", line 25, in setup_method_fixture\n    login(self.about_page, self.login_page)\n    ~~~~~^^^^^^^^^^^^^^^^^^^^^^^^^^^^^^^^^^\n  File \"/home/runner/work/Selenium-Python-Example/Selenium-Python-Example/tests/workspaces_test.py\", line 15, in login\n    about_page.click_login_link()\n    ~~~~~~~~~~~~~~~~~~~~~~~~~~~^^\n  File \"/home/runner/work/Selenium-Python-Example/Selenium-Python-Example/.venv/lib/python3.13/site-packages/allure_commons/_allure.py\", line 202, in impl\n    return func(*a, **kw)\n  File \"/home/runner/work/Selenium-Python-Example/Selenium-Python-Example/src/pages/about_page.py\", line 18, in click_login_link\n    self.click(self.LOGIN_LINK)\n    ~~~~~~~~~~^^^^^^^^^^^^^^^^^\n  File \"/home/runner/work/Selenium-Python-Example/Selenium-Python-Example/src/pages/base_page.py\", line 59, in click\n    el: WebElement = self.wait.until(expected_conditions.element_to_be_clickable(locator))\n                     ~~~~~~~~~~~~~~~^^^^^^^^^^^^^^^^^^^^^^^^^^^^^^^^^^^^^^^^^^^^^^^^^^^^^^\n  File \"/home/runner/work/Selenium-Python-Example/Selenium-Python-Example/.venv/lib/python3.13/site-packages/selenium/webdriver/support/wait.py\", line 138, in until\n    raise TimeoutException(message, screen, stacktrace)\n","steps":[{"name":"Click Login link","time":{"start":1758505920187,"stop":1758505930519,"duration":10332},"status":"broken","statusMessage":"selenium.common.exceptions.TimeoutException: Message: \nStacktrace:\n#0 0x55cb77d7753a <unknown>\n#1 0x55cb77872f00 <unknown>\n#2 0x55cb778c2c0c <unknown>\n#3 0x55cb778c2e31 <unknown>\n#4 0x55cb77908bd4 <unknown>\n#5 0x55cb778e75cd <unknown>\n#6 0x55cb77905f84 <unknown>\n#7 0x55cb778e7343 <unknown>\n#8 0x55cb778b478a <unknown>\n#9 0x55cb778b59de <unknown>\n#10 0x55cb77d412cb <unknown>\n#11 0x55cb77d45242 <unknown>\n#12 0x55cb77d2e7ac <unknown>\n#13 0x55cb77d45df7 <unknown>\n#14 0x55cb77d12b2f <unknown>\n#15 0x55cb77d661a8 <unknown>\n#16 0x55cb77d66370 <unknown>\n#17 0x55cb77d763b6 <unknown>\n#18 0x7f64aaa9caa4 <unknown>\n#19 0x7f64aab29c3c <unknown>\n\n","statusTrace":"  File \"/home/runner/work/Selenium-Python-Example/Selenium-Python-Example/.venv/lib/python3.13/site-packages/allure_commons/_allure.py\", line 202, in impl\n    return func(*a, **kw)\n  File \"/home/runner/work/Selenium-Python-Example/Selenium-Python-Example/src/pages/about_page.py\", line 18, in click_login_link\n    self.click(self.LOGIN_LINK)\n    ~~~~~~~~~~^^^^^^^^^^^^^^^^^\n  File \"/home/runner/work/Selenium-Python-Example/Selenium-Python-Example/src/pages/base_page.py\", line 59, in click\n    el: WebElement = self.wait.until(expected_conditions.element_to_be_clickable(locator))\n                     ~~~~~~~~~~~~~~~^^^^^^^^^^^^^^^^^^^^^^^^^^^^^^^^^^^^^^^^^^^^^^^^^^^^^^\n  File \"/home/runner/work/Selenium-Python-Example/Selenium-Python-Example/.venv/lib/python3.13/site-packages/selenium/webdriver/support/wait.py\", line 138, in until\n    raise TimeoutException(message, screen, stacktrace)\n","steps":[],"attachments":[],"parameters":[],"shouldDisplayMessage":true,"stepsCount":0,"attachmentsCount":0,"hasContent":true,"attachmentStep":false}],"attachments":[],"parameters":[],"shouldDisplayMessage":false,"stepsCount":1,"attachmentsCount":0,"hasContent":true,"attachmentStep":false}],"testStage":{"description":"Create new Workspace","status":"broken","statusMessage":"FileNotFoundError: [Errno 2] No such file or directory: '/home/runner/work/Selenium-Python-Example/Selenium-Python-Example/src/resources/tests_data.json'","statusTrace":"@fixture(scope=\"session\")\n    def data() -> Data:\n        json_path = Constants.DATA_PATH / \"tests_data.json\"\n>       with open(json_path, encoding=\"utf-8\") as json_file:\n             ^^^^^^^^^^^^^^^^^^^^^^^^^^^^^^^^^\nE       FileNotFoundError: [Errno 2] No such file or directory: '/home/runner/work/Selenium-Python-Example/Selenium-Python-Example/src/resources/tests_data.json'\n\ntests/conftest.py:60: FileNotFoundError","steps":[{"name":"public ip address","time":{"start":1758505898636,"stop":1758505898842,"duration":206},"status":"passed","steps":[],"attachments":[{"uid":"865bd10b14162799","name":"HTTP logs of http://checkip.amazonaws.com/","source":"865bd10b14162799.txt","type":"text/plain","size":358}],"parameters":[],"shouldDisplayMessage":false,"stepsCount":0,"attachmentsCount":1,"hasContent":true,"attachmentStep":false}],"attachments":[{"uid":"77fcc7f7e9b8209d","name":"Cookies","source":"77fcc7f7e9b8209d.json","type":"application/json","size":4113},{"uid":"b588d5624af0a773","name":"Session Storage","source":"b588d5624af0a773.json","type":"application/json","size":359},{"uid":"3755626c2909ab01","name":"Local Storage","source":"3755626c2909ab01.json","type":"application/json","size":563},{"uid":"8029eeb6dfe7e370","name":"Full Page Screenshot","source":"8029eeb6dfe7e370.png","type":"image/png","size":2113855},{"uid":"58d7292774ba7df9","name":"URL","source":"58d7292774ba7df9.uri","type":"text/uri-list","size":23},{"uid":"5b88f2b16ab3c00d","name":"Network Logs","source":"5b88f2b16ab3c00d.json","type":"application/json","size":7918399}],"parameters":[],"shouldDisplayMessage":true,"stepsCount":1,"attachmentsCount":7,"hasContent":true,"attachmentStep":false},"afterStages":[{"name":"session_request::0","time":{"start":1758505971852,"stop":1758505971852,"duration":0},"status":"passed","steps":[],"attachments":[],"parameters":[],"shouldDisplayMessage":false,"stepsCount":0,"attachmentsCount":0,"hasContent":false,"attachmentStep":false}],"labels":[{"name":"epic","value":"Workspaces"},{"name":"severity","value":"normal"},{"name":"story","value":"WorkSpaces Creation and Editing Functionality"},{"name":"parentSuite","value":"tests"},{"name":"suite","value":"workspaces_test"},{"name":"subSuite","value":"TestWorkspaces"},{"name":"host","value":"runnervmf4ws1"},{"name":"thread","value":"2167-MainThread"},{"name":"framework","value":"pytest"},{"name":"language","value":"cpython3"},{"name":"package","value":"tests.workspaces_test"},{"name":"resultFormat","value":"allure2"}],"parameters":[],"links":[],"hidden":false,"retry":false,"extra":{"severity":"normal","retries":[],"categories":[{"name":"Test defects","matchedStatuses":[],"flaky":false}],"history":{"statistic":{"failed":0,"broken":21,"skipped":0,"passed":0,"unknown":0,"total":21},"items":[{"uid":"8f100b6f3275e166","reportUrl":"https://nirtal85.github.io/Selenium-Python-Example/783//#testresult/8f100b6f3275e166","status":"broken","statusDetails":"FileNotFoundError: [Errno 2] No such file or directory: '/home/runner/work/Selenium-Python-Example/Selenium-Python-Example/src/resources/tests_data.json'","time":{"start":1758419491216,"stop":1758419491216,"duration":0}},{"uid":"d795c4bec92763e9","reportUrl":"https://nirtal85.github.io/Selenium-Python-Example/782//#testresult/d795c4bec92763e9","status":"broken","statusDetails":"FileNotFoundError: [Errno 2] No such file or directory: '/home/runner/work/Selenium-Python-Example/Selenium-Python-Example/src/resources/tests_data.json'","time":{"start":1758332371417,"stop":1758332371417,"duration":0}},{"uid":"fcabfaa83e265421","reportUrl":"https://nirtal85.github.io/Selenium-Python-Example/781//#testresult/fcabfaa83e265421","status":"broken","statusDetails":"FileNotFoundError: [Errno 2] No such file or directory: '/home/runner/work/Selenium-Python-Example/Selenium-Python-Example/src/resources/tests_data.json'","time":{"start":1758246251781,"stop":1758246251781,"duration":0}},{"uid":"bd6efea3dbe6a4ec","reportUrl":"https://nirtal85.github.io/Selenium-Python-Example/780//#testresult/bd6efea3dbe6a4ec","status":"broken","statusDetails":"FileNotFoundError: [Errno 2] No such file or directory: '/home/runner/work/Selenium-Python-Example/Selenium-Python-Example/src/resources/tests_data.json'","time":{"start":1758159672966,"stop":1758159672966,"duration":0}},{"uid":"d1ff5e5548e97c64","reportUrl":"https://nirtal85.github.io/Selenium-Python-Example/779//#testresult/d1ff5e5548e97c64","status":"broken","statusDetails":"FileNotFoundError: [Errno 2] No such file or directory: '/home/runner/work/Selenium-Python-Example/Selenium-Python-Example/src/resources/tests_data.json'","time":{"start":1758073287609,"stop":1758073287609,"duration":0}},{"uid":"ad20cafe2121f464","reportUrl":"https://nirtal85.github.io/Selenium-Python-Example/778//#testresult/ad20cafe2121f464","status":"broken","statusDetails":"FileNotFoundError: [Errno 2] No such file or directory: '/home/runner/work/Selenium-Python-Example/Selenium-Python-Example/src/resources/tests_data.json'","time":{"start":1757986894526,"stop":1757986894526,"duration":0}},{"uid":"1a6602a0f32c4f40","reportUrl":"https://nirtal85.github.io/Selenium-Python-Example/777//#testresult/1a6602a0f32c4f40","status":"broken","statusDetails":"FileNotFoundError: [Errno 2] No such file or directory: '/home/runner/work/Selenium-Python-Example/Selenium-Python-Example/src/resources/tests_data.json'","time":{"start":1757900978193,"stop":1757900978193,"duration":0}},{"uid":"ec149b5ef9e05fef","reportUrl":"https://nirtal85.github.io/Selenium-Python-Example/776//#testresult/ec149b5ef9e05fef","status":"broken","statusDetails":"FileNotFoundError: [Errno 2] No such file or directory: '/home/runner/work/Selenium-Python-Example/Selenium-Python-Example/src/resources/tests_data.json'","time":{"start":1757814483676,"stop":1757814483676,"duration":0}},{"uid":"841271ca43640ad0","reportUrl":"https://nirtal85.github.io/Selenium-Python-Example/775//#testresult/841271ca43640ad0","status":"broken","statusDetails":"FileNotFoundError: [Errno 2] No such file or directory: '/home/runner/work/Selenium-Python-Example/Selenium-Python-Example/src/resources/tests_data.json'","time":{"start":1757727346152,"stop":1757727346152,"duration":0}},{"uid":"b5d12341f6a2eb9e","reportUrl":"https://nirtal85.github.io/Selenium-Python-Example/774//#testresult/b5d12341f6a2eb9e","status":"broken","statusDetails":"FileNotFoundError: [Errno 2] No such file or directory: '/home/runner/work/Selenium-Python-Example/Selenium-Python-Example/src/resources/tests_data.json'","time":{"start":1757641226608,"stop":1757641226608,"duration":0}},{"uid":"78c780d60cc89056","reportUrl":"https://nirtal85.github.io/Selenium-Python-Example/773//#testresult/78c780d60cc89056","status":"broken","statusDetails":"FileNotFoundError: [Errno 2] No such file or directory: '/home/runner/work/Selenium-Python-Example/Selenium-Python-Example/src/resources/tests_data.json'","time":{"start":1757555045244,"stop":1757555045244,"duration":0}},{"uid":"dbf59bb8a5f29797","reportUrl":"https://nirtal85.github.io/Selenium-Python-Example/772//#testresult/dbf59bb8a5f29797","status":"broken","statusDetails":"FileNotFoundError: [Errno 2] No such file or directory: '/home/runner/work/Selenium-Python-Example/Selenium-Python-Example/src/resources/tests_data.json'","time":{"start":1757468483957,"stop":1757468483957,"duration":0}},{"uid":"50250d83fc6cfdaa","reportUrl":"https://nirtal85.github.io/Selenium-Python-Example/771//#testresult/50250d83fc6cfdaa","status":"broken","statusDetails":"FileNotFoundError: [Errno 2] No such file or directory: '/home/runner/work/Selenium-Python-Example/Selenium-Python-Example/src/resources/tests_data.json'","time":{"start":1757382318181,"stop":1757382318181,"duration":0}},{"uid":"bfc04580f6b51dc7","reportUrl":"https://nirtal85.github.io/Selenium-Python-Example/770//#testresult/bfc04580f6b51dc7","status":"broken","statusDetails":"FileNotFoundError: [Errno 2] No such file or directory: '/home/runner/work/Selenium-Python-Example/Selenium-Python-Example/src/resources/tests_data.json'","time":{"start":1757296115100,"stop":1757296115100,"duration":0}},{"uid":"4f162b496ef1689","reportUrl":"https://nirtal85.github.io/Selenium-Python-Example/769//#testresult/4f162b496ef1689","status":"broken","statusDetails":"FileNotFoundError: [Errno 2] No such file or directory: '/home/runner/work/Selenium-Python-Example/Selenium-Python-Example/src/resources/tests_data.json'","time":{"start":1757209726220,"stop":1757209726220,"duration":0}},{"uid":"483f060e5134b881","reportUrl":"https://nirtal85.github.io/Selenium-Python-Example/768//#testresult/483f060e5134b881","status":"broken","statusDetails":"FileNotFoundError: [Errno 2] No such file or directory: '/home/runner/work/Selenium-Python-Example/Selenium-Python-Example/src/resources/tests_data.json'","time":{"start":1757122809621,"stop":1757122809621,"duration":0}},{"uid":"7790f220a2065a17","reportUrl":"https://nirtal85.github.io/Selenium-Python-Example/767//#testresult/7790f220a2065a17","status":"broken","statusDetails":"FileNotFoundError: [Errno 2] No such file or directory: '/home/runner/work/Selenium-Python-Example/Selenium-Python-Example/src/resources/tests_data.json'","time":{"start":1757036594083,"stop":1757036594083,"duration":0}},{"uid":"7cb2bbd4b3f24ba7","reportUrl":"https://nirtal85.github.io/Selenium-Python-Example/766//#testresult/7cb2bbd4b3f24ba7","status":"broken","statusDetails":"FileNotFoundError: [Errno 2] No such file or directory: '/home/runner/work/Selenium-Python-Example/Selenium-Python-Example/src/resources/tests_data.json'","time":{"start":1756950066455,"stop":1756950066455,"duration":0}},{"uid":"934483e2311f0747","reportUrl":"https://nirtal85.github.io/Selenium-Python-Example/765//#testresult/934483e2311f0747","status":"broken","statusDetails":"FileNotFoundError: [Errno 2] No such file or directory: '/home/runner/work/Selenium-Python-Example/Selenium-Python-Example/src/resources/tests_data.json'","time":{"start":1756863630556,"stop":1756863630556,"duration":0}},{"uid":"9b736963f309aef8","reportUrl":"https://nirtal85.github.io/Selenium-Python-Example/764//#testresult/9b736963f309aef8","status":"broken","statusDetails":"FileNotFoundError: [Errno 2] No such file or directory: '/home/runner/work/Selenium-Python-Example/Selenium-Python-Example/src/resources/tests_data.json'","time":{"start":1756777666682,"stop":1756777666682,"duration":0}}]},"tags":[]},"source":"28b403618e5a8f92.json","parameterValues":[]}