{"uid":"a5338128e4372509","name":"Number of projects displayed in page test","fullName":"tests.workspaces_test.TestWorkspaces#test_number_of_existing_projects","historyId":"34e866e263d4a1ed453e065aefe8091d","time":{"start":1758505934008,"stop":1758505934008,"duration":0},"description":"Compare between the actual number of projects seen on page and the number shown in workspaces block","descriptionHtml":"<p>Compare between the actual number of projects seen on page and the number shown in workspaces block</p>\n","status":"broken","statusMessage":"selenium.common.exceptions.TimeoutException: Message: \nStacktrace:\n#0 0x55ca6265053a <unknown>\n#1 0x55ca6214bf00 <unknown>\n#2 0x55ca6219bc0c <unknown>\n#3 0x55ca6219be31 <unknown>\n#4 0x55ca621e1bd4 <unknown>\n#5 0x55ca621c05cd <unknown>\n#6 0x55ca621def84 <unknown>\n#7 0x55ca621c0343 <unknown>\n#8 0x55ca6218d78a <unknown>\n#9 0x55ca6218e9de <unknown>\n#10 0x55ca6261a2cb <unknown>\n#11 0x55ca6261e242 <unknown>\n#12 0x55ca626077ac <unknown>\n#13 0x55ca6261edf7 <unknown>\n#14 0x55ca625ebb2f <unknown>\n#15 0x55ca6263f1a8 <unknown>\n#16 0x55ca6263f370 <unknown>\n#17 0x55ca6264f3b6 <unknown>\n#18 0x7fcc7029caa4 <unknown>\n#19 0x7fcc70329c3c <unknown>","statusTrace":"self = <tests.workspaces_test.TestWorkspaces object at 0x7f4afb57f100>\n\n    @pytest.fixture(autouse=True)\n    def setup_method_fixture(self):\n>       login(self.about_page, self.login_page)\n\ntests/workspaces_test.py:25: \n_ _ _ _ _ _ _ _ _ _ _ _ _ _ _ _ _ _ _ _ _ _ _ _ _ _ _ _ _ _ _ _ _ _ _ _ _ _ _ _ \ntests/workspaces_test.py:15: in login\n    about_page.click_login_link()\nsrc/pages/about_page.py:18: in click_login_link\n    self.click(self.LOGIN_LINK)\nsrc/pages/base_page.py:59: in click\n    el: WebElement = self.wait.until(expected_conditions.element_to_be_clickable(locator))\n                     ^^^^^^^^^^^^^^^^^^^^^^^^^^^^^^^^^^^^^^^^^^^^^^^^^^^^^^^^^^^^^^^^^^^^^\n_ _ _ _ _ _ _ _ _ _ _ _ _ _ _ _ _ _ _ _ _ _ _ _ _ _ _ _ _ _ _ _ _ _ _ _ _ _ _ _ \n\nself = <selenium.webdriver.support.wait.WebDriverWait (session=\"d02e388343cfd17c5f825bf2efc7606d\")>\nmethod = <function element_to_be_clickable.<locals>._predicate at 0x7f4afb656d40>\nmessage = ''\n\n    def until(self, method: Callable[[D], Union[Literal[False], T]], message: str = \"\") -> T:\n        \"\"\"Wait until the method returns a value that is not False.\n    \n        Calls the method provided with the driver as an argument until the\n        return value does not evaluate to ``False``.\n    \n        Parameters:\n        -----------\n        method: callable(WebDriver)\n            - A callable object that takes a WebDriver instance as an argument.\n    \n        message: str\n            - Optional message for :exc:`TimeoutException`\n    \n        Return:\n        -------\n        object: T\n            - The result of the last call to `method`\n    \n        Raises:\n        -------\n        TimeoutException\n            - If 'method' does not return a truthy value within the WebDriverWait\n            object's timeout\n    \n        Example:\n        --------\n        >>> from selenium.webdriver.common.by import By\n        >>> from selenium.webdriver.support.ui import WebDriverWait\n        >>> from selenium.webdriver.support import expected_conditions as EC\n    \n        # Wait until an element is visible on the page\n        >>> wait = WebDriverWait(driver, 10)\n        >>> element = wait.until(EC.visibility_of_element_located((By.ID, \"exampleId\")))\n        >>> print(element.text)\n        \"\"\"\n        screen = None\n        stacktrace = None\n    \n        end_time = time.monotonic() + self._timeout\n        while True:\n            try:\n                value = method(self._driver)\n                if value:\n                    return value\n            except self._ignored_exceptions as exc:\n                screen = getattr(exc, \"screen\", None)\n                stacktrace = getattr(exc, \"stacktrace\", None)\n            if time.monotonic() > end_time:\n                break\n            time.sleep(self._poll)\n>       raise TimeoutException(message, screen, stacktrace)\nE       selenium.common.exceptions.TimeoutException: Message: \nE       Stacktrace:\nE       #0 0x55ca6265053a <unknown>\nE       #1 0x55ca6214bf00 <unknown>\nE       #2 0x55ca6219bc0c <unknown>\nE       #3 0x55ca6219be31 <unknown>\nE       #4 0x55ca621e1bd4 <unknown>\nE       #5 0x55ca621c05cd <unknown>\nE       #6 0x55ca621def84 <unknown>\nE       #7 0x55ca621c0343 <unknown>\nE       #8 0x55ca6218d78a <unknown>\nE       #9 0x55ca6218e9de <unknown>\nE       #10 0x55ca6261a2cb <unknown>\nE       #11 0x55ca6261e242 <unknown>\nE       #12 0x55ca626077ac <unknown>\nE       #13 0x55ca6261edf7 <unknown>\nE       #14 0x55ca625ebb2f <unknown>\nE       #15 0x55ca6263f1a8 <unknown>\nE       #16 0x55ca6263f370 <unknown>\nE       #17 0x55ca6264f3b6 <unknown>\nE       #18 0x7fcc7029caa4 <unknown>\nE       #19 0x7fcc70329c3c <unknown>\n\n.venv/lib/python3.13/site-packages/selenium/webdriver/support/wait.py:138: TimeoutException","flaky":false,"newFailed":false,"newBroken":false,"newPassed":false,"retriesCount":0,"retriesStatusChange":false,"beforeStages":[{"name":"base_url","time":{"start":1758505898509,"stop":1758505898509,"duration":0},"status":"passed","steps":[],"attachments":[],"parameters":[],"shouldDisplayMessage":false,"stepsCount":0,"attachmentsCount":0,"hasContent":false,"attachmentStep":false},{"name":"session_request","time":{"start":1758505898509,"stop":1758505898509,"duration":0},"status":"passed","steps":[],"attachments":[],"parameters":[],"shouldDisplayMessage":false,"stepsCount":0,"attachmentsCount":0,"hasContent":false,"attachmentStep":false},{"name":"_verify_url","time":{"start":1758505898509,"stop":1758505898509,"duration":0},"status":"passed","steps":[],"attachments":[],"parameters":[],"shouldDisplayMessage":false,"stepsCount":0,"attachmentsCount":0,"hasContent":false,"attachmentStep":false},{"name":"setup_method_fixture","time":{"start":1758505935608,"stop":1758505945822,"duration":10214},"status":"broken","statusMessage":"selenium.common.exceptions.TimeoutException: Message: \nStacktrace:\n#0 0x55ca6265053a <unknown>\n#1 0x55ca6214bf00 <unknown>\n#2 0x55ca6219bc0c <unknown>\n#3 0x55ca6219be31 <unknown>\n#4 0x55ca621e1bd4 <unknown>\n#5 0x55ca621c05cd <unknown>\n#6 0x55ca621def84 <unknown>\n#7 0x55ca621c0343 <unknown>\n#8 0x55ca6218d78a <unknown>\n#9 0x55ca6218e9de <unknown>\n#10 0x55ca6261a2cb <unknown>\n#11 0x55ca6261e242 <unknown>\n#12 0x55ca626077ac <unknown>\n#13 0x55ca6261edf7 <unknown>\n#14 0x55ca625ebb2f <unknown>\n#15 0x55ca6263f1a8 <unknown>\n#16 0x55ca6263f370 <unknown>\n#17 0x55ca6264f3b6 <unknown>\n#18 0x7fcc7029caa4 <unknown>\n#19 0x7fcc70329c3c <unknown>\n\n","statusTrace":"  File \"/home/runner/work/Selenium-Python-Example/Selenium-Python-Example/.venv/lib/python3.13/site-packages/pluggy/_callers.py\", line 167, in _multicall\n    teardown.throw(outcome._exception)\n    ~~~~~~~~~~~~~~^^^^^^^^^^^^^^^^^^^^\n  File \"/home/runner/work/Selenium-Python-Example/Selenium-Python-Example/.venv/lib/python3.13/site-packages/_pytest/setuponly.py\", line 36, in pytest_fixture_setup\n    return (yield)\n            ^^^^^\n  File \"/home/runner/work/Selenium-Python-Example/Selenium-Python-Example/.venv/lib/python3.13/site-packages/pluggy/_callers.py\", line 103, in _multicall\n    res = hook_impl.function(*args)\n  File \"/home/runner/work/Selenium-Python-Example/Selenium-Python-Example/.venv/lib/python3.13/site-packages/_pytest/fixtures.py\", line 1195, in pytest_fixture_setup\n    result = call_fixture_func(fixturefunc, request, kwargs)\n  File \"/home/runner/work/Selenium-Python-Example/Selenium-Python-Example/.venv/lib/python3.13/site-packages/_pytest/fixtures.py\", line 929, in call_fixture_func\n    fixture_result = fixturefunc(**kwargs)\n  File \"/home/runner/work/Selenium-Python-Example/Selenium-Python-Example/tests/workspaces_test.py\", line 25, in setup_method_fixture\n    login(self.about_page, self.login_page)\n    ~~~~~^^^^^^^^^^^^^^^^^^^^^^^^^^^^^^^^^^\n  File \"/home/runner/work/Selenium-Python-Example/Selenium-Python-Example/tests/workspaces_test.py\", line 15, in login\n    about_page.click_login_link()\n    ~~~~~~~~~~~~~~~~~~~~~~~~~~~^^\n  File \"/home/runner/work/Selenium-Python-Example/Selenium-Python-Example/.venv/lib/python3.13/site-packages/allure_commons/_allure.py\", line 202, in impl\n    return func(*a, **kw)\n  File \"/home/runner/work/Selenium-Python-Example/Selenium-Python-Example/src/pages/about_page.py\", line 18, in click_login_link\n    self.click(self.LOGIN_LINK)\n    ~~~~~~~~~~^^^^^^^^^^^^^^^^^\n  File \"/home/runner/work/Selenium-Python-Example/Selenium-Python-Example/src/pages/base_page.py\", line 59, in click\n    el: WebElement = self.wait.until(expected_conditions.element_to_be_clickable(locator))\n                     ~~~~~~~~~~~~~~~^^^^^^^^^^^^^^^^^^^^^^^^^^^^^^^^^^^^^^^^^^^^^^^^^^^^^^\n  File \"/home/runner/work/Selenium-Python-Example/Selenium-Python-Example/.venv/lib/python3.13/site-packages/selenium/webdriver/support/wait.py\", line 138, in until\n    raise TimeoutException(message, screen, stacktrace)\n","steps":[{"name":"Click Login link","time":{"start":1758505935608,"stop":1758505945822,"duration":10214},"status":"broken","statusMessage":"selenium.common.exceptions.TimeoutException: Message: \nStacktrace:\n#0 0x55ca6265053a <unknown>\n#1 0x55ca6214bf00 <unknown>\n#2 0x55ca6219bc0c <unknown>\n#3 0x55ca6219be31 <unknown>\n#4 0x55ca621e1bd4 <unknown>\n#5 0x55ca621c05cd <unknown>\n#6 0x55ca621def84 <unknown>\n#7 0x55ca621c0343 <unknown>\n#8 0x55ca6218d78a <unknown>\n#9 0x55ca6218e9de <unknown>\n#10 0x55ca6261a2cb <unknown>\n#11 0x55ca6261e242 <unknown>\n#12 0x55ca626077ac <unknown>\n#13 0x55ca6261edf7 <unknown>\n#14 0x55ca625ebb2f <unknown>\n#15 0x55ca6263f1a8 <unknown>\n#16 0x55ca6263f370 <unknown>\n#17 0x55ca6264f3b6 <unknown>\n#18 0x7fcc7029caa4 <unknown>\n#19 0x7fcc70329c3c <unknown>\n\n","statusTrace":"  File \"/home/runner/work/Selenium-Python-Example/Selenium-Python-Example/.venv/lib/python3.13/site-packages/allure_commons/_allure.py\", line 202, in impl\n    return func(*a, **kw)\n  File \"/home/runner/work/Selenium-Python-Example/Selenium-Python-Example/src/pages/about_page.py\", line 18, in click_login_link\n    self.click(self.LOGIN_LINK)\n    ~~~~~~~~~~^^^^^^^^^^^^^^^^^\n  File \"/home/runner/work/Selenium-Python-Example/Selenium-Python-Example/src/pages/base_page.py\", line 59, in click\n    el: WebElement = self.wait.until(expected_conditions.element_to_be_clickable(locator))\n                     ~~~~~~~~~~~~~~~^^^^^^^^^^^^^^^^^^^^^^^^^^^^^^^^^^^^^^^^^^^^^^^^^^^^^^\n  File \"/home/runner/work/Selenium-Python-Example/Selenium-Python-Example/.venv/lib/python3.13/site-packages/selenium/webdriver/support/wait.py\", line 138, in until\n    raise TimeoutException(message, screen, stacktrace)\n","steps":[],"attachments":[],"parameters":[],"shouldDisplayMessage":true,"stepsCount":0,"attachmentsCount":0,"hasContent":true,"attachmentStep":false}],"attachments":[],"parameters":[],"shouldDisplayMessage":false,"stepsCount":1,"attachmentsCount":0,"hasContent":true,"attachmentStep":false}],"testStage":{"description":"Compare between the actual number of projects seen on page and the number shown in workspaces block","status":"broken","statusMessage":"selenium.common.exceptions.TimeoutException: Message: \nStacktrace:\n#0 0x55ca6265053a <unknown>\n#1 0x55ca6214bf00 <unknown>\n#2 0x55ca6219bc0c <unknown>\n#3 0x55ca6219be31 <unknown>\n#4 0x55ca621e1bd4 <unknown>\n#5 0x55ca621c05cd <unknown>\n#6 0x55ca621def84 <unknown>\n#7 0x55ca621c0343 <unknown>\n#8 0x55ca6218d78a <unknown>\n#9 0x55ca6218e9de <unknown>\n#10 0x55ca6261a2cb <unknown>\n#11 0x55ca6261e242 <unknown>\n#12 0x55ca626077ac <unknown>\n#13 0x55ca6261edf7 <unknown>\n#14 0x55ca625ebb2f <unknown>\n#15 0x55ca6263f1a8 <unknown>\n#16 0x55ca6263f370 <unknown>\n#17 0x55ca6264f3b6 <unknown>\n#18 0x7fcc7029caa4 <unknown>\n#19 0x7fcc70329c3c <unknown>","statusTrace":"self = <tests.workspaces_test.TestWorkspaces object at 0x7f4afb57f100>\n\n    @pytest.fixture(autouse=True)\n    def setup_method_fixture(self):\n>       login(self.about_page, self.login_page)\n\ntests/workspaces_test.py:25: \n_ _ _ _ _ _ _ _ _ _ _ _ _ _ _ _ _ _ _ _ _ _ _ _ _ _ _ _ _ _ _ _ _ _ _ _ _ _ _ _ \ntests/workspaces_test.py:15: in login\n    about_page.click_login_link()\nsrc/pages/about_page.py:18: in click_login_link\n    self.click(self.LOGIN_LINK)\nsrc/pages/base_page.py:59: in click\n    el: WebElement = self.wait.until(expected_conditions.element_to_be_clickable(locator))\n                     ^^^^^^^^^^^^^^^^^^^^^^^^^^^^^^^^^^^^^^^^^^^^^^^^^^^^^^^^^^^^^^^^^^^^^\n_ _ _ _ _ _ _ _ _ _ _ _ _ _ _ _ _ _ _ _ _ _ _ _ _ _ _ _ _ _ _ _ _ _ _ _ _ _ _ _ \n\nself = <selenium.webdriver.support.wait.WebDriverWait (session=\"d02e388343cfd17c5f825bf2efc7606d\")>\nmethod = <function element_to_be_clickable.<locals>._predicate at 0x7f4afb656d40>\nmessage = ''\n\n    def until(self, method: Callable[[D], Union[Literal[False], T]], message: str = \"\") -> T:\n        \"\"\"Wait until the method returns a value that is not False.\n    \n        Calls the method provided with the driver as an argument until the\n        return value does not evaluate to ``False``.\n    \n        Parameters:\n        -----------\n        method: callable(WebDriver)\n            - A callable object that takes a WebDriver instance as an argument.\n    \n        message: str\n            - Optional message for :exc:`TimeoutException`\n    \n        Return:\n        -------\n        object: T\n            - The result of the last call to `method`\n    \n        Raises:\n        -------\n        TimeoutException\n            - If 'method' does not return a truthy value within the WebDriverWait\n            object's timeout\n    \n        Example:\n        --------\n        >>> from selenium.webdriver.common.by import By\n        >>> from selenium.webdriver.support.ui import WebDriverWait\n        >>> from selenium.webdriver.support import expected_conditions as EC\n    \n        # Wait until an element is visible on the page\n        >>> wait = WebDriverWait(driver, 10)\n        >>> element = wait.until(EC.visibility_of_element_located((By.ID, \"exampleId\")))\n        >>> print(element.text)\n        \"\"\"\n        screen = None\n        stacktrace = None\n    \n        end_time = time.monotonic() + self._timeout\n        while True:\n            try:\n                value = method(self._driver)\n                if value:\n                    return value\n            except self._ignored_exceptions as exc:\n                screen = getattr(exc, \"screen\", None)\n                stacktrace = getattr(exc, \"stacktrace\", None)\n            if time.monotonic() > end_time:\n                break\n            time.sleep(self._poll)\n>       raise TimeoutException(message, screen, stacktrace)\nE       selenium.common.exceptions.TimeoutException: Message: \nE       Stacktrace:\nE       #0 0x55ca6265053a <unknown>\nE       #1 0x55ca6214bf00 <unknown>\nE       #2 0x55ca6219bc0c <unknown>\nE       #3 0x55ca6219be31 <unknown>\nE       #4 0x55ca621e1bd4 <unknown>\nE       #5 0x55ca621c05cd <unknown>\nE       #6 0x55ca621def84 <unknown>\nE       #7 0x55ca621c0343 <unknown>\nE       #8 0x55ca6218d78a <unknown>\nE       #9 0x55ca6218e9de <unknown>\nE       #10 0x55ca6261a2cb <unknown>\nE       #11 0x55ca6261e242 <unknown>\nE       #12 0x55ca626077ac <unknown>\nE       #13 0x55ca6261edf7 <unknown>\nE       #14 0x55ca625ebb2f <unknown>\nE       #15 0x55ca6263f1a8 <unknown>\nE       #16 0x55ca6263f370 <unknown>\nE       #17 0x55ca6264f3b6 <unknown>\nE       #18 0x7fcc7029caa4 <unknown>\nE       #19 0x7fcc70329c3c <unknown>\n\n.venv/lib/python3.13/site-packages/selenium/webdriver/support/wait.py:138: TimeoutException","steps":[{"name":"public ip address","time":{"start":1758505945835,"stop":1758505945979,"duration":144},"status":"passed","steps":[],"attachments":[{"uid":"88fbf9f0f0ae072e","name":"HTTP logs of http://checkip.amazonaws.com/","source":"88fbf9f0f0ae072e.txt","type":"text/plain","size":358}],"parameters":[],"shouldDisplayMessage":false,"stepsCount":0,"attachmentsCount":1,"hasContent":true,"attachmentStep":false}],"attachments":[{"uid":"56853c412a8c79f5","name":"Cookies","source":"56853c412a8c79f5.json","type":"application/json","size":4114},{"uid":"3d97c89055524f6e","name":"Session Storage","source":"3d97c89055524f6e.json","type":"application/json","size":355},{"uid":"d911bd3d41712570","name":"Local Storage","source":"d911bd3d41712570.json","type":"application/json","size":563},{"uid":"72c7c3c4c4ad4e83","name":"Full Page Screenshot","source":"72c7c3c4c4ad4e83.png","type":"image/png","size":2043445},{"uid":"7c72eb72fbe72df5","name":"URL","source":"7c72eb72fbe72df5.uri","type":"text/uri-list","size":23},{"uid":"5db287170aaf57ff","name":"Network Logs","source":"5db287170aaf57ff.json","type":"application/json","size":7928897}],"parameters":[],"shouldDisplayMessage":true,"stepsCount":1,"attachmentsCount":7,"hasContent":true,"attachmentStep":false},"afterStages":[{"name":"session_request::0","time":{"start":1758505971852,"stop":1758505971852,"duration":0},"status":"passed","steps":[],"attachments":[],"parameters":[],"shouldDisplayMessage":false,"stepsCount":0,"attachmentsCount":0,"hasContent":false,"attachmentStep":false}],"labels":[{"name":"epic","value":"Workspaces"},{"name":"severity","value":"normal"},{"name":"story","value":"WorkSpaces Creation and Editing Functionality"},{"name":"parentSuite","value":"tests"},{"name":"suite","value":"workspaces_test"},{"name":"subSuite","value":"TestWorkspaces"},{"name":"host","value":"runnervmf4ws1"},{"name":"thread","value":"2167-MainThread"},{"name":"framework","value":"pytest"},{"name":"language","value":"cpython3"},{"name":"package","value":"tests.workspaces_test"},{"name":"resultFormat","value":"allure2"}],"parameters":[],"links":[],"hidden":false,"retry":false,"extra":{"severity":"normal","retries":[],"categories":[{"name":"Test defects","matchedStatuses":[],"flaky":false}],"history":{"statistic":{"failed":0,"broken":21,"skipped":0,"passed":0,"unknown":0,"total":21},"items":[{"uid":"76a4565b1ac65de1","reportUrl":"https://nirtal85.github.io/Selenium-Python-Example/783//#testresult/76a4565b1ac65de1","status":"broken","statusDetails":"selenium.common.exceptions.TimeoutException: Message: \nStacktrace:\n#0 0x55c9ce02053a <unknown>\n#1 0x55c9cdb1bf00 <unknown>\n#2 0x55c9cdb6bc0c <unknown>\n#3 0x55c9cdb6be31 <unknown>\n#4 0x55c9cdbb1bd4 <unknown>\n#5 0x55c9cdb905cd <unknown>\n#6 0x55c9cdbaef84 <unknown>\n#7 0x55c9cdb90343 <unknown>\n#8 0x55c9cdb5d78a <unknown>\n#9 0x55c9cdb5e9de <unknown>\n#10 0x55c9cdfea2cb <unknown>\n#11 0x55c9cdfee242 <unknown>\n#12 0x55c9cdfd77ac <unknown>\n#13 0x55c9cdfeedf7 <unknown>\n#14 0x55c9cdfbbb2f <unknown>\n#15 0x55c9ce00f1a8 <unknown>\n#16 0x55c9ce00f370 <unknown>\n#17 0x55c9ce01f3b6 <unknown>\n#18 0x7f3b5c49caa4 <unknown>\n#19 0x7f3b5c529c3c <unknown>","time":{"start":1758419535566,"stop":1758419535566,"duration":0}},{"uid":"931458586d8c5175","reportUrl":"https://nirtal85.github.io/Selenium-Python-Example/782//#testresult/931458586d8c5175","status":"broken","statusDetails":"selenium.common.exceptions.TimeoutException: Message: \nStacktrace:\n#0 0x55acd1d0753a <unknown>\n#1 0x55acd1802f00 <unknown>\n#2 0x55acd1852c0c <unknown>\n#3 0x55acd1852e31 <unknown>\n#4 0x55acd1898bd4 <unknown>\n#5 0x55acd18775cd <unknown>\n#6 0x55acd1895f84 <unknown>\n#7 0x55acd1877343 <unknown>\n#8 0x55acd184478a <unknown>\n#9 0x55acd18459de <unknown>\n#10 0x55acd1cd12cb <unknown>\n#11 0x55acd1cd5242 <unknown>\n#12 0x55acd1cbe7ac <unknown>\n#13 0x55acd1cd5df7 <unknown>\n#14 0x55acd1ca2b2f <unknown>\n#15 0x55acd1cf61a8 <unknown>\n#16 0x55acd1cf6370 <unknown>\n#17 0x55acd1d063b6 <unknown>\n#18 0x7fe39489caa4 <unknown>\n#19 0x7fe394929c3c <unknown>","time":{"start":1758332416335,"stop":1758332416335,"duration":0}},{"uid":"a3584d50324c394e","reportUrl":"https://nirtal85.github.io/Selenium-Python-Example/781//#testresult/a3584d50324c394e","status":"broken","statusDetails":"selenium.common.exceptions.TimeoutException: Message: \nStacktrace:\n#0 0x564d8178853a <unknown>\n#1 0x564d81283f00 <unknown>\n#2 0x564d812d3c0c <unknown>\n#3 0x564d812d3e31 <unknown>\n#4 0x564d81319bd4 <unknown>\n#5 0x564d812f85cd <unknown>\n#6 0x564d81316f84 <unknown>\n#7 0x564d812f8343 <unknown>\n#8 0x564d812c578a <unknown>\n#9 0x564d812c69de <unknown>\n#10 0x564d817522cb <unknown>\n#11 0x564d81756242 <unknown>\n#12 0x564d8173f7ac <unknown>\n#13 0x564d81756df7 <unknown>\n#14 0x564d81723b2f <unknown>\n#15 0x564d817771a8 <unknown>\n#16 0x564d81777370 <unknown>\n#17 0x564d817873b6 <unknown>\n#18 0x7f59c1c9caa4 <unknown>\n#19 0x7f59c1d29c3c <unknown>","time":{"start":1758246296122,"stop":1758246296122,"duration":0}},{"uid":"af2784cc98958ce3","reportUrl":"https://nirtal85.github.io/Selenium-Python-Example/780//#testresult/af2784cc98958ce3","status":"broken","statusDetails":"selenium.common.exceptions.TimeoutException: Message: \nStacktrace:\n#0 0x55fd2069553a <unknown>\n#1 0x55fd20190f00 <unknown>\n#2 0x55fd201e0c0c <unknown>\n#3 0x55fd201e0e31 <unknown>\n#4 0x55fd20226bd4 <unknown>\n#5 0x55fd202055cd <unknown>\n#6 0x55fd20223f84 <unknown>\n#7 0x55fd20205343 <unknown>\n#8 0x55fd201d278a <unknown>\n#9 0x55fd201d39de <unknown>\n#10 0x55fd2065f2cb <unknown>\n#11 0x55fd20663242 <unknown>\n#12 0x55fd2064c7ac <unknown>\n#13 0x55fd20663df7 <unknown>\n#14 0x55fd20630b2f <unknown>\n#15 0x55fd206841a8 <unknown>\n#16 0x55fd20684370 <unknown>\n#17 0x55fd206943b6 <unknown>\n#18 0x7fdce9a9caa4 <unknown>\n#19 0x7fdce9b29c3c <unknown>","time":{"start":1758159726976,"stop":1758159726976,"duration":0}},{"uid":"4da3b98e4c83c1ff","reportUrl":"https://nirtal85.github.io/Selenium-Python-Example/779//#testresult/4da3b98e4c83c1ff","status":"broken","statusDetails":"selenium.common.exceptions.TimeoutException: Message: \nStacktrace:\n#0 0x55a66e35053a <unknown>\n#1 0x55a66de4bf00 <unknown>\n#2 0x55a66de9bc0c <unknown>\n#3 0x55a66de9be31 <unknown>\n#4 0x55a66dee1bd4 <unknown>\n#5 0x55a66dec05cd <unknown>\n#6 0x55a66dedef84 <unknown>\n#7 0x55a66dec0343 <unknown>\n#8 0x55a66de8d78a <unknown>\n#9 0x55a66de8e9de <unknown>\n#10 0x55a66e31a2cb <unknown>\n#11 0x55a66e31e242 <unknown>\n#12 0x55a66e3077ac <unknown>\n#13 0x55a66e31edf7 <unknown>\n#14 0x55a66e2ebb2f <unknown>\n#15 0x55a66e33f1a8 <unknown>\n#16 0x55a66e33f370 <unknown>\n#17 0x55a66e34f3b6 <unknown>\n#18 0x7f330f09caa4 <unknown>\n#19 0x7f330f129c3c <unknown>","time":{"start":1758073338175,"stop":1758073338175,"duration":0}},{"uid":"3b80c43416bd20d3","reportUrl":"https://nirtal85.github.io/Selenium-Python-Example/778//#testresult/3b80c43416bd20d3","status":"broken","statusDetails":"selenium.common.exceptions.TimeoutException: Message: \nStacktrace:\n#0 0x55c39695453a <unknown>\n#1 0x55c39644ff00 <unknown>\n#2 0x55c39649fc0c <unknown>\n#3 0x55c39649fe31 <unknown>\n#4 0x55c3964e5bd4 <unknown>\n#5 0x55c3964c45cd <unknown>\n#6 0x55c3964e2f84 <unknown>\n#7 0x55c3964c4343 <unknown>\n#8 0x55c39649178a <unknown>\n#9 0x55c3964929de <unknown>\n#10 0x55c39691e2cb <unknown>\n#11 0x55c396922242 <unknown>\n#12 0x55c39690b7ac <unknown>\n#13 0x55c396922df7 <unknown>\n#14 0x55c3968efb2f <unknown>\n#15 0x55c3969431a8 <unknown>\n#16 0x55c396943370 <unknown>\n#17 0x55c3969533b6 <unknown>\n#18 0x7faf4ec9caa4 <unknown>\n#19 0x7faf4ed29c3c <unknown>","time":{"start":1757986939623,"stop":1757986939623,"duration":0}},{"uid":"6374803881eac86","reportUrl":"https://nirtal85.github.io/Selenium-Python-Example/777//#testresult/6374803881eac86","status":"broken","statusDetails":"selenium.common.exceptions.TimeoutException: Message: \nStacktrace:\n#0 0x558e6edae53a <unknown>\n#1 0x558e6e8a9f00 <unknown>\n#2 0x558e6e8f9c0c <unknown>\n#3 0x558e6e8f9e31 <unknown>\n#4 0x558e6e93fbd4 <unknown>\n#5 0x558e6e91e5cd <unknown>\n#6 0x558e6e93cf84 <unknown>\n#7 0x558e6e91e343 <unknown>\n#8 0x558e6e8eb78a <unknown>\n#9 0x558e6e8ec9de <unknown>\n#10 0x558e6ed782cb <unknown>\n#11 0x558e6ed7c242 <unknown>\n#12 0x558e6ed657ac <unknown>\n#13 0x558e6ed7cdf7 <unknown>\n#14 0x558e6ed49b2f <unknown>\n#15 0x558e6ed9d1a8 <unknown>\n#16 0x558e6ed9d370 <unknown>\n#17 0x558e6edad3b6 <unknown>\n#18 0x7f020a69caa4 <unknown>\n#19 0x7f020a729c3c <unknown>","time":{"start":1757901021710,"stop":1757901021710,"duration":0}},{"uid":"a1665e2682001958","reportUrl":"https://nirtal85.github.io/Selenium-Python-Example/776//#testresult/a1665e2682001958","status":"broken","statusDetails":"selenium.common.exceptions.TimeoutException: Message: \nStacktrace:\n#0 0x555c4967853a <unknown>\n#1 0x555c49173f00 <unknown>\n#2 0x555c491c3c0c <unknown>\n#3 0x555c491c3e31 <unknown>\n#4 0x555c49209bd4 <unknown>\n#5 0x555c491e85cd <unknown>\n#6 0x555c49206f84 <unknown>\n#7 0x555c491e8343 <unknown>\n#8 0x555c491b578a <unknown>\n#9 0x555c491b69de <unknown>\n#10 0x555c496422cb <unknown>\n#11 0x555c49646242 <unknown>\n#12 0x555c4962f7ac <unknown>\n#13 0x555c49646df7 <unknown>\n#14 0x555c49613b2f <unknown>\n#15 0x555c496671a8 <unknown>\n#16 0x555c49667370 <unknown>\n#17 0x555c496773b6 <unknown>\n#18 0x7f21d069caa4 <unknown>\n#19 0x7f21d0729c3c <unknown>","time":{"start":1757814532583,"stop":1757814532583,"duration":0}},{"uid":"17ecaa6e26a24b2c","reportUrl":"https://nirtal85.github.io/Selenium-Python-Example/775//#testresult/17ecaa6e26a24b2c","status":"broken","statusDetails":"selenium.common.exceptions.TimeoutException: Message: \nStacktrace:\n#0 0x56083909a53a <unknown>\n#1 0x560838b95f00 <unknown>\n#2 0x560838be5c0c <unknown>\n#3 0x560838be5e31 <unknown>\n#4 0x560838c2bbd4 <unknown>\n#5 0x560838c0a5cd <unknown>\n#6 0x560838c28f84 <unknown>\n#7 0x560838c0a343 <unknown>\n#8 0x560838bd778a <unknown>\n#9 0x560838bd89de <unknown>\n#10 0x5608390642cb <unknown>\n#11 0x560839068242 <unknown>\n#12 0x5608390517ac <unknown>\n#13 0x560839068df7 <unknown>\n#14 0x560839035b2f <unknown>\n#15 0x5608390891a8 <unknown>\n#16 0x560839089370 <unknown>\n#17 0x5608390993b6 <unknown>\n#18 0x7f3cafa9caa4 <unknown>\n#19 0x7f3cafb29c3c <unknown>","time":{"start":1757727398556,"stop":1757727398556,"duration":0}},{"uid":"732d723db73e8cb8","reportUrl":"https://nirtal85.github.io/Selenium-Python-Example/774//#testresult/732d723db73e8cb8","status":"broken","statusDetails":"selenium.common.exceptions.TimeoutException: Message: \nStacktrace:\n#0 0x561fa283e53a <unknown>\n#1 0x561fa2339f00 <unknown>\n#2 0x561fa2389c0c <unknown>\n#3 0x561fa2389e31 <unknown>\n#4 0x561fa23cfbd4 <unknown>\n#5 0x561fa23ae5cd <unknown>\n#6 0x561fa23ccf84 <unknown>\n#7 0x561fa23ae343 <unknown>\n#8 0x561fa237b78a <unknown>\n#9 0x561fa237c9de <unknown>\n#10 0x561fa28082cb <unknown>\n#11 0x561fa280c242 <unknown>\n#12 0x561fa27f57ac <unknown>\n#13 0x561fa280cdf7 <unknown>\n#14 0x561fa27d9b2f <unknown>\n#15 0x561fa282d1a8 <unknown>\n#16 0x561fa282d370 <unknown>\n#17 0x561fa283d3b6 <unknown>\n#18 0x7fc86329caa4 <unknown>\n#19 0x7fc863329c3c <unknown>","time":{"start":1757641276842,"stop":1757641276842,"duration":0}},{"uid":"c7c067668e8dede5","reportUrl":"https://nirtal85.github.io/Selenium-Python-Example/773//#testresult/c7c067668e8dede5","status":"broken","statusDetails":"selenium.common.exceptions.TimeoutException: Message: \nStacktrace:\n#0 0x55aced8ed53a <unknown>\n#1 0x55aced3e8f00 <unknown>\n#2 0x55aced438c0c <unknown>\n#3 0x55aced438e31 <unknown>\n#4 0x55aced47ebd4 <unknown>\n#5 0x55aced45d5cd <unknown>\n#6 0x55aced47bf84 <unknown>\n#7 0x55aced45d343 <unknown>\n#8 0x55aced42a78a <unknown>\n#9 0x55aced42b9de <unknown>\n#10 0x55aced8b72cb <unknown>\n#11 0x55aced8bb242 <unknown>\n#12 0x55aced8a47ac <unknown>\n#13 0x55aced8bbdf7 <unknown>\n#14 0x55aced888b2f <unknown>\n#15 0x55aced8dc1a8 <unknown>\n#16 0x55aced8dc370 <unknown>\n#17 0x55aced8ec3b6 <unknown>\n#18 0x7fa530e9caa4 <unknown>\n#19 0x7fa530f29c3c <unknown>","time":{"start":1757555090909,"stop":1757555090909,"duration":0}},{"uid":"2a78e7b17d07d710","reportUrl":"https://nirtal85.github.io/Selenium-Python-Example/772//#testresult/2a78e7b17d07d710","status":"broken","statusDetails":"selenium.common.exceptions.TimeoutException: Message: \nStacktrace:\n#0 0x563d3045753a <unknown>\n#1 0x563d2ff52f00 <unknown>\n#2 0x563d2ffa2c0c <unknown>\n#3 0x563d2ffa2e31 <unknown>\n#4 0x563d2ffe8bd4 <unknown>\n#5 0x563d2ffc75cd <unknown>\n#6 0x563d2ffe5f84 <unknown>\n#7 0x563d2ffc7343 <unknown>\n#8 0x563d2ff9478a <unknown>\n#9 0x563d2ff959de <unknown>\n#10 0x563d304212cb <unknown>\n#11 0x563d30425242 <unknown>\n#12 0x563d3040e7ac <unknown>\n#13 0x563d30425df7 <unknown>\n#14 0x563d303f2b2f <unknown>\n#15 0x563d304461a8 <unknown>\n#16 0x563d30446370 <unknown>\n#17 0x563d304563b6 <unknown>\n#18 0x7fa18c09caa4 <unknown>\n#19 0x7fa18c129c3c <unknown>","time":{"start":1757468532853,"stop":1757468532853,"duration":0}},{"uid":"dfc280b273f6ab45","reportUrl":"https://nirtal85.github.io/Selenium-Python-Example/771//#testresult/dfc280b273f6ab45","status":"broken","statusDetails":"selenium.common.exceptions.TimeoutException: Message: \nStacktrace:\n#0 0x562b5591853a <unknown>\n#1 0x562b55413f00 <unknown>\n#2 0x562b55463c0c <unknown>\n#3 0x562b55463e31 <unknown>\n#4 0x562b554a9bd4 <unknown>\n#5 0x562b554885cd <unknown>\n#6 0x562b554a6f84 <unknown>\n#7 0x562b55488343 <unknown>\n#8 0x562b5545578a <unknown>\n#9 0x562b554569de <unknown>\n#10 0x562b558e22cb <unknown>\n#11 0x562b558e6242 <unknown>\n#12 0x562b558cf7ac <unknown>\n#13 0x562b558e6df7 <unknown>\n#14 0x562b558b3b2f <unknown>\n#15 0x562b559071a8 <unknown>\n#16 0x562b55907370 <unknown>\n#17 0x562b559173b6 <unknown>\n#18 0x7f38dea9caa4 <unknown>\n#19 0x7f38deb29c3c <unknown>","time":{"start":1757382364943,"stop":1757382364943,"duration":0}},{"uid":"a058bfa1f03445ec","reportUrl":"https://nirtal85.github.io/Selenium-Python-Example/770//#testresult/a058bfa1f03445ec","status":"broken","statusDetails":"selenium.common.exceptions.TimeoutException: Message: \nStacktrace:\n#0 0x55be3c70253a <unknown>\n#1 0x55be3c1fdf00 <unknown>\n#2 0x55be3c24dc0c <unknown>\n#3 0x55be3c24de31 <unknown>\n#4 0x55be3c293bd4 <unknown>\n#5 0x55be3c2725cd <unknown>\n#6 0x55be3c290f84 <unknown>\n#7 0x55be3c272343 <unknown>\n#8 0x55be3c23f78a <unknown>\n#9 0x55be3c2409de <unknown>\n#10 0x55be3c6cc2cb <unknown>\n#11 0x55be3c6d0242 <unknown>\n#12 0x55be3c6b97ac <unknown>\n#13 0x55be3c6d0df7 <unknown>\n#14 0x55be3c69db2f <unknown>\n#15 0x55be3c6f11a8 <unknown>\n#16 0x55be3c6f1370 <unknown>\n#17 0x55be3c7013b6 <unknown>\n#18 0x7fc248a9caa4 <unknown>\n#19 0x7fc248b29c3c <unknown>","time":{"start":1757296162265,"stop":1757296162265,"duration":0}},{"uid":"77b6d52f60a59e7a","reportUrl":"https://nirtal85.github.io/Selenium-Python-Example/769//#testresult/77b6d52f60a59e7a","status":"broken","statusDetails":"selenium.common.exceptions.TimeoutException: Message: \nStacktrace:\n#0 0x558c7a2f153a <unknown>\n#1 0x558c79decf00 <unknown>\n#2 0x558c79e3cc0c <unknown>\n#3 0x558c79e3ce31 <unknown>\n#4 0x558c79e82bd4 <unknown>\n#5 0x558c79e615cd <unknown>\n#6 0x558c79e7ff84 <unknown>\n#7 0x558c79e61343 <unknown>\n#8 0x558c79e2e78a <unknown>\n#9 0x558c79e2f9de <unknown>\n#10 0x558c7a2bb2cb <unknown>\n#11 0x558c7a2bf242 <unknown>\n#12 0x558c7a2a87ac <unknown>\n#13 0x558c7a2bfdf7 <unknown>\n#14 0x558c7a28cb2f <unknown>\n#15 0x558c7a2e01a8 <unknown>\n#16 0x558c7a2e0370 <unknown>\n#17 0x558c7a2f03b6 <unknown>\n#18 0x7f0a89c9caa4 <unknown>\n#19 0x7f0a89d29c3c <unknown>","time":{"start":1757209772023,"stop":1757209772023,"duration":0}},{"uid":"8397a113b23bf774","reportUrl":"https://nirtal85.github.io/Selenium-Python-Example/768//#testresult/8397a113b23bf774","status":"broken","statusDetails":"selenium.common.exceptions.TimeoutException: Message: \nStacktrace:\n#0 0x5612cd26e53a <unknown>\n#1 0x5612ccd69f00 <unknown>\n#2 0x5612ccdb9c0c <unknown>\n#3 0x5612ccdb9e31 <unknown>\n#4 0x5612ccdffbd4 <unknown>\n#5 0x5612ccdde5cd <unknown>\n#6 0x5612ccdfcf84 <unknown>\n#7 0x5612ccdde343 <unknown>\n#8 0x5612ccdab78a <unknown>\n#9 0x5612ccdac9de <unknown>\n#10 0x5612cd2382cb <unknown>\n#11 0x5612cd23c242 <unknown>\n#12 0x5612cd2257ac <unknown>\n#13 0x5612cd23cdf7 <unknown>\n#14 0x5612cd209b2f <unknown>\n#15 0x5612cd25d1a8 <unknown>\n#16 0x5612cd25d370 <unknown>\n#17 0x5612cd26d3b6 <unknown>\n#18 0x7fdba389caa4 <unknown>\n#19 0x7fdba3929c3c <unknown>","time":{"start":1757122858671,"stop":1757122858671,"duration":0}},{"uid":"63c49424ab44e65","reportUrl":"https://nirtal85.github.io/Selenium-Python-Example/767//#testresult/63c49424ab44e65","status":"broken","statusDetails":"selenium.common.exceptions.TimeoutException: Message: \nStacktrace:\n#0 0x55bbc055d53a <unknown>\n#1 0x55bbc0058f00 <unknown>\n#2 0x55bbc00a8c0c <unknown>\n#3 0x55bbc00a8e31 <unknown>\n#4 0x55bbc00eebd4 <unknown>\n#5 0x55bbc00cd5cd <unknown>\n#6 0x55bbc00ebf84 <unknown>\n#7 0x55bbc00cd343 <unknown>\n#8 0x55bbc009a78a <unknown>\n#9 0x55bbc009b9de <unknown>\n#10 0x55bbc05272cb <unknown>\n#11 0x55bbc052b242 <unknown>\n#12 0x55bbc05147ac <unknown>\n#13 0x55bbc052bdf7 <unknown>\n#14 0x55bbc04f8b2f <unknown>\n#15 0x55bbc054c1a8 <unknown>\n#16 0x55bbc054c370 <unknown>\n#17 0x55bbc055c3b6 <unknown>\n#18 0x7fe58a89caa4 <unknown>\n#19 0x7fe58a929c3c <unknown>","time":{"start":1757036637928,"stop":1757036637928,"duration":0}},{"uid":"1b18949c27de889d","reportUrl":"https://nirtal85.github.io/Selenium-Python-Example/766//#testresult/1b18949c27de889d","status":"broken","statusDetails":"selenium.common.exceptions.TimeoutException: Message: \nStacktrace:\n#0 0x55a33ef2c53a <unknown>\n#1 0x55a33ea27f00 <unknown>\n#2 0x55a33ea77c0c <unknown>\n#3 0x55a33ea77e31 <unknown>\n#4 0x55a33eabdbd4 <unknown>\n#5 0x55a33ea9c5cd <unknown>\n#6 0x55a33eabaf84 <unknown>\n#7 0x55a33ea9c343 <unknown>\n#8 0x55a33ea6978a <unknown>\n#9 0x55a33ea6a9de <unknown>\n#10 0x55a33eef62cb <unknown>\n#11 0x55a33eefa242 <unknown>\n#12 0x55a33eee37ac <unknown>\n#13 0x55a33eefadf7 <unknown>\n#14 0x55a33eec7b2f <unknown>\n#15 0x55a33ef1b1a8 <unknown>\n#16 0x55a33ef1b370 <unknown>\n#17 0x55a33ef2b3b6 <unknown>\n#18 0x7f374489caa4 <unknown>\n#19 0x7f3744929c3c <unknown>","time":{"start":1756950109764,"stop":1756950109764,"duration":0}},{"uid":"7b219a069dc2663f","reportUrl":"https://nirtal85.github.io/Selenium-Python-Example/765//#testresult/7b219a069dc2663f","status":"broken","statusDetails":"selenium.common.exceptions.TimeoutException: Message: \nStacktrace:\n#0 0x556d8aa9b53a <unknown>\n#1 0x556d8a596f00 <unknown>\n#2 0x556d8a5e6c0c <unknown>\n#3 0x556d8a5e6e31 <unknown>\n#4 0x556d8a62cbd4 <unknown>\n#5 0x556d8a60b5cd <unknown>\n#6 0x556d8a629f84 <unknown>\n#7 0x556d8a60b343 <unknown>\n#8 0x556d8a5d878a <unknown>\n#9 0x556d8a5d99de <unknown>\n#10 0x556d8aa652cb <unknown>\n#11 0x556d8aa69242 <unknown>\n#12 0x556d8aa527ac <unknown>\n#13 0x556d8aa69df7 <unknown>\n#14 0x556d8aa36b2f <unknown>\n#15 0x556d8aa8a1a8 <unknown>\n#16 0x556d8aa8a370 <unknown>\n#17 0x556d8aa9a3b6 <unknown>\n#18 0x7fce15c9caa4 <unknown>\n#19 0x7fce15d29c3c <unknown>","time":{"start":1756863685416,"stop":1756863685416,"duration":0}},{"uid":"8373c3a9e450b392","reportUrl":"https://nirtal85.github.io/Selenium-Python-Example/764//#testresult/8373c3a9e450b392","status":"broken","statusDetails":"selenium.common.exceptions.TimeoutException: Message: \nStacktrace:\n#0 0x55ac3eef653a <unknown>\n#1 0x55ac3e9f1f00 <unknown>\n#2 0x55ac3ea41c0c <unknown>\n#3 0x55ac3ea41e31 <unknown>\n#4 0x55ac3ea87bd4 <unknown>\n#5 0x55ac3ea665cd <unknown>\n#6 0x55ac3ea84f84 <unknown>\n#7 0x55ac3ea66343 <unknown>\n#8 0x55ac3ea3378a <unknown>\n#9 0x55ac3ea349de <unknown>\n#10 0x55ac3eec02cb <unknown>\n#11 0x55ac3eec4242 <unknown>\n#12 0x55ac3eead7ac <unknown>\n#13 0x55ac3eec4df7 <unknown>\n#14 0x55ac3ee91b2f <unknown>\n#15 0x55ac3eee51a8 <unknown>\n#16 0x55ac3eee5370 <unknown>\n#17 0x55ac3eef53b6 <unknown>\n#18 0x7f6b2c49caa4 <unknown>\n#19 0x7f6b2c529c3c <unknown>","time":{"start":1756777710114,"stop":1756777710114,"duration":0}}]},"tags":[]},"source":"a5338128e4372509.json","parameterValues":[]}