{"uid":"f1eff578453c51e3","name":"Rename an existing workspace test","fullName":"tests.workspaces_test.TestWorkspaces#test_rename_workspace","historyId":"cd63adf5d11191c5904362b968c9e131","time":{"start":1759024343658,"stop":1759024343658,"duration":0},"description":"Rename an existing workspace","descriptionHtml":"<p>Rename an existing workspace</p>\n","status":"broken","statusMessage":"FileNotFoundError: [Errno 2] No such file or directory: '/home/runner/work/Selenium-Python-Example/Selenium-Python-Example/src/resources/tests_data.json'","statusTrace":"@fixture(scope=\"session\")\n    def data() -> Data:\n        json_path = Constants.DATA_PATH / \"tests_data.json\"\n>       with open(json_path, encoding=\"utf-8\") as json_file:\n             ^^^^^^^^^^^^^^^^^^^^^^^^^^^^^^^^^\nE       FileNotFoundError: [Errno 2] No such file or directory: '/home/runner/work/Selenium-Python-Example/Selenium-Python-Example/src/resources/tests_data.json'\n\ntests/conftest.py:60: FileNotFoundError","flaky":false,"newFailed":false,"newBroken":false,"newPassed":false,"retriesCount":0,"retriesStatusChange":false,"beforeStages":[{"name":"session_request","time":{"start":1759024341256,"stop":1759024341257,"duration":1},"status":"passed","steps":[],"attachments":[],"parameters":[],"shouldDisplayMessage":false,"stepsCount":0,"attachmentsCount":0,"hasContent":false,"attachmentStep":false},{"name":"_verify_url","time":{"start":1759024341256,"stop":1759024341256,"duration":0},"status":"passed","steps":[],"attachments":[],"parameters":[],"shouldDisplayMessage":false,"stepsCount":0,"attachmentsCount":0,"hasContent":false,"attachmentStep":false},{"name":"base_url","time":{"start":1759024341256,"stop":1759024341256,"duration":0},"status":"passed","steps":[],"attachments":[],"parameters":[],"shouldDisplayMessage":false,"stepsCount":0,"attachmentsCount":0,"hasContent":false,"attachmentStep":false},{"name":"data","time":{"start":1759024341257,"stop":1759024341257,"duration":0},"status":"broken","statusMessage":"FileNotFoundError: [Errno 2] No such file or directory: '/home/runner/work/Selenium-Python-Example/Selenium-Python-Example/src/resources/tests_data.json'\n","statusTrace":"  File \"/home/runner/work/Selenium-Python-Example/Selenium-Python-Example/.venv/lib/python3.13/site-packages/pluggy/_callers.py\", line 167, in _multicall\n    teardown.throw(outcome._exception)\n    ~~~~~~~~~~~~~~^^^^^^^^^^^^^^^^^^^^\n  File \"/home/runner/work/Selenium-Python-Example/Selenium-Python-Example/.venv/lib/python3.13/site-packages/_pytest/setuponly.py\", line 36, in pytest_fixture_setup\n    return (yield)\n            ^^^^^\n  File \"/home/runner/work/Selenium-Python-Example/Selenium-Python-Example/.venv/lib/python3.13/site-packages/pluggy/_callers.py\", line 103, in _multicall\n    res = hook_impl.function(*args)\n  File \"/home/runner/work/Selenium-Python-Example/Selenium-Python-Example/.venv/lib/python3.13/site-packages/_pytest/fixtures.py\", line 1195, in pytest_fixture_setup\n    result = call_fixture_func(fixturefunc, request, kwargs)\n  File \"/home/runner/work/Selenium-Python-Example/Selenium-Python-Example/.venv/lib/python3.13/site-packages/_pytest/fixtures.py\", line 929, in call_fixture_func\n    fixture_result = fixturefunc(**kwargs)\n  File \"/home/runner/work/Selenium-Python-Example/Selenium-Python-Example/tests/conftest.py\", line 60, in data\n    with open(json_path, encoding=\"utf-8\") as json_file:\n         ~~~~^^^^^^^^^^^^^^^^^^^^^^^^^^^^^\n","steps":[],"attachments":[],"parameters":[],"shouldDisplayMessage":true,"stepsCount":0,"attachmentsCount":0,"hasContent":true,"attachmentStep":false},{"name":"setup_method_fixture","time":{"start":1759024364197,"stop":1759024374535,"duration":10338},"status":"broken","statusMessage":"selenium.common.exceptions.TimeoutException: Message: \nStacktrace:\n#0 0x55ec2179953a <unknown>\n#1 0x55ec21294f00 <unknown>\n#2 0x55ec212e4c0c <unknown>\n#3 0x55ec212e4e31 <unknown>\n#4 0x55ec2132abd4 <unknown>\n#5 0x55ec213095cd <unknown>\n#6 0x55ec21327f84 <unknown>\n#7 0x55ec21309343 <unknown>\n#8 0x55ec212d678a <unknown>\n#9 0x55ec212d79de <unknown>\n#10 0x55ec217632cb <unknown>\n#11 0x55ec21767242 <unknown>\n#12 0x55ec217507ac <unknown>\n#13 0x55ec21767df7 <unknown>\n#14 0x55ec21734b2f <unknown>\n#15 0x55ec217881a8 <unknown>\n#16 0x55ec21788370 <unknown>\n#17 0x55ec217983b6 <unknown>\n#18 0x7f282809caa4 <unknown>\n#19 0x7f2828129c6c <unknown>\n\n","statusTrace":"  File \"/home/runner/work/Selenium-Python-Example/Selenium-Python-Example/.venv/lib/python3.13/site-packages/pluggy/_callers.py\", line 167, in _multicall\n    teardown.throw(outcome._exception)\n    ~~~~~~~~~~~~~~^^^^^^^^^^^^^^^^^^^^\n  File \"/home/runner/work/Selenium-Python-Example/Selenium-Python-Example/.venv/lib/python3.13/site-packages/_pytest/setuponly.py\", line 36, in pytest_fixture_setup\n    return (yield)\n            ^^^^^\n  File \"/home/runner/work/Selenium-Python-Example/Selenium-Python-Example/.venv/lib/python3.13/site-packages/pluggy/_callers.py\", line 103, in _multicall\n    res = hook_impl.function(*args)\n  File \"/home/runner/work/Selenium-Python-Example/Selenium-Python-Example/.venv/lib/python3.13/site-packages/_pytest/fixtures.py\", line 1195, in pytest_fixture_setup\n    result = call_fixture_func(fixturefunc, request, kwargs)\n  File \"/home/runner/work/Selenium-Python-Example/Selenium-Python-Example/.venv/lib/python3.13/site-packages/_pytest/fixtures.py\", line 929, in call_fixture_func\n    fixture_result = fixturefunc(**kwargs)\n  File \"/home/runner/work/Selenium-Python-Example/Selenium-Python-Example/tests/workspaces_test.py\", line 25, in setup_method_fixture\n    login(self.about_page, self.login_page)\n    ~~~~~^^^^^^^^^^^^^^^^^^^^^^^^^^^^^^^^^^\n  File \"/home/runner/work/Selenium-Python-Example/Selenium-Python-Example/tests/workspaces_test.py\", line 15, in login\n    about_page.click_login_link()\n    ~~~~~~~~~~~~~~~~~~~~~~~~~~~^^\n  File \"/home/runner/work/Selenium-Python-Example/Selenium-Python-Example/.venv/lib/python3.13/site-packages/allure_commons/_allure.py\", line 202, in impl\n    return func(*a, **kw)\n  File \"/home/runner/work/Selenium-Python-Example/Selenium-Python-Example/src/pages/about_page.py\", line 18, in click_login_link\n    self.click(self.LOGIN_LINK)\n    ~~~~~~~~~~^^^^^^^^^^^^^^^^^\n  File \"/home/runner/work/Selenium-Python-Example/Selenium-Python-Example/src/pages/base_page.py\", line 59, in click\n    el: WebElement = self.wait.until(expected_conditions.element_to_be_clickable(locator))\n                     ~~~~~~~~~~~~~~~^^^^^^^^^^^^^^^^^^^^^^^^^^^^^^^^^^^^^^^^^^^^^^^^^^^^^^\n  File \"/home/runner/work/Selenium-Python-Example/Selenium-Python-Example/.venv/lib/python3.13/site-packages/selenium/webdriver/support/wait.py\", line 138, in until\n    raise TimeoutException(message, screen, stacktrace)\n","steps":[{"name":"Click Login link","time":{"start":1759024364197,"stop":1759024374534,"duration":10337},"status":"broken","statusMessage":"selenium.common.exceptions.TimeoutException: Message: \nStacktrace:\n#0 0x55ec2179953a <unknown>\n#1 0x55ec21294f00 <unknown>\n#2 0x55ec212e4c0c <unknown>\n#3 0x55ec212e4e31 <unknown>\n#4 0x55ec2132abd4 <unknown>\n#5 0x55ec213095cd <unknown>\n#6 0x55ec21327f84 <unknown>\n#7 0x55ec21309343 <unknown>\n#8 0x55ec212d678a <unknown>\n#9 0x55ec212d79de <unknown>\n#10 0x55ec217632cb <unknown>\n#11 0x55ec21767242 <unknown>\n#12 0x55ec217507ac <unknown>\n#13 0x55ec21767df7 <unknown>\n#14 0x55ec21734b2f <unknown>\n#15 0x55ec217881a8 <unknown>\n#16 0x55ec21788370 <unknown>\n#17 0x55ec217983b6 <unknown>\n#18 0x7f282809caa4 <unknown>\n#19 0x7f2828129c6c <unknown>\n\n","statusTrace":"  File \"/home/runner/work/Selenium-Python-Example/Selenium-Python-Example/.venv/lib/python3.13/site-packages/allure_commons/_allure.py\", line 202, in impl\n    return func(*a, **kw)\n  File \"/home/runner/work/Selenium-Python-Example/Selenium-Python-Example/src/pages/about_page.py\", line 18, in click_login_link\n    self.click(self.LOGIN_LINK)\n    ~~~~~~~~~~^^^^^^^^^^^^^^^^^\n  File \"/home/runner/work/Selenium-Python-Example/Selenium-Python-Example/src/pages/base_page.py\", line 59, in click\n    el: WebElement = self.wait.until(expected_conditions.element_to_be_clickable(locator))\n                     ~~~~~~~~~~~~~~~^^^^^^^^^^^^^^^^^^^^^^^^^^^^^^^^^^^^^^^^^^^^^^^^^^^^^^\n  File \"/home/runner/work/Selenium-Python-Example/Selenium-Python-Example/.venv/lib/python3.13/site-packages/selenium/webdriver/support/wait.py\", line 138, in until\n    raise TimeoutException(message, screen, stacktrace)\n","steps":[],"attachments":[],"parameters":[],"shouldDisplayMessage":true,"stepsCount":0,"attachmentsCount":0,"hasContent":true,"attachmentStep":false}],"attachments":[],"parameters":[],"shouldDisplayMessage":false,"stepsCount":1,"attachmentsCount":0,"hasContent":true,"attachmentStep":false}],"testStage":{"description":"Rename an existing workspace","status":"broken","statusMessage":"FileNotFoundError: [Errno 2] No such file or directory: '/home/runner/work/Selenium-Python-Example/Selenium-Python-Example/src/resources/tests_data.json'","statusTrace":"@fixture(scope=\"session\")\n    def data() -> Data:\n        json_path = Constants.DATA_PATH / \"tests_data.json\"\n>       with open(json_path, encoding=\"utf-8\") as json_file:\n             ^^^^^^^^^^^^^^^^^^^^^^^^^^^^^^^^^\nE       FileNotFoundError: [Errno 2] No such file or directory: '/home/runner/work/Selenium-Python-Example/Selenium-Python-Example/src/resources/tests_data.json'\n\ntests/conftest.py:60: FileNotFoundError","steps":[{"name":"public ip address","time":{"start":1759024346170,"stop":1759024346195,"duration":25},"status":"passed","steps":[],"attachments":[{"uid":"2b2765e3a4394a9d","name":"HTTP logs of http://checkip.amazonaws.com/","source":"2b2765e3a4394a9d.txt","type":"text/plain","size":358}],"parameters":[],"shouldDisplayMessage":false,"stepsCount":0,"attachmentsCount":1,"hasContent":true,"attachmentStep":false}],"attachments":[{"uid":"66e8c9c17b2b7d5e","name":"Cookies","source":"66e8c9c17b2b7d5e.json","type":"application/json","size":4118},{"uid":"34292e190f990ab2","name":"Session Storage","source":"34292e190f990ab2.json","type":"application/json","size":359},{"uid":"5144731152979eb9","name":"Local Storage","source":"5144731152979eb9.json","type":"application/json","size":563},{"uid":"da5478e068dd1d6e","name":"Full Page Screenshot","source":"da5478e068dd1d6e.png","type":"image/png","size":2073789},{"uid":"a24e0562a2b9faac","name":"URL","source":"a24e0562a2b9faac.uri","type":"text/uri-list","size":23},{"uid":"5444c93ce5f15a81","name":"Network Logs","source":"5444c93ce5f15a81.json","type":"application/json","size":7918333}],"parameters":[],"shouldDisplayMessage":true,"stepsCount":1,"attachmentsCount":7,"hasContent":true,"attachmentStep":false},"afterStages":[{"name":"session_request::0","time":{"start":1759024419814,"stop":1759024419815,"duration":1},"status":"passed","steps":[],"attachments":[],"parameters":[],"shouldDisplayMessage":false,"stepsCount":0,"attachmentsCount":0,"hasContent":false,"attachmentStep":false}],"labels":[{"name":"epic","value":"Workspaces"},{"name":"severity","value":"normal"},{"name":"story","value":"WorkSpaces Creation and Editing Functionality"},{"name":"parentSuite","value":"tests"},{"name":"suite","value":"workspaces_test"},{"name":"subSuite","value":"TestWorkspaces"},{"name":"host","value":"runnervm3ublj"},{"name":"thread","value":"2145-MainThread"},{"name":"framework","value":"pytest"},{"name":"language","value":"cpython3"},{"name":"package","value":"tests.workspaces_test"},{"name":"resultFormat","value":"allure2"}],"parameters":[],"links":[],"hidden":false,"retry":false,"extra":{"severity":"normal","retries":[],"categories":[{"name":"Test defects","matchedStatuses":[],"flaky":false}],"history":{"statistic":{"failed":0,"broken":27,"skipped":0,"passed":0,"unknown":0,"total":27},"items":[{"uid":"f2282c6412f6cee5","reportUrl":"https://nirtal85.github.io/Selenium-Python-Example/789//#testresult/f2282c6412f6cee5","status":"broken","statusDetails":"FileNotFoundError: [Errno 2] No such file or directory: '/home/runner/work/Selenium-Python-Example/Selenium-Python-Example/src/resources/tests_data.json'","time":{"start":1758937170612,"stop":1758937170612,"duration":0}},{"uid":"c9cee7e4fb1ac627","reportUrl":"https://nirtal85.github.io/Selenium-Python-Example/788//#testresult/c9cee7e4fb1ac627","status":"broken","statusDetails":"FileNotFoundError: [Errno 2] No such file or directory: '/home/runner/work/Selenium-Python-Example/Selenium-Python-Example/src/resources/tests_data.json'","time":{"start":1758851007007,"stop":1758851007007,"duration":0}},{"uid":"dc5003a7df8aaa56","reportUrl":"https://nirtal85.github.io/Selenium-Python-Example/787//#testresult/dc5003a7df8aaa56","status":"broken","statusDetails":"FileNotFoundError: [Errno 2] No such file or directory: '/home/runner/work/Selenium-Python-Example/Selenium-Python-Example/src/resources/tests_data.json'","time":{"start":1758764673008,"stop":1758764673008,"duration":0}},{"uid":"542ea5d47113f675","reportUrl":"https://nirtal85.github.io/Selenium-Python-Example/786//#testresult/542ea5d47113f675","status":"broken","statusDetails":"FileNotFoundError: [Errno 2] No such file or directory: '/home/runner/work/Selenium-Python-Example/Selenium-Python-Example/src/resources/tests_data.json'","time":{"start":1758678217405,"stop":1758678217405,"duration":0}},{"uid":"abad7ac44c1737c8","reportUrl":"https://nirtal85.github.io/Selenium-Python-Example/785//#testresult/abad7ac44c1737c8","status":"broken","statusDetails":"FileNotFoundError: [Errno 2] No such file or directory: '/home/runner/work/Selenium-Python-Example/Selenium-Python-Example/src/resources/tests_data.json'","time":{"start":1758591738152,"stop":1758591738152,"duration":0}},{"uid":"21a5a96a14636587","reportUrl":"https://nirtal85.github.io/Selenium-Python-Example/784//#testresult/21a5a96a14636587","status":"broken","statusDetails":"FileNotFoundError: [Errno 2] No such file or directory: '/home/runner/work/Selenium-Python-Example/Selenium-Python-Example/src/resources/tests_data.json'","time":{"start":1758505901043,"stop":1758505901043,"duration":0}},{"uid":"c78e5ab246036dbd","reportUrl":"https://nirtal85.github.io/Selenium-Python-Example/783//#testresult/c78e5ab246036dbd","status":"broken","statusDetails":"FileNotFoundError: [Errno 2] No such file or directory: '/home/runner/work/Selenium-Python-Example/Selenium-Python-Example/src/resources/tests_data.json'","time":{"start":1758419505022,"stop":1758419505022,"duration":0}},{"uid":"b8794a65d8442611","reportUrl":"https://nirtal85.github.io/Selenium-Python-Example/782//#testresult/b8794a65d8442611","status":"broken","statusDetails":"FileNotFoundError: [Errno 2] No such file or directory: '/home/runner/work/Selenium-Python-Example/Selenium-Python-Example/src/resources/tests_data.json'","time":{"start":1758332384012,"stop":1758332384012,"duration":0}},{"uid":"d57e23d531040da0","reportUrl":"https://nirtal85.github.io/Selenium-Python-Example/781//#testresult/d57e23d531040da0","status":"broken","statusDetails":"FileNotFoundError: [Errno 2] No such file or directory: '/home/runner/work/Selenium-Python-Example/Selenium-Python-Example/src/resources/tests_data.json'","time":{"start":1758246267138,"stop":1758246267138,"duration":0}},{"uid":"faef324a4d897d3b","reportUrl":"https://nirtal85.github.io/Selenium-Python-Example/780//#testresult/faef324a4d897d3b","status":"broken","statusDetails":"FileNotFoundError: [Errno 2] No such file or directory: '/home/runner/work/Selenium-Python-Example/Selenium-Python-Example/src/resources/tests_data.json'","time":{"start":1758159693655,"stop":1758159693655,"duration":0}},{"uid":"8bcb5188d95563e8","reportUrl":"https://nirtal85.github.io/Selenium-Python-Example/779//#testresult/8bcb5188d95563e8","status":"broken","statusDetails":"FileNotFoundError: [Errno 2] No such file or directory: '/home/runner/work/Selenium-Python-Example/Selenium-Python-Example/src/resources/tests_data.json'","time":{"start":1758073306359,"stop":1758073306359,"duration":0}},{"uid":"9420b641a290c9fd","reportUrl":"https://nirtal85.github.io/Selenium-Python-Example/778//#testresult/9420b641a290c9fd","status":"broken","statusDetails":"FileNotFoundError: [Errno 2] No such file or directory: '/home/runner/work/Selenium-Python-Example/Selenium-Python-Example/src/resources/tests_data.json'","time":{"start":1757986908699,"stop":1757986908699,"duration":0}},{"uid":"c41c277c8bc3b372","reportUrl":"https://nirtal85.github.io/Selenium-Python-Example/777//#testresult/c41c277c8bc3b372","status":"broken","statusDetails":"FileNotFoundError: [Errno 2] No such file or directory: '/home/runner/work/Selenium-Python-Example/Selenium-Python-Example/src/resources/tests_data.json'","time":{"start":1757900992118,"stop":1757900992118,"duration":0}},{"uid":"a092cab42829577e","reportUrl":"https://nirtal85.github.io/Selenium-Python-Example/776//#testresult/a092cab42829577e","status":"broken","statusDetails":"FileNotFoundError: [Errno 2] No such file or directory: '/home/runner/work/Selenium-Python-Example/Selenium-Python-Example/src/resources/tests_data.json'","time":{"start":1757814499801,"stop":1757814499801,"duration":0}},{"uid":"9c70972668773ad2","reportUrl":"https://nirtal85.github.io/Selenium-Python-Example/775//#testresult/9c70972668773ad2","status":"broken","statusDetails":"FileNotFoundError: [Errno 2] No such file or directory: '/home/runner/work/Selenium-Python-Example/Selenium-Python-Example/src/resources/tests_data.json'","time":{"start":1757727368587,"stop":1757727368587,"duration":0}},{"uid":"fc67e31e685ba1df","reportUrl":"https://nirtal85.github.io/Selenium-Python-Example/774//#testresult/fc67e31e685ba1df","status":"broken","statusDetails":"FileNotFoundError: [Errno 2] No such file or directory: '/home/runner/work/Selenium-Python-Example/Selenium-Python-Example/src/resources/tests_data.json'","time":{"start":1757641242528,"stop":1757641242528,"duration":0}},{"uid":"6df63de0263a5c03","reportUrl":"https://nirtal85.github.io/Selenium-Python-Example/773//#testresult/6df63de0263a5c03","status":"broken","statusDetails":"FileNotFoundError: [Errno 2] No such file or directory: '/home/runner/work/Selenium-Python-Example/Selenium-Python-Example/src/resources/tests_data.json'","time":{"start":1757555059293,"stop":1757555059293,"duration":0}},{"uid":"bce07a8f24d0bf69","reportUrl":"https://nirtal85.github.io/Selenium-Python-Example/772//#testresult/bce07a8f24d0bf69","status":"broken","statusDetails":"FileNotFoundError: [Errno 2] No such file or directory: '/home/runner/work/Selenium-Python-Example/Selenium-Python-Example/src/resources/tests_data.json'","time":{"start":1757468501452,"stop":1757468501452,"duration":0}},{"uid":"a8d1f6cfadf2dfe8","reportUrl":"https://nirtal85.github.io/Selenium-Python-Example/771//#testresult/a8d1f6cfadf2dfe8","status":"broken","statusDetails":"FileNotFoundError: [Errno 2] No such file or directory: '/home/runner/work/Selenium-Python-Example/Selenium-Python-Example/src/resources/tests_data.json'","time":{"start":1757382333067,"stop":1757382333067,"duration":0}},{"uid":"264b5ceb4beddf99","reportUrl":"https://nirtal85.github.io/Selenium-Python-Example/770//#testresult/264b5ceb4beddf99","status":"broken","statusDetails":"FileNotFoundError: [Errno 2] No such file or directory: '/home/runner/work/Selenium-Python-Example/Selenium-Python-Example/src/resources/tests_data.json'","time":{"start":1757296129346,"stop":1757296129346,"duration":0}}]},"tags":[]},"source":"f1eff578453c51e3.json","parameterValues":[]}