{"uid":"ec2762ab7520330a","name":"Exception test","fullName":"tests.forgot_password_test.TestForgotPassword#test_expected_exception_on_page_title","historyId":"288cd0030c92ba34b4ff4b58ed8ec476","time":{"start":1757468503509,"stop":1757468513844,"duration":10335},"description":"Exception catching","descriptionHtml":"<p>Exception catching</p>\n","status":"broken","statusMessage":"selenium.common.exceptions.TimeoutException: Message: \nStacktrace:\n#0 0x55a259dc253a <unknown>\n#1 0x55a2598bdf00 <unknown>\n#2 0x55a25990dc0c <unknown>\n#3 0x55a25990de31 <unknown>\n#4 0x55a259953bd4 <unknown>\n#5 0x55a2599325cd <unknown>\n#6 0x55a259950f84 <unknown>\n#7 0x55a259932343 <unknown>\n#8 0x55a2598ff78a <unknown>\n#9 0x55a2599009de <unknown>\n#10 0x55a259d8c2cb <unknown>\n#11 0x55a259d90242 <unknown>\n#12 0x55a259d797ac <unknown>\n#13 0x55a259d90df7 <unknown>\n#14 0x55a259d5db2f <unknown>\n#15 0x55a259db11a8 <unknown>\n#16 0x55a259db1370 <unknown>\n#17 0x55a259dc13b6 <unknown>\n#18 0x7f4e4529caa4 <unknown>\n#19 0x7f4e45329c3c <unknown>","statusTrace":"self = <tests.forgot_password_test.TestForgotPassword object at 0x7f5ab0e7ab10>\n\n    @allure.description(\"Exception catching\")\n    @allure.title(\"Exception test\")\n    @allure.link(\"github.com/allure-examples/\", name=\"Allure Examples\")\n    @allure.issue(\"github.com/allure-examples/allure-examples/issues/1\", name=\"ISSUE-1\")\n    @allure.testcase(\"github.com/allure-examples/allure-examples/issues/2\", name=\"TESTCASE-2\")\n    def test_expected_exception_on_page_title(self) -> None:\n>       self.about_page.click_login_link()\n\ntests/forgot_password_test.py:51: \n_ _ _ _ _ _ _ _ _ _ _ _ _ _ _ _ _ _ _ _ _ _ _ _ _ _ _ _ _ _ _ _ _ _ _ _ _ _ _ _ \nsrc/pages/about_page.py:18: in click_login_link\n    self.click(self.LOGIN_LINK)\nsrc/pages/base_page.py:59: in click\n    el: WebElement = self.wait.until(expected_conditions.element_to_be_clickable(locator))\n                     ^^^^^^^^^^^^^^^^^^^^^^^^^^^^^^^^^^^^^^^^^^^^^^^^^^^^^^^^^^^^^^^^^^^^^\n_ _ _ _ _ _ _ _ _ _ _ _ _ _ _ _ _ _ _ _ _ _ _ _ _ _ _ _ _ _ _ _ _ _ _ _ _ _ _ _ \n\nself = <selenium.webdriver.support.wait.WebDriverWait (session=\"8f8f18c89d6dd5a7d0038c060e587193\")>\nmethod = <function element_to_be_clickable.<locals>._predicate at 0x7f5ab0fe05e0>\nmessage = ''\n\n    def until(self, method: Callable[[D], Union[Literal[False], T]], message: str = \"\") -> T:\n        \"\"\"Wait until the method returns a value that is not False.\n    \n        Calls the method provided with the driver as an argument until the\n        return value does not evaluate to ``False``.\n    \n        Parameters:\n        -----------\n        method: callable(WebDriver)\n            - A callable object that takes a WebDriver instance as an argument.\n    \n        message: str\n            - Optional message for :exc:`TimeoutException`\n    \n        Return:\n        -------\n        object: T\n            - The result of the last call to `method`\n    \n        Raises:\n        -------\n        TimeoutException\n            - If 'method' does not return a truthy value within the WebDriverWait\n            object's timeout\n    \n        Example:\n        --------\n        >>> from selenium.webdriver.common.by import By\n        >>> from selenium.webdriver.support.ui import WebDriverWait\n        >>> from selenium.webdriver.support import expected_conditions as EC\n    \n        # Wait until an element is visible on the page\n        >>> wait = WebDriverWait(driver, 10)\n        >>> element = wait.until(EC.visibility_of_element_located((By.ID, \"exampleId\")))\n        >>> print(element.text)\n        \"\"\"\n        screen = None\n        stacktrace = None\n    \n        end_time = time.monotonic() + self._timeout\n        while True:\n            try:\n                value = method(self._driver)\n                if value:\n                    return value\n            except self._ignored_exceptions as exc:\n                screen = getattr(exc, \"screen\", None)\n                stacktrace = getattr(exc, \"stacktrace\", None)\n            if time.monotonic() > end_time:\n                break\n            time.sleep(self._poll)\n>       raise TimeoutException(message, screen, stacktrace)\nE       selenium.common.exceptions.TimeoutException: Message: \nE       Stacktrace:\nE       #0 0x55a259dc253a <unknown>\nE       #1 0x55a2598bdf00 <unknown>\nE       #2 0x55a25990dc0c <unknown>\nE       #3 0x55a25990de31 <unknown>\nE       #4 0x55a259953bd4 <unknown>\nE       #5 0x55a2599325cd <unknown>\nE       #6 0x55a259950f84 <unknown>\nE       #7 0x55a259932343 <unknown>\nE       #8 0x55a2598ff78a <unknown>\nE       #9 0x55a2599009de <unknown>\nE       #10 0x55a259d8c2cb <unknown>\nE       #11 0x55a259d90242 <unknown>\nE       #12 0x55a259d797ac <unknown>\nE       #13 0x55a259d90df7 <unknown>\nE       #14 0x55a259d5db2f <unknown>\nE       #15 0x55a259db11a8 <unknown>\nE       #16 0x55a259db1370 <unknown>\nE       #17 0x55a259dc13b6 <unknown>\nE       #18 0x7f4e4529caa4 <unknown>\nE       #19 0x7f4e45329c3c <unknown>\n\n.venv/lib/python3.13/site-packages/selenium/webdriver/support/wait.py:138: TimeoutException","flaky":false,"newFailed":false,"newBroken":false,"newPassed":false,"retriesCount":0,"retriesStatusChange":false,"beforeStages":[{"name":"base_url","time":{"start":1757468498211,"stop":1757468498212,"duration":1},"status":"passed","steps":[],"attachments":[],"parameters":[],"shouldDisplayMessage":false,"stepsCount":0,"attachmentsCount":0,"hasContent":false,"attachmentStep":false},{"name":"_verify_url","time":{"start":1757468498212,"stop":1757468498212,"duration":0},"status":"passed","steps":[],"attachments":[],"parameters":[],"shouldDisplayMessage":false,"stepsCount":0,"attachmentsCount":0,"hasContent":false,"attachmentStep":false},{"name":"session_request","time":{"start":1757468498212,"stop":1757468498212,"duration":0},"status":"passed","steps":[],"attachments":[],"parameters":[],"shouldDisplayMessage":false,"stepsCount":0,"attachmentsCount":0,"hasContent":false,"attachmentStep":false}],"testStage":{"description":"Exception catching","status":"broken","statusMessage":"selenium.common.exceptions.TimeoutException: Message: \nStacktrace:\n#0 0x55a259dc253a <unknown>\n#1 0x55a2598bdf00 <unknown>\n#2 0x55a25990dc0c <unknown>\n#3 0x55a25990de31 <unknown>\n#4 0x55a259953bd4 <unknown>\n#5 0x55a2599325cd <unknown>\n#6 0x55a259950f84 <unknown>\n#7 0x55a259932343 <unknown>\n#8 0x55a2598ff78a <unknown>\n#9 0x55a2599009de <unknown>\n#10 0x55a259d8c2cb <unknown>\n#11 0x55a259d90242 <unknown>\n#12 0x55a259d797ac <unknown>\n#13 0x55a259d90df7 <unknown>\n#14 0x55a259d5db2f <unknown>\n#15 0x55a259db11a8 <unknown>\n#16 0x55a259db1370 <unknown>\n#17 0x55a259dc13b6 <unknown>\n#18 0x7f4e4529caa4 <unknown>\n#19 0x7f4e45329c3c <unknown>","statusTrace":"self = <tests.forgot_password_test.TestForgotPassword object at 0x7f5ab0e7ab10>\n\n    @allure.description(\"Exception catching\")\n    @allure.title(\"Exception test\")\n    @allure.link(\"github.com/allure-examples/\", name=\"Allure Examples\")\n    @allure.issue(\"github.com/allure-examples/allure-examples/issues/1\", name=\"ISSUE-1\")\n    @allure.testcase(\"github.com/allure-examples/allure-examples/issues/2\", name=\"TESTCASE-2\")\n    def test_expected_exception_on_page_title(self) -> None:\n>       self.about_page.click_login_link()\n\ntests/forgot_password_test.py:51: \n_ _ _ _ _ _ _ _ _ _ _ _ _ _ _ _ _ _ _ _ _ _ _ _ _ _ _ _ _ _ _ _ _ _ _ _ _ _ _ _ \nsrc/pages/about_page.py:18: in click_login_link\n    self.click(self.LOGIN_LINK)\nsrc/pages/base_page.py:59: in click\n    el: WebElement = self.wait.until(expected_conditions.element_to_be_clickable(locator))\n                     ^^^^^^^^^^^^^^^^^^^^^^^^^^^^^^^^^^^^^^^^^^^^^^^^^^^^^^^^^^^^^^^^^^^^^\n_ _ _ _ _ _ _ _ _ _ _ _ _ _ _ _ _ _ _ _ _ _ _ _ _ _ _ _ _ _ _ _ _ _ _ _ _ _ _ _ \n\nself = <selenium.webdriver.support.wait.WebDriverWait (session=\"8f8f18c89d6dd5a7d0038c060e587193\")>\nmethod = <function element_to_be_clickable.<locals>._predicate at 0x7f5ab0fe05e0>\nmessage = ''\n\n    def until(self, method: Callable[[D], Union[Literal[False], T]], message: str = \"\") -> T:\n        \"\"\"Wait until the method returns a value that is not False.\n    \n        Calls the method provided with the driver as an argument until the\n        return value does not evaluate to ``False``.\n    \n        Parameters:\n        -----------\n        method: callable(WebDriver)\n            - A callable object that takes a WebDriver instance as an argument.\n    \n        message: str\n            - Optional message for :exc:`TimeoutException`\n    \n        Return:\n        -------\n        object: T\n            - The result of the last call to `method`\n    \n        Raises:\n        -------\n        TimeoutException\n            - If 'method' does not return a truthy value within the WebDriverWait\n            object's timeout\n    \n        Example:\n        --------\n        >>> from selenium.webdriver.common.by import By\n        >>> from selenium.webdriver.support.ui import WebDriverWait\n        >>> from selenium.webdriver.support import expected_conditions as EC\n    \n        # Wait until an element is visible on the page\n        >>> wait = WebDriverWait(driver, 10)\n        >>> element = wait.until(EC.visibility_of_element_located((By.ID, \"exampleId\")))\n        >>> print(element.text)\n        \"\"\"\n        screen = None\n        stacktrace = None\n    \n        end_time = time.monotonic() + self._timeout\n        while True:\n            try:\n                value = method(self._driver)\n                if value:\n                    return value\n            except self._ignored_exceptions as exc:\n                screen = getattr(exc, \"screen\", None)\n                stacktrace = getattr(exc, \"stacktrace\", None)\n            if time.monotonic() > end_time:\n                break\n            time.sleep(self._poll)\n>       raise TimeoutException(message, screen, stacktrace)\nE       selenium.common.exceptions.TimeoutException: Message: \nE       Stacktrace:\nE       #0 0x55a259dc253a <unknown>\nE       #1 0x55a2598bdf00 <unknown>\nE       #2 0x55a25990dc0c <unknown>\nE       #3 0x55a25990de31 <unknown>\nE       #4 0x55a259953bd4 <unknown>\nE       #5 0x55a2599325cd <unknown>\nE       #6 0x55a259950f84 <unknown>\nE       #7 0x55a259932343 <unknown>\nE       #8 0x55a2598ff78a <unknown>\nE       #9 0x55a2599009de <unknown>\nE       #10 0x55a259d8c2cb <unknown>\nE       #11 0x55a259d90242 <unknown>\nE       #12 0x55a259d797ac <unknown>\nE       #13 0x55a259d90df7 <unknown>\nE       #14 0x55a259d5db2f <unknown>\nE       #15 0x55a259db11a8 <unknown>\nE       #16 0x55a259db1370 <unknown>\nE       #17 0x55a259dc13b6 <unknown>\nE       #18 0x7f4e4529caa4 <unknown>\nE       #19 0x7f4e45329c3c <unknown>\n\n.venv/lib/python3.13/site-packages/selenium/webdriver/support/wait.py:138: TimeoutException","steps":[{"name":"Click Login link","time":{"start":1757468503509,"stop":1757468513843,"duration":10334},"status":"broken","statusMessage":"selenium.common.exceptions.TimeoutException: Message: \nStacktrace:\n#0 0x55a259dc253a <unknown>\n#1 0x55a2598bdf00 <unknown>\n#2 0x55a25990dc0c <unknown>\n#3 0x55a25990de31 <unknown>\n#4 0x55a259953bd4 <unknown>\n#5 0x55a2599325cd <unknown>\n#6 0x55a259950f84 <unknown>\n#7 0x55a259932343 <unknown>\n#8 0x55a2598ff78a <unknown>\n#9 0x55a2599009de <unknown>\n#10 0x55a259d8c2cb <unknown>\n#11 0x55a259d90242 <unknown>\n#12 0x55a259d797ac <unknown>\n#13 0x55a259d90df7 <unknown>\n#14 0x55a259d5db2f <unknown>\n#15 0x55a259db11a8 <unknown>\n#16 0x55a259db1370 <unknown>\n#17 0x55a259dc13b6 <unknown>\n#18 0x7f4e4529caa4 <unknown>\n#19 0x7f4e45329c3c <unknown>\n\n","statusTrace":"  File \"/home/runner/work/Selenium-Python-Example/Selenium-Python-Example/.venv/lib/python3.13/site-packages/allure_commons/_allure.py\", line 202, in impl\n    return func(*a, **kw)\n  File \"/home/runner/work/Selenium-Python-Example/Selenium-Python-Example/src/pages/about_page.py\", line 18, in click_login_link\n    self.click(self.LOGIN_LINK)\n    ~~~~~~~~~~^^^^^^^^^^^^^^^^^\n  File \"/home/runner/work/Selenium-Python-Example/Selenium-Python-Example/src/pages/base_page.py\", line 59, in click\n    el: WebElement = self.wait.until(expected_conditions.element_to_be_clickable(locator))\n                     ~~~~~~~~~~~~~~~^^^^^^^^^^^^^^^^^^^^^^^^^^^^^^^^^^^^^^^^^^^^^^^^^^^^^^\n  File \"/home/runner/work/Selenium-Python-Example/Selenium-Python-Example/.venv/lib/python3.13/site-packages/selenium/webdriver/support/wait.py\", line 138, in until\n    raise TimeoutException(message, screen, stacktrace)\n","steps":[],"attachments":[],"parameters":[],"shouldDisplayMessage":true,"stepsCount":0,"attachmentsCount":0,"hasContent":true,"attachmentStep":false},{"name":"public ip address","time":{"start":1757468513852,"stop":1757468513941,"duration":89},"status":"passed","steps":[],"attachments":[{"uid":"71127df179b09356","name":"HTTP logs of http://checkip.amazonaws.com/","source":"71127df179b09356.txt","type":"text/plain","size":356}],"parameters":[],"shouldDisplayMessage":false,"stepsCount":0,"attachmentsCount":1,"hasContent":true,"attachmentStep":false}],"attachments":[{"uid":"5111f7a9914ab0da","name":"Cookies","source":"5111f7a9914ab0da.json","type":"application/json","size":4116},{"uid":"c1183c4a2fdb59ad","name":"Session Storage","source":"c1183c4a2fdb59ad.json","type":"application/json","size":359},{"uid":"d1de71c9e8d9aaf","name":"Local Storage","source":"d1de71c9e8d9aaf.json","type":"application/json","size":563},{"uid":"614d0f72fbdd9bcf","name":"Full Page Screenshot","source":"614d0f72fbdd9bcf.png","type":"image/png","size":1921191},{"uid":"1f07eab551530dce","name":"URL","source":"1f07eab551530dce.uri","type":"text/uri-list","size":23},{"uid":"3419a50188b58f0f","name":"Network Logs","source":"3419a50188b58f0f.json","type":"application/json","size":7929307}],"parameters":[],"shouldDisplayMessage":true,"stepsCount":2,"attachmentsCount":7,"hasContent":true,"attachmentStep":false},"afterStages":[{"name":"session_request::0","time":{"start":1757468532780,"stop":1757468532780,"duration":0},"status":"passed","steps":[],"attachments":[],"parameters":[],"shouldDisplayMessage":false,"stepsCount":0,"attachmentsCount":0,"hasContent":false,"attachmentStep":false}],"labels":[{"name":"subSuite","value":"Custom sub suite"},{"name":"parentSuite","value":"Custom parent suite"},{"name":"suite","value":"Custom suite"},{"name":"epic","value":"Security"},{"name":"story","value":"Forgot Password Feature's Functionality"},{"name":"severity","value":"critical"},{"name":"tag","value":"security"},{"name":"host","value":"runnervmf4ws1"},{"name":"thread","value":"2189-MainThread"},{"name":"framework","value":"pytest"},{"name":"language","value":"cpython3"},{"name":"package","value":"tests.forgot_password_test"},{"name":"resultFormat","value":"allure2"}],"parameters":[],"links":[{"name":"TESTCASE-2","url":"https://github.com/allure-examples/allure-examples/issues/2","type":"tms"},{"name":"ISSUE-1","url":"https://github.com/allure-examples/allure-examples/issues/1","type":"issue"},{"name":"Allure Examples","url":"https://github.com/allure-examples/","type":"link"}],"hidden":false,"retry":false,"extra":{"severity":"critical","retries":[],"categories":[{"name":"Test defects","matchedStatuses":[],"flaky":false}],"history":{"statistic":{"failed":0,"broken":9,"skipped":0,"passed":0,"unknown":0,"total":9},"items":[{"uid":"e1f789b9ca72e57b","reportUrl":"https://nirtal85.github.io/Selenium-Python-Example/771//#testresult/e1f789b9ca72e57b","status":"broken","statusDetails":"selenium.common.exceptions.TimeoutException: Message: \nStacktrace:\n#0 0x5591cc6a853a <unknown>\n#1 0x5591cc1a3f00 <unknown>\n#2 0x5591cc1f3c0c <unknown>\n#3 0x5591cc1f3e31 <unknown>\n#4 0x5591cc239bd4 <unknown>\n#5 0x5591cc2185cd <unknown>\n#6 0x5591cc236f84 <unknown>\n#7 0x5591cc218343 <unknown>\n#8 0x5591cc1e578a <unknown>\n#9 0x5591cc1e69de <unknown>\n#10 0x5591cc6722cb <unknown>\n#11 0x5591cc676242 <unknown>\n#12 0x5591cc65f7ac <unknown>\n#13 0x5591cc676df7 <unknown>\n#14 0x5591cc643b2f <unknown>\n#15 0x5591cc6971a8 <unknown>\n#16 0x5591cc697370 <unknown>\n#17 0x5591cc6a73b6 <unknown>\n#18 0x7f7bae89caa4 <unknown>\n#19 0x7f7bae929c3c <unknown>","time":{"start":1757382317790,"stop":1757382327909,"duration":10119}},{"uid":"2d7a4acf644b4687","reportUrl":"https://nirtal85.github.io/Selenium-Python-Example/770//#testresult/2d7a4acf644b4687","status":"broken","statusDetails":"selenium.common.exceptions.TimeoutException: Message: \nStacktrace:\n#0 0x55a3f709853a <unknown>\n#1 0x55a3f6b93f00 <unknown>\n#2 0x55a3f6be3c0c <unknown>\n#3 0x55a3f6be3e31 <unknown>\n#4 0x55a3f6c29bd4 <unknown>\n#5 0x55a3f6c085cd <unknown>\n#6 0x55a3f6c26f84 <unknown>\n#7 0x55a3f6c08343 <unknown>\n#8 0x55a3f6bd578a <unknown>\n#9 0x55a3f6bd69de <unknown>\n#10 0x55a3f70622cb <unknown>\n#11 0x55a3f7066242 <unknown>\n#12 0x55a3f704f7ac <unknown>\n#13 0x55a3f7066df7 <unknown>\n#14 0x55a3f7033b2f <unknown>\n#15 0x55a3f70871a8 <unknown>\n#16 0x55a3f7087370 <unknown>\n#17 0x55a3f70973b6 <unknown>\n#18 0x7f8ba889caa4 <unknown>\n#19 0x7f8ba8929c3c <unknown>","time":{"start":1757296130847,"stop":1757296141192,"duration":10345}},{"uid":"7b8418284c592962","reportUrl":"https://nirtal85.github.io/Selenium-Python-Example/769//#testresult/7b8418284c592962","status":"broken","statusDetails":"selenium.common.exceptions.TimeoutException: Message: \nStacktrace:\n#0 0x55c1d896753a <unknown>\n#1 0x55c1d8462f00 <unknown>\n#2 0x55c1d84b2c0c <unknown>\n#3 0x55c1d84b2e31 <unknown>\n#4 0x55c1d84f8bd4 <unknown>\n#5 0x55c1d84d75cd <unknown>\n#6 0x55c1d84f5f84 <unknown>\n#7 0x55c1d84d7343 <unknown>\n#8 0x55c1d84a478a <unknown>\n#9 0x55c1d84a59de <unknown>\n#10 0x55c1d89312cb <unknown>\n#11 0x55c1d8935242 <unknown>\n#12 0x55c1d891e7ac <unknown>\n#13 0x55c1d8935df7 <unknown>\n#14 0x55c1d8902b2f <unknown>\n#15 0x55c1d89561a8 <unknown>\n#16 0x55c1d8956370 <unknown>\n#17 0x55c1d89663b6 <unknown>\n#18 0x7fa05429caa4 <unknown>\n#19 0x7fa054329c3c <unknown>","time":{"start":1757209739673,"stop":1757209750059,"duration":10386}},{"uid":"277d4b75ecfc7383","reportUrl":"https://nirtal85.github.io/Selenium-Python-Example/768//#testresult/277d4b75ecfc7383","status":"broken","statusDetails":"selenium.common.exceptions.TimeoutException: Message: \nStacktrace:\n#0 0x564a4eec953a <unknown>\n#1 0x564a4e9c4f00 <unknown>\n#2 0x564a4ea14c0c <unknown>\n#3 0x564a4ea14e31 <unknown>\n#4 0x564a4ea5abd4 <unknown>\n#5 0x564a4ea395cd <unknown>\n#6 0x564a4ea57f84 <unknown>\n#7 0x564a4ea39343 <unknown>\n#8 0x564a4ea0678a <unknown>\n#9 0x564a4ea079de <unknown>\n#10 0x564a4ee932cb <unknown>\n#11 0x564a4ee97242 <unknown>\n#12 0x564a4ee807ac <unknown>\n#13 0x564a4ee97df7 <unknown>\n#14 0x564a4ee64b2f <unknown>\n#15 0x564a4eeb81a8 <unknown>\n#16 0x564a4eeb8370 <unknown>\n#17 0x564a4eec83b6 <unknown>\n#18 0x7f0616a9caa4 <unknown>\n#19 0x7f0616b29c3c <unknown>","time":{"start":1757122828734,"stop":1757122839107,"duration":10373}},{"uid":"b663a7165ca489c3","reportUrl":"https://nirtal85.github.io/Selenium-Python-Example/767//#testresult/b663a7165ca489c3","status":"broken","statusDetails":"selenium.common.exceptions.TimeoutException: Message: \nStacktrace:\n#0 0x55e57844753a <unknown>\n#1 0x55e577f42f00 <unknown>\n#2 0x55e577f92c0c <unknown>\n#3 0x55e577f92e31 <unknown>\n#4 0x55e577fd8bd4 <unknown>\n#5 0x55e577fb75cd <unknown>\n#6 0x55e577fd5f84 <unknown>\n#7 0x55e577fb7343 <unknown>\n#8 0x55e577f8478a <unknown>\n#9 0x55e577f859de <unknown>\n#10 0x55e5784112cb <unknown>\n#11 0x55e578415242 <unknown>\n#12 0x55e5783fe7ac <unknown>\n#13 0x55e578415df7 <unknown>\n#14 0x55e5783e2b2f <unknown>\n#15 0x55e5784361a8 <unknown>\n#16 0x55e578436370 <unknown>\n#17 0x55e5784463b6 <unknown>\n#18 0x7f036c69caa4 <unknown>\n#19 0x7f036c729c3c <unknown>","time":{"start":1757036619078,"stop":1757036629464,"duration":10386}},{"uid":"e77f849194e3942a","reportUrl":"https://nirtal85.github.io/Selenium-Python-Example/766//#testresult/e77f849194e3942a","status":"broken","statusDetails":"selenium.common.exceptions.TimeoutException: Message: \nStacktrace:\n#0 0x565101c8453a <unknown>\n#1 0x56510177ff00 <unknown>\n#2 0x5651017cfc0c <unknown>\n#3 0x5651017cfe31 <unknown>\n#4 0x565101815bd4 <unknown>\n#5 0x5651017f45cd <unknown>\n#6 0x565101812f84 <unknown>\n#7 0x5651017f4343 <unknown>\n#8 0x5651017c178a <unknown>\n#9 0x5651017c29de <unknown>\n#10 0x565101c4e2cb <unknown>\n#11 0x565101c52242 <unknown>\n#12 0x565101c3b7ac <unknown>\n#13 0x565101c52df7 <unknown>\n#14 0x565101c1fb2f <unknown>\n#15 0x565101c731a8 <unknown>\n#16 0x565101c73370 <unknown>\n#17 0x565101c833b6 <unknown>\n#18 0x7f8315c9caa4 <unknown>\n#19 0x7f8315d29c3c <unknown>","time":{"start":1756950080760,"stop":1756950091152,"duration":10392}},{"uid":"ba621afdf8240c17","reportUrl":"https://nirtal85.github.io/Selenium-Python-Example/765//#testresult/ba621afdf8240c17","status":"broken","statusDetails":"selenium.common.exceptions.TimeoutException: Message: \nStacktrace:\n#0 0x558b8a96053a <unknown>\n#1 0x558b8a45bf00 <unknown>\n#2 0x558b8a4abc0c <unknown>\n#3 0x558b8a4abe31 <unknown>\n#4 0x558b8a4f1bd4 <unknown>\n#5 0x558b8a4d05cd <unknown>\n#6 0x558b8a4eef84 <unknown>\n#7 0x558b8a4d0343 <unknown>\n#8 0x558b8a49d78a <unknown>\n#9 0x558b8a49e9de <unknown>\n#10 0x558b8a92a2cb <unknown>\n#11 0x558b8a92e242 <unknown>\n#12 0x558b8a9177ac <unknown>\n#13 0x558b8a92edf7 <unknown>\n#14 0x558b8a8fbb2f <unknown>\n#15 0x558b8a94f1a8 <unknown>\n#16 0x558b8a94f370 <unknown>\n#17 0x558b8a95f3b6 <unknown>\n#18 0x7f4e8f49caa4 <unknown>\n#19 0x7f4e8f529c3c <unknown>","time":{"start":1756863645417,"stop":1756863655545,"duration":10128}},{"uid":"7065705dbac6da73","reportUrl":"https://nirtal85.github.io/Selenium-Python-Example/764//#testresult/7065705dbac6da73","status":"broken","statusDetails":"selenium.common.exceptions.TimeoutException: Message: \nStacktrace:\n#0 0x55fd955a753a <unknown>\n#1 0x55fd950a2f00 <unknown>\n#2 0x55fd950f2c0c <unknown>\n#3 0x55fd950f2e31 <unknown>\n#4 0x55fd95138bd4 <unknown>\n#5 0x55fd951175cd <unknown>\n#6 0x55fd95135f84 <unknown>\n#7 0x55fd95117343 <unknown>\n#8 0x55fd950e478a <unknown>\n#9 0x55fd950e59de <unknown>\n#10 0x55fd955712cb <unknown>\n#11 0x55fd95575242 <unknown>\n#12 0x55fd9555e7ac <unknown>\n#13 0x55fd95575df7 <unknown>\n#14 0x55fd95542b2f <unknown>\n#15 0x55fd955961a8 <unknown>\n#16 0x55fd95596370 <unknown>\n#17 0x55fd955a63b6 <unknown>\n#18 0x7ffaf8a9caa4 <unknown>\n#19 0x7ffaf8b29c3c <unknown>","time":{"start":1756777683972,"stop":1756777694310,"duration":10338}}]},"tags":["security"]},"source":"ec2762ab7520330a.json","parameterValues":[]}