{"uid":"8424880eca097c17","name":"Number of projects displayed in page test","fullName":"tests.workspaces_test.TestWorkspaces#test_number_of_existing_projects","historyId":"34e866e263d4a1ed453e065aefe8091d","time":{"start":1762134959010,"stop":1762134959010,"duration":0},"description":"Compare between the actual number of projects seen on page and the number shown in workspaces block","descriptionHtml":"<p>Compare between the actual number of projects seen on page and the number shown in workspaces block</p>\n","status":"broken","statusMessage":"selenium.common.exceptions.TimeoutException: Message: \nStacktrace:\n#0 0x55ece000253a <unknown>\n#1 0x55ecdfafdf00 <unknown>\n#2 0x55ecdfb4dc0c <unknown>\n#3 0x55ecdfb4de31 <unknown>\n#4 0x55ecdfb93bd4 <unknown>\n#5 0x55ecdfb725cd <unknown>\n#6 0x55ecdfb90f84 <unknown>\n#7 0x55ecdfb72343 <unknown>\n#8 0x55ecdfb3f78a <unknown>\n#9 0x55ecdfb409de <unknown>\n#10 0x55ecdffcc2cb <unknown>\n#11 0x55ecdffd0242 <unknown>\n#12 0x55ecdffb97ac <unknown>\n#13 0x55ecdffd0df7 <unknown>\n#14 0x55ecdff9db2f <unknown>\n#15 0x55ecdfff11a8 <unknown>\n#16 0x55ecdfff1370 <unknown>\n#17 0x55ece00013b6 <unknown>\n#18 0x7f9c0c69caa4 <unknown>\n#19 0x7f9c0c729c6c <unknown>","statusTrace":"self = <tests.workspaces_test.TestWorkspaces object at 0x7f1ded485480>\n\n    @pytest.fixture(autouse=True)\n    def setup_method_fixture(self):\n>       login(self.about_page, self.login_page)\n\ntests/workspaces_test.py:25: \n_ _ _ _ _ _ _ _ _ _ _ _ _ _ _ _ _ _ _ _ _ _ _ _ _ _ _ _ _ _ _ _ _ _ _ _ _ _ _ _ \ntests/workspaces_test.py:15: in login\n    about_page.click_login_link()\nsrc/pages/about_page.py:18: in click_login_link\n    self.click(self.LOGIN_LINK)\nsrc/pages/base_page.py:59: in click\n    el: WebElement = self.wait.until(expected_conditions.element_to_be_clickable(locator))\n                     ^^^^^^^^^^^^^^^^^^^^^^^^^^^^^^^^^^^^^^^^^^^^^^^^^^^^^^^^^^^^^^^^^^^^^\n_ _ _ _ _ _ _ _ _ _ _ _ _ _ _ _ _ _ _ _ _ _ _ _ _ _ _ _ _ _ _ _ _ _ _ _ _ _ _ _ \n\nself = <selenium.webdriver.support.wait.WebDriverWait (session=\"8c59cac3665d0271aa3ef4c1dafedd20\")>\nmethod = <function element_to_be_clickable.<locals>._predicate at 0x7f1dec3bf8a0>\nmessage = ''\n\n    def until(self, method: Callable[[D], Union[Literal[False], T]], message: str = \"\") -> T:\n        \"\"\"Wait until the method returns a value that is not False.\n    \n        Calls the method provided with the driver as an argument until the\n        return value does not evaluate to ``False``.\n    \n        Parameters:\n        -----------\n        method: callable(WebDriver)\n            - A callable object that takes a WebDriver instance as an argument.\n    \n        message: str\n            - Optional message for :exc:`TimeoutException`\n    \n        Return:\n        -------\n        object: T\n            - The result of the last call to `method`\n    \n        Raises:\n        -------\n        TimeoutException\n            - If 'method' does not return a truthy value within the WebDriverWait\n            object's timeout\n    \n        Example:\n        --------\n        >>> from selenium.webdriver.common.by import By\n        >>> from selenium.webdriver.support.ui import WebDriverWait\n        >>> from selenium.webdriver.support import expected_conditions as EC\n    \n        # Wait until an element is visible on the page\n        >>> wait = WebDriverWait(driver, 10)\n        >>> element = wait.until(EC.visibility_of_element_located((By.ID, \"exampleId\")))\n        >>> print(element.text)\n        \"\"\"\n        screen = None\n        stacktrace = None\n    \n        end_time = time.monotonic() + self._timeout\n        while True:\n            try:\n                value = method(self._driver)\n                if value:\n                    return value\n            except self._ignored_exceptions as exc:\n                screen = getattr(exc, \"screen\", None)\n                stacktrace = getattr(exc, \"stacktrace\", None)\n            if time.monotonic() > end_time:\n                break\n            time.sleep(self._poll)\n>       raise TimeoutException(message, screen, stacktrace)\nE       selenium.common.exceptions.TimeoutException: Message: \nE       Stacktrace:\nE       #0 0x55ece000253a <unknown>\nE       #1 0x55ecdfafdf00 <unknown>\nE       #2 0x55ecdfb4dc0c <unknown>\nE       #3 0x55ecdfb4de31 <unknown>\nE       #4 0x55ecdfb93bd4 <unknown>\nE       #5 0x55ecdfb725cd <unknown>\nE       #6 0x55ecdfb90f84 <unknown>\nE       #7 0x55ecdfb72343 <unknown>\nE       #8 0x55ecdfb3f78a <unknown>\nE       #9 0x55ecdfb409de <unknown>\nE       #10 0x55ecdffcc2cb <unknown>\nE       #11 0x55ecdffd0242 <unknown>\nE       #12 0x55ecdffb97ac <unknown>\nE       #13 0x55ecdffd0df7 <unknown>\nE       #14 0x55ecdff9db2f <unknown>\nE       #15 0x55ecdfff11a8 <unknown>\nE       #16 0x55ecdfff1370 <unknown>\nE       #17 0x55ece00013b6 <unknown>\nE       #18 0x7f9c0c69caa4 <unknown>\nE       #19 0x7f9c0c729c6c <unknown>\n\n.venv/lib/python3.14/site-packages/selenium/webdriver/support/wait.py:138: TimeoutException","flaky":false,"newFailed":false,"newBroken":false,"newPassed":false,"retriesCount":0,"retriesStatusChange":false,"beforeStages":[{"name":"base_url","time":{"start":1762134924038,"stop":1762134924039,"duration":1},"status":"passed","steps":[],"attachments":[],"parameters":[],"shouldDisplayMessage":false,"stepsCount":0,"attachmentsCount":0,"hasContent":false,"attachmentStep":false},{"name":"session_request","time":{"start":1762134924039,"stop":1762134924039,"duration":0},"status":"passed","steps":[],"attachments":[],"parameters":[],"shouldDisplayMessage":false,"stepsCount":0,"attachmentsCount":0,"hasContent":false,"attachmentStep":false},{"name":"_verify_url","time":{"start":1762134924039,"stop":1762134924039,"duration":0},"status":"passed","steps":[],"attachments":[],"parameters":[],"shouldDisplayMessage":false,"stepsCount":0,"attachmentsCount":0,"hasContent":false,"attachmentStep":false},{"name":"setup_method_fixture","time":{"start":1762134961764,"stop":1762134972140,"duration":10376},"status":"broken","statusMessage":"selenium.common.exceptions.TimeoutException: Message: \nStacktrace:\n#0 0x55ece000253a <unknown>\n#1 0x55ecdfafdf00 <unknown>\n#2 0x55ecdfb4dc0c <unknown>\n#3 0x55ecdfb4de31 <unknown>\n#4 0x55ecdfb93bd4 <unknown>\n#5 0x55ecdfb725cd <unknown>\n#6 0x55ecdfb90f84 <unknown>\n#7 0x55ecdfb72343 <unknown>\n#8 0x55ecdfb3f78a <unknown>\n#9 0x55ecdfb409de <unknown>\n#10 0x55ecdffcc2cb <unknown>\n#11 0x55ecdffd0242 <unknown>\n#12 0x55ecdffb97ac <unknown>\n#13 0x55ecdffd0df7 <unknown>\n#14 0x55ecdff9db2f <unknown>\n#15 0x55ecdfff11a8 <unknown>\n#16 0x55ecdfff1370 <unknown>\n#17 0x55ece00013b6 <unknown>\n#18 0x7f9c0c69caa4 <unknown>\n#19 0x7f9c0c729c6c <unknown>\n\n","statusTrace":"  File \"/home/runner/work/Selenium-Python-Example/Selenium-Python-Example/.venv/lib/python3.14/site-packages/pluggy/_callers.py\", line 167, in _multicall\n    teardown.throw(outcome._exception)\n    ~~~~~~~~~~~~~~^^^^^^^^^^^^^^^^^^^^\n  File \"/home/runner/work/Selenium-Python-Example/Selenium-Python-Example/.venv/lib/python3.14/site-packages/_pytest/setuponly.py\", line 36, in pytest_fixture_setup\n    return (yield)\n            ^^^^^\n  File \"/home/runner/work/Selenium-Python-Example/Selenium-Python-Example/.venv/lib/python3.14/site-packages/pluggy/_callers.py\", line 103, in _multicall\n    res = hook_impl.function(*args)\n  File \"/home/runner/work/Selenium-Python-Example/Selenium-Python-Example/.venv/lib/python3.14/site-packages/_pytest/fixtures.py\", line 1196, in pytest_fixture_setup\n    result = call_fixture_func(fixturefunc, request, kwargs)\n  File \"/home/runner/work/Selenium-Python-Example/Selenium-Python-Example/.venv/lib/python3.14/site-packages/_pytest/fixtures.py\", line 930, in call_fixture_func\n    fixture_result = fixturefunc(**kwargs)\n  File \"/home/runner/work/Selenium-Python-Example/Selenium-Python-Example/tests/workspaces_test.py\", line 25, in setup_method_fixture\n    login(self.about_page, self.login_page)\n    ~~~~~^^^^^^^^^^^^^^^^^^^^^^^^^^^^^^^^^^\n  File \"/home/runner/work/Selenium-Python-Example/Selenium-Python-Example/tests/workspaces_test.py\", line 15, in login\n    about_page.click_login_link()\n    ~~~~~~~~~~~~~~~~~~~~~~~~~~~^^\n  File \"/home/runner/work/Selenium-Python-Example/Selenium-Python-Example/.venv/lib/python3.14/site-packages/allure_commons/_allure.py\", line 202, in impl\n    return func(*a, **kw)\n  File \"/home/runner/work/Selenium-Python-Example/Selenium-Python-Example/src/pages/about_page.py\", line 18, in click_login_link\n    self.click(self.LOGIN_LINK)\n    ~~~~~~~~~~^^^^^^^^^^^^^^^^^\n  File \"/home/runner/work/Selenium-Python-Example/Selenium-Python-Example/src/pages/base_page.py\", line 59, in click\n    el: WebElement = self.wait.until(expected_conditions.element_to_be_clickable(locator))\n                     ~~~~~~~~~~~~~~~^^^^^^^^^^^^^^^^^^^^^^^^^^^^^^^^^^^^^^^^^^^^^^^^^^^^^^\n  File \"/home/runner/work/Selenium-Python-Example/Selenium-Python-Example/.venv/lib/python3.14/site-packages/selenium/webdriver/support/wait.py\", line 138, in until\n    raise TimeoutException(message, screen, stacktrace)\n","steps":[{"name":"Click Login link","time":{"start":1762134961765,"stop":1762134972140,"duration":10375},"status":"broken","statusMessage":"selenium.common.exceptions.TimeoutException: Message: \nStacktrace:\n#0 0x55ece000253a <unknown>\n#1 0x55ecdfafdf00 <unknown>\n#2 0x55ecdfb4dc0c <unknown>\n#3 0x55ecdfb4de31 <unknown>\n#4 0x55ecdfb93bd4 <unknown>\n#5 0x55ecdfb725cd <unknown>\n#6 0x55ecdfb90f84 <unknown>\n#7 0x55ecdfb72343 <unknown>\n#8 0x55ecdfb3f78a <unknown>\n#9 0x55ecdfb409de <unknown>\n#10 0x55ecdffcc2cb <unknown>\n#11 0x55ecdffd0242 <unknown>\n#12 0x55ecdffb97ac <unknown>\n#13 0x55ecdffd0df7 <unknown>\n#14 0x55ecdff9db2f <unknown>\n#15 0x55ecdfff11a8 <unknown>\n#16 0x55ecdfff1370 <unknown>\n#17 0x55ece00013b6 <unknown>\n#18 0x7f9c0c69caa4 <unknown>\n#19 0x7f9c0c729c6c <unknown>\n\n","statusTrace":"  File \"/home/runner/work/Selenium-Python-Example/Selenium-Python-Example/.venv/lib/python3.14/site-packages/allure_commons/_allure.py\", line 202, in impl\n    return func(*a, **kw)\n  File \"/home/runner/work/Selenium-Python-Example/Selenium-Python-Example/src/pages/about_page.py\", line 18, in click_login_link\n    self.click(self.LOGIN_LINK)\n    ~~~~~~~~~~^^^^^^^^^^^^^^^^^\n  File \"/home/runner/work/Selenium-Python-Example/Selenium-Python-Example/src/pages/base_page.py\", line 59, in click\n    el: WebElement = self.wait.until(expected_conditions.element_to_be_clickable(locator))\n                     ~~~~~~~~~~~~~~~^^^^^^^^^^^^^^^^^^^^^^^^^^^^^^^^^^^^^^^^^^^^^^^^^^^^^^\n  File \"/home/runner/work/Selenium-Python-Example/Selenium-Python-Example/.venv/lib/python3.14/site-packages/selenium/webdriver/support/wait.py\", line 138, in until\n    raise TimeoutException(message, screen, stacktrace)\n","steps":[],"attachments":[],"parameters":[],"shouldDisplayMessage":true,"stepsCount":0,"attachmentsCount":0,"hasContent":true,"attachmentStep":false}],"attachments":[],"parameters":[],"shouldDisplayMessage":false,"stepsCount":1,"attachmentsCount":0,"hasContent":true,"attachmentStep":false}],"testStage":{"description":"Compare between the actual number of projects seen on page and the number shown in workspaces block","status":"broken","statusMessage":"selenium.common.exceptions.TimeoutException: Message: \nStacktrace:\n#0 0x55ece000253a <unknown>\n#1 0x55ecdfafdf00 <unknown>\n#2 0x55ecdfb4dc0c <unknown>\n#3 0x55ecdfb4de31 <unknown>\n#4 0x55ecdfb93bd4 <unknown>\n#5 0x55ecdfb725cd <unknown>\n#6 0x55ecdfb90f84 <unknown>\n#7 0x55ecdfb72343 <unknown>\n#8 0x55ecdfb3f78a <unknown>\n#9 0x55ecdfb409de <unknown>\n#10 0x55ecdffcc2cb <unknown>\n#11 0x55ecdffd0242 <unknown>\n#12 0x55ecdffb97ac <unknown>\n#13 0x55ecdffd0df7 <unknown>\n#14 0x55ecdff9db2f <unknown>\n#15 0x55ecdfff11a8 <unknown>\n#16 0x55ecdfff1370 <unknown>\n#17 0x55ece00013b6 <unknown>\n#18 0x7f9c0c69caa4 <unknown>\n#19 0x7f9c0c729c6c <unknown>","statusTrace":"self = <tests.workspaces_test.TestWorkspaces object at 0x7f1ded485480>\n\n    @pytest.fixture(autouse=True)\n    def setup_method_fixture(self):\n>       login(self.about_page, self.login_page)\n\ntests/workspaces_test.py:25: \n_ _ _ _ _ _ _ _ _ _ _ _ _ _ _ _ _ _ _ _ _ _ _ _ _ _ _ _ _ _ _ _ _ _ _ _ _ _ _ _ \ntests/workspaces_test.py:15: in login\n    about_page.click_login_link()\nsrc/pages/about_page.py:18: in click_login_link\n    self.click(self.LOGIN_LINK)\nsrc/pages/base_page.py:59: in click\n    el: WebElement = self.wait.until(expected_conditions.element_to_be_clickable(locator))\n                     ^^^^^^^^^^^^^^^^^^^^^^^^^^^^^^^^^^^^^^^^^^^^^^^^^^^^^^^^^^^^^^^^^^^^^\n_ _ _ _ _ _ _ _ _ _ _ _ _ _ _ _ _ _ _ _ _ _ _ _ _ _ _ _ _ _ _ _ _ _ _ _ _ _ _ _ \n\nself = <selenium.webdriver.support.wait.WebDriverWait (session=\"8c59cac3665d0271aa3ef4c1dafedd20\")>\nmethod = <function element_to_be_clickable.<locals>._predicate at 0x7f1dec3bf8a0>\nmessage = ''\n\n    def until(self, method: Callable[[D], Union[Literal[False], T]], message: str = \"\") -> T:\n        \"\"\"Wait until the method returns a value that is not False.\n    \n        Calls the method provided with the driver as an argument until the\n        return value does not evaluate to ``False``.\n    \n        Parameters:\n        -----------\n        method: callable(WebDriver)\n            - A callable object that takes a WebDriver instance as an argument.\n    \n        message: str\n            - Optional message for :exc:`TimeoutException`\n    \n        Return:\n        -------\n        object: T\n            - The result of the last call to `method`\n    \n        Raises:\n        -------\n        TimeoutException\n            - If 'method' does not return a truthy value within the WebDriverWait\n            object's timeout\n    \n        Example:\n        --------\n        >>> from selenium.webdriver.common.by import By\n        >>> from selenium.webdriver.support.ui import WebDriverWait\n        >>> from selenium.webdriver.support import expected_conditions as EC\n    \n        # Wait until an element is visible on the page\n        >>> wait = WebDriverWait(driver, 10)\n        >>> element = wait.until(EC.visibility_of_element_located((By.ID, \"exampleId\")))\n        >>> print(element.text)\n        \"\"\"\n        screen = None\n        stacktrace = None\n    \n        end_time = time.monotonic() + self._timeout\n        while True:\n            try:\n                value = method(self._driver)\n                if value:\n                    return value\n            except self._ignored_exceptions as exc:\n                screen = getattr(exc, \"screen\", None)\n                stacktrace = getattr(exc, \"stacktrace\", None)\n            if time.monotonic() > end_time:\n                break\n            time.sleep(self._poll)\n>       raise TimeoutException(message, screen, stacktrace)\nE       selenium.common.exceptions.TimeoutException: Message: \nE       Stacktrace:\nE       #0 0x55ece000253a <unknown>\nE       #1 0x55ecdfafdf00 <unknown>\nE       #2 0x55ecdfb4dc0c <unknown>\nE       #3 0x55ecdfb4de31 <unknown>\nE       #4 0x55ecdfb93bd4 <unknown>\nE       #5 0x55ecdfb725cd <unknown>\nE       #6 0x55ecdfb90f84 <unknown>\nE       #7 0x55ecdfb72343 <unknown>\nE       #8 0x55ecdfb3f78a <unknown>\nE       #9 0x55ecdfb409de <unknown>\nE       #10 0x55ecdffcc2cb <unknown>\nE       #11 0x55ecdffd0242 <unknown>\nE       #12 0x55ecdffb97ac <unknown>\nE       #13 0x55ecdffd0df7 <unknown>\nE       #14 0x55ecdff9db2f <unknown>\nE       #15 0x55ecdfff11a8 <unknown>\nE       #16 0x55ecdfff1370 <unknown>\nE       #17 0x55ece00013b6 <unknown>\nE       #18 0x7f9c0c69caa4 <unknown>\nE       #19 0x7f9c0c729c6c <unknown>\n\n.venv/lib/python3.14/site-packages/selenium/webdriver/support/wait.py:138: TimeoutException","steps":[{"name":"public ip address","time":{"start":1762134972161,"stop":1762134972307,"duration":146},"status":"passed","steps":[],"attachments":[{"uid":"bb4eaf62dbd06edc","name":"HTTP logs of http://checkip.amazonaws.com/","source":"bb4eaf62dbd06edc.txt","type":"text/plain","size":359}],"parameters":[],"shouldDisplayMessage":false,"stepsCount":0,"attachmentsCount":1,"hasContent":true,"attachmentStep":false}],"attachments":[{"uid":"cf4cd7fde72ad925","name":"Cookies","source":"cf4cd7fde72ad925.json","type":"application/json","size":4643},{"uid":"5b94df0998b7add5","name":"Session Storage","source":"5b94df0998b7add5.json","type":"application/json","size":382},{"uid":"f51f0f4dddb5074f","name":"Local Storage","source":"f51f0f4dddb5074f.json","type":"application/json","size":563},{"uid":"9a2fa57a1deaca3b","name":"Full Page Screenshot","source":"9a2fa57a1deaca3b.png","type":"image/png","size":2107540},{"uid":"bc16cad603ab5e32","name":"URL","source":"bc16cad603ab5e32.uri","type":"text/uri-list","size":23},{"uid":"75507edb43a89b1","name":"Network Logs","source":"75507edb43a89b1.json","type":"application/json","size":8895223}],"parameters":[],"shouldDisplayMessage":true,"stepsCount":1,"attachmentsCount":7,"hasContent":true,"attachmentStep":false},"afterStages":[{"name":"session_request::0","time":{"start":1762135000433,"stop":1762135000433,"duration":0},"status":"passed","steps":[],"attachments":[],"parameters":[],"shouldDisplayMessage":false,"stepsCount":0,"attachmentsCount":0,"hasContent":false,"attachmentStep":false}],"labels":[{"name":"epic","value":"Workspaces"},{"name":"severity","value":"normal"},{"name":"story","value":"WorkSpaces Creation and Editing Functionality"},{"name":"parentSuite","value":"tests"},{"name":"suite","value":"workspaces_test"},{"name":"subSuite","value":"TestWorkspaces"},{"name":"host","value":"runnervmf2e7y"},{"name":"thread","value":"2171-MainThread"},{"name":"framework","value":"pytest"},{"name":"language","value":"cpython3"},{"name":"package","value":"tests.workspaces_test"},{"name":"resultFormat","value":"allure2"}],"parameters":[],"links":[],"hidden":false,"retry":false,"extra":{"severity":"normal","retries":[],"categories":[{"name":"Test defects","matchedStatuses":[],"flaky":false}],"history":{"statistic":{"failed":0,"broken":2,"skipped":0,"passed":0,"unknown":0,"total":2},"items":[{"uid":"e7a90cff9ba18fde","reportUrl":"https://nirtal85.github.io/Selenium-Python-Example/825//#testresult/e7a90cff9ba18fde","status":"broken","statusDetails":"selenium.common.exceptions.TimeoutException: Message: \nStacktrace:\n#0 0x55df6159b53a <unknown>\n#1 0x55df61096f00 <unknown>\n#2 0x55df610e6c0c <unknown>\n#3 0x55df610e6e31 <unknown>\n#4 0x55df6112cbd4 <unknown>\n#5 0x55df6110b5cd <unknown>\n#6 0x55df61129f84 <unknown>\n#7 0x55df6110b343 <unknown>\n#8 0x55df610d878a <unknown>\n#9 0x55df610d99de <unknown>\n#10 0x55df615652cb <unknown>\n#11 0x55df61569242 <unknown>\n#12 0x55df615527ac <unknown>\n#13 0x55df61569df7 <unknown>\n#14 0x55df61536b2f <unknown>\n#15 0x55df6158a1a8 <unknown>\n#16 0x55df6158a370 <unknown>\n#17 0x55df6159a3b6 <unknown>\n#18 0x7f94d789caa4 <unknown>\n#19 0x7f94d7929c6c <unknown>","time":{"start":1762048585041,"stop":1762048585041,"duration":0}}]},"tags":[]},"source":"8424880eca097c17.json","parameterValues":[]}