{"uid":"fefd703da3db0b57","name":"Create new workspace test","fullName":"tests.workspaces_test.TestWorkspaces#test_create_new_workspace","historyId":"e1f088bc30a040de4100d958931562b3","time":{"start":1759283616559,"stop":1759283616559,"duration":0},"description":"Create new Workspace","descriptionHtml":"<p>Create new Workspace</p>\n","status":"broken","statusMessage":"FileNotFoundError: [Errno 2] No such file or directory: '/home/runner/work/Selenium-Python-Example/Selenium-Python-Example/src/resources/tests_data.json'","statusTrace":"@fixture(scope=\"session\")\n    def data() -> Data:\n        json_path = Constants.DATA_PATH / \"tests_data.json\"\n>       with open(json_path, encoding=\"utf-8\") as json_file:\n             ^^^^^^^^^^^^^^^^^^^^^^^^^^^^^^^^^\nE       FileNotFoundError: [Errno 2] No such file or directory: '/home/runner/work/Selenium-Python-Example/Selenium-Python-Example/src/resources/tests_data.json'\n\ntests/conftest.py:60: FileNotFoundError","flaky":false,"newFailed":false,"newBroken":false,"newPassed":false,"retriesCount":0,"retriesStatusChange":false,"beforeStages":[{"name":"base_url","time":{"start":1759283638454,"stop":1759283638454,"duration":0},"status":"passed","steps":[],"attachments":[],"parameters":[],"shouldDisplayMessage":false,"stepsCount":0,"attachmentsCount":0,"hasContent":false,"attachmentStep":false},{"name":"_verify_url","time":{"start":1759283638454,"stop":1759283638454,"duration":0},"status":"passed","steps":[],"attachments":[],"parameters":[],"shouldDisplayMessage":false,"stepsCount":0,"attachmentsCount":0,"hasContent":false,"attachmentStep":false},{"name":"session_request","time":{"start":1759283638454,"stop":1759283638455,"duration":1},"status":"passed","steps":[],"attachments":[],"parameters":[],"shouldDisplayMessage":false,"stepsCount":0,"attachmentsCount":0,"hasContent":false,"attachmentStep":false},{"name":"data","time":{"start":1759283638455,"stop":1759283638455,"duration":0},"status":"broken","statusMessage":"FileNotFoundError: [Errno 2] No such file or directory: '/home/runner/work/Selenium-Python-Example/Selenium-Python-Example/src/resources/tests_data.json'\n","statusTrace":"  File \"/home/runner/work/Selenium-Python-Example/Selenium-Python-Example/.venv/lib/python3.13/site-packages/pluggy/_callers.py\", line 167, in _multicall\n    teardown.throw(outcome._exception)\n    ~~~~~~~~~~~~~~^^^^^^^^^^^^^^^^^^^^\n  File \"/home/runner/work/Selenium-Python-Example/Selenium-Python-Example/.venv/lib/python3.13/site-packages/_pytest/setuponly.py\", line 36, in pytest_fixture_setup\n    return (yield)\n            ^^^^^\n  File \"/home/runner/work/Selenium-Python-Example/Selenium-Python-Example/.venv/lib/python3.13/site-packages/pluggy/_callers.py\", line 103, in _multicall\n    res = hook_impl.function(*args)\n  File \"/home/runner/work/Selenium-Python-Example/Selenium-Python-Example/.venv/lib/python3.13/site-packages/_pytest/fixtures.py\", line 1195, in pytest_fixture_setup\n    result = call_fixture_func(fixturefunc, request, kwargs)\n  File \"/home/runner/work/Selenium-Python-Example/Selenium-Python-Example/.venv/lib/python3.13/site-packages/_pytest/fixtures.py\", line 929, in call_fixture_func\n    fixture_result = fixturefunc(**kwargs)\n  File \"/home/runner/work/Selenium-Python-Example/Selenium-Python-Example/tests/conftest.py\", line 60, in data\n    with open(json_path, encoding=\"utf-8\") as json_file:\n         ~~~~^^^^^^^^^^^^^^^^^^^^^^^^^^^^^\n","steps":[],"attachments":[],"parameters":[],"shouldDisplayMessage":true,"stepsCount":0,"attachmentsCount":0,"hasContent":true,"attachmentStep":false},{"name":"setup_method_fixture","time":{"start":1759283658916,"stop":1759283669370,"duration":10454},"status":"broken","statusMessage":"selenium.common.exceptions.TimeoutException: Message: \nStacktrace:\n#0 0x55d142dfb53a <unknown>\n#1 0x55d1428f6f00 <unknown>\n#2 0x55d142946c0c <unknown>\n#3 0x55d142946e31 <unknown>\n#4 0x55d14298cbd4 <unknown>\n#5 0x55d14296b5cd <unknown>\n#6 0x55d142989f84 <unknown>\n#7 0x55d14296b343 <unknown>\n#8 0x55d14293878a <unknown>\n#9 0x55d1429399de <unknown>\n#10 0x55d142dc52cb <unknown>\n#11 0x55d142dc9242 <unknown>\n#12 0x55d142db27ac <unknown>\n#13 0x55d142dc9df7 <unknown>\n#14 0x55d142d96b2f <unknown>\n#15 0x55d142dea1a8 <unknown>\n#16 0x55d142dea370 <unknown>\n#17 0x55d142dfa3b6 <unknown>\n#18 0x7f888c29caa4 <unknown>\n#19 0x7f888c329c6c <unknown>\n\n","statusTrace":"  File \"/home/runner/work/Selenium-Python-Example/Selenium-Python-Example/.venv/lib/python3.13/site-packages/pluggy/_callers.py\", line 167, in _multicall\n    teardown.throw(outcome._exception)\n    ~~~~~~~~~~~~~~^^^^^^^^^^^^^^^^^^^^\n  File \"/home/runner/work/Selenium-Python-Example/Selenium-Python-Example/.venv/lib/python3.13/site-packages/_pytest/setuponly.py\", line 36, in pytest_fixture_setup\n    return (yield)\n            ^^^^^\n  File \"/home/runner/work/Selenium-Python-Example/Selenium-Python-Example/.venv/lib/python3.13/site-packages/pluggy/_callers.py\", line 103, in _multicall\n    res = hook_impl.function(*args)\n  File \"/home/runner/work/Selenium-Python-Example/Selenium-Python-Example/.venv/lib/python3.13/site-packages/_pytest/fixtures.py\", line 1195, in pytest_fixture_setup\n    result = call_fixture_func(fixturefunc, request, kwargs)\n  File \"/home/runner/work/Selenium-Python-Example/Selenium-Python-Example/.venv/lib/python3.13/site-packages/_pytest/fixtures.py\", line 929, in call_fixture_func\n    fixture_result = fixturefunc(**kwargs)\n  File \"/home/runner/work/Selenium-Python-Example/Selenium-Python-Example/tests/workspaces_test.py\", line 25, in setup_method_fixture\n    login(self.about_page, self.login_page)\n    ~~~~~^^^^^^^^^^^^^^^^^^^^^^^^^^^^^^^^^^\n  File \"/home/runner/work/Selenium-Python-Example/Selenium-Python-Example/tests/workspaces_test.py\", line 15, in login\n    about_page.click_login_link()\n    ~~~~~~~~~~~~~~~~~~~~~~~~~~~^^\n  File \"/home/runner/work/Selenium-Python-Example/Selenium-Python-Example/.venv/lib/python3.13/site-packages/allure_commons/_allure.py\", line 202, in impl\n    return func(*a, **kw)\n  File \"/home/runner/work/Selenium-Python-Example/Selenium-Python-Example/src/pages/about_page.py\", line 18, in click_login_link\n    self.click(self.LOGIN_LINK)\n    ~~~~~~~~~~^^^^^^^^^^^^^^^^^\n  File \"/home/runner/work/Selenium-Python-Example/Selenium-Python-Example/src/pages/base_page.py\", line 59, in click\n    el: WebElement = self.wait.until(expected_conditions.element_to_be_clickable(locator))\n                     ~~~~~~~~~~~~~~~^^^^^^^^^^^^^^^^^^^^^^^^^^^^^^^^^^^^^^^^^^^^^^^^^^^^^^\n  File \"/home/runner/work/Selenium-Python-Example/Selenium-Python-Example/.venv/lib/python3.13/site-packages/selenium/webdriver/support/wait.py\", line 138, in until\n    raise TimeoutException(message, screen, stacktrace)\n","steps":[{"name":"Click Login link","time":{"start":1759283658916,"stop":1759283669369,"duration":10453},"status":"broken","statusMessage":"selenium.common.exceptions.TimeoutException: Message: \nStacktrace:\n#0 0x55d142dfb53a <unknown>\n#1 0x55d1428f6f00 <unknown>\n#2 0x55d142946c0c <unknown>\n#3 0x55d142946e31 <unknown>\n#4 0x55d14298cbd4 <unknown>\n#5 0x55d14296b5cd <unknown>\n#6 0x55d142989f84 <unknown>\n#7 0x55d14296b343 <unknown>\n#8 0x55d14293878a <unknown>\n#9 0x55d1429399de <unknown>\n#10 0x55d142dc52cb <unknown>\n#11 0x55d142dc9242 <unknown>\n#12 0x55d142db27ac <unknown>\n#13 0x55d142dc9df7 <unknown>\n#14 0x55d142d96b2f <unknown>\n#15 0x55d142dea1a8 <unknown>\n#16 0x55d142dea370 <unknown>\n#17 0x55d142dfa3b6 <unknown>\n#18 0x7f888c29caa4 <unknown>\n#19 0x7f888c329c6c <unknown>\n\n","statusTrace":"  File \"/home/runner/work/Selenium-Python-Example/Selenium-Python-Example/.venv/lib/python3.13/site-packages/allure_commons/_allure.py\", line 202, in impl\n    return func(*a, **kw)\n  File \"/home/runner/work/Selenium-Python-Example/Selenium-Python-Example/src/pages/about_page.py\", line 18, in click_login_link\n    self.click(self.LOGIN_LINK)\n    ~~~~~~~~~~^^^^^^^^^^^^^^^^^\n  File \"/home/runner/work/Selenium-Python-Example/Selenium-Python-Example/src/pages/base_page.py\", line 59, in click\n    el: WebElement = self.wait.until(expected_conditions.element_to_be_clickable(locator))\n                     ~~~~~~~~~~~~~~~^^^^^^^^^^^^^^^^^^^^^^^^^^^^^^^^^^^^^^^^^^^^^^^^^^^^^^\n  File \"/home/runner/work/Selenium-Python-Example/Selenium-Python-Example/.venv/lib/python3.13/site-packages/selenium/webdriver/support/wait.py\", line 138, in until\n    raise TimeoutException(message, screen, stacktrace)\n","steps":[],"attachments":[],"parameters":[],"shouldDisplayMessage":true,"stepsCount":0,"attachmentsCount":0,"hasContent":true,"attachmentStep":false}],"attachments":[],"parameters":[],"shouldDisplayMessage":false,"stepsCount":1,"attachmentsCount":0,"hasContent":true,"attachmentStep":false}],"testStage":{"description":"Create new Workspace","status":"broken","statusMessage":"FileNotFoundError: [Errno 2] No such file or directory: '/home/runner/work/Selenium-Python-Example/Selenium-Python-Example/src/resources/tests_data.json'","statusTrace":"@fixture(scope=\"session\")\n    def data() -> Data:\n        json_path = Constants.DATA_PATH / \"tests_data.json\"\n>       with open(json_path, encoding=\"utf-8\") as json_file:\n             ^^^^^^^^^^^^^^^^^^^^^^^^^^^^^^^^^\nE       FileNotFoundError: [Errno 2] No such file or directory: '/home/runner/work/Selenium-Python-Example/Selenium-Python-Example/src/resources/tests_data.json'\n\ntests/conftest.py:60: FileNotFoundError","steps":[{"name":"public ip address","time":{"start":1759283638506,"stop":1759283638562,"duration":56},"status":"passed","steps":[],"attachments":[{"uid":"5e5f0a07226a0408","name":"HTTP logs of http://checkip.amazonaws.com/","source":"5e5f0a07226a0408.txt","type":"text/plain","size":357}],"parameters":[],"shouldDisplayMessage":false,"stepsCount":0,"attachmentsCount":1,"hasContent":true,"attachmentStep":false}],"attachments":[{"uid":"6e9720d794d4e1f8","name":"Cookies","source":"6e9720d794d4e1f8.json","type":"application/json","size":4117},{"uid":"cfa615a14492a5e8","name":"Session Storage","source":"cfa615a14492a5e8.json","type":"application/json","size":359},{"uid":"b74de680cf13242e","name":"Local Storage","source":"b74de680cf13242e.json","type":"application/json","size":563},{"uid":"90ca2b4750315420","name":"Full Page Screenshot","source":"90ca2b4750315420.png","type":"image/png","size":1892571},{"uid":"7bee462d6b5fcf0","name":"URL","source":"7bee462d6b5fcf0.uri","type":"text/uri-list","size":23},{"uid":"ddb337c91becea50","name":"Network Logs","source":"ddb337c91becea50.json","type":"application/json","size":7918341}],"parameters":[],"shouldDisplayMessage":true,"stepsCount":1,"attachmentsCount":7,"hasContent":true,"attachmentStep":false},"afterStages":[{"name":"session_request::0","time":{"start":1759283716093,"stop":1759283716094,"duration":1},"status":"passed","steps":[],"attachments":[],"parameters":[],"shouldDisplayMessage":false,"stepsCount":0,"attachmentsCount":0,"hasContent":false,"attachmentStep":false}],"labels":[{"name":"severity","value":"normal"},{"name":"epic","value":"Workspaces"},{"name":"story","value":"WorkSpaces Creation and Editing Functionality"},{"name":"parentSuite","value":"tests"},{"name":"suite","value":"workspaces_test"},{"name":"subSuite","value":"TestWorkspaces"},{"name":"host","value":"runnervm3ublj"},{"name":"thread","value":"2173-MainThread"},{"name":"framework","value":"pytest"},{"name":"language","value":"cpython3"},{"name":"package","value":"tests.workspaces_test"},{"name":"resultFormat","value":"allure2"}],"parameters":[],"links":[],"hidden":false,"retry":false,"extra":{"severity":"normal","retries":[],"categories":[{"name":"Test defects","matchedStatuses":[],"flaky":false}],"history":{"statistic":{"failed":0,"broken":30,"skipped":0,"passed":0,"unknown":0,"total":30},"items":[{"uid":"fd89b603f9d177e2","reportUrl":"https://nirtal85.github.io/Selenium-Python-Example/792//#testresult/fd89b603f9d177e2","status":"broken","statusDetails":"FileNotFoundError: [Errno 2] No such file or directory: '/home/runner/work/Selenium-Python-Example/Selenium-Python-Example/src/resources/tests_data.json'","time":{"start":1759196462684,"stop":1759196462684,"duration":0}},{"uid":"554f505d2434cab1","reportUrl":"https://nirtal85.github.io/Selenium-Python-Example/791//#testresult/554f505d2434cab1","status":"broken","statusDetails":"FileNotFoundError: [Errno 2] No such file or directory: '/home/runner/work/Selenium-Python-Example/Selenium-Python-Example/src/resources/tests_data.json'","time":{"start":1759110387654,"stop":1759110387654,"duration":0}},{"uid":"98aa82d3131b3bab","reportUrl":"https://nirtal85.github.io/Selenium-Python-Example/790//#testresult/98aa82d3131b3bab","status":"broken","statusDetails":"FileNotFoundError: [Errno 2] No such file or directory: '/home/runner/work/Selenium-Python-Example/Selenium-Python-Example/src/resources/tests_data.json'","time":{"start":1759024331646,"stop":1759024331646,"duration":0}},{"uid":"1fae6e1d46390534","reportUrl":"https://nirtal85.github.io/Selenium-Python-Example/789//#testresult/1fae6e1d46390534","status":"broken","statusDetails":"FileNotFoundError: [Errno 2] No such file or directory: '/home/runner/work/Selenium-Python-Example/Selenium-Python-Example/src/resources/tests_data.json'","time":{"start":1758937155266,"stop":1758937155266,"duration":0}},{"uid":"66b19c59cd9dce95","reportUrl":"https://nirtal85.github.io/Selenium-Python-Example/788//#testresult/66b19c59cd9dce95","status":"broken","statusDetails":"FileNotFoundError: [Errno 2] No such file or directory: '/home/runner/work/Selenium-Python-Example/Selenium-Python-Example/src/resources/tests_data.json'","time":{"start":1758850993231,"stop":1758850993231,"duration":0}},{"uid":"e482040696a581b1","reportUrl":"https://nirtal85.github.io/Selenium-Python-Example/787//#testresult/e482040696a581b1","status":"broken","statusDetails":"FileNotFoundError: [Errno 2] No such file or directory: '/home/runner/work/Selenium-Python-Example/Selenium-Python-Example/src/resources/tests_data.json'","time":{"start":1758764645379,"stop":1758764645379,"duration":0}},{"uid":"c19d52446b3c2541","reportUrl":"https://nirtal85.github.io/Selenium-Python-Example/786//#testresult/c19d52446b3c2541","status":"broken","statusDetails":"FileNotFoundError: [Errno 2] No such file or directory: '/home/runner/work/Selenium-Python-Example/Selenium-Python-Example/src/resources/tests_data.json'","time":{"start":1758678199823,"stop":1758678199823,"duration":0}},{"uid":"b3a11cfcb51227e7","reportUrl":"https://nirtal85.github.io/Selenium-Python-Example/785//#testresult/b3a11cfcb51227e7","status":"broken","statusDetails":"FileNotFoundError: [Errno 2] No such file or directory: '/home/runner/work/Selenium-Python-Example/Selenium-Python-Example/src/resources/tests_data.json'","time":{"start":1758591720802,"stop":1758591720802,"duration":0}},{"uid":"28b403618e5a8f92","reportUrl":"https://nirtal85.github.io/Selenium-Python-Example/784//#testresult/28b403618e5a8f92","status":"broken","statusDetails":"FileNotFoundError: [Errno 2] No such file or directory: '/home/runner/work/Selenium-Python-Example/Selenium-Python-Example/src/resources/tests_data.json'","time":{"start":1758505885203,"stop":1758505885203,"duration":0}},{"uid":"8f100b6f3275e166","reportUrl":"https://nirtal85.github.io/Selenium-Python-Example/783//#testresult/8f100b6f3275e166","status":"broken","statusDetails":"FileNotFoundError: [Errno 2] No such file or directory: '/home/runner/work/Selenium-Python-Example/Selenium-Python-Example/src/resources/tests_data.json'","time":{"start":1758419491216,"stop":1758419491216,"duration":0}},{"uid":"d795c4bec92763e9","reportUrl":"https://nirtal85.github.io/Selenium-Python-Example/782//#testresult/d795c4bec92763e9","status":"broken","statusDetails":"FileNotFoundError: [Errno 2] No such file or directory: '/home/runner/work/Selenium-Python-Example/Selenium-Python-Example/src/resources/tests_data.json'","time":{"start":1758332371417,"stop":1758332371417,"duration":0}},{"uid":"fcabfaa83e265421","reportUrl":"https://nirtal85.github.io/Selenium-Python-Example/781//#testresult/fcabfaa83e265421","status":"broken","statusDetails":"FileNotFoundError: [Errno 2] No such file or directory: '/home/runner/work/Selenium-Python-Example/Selenium-Python-Example/src/resources/tests_data.json'","time":{"start":1758246251781,"stop":1758246251781,"duration":0}},{"uid":"bd6efea3dbe6a4ec","reportUrl":"https://nirtal85.github.io/Selenium-Python-Example/780//#testresult/bd6efea3dbe6a4ec","status":"broken","statusDetails":"FileNotFoundError: [Errno 2] No such file or directory: '/home/runner/work/Selenium-Python-Example/Selenium-Python-Example/src/resources/tests_data.json'","time":{"start":1758159672966,"stop":1758159672966,"duration":0}},{"uid":"d1ff5e5548e97c64","reportUrl":"https://nirtal85.github.io/Selenium-Python-Example/779//#testresult/d1ff5e5548e97c64","status":"broken","statusDetails":"FileNotFoundError: [Errno 2] No such file or directory: '/home/runner/work/Selenium-Python-Example/Selenium-Python-Example/src/resources/tests_data.json'","time":{"start":1758073287609,"stop":1758073287609,"duration":0}},{"uid":"ad20cafe2121f464","reportUrl":"https://nirtal85.github.io/Selenium-Python-Example/778//#testresult/ad20cafe2121f464","status":"broken","statusDetails":"FileNotFoundError: [Errno 2] No such file or directory: '/home/runner/work/Selenium-Python-Example/Selenium-Python-Example/src/resources/tests_data.json'","time":{"start":1757986894526,"stop":1757986894526,"duration":0}},{"uid":"1a6602a0f32c4f40","reportUrl":"https://nirtal85.github.io/Selenium-Python-Example/777//#testresult/1a6602a0f32c4f40","status":"broken","statusDetails":"FileNotFoundError: [Errno 2] No such file or directory: '/home/runner/work/Selenium-Python-Example/Selenium-Python-Example/src/resources/tests_data.json'","time":{"start":1757900978193,"stop":1757900978193,"duration":0}},{"uid":"ec149b5ef9e05fef","reportUrl":"https://nirtal85.github.io/Selenium-Python-Example/776//#testresult/ec149b5ef9e05fef","status":"broken","statusDetails":"FileNotFoundError: [Errno 2] No such file or directory: '/home/runner/work/Selenium-Python-Example/Selenium-Python-Example/src/resources/tests_data.json'","time":{"start":1757814483676,"stop":1757814483676,"duration":0}},{"uid":"841271ca43640ad0","reportUrl":"https://nirtal85.github.io/Selenium-Python-Example/775//#testresult/841271ca43640ad0","status":"broken","statusDetails":"FileNotFoundError: [Errno 2] No such file or directory: '/home/runner/work/Selenium-Python-Example/Selenium-Python-Example/src/resources/tests_data.json'","time":{"start":1757727346152,"stop":1757727346152,"duration":0}},{"uid":"b5d12341f6a2eb9e","reportUrl":"https://nirtal85.github.io/Selenium-Python-Example/774//#testresult/b5d12341f6a2eb9e","status":"broken","statusDetails":"FileNotFoundError: [Errno 2] No such file or directory: '/home/runner/work/Selenium-Python-Example/Selenium-Python-Example/src/resources/tests_data.json'","time":{"start":1757641226608,"stop":1757641226608,"duration":0}},{"uid":"78c780d60cc89056","reportUrl":"https://nirtal85.github.io/Selenium-Python-Example/773//#testresult/78c780d60cc89056","status":"broken","statusDetails":"FileNotFoundError: [Errno 2] No such file or directory: '/home/runner/work/Selenium-Python-Example/Selenium-Python-Example/src/resources/tests_data.json'","time":{"start":1757555045244,"stop":1757555045244,"duration":0}}]},"tags":[]},"source":"fefd703da3db0b57.json","parameterValues":[]}