{"uid":"ac50a94c979d06a7","name":"Number of projects displayed in page test","fullName":"tests.workspaces_test.TestWorkspaces#test_number_of_existing_projects","historyId":"34e866e263d4a1ed453e065aefe8091d","time":{"start":1759887789754,"stop":1759887789754,"duration":0},"description":"Compare between the actual number of projects seen on page and the number shown in workspaces block","descriptionHtml":"<p>Compare between the actual number of projects seen on page and the number shown in workspaces block</p>\n","status":"broken","statusMessage":"selenium.common.exceptions.TimeoutException: Message: \nStacktrace:\n#0 0x55590247353a <unknown>\n#1 0x555901f6ef00 <unknown>\n#2 0x555901fbec0c <unknown>\n#3 0x555901fbee31 <unknown>\n#4 0x555902004bd4 <unknown>\n#5 0x555901fe35cd <unknown>\n#6 0x555902001f84 <unknown>\n#7 0x555901fe3343 <unknown>\n#8 0x555901fb078a <unknown>\n#9 0x555901fb19de <unknown>\n#10 0x55590243d2cb <unknown>\n#11 0x555902441242 <unknown>\n#12 0x55590242a7ac <unknown>\n#13 0x555902441df7 <unknown>\n#14 0x55590240eb2f <unknown>\n#15 0x5559024621a8 <unknown>\n#16 0x555902462370 <unknown>\n#17 0x5559024723b6 <unknown>\n#18 0x7fd8eb69caa4 <unknown>\n#19 0x7fd8eb729c6c <unknown>","statusTrace":"self = <tests.workspaces_test.TestWorkspaces object at 0x7f957c47b230>\n\n    @pytest.fixture(autouse=True)\n    def setup_method_fixture(self):\n>       login(self.about_page, self.login_page)\n\ntests/workspaces_test.py:25: \n_ _ _ _ _ _ _ _ _ _ _ _ _ _ _ _ _ _ _ _ _ _ _ _ _ _ _ _ _ _ _ _ _ _ _ _ _ _ _ _ \ntests/workspaces_test.py:15: in login\n    about_page.click_login_link()\nsrc/pages/about_page.py:18: in click_login_link\n    self.click(self.LOGIN_LINK)\nsrc/pages/base_page.py:59: in click\n    el: WebElement = self.wait.until(expected_conditions.element_to_be_clickable(locator))\n                     ^^^^^^^^^^^^^^^^^^^^^^^^^^^^^^^^^^^^^^^^^^^^^^^^^^^^^^^^^^^^^^^^^^^^^\n_ _ _ _ _ _ _ _ _ _ _ _ _ _ _ _ _ _ _ _ _ _ _ _ _ _ _ _ _ _ _ _ _ _ _ _ _ _ _ _ \n\nself = <selenium.webdriver.support.wait.WebDriverWait (session=\"46fcdf90a75abf7cc681605ef0041743\")>\nmethod = <function element_to_be_clickable.<locals>._predicate at 0x7f957c5bec00>\nmessage = ''\n\n    def until(self, method: Callable[[D], Union[Literal[False], T]], message: str = \"\") -> T:\n        \"\"\"Wait until the method returns a value that is not False.\n    \n        Calls the method provided with the driver as an argument until the\n        return value does not evaluate to ``False``.\n    \n        Parameters:\n        -----------\n        method: callable(WebDriver)\n            - A callable object that takes a WebDriver instance as an argument.\n    \n        message: str\n            - Optional message for :exc:`TimeoutException`\n    \n        Return:\n        -------\n        object: T\n            - The result of the last call to `method`\n    \n        Raises:\n        -------\n        TimeoutException\n            - If 'method' does not return a truthy value within the WebDriverWait\n            object's timeout\n    \n        Example:\n        --------\n        >>> from selenium.webdriver.common.by import By\n        >>> from selenium.webdriver.support.ui import WebDriverWait\n        >>> from selenium.webdriver.support import expected_conditions as EC\n    \n        # Wait until an element is visible on the page\n        >>> wait = WebDriverWait(driver, 10)\n        >>> element = wait.until(EC.visibility_of_element_located((By.ID, \"exampleId\")))\n        >>> print(element.text)\n        \"\"\"\n        screen = None\n        stacktrace = None\n    \n        end_time = time.monotonic() + self._timeout\n        while True:\n            try:\n                value = method(self._driver)\n                if value:\n                    return value\n            except self._ignored_exceptions as exc:\n                screen = getattr(exc, \"screen\", None)\n                stacktrace = getattr(exc, \"stacktrace\", None)\n            if time.monotonic() > end_time:\n                break\n            time.sleep(self._poll)\n>       raise TimeoutException(message, screen, stacktrace)\nE       selenium.common.exceptions.TimeoutException: Message: \nE       Stacktrace:\nE       #0 0x55590247353a <unknown>\nE       #1 0x555901f6ef00 <unknown>\nE       #2 0x555901fbec0c <unknown>\nE       #3 0x555901fbee31 <unknown>\nE       #4 0x555902004bd4 <unknown>\nE       #5 0x555901fe35cd <unknown>\nE       #6 0x555902001f84 <unknown>\nE       #7 0x555901fe3343 <unknown>\nE       #8 0x555901fb078a <unknown>\nE       #9 0x555901fb19de <unknown>\nE       #10 0x55590243d2cb <unknown>\nE       #11 0x555902441242 <unknown>\nE       #12 0x55590242a7ac <unknown>\nE       #13 0x555902441df7 <unknown>\nE       #14 0x55590240eb2f <unknown>\nE       #15 0x5559024621a8 <unknown>\nE       #16 0x555902462370 <unknown>\nE       #17 0x5559024723b6 <unknown>\nE       #18 0x7fd8eb69caa4 <unknown>\nE       #19 0x7fd8eb729c6c <unknown>\n\n.venv/lib/python3.13/site-packages/selenium/webdriver/support/wait.py:138: TimeoutException","flaky":false,"newFailed":false,"newBroken":false,"newPassed":false,"retriesCount":0,"retriesStatusChange":false,"beforeStages":[{"name":"session_request","time":{"start":1759887755498,"stop":1759887755499,"duration":1},"status":"passed","steps":[],"attachments":[],"parameters":[],"shouldDisplayMessage":false,"stepsCount":0,"attachmentsCount":0,"hasContent":false,"attachmentStep":false},{"name":"_verify_url","time":{"start":1759887755498,"stop":1759887755498,"duration":0},"status":"passed","steps":[],"attachments":[],"parameters":[],"shouldDisplayMessage":false,"stepsCount":0,"attachmentsCount":0,"hasContent":false,"attachmentStep":false},{"name":"base_url","time":{"start":1759887755498,"stop":1759887755498,"duration":0},"status":"passed","steps":[],"attachments":[],"parameters":[],"shouldDisplayMessage":false,"stepsCount":0,"attachmentsCount":0,"hasContent":false,"attachmentStep":false},{"name":"setup_method_fixture","time":{"start":1759887791390,"stop":1759887801660,"duration":10270},"status":"broken","statusMessage":"selenium.common.exceptions.TimeoutException: Message: \nStacktrace:\n#0 0x55590247353a <unknown>\n#1 0x555901f6ef00 <unknown>\n#2 0x555901fbec0c <unknown>\n#3 0x555901fbee31 <unknown>\n#4 0x555902004bd4 <unknown>\n#5 0x555901fe35cd <unknown>\n#6 0x555902001f84 <unknown>\n#7 0x555901fe3343 <unknown>\n#8 0x555901fb078a <unknown>\n#9 0x555901fb19de <unknown>\n#10 0x55590243d2cb <unknown>\n#11 0x555902441242 <unknown>\n#12 0x55590242a7ac <unknown>\n#13 0x555902441df7 <unknown>\n#14 0x55590240eb2f <unknown>\n#15 0x5559024621a8 <unknown>\n#16 0x555902462370 <unknown>\n#17 0x5559024723b6 <unknown>\n#18 0x7fd8eb69caa4 <unknown>\n#19 0x7fd8eb729c6c <unknown>\n\n","statusTrace":"  File \"/home/runner/work/Selenium-Python-Example/Selenium-Python-Example/.venv/lib/python3.13/site-packages/pluggy/_callers.py\", line 167, in _multicall\n    teardown.throw(outcome._exception)\n    ~~~~~~~~~~~~~~^^^^^^^^^^^^^^^^^^^^\n  File \"/home/runner/work/Selenium-Python-Example/Selenium-Python-Example/.venv/lib/python3.13/site-packages/_pytest/setuponly.py\", line 36, in pytest_fixture_setup\n    return (yield)\n            ^^^^^\n  File \"/home/runner/work/Selenium-Python-Example/Selenium-Python-Example/.venv/lib/python3.13/site-packages/pluggy/_callers.py\", line 103, in _multicall\n    res = hook_impl.function(*args)\n  File \"/home/runner/work/Selenium-Python-Example/Selenium-Python-Example/.venv/lib/python3.13/site-packages/_pytest/fixtures.py\", line 1196, in pytest_fixture_setup\n    result = call_fixture_func(fixturefunc, request, kwargs)\n  File \"/home/runner/work/Selenium-Python-Example/Selenium-Python-Example/.venv/lib/python3.13/site-packages/_pytest/fixtures.py\", line 930, in call_fixture_func\n    fixture_result = fixturefunc(**kwargs)\n  File \"/home/runner/work/Selenium-Python-Example/Selenium-Python-Example/tests/workspaces_test.py\", line 25, in setup_method_fixture\n    login(self.about_page, self.login_page)\n    ~~~~~^^^^^^^^^^^^^^^^^^^^^^^^^^^^^^^^^^\n  File \"/home/runner/work/Selenium-Python-Example/Selenium-Python-Example/tests/workspaces_test.py\", line 15, in login\n    about_page.click_login_link()\n    ~~~~~~~~~~~~~~~~~~~~~~~~~~~^^\n  File \"/home/runner/work/Selenium-Python-Example/Selenium-Python-Example/.venv/lib/python3.13/site-packages/allure_commons/_allure.py\", line 202, in impl\n    return func(*a, **kw)\n  File \"/home/runner/work/Selenium-Python-Example/Selenium-Python-Example/src/pages/about_page.py\", line 18, in click_login_link\n    self.click(self.LOGIN_LINK)\n    ~~~~~~~~~~^^^^^^^^^^^^^^^^^\n  File \"/home/runner/work/Selenium-Python-Example/Selenium-Python-Example/src/pages/base_page.py\", line 59, in click\n    el: WebElement = self.wait.until(expected_conditions.element_to_be_clickable(locator))\n                     ~~~~~~~~~~~~~~~^^^^^^^^^^^^^^^^^^^^^^^^^^^^^^^^^^^^^^^^^^^^^^^^^^^^^^\n  File \"/home/runner/work/Selenium-Python-Example/Selenium-Python-Example/.venv/lib/python3.13/site-packages/selenium/webdriver/support/wait.py\", line 138, in until\n    raise TimeoutException(message, screen, stacktrace)\n","steps":[{"name":"Click Login link","time":{"start":1759887791390,"stop":1759887801659,"duration":10269},"status":"broken","statusMessage":"selenium.common.exceptions.TimeoutException: Message: \nStacktrace:\n#0 0x55590247353a <unknown>\n#1 0x555901f6ef00 <unknown>\n#2 0x555901fbec0c <unknown>\n#3 0x555901fbee31 <unknown>\n#4 0x555902004bd4 <unknown>\n#5 0x555901fe35cd <unknown>\n#6 0x555902001f84 <unknown>\n#7 0x555901fe3343 <unknown>\n#8 0x555901fb078a <unknown>\n#9 0x555901fb19de <unknown>\n#10 0x55590243d2cb <unknown>\n#11 0x555902441242 <unknown>\n#12 0x55590242a7ac <unknown>\n#13 0x555902441df7 <unknown>\n#14 0x55590240eb2f <unknown>\n#15 0x5559024621a8 <unknown>\n#16 0x555902462370 <unknown>\n#17 0x5559024723b6 <unknown>\n#18 0x7fd8eb69caa4 <unknown>\n#19 0x7fd8eb729c6c <unknown>\n\n","statusTrace":"  File \"/home/runner/work/Selenium-Python-Example/Selenium-Python-Example/.venv/lib/python3.13/site-packages/allure_commons/_allure.py\", line 202, in impl\n    return func(*a, **kw)\n  File \"/home/runner/work/Selenium-Python-Example/Selenium-Python-Example/src/pages/about_page.py\", line 18, in click_login_link\n    self.click(self.LOGIN_LINK)\n    ~~~~~~~~~~^^^^^^^^^^^^^^^^^\n  File \"/home/runner/work/Selenium-Python-Example/Selenium-Python-Example/src/pages/base_page.py\", line 59, in click\n    el: WebElement = self.wait.until(expected_conditions.element_to_be_clickable(locator))\n                     ~~~~~~~~~~~~~~~^^^^^^^^^^^^^^^^^^^^^^^^^^^^^^^^^^^^^^^^^^^^^^^^^^^^^^\n  File \"/home/runner/work/Selenium-Python-Example/Selenium-Python-Example/.venv/lib/python3.13/site-packages/selenium/webdriver/support/wait.py\", line 138, in until\n    raise TimeoutException(message, screen, stacktrace)\n","steps":[],"attachments":[],"parameters":[],"shouldDisplayMessage":true,"stepsCount":0,"attachmentsCount":0,"hasContent":true,"attachmentStep":false}],"attachments":[],"parameters":[],"shouldDisplayMessage":false,"stepsCount":1,"attachmentsCount":0,"hasContent":true,"attachmentStep":false}],"testStage":{"description":"Compare between the actual number of projects seen on page and the number shown in workspaces block","status":"broken","statusMessage":"selenium.common.exceptions.TimeoutException: Message: \nStacktrace:\n#0 0x55590247353a <unknown>\n#1 0x555901f6ef00 <unknown>\n#2 0x555901fbec0c <unknown>\n#3 0x555901fbee31 <unknown>\n#4 0x555902004bd4 <unknown>\n#5 0x555901fe35cd <unknown>\n#6 0x555902001f84 <unknown>\n#7 0x555901fe3343 <unknown>\n#8 0x555901fb078a <unknown>\n#9 0x555901fb19de <unknown>\n#10 0x55590243d2cb <unknown>\n#11 0x555902441242 <unknown>\n#12 0x55590242a7ac <unknown>\n#13 0x555902441df7 <unknown>\n#14 0x55590240eb2f <unknown>\n#15 0x5559024621a8 <unknown>\n#16 0x555902462370 <unknown>\n#17 0x5559024723b6 <unknown>\n#18 0x7fd8eb69caa4 <unknown>\n#19 0x7fd8eb729c6c <unknown>","statusTrace":"self = <tests.workspaces_test.TestWorkspaces object at 0x7f957c47b230>\n\n    @pytest.fixture(autouse=True)\n    def setup_method_fixture(self):\n>       login(self.about_page, self.login_page)\n\ntests/workspaces_test.py:25: \n_ _ _ _ _ _ _ _ _ _ _ _ _ _ _ _ _ _ _ _ _ _ _ _ _ _ _ _ _ _ _ _ _ _ _ _ _ _ _ _ \ntests/workspaces_test.py:15: in login\n    about_page.click_login_link()\nsrc/pages/about_page.py:18: in click_login_link\n    self.click(self.LOGIN_LINK)\nsrc/pages/base_page.py:59: in click\n    el: WebElement = self.wait.until(expected_conditions.element_to_be_clickable(locator))\n                     ^^^^^^^^^^^^^^^^^^^^^^^^^^^^^^^^^^^^^^^^^^^^^^^^^^^^^^^^^^^^^^^^^^^^^\n_ _ _ _ _ _ _ _ _ _ _ _ _ _ _ _ _ _ _ _ _ _ _ _ _ _ _ _ _ _ _ _ _ _ _ _ _ _ _ _ \n\nself = <selenium.webdriver.support.wait.WebDriverWait (session=\"46fcdf90a75abf7cc681605ef0041743\")>\nmethod = <function element_to_be_clickable.<locals>._predicate at 0x7f957c5bec00>\nmessage = ''\n\n    def until(self, method: Callable[[D], Union[Literal[False], T]], message: str = \"\") -> T:\n        \"\"\"Wait until the method returns a value that is not False.\n    \n        Calls the method provided with the driver as an argument until the\n        return value does not evaluate to ``False``.\n    \n        Parameters:\n        -----------\n        method: callable(WebDriver)\n            - A callable object that takes a WebDriver instance as an argument.\n    \n        message: str\n            - Optional message for :exc:`TimeoutException`\n    \n        Return:\n        -------\n        object: T\n            - The result of the last call to `method`\n    \n        Raises:\n        -------\n        TimeoutException\n            - If 'method' does not return a truthy value within the WebDriverWait\n            object's timeout\n    \n        Example:\n        --------\n        >>> from selenium.webdriver.common.by import By\n        >>> from selenium.webdriver.support.ui import WebDriverWait\n        >>> from selenium.webdriver.support import expected_conditions as EC\n    \n        # Wait until an element is visible on the page\n        >>> wait = WebDriverWait(driver, 10)\n        >>> element = wait.until(EC.visibility_of_element_located((By.ID, \"exampleId\")))\n        >>> print(element.text)\n        \"\"\"\n        screen = None\n        stacktrace = None\n    \n        end_time = time.monotonic() + self._timeout\n        while True:\n            try:\n                value = method(self._driver)\n                if value:\n                    return value\n            except self._ignored_exceptions as exc:\n                screen = getattr(exc, \"screen\", None)\n                stacktrace = getattr(exc, \"stacktrace\", None)\n            if time.monotonic() > end_time:\n                break\n            time.sleep(self._poll)\n>       raise TimeoutException(message, screen, stacktrace)\nE       selenium.common.exceptions.TimeoutException: Message: \nE       Stacktrace:\nE       #0 0x55590247353a <unknown>\nE       #1 0x555901f6ef00 <unknown>\nE       #2 0x555901fbec0c <unknown>\nE       #3 0x555901fbee31 <unknown>\nE       #4 0x555902004bd4 <unknown>\nE       #5 0x555901fe35cd <unknown>\nE       #6 0x555902001f84 <unknown>\nE       #7 0x555901fe3343 <unknown>\nE       #8 0x555901fb078a <unknown>\nE       #9 0x555901fb19de <unknown>\nE       #10 0x55590243d2cb <unknown>\nE       #11 0x555902441242 <unknown>\nE       #12 0x55590242a7ac <unknown>\nE       #13 0x555902441df7 <unknown>\nE       #14 0x55590240eb2f <unknown>\nE       #15 0x5559024621a8 <unknown>\nE       #16 0x555902462370 <unknown>\nE       #17 0x5559024723b6 <unknown>\nE       #18 0x7fd8eb69caa4 <unknown>\nE       #19 0x7fd8eb729c6c <unknown>\n\n.venv/lib/python3.13/site-packages/selenium/webdriver/support/wait.py:138: TimeoutException","steps":[{"name":"public ip address","time":{"start":1759887801675,"stop":1759887801826,"duration":151},"status":"passed","steps":[],"attachments":[{"uid":"b149fe337b0ff01a","name":"HTTP logs of http://checkip.amazonaws.com/","source":"b149fe337b0ff01a.txt","type":"text/plain","size":356}],"parameters":[],"shouldDisplayMessage":false,"stepsCount":0,"attachmentsCount":1,"hasContent":true,"attachmentStep":false}],"attachments":[{"uid":"48904ce4f2d1f181","name":"Cookies","source":"48904ce4f2d1f181.json","type":"application/json","size":4644},{"uid":"41531dc43448c576","name":"Session Storage","source":"41531dc43448c576.json","type":"application/json","size":383},{"uid":"7a6495f13e9498bb","name":"Local Storage","source":"7a6495f13e9498bb.json","type":"application/json","size":563},{"uid":"dba3541551b9b820","name":"Full Page Screenshot","source":"dba3541551b9b820.png","type":"image/png","size":2122069},{"uid":"679f109620b300a9","name":"URL","source":"679f109620b300a9.uri","type":"text/uri-list","size":23},{"uid":"f63447928043d28d","name":"Network Logs","source":"f63447928043d28d.json","type":"application/json","size":8895655}],"parameters":[],"shouldDisplayMessage":true,"stepsCount":1,"attachmentsCount":7,"hasContent":true,"attachmentStep":false},"afterStages":[{"name":"session_request::0","time":{"start":1759887827343,"stop":1759887827344,"duration":1},"status":"passed","steps":[],"attachments":[],"parameters":[],"shouldDisplayMessage":false,"stepsCount":0,"attachmentsCount":0,"hasContent":false,"attachmentStep":false}],"labels":[{"name":"story","value":"WorkSpaces Creation and Editing Functionality"},{"name":"epic","value":"Workspaces"},{"name":"severity","value":"normal"},{"name":"parentSuite","value":"tests"},{"name":"suite","value":"workspaces_test"},{"name":"subSuite","value":"TestWorkspaces"},{"name":"host","value":"runnervmwhb2z"},{"name":"thread","value":"2160-MainThread"},{"name":"framework","value":"pytest"},{"name":"language","value":"cpython3"},{"name":"package","value":"tests.workspaces_test"},{"name":"resultFormat","value":"allure2"}],"parameters":[],"links":[],"hidden":false,"retry":false,"extra":{"severity":"normal","retries":[],"categories":[{"name":"Test defects","matchedStatuses":[],"flaky":false}],"history":{"statistic":{"failed":0,"broken":7,"skipped":0,"passed":0,"unknown":0,"total":7},"items":[{"uid":"c2a09ce654f5b1e1","reportUrl":"https://nirtal85.github.io/Selenium-Python-Example/799//#testresult/c2a09ce654f5b1e1","status":"broken","statusDetails":"selenium.common.exceptions.TimeoutException: Message: \nStacktrace:\n#0 0x55fef738e53a <unknown>\n#1 0x55fef6e89f00 <unknown>\n#2 0x55fef6ed9c0c <unknown>\n#3 0x55fef6ed9e31 <unknown>\n#4 0x55fef6f1fbd4 <unknown>\n#5 0x55fef6efe5cd <unknown>\n#6 0x55fef6f1cf84 <unknown>\n#7 0x55fef6efe343 <unknown>\n#8 0x55fef6ecb78a <unknown>\n#9 0x55fef6ecc9de <unknown>\n#10 0x55fef73582cb <unknown>\n#11 0x55fef735c242 <unknown>\n#12 0x55fef73457ac <unknown>\n#13 0x55fef735cdf7 <unknown>\n#14 0x55fef7329b2f <unknown>\n#15 0x55fef737d1a8 <unknown>\n#16 0x55fef737d370 <unknown>\n#17 0x55fef738d3b6 <unknown>\n#18 0x7fc74ba9caa4 <unknown>\n#19 0x7fc74bb29c6c <unknown>","time":{"start":1759801375706,"stop":1759801375706,"duration":0}},{"uid":"88310ad94faa4020","reportUrl":"https://nirtal85.github.io/Selenium-Python-Example/798//#testresult/88310ad94faa4020","status":"broken","statusDetails":"selenium.common.exceptions.TimeoutException: Message: \nStacktrace:\n#0 0x55587e90853a <unknown>\n#1 0x55587e403f00 <unknown>\n#2 0x55587e453c0c <unknown>\n#3 0x55587e453e31 <unknown>\n#4 0x55587e499bd4 <unknown>\n#5 0x55587e4785cd <unknown>\n#6 0x55587e496f84 <unknown>\n#7 0x55587e478343 <unknown>\n#8 0x55587e44578a <unknown>\n#9 0x55587e4469de <unknown>\n#10 0x55587e8d22cb <unknown>\n#11 0x55587e8d6242 <unknown>\n#12 0x55587e8bf7ac <unknown>\n#13 0x55587e8d6df7 <unknown>\n#14 0x55587e8a3b2f <unknown>\n#15 0x55587e8f71a8 <unknown>\n#16 0x55587e8f7370 <unknown>\n#17 0x55587e9073b6 <unknown>\n#18 0x7f8b25c9caa4 <unknown>\n#19 0x7f8b25d29c6c <unknown>","time":{"start":1759715123215,"stop":1759715123215,"duration":0}},{"uid":"91625838c23908e8","reportUrl":"https://nirtal85.github.io/Selenium-Python-Example/797//#testresult/91625838c23908e8","status":"broken","statusDetails":"selenium.common.exceptions.TimeoutException: Message: \nStacktrace:\n#0 0x55db4811653a <unknown>\n#1 0x55db47c11f00 <unknown>\n#2 0x55db47c61c0c <unknown>\n#3 0x55db47c61e31 <unknown>\n#4 0x55db47ca7bd4 <unknown>\n#5 0x55db47c865cd <unknown>\n#6 0x55db47ca4f84 <unknown>\n#7 0x55db47c86343 <unknown>\n#8 0x55db47c5378a <unknown>\n#9 0x55db47c549de <unknown>\n#10 0x55db480e02cb <unknown>\n#11 0x55db480e4242 <unknown>\n#12 0x55db480cd7ac <unknown>\n#13 0x55db480e4df7 <unknown>\n#14 0x55db480b1b2f <unknown>\n#15 0x55db481051a8 <unknown>\n#16 0x55db48105370 <unknown>\n#17 0x55db481153b6 <unknown>\n#18 0x7f7aaf89caa4 <unknown>\n#19 0x7f7aaf929c6c <unknown>","time":{"start":1759629115473,"stop":1759629115473,"duration":0}},{"uid":"5974515bc6d6aef6","reportUrl":"https://nirtal85.github.io/Selenium-Python-Example/796//#testresult/5974515bc6d6aef6","status":"broken","statusDetails":"selenium.common.exceptions.TimeoutException: Message: \nStacktrace:\n#0 0x560f7170953a <unknown>\n#1 0x560f71204f00 <unknown>\n#2 0x560f71254c0c <unknown>\n#3 0x560f71254e31 <unknown>\n#4 0x560f7129abd4 <unknown>\n#5 0x560f712795cd <unknown>\n#6 0x560f71297f84 <unknown>\n#7 0x560f71279343 <unknown>\n#8 0x560f7124678a <unknown>\n#9 0x560f712479de <unknown>\n#10 0x560f716d32cb <unknown>\n#11 0x560f716d7242 <unknown>\n#12 0x560f716c07ac <unknown>\n#13 0x560f716d7df7 <unknown>\n#14 0x560f716a4b2f <unknown>\n#15 0x560f716f81a8 <unknown>\n#16 0x560f716f8370 <unknown>\n#17 0x560f717083b6 <unknown>\n#18 0x7f492789caa4 <unknown>\n#19 0x7f4927929c6c <unknown>","time":{"start":1759541910843,"stop":1759541910843,"duration":0}},{"uid":"1c40c23596fed7a3","reportUrl":"https://nirtal85.github.io/Selenium-Python-Example/795//#testresult/1c40c23596fed7a3","status":"broken","statusDetails":"selenium.common.exceptions.TimeoutException: Message: \nStacktrace:\n#0 0x560a5fb5753a <unknown>\n#1 0x560a5f652f00 <unknown>\n#2 0x560a5f6a2c0c <unknown>\n#3 0x560a5f6a2e31 <unknown>\n#4 0x560a5f6e8bd4 <unknown>\n#5 0x560a5f6c75cd <unknown>\n#6 0x560a5f6e5f84 <unknown>\n#7 0x560a5f6c7343 <unknown>\n#8 0x560a5f69478a <unknown>\n#9 0x560a5f6959de <unknown>\n#10 0x560a5fb212cb <unknown>\n#11 0x560a5fb25242 <unknown>\n#12 0x560a5fb0e7ac <unknown>\n#13 0x560a5fb25df7 <unknown>\n#14 0x560a5faf2b2f <unknown>\n#15 0x560a5fb461a8 <unknown>\n#16 0x560a5fb46370 <unknown>\n#17 0x560a5fb563b6 <unknown>\n#18 0x7f6e9d09caa4 <unknown>\n#19 0x7f6e9d129c6c <unknown>","time":{"start":1759455724111,"stop":1759455724111,"duration":0}},{"uid":"311bc1b97850b20f","reportUrl":"https://nirtal85.github.io/Selenium-Python-Example/794//#testresult/311bc1b97850b20f","status":"broken","statusDetails":"selenium.common.exceptions.TimeoutException: Message: \nStacktrace:\n#0 0x55ab84a4f53a <unknown>\n#1 0x55ab8454af00 <unknown>\n#2 0x55ab8459ac0c <unknown>\n#3 0x55ab8459ae31 <unknown>\n#4 0x55ab845e0bd4 <unknown>\n#5 0x55ab845bf5cd <unknown>\n#6 0x55ab845ddf84 <unknown>\n#7 0x55ab845bf343 <unknown>\n#8 0x55ab8458c78a <unknown>\n#9 0x55ab8458d9de <unknown>\n#10 0x55ab84a192cb <unknown>\n#11 0x55ab84a1d242 <unknown>\n#12 0x55ab84a067ac <unknown>\n#13 0x55ab84a1ddf7 <unknown>\n#14 0x55ab849eab2f <unknown>\n#15 0x55ab84a3e1a8 <unknown>\n#16 0x55ab84a3e370 <unknown>\n#17 0x55ab84a4e3b6 <unknown>\n#18 0x7fc7cfc9caa4 <unknown>\n#19 0x7fc7cfd29c6c <unknown>","time":{"start":1759369336681,"stop":1759369336681,"duration":0}}]},"tags":[]},"source":"ac50a94c979d06a7.json","parameterValues":[]}