{"uid":"f66f346b7913c267","name":"Exception test","fullName":"tests.forgot_password_test.TestForgotPassword#test_expected_exception_on_page_title","historyId":"288cd0030c92ba34b4ff4b58ed8ec476","time":{"start":1759455712029,"stop":1759455722439,"duration":10410},"description":"Exception catching","descriptionHtml":"<p>Exception catching</p>\n","status":"broken","statusMessage":"selenium.common.exceptions.TimeoutException: Message: \nStacktrace:\n#0 0x55842ce8d53a <unknown>\n#1 0x55842c988f00 <unknown>\n#2 0x55842c9d8c0c <unknown>\n#3 0x55842c9d8e31 <unknown>\n#4 0x55842ca1ebd4 <unknown>\n#5 0x55842c9fd5cd <unknown>\n#6 0x55842ca1bf84 <unknown>\n#7 0x55842c9fd343 <unknown>\n#8 0x55842c9ca78a <unknown>\n#9 0x55842c9cb9de <unknown>\n#10 0x55842ce572cb <unknown>\n#11 0x55842ce5b242 <unknown>\n#12 0x55842ce447ac <unknown>\n#13 0x55842ce5bdf7 <unknown>\n#14 0x55842ce28b2f <unknown>\n#15 0x55842ce7c1a8 <unknown>\n#16 0x55842ce7c370 <unknown>\n#17 0x55842ce8c3b6 <unknown>\n#18 0x7f3bc309caa4 <unknown>\n#19 0x7f3bc3129c6c <unknown>","statusTrace":"self = <tests.forgot_password_test.TestForgotPassword object at 0x7fa90f67ec40>\n\n    @allure.description(\"Exception catching\")\n    @allure.title(\"Exception test\")\n    @allure.link(\"github.com/allure-examples/\", name=\"Allure Examples\")\n    @allure.issue(\"github.com/allure-examples/allure-examples/issues/1\", name=\"ISSUE-1\")\n    @allure.testcase(\"github.com/allure-examples/allure-examples/issues/2\", name=\"TESTCASE-2\")\n    def test_expected_exception_on_page_title(self) -> None:\n>       self.about_page.click_login_link()\n\ntests/forgot_password_test.py:51: \n_ _ _ _ _ _ _ _ _ _ _ _ _ _ _ _ _ _ _ _ _ _ _ _ _ _ _ _ _ _ _ _ _ _ _ _ _ _ _ _ \nsrc/pages/about_page.py:18: in click_login_link\n    self.click(self.LOGIN_LINK)\nsrc/pages/base_page.py:59: in click\n    el: WebElement = self.wait.until(expected_conditions.element_to_be_clickable(locator))\n                     ^^^^^^^^^^^^^^^^^^^^^^^^^^^^^^^^^^^^^^^^^^^^^^^^^^^^^^^^^^^^^^^^^^^^^\n_ _ _ _ _ _ _ _ _ _ _ _ _ _ _ _ _ _ _ _ _ _ _ _ _ _ _ _ _ _ _ _ _ _ _ _ _ _ _ _ \n\nself = <selenium.webdriver.support.wait.WebDriverWait (session=\"3a55de4bb4c73aab5f60b6db363554be\")>\nmethod = <function element_to_be_clickable.<locals>._predicate at 0x7fa90f2a8400>\nmessage = ''\n\n    def until(self, method: Callable[[D], Union[Literal[False], T]], message: str = \"\") -> T:\n        \"\"\"Wait until the method returns a value that is not False.\n    \n        Calls the method provided with the driver as an argument until the\n        return value does not evaluate to ``False``.\n    \n        Parameters:\n        -----------\n        method: callable(WebDriver)\n            - A callable object that takes a WebDriver instance as an argument.\n    \n        message: str\n            - Optional message for :exc:`TimeoutException`\n    \n        Return:\n        -------\n        object: T\n            - The result of the last call to `method`\n    \n        Raises:\n        -------\n        TimeoutException\n            - If 'method' does not return a truthy value within the WebDriverWait\n            object's timeout\n    \n        Example:\n        --------\n        >>> from selenium.webdriver.common.by import By\n        >>> from selenium.webdriver.support.ui import WebDriverWait\n        >>> from selenium.webdriver.support import expected_conditions as EC\n    \n        # Wait until an element is visible on the page\n        >>> wait = WebDriverWait(driver, 10)\n        >>> element = wait.until(EC.visibility_of_element_located((By.ID, \"exampleId\")))\n        >>> print(element.text)\n        \"\"\"\n        screen = None\n        stacktrace = None\n    \n        end_time = time.monotonic() + self._timeout\n        while True:\n            try:\n                value = method(self._driver)\n                if value:\n                    return value\n            except self._ignored_exceptions as exc:\n                screen = getattr(exc, \"screen\", None)\n                stacktrace = getattr(exc, \"stacktrace\", None)\n            if time.monotonic() > end_time:\n                break\n            time.sleep(self._poll)\n>       raise TimeoutException(message, screen, stacktrace)\nE       selenium.common.exceptions.TimeoutException: Message: \nE       Stacktrace:\nE       #0 0x55842ce8d53a <unknown>\nE       #1 0x55842c988f00 <unknown>\nE       #2 0x55842c9d8c0c <unknown>\nE       #3 0x55842c9d8e31 <unknown>\nE       #4 0x55842ca1ebd4 <unknown>\nE       #5 0x55842c9fd5cd <unknown>\nE       #6 0x55842ca1bf84 <unknown>\nE       #7 0x55842c9fd343 <unknown>\nE       #8 0x55842c9ca78a <unknown>\nE       #9 0x55842c9cb9de <unknown>\nE       #10 0x55842ce572cb <unknown>\nE       #11 0x55842ce5b242 <unknown>\nE       #12 0x55842ce447ac <unknown>\nE       #13 0x55842ce5bdf7 <unknown>\nE       #14 0x55842ce28b2f <unknown>\nE       #15 0x55842ce7c1a8 <unknown>\nE       #16 0x55842ce7c370 <unknown>\nE       #17 0x55842ce8c3b6 <unknown>\nE       #18 0x7f3bc309caa4 <unknown>\nE       #19 0x7f3bc3129c6c <unknown>\n\n.venv/lib/python3.13/site-packages/selenium/webdriver/support/wait.py:138: TimeoutException","flaky":false,"newFailed":false,"newBroken":false,"newPassed":false,"retriesCount":0,"retriesStatusChange":false,"beforeStages":[{"name":"base_url","time":{"start":1759455705735,"stop":1759455705735,"duration":0},"status":"passed","steps":[],"attachments":[],"parameters":[],"shouldDisplayMessage":false,"stepsCount":0,"attachmentsCount":0,"hasContent":false,"attachmentStep":false},{"name":"_verify_url","time":{"start":1759455705735,"stop":1759455705736,"duration":1},"status":"passed","steps":[],"attachments":[],"parameters":[],"shouldDisplayMessage":false,"stepsCount":0,"attachmentsCount":0,"hasContent":false,"attachmentStep":false},{"name":"session_request","time":{"start":1759455705736,"stop":1759455705736,"duration":0},"status":"passed","steps":[],"attachments":[],"parameters":[],"shouldDisplayMessage":false,"stepsCount":0,"attachmentsCount":0,"hasContent":false,"attachmentStep":false}],"testStage":{"description":"Exception catching","status":"broken","statusMessage":"selenium.common.exceptions.TimeoutException: Message: \nStacktrace:\n#0 0x55842ce8d53a <unknown>\n#1 0x55842c988f00 <unknown>\n#2 0x55842c9d8c0c <unknown>\n#3 0x55842c9d8e31 <unknown>\n#4 0x55842ca1ebd4 <unknown>\n#5 0x55842c9fd5cd <unknown>\n#6 0x55842ca1bf84 <unknown>\n#7 0x55842c9fd343 <unknown>\n#8 0x55842c9ca78a <unknown>\n#9 0x55842c9cb9de <unknown>\n#10 0x55842ce572cb <unknown>\n#11 0x55842ce5b242 <unknown>\n#12 0x55842ce447ac <unknown>\n#13 0x55842ce5bdf7 <unknown>\n#14 0x55842ce28b2f <unknown>\n#15 0x55842ce7c1a8 <unknown>\n#16 0x55842ce7c370 <unknown>\n#17 0x55842ce8c3b6 <unknown>\n#18 0x7f3bc309caa4 <unknown>\n#19 0x7f3bc3129c6c <unknown>","statusTrace":"self = <tests.forgot_password_test.TestForgotPassword object at 0x7fa90f67ec40>\n\n    @allure.description(\"Exception catching\")\n    @allure.title(\"Exception test\")\n    @allure.link(\"github.com/allure-examples/\", name=\"Allure Examples\")\n    @allure.issue(\"github.com/allure-examples/allure-examples/issues/1\", name=\"ISSUE-1\")\n    @allure.testcase(\"github.com/allure-examples/allure-examples/issues/2\", name=\"TESTCASE-2\")\n    def test_expected_exception_on_page_title(self) -> None:\n>       self.about_page.click_login_link()\n\ntests/forgot_password_test.py:51: \n_ _ _ _ _ _ _ _ _ _ _ _ _ _ _ _ _ _ _ _ _ _ _ _ _ _ _ _ _ _ _ _ _ _ _ _ _ _ _ _ \nsrc/pages/about_page.py:18: in click_login_link\n    self.click(self.LOGIN_LINK)\nsrc/pages/base_page.py:59: in click\n    el: WebElement = self.wait.until(expected_conditions.element_to_be_clickable(locator))\n                     ^^^^^^^^^^^^^^^^^^^^^^^^^^^^^^^^^^^^^^^^^^^^^^^^^^^^^^^^^^^^^^^^^^^^^\n_ _ _ _ _ _ _ _ _ _ _ _ _ _ _ _ _ _ _ _ _ _ _ _ _ _ _ _ _ _ _ _ _ _ _ _ _ _ _ _ \n\nself = <selenium.webdriver.support.wait.WebDriverWait (session=\"3a55de4bb4c73aab5f60b6db363554be\")>\nmethod = <function element_to_be_clickable.<locals>._predicate at 0x7fa90f2a8400>\nmessage = ''\n\n    def until(self, method: Callable[[D], Union[Literal[False], T]], message: str = \"\") -> T:\n        \"\"\"Wait until the method returns a value that is not False.\n    \n        Calls the method provided with the driver as an argument until the\n        return value does not evaluate to ``False``.\n    \n        Parameters:\n        -----------\n        method: callable(WebDriver)\n            - A callable object that takes a WebDriver instance as an argument.\n    \n        message: str\n            - Optional message for :exc:`TimeoutException`\n    \n        Return:\n        -------\n        object: T\n            - The result of the last call to `method`\n    \n        Raises:\n        -------\n        TimeoutException\n            - If 'method' does not return a truthy value within the WebDriverWait\n            object's timeout\n    \n        Example:\n        --------\n        >>> from selenium.webdriver.common.by import By\n        >>> from selenium.webdriver.support.ui import WebDriverWait\n        >>> from selenium.webdriver.support import expected_conditions as EC\n    \n        # Wait until an element is visible on the page\n        >>> wait = WebDriverWait(driver, 10)\n        >>> element = wait.until(EC.visibility_of_element_located((By.ID, \"exampleId\")))\n        >>> print(element.text)\n        \"\"\"\n        screen = None\n        stacktrace = None\n    \n        end_time = time.monotonic() + self._timeout\n        while True:\n            try:\n                value = method(self._driver)\n                if value:\n                    return value\n            except self._ignored_exceptions as exc:\n                screen = getattr(exc, \"screen\", None)\n                stacktrace = getattr(exc, \"stacktrace\", None)\n            if time.monotonic() > end_time:\n                break\n            time.sleep(self._poll)\n>       raise TimeoutException(message, screen, stacktrace)\nE       selenium.common.exceptions.TimeoutException: Message: \nE       Stacktrace:\nE       #0 0x55842ce8d53a <unknown>\nE       #1 0x55842c988f00 <unknown>\nE       #2 0x55842c9d8c0c <unknown>\nE       #3 0x55842c9d8e31 <unknown>\nE       #4 0x55842ca1ebd4 <unknown>\nE       #5 0x55842c9fd5cd <unknown>\nE       #6 0x55842ca1bf84 <unknown>\nE       #7 0x55842c9fd343 <unknown>\nE       #8 0x55842c9ca78a <unknown>\nE       #9 0x55842c9cb9de <unknown>\nE       #10 0x55842ce572cb <unknown>\nE       #11 0x55842ce5b242 <unknown>\nE       #12 0x55842ce447ac <unknown>\nE       #13 0x55842ce5bdf7 <unknown>\nE       #14 0x55842ce28b2f <unknown>\nE       #15 0x55842ce7c1a8 <unknown>\nE       #16 0x55842ce7c370 <unknown>\nE       #17 0x55842ce8c3b6 <unknown>\nE       #18 0x7f3bc309caa4 <unknown>\nE       #19 0x7f3bc3129c6c <unknown>\n\n.venv/lib/python3.13/site-packages/selenium/webdriver/support/wait.py:138: TimeoutException","steps":[{"name":"Click Login link","time":{"start":1759455712029,"stop":1759455722437,"duration":10408},"status":"broken","statusMessage":"selenium.common.exceptions.TimeoutException: Message: \nStacktrace:\n#0 0x55842ce8d53a <unknown>\n#1 0x55842c988f00 <unknown>\n#2 0x55842c9d8c0c <unknown>\n#3 0x55842c9d8e31 <unknown>\n#4 0x55842ca1ebd4 <unknown>\n#5 0x55842c9fd5cd <unknown>\n#6 0x55842ca1bf84 <unknown>\n#7 0x55842c9fd343 <unknown>\n#8 0x55842c9ca78a <unknown>\n#9 0x55842c9cb9de <unknown>\n#10 0x55842ce572cb <unknown>\n#11 0x55842ce5b242 <unknown>\n#12 0x55842ce447ac <unknown>\n#13 0x55842ce5bdf7 <unknown>\n#14 0x55842ce28b2f <unknown>\n#15 0x55842ce7c1a8 <unknown>\n#16 0x55842ce7c370 <unknown>\n#17 0x55842ce8c3b6 <unknown>\n#18 0x7f3bc309caa4 <unknown>\n#19 0x7f3bc3129c6c <unknown>\n\n","statusTrace":"  File \"/home/runner/work/Selenium-Python-Example/Selenium-Python-Example/.venv/lib/python3.13/site-packages/allure_commons/_allure.py\", line 202, in impl\n    return func(*a, **kw)\n  File \"/home/runner/work/Selenium-Python-Example/Selenium-Python-Example/src/pages/about_page.py\", line 18, in click_login_link\n    self.click(self.LOGIN_LINK)\n    ~~~~~~~~~~^^^^^^^^^^^^^^^^^\n  File \"/home/runner/work/Selenium-Python-Example/Selenium-Python-Example/src/pages/base_page.py\", line 59, in click\n    el: WebElement = self.wait.until(expected_conditions.element_to_be_clickable(locator))\n                     ~~~~~~~~~~~~~~~^^^^^^^^^^^^^^^^^^^^^^^^^^^^^^^^^^^^^^^^^^^^^^^^^^^^^^\n  File \"/home/runner/work/Selenium-Python-Example/Selenium-Python-Example/.venv/lib/python3.13/site-packages/selenium/webdriver/support/wait.py\", line 138, in until\n    raise TimeoutException(message, screen, stacktrace)\n","steps":[],"attachments":[],"parameters":[],"shouldDisplayMessage":true,"stepsCount":0,"attachmentsCount":0,"hasContent":true,"attachmentStep":false},{"name":"public ip address","time":{"start":1759455722447,"stop":1759455722490,"duration":43},"status":"passed","steps":[],"attachments":[{"uid":"58a03e112a6393b3","name":"HTTP logs of http://checkip.amazonaws.com/","source":"58a03e112a6393b3.txt","type":"text/plain","size":357}],"parameters":[],"shouldDisplayMessage":false,"stepsCount":0,"attachmentsCount":1,"hasContent":true,"attachmentStep":false}],"attachments":[{"uid":"3ecd7489d817a566","name":"Cookies","source":"3ecd7489d817a566.json","type":"application/json","size":4117},{"uid":"40589cd3d8a3db5d","name":"Session Storage","source":"40589cd3d8a3db5d.json","type":"application/json","size":358},{"uid":"eaee0c017f7687b","name":"Local Storage","source":"eaee0c017f7687b.json","type":"application/json","size":563},{"uid":"972f7aa70f5dc549","name":"Full Page Screenshot","source":"972f7aa70f5dc549.png","type":"image/png","size":2038637},{"uid":"7f3b1c19cd6f2e0a","name":"URL","source":"7f3b1c19cd6f2e0a.uri","type":"text/uri-list","size":23},{"uid":"502c515fd52e4fbb","name":"Network Logs","source":"502c515fd52e4fbb.json","type":"application/json","size":7928809}],"parameters":[],"shouldDisplayMessage":true,"stepsCount":2,"attachmentsCount":7,"hasContent":true,"attachmentStep":false},"afterStages":[{"name":"session_request::0","time":{"start":1759455740669,"stop":1759455740669,"duration":0},"status":"passed","steps":[],"attachments":[],"parameters":[],"shouldDisplayMessage":false,"stepsCount":0,"attachmentsCount":0,"hasContent":false,"attachmentStep":false}],"labels":[{"name":"subSuite","value":"Custom sub suite"},{"name":"parentSuite","value":"Custom parent suite"},{"name":"story","value":"Forgot Password Feature's Functionality"},{"name":"suite","value":"Custom suite"},{"name":"epic","value":"Security"},{"name":"severity","value":"critical"},{"name":"tag","value":"security"},{"name":"host","value":"runnervm3ublj"},{"name":"thread","value":"2168-MainThread"},{"name":"framework","value":"pytest"},{"name":"language","value":"cpython3"},{"name":"package","value":"tests.forgot_password_test"},{"name":"resultFormat","value":"allure2"}],"parameters":[],"links":[{"name":"TESTCASE-2","url":"https://github.com/allure-examples/allure-examples/issues/2","type":"tms"},{"name":"ISSUE-1","url":"https://github.com/allure-examples/allure-examples/issues/1","type":"issue"},{"name":"Allure Examples","url":"https://github.com/allure-examples/","type":"link"}],"hidden":false,"retry":false,"extra":{"severity":"critical","retries":[],"categories":[{"name":"Test defects","matchedStatuses":[],"flaky":false}],"history":{"statistic":{"failed":0,"broken":2,"skipped":0,"passed":0,"unknown":0,"total":2},"items":[{"uid":"6c5ce1c41ea54b23","reportUrl":"https://nirtal85.github.io/Selenium-Python-Example/794//#testresult/6c5ce1c41ea54b23","status":"broken","statusDetails":"selenium.common.exceptions.TimeoutException: Message: \nStacktrace:\n#0 0x5580ead6753a <unknown>\n#1 0x5580ea862f00 <unknown>\n#2 0x5580ea8b2c0c <unknown>\n#3 0x5580ea8b2e31 <unknown>\n#4 0x5580ea8f8bd4 <unknown>\n#5 0x5580ea8d75cd <unknown>\n#6 0x5580ea8f5f84 <unknown>\n#7 0x5580ea8d7343 <unknown>\n#8 0x5580ea8a478a <unknown>\n#9 0x5580ea8a59de <unknown>\n#10 0x5580ead312cb <unknown>\n#11 0x5580ead35242 <unknown>\n#12 0x5580ead1e7ac <unknown>\n#13 0x5580ead35df7 <unknown>\n#14 0x5580ead02b2f <unknown>\n#15 0x5580ead561a8 <unknown>\n#16 0x5580ead56370 <unknown>\n#17 0x5580ead663b6 <unknown>\n#18 0x7fb4bf89caa4 <unknown>\n#19 0x7fb4bf929c6c <unknown>","time":{"start":1759369304268,"stop":1759369314395,"duration":10127}}]},"tags":["security"]},"source":"f66f346b7913c267.json","parameterValues":[]}