{"uid":"2d9452016cb2c762","name":"Delete existing workspace","fullName":"tests.workspaces_test.TestWorkspaces#test_delete_workspace","historyId":"085ae9bea926da8512f07258dfb5df8c","time":{"start":1754446062524,"stop":1754446062524,"duration":0},"description":"Delete an existing workspace","descriptionHtml":"<p>Delete an existing workspace</p>\n","status":"broken","statusMessage":"selenium.common.exceptions.TimeoutException: Message: \nStacktrace:\n#0 0x55fc9bd9253a <unknown>\n#1 0x55fc9b88df00 <unknown>\n#2 0x55fc9b8ddc0c <unknown>\n#3 0x55fc9b8dde31 <unknown>\n#4 0x55fc9b923bd4 <unknown>\n#5 0x55fc9b9025cd <unknown>\n#6 0x55fc9b920f84 <unknown>\n#7 0x55fc9b902343 <unknown>\n#8 0x55fc9b8cf78a <unknown>\n#9 0x55fc9b8d09de <unknown>\n#10 0x55fc9bd5c2cb <unknown>\n#11 0x55fc9bd60242 <unknown>\n#12 0x55fc9bd497ac <unknown>\n#13 0x55fc9bd60df7 <unknown>\n#14 0x55fc9bd2db2f <unknown>\n#15 0x55fc9bd811a8 <unknown>\n#16 0x55fc9bd81370 <unknown>\n#17 0x55fc9bd913b6 <unknown>\n#18 0x7f9c4929caa4 <unknown>\n#19 0x7f9c49329c3c <unknown>","statusTrace":"self = <tests.workspaces_test.TestWorkspaces object at 0x7fef041c1940>\n\n    @pytest.fixture(autouse=True)\n    def setup_method_fixture(self):\n>       login(self.about_page, self.login_page)\n\ntests/workspaces_test.py:25: \n_ _ _ _ _ _ _ _ _ _ _ _ _ _ _ _ _ _ _ _ _ _ _ _ _ _ _ _ _ _ _ _ _ _ _ _ _ _ _ _ \ntests/workspaces_test.py:15: in login\n    about_page.click_login_link()\nsrc/pages/about_page.py:18: in click_login_link\n    self.click(self.LOGIN_LINK)\nsrc/pages/base_page.py:59: in click\n    el: WebElement = self.wait.until(expected_conditions.element_to_be_clickable(locator))\n                     ^^^^^^^^^^^^^^^^^^^^^^^^^^^^^^^^^^^^^^^^^^^^^^^^^^^^^^^^^^^^^^^^^^^^^\n_ _ _ _ _ _ _ _ _ _ _ _ _ _ _ _ _ _ _ _ _ _ _ _ _ _ _ _ _ _ _ _ _ _ _ _ _ _ _ _ \n\nself = <selenium.webdriver.support.wait.WebDriverWait (session=\"9b93d18b70e8cac2e3073f5065cd69a3\")>\nmethod = <function element_to_be_clickable.<locals>._predicate at 0x7fef04203060>\nmessage = ''\n\n    def until(self, method: Callable[[D], Union[Literal[False], T]], message: str = \"\") -> T:\n        \"\"\"Wait until the method returns a value that is not False.\n    \n        Calls the method provided with the driver as an argument until the\n        return value does not evaluate to ``False``.\n    \n        Parameters:\n        -----------\n        method: callable(WebDriver)\n            - A callable object that takes a WebDriver instance as an argument.\n    \n        message: str\n            - Optional message for :exc:`TimeoutException`\n    \n        Return:\n        -------\n        object: T\n            - The result of the last call to `method`\n    \n        Raises:\n        -------\n        TimeoutException\n            - If 'method' does not return a truthy value within the WebDriverWait\n            object's timeout\n    \n        Example:\n        --------\n        >>> from selenium.webdriver.common.by import By\n        >>> from selenium.webdriver.support.ui import WebDriverWait\n        >>> from selenium.webdriver.support import expected_conditions as EC\n    \n        # Wait until an element is visible on the page\n        >>> wait = WebDriverWait(driver, 10)\n        >>> element = wait.until(EC.visibility_of_element_located((By.ID, \"exampleId\")))\n        >>> print(element.text)\n        \"\"\"\n        screen = None\n        stacktrace = None\n    \n        end_time = time.monotonic() + self._timeout\n        while True:\n            try:\n                value = method(self._driver)\n                if value:\n                    return value\n            except self._ignored_exceptions as exc:\n                screen = getattr(exc, \"screen\", None)\n                stacktrace = getattr(exc, \"stacktrace\", None)\n            if time.monotonic() > end_time:\n                break\n            time.sleep(self._poll)\n>       raise TimeoutException(message, screen, stacktrace)\nE       selenium.common.exceptions.TimeoutException: Message: \nE       Stacktrace:\nE       #0 0x55fc9bd9253a <unknown>\nE       #1 0x55fc9b88df00 <unknown>\nE       #2 0x55fc9b8ddc0c <unknown>\nE       #3 0x55fc9b8dde31 <unknown>\nE       #4 0x55fc9b923bd4 <unknown>\nE       #5 0x55fc9b9025cd <unknown>\nE       #6 0x55fc9b920f84 <unknown>\nE       #7 0x55fc9b902343 <unknown>\nE       #8 0x55fc9b8cf78a <unknown>\nE       #9 0x55fc9b8d09de <unknown>\nE       #10 0x55fc9bd5c2cb <unknown>\nE       #11 0x55fc9bd60242 <unknown>\nE       #12 0x55fc9bd497ac <unknown>\nE       #13 0x55fc9bd60df7 <unknown>\nE       #14 0x55fc9bd2db2f <unknown>\nE       #15 0x55fc9bd811a8 <unknown>\nE       #16 0x55fc9bd81370 <unknown>\nE       #17 0x55fc9bd913b6 <unknown>\nE       #18 0x7f9c4929caa4 <unknown>\nE       #19 0x7f9c49329c3c <unknown>\n\n.venv/lib/python3.13/site-packages/selenium/webdriver/support/wait.py:138: TimeoutException","flaky":false,"newFailed":false,"newBroken":false,"newPassed":false,"retriesCount":0,"retriesStatusChange":false,"beforeStages":[{"name":"base_url","time":{"start":1754446039830,"stop":1754446039830,"duration":0},"status":"passed","steps":[],"attachments":[],"parameters":[],"shouldDisplayMessage":false,"stepsCount":0,"attachmentsCount":0,"hasContent":false,"attachmentStep":false},{"name":"_verify_url","time":{"start":1754446039830,"stop":1754446039830,"duration":0},"status":"passed","steps":[],"attachments":[],"parameters":[],"shouldDisplayMessage":false,"stepsCount":0,"attachmentsCount":0,"hasContent":false,"attachmentStep":false},{"name":"session_request","time":{"start":1754446039831,"stop":1754446039831,"duration":0},"status":"passed","steps":[],"attachments":[],"parameters":[],"shouldDisplayMessage":false,"stepsCount":0,"attachmentsCount":0,"hasContent":false,"attachmentStep":false},{"name":"setup_method_fixture","time":{"start":1754446065413,"stop":1754446075806,"duration":10393},"status":"broken","statusMessage":"selenium.common.exceptions.TimeoutException: Message: \nStacktrace:\n#0 0x55fc9bd9253a <unknown>\n#1 0x55fc9b88df00 <unknown>\n#2 0x55fc9b8ddc0c <unknown>\n#3 0x55fc9b8dde31 <unknown>\n#4 0x55fc9b923bd4 <unknown>\n#5 0x55fc9b9025cd <unknown>\n#6 0x55fc9b920f84 <unknown>\n#7 0x55fc9b902343 <unknown>\n#8 0x55fc9b8cf78a <unknown>\n#9 0x55fc9b8d09de <unknown>\n#10 0x55fc9bd5c2cb <unknown>\n#11 0x55fc9bd60242 <unknown>\n#12 0x55fc9bd497ac <unknown>\n#13 0x55fc9bd60df7 <unknown>\n#14 0x55fc9bd2db2f <unknown>\n#15 0x55fc9bd811a8 <unknown>\n#16 0x55fc9bd81370 <unknown>\n#17 0x55fc9bd913b6 <unknown>\n#18 0x7f9c4929caa4 <unknown>\n#19 0x7f9c49329c3c <unknown>\n\n","statusTrace":"  File \"/home/runner/work/Selenium-Python-Example/Selenium-Python-Example/.venv/lib/python3.13/site-packages/pluggy/_callers.py\", line 167, in _multicall\n    teardown.throw(outcome._exception)\n    ~~~~~~~~~~~~~~^^^^^^^^^^^^^^^^^^^^\n  File \"/home/runner/work/Selenium-Python-Example/Selenium-Python-Example/.venv/lib/python3.13/site-packages/_pytest/setuponly.py\", line 36, in pytest_fixture_setup\n    return (yield)\n            ^^^^^\n  File \"/home/runner/work/Selenium-Python-Example/Selenium-Python-Example/.venv/lib/python3.13/site-packages/pluggy/_callers.py\", line 103, in _multicall\n    res = hook_impl.function(*args)\n  File \"/home/runner/work/Selenium-Python-Example/Selenium-Python-Example/.venv/lib/python3.13/site-packages/_pytest/fixtures.py\", line 1195, in pytest_fixture_setup\n    result = call_fixture_func(fixturefunc, request, kwargs)\n  File \"/home/runner/work/Selenium-Python-Example/Selenium-Python-Example/.venv/lib/python3.13/site-packages/_pytest/fixtures.py\", line 929, in call_fixture_func\n    fixture_result = fixturefunc(**kwargs)\n  File \"/home/runner/work/Selenium-Python-Example/Selenium-Python-Example/tests/workspaces_test.py\", line 25, in setup_method_fixture\n    login(self.about_page, self.login_page)\n    ~~~~~^^^^^^^^^^^^^^^^^^^^^^^^^^^^^^^^^^\n  File \"/home/runner/work/Selenium-Python-Example/Selenium-Python-Example/tests/workspaces_test.py\", line 15, in login\n    about_page.click_login_link()\n    ~~~~~~~~~~~~~~~~~~~~~~~~~~~^^\n  File \"/home/runner/work/Selenium-Python-Example/Selenium-Python-Example/.venv/lib/python3.13/site-packages/allure_commons/_allure.py\", line 202, in impl\n    return func(*a, **kw)\n  File \"/home/runner/work/Selenium-Python-Example/Selenium-Python-Example/src/pages/about_page.py\", line 18, in click_login_link\n    self.click(self.LOGIN_LINK)\n    ~~~~~~~~~~^^^^^^^^^^^^^^^^^\n  File \"/home/runner/work/Selenium-Python-Example/Selenium-Python-Example/src/pages/base_page.py\", line 59, in click\n    el: WebElement = self.wait.until(expected_conditions.element_to_be_clickable(locator))\n                     ~~~~~~~~~~~~~~~^^^^^^^^^^^^^^^^^^^^^^^^^^^^^^^^^^^^^^^^^^^^^^^^^^^^^^\n  File \"/home/runner/work/Selenium-Python-Example/Selenium-Python-Example/.venv/lib/python3.13/site-packages/selenium/webdriver/support/wait.py\", line 138, in until\n    raise TimeoutException(message, screen, stacktrace)\n","steps":[{"name":"Click Login link","time":{"start":1754446065413,"stop":1754446075805,"duration":10392},"status":"broken","statusMessage":"selenium.common.exceptions.TimeoutException: Message: \nStacktrace:\n#0 0x55fc9bd9253a <unknown>\n#1 0x55fc9b88df00 <unknown>\n#2 0x55fc9b8ddc0c <unknown>\n#3 0x55fc9b8dde31 <unknown>\n#4 0x55fc9b923bd4 <unknown>\n#5 0x55fc9b9025cd <unknown>\n#6 0x55fc9b920f84 <unknown>\n#7 0x55fc9b902343 <unknown>\n#8 0x55fc9b8cf78a <unknown>\n#9 0x55fc9b8d09de <unknown>\n#10 0x55fc9bd5c2cb <unknown>\n#11 0x55fc9bd60242 <unknown>\n#12 0x55fc9bd497ac <unknown>\n#13 0x55fc9bd60df7 <unknown>\n#14 0x55fc9bd2db2f <unknown>\n#15 0x55fc9bd811a8 <unknown>\n#16 0x55fc9bd81370 <unknown>\n#17 0x55fc9bd913b6 <unknown>\n#18 0x7f9c4929caa4 <unknown>\n#19 0x7f9c49329c3c <unknown>\n\n","statusTrace":"  File \"/home/runner/work/Selenium-Python-Example/Selenium-Python-Example/.venv/lib/python3.13/site-packages/allure_commons/_allure.py\", line 202, in impl\n    return func(*a, **kw)\n  File \"/home/runner/work/Selenium-Python-Example/Selenium-Python-Example/src/pages/about_page.py\", line 18, in click_login_link\n    self.click(self.LOGIN_LINK)\n    ~~~~~~~~~~^^^^^^^^^^^^^^^^^\n  File \"/home/runner/work/Selenium-Python-Example/Selenium-Python-Example/src/pages/base_page.py\", line 59, in click\n    el: WebElement = self.wait.until(expected_conditions.element_to_be_clickable(locator))\n                     ~~~~~~~~~~~~~~~^^^^^^^^^^^^^^^^^^^^^^^^^^^^^^^^^^^^^^^^^^^^^^^^^^^^^^\n  File \"/home/runner/work/Selenium-Python-Example/Selenium-Python-Example/.venv/lib/python3.13/site-packages/selenium/webdriver/support/wait.py\", line 138, in until\n    raise TimeoutException(message, screen, stacktrace)\n","steps":[],"attachments":[],"parameters":[],"shouldDisplayMessage":true,"stepsCount":0,"attachmentsCount":0,"hasContent":true,"attachmentStep":false}],"attachments":[],"parameters":[],"shouldDisplayMessage":false,"stepsCount":1,"attachmentsCount":0,"hasContent":true,"attachmentStep":false}],"testStage":{"description":"Delete an existing workspace","status":"broken","statusMessage":"selenium.common.exceptions.TimeoutException: Message: \nStacktrace:\n#0 0x55fc9bd9253a <unknown>\n#1 0x55fc9b88df00 <unknown>\n#2 0x55fc9b8ddc0c <unknown>\n#3 0x55fc9b8dde31 <unknown>\n#4 0x55fc9b923bd4 <unknown>\n#5 0x55fc9b9025cd <unknown>\n#6 0x55fc9b920f84 <unknown>\n#7 0x55fc9b902343 <unknown>\n#8 0x55fc9b8cf78a <unknown>\n#9 0x55fc9b8d09de <unknown>\n#10 0x55fc9bd5c2cb <unknown>\n#11 0x55fc9bd60242 <unknown>\n#12 0x55fc9bd497ac <unknown>\n#13 0x55fc9bd60df7 <unknown>\n#14 0x55fc9bd2db2f <unknown>\n#15 0x55fc9bd811a8 <unknown>\n#16 0x55fc9bd81370 <unknown>\n#17 0x55fc9bd913b6 <unknown>\n#18 0x7f9c4929caa4 <unknown>\n#19 0x7f9c49329c3c <unknown>","statusTrace":"self = <tests.workspaces_test.TestWorkspaces object at 0x7fef041c1940>\n\n    @pytest.fixture(autouse=True)\n    def setup_method_fixture(self):\n>       login(self.about_page, self.login_page)\n\ntests/workspaces_test.py:25: \n_ _ _ _ _ _ _ _ _ _ _ _ _ _ _ _ _ _ _ _ _ _ _ _ _ _ _ _ _ _ _ _ _ _ _ _ _ _ _ _ \ntests/workspaces_test.py:15: in login\n    about_page.click_login_link()\nsrc/pages/about_page.py:18: in click_login_link\n    self.click(self.LOGIN_LINK)\nsrc/pages/base_page.py:59: in click\n    el: WebElement = self.wait.until(expected_conditions.element_to_be_clickable(locator))\n                     ^^^^^^^^^^^^^^^^^^^^^^^^^^^^^^^^^^^^^^^^^^^^^^^^^^^^^^^^^^^^^^^^^^^^^\n_ _ _ _ _ _ _ _ _ _ _ _ _ _ _ _ _ _ _ _ _ _ _ _ _ _ _ _ _ _ _ _ _ _ _ _ _ _ _ _ \n\nself = <selenium.webdriver.support.wait.WebDriverWait (session=\"9b93d18b70e8cac2e3073f5065cd69a3\")>\nmethod = <function element_to_be_clickable.<locals>._predicate at 0x7fef04203060>\nmessage = ''\n\n    def until(self, method: Callable[[D], Union[Literal[False], T]], message: str = \"\") -> T:\n        \"\"\"Wait until the method returns a value that is not False.\n    \n        Calls the method provided with the driver as an argument until the\n        return value does not evaluate to ``False``.\n    \n        Parameters:\n        -----------\n        method: callable(WebDriver)\n            - A callable object that takes a WebDriver instance as an argument.\n    \n        message: str\n            - Optional message for :exc:`TimeoutException`\n    \n        Return:\n        -------\n        object: T\n            - The result of the last call to `method`\n    \n        Raises:\n        -------\n        TimeoutException\n            - If 'method' does not return a truthy value within the WebDriverWait\n            object's timeout\n    \n        Example:\n        --------\n        >>> from selenium.webdriver.common.by import By\n        >>> from selenium.webdriver.support.ui import WebDriverWait\n        >>> from selenium.webdriver.support import expected_conditions as EC\n    \n        # Wait until an element is visible on the page\n        >>> wait = WebDriverWait(driver, 10)\n        >>> element = wait.until(EC.visibility_of_element_located((By.ID, \"exampleId\")))\n        >>> print(element.text)\n        \"\"\"\n        screen = None\n        stacktrace = None\n    \n        end_time = time.monotonic() + self._timeout\n        while True:\n            try:\n                value = method(self._driver)\n                if value:\n                    return value\n            except self._ignored_exceptions as exc:\n                screen = getattr(exc, \"screen\", None)\n                stacktrace = getattr(exc, \"stacktrace\", None)\n            if time.monotonic() > end_time:\n                break\n            time.sleep(self._poll)\n>       raise TimeoutException(message, screen, stacktrace)\nE       selenium.common.exceptions.TimeoutException: Message: \nE       Stacktrace:\nE       #0 0x55fc9bd9253a <unknown>\nE       #1 0x55fc9b88df00 <unknown>\nE       #2 0x55fc9b8ddc0c <unknown>\nE       #3 0x55fc9b8dde31 <unknown>\nE       #4 0x55fc9b923bd4 <unknown>\nE       #5 0x55fc9b9025cd <unknown>\nE       #6 0x55fc9b920f84 <unknown>\nE       #7 0x55fc9b902343 <unknown>\nE       #8 0x55fc9b8cf78a <unknown>\nE       #9 0x55fc9b8d09de <unknown>\nE       #10 0x55fc9bd5c2cb <unknown>\nE       #11 0x55fc9bd60242 <unknown>\nE       #12 0x55fc9bd497ac <unknown>\nE       #13 0x55fc9bd60df7 <unknown>\nE       #14 0x55fc9bd2db2f <unknown>\nE       #15 0x55fc9bd811a8 <unknown>\nE       #16 0x55fc9bd81370 <unknown>\nE       #17 0x55fc9bd913b6 <unknown>\nE       #18 0x7f9c4929caa4 <unknown>\nE       #19 0x7f9c49329c3c <unknown>\n\n.venv/lib/python3.13/site-packages/selenium/webdriver/support/wait.py:138: TimeoutException","steps":[{"name":"public ip address","time":{"start":1754446075821,"stop":1754446075856,"duration":35},"status":"passed","steps":[],"attachments":[{"uid":"3f00e22b6998ed5","name":"HTTP logs of http://checkip.amazonaws.com/","source":"3f00e22b6998ed5.txt","type":"text/plain","size":358}],"parameters":[],"shouldDisplayMessage":false,"stepsCount":0,"attachmentsCount":1,"hasContent":true,"attachmentStep":false}],"attachments":[{"uid":"4fa72b22bae93a6b","name":"Cookies","source":"4fa72b22bae93a6b.json","type":"application/json","size":4140},{"uid":"664460b12903640d","name":"Session Storage","source":"664460b12903640d.json","type":"application/json","size":359},{"uid":"e7b8a3445c4fea94","name":"Local Storage","source":"e7b8a3445c4fea94.json","type":"application/json","size":548},{"uid":"db6474a9413f08f9","name":"Full Page Screenshot","source":"db6474a9413f08f9.png","type":"image/png","size":1970149},{"uid":"23879f7d3b2b8d63","name":"URL","source":"23879f7d3b2b8d63.uri","type":"text/uri-list","size":23},{"uid":"a9ac11ce193ccbd0","name":"Network Logs","source":"a9ac11ce193ccbd0.json","type":"application/json","size":10187083}],"parameters":[],"shouldDisplayMessage":true,"stepsCount":1,"attachmentsCount":7,"hasContent":true,"attachmentStep":false},"afterStages":[{"name":"session_request::0","time":{"start":1754446125930,"stop":1754446125930,"duration":0},"status":"passed","steps":[],"attachments":[],"parameters":[],"shouldDisplayMessage":false,"stepsCount":0,"attachmentsCount":0,"hasContent":false,"attachmentStep":false}],"labels":[{"name":"epic","value":"Workspaces"},{"name":"severity","value":"normal"},{"name":"story","value":"WorkSpaces Creation and Editing Functionality"},{"name":"parentSuite","value":"tests"},{"name":"suite","value":"workspaces_test"},{"name":"subSuite","value":"TestWorkspaces"},{"name":"host","value":"pkrvmjbmru5nbw0"},{"name":"thread","value":"2172-MainThread"},{"name":"framework","value":"pytest"},{"name":"language","value":"cpython3"},{"name":"package","value":"tests.workspaces_test"},{"name":"resultFormat","value":"allure2"}],"parameters":[],"links":[],"hidden":false,"retry":false,"extra":{"severity":"normal","retries":[],"categories":[{"name":"Test defects","matchedStatuses":[],"flaky":false}],"history":{"statistic":{"failed":0,"broken":6,"skipped":0,"passed":0,"unknown":0,"total":6},"items":[{"uid":"7368e3c5628662da","reportUrl":"https://nirtal85.github.io/Selenium-Python-Example/736//#testresult/7368e3c5628662da","status":"broken","statusDetails":"selenium.common.exceptions.TimeoutException: Message: \nStacktrace:\n#0 0x559aa77b353a <unknown>\n#1 0x559aa72aef00 <unknown>\n#2 0x559aa72fec0c <unknown>\n#3 0x559aa72fee31 <unknown>\n#4 0x559aa7344bd4 <unknown>\n#5 0x559aa73235cd <unknown>\n#6 0x559aa7341f84 <unknown>\n#7 0x559aa7323343 <unknown>\n#8 0x559aa72f078a <unknown>\n#9 0x559aa72f19de <unknown>\n#10 0x559aa777d2cb <unknown>\n#11 0x559aa7781242 <unknown>\n#12 0x559aa776a7ac <unknown>\n#13 0x559aa7781df7 <unknown>\n#14 0x559aa774eb2f <unknown>\n#15 0x559aa77a21a8 <unknown>\n#16 0x559aa77a2370 <unknown>\n#17 0x559aa77b23b6 <unknown>\n#18 0x7fbca4c9caa4 <unknown>\n#19 0x7fbca4d29c3c <unknown>","time":{"start":1754359781549,"stop":1754359781549,"duration":0}},{"uid":"99e452954b728c42","reportUrl":"https://nirtal85.github.io/Selenium-Python-Example/735//#testresult/99e452954b728c42","status":"broken","statusDetails":"selenium.common.exceptions.TimeoutException: Message: \nStacktrace:\n#0 0x563f2a48b53a <unknown>\n#1 0x563f29f86f00 <unknown>\n#2 0x563f29fd6c0c <unknown>\n#3 0x563f29fd6e31 <unknown>\n#4 0x563f2a01cbd4 <unknown>\n#5 0x563f29ffb5cd <unknown>\n#6 0x563f2a019f84 <unknown>\n#7 0x563f29ffb343 <unknown>\n#8 0x563f29fc878a <unknown>\n#9 0x563f29fc99de <unknown>\n#10 0x563f2a4552cb <unknown>\n#11 0x563f2a459242 <unknown>\n#12 0x563f2a4427ac <unknown>\n#13 0x563f2a459df7 <unknown>\n#14 0x563f2a426b2f <unknown>\n#15 0x563f2a47a1a8 <unknown>\n#16 0x563f2a47a370 <unknown>\n#17 0x563f2a48a3b6 <unknown>\n#18 0x7f495549caa4 <unknown>\n#19 0x7f4955529c3c <unknown>","time":{"start":1754274106350,"stop":1754274106350,"duration":0}},{"uid":"1f827f87706e0388","reportUrl":"https://nirtal85.github.io/Selenium-Python-Example/734//#testresult/1f827f87706e0388","status":"broken","statusDetails":"selenium.common.exceptions.TimeoutException: Message: \nStacktrace:\n#0 0x5599fafe153a <unknown>\n#1 0x5599faadcf00 <unknown>\n#2 0x5599fab2cc0c <unknown>\n#3 0x5599fab2ce31 <unknown>\n#4 0x5599fab72bd4 <unknown>\n#5 0x5599fab515cd <unknown>\n#6 0x5599fab6ff84 <unknown>\n#7 0x5599fab51343 <unknown>\n#8 0x5599fab1e78a <unknown>\n#9 0x5599fab1f9de <unknown>\n#10 0x5599fafab2cb <unknown>\n#11 0x5599fafaf242 <unknown>\n#12 0x5599faf987ac <unknown>\n#13 0x5599fafafdf7 <unknown>\n#14 0x5599faf7cb2f <unknown>\n#15 0x5599fafd01a8 <unknown>\n#16 0x5599fafd0370 <unknown>\n#17 0x5599fafe03b6 <unknown>\n#18 0x7f20e7c9caa4 <unknown>\n#19 0x7f20e7d29c3c <unknown>","time":{"start":1754187701149,"stop":1754187701149,"duration":0}},{"uid":"61c1f8f282474358","reportUrl":"https://nirtal85.github.io/Selenium-Python-Example/733//#testresult/61c1f8f282474358","status":"broken","statusDetails":"selenium.common.exceptions.TimeoutException: Message: \nStacktrace:\n#0 0x558c9127e53a <unknown>\n#1 0x558c90d79f00 <unknown>\n#2 0x558c90dc9c0c <unknown>\n#3 0x558c90dc9e31 <unknown>\n#4 0x558c90e0fbd4 <unknown>\n#5 0x558c90dee5cd <unknown>\n#6 0x558c90e0cf84 <unknown>\n#7 0x558c90dee343 <unknown>\n#8 0x558c90dbb78a <unknown>\n#9 0x558c90dbc9de <unknown>\n#10 0x558c912482cb <unknown>\n#11 0x558c9124c242 <unknown>\n#12 0x558c912357ac <unknown>\n#13 0x558c9124cdf7 <unknown>\n#14 0x558c91219b2f <unknown>\n#15 0x558c9126d1a8 <unknown>\n#16 0x558c9126d370 <unknown>\n#17 0x558c9127d3b6 <unknown>\n#18 0x7f4983c9caa4 <unknown>\n#19 0x7f4983d29c3c <unknown>","time":{"start":1754100056568,"stop":1754100056568,"duration":0}},{"uid":"d3609311505ada5d","reportUrl":"https://nirtal85.github.io/Selenium-Python-Example/732//#testresult/d3609311505ada5d","status":"broken","statusDetails":"selenium.common.exceptions.TimeoutException: Message: \nStacktrace:\n#0 0x55f26d50653a <unknown>\n#1 0x55f26d001f00 <unknown>\n#2 0x55f26d051c0c <unknown>\n#3 0x55f26d051e31 <unknown>\n#4 0x55f26d097bd4 <unknown>\n#5 0x55f26d0765cd <unknown>\n#6 0x55f26d094f84 <unknown>\n#7 0x55f26d076343 <unknown>\n#8 0x55f26d04378a <unknown>\n#9 0x55f26d0449de <unknown>\n#10 0x55f26d4d02cb <unknown>\n#11 0x55f26d4d4242 <unknown>\n#12 0x55f26d4bd7ac <unknown>\n#13 0x55f26d4d4df7 <unknown>\n#14 0x55f26d4a1b2f <unknown>\n#15 0x55f26d4f51a8 <unknown>\n#16 0x55f26d4f5370 <unknown>\n#17 0x55f26d5053b6 <unknown>\n#18 0x7fcda349caa4 <unknown>\n#19 0x7fcda3529c3c <unknown>","time":{"start":1754014997942,"stop":1754014997942,"duration":0}}]},"tags":[]},"source":"2d9452016cb2c762.json","parameterValues":[]}