{"uid":"37745a89213732c","name":"Exception test","fullName":"tests.forgot_password_test.TestForgotPassword#test_expected_exception_on_page_title","historyId":"288cd0030c92ba34b4ff4b58ed8ec476","time":{"start":1754446040302,"stop":1754446050732,"duration":10430},"description":"Exception catching","descriptionHtml":"<p>Exception catching</p>\n","status":"broken","statusMessage":"selenium.common.exceptions.TimeoutException: Message: \nStacktrace:\n#0 0x55695cc2753a <unknown>\n#1 0x55695c722f00 <unknown>\n#2 0x55695c772c0c <unknown>\n#3 0x55695c772e31 <unknown>\n#4 0x55695c7b8bd4 <unknown>\n#5 0x55695c7975cd <unknown>\n#6 0x55695c7b5f84 <unknown>\n#7 0x55695c797343 <unknown>\n#8 0x55695c76478a <unknown>\n#9 0x55695c7659de <unknown>\n#10 0x55695cbf12cb <unknown>\n#11 0x55695cbf5242 <unknown>\n#12 0x55695cbde7ac <unknown>\n#13 0x55695cbf5df7 <unknown>\n#14 0x55695cbc2b2f <unknown>\n#15 0x55695cc161a8 <unknown>\n#16 0x55695cc16370 <unknown>\n#17 0x55695cc263b6 <unknown>\n#18 0x7f2a6fc9caa4 <unknown>\n#19 0x7f2a6fd29c3c <unknown>","statusTrace":"self = <tests.forgot_password_test.TestForgotPassword object at 0x7fac4c3c1480>\n\n    @allure.description(\"Exception catching\")\n    @allure.title(\"Exception test\")\n    @allure.link(\"github.com/allure-examples/\", name=\"Allure Examples\")\n    @allure.issue(\"github.com/allure-examples/allure-examples/issues/1\", name=\"ISSUE-1\")\n    @allure.testcase(\"github.com/allure-examples/allure-examples/issues/2\", name=\"TESTCASE-2\")\n    def test_expected_exception_on_page_title(self) -> None:\n>       self.about_page.click_login_link()\n\ntests/forgot_password_test.py:51: \n_ _ _ _ _ _ _ _ _ _ _ _ _ _ _ _ _ _ _ _ _ _ _ _ _ _ _ _ _ _ _ _ _ _ _ _ _ _ _ _ \nsrc/pages/about_page.py:18: in click_login_link\n    self.click(self.LOGIN_LINK)\nsrc/pages/base_page.py:59: in click\n    el: WebElement = self.wait.until(expected_conditions.element_to_be_clickable(locator))\n                     ^^^^^^^^^^^^^^^^^^^^^^^^^^^^^^^^^^^^^^^^^^^^^^^^^^^^^^^^^^^^^^^^^^^^^\n_ _ _ _ _ _ _ _ _ _ _ _ _ _ _ _ _ _ _ _ _ _ _ _ _ _ _ _ _ _ _ _ _ _ _ _ _ _ _ _ \n\nself = <selenium.webdriver.support.wait.WebDriverWait (session=\"d6f0b25344080c36aa61fd11101d7260\")>\nmethod = <function element_to_be_clickable.<locals>._predicate at 0x7fac4b22f1a0>\nmessage = ''\n\n    def until(self, method: Callable[[D], Union[Literal[False], T]], message: str = \"\") -> T:\n        \"\"\"Wait until the method returns a value that is not False.\n    \n        Calls the method provided with the driver as an argument until the\n        return value does not evaluate to ``False``.\n    \n        Parameters:\n        -----------\n        method: callable(WebDriver)\n            - A callable object that takes a WebDriver instance as an argument.\n    \n        message: str\n            - Optional message for :exc:`TimeoutException`\n    \n        Return:\n        -------\n        object: T\n            - The result of the last call to `method`\n    \n        Raises:\n        -------\n        TimeoutException\n            - If 'method' does not return a truthy value within the WebDriverWait\n            object's timeout\n    \n        Example:\n        --------\n        >>> from selenium.webdriver.common.by import By\n        >>> from selenium.webdriver.support.ui import WebDriverWait\n        >>> from selenium.webdriver.support import expected_conditions as EC\n    \n        # Wait until an element is visible on the page\n        >>> wait = WebDriverWait(driver, 10)\n        >>> element = wait.until(EC.visibility_of_element_located((By.ID, \"exampleId\")))\n        >>> print(element.text)\n        \"\"\"\n        screen = None\n        stacktrace = None\n    \n        end_time = time.monotonic() + self._timeout\n        while True:\n            try:\n                value = method(self._driver)\n                if value:\n                    return value\n            except self._ignored_exceptions as exc:\n                screen = getattr(exc, \"screen\", None)\n                stacktrace = getattr(exc, \"stacktrace\", None)\n            if time.monotonic() > end_time:\n                break\n            time.sleep(self._poll)\n>       raise TimeoutException(message, screen, stacktrace)\nE       selenium.common.exceptions.TimeoutException: Message: \nE       Stacktrace:\nE       #0 0x55695cc2753a <unknown>\nE       #1 0x55695c722f00 <unknown>\nE       #2 0x55695c772c0c <unknown>\nE       #3 0x55695c772e31 <unknown>\nE       #4 0x55695c7b8bd4 <unknown>\nE       #5 0x55695c7975cd <unknown>\nE       #6 0x55695c7b5f84 <unknown>\nE       #7 0x55695c797343 <unknown>\nE       #8 0x55695c76478a <unknown>\nE       #9 0x55695c7659de <unknown>\nE       #10 0x55695cbf12cb <unknown>\nE       #11 0x55695cbf5242 <unknown>\nE       #12 0x55695cbde7ac <unknown>\nE       #13 0x55695cbf5df7 <unknown>\nE       #14 0x55695cbc2b2f <unknown>\nE       #15 0x55695cc161a8 <unknown>\nE       #16 0x55695cc16370 <unknown>\nE       #17 0x55695cc263b6 <unknown>\nE       #18 0x7f2a6fc9caa4 <unknown>\nE       #19 0x7f2a6fd29c3c <unknown>\n\n.venv/lib/python3.13/site-packages/selenium/webdriver/support/wait.py:138: TimeoutException","flaky":false,"newFailed":false,"newBroken":false,"newPassed":false,"retriesCount":0,"retriesStatusChange":false,"beforeStages":[{"name":"base_url","time":{"start":1754446034606,"stop":1754446034606,"duration":0},"status":"passed","steps":[],"attachments":[],"parameters":[],"shouldDisplayMessage":false,"stepsCount":0,"attachmentsCount":0,"hasContent":false,"attachmentStep":false},{"name":"_verify_url","time":{"start":1754446034606,"stop":1754446034606,"duration":0},"status":"passed","steps":[],"attachments":[],"parameters":[],"shouldDisplayMessage":false,"stepsCount":0,"attachmentsCount":0,"hasContent":false,"attachmentStep":false},{"name":"session_request","time":{"start":1754446034606,"stop":1754446034606,"duration":0},"status":"passed","steps":[],"attachments":[],"parameters":[],"shouldDisplayMessage":false,"stepsCount":0,"attachmentsCount":0,"hasContent":false,"attachmentStep":false}],"testStage":{"description":"Exception catching","status":"broken","statusMessage":"selenium.common.exceptions.TimeoutException: Message: \nStacktrace:\n#0 0x55695cc2753a <unknown>\n#1 0x55695c722f00 <unknown>\n#2 0x55695c772c0c <unknown>\n#3 0x55695c772e31 <unknown>\n#4 0x55695c7b8bd4 <unknown>\n#5 0x55695c7975cd <unknown>\n#6 0x55695c7b5f84 <unknown>\n#7 0x55695c797343 <unknown>\n#8 0x55695c76478a <unknown>\n#9 0x55695c7659de <unknown>\n#10 0x55695cbf12cb <unknown>\n#11 0x55695cbf5242 <unknown>\n#12 0x55695cbde7ac <unknown>\n#13 0x55695cbf5df7 <unknown>\n#14 0x55695cbc2b2f <unknown>\n#15 0x55695cc161a8 <unknown>\n#16 0x55695cc16370 <unknown>\n#17 0x55695cc263b6 <unknown>\n#18 0x7f2a6fc9caa4 <unknown>\n#19 0x7f2a6fd29c3c <unknown>","statusTrace":"self = <tests.forgot_password_test.TestForgotPassword object at 0x7fac4c3c1480>\n\n    @allure.description(\"Exception catching\")\n    @allure.title(\"Exception test\")\n    @allure.link(\"github.com/allure-examples/\", name=\"Allure Examples\")\n    @allure.issue(\"github.com/allure-examples/allure-examples/issues/1\", name=\"ISSUE-1\")\n    @allure.testcase(\"github.com/allure-examples/allure-examples/issues/2\", name=\"TESTCASE-2\")\n    def test_expected_exception_on_page_title(self) -> None:\n>       self.about_page.click_login_link()\n\ntests/forgot_password_test.py:51: \n_ _ _ _ _ _ _ _ _ _ _ _ _ _ _ _ _ _ _ _ _ _ _ _ _ _ _ _ _ _ _ _ _ _ _ _ _ _ _ _ \nsrc/pages/about_page.py:18: in click_login_link\n    self.click(self.LOGIN_LINK)\nsrc/pages/base_page.py:59: in click\n    el: WebElement = self.wait.until(expected_conditions.element_to_be_clickable(locator))\n                     ^^^^^^^^^^^^^^^^^^^^^^^^^^^^^^^^^^^^^^^^^^^^^^^^^^^^^^^^^^^^^^^^^^^^^\n_ _ _ _ _ _ _ _ _ _ _ _ _ _ _ _ _ _ _ _ _ _ _ _ _ _ _ _ _ _ _ _ _ _ _ _ _ _ _ _ \n\nself = <selenium.webdriver.support.wait.WebDriverWait (session=\"d6f0b25344080c36aa61fd11101d7260\")>\nmethod = <function element_to_be_clickable.<locals>._predicate at 0x7fac4b22f1a0>\nmessage = ''\n\n    def until(self, method: Callable[[D], Union[Literal[False], T]], message: str = \"\") -> T:\n        \"\"\"Wait until the method returns a value that is not False.\n    \n        Calls the method provided with the driver as an argument until the\n        return value does not evaluate to ``False``.\n    \n        Parameters:\n        -----------\n        method: callable(WebDriver)\n            - A callable object that takes a WebDriver instance as an argument.\n    \n        message: str\n            - Optional message for :exc:`TimeoutException`\n    \n        Return:\n        -------\n        object: T\n            - The result of the last call to `method`\n    \n        Raises:\n        -------\n        TimeoutException\n            - If 'method' does not return a truthy value within the WebDriverWait\n            object's timeout\n    \n        Example:\n        --------\n        >>> from selenium.webdriver.common.by import By\n        >>> from selenium.webdriver.support.ui import WebDriverWait\n        >>> from selenium.webdriver.support import expected_conditions as EC\n    \n        # Wait until an element is visible on the page\n        >>> wait = WebDriverWait(driver, 10)\n        >>> element = wait.until(EC.visibility_of_element_located((By.ID, \"exampleId\")))\n        >>> print(element.text)\n        \"\"\"\n        screen = None\n        stacktrace = None\n    \n        end_time = time.monotonic() + self._timeout\n        while True:\n            try:\n                value = method(self._driver)\n                if value:\n                    return value\n            except self._ignored_exceptions as exc:\n                screen = getattr(exc, \"screen\", None)\n                stacktrace = getattr(exc, \"stacktrace\", None)\n            if time.monotonic() > end_time:\n                break\n            time.sleep(self._poll)\n>       raise TimeoutException(message, screen, stacktrace)\nE       selenium.common.exceptions.TimeoutException: Message: \nE       Stacktrace:\nE       #0 0x55695cc2753a <unknown>\nE       #1 0x55695c722f00 <unknown>\nE       #2 0x55695c772c0c <unknown>\nE       #3 0x55695c772e31 <unknown>\nE       #4 0x55695c7b8bd4 <unknown>\nE       #5 0x55695c7975cd <unknown>\nE       #6 0x55695c7b5f84 <unknown>\nE       #7 0x55695c797343 <unknown>\nE       #8 0x55695c76478a <unknown>\nE       #9 0x55695c7659de <unknown>\nE       #10 0x55695cbf12cb <unknown>\nE       #11 0x55695cbf5242 <unknown>\nE       #12 0x55695cbde7ac <unknown>\nE       #13 0x55695cbf5df7 <unknown>\nE       #14 0x55695cbc2b2f <unknown>\nE       #15 0x55695cc161a8 <unknown>\nE       #16 0x55695cc16370 <unknown>\nE       #17 0x55695cc263b6 <unknown>\nE       #18 0x7f2a6fc9caa4 <unknown>\nE       #19 0x7f2a6fd29c3c <unknown>\n\n.venv/lib/python3.13/site-packages/selenium/webdriver/support/wait.py:138: TimeoutException","steps":[{"name":"Click Login link","time":{"start":1754446040302,"stop":1754446050731,"duration":10429},"status":"broken","statusMessage":"selenium.common.exceptions.TimeoutException: Message: \nStacktrace:\n#0 0x55695cc2753a <unknown>\n#1 0x55695c722f00 <unknown>\n#2 0x55695c772c0c <unknown>\n#3 0x55695c772e31 <unknown>\n#4 0x55695c7b8bd4 <unknown>\n#5 0x55695c7975cd <unknown>\n#6 0x55695c7b5f84 <unknown>\n#7 0x55695c797343 <unknown>\n#8 0x55695c76478a <unknown>\n#9 0x55695c7659de <unknown>\n#10 0x55695cbf12cb <unknown>\n#11 0x55695cbf5242 <unknown>\n#12 0x55695cbde7ac <unknown>\n#13 0x55695cbf5df7 <unknown>\n#14 0x55695cbc2b2f <unknown>\n#15 0x55695cc161a8 <unknown>\n#16 0x55695cc16370 <unknown>\n#17 0x55695cc263b6 <unknown>\n#18 0x7f2a6fc9caa4 <unknown>\n#19 0x7f2a6fd29c3c <unknown>\n\n","statusTrace":"  File \"/home/runner/work/Selenium-Python-Example/Selenium-Python-Example/.venv/lib/python3.13/site-packages/allure_commons/_allure.py\", line 202, in impl\n    return func(*a, **kw)\n  File \"/home/runner/work/Selenium-Python-Example/Selenium-Python-Example/src/pages/about_page.py\", line 18, in click_login_link\n    self.click(self.LOGIN_LINK)\n    ~~~~~~~~~~^^^^^^^^^^^^^^^^^\n  File \"/home/runner/work/Selenium-Python-Example/Selenium-Python-Example/src/pages/base_page.py\", line 59, in click\n    el: WebElement = self.wait.until(expected_conditions.element_to_be_clickable(locator))\n                     ~~~~~~~~~~~~~~~^^^^^^^^^^^^^^^^^^^^^^^^^^^^^^^^^^^^^^^^^^^^^^^^^^^^^^\n  File \"/home/runner/work/Selenium-Python-Example/Selenium-Python-Example/.venv/lib/python3.13/site-packages/selenium/webdriver/support/wait.py\", line 138, in until\n    raise TimeoutException(message, screen, stacktrace)\n","steps":[],"attachments":[],"parameters":[],"shouldDisplayMessage":true,"stepsCount":0,"attachmentsCount":0,"hasContent":true,"attachmentStep":false},{"name":"public ip address","time":{"start":1754446050742,"stop":1754446050761,"duration":19},"status":"passed","steps":[],"attachments":[{"uid":"8b1ece06d81cc1ea","name":"HTTP logs of http://checkip.amazonaws.com/","source":"8b1ece06d81cc1ea.txt","type":"text/plain","size":357}],"parameters":[],"shouldDisplayMessage":false,"stepsCount":0,"attachmentsCount":1,"hasContent":true,"attachmentStep":false}],"attachments":[{"uid":"1ee2c668b9efaa76","name":"Cookies","source":"1ee2c668b9efaa76.json","type":"application/json","size":4116},{"uid":"496f568323403851","name":"Session Storage","source":"496f568323403851.json","type":"application/json","size":358},{"uid":"22e439f61425045c","name":"Local Storage","source":"22e439f61425045c.json","type":"application/json","size":548},{"uid":"4378a37cea085d4a","name":"Full Page Screenshot","source":"4378a37cea085d4a.png","type":"image/png","size":1997805},{"uid":"1d86930dc08fbfa1","name":"URL","source":"1d86930dc08fbfa1.uri","type":"text/uri-list","size":23},{"uid":"c8f157d9688b964f","name":"Network Logs","source":"c8f157d9688b964f.json","type":"application/json","size":10183799}],"parameters":[],"shouldDisplayMessage":true,"stepsCount":2,"attachmentsCount":7,"hasContent":true,"attachmentStep":false},"afterStages":[{"name":"session_request::0","time":{"start":1754446070597,"stop":1754446070597,"duration":0},"status":"passed","steps":[],"attachments":[],"parameters":[],"shouldDisplayMessage":false,"stepsCount":0,"attachmentsCount":0,"hasContent":false,"attachmentStep":false}],"labels":[{"name":"epic","value":"Security"},{"name":"suite","value":"Custom suite"},{"name":"story","value":"Forgot Password Feature's Functionality"},{"name":"subSuite","value":"Custom sub suite"},{"name":"parentSuite","value":"Custom parent suite"},{"name":"severity","value":"critical"},{"name":"tag","value":"security"},{"name":"host","value":"pkrvmjbmru5nbw0"},{"name":"thread","value":"2181-MainThread"},{"name":"framework","value":"pytest"},{"name":"language","value":"cpython3"},{"name":"package","value":"tests.forgot_password_test"},{"name":"resultFormat","value":"allure2"}],"parameters":[],"links":[{"name":"TESTCASE-2","url":"https://github.com/allure-examples/allure-examples/issues/2","type":"tms"},{"name":"ISSUE-1","url":"https://github.com/allure-examples/allure-examples/issues/1","type":"issue"},{"name":"Allure Examples","url":"https://github.com/allure-examples/","type":"link"}],"hidden":false,"retry":false,"extra":{"severity":"critical","retries":[],"categories":[{"name":"Test defects","matchedStatuses":[],"flaky":false}],"history":{"statistic":{"failed":0,"broken":6,"skipped":0,"passed":0,"unknown":0,"total":6},"items":[{"uid":"30fa4c8ed73ec66c","reportUrl":"https://nirtal85.github.io/Selenium-Python-Example/736//#testresult/30fa4c8ed73ec66c","status":"broken","statusDetails":"selenium.common.exceptions.TimeoutException: Message: \nStacktrace:\n#0 0x5591311fe53a <unknown>\n#1 0x559130cf9f00 <unknown>\n#2 0x559130d49c0c <unknown>\n#3 0x559130d49e31 <unknown>\n#4 0x559130d8fbd4 <unknown>\n#5 0x559130d6e5cd <unknown>\n#6 0x559130d8cf84 <unknown>\n#7 0x559130d6e343 <unknown>\n#8 0x559130d3b78a <unknown>\n#9 0x559130d3c9de <unknown>\n#10 0x5591311c82cb <unknown>\n#11 0x5591311cc242 <unknown>\n#12 0x5591311b57ac <unknown>\n#13 0x5591311ccdf7 <unknown>\n#14 0x559131199b2f <unknown>\n#15 0x5591311ed1a8 <unknown>\n#16 0x5591311ed370 <unknown>\n#17 0x5591311fd3b6 <unknown>\n#18 0x7f2dae29caa4 <unknown>\n#19 0x7f2dae329c3c <unknown>","time":{"start":1754359750877,"stop":1754359761355,"duration":10478}},{"uid":"c64fc59c9838b99a","reportUrl":"https://nirtal85.github.io/Selenium-Python-Example/735//#testresult/c64fc59c9838b99a","status":"broken","statusDetails":"selenium.common.exceptions.TimeoutException: Message: \nStacktrace:\n#0 0x56411154f53a <unknown>\n#1 0x56411104af00 <unknown>\n#2 0x56411109ac0c <unknown>\n#3 0x56411109ae31 <unknown>\n#4 0x5641110e0bd4 <unknown>\n#5 0x5641110bf5cd <unknown>\n#6 0x5641110ddf84 <unknown>\n#7 0x5641110bf343 <unknown>\n#8 0x56411108c78a <unknown>\n#9 0x56411108d9de <unknown>\n#10 0x5641115192cb <unknown>\n#11 0x56411151d242 <unknown>\n#12 0x5641115067ac <unknown>\n#13 0x56411151ddf7 <unknown>\n#14 0x5641114eab2f <unknown>\n#15 0x56411153e1a8 <unknown>\n#16 0x56411153e370 <unknown>\n#17 0x56411154e3b6 <unknown>\n#18 0x7f98d1a9caa4 <unknown>\n#19 0x7f98d1b29c3c <unknown>","time":{"start":1754274080988,"stop":1754274091384,"duration":10396}},{"uid":"ab2e42183872d876","reportUrl":"https://nirtal85.github.io/Selenium-Python-Example/734//#testresult/ab2e42183872d876","status":"broken","statusDetails":"selenium.common.exceptions.TimeoutException: Message: \nStacktrace:\n#0 0x55e1bfd9e53a <unknown>\n#1 0x55e1bf899f00 <unknown>\n#2 0x55e1bf8e9c0c <unknown>\n#3 0x55e1bf8e9e31 <unknown>\n#4 0x55e1bf92fbd4 <unknown>\n#5 0x55e1bf90e5cd <unknown>\n#6 0x55e1bf92cf84 <unknown>\n#7 0x55e1bf90e343 <unknown>\n#8 0x55e1bf8db78a <unknown>\n#9 0x55e1bf8dc9de <unknown>\n#10 0x55e1bfd682cb <unknown>\n#11 0x55e1bfd6c242 <unknown>\n#12 0x55e1bfd557ac <unknown>\n#13 0x55e1bfd6cdf7 <unknown>\n#14 0x55e1bfd39b2f <unknown>\n#15 0x55e1bfd8d1a8 <unknown>\n#16 0x55e1bfd8d370 <unknown>\n#17 0x55e1bfd9d3b6 <unknown>\n#18 0x7f87b9e9caa4 <unknown>\n#19 0x7f87b9f29c3c <unknown>","time":{"start":1754187684009,"stop":1754187694406,"duration":10397}},{"uid":"bb01c212f0eddaa0","reportUrl":"https://nirtal85.github.io/Selenium-Python-Example/733//#testresult/bb01c212f0eddaa0","status":"broken","statusDetails":"selenium.common.exceptions.TimeoutException: Message: \nStacktrace:\n#0 0x55a82416a53a <unknown>\n#1 0x55a823c65f00 <unknown>\n#2 0x55a823cb5c0c <unknown>\n#3 0x55a823cb5e31 <unknown>\n#4 0x55a823cfbbd4 <unknown>\n#5 0x55a823cda5cd <unknown>\n#6 0x55a823cf8f84 <unknown>\n#7 0x55a823cda343 <unknown>\n#8 0x55a823ca778a <unknown>\n#9 0x55a823ca89de <unknown>\n#10 0x55a8241342cb <unknown>\n#11 0x55a824138242 <unknown>\n#12 0x55a8241217ac <unknown>\n#13 0x55a824138df7 <unknown>\n#14 0x55a824105b2f <unknown>\n#15 0x55a8241591a8 <unknown>\n#16 0x55a824159370 <unknown>\n#17 0x55a8241693b6 <unknown>\n#18 0x7f578ce9caa4 <unknown>\n#19 0x7f578cf29c3c <unknown>","time":{"start":1754100036091,"stop":1754100046518,"duration":10427}},{"uid":"5cbfdd84a3c485c6","reportUrl":"https://nirtal85.github.io/Selenium-Python-Example/732//#testresult/5cbfdd84a3c485c6","status":"broken","statusDetails":"selenium.common.exceptions.TimeoutException: Message: \nStacktrace:\n#0 0x55acd1fe153a <unknown>\n#1 0x55acd1adcf00 <unknown>\n#2 0x55acd1b2cc0c <unknown>\n#3 0x55acd1b2ce31 <unknown>\n#4 0x55acd1b72bd4 <unknown>\n#5 0x55acd1b515cd <unknown>\n#6 0x55acd1b6ff84 <unknown>\n#7 0x55acd1b51343 <unknown>\n#8 0x55acd1b1e78a <unknown>\n#9 0x55acd1b1f9de <unknown>\n#10 0x55acd1fab2cb <unknown>\n#11 0x55acd1faf242 <unknown>\n#12 0x55acd1f987ac <unknown>\n#13 0x55acd1fafdf7 <unknown>\n#14 0x55acd1f7cb2f <unknown>\n#15 0x55acd1fd01a8 <unknown>\n#16 0x55acd1fd0370 <unknown>\n#17 0x55acd1fe03b6 <unknown>\n#18 0x7f290ca9caa4 <unknown>\n#19 0x7f290cb29c3c <unknown>","time":{"start":1754014985427,"stop":1754014995812,"duration":10385}}]},"tags":["security"]},"source":"37745a89213732c.json","parameterValues":[]}