{"uid":"bafeb4d30f3e359d","name":"Rename an existing workspace test","fullName":"tests.workspaces_test.TestWorkspaces#test_rename_workspace","historyId":"cd63adf5d11191c5904362b968c9e131","time":{"start":1753927561710,"stop":1753927561710,"duration":0},"description":"Rename an existing workspace","descriptionHtml":"<p>Rename an existing workspace</p>\n","status":"broken","statusMessage":"FileNotFoundError: [Errno 2] No such file or directory: '/home/runner/work/Selenium-Python-Example/Selenium-Python-Example/src/resources/tests_data.json'","statusTrace":"@fixture(scope=\"session\")\n    def data() -> Data:\n        json_path = Constants.DATA_PATH / \"tests_data.json\"\n>       with open(json_path, encoding=\"utf-8\") as json_file:\n             ^^^^^^^^^^^^^^^^^^^^^^^^^^^^^^^^^\nE       FileNotFoundError: [Errno 2] No such file or directory: '/home/runner/work/Selenium-Python-Example/Selenium-Python-Example/src/resources/tests_data.json'\n\ntests/conftest.py:60: FileNotFoundError","flaky":false,"newFailed":false,"newBroken":false,"newPassed":false,"retriesCount":0,"retriesStatusChange":false,"beforeStages":[{"name":"_verify_url","time":{"start":1753927559790,"stop":1753927559790,"duration":0},"status":"passed","steps":[],"attachments":[],"parameters":[],"shouldDisplayMessage":false,"stepsCount":0,"attachmentsCount":0,"hasContent":false,"attachmentStep":false},{"name":"base_url","time":{"start":1753927559790,"stop":1753927559790,"duration":0},"status":"passed","steps":[],"attachments":[],"parameters":[],"shouldDisplayMessage":false,"stepsCount":0,"attachmentsCount":0,"hasContent":false,"attachmentStep":false},{"name":"session_request","time":{"start":1753927559790,"stop":1753927559791,"duration":1},"status":"passed","steps":[],"attachments":[],"parameters":[],"shouldDisplayMessage":false,"stepsCount":0,"attachmentsCount":0,"hasContent":false,"attachmentStep":false},{"name":"data","time":{"start":1753927559791,"stop":1753927559791,"duration":0},"status":"broken","statusMessage":"FileNotFoundError: [Errno 2] No such file or directory: '/home/runner/work/Selenium-Python-Example/Selenium-Python-Example/src/resources/tests_data.json'\n","statusTrace":"  File \"/home/runner/work/Selenium-Python-Example/Selenium-Python-Example/.venv/lib/python3.13/site-packages/pluggy/_callers.py\", line 167, in _multicall\n    teardown.throw(outcome._exception)\n    ~~~~~~~~~~~~~~^^^^^^^^^^^^^^^^^^^^\n  File \"/home/runner/work/Selenium-Python-Example/Selenium-Python-Example/.venv/lib/python3.13/site-packages/_pytest/setuponly.py\", line 36, in pytest_fixture_setup\n    return (yield)\n            ^^^^^\n  File \"/home/runner/work/Selenium-Python-Example/Selenium-Python-Example/.venv/lib/python3.13/site-packages/pluggy/_callers.py\", line 103, in _multicall\n    res = hook_impl.function(*args)\n  File \"/home/runner/work/Selenium-Python-Example/Selenium-Python-Example/.venv/lib/python3.13/site-packages/_pytest/fixtures.py\", line 1195, in pytest_fixture_setup\n    result = call_fixture_func(fixturefunc, request, kwargs)\n  File \"/home/runner/work/Selenium-Python-Example/Selenium-Python-Example/.venv/lib/python3.13/site-packages/_pytest/fixtures.py\", line 929, in call_fixture_func\n    fixture_result = fixturefunc(**kwargs)\n  File \"/home/runner/work/Selenium-Python-Example/Selenium-Python-Example/tests/conftest.py\", line 60, in data\n    with open(json_path, encoding=\"utf-8\") as json_file:\n         ~~~~^^^^^^^^^^^^^^^^^^^^^^^^^^^^^\n","steps":[],"attachments":[],"parameters":[],"shouldDisplayMessage":true,"stepsCount":0,"attachmentsCount":0,"hasContent":true,"attachmentStep":false},{"name":"setup_method_fixture","time":{"start":1753927580628,"stop":1753927590990,"duration":10362},"status":"broken","statusMessage":"selenium.common.exceptions.TimeoutException: Message: \nStacktrace:\n#0 0x559048cb553a <unknown>\n#1 0x5590487b0f00 <unknown>\n#2 0x559048800c0c <unknown>\n#3 0x559048800e31 <unknown>\n#4 0x559048846bd4 <unknown>\n#5 0x5590488255cd <unknown>\n#6 0x559048843f84 <unknown>\n#7 0x559048825343 <unknown>\n#8 0x5590487f278a <unknown>\n#9 0x5590487f39de <unknown>\n#10 0x559048c7f2cb <unknown>\n#11 0x559048c83242 <unknown>\n#12 0x559048c6c7ac <unknown>\n#13 0x559048c83df7 <unknown>\n#14 0x559048c50b2f <unknown>\n#15 0x559048ca41a8 <unknown>\n#16 0x559048ca4370 <unknown>\n#17 0x559048cb43b6 <unknown>\n#18 0x7fbd80e9caa4 <unknown>\n#19 0x7fbd80f29c3c <unknown>\n\n","statusTrace":"  File \"/home/runner/work/Selenium-Python-Example/Selenium-Python-Example/.venv/lib/python3.13/site-packages/pluggy/_callers.py\", line 167, in _multicall\n    teardown.throw(outcome._exception)\n    ~~~~~~~~~~~~~~^^^^^^^^^^^^^^^^^^^^\n  File \"/home/runner/work/Selenium-Python-Example/Selenium-Python-Example/.venv/lib/python3.13/site-packages/_pytest/setuponly.py\", line 36, in pytest_fixture_setup\n    return (yield)\n            ^^^^^\n  File \"/home/runner/work/Selenium-Python-Example/Selenium-Python-Example/.venv/lib/python3.13/site-packages/pluggy/_callers.py\", line 103, in _multicall\n    res = hook_impl.function(*args)\n  File \"/home/runner/work/Selenium-Python-Example/Selenium-Python-Example/.venv/lib/python3.13/site-packages/_pytest/fixtures.py\", line 1195, in pytest_fixture_setup\n    result = call_fixture_func(fixturefunc, request, kwargs)\n  File \"/home/runner/work/Selenium-Python-Example/Selenium-Python-Example/.venv/lib/python3.13/site-packages/_pytest/fixtures.py\", line 929, in call_fixture_func\n    fixture_result = fixturefunc(**kwargs)\n  File \"/home/runner/work/Selenium-Python-Example/Selenium-Python-Example/tests/workspaces_test.py\", line 25, in setup_method_fixture\n    login(self.about_page, self.login_page)\n    ~~~~~^^^^^^^^^^^^^^^^^^^^^^^^^^^^^^^^^^\n  File \"/home/runner/work/Selenium-Python-Example/Selenium-Python-Example/tests/workspaces_test.py\", line 15, in login\n    about_page.click_login_link()\n    ~~~~~~~~~~~~~~~~~~~~~~~~~~~^^\n  File \"/home/runner/work/Selenium-Python-Example/Selenium-Python-Example/.venv/lib/python3.13/site-packages/allure_commons/_allure.py\", line 202, in impl\n    return func(*a, **kw)\n  File \"/home/runner/work/Selenium-Python-Example/Selenium-Python-Example/src/pages/about_page.py\", line 18, in click_login_link\n    self.click(self.LOGIN_LINK)\n    ~~~~~~~~~~^^^^^^^^^^^^^^^^^\n  File \"/home/runner/work/Selenium-Python-Example/Selenium-Python-Example/src/pages/base_page.py\", line 59, in click\n    el: WebElement = self.wait.until(expected_conditions.element_to_be_clickable(locator))\n                     ~~~~~~~~~~~~~~~^^^^^^^^^^^^^^^^^^^^^^^^^^^^^^^^^^^^^^^^^^^^^^^^^^^^^^\n  File \"/home/runner/work/Selenium-Python-Example/Selenium-Python-Example/.venv/lib/python3.13/site-packages/selenium/webdriver/support/wait.py\", line 138, in until\n    raise TimeoutException(message, screen, stacktrace)\n","steps":[{"name":"Click Login link","time":{"start":1753927580628,"stop":1753927590989,"duration":10361},"status":"broken","statusMessage":"selenium.common.exceptions.TimeoutException: Message: \nStacktrace:\n#0 0x559048cb553a <unknown>\n#1 0x5590487b0f00 <unknown>\n#2 0x559048800c0c <unknown>\n#3 0x559048800e31 <unknown>\n#4 0x559048846bd4 <unknown>\n#5 0x5590488255cd <unknown>\n#6 0x559048843f84 <unknown>\n#7 0x559048825343 <unknown>\n#8 0x5590487f278a <unknown>\n#9 0x5590487f39de <unknown>\n#10 0x559048c7f2cb <unknown>\n#11 0x559048c83242 <unknown>\n#12 0x559048c6c7ac <unknown>\n#13 0x559048c83df7 <unknown>\n#14 0x559048c50b2f <unknown>\n#15 0x559048ca41a8 <unknown>\n#16 0x559048ca4370 <unknown>\n#17 0x559048cb43b6 <unknown>\n#18 0x7fbd80e9caa4 <unknown>\n#19 0x7fbd80f29c3c <unknown>\n\n","statusTrace":"  File \"/home/runner/work/Selenium-Python-Example/Selenium-Python-Example/.venv/lib/python3.13/site-packages/allure_commons/_allure.py\", line 202, in impl\n    return func(*a, **kw)\n  File \"/home/runner/work/Selenium-Python-Example/Selenium-Python-Example/src/pages/about_page.py\", line 18, in click_login_link\n    self.click(self.LOGIN_LINK)\n    ~~~~~~~~~~^^^^^^^^^^^^^^^^^\n  File \"/home/runner/work/Selenium-Python-Example/Selenium-Python-Example/src/pages/base_page.py\", line 59, in click\n    el: WebElement = self.wait.until(expected_conditions.element_to_be_clickable(locator))\n                     ~~~~~~~~~~~~~~~^^^^^^^^^^^^^^^^^^^^^^^^^^^^^^^^^^^^^^^^^^^^^^^^^^^^^^\n  File \"/home/runner/work/Selenium-Python-Example/Selenium-Python-Example/.venv/lib/python3.13/site-packages/selenium/webdriver/support/wait.py\", line 138, in until\n    raise TimeoutException(message, screen, stacktrace)\n","steps":[],"attachments":[],"parameters":[],"shouldDisplayMessage":true,"stepsCount":0,"attachmentsCount":0,"hasContent":true,"attachmentStep":false}],"attachments":[],"parameters":[],"shouldDisplayMessage":false,"stepsCount":1,"attachmentsCount":0,"hasContent":true,"attachmentStep":false}],"testStage":{"description":"Rename an existing workspace","status":"broken","statusMessage":"FileNotFoundError: [Errno 2] No such file or directory: '/home/runner/work/Selenium-Python-Example/Selenium-Python-Example/src/resources/tests_data.json'","statusTrace":"@fixture(scope=\"session\")\n    def data() -> Data:\n        json_path = Constants.DATA_PATH / \"tests_data.json\"\n>       with open(json_path, encoding=\"utf-8\") as json_file:\n             ^^^^^^^^^^^^^^^^^^^^^^^^^^^^^^^^^\nE       FileNotFoundError: [Errno 2] No such file or directory: '/home/runner/work/Selenium-Python-Example/Selenium-Python-Example/src/resources/tests_data.json'\n\ntests/conftest.py:60: FileNotFoundError","steps":[{"name":"public ip address","time":{"start":1753927564181,"stop":1753927564186,"duration":5},"status":"passed","steps":[],"attachments":[{"uid":"2e42b4d7d1b2ea4f","name":"HTTP logs of http://checkip.amazonaws.com/","source":"2e42b4d7d1b2ea4f.txt","type":"text/plain","size":356}],"parameters":[],"shouldDisplayMessage":false,"stepsCount":0,"attachmentsCount":1,"hasContent":true,"attachmentStep":false}],"attachments":[{"uid":"67f18f0675bcd3cf","name":"Cookies","source":"67f18f0675bcd3cf.json","type":"application/json","size":4115},{"uid":"3a81f30b389e07a2","name":"Session Storage","source":"3a81f30b389e07a2.json","type":"application/json","size":359},{"uid":"65aa9301b37f6e3e","name":"Local Storage","source":"65aa9301b37f6e3e.json","type":"application/json","size":548},{"uid":"7ef7b37dbb9be26a","name":"Full Page Screenshot","source":"7ef7b37dbb9be26a.png","type":"image/png","size":1958718},{"uid":"488271f8a728c76f","name":"URL","source":"488271f8a728c76f.uri","type":"text/uri-list","size":23},{"uid":"34c6dcad3ec96819","name":"Network Logs","source":"34c6dcad3ec96819.json","type":"application/json","size":10188717}],"parameters":[],"shouldDisplayMessage":true,"stepsCount":1,"attachmentsCount":7,"hasContent":true,"attachmentStep":false},"afterStages":[{"name":"session_request::0","time":{"start":1753927638168,"stop":1753927638168,"duration":0},"status":"passed","steps":[],"attachments":[],"parameters":[],"shouldDisplayMessage":false,"stepsCount":0,"attachmentsCount":0,"hasContent":false,"attachmentStep":false}],"labels":[{"name":"severity","value":"normal"},{"name":"story","value":"WorkSpaces Creation and Editing Functionality"},{"name":"epic","value":"Workspaces"},{"name":"parentSuite","value":"tests"},{"name":"suite","value":"workspaces_test"},{"name":"subSuite","value":"TestWorkspaces"},{"name":"host","value":"pkrvmjbmru5nbw0"},{"name":"thread","value":"2234-MainThread"},{"name":"framework","value":"pytest"},{"name":"language","value":"cpython3"},{"name":"package","value":"tests.workspaces_test"},{"name":"resultFormat","value":"allure2"}],"parameters":[],"links":[],"hidden":false,"retry":false,"extra":{"severity":"normal","retries":[],"categories":[{"name":"Test defects","matchedStatuses":[],"flaky":false}],"history":{"statistic":{"failed":0,"broken":31,"skipped":0,"passed":0,"unknown":0,"total":31},"items":[{"uid":"5a02ec32cafdbef1","reportUrl":"https://nirtal85.github.io/Selenium-Python-Example/730//#testresult/5a02ec32cafdbef1","status":"broken","statusDetails":"FileNotFoundError: [Errno 2] No such file or directory: '/home/runner/work/Selenium-Python-Example/Selenium-Python-Example/src/resources/tests_data.json'","time":{"start":1753841192029,"stop":1753841192029,"duration":0}},{"uid":"574577354be6e465","reportUrl":"https://nirtal85.github.io/Selenium-Python-Example/729//#testresult/574577354be6e465","status":"broken","statusDetails":"FileNotFoundError: [Errno 2] No such file or directory: '/home/runner/work/Selenium-Python-Example/Selenium-Python-Example/src/resources/tests_data.json'","time":{"start":1753755705919,"stop":1753755705919,"duration":0}},{"uid":"1f2b9e1efa016f2a","reportUrl":"https://nirtal85.github.io/Selenium-Python-Example/728//#testresult/1f2b9e1efa016f2a","status":"broken","statusDetails":"FileNotFoundError: [Errno 2] No such file or directory: '/home/runner/work/Selenium-Python-Example/Selenium-Python-Example/src/resources/tests_data.json'","time":{"start":1753668636322,"stop":1753668636322,"duration":0}},{"uid":"332c73233d1cfcb","reportUrl":"https://nirtal85.github.io/Selenium-Python-Example/727//#testresult/332c73233d1cfcb","status":"broken","statusDetails":"FileNotFoundError: [Errno 2] No such file or directory: '/home/runner/work/Selenium-Python-Example/Selenium-Python-Example/src/resources/tests_data.json'","time":{"start":1753582751567,"stop":1753582751567,"duration":0}},{"uid":"7cfc7aa20896a76d","reportUrl":"https://nirtal85.github.io/Selenium-Python-Example/726//#testresult/7cfc7aa20896a76d","status":"broken","statusDetails":"FileNotFoundError: [Errno 2] No such file or directory: '/home/runner/work/Selenium-Python-Example/Selenium-Python-Example/src/resources/tests_data.json'","time":{"start":1753495186753,"stop":1753495186753,"duration":0}},{"uid":"c53516d16d7ec333","reportUrl":"https://nirtal85.github.io/Selenium-Python-Example/725//#testresult/c53516d16d7ec333","status":"broken","statusDetails":"FileNotFoundError: [Errno 2] No such file or directory: '/home/runner/work/Selenium-Python-Example/Selenium-Python-Example/src/resources/tests_data.json'","time":{"start":1753409017525,"stop":1753409017525,"duration":0}},{"uid":"ee4489f1203d3c8d","reportUrl":"https://nirtal85.github.io/Selenium-Python-Example/724//#testresult/ee4489f1203d3c8d","status":"broken","statusDetails":"FileNotFoundError: [Errno 2] No such file or directory: '/home/runner/work/Selenium-Python-Example/Selenium-Python-Example/src/resources/tests_data.json'","time":{"start":1753322644960,"stop":1753322644960,"duration":0}},{"uid":"e0f815a0916c87c6","reportUrl":"https://nirtal85.github.io/Selenium-Python-Example/723//#testresult/e0f815a0916c87c6","status":"broken","statusDetails":"FileNotFoundError: [Errno 2] No such file or directory: '/home/runner/work/Selenium-Python-Example/Selenium-Python-Example/src/resources/tests_data.json'","time":{"start":1753236284103,"stop":1753236284103,"duration":0}},{"uid":"5b99837e8f4610b9","reportUrl":"https://nirtal85.github.io/Selenium-Python-Example/722//#testresult/5b99837e8f4610b9","status":"broken","statusDetails":"FileNotFoundError: [Errno 2] No such file or directory: '/home/runner/work/Selenium-Python-Example/Selenium-Python-Example/src/resources/tests_data.json'","time":{"start":1753149823321,"stop":1753149823321,"duration":0}},{"uid":"152992343043efdf","reportUrl":"https://nirtal85.github.io/Selenium-Python-Example/721//#testresult/152992343043efdf","status":"broken","statusDetails":"FileNotFoundError: [Errno 2] No such file or directory: '/home/runner/work/Selenium-Python-Example/Selenium-Python-Example/src/resources/tests_data.json'","time":{"start":1753063765464,"stop":1753063765464,"duration":0}},{"uid":"618f01a9e8b9724d","reportUrl":"https://nirtal85.github.io/Selenium-Python-Example/720//#testresult/618f01a9e8b9724d","status":"broken","statusDetails":"FileNotFoundError: [Errno 2] No such file or directory: '/home/runner/work/Selenium-Python-Example/Selenium-Python-Example/src/resources/tests_data.json'","time":{"start":1752977540182,"stop":1752977540182,"duration":0}},{"uid":"64d5bf98e8d8bbb9","reportUrl":"https://nirtal85.github.io/Selenium-Python-Example/719//#testresult/64d5bf98e8d8bbb9","status":"broken","statusDetails":"FileNotFoundError: [Errno 2] No such file or directory: '/home/runner/work/Selenium-Python-Example/Selenium-Python-Example/src/resources/tests_data.json'","time":{"start":1752890319989,"stop":1752890319989,"duration":0}},{"uid":"a75899d6d5340f40","reportUrl":"https://nirtal85.github.io/Selenium-Python-Example/718//#testresult/a75899d6d5340f40","status":"broken","statusDetails":"FileNotFoundError: [Errno 2] No such file or directory: '/home/runner/work/Selenium-Python-Example/Selenium-Python-Example/src/resources/tests_data.json'","time":{"start":1752804278545,"stop":1752804278545,"duration":0}},{"uid":"4b3a62294d4574c3","reportUrl":"https://nirtal85.github.io/Selenium-Python-Example/717//#testresult/4b3a62294d4574c3","status":"broken","statusDetails":"FileNotFoundError: [Errno 2] No such file or directory: '/home/runner/work/Selenium-Python-Example/Selenium-Python-Example/src/resources/tests_data.json'","time":{"start":1752717783915,"stop":1752717783915,"duration":0}},{"uid":"3dab02d6cb218535","reportUrl":"https://nirtal85.github.io/Selenium-Python-Example/716//#testresult/3dab02d6cb218535","status":"broken","statusDetails":"FileNotFoundError: [Errno 2] No such file or directory: '/home/runner/work/Selenium-Python-Example/Selenium-Python-Example/src/resources/tests_data.json'","time":{"start":1752631358683,"stop":1752631358683,"duration":0}},{"uid":"cb3ce3253e72462d","reportUrl":"https://nirtal85.github.io/Selenium-Python-Example/715//#testresult/cb3ce3253e72462d","status":"broken","statusDetails":"FileNotFoundError: [Errno 2] No such file or directory: '/home/runner/work/Selenium-Python-Example/Selenium-Python-Example/src/resources/tests_data.json'","time":{"start":1752545167534,"stop":1752545167534,"duration":0}},{"uid":"43eb185ed0151305","reportUrl":"https://nirtal85.github.io/Selenium-Python-Example/714//#testresult/43eb185ed0151305","status":"broken","statusDetails":"FileNotFoundError: [Errno 2] No such file or directory: '/home/runner/work/Selenium-Python-Example/Selenium-Python-Example/src/resources/tests_data.json'","time":{"start":1752458769480,"stop":1752458769480,"duration":0}},{"uid":"152c3335e11bbfdb","reportUrl":"https://nirtal85.github.io/Selenium-Python-Example/713//#testresult/152c3335e11bbfdb","status":"broken","statusDetails":"FileNotFoundError: [Errno 2] No such file or directory: '/home/runner/work/Selenium-Python-Example/Selenium-Python-Example/src/resources/tests_data.json'","time":{"start":1752372633729,"stop":1752372633729,"duration":0}},{"uid":"d01668d44578cbf4","reportUrl":"https://nirtal85.github.io/Selenium-Python-Example/712//#testresult/d01668d44578cbf4","status":"broken","statusDetails":"FileNotFoundError: [Errno 2] No such file or directory: '/home/runner/work/Selenium-Python-Example/Selenium-Python-Example/src/resources/tests_data.json'","time":{"start":1752285730701,"stop":1752285730701,"duration":0}},{"uid":"b5820559a4d23fba","reportUrl":"https://nirtal85.github.io/Selenium-Python-Example/711//#testresult/b5820559a4d23fba","status":"broken","statusDetails":"FileNotFoundError: [Errno 2] No such file or directory: '/home/runner/work/Selenium-Python-Example/Selenium-Python-Example/src/resources/tests_data.json'","time":{"start":1752199292441,"stop":1752199292441,"duration":0}}]},"tags":[]},"source":"bafeb4d30f3e359d.json","parameterValues":[]}