{"uid":"c0b4cec29a9dfc9f","name":"Number of projects displayed in page test","fullName":"tests.workspaces_test.TestWorkspaces#test_number_of_existing_projects","historyId":"34e866e263d4a1ed453e065aefe8091d","time":{"start":1753927593645,"stop":1753927593645,"duration":0},"description":"Compare between the actual number of projects seen on page and the number shown in workspaces block","descriptionHtml":"<p>Compare between the actual number of projects seen on page and the number shown in workspaces block</p>\n","status":"broken","statusMessage":"selenium.common.exceptions.TimeoutException: Message: \nStacktrace:\n#0 0x55a5253f753a <unknown>\n#1 0x55a524ef2f00 <unknown>\n#2 0x55a524f42c0c <unknown>\n#3 0x55a524f42e31 <unknown>\n#4 0x55a524f88bd4 <unknown>\n#5 0x55a524f675cd <unknown>\n#6 0x55a524f85f84 <unknown>\n#7 0x55a524f67343 <unknown>\n#8 0x55a524f3478a <unknown>\n#9 0x55a524f359de <unknown>\n#10 0x55a5253c12cb <unknown>\n#11 0x55a5253c5242 <unknown>\n#12 0x55a5253ae7ac <unknown>\n#13 0x55a5253c5df7 <unknown>\n#14 0x55a525392b2f <unknown>\n#15 0x55a5253e61a8 <unknown>\n#16 0x55a5253e6370 <unknown>\n#17 0x55a5253f63b6 <unknown>\n#18 0x7f2b3629caa4 <unknown>\n#19 0x7f2b36329c3c <unknown>","statusTrace":"self = <tests.workspaces_test.TestWorkspaces object at 0x7fada7dc16e0>\n\n    @pytest.fixture(autouse=True)\n    def setup_method_fixture(self):\n>       login(self.about_page, self.login_page)\n\ntests/workspaces_test.py:25: \n_ _ _ _ _ _ _ _ _ _ _ _ _ _ _ _ _ _ _ _ _ _ _ _ _ _ _ _ _ _ _ _ _ _ _ _ _ _ _ _ \ntests/workspaces_test.py:15: in login\n    about_page.click_login_link()\nsrc/pages/about_page.py:18: in click_login_link\n    self.click(self.LOGIN_LINK)\nsrc/pages/base_page.py:59: in click\n    el: WebElement = self.wait.until(expected_conditions.element_to_be_clickable(locator))\n                     ^^^^^^^^^^^^^^^^^^^^^^^^^^^^^^^^^^^^^^^^^^^^^^^^^^^^^^^^^^^^^^^^^^^^^\n_ _ _ _ _ _ _ _ _ _ _ _ _ _ _ _ _ _ _ _ _ _ _ _ _ _ _ _ _ _ _ _ _ _ _ _ _ _ _ _ \n\nself = <selenium.webdriver.support.wait.WebDriverWait (session=\"29d4e36a5ff602e1020317f53c243813\")>\nmethod = <function element_to_be_clickable.<locals>._predicate at 0x7fada6c8db20>\nmessage = ''\n\n    def until(self, method: Callable[[D], Union[Literal[False], T]], message: str = \"\") -> T:\n        \"\"\"Wait until the method returns a value that is not False.\n    \n        Calls the method provided with the driver as an argument until the\n        return value does not evaluate to ``False``.\n    \n        Parameters:\n        -----------\n        method: callable(WebDriver)\n            - A callable object that takes a WebDriver instance as an argument.\n    \n        message: str\n            - Optional message for :exc:`TimeoutException`\n    \n        Return:\n        -------\n        object: T\n            - The result of the last call to `method`\n    \n        Raises:\n        -------\n        TimeoutException\n            - If 'method' does not return a truthy value within the WebDriverWait\n            object's timeout\n    \n        Example:\n        --------\n        >>> from selenium.webdriver.common.by import By\n        >>> from selenium.webdriver.support.ui import WebDriverWait\n        >>> from selenium.webdriver.support import expected_conditions as EC\n    \n        # Wait until an element is visible on the page\n        >>> wait = WebDriverWait(driver, 10)\n        >>> element = wait.until(EC.visibility_of_element_located((By.ID, \"exampleId\")))\n        >>> print(element.text)\n        \"\"\"\n        screen = None\n        stacktrace = None\n    \n        end_time = time.monotonic() + self._timeout\n        while True:\n            try:\n                value = method(self._driver)\n                if value:\n                    return value\n            except self._ignored_exceptions as exc:\n                screen = getattr(exc, \"screen\", None)\n                stacktrace = getattr(exc, \"stacktrace\", None)\n            if time.monotonic() > end_time:\n                break\n            time.sleep(self._poll)\n>       raise TimeoutException(message, screen, stacktrace)\nE       selenium.common.exceptions.TimeoutException: Message: \nE       Stacktrace:\nE       #0 0x55a5253f753a <unknown>\nE       #1 0x55a524ef2f00 <unknown>\nE       #2 0x55a524f42c0c <unknown>\nE       #3 0x55a524f42e31 <unknown>\nE       #4 0x55a524f88bd4 <unknown>\nE       #5 0x55a524f675cd <unknown>\nE       #6 0x55a524f85f84 <unknown>\nE       #7 0x55a524f67343 <unknown>\nE       #8 0x55a524f3478a <unknown>\nE       #9 0x55a524f359de <unknown>\nE       #10 0x55a5253c12cb <unknown>\nE       #11 0x55a5253c5242 <unknown>\nE       #12 0x55a5253ae7ac <unknown>\nE       #13 0x55a5253c5df7 <unknown>\nE       #14 0x55a525392b2f <unknown>\nE       #15 0x55a5253e61a8 <unknown>\nE       #16 0x55a5253e6370 <unknown>\nE       #17 0x55a5253f63b6 <unknown>\nE       #18 0x7f2b3629caa4 <unknown>\nE       #19 0x7f2b36329c3c <unknown>\n\n.venv/lib/python3.13/site-packages/selenium/webdriver/support/wait.py:138: TimeoutException","flaky":false,"newFailed":false,"newBroken":false,"newPassed":false,"retriesCount":0,"retriesStatusChange":false,"beforeStages":[{"name":"_verify_url","time":{"start":1753927559790,"stop":1753927559790,"duration":0},"status":"passed","steps":[],"attachments":[],"parameters":[],"shouldDisplayMessage":false,"stepsCount":0,"attachmentsCount":0,"hasContent":false,"attachmentStep":false},{"name":"base_url","time":{"start":1753927559790,"stop":1753927559790,"duration":0},"status":"passed","steps":[],"attachments":[],"parameters":[],"shouldDisplayMessage":false,"stepsCount":0,"attachmentsCount":0,"hasContent":false,"attachmentStep":false},{"name":"session_request","time":{"start":1753927559790,"stop":1753927559791,"duration":1},"status":"passed","steps":[],"attachments":[],"parameters":[],"shouldDisplayMessage":false,"stepsCount":0,"attachmentsCount":0,"hasContent":false,"attachmentStep":false},{"name":"setup_method_fixture","time":{"start":1753927596730,"stop":1753927607160,"duration":10430},"status":"broken","statusMessage":"selenium.common.exceptions.TimeoutException: Message: \nStacktrace:\n#0 0x55a5253f753a <unknown>\n#1 0x55a524ef2f00 <unknown>\n#2 0x55a524f42c0c <unknown>\n#3 0x55a524f42e31 <unknown>\n#4 0x55a524f88bd4 <unknown>\n#5 0x55a524f675cd <unknown>\n#6 0x55a524f85f84 <unknown>\n#7 0x55a524f67343 <unknown>\n#8 0x55a524f3478a <unknown>\n#9 0x55a524f359de <unknown>\n#10 0x55a5253c12cb <unknown>\n#11 0x55a5253c5242 <unknown>\n#12 0x55a5253ae7ac <unknown>\n#13 0x55a5253c5df7 <unknown>\n#14 0x55a525392b2f <unknown>\n#15 0x55a5253e61a8 <unknown>\n#16 0x55a5253e6370 <unknown>\n#17 0x55a5253f63b6 <unknown>\n#18 0x7f2b3629caa4 <unknown>\n#19 0x7f2b36329c3c <unknown>\n\n","statusTrace":"  File \"/home/runner/work/Selenium-Python-Example/Selenium-Python-Example/.venv/lib/python3.13/site-packages/pluggy/_callers.py\", line 167, in _multicall\n    teardown.throw(outcome._exception)\n    ~~~~~~~~~~~~~~^^^^^^^^^^^^^^^^^^^^\n  File \"/home/runner/work/Selenium-Python-Example/Selenium-Python-Example/.venv/lib/python3.13/site-packages/_pytest/setuponly.py\", line 36, in pytest_fixture_setup\n    return (yield)\n            ^^^^^\n  File \"/home/runner/work/Selenium-Python-Example/Selenium-Python-Example/.venv/lib/python3.13/site-packages/pluggy/_callers.py\", line 103, in _multicall\n    res = hook_impl.function(*args)\n  File \"/home/runner/work/Selenium-Python-Example/Selenium-Python-Example/.venv/lib/python3.13/site-packages/_pytest/fixtures.py\", line 1195, in pytest_fixture_setup\n    result = call_fixture_func(fixturefunc, request, kwargs)\n  File \"/home/runner/work/Selenium-Python-Example/Selenium-Python-Example/.venv/lib/python3.13/site-packages/_pytest/fixtures.py\", line 929, in call_fixture_func\n    fixture_result = fixturefunc(**kwargs)\n  File \"/home/runner/work/Selenium-Python-Example/Selenium-Python-Example/tests/workspaces_test.py\", line 25, in setup_method_fixture\n    login(self.about_page, self.login_page)\n    ~~~~~^^^^^^^^^^^^^^^^^^^^^^^^^^^^^^^^^^\n  File \"/home/runner/work/Selenium-Python-Example/Selenium-Python-Example/tests/workspaces_test.py\", line 15, in login\n    about_page.click_login_link()\n    ~~~~~~~~~~~~~~~~~~~~~~~~~~~^^\n  File \"/home/runner/work/Selenium-Python-Example/Selenium-Python-Example/.venv/lib/python3.13/site-packages/allure_commons/_allure.py\", line 202, in impl\n    return func(*a, **kw)\n  File \"/home/runner/work/Selenium-Python-Example/Selenium-Python-Example/src/pages/about_page.py\", line 18, in click_login_link\n    self.click(self.LOGIN_LINK)\n    ~~~~~~~~~~^^^^^^^^^^^^^^^^^\n  File \"/home/runner/work/Selenium-Python-Example/Selenium-Python-Example/src/pages/base_page.py\", line 59, in click\n    el: WebElement = self.wait.until(expected_conditions.element_to_be_clickable(locator))\n                     ~~~~~~~~~~~~~~~^^^^^^^^^^^^^^^^^^^^^^^^^^^^^^^^^^^^^^^^^^^^^^^^^^^^^^\n  File \"/home/runner/work/Selenium-Python-Example/Selenium-Python-Example/.venv/lib/python3.13/site-packages/selenium/webdriver/support/wait.py\", line 138, in until\n    raise TimeoutException(message, screen, stacktrace)\n","steps":[{"name":"Click Login link","time":{"start":1753927596730,"stop":1753927607159,"duration":10429},"status":"broken","statusMessage":"selenium.common.exceptions.TimeoutException: Message: \nStacktrace:\n#0 0x55a5253f753a <unknown>\n#1 0x55a524ef2f00 <unknown>\n#2 0x55a524f42c0c <unknown>\n#3 0x55a524f42e31 <unknown>\n#4 0x55a524f88bd4 <unknown>\n#5 0x55a524f675cd <unknown>\n#6 0x55a524f85f84 <unknown>\n#7 0x55a524f67343 <unknown>\n#8 0x55a524f3478a <unknown>\n#9 0x55a524f359de <unknown>\n#10 0x55a5253c12cb <unknown>\n#11 0x55a5253c5242 <unknown>\n#12 0x55a5253ae7ac <unknown>\n#13 0x55a5253c5df7 <unknown>\n#14 0x55a525392b2f <unknown>\n#15 0x55a5253e61a8 <unknown>\n#16 0x55a5253e6370 <unknown>\n#17 0x55a5253f63b6 <unknown>\n#18 0x7f2b3629caa4 <unknown>\n#19 0x7f2b36329c3c <unknown>\n\n","statusTrace":"  File \"/home/runner/work/Selenium-Python-Example/Selenium-Python-Example/.venv/lib/python3.13/site-packages/allure_commons/_allure.py\", line 202, in impl\n    return func(*a, **kw)\n  File \"/home/runner/work/Selenium-Python-Example/Selenium-Python-Example/src/pages/about_page.py\", line 18, in click_login_link\n    self.click(self.LOGIN_LINK)\n    ~~~~~~~~~~^^^^^^^^^^^^^^^^^\n  File \"/home/runner/work/Selenium-Python-Example/Selenium-Python-Example/src/pages/base_page.py\", line 59, in click\n    el: WebElement = self.wait.until(expected_conditions.element_to_be_clickable(locator))\n                     ~~~~~~~~~~~~~~~^^^^^^^^^^^^^^^^^^^^^^^^^^^^^^^^^^^^^^^^^^^^^^^^^^^^^^\n  File \"/home/runner/work/Selenium-Python-Example/Selenium-Python-Example/.venv/lib/python3.13/site-packages/selenium/webdriver/support/wait.py\", line 138, in until\n    raise TimeoutException(message, screen, stacktrace)\n","steps":[],"attachments":[],"parameters":[],"shouldDisplayMessage":true,"stepsCount":0,"attachmentsCount":0,"hasContent":true,"attachmentStep":false}],"attachments":[],"parameters":[],"shouldDisplayMessage":false,"stepsCount":1,"attachmentsCount":0,"hasContent":true,"attachmentStep":false}],"testStage":{"description":"Compare between the actual number of projects seen on page and the number shown in workspaces block","status":"broken","statusMessage":"selenium.common.exceptions.TimeoutException: Message: \nStacktrace:\n#0 0x55a5253f753a <unknown>\n#1 0x55a524ef2f00 <unknown>\n#2 0x55a524f42c0c <unknown>\n#3 0x55a524f42e31 <unknown>\n#4 0x55a524f88bd4 <unknown>\n#5 0x55a524f675cd <unknown>\n#6 0x55a524f85f84 <unknown>\n#7 0x55a524f67343 <unknown>\n#8 0x55a524f3478a <unknown>\n#9 0x55a524f359de <unknown>\n#10 0x55a5253c12cb <unknown>\n#11 0x55a5253c5242 <unknown>\n#12 0x55a5253ae7ac <unknown>\n#13 0x55a5253c5df7 <unknown>\n#14 0x55a525392b2f <unknown>\n#15 0x55a5253e61a8 <unknown>\n#16 0x55a5253e6370 <unknown>\n#17 0x55a5253f63b6 <unknown>\n#18 0x7f2b3629caa4 <unknown>\n#19 0x7f2b36329c3c <unknown>","statusTrace":"self = <tests.workspaces_test.TestWorkspaces object at 0x7fada7dc16e0>\n\n    @pytest.fixture(autouse=True)\n    def setup_method_fixture(self):\n>       login(self.about_page, self.login_page)\n\ntests/workspaces_test.py:25: \n_ _ _ _ _ _ _ _ _ _ _ _ _ _ _ _ _ _ _ _ _ _ _ _ _ _ _ _ _ _ _ _ _ _ _ _ _ _ _ _ \ntests/workspaces_test.py:15: in login\n    about_page.click_login_link()\nsrc/pages/about_page.py:18: in click_login_link\n    self.click(self.LOGIN_LINK)\nsrc/pages/base_page.py:59: in click\n    el: WebElement = self.wait.until(expected_conditions.element_to_be_clickable(locator))\n                     ^^^^^^^^^^^^^^^^^^^^^^^^^^^^^^^^^^^^^^^^^^^^^^^^^^^^^^^^^^^^^^^^^^^^^\n_ _ _ _ _ _ _ _ _ _ _ _ _ _ _ _ _ _ _ _ _ _ _ _ _ _ _ _ _ _ _ _ _ _ _ _ _ _ _ _ \n\nself = <selenium.webdriver.support.wait.WebDriverWait (session=\"29d4e36a5ff602e1020317f53c243813\")>\nmethod = <function element_to_be_clickable.<locals>._predicate at 0x7fada6c8db20>\nmessage = ''\n\n    def until(self, method: Callable[[D], Union[Literal[False], T]], message: str = \"\") -> T:\n        \"\"\"Wait until the method returns a value that is not False.\n    \n        Calls the method provided with the driver as an argument until the\n        return value does not evaluate to ``False``.\n    \n        Parameters:\n        -----------\n        method: callable(WebDriver)\n            - A callable object that takes a WebDriver instance as an argument.\n    \n        message: str\n            - Optional message for :exc:`TimeoutException`\n    \n        Return:\n        -------\n        object: T\n            - The result of the last call to `method`\n    \n        Raises:\n        -------\n        TimeoutException\n            - If 'method' does not return a truthy value within the WebDriverWait\n            object's timeout\n    \n        Example:\n        --------\n        >>> from selenium.webdriver.common.by import By\n        >>> from selenium.webdriver.support.ui import WebDriverWait\n        >>> from selenium.webdriver.support import expected_conditions as EC\n    \n        # Wait until an element is visible on the page\n        >>> wait = WebDriverWait(driver, 10)\n        >>> element = wait.until(EC.visibility_of_element_located((By.ID, \"exampleId\")))\n        >>> print(element.text)\n        \"\"\"\n        screen = None\n        stacktrace = None\n    \n        end_time = time.monotonic() + self._timeout\n        while True:\n            try:\n                value = method(self._driver)\n                if value:\n                    return value\n            except self._ignored_exceptions as exc:\n                screen = getattr(exc, \"screen\", None)\n                stacktrace = getattr(exc, \"stacktrace\", None)\n            if time.monotonic() > end_time:\n                break\n            time.sleep(self._poll)\n>       raise TimeoutException(message, screen, stacktrace)\nE       selenium.common.exceptions.TimeoutException: Message: \nE       Stacktrace:\nE       #0 0x55a5253f753a <unknown>\nE       #1 0x55a524ef2f00 <unknown>\nE       #2 0x55a524f42c0c <unknown>\nE       #3 0x55a524f42e31 <unknown>\nE       #4 0x55a524f88bd4 <unknown>\nE       #5 0x55a524f675cd <unknown>\nE       #6 0x55a524f85f84 <unknown>\nE       #7 0x55a524f67343 <unknown>\nE       #8 0x55a524f3478a <unknown>\nE       #9 0x55a524f359de <unknown>\nE       #10 0x55a5253c12cb <unknown>\nE       #11 0x55a5253c5242 <unknown>\nE       #12 0x55a5253ae7ac <unknown>\nE       #13 0x55a5253c5df7 <unknown>\nE       #14 0x55a525392b2f <unknown>\nE       #15 0x55a5253e61a8 <unknown>\nE       #16 0x55a5253e6370 <unknown>\nE       #17 0x55a5253f63b6 <unknown>\nE       #18 0x7f2b3629caa4 <unknown>\nE       #19 0x7f2b36329c3c <unknown>\n\n.venv/lib/python3.13/site-packages/selenium/webdriver/support/wait.py:138: TimeoutException","steps":[{"name":"public ip address","time":{"start":1753927607177,"stop":1753927607185,"duration":8},"status":"passed","steps":[],"attachments":[{"uid":"476ddacb4bbb3661","name":"HTTP logs of http://checkip.amazonaws.com/","source":"476ddacb4bbb3661.txt","type":"text/plain","size":356}],"parameters":[],"shouldDisplayMessage":false,"stepsCount":0,"attachmentsCount":1,"hasContent":true,"attachmentStep":false}],"attachments":[{"uid":"36d59d5ab927356a","name":"Cookies","source":"36d59d5ab927356a.json","type":"application/json","size":4115},{"uid":"1177012e38fabf1d","name":"Session Storage","source":"1177012e38fabf1d.json","type":"application/json","size":359},{"uid":"8991c6b25c1dd58f","name":"Local Storage","source":"8991c6b25c1dd58f.json","type":"application/json","size":548},{"uid":"bb873cd0c2f733f","name":"Full Page Screenshot","source":"bb873cd0c2f733f.png","type":"image/png","size":2006480},{"uid":"7f4a21e613c4ca91","name":"URL","source":"7f4a21e613c4ca91.uri","type":"text/uri-list","size":23},{"uid":"cfbb765b38d5c35c","name":"Network Logs","source":"cfbb765b38d5c35c.json","type":"application/json","size":10199242}],"parameters":[],"shouldDisplayMessage":true,"stepsCount":1,"attachmentsCount":7,"hasContent":true,"attachmentStep":false},"afterStages":[{"name":"session_request::0","time":{"start":1753927638168,"stop":1753927638168,"duration":0},"status":"passed","steps":[],"attachments":[],"parameters":[],"shouldDisplayMessage":false,"stepsCount":0,"attachmentsCount":0,"hasContent":false,"attachmentStep":false}],"labels":[{"name":"severity","value":"normal"},{"name":"story","value":"WorkSpaces Creation and Editing Functionality"},{"name":"epic","value":"Workspaces"},{"name":"parentSuite","value":"tests"},{"name":"suite","value":"workspaces_test"},{"name":"subSuite","value":"TestWorkspaces"},{"name":"host","value":"pkrvmjbmru5nbw0"},{"name":"thread","value":"2234-MainThread"},{"name":"framework","value":"pytest"},{"name":"language","value":"cpython3"},{"name":"package","value":"tests.workspaces_test"},{"name":"resultFormat","value":"allure2"}],"parameters":[],"links":[],"hidden":false,"retry":false,"extra":{"severity":"normal","retries":[],"categories":[{"name":"Test defects","matchedStatuses":[],"flaky":false}],"history":{"statistic":{"failed":0,"broken":31,"skipped":0,"passed":0,"unknown":0,"total":31},"items":[{"uid":"cd5fea9922a434bc","reportUrl":"https://nirtal85.github.io/Selenium-Python-Example/730//#testresult/cd5fea9922a434bc","status":"broken","statusDetails":"selenium.common.exceptions.TimeoutException: Message: \nStacktrace:\n#0 0x561a91a3953a <unknown>\n#1 0x561a91534f00 <unknown>\n#2 0x561a91584c0c <unknown>\n#3 0x561a91584e31 <unknown>\n#4 0x561a915cabd4 <unknown>\n#5 0x561a915a95cd <unknown>\n#6 0x561a915c7f84 <unknown>\n#7 0x561a915a9343 <unknown>\n#8 0x561a9157678a <unknown>\n#9 0x561a915779de <unknown>\n#10 0x561a91a032cb <unknown>\n#11 0x561a91a07242 <unknown>\n#12 0x561a919f07ac <unknown>\n#13 0x561a91a07df7 <unknown>\n#14 0x561a919d4b2f <unknown>\n#15 0x561a91a281a8 <unknown>\n#16 0x561a91a28370 <unknown>\n#17 0x561a91a383b6 <unknown>\n#18 0x7f486609caa4 <unknown>\n#19 0x7f4866129c3c <unknown>","time":{"start":1753841225237,"stop":1753841225237,"duration":0}},{"uid":"ea6d06b3f15c071","reportUrl":"https://nirtal85.github.io/Selenium-Python-Example/729//#testresult/ea6d06b3f15c071","status":"broken","statusDetails":"selenium.common.exceptions.TimeoutException: Message: \nStacktrace:\n#0 0x55e836c6253a <unknown>\n#1 0x55e83675df00 <unknown>\n#2 0x55e8367adc0c <unknown>\n#3 0x55e8367ade31 <unknown>\n#4 0x55e8367f3bd4 <unknown>\n#5 0x55e8367d25cd <unknown>\n#6 0x55e8367f0f84 <unknown>\n#7 0x55e8367d2343 <unknown>\n#8 0x55e83679f78a <unknown>\n#9 0x55e8367a09de <unknown>\n#10 0x55e836c2c2cb <unknown>\n#11 0x55e836c30242 <unknown>\n#12 0x55e836c197ac <unknown>\n#13 0x55e836c30df7 <unknown>\n#14 0x55e836bfdb2f <unknown>\n#15 0x55e836c511a8 <unknown>\n#16 0x55e836c51370 <unknown>\n#17 0x55e836c613b6 <unknown>\n#18 0x7f927869caa4 <unknown>\n#19 0x7f9278729c3c <unknown>","time":{"start":1753755739789,"stop":1753755739789,"duration":0}},{"uid":"95b5f78e2bf334e5","reportUrl":"https://nirtal85.github.io/Selenium-Python-Example/728//#testresult/95b5f78e2bf334e5","status":"broken","statusDetails":"selenium.common.exceptions.TimeoutException: Message: \nStacktrace:\n#0 0x555d3270253a <unknown>\n#1 0x555d321fdf00 <unknown>\n#2 0x555d3224dc0c <unknown>\n#3 0x555d3224de31 <unknown>\n#4 0x555d32293bd4 <unknown>\n#5 0x555d322725cd <unknown>\n#6 0x555d32290f84 <unknown>\n#7 0x555d32272343 <unknown>\n#8 0x555d3223f78a <unknown>\n#9 0x555d322409de <unknown>\n#10 0x555d326cc2cb <unknown>\n#11 0x555d326d0242 <unknown>\n#12 0x555d326b97ac <unknown>\n#13 0x555d326d0df7 <unknown>\n#14 0x555d3269db2f <unknown>\n#15 0x555d326f11a8 <unknown>\n#16 0x555d326f1370 <unknown>\n#17 0x555d327013b6 <unknown>\n#18 0x7fdbbd29caa4 <unknown>\n#19 0x7fdbbd329c3c <unknown>","time":{"start":1753668669214,"stop":1753668669214,"duration":0}},{"uid":"43f742642ff4594b","reportUrl":"https://nirtal85.github.io/Selenium-Python-Example/727//#testresult/43f742642ff4594b","status":"broken","statusDetails":"selenium.common.exceptions.TimeoutException: Message: \nStacktrace:\n#0 0x5591fecb053a <unknown>\n#1 0x5591fe7abf00 <unknown>\n#2 0x5591fe7fbc0c <unknown>\n#3 0x5591fe7fbe31 <unknown>\n#4 0x5591fe841bd4 <unknown>\n#5 0x5591fe8205cd <unknown>\n#6 0x5591fe83ef84 <unknown>\n#7 0x5591fe820343 <unknown>\n#8 0x5591fe7ed78a <unknown>\n#9 0x5591fe7ee9de <unknown>\n#10 0x5591fec7a2cb <unknown>\n#11 0x5591fec7e242 <unknown>\n#12 0x5591fec677ac <unknown>\n#13 0x5591fec7edf7 <unknown>\n#14 0x5591fec4bb2f <unknown>\n#15 0x5591fec9f1a8 <unknown>\n#16 0x5591fec9f370 <unknown>\n#17 0x5591fecaf3b6 <unknown>\n#18 0x7f2fd209caa4 <unknown>\n#19 0x7f2fd2129c3c <unknown>","time":{"start":1753582782364,"stop":1753582782364,"duration":0}},{"uid":"33bc7c517897df41","reportUrl":"https://nirtal85.github.io/Selenium-Python-Example/726//#testresult/33bc7c517897df41","status":"broken","statusDetails":"selenium.common.exceptions.TimeoutException: Message: \nStacktrace:\n#0 0x5574fd5c653a <unknown>\n#1 0x5574fd0c1f00 <unknown>\n#2 0x5574fd111c0c <unknown>\n#3 0x5574fd111e31 <unknown>\n#4 0x5574fd157bd4 <unknown>\n#5 0x5574fd1365cd <unknown>\n#6 0x5574fd154f84 <unknown>\n#7 0x5574fd136343 <unknown>\n#8 0x5574fd10378a <unknown>\n#9 0x5574fd1049de <unknown>\n#10 0x5574fd5902cb <unknown>\n#11 0x5574fd594242 <unknown>\n#12 0x5574fd57d7ac <unknown>\n#13 0x5574fd594df7 <unknown>\n#14 0x5574fd561b2f <unknown>\n#15 0x5574fd5b51a8 <unknown>\n#16 0x5574fd5b5370 <unknown>\n#17 0x5574fd5c53b6 <unknown>\n#18 0x7ff266a9caa4 <unknown>\n#19 0x7ff266b29c3c <unknown>","time":{"start":1753495219663,"stop":1753495219663,"duration":0}},{"uid":"a485d72cbd6b6245","reportUrl":"https://nirtal85.github.io/Selenium-Python-Example/725//#testresult/a485d72cbd6b6245","status":"broken","statusDetails":"selenium.common.exceptions.TimeoutException: Message: \nStacktrace:\n#0 0x55b56bb9053a <unknown>\n#1 0x55b56b68bf00 <unknown>\n#2 0x55b56b6dbc0c <unknown>\n#3 0x55b56b6dbe31 <unknown>\n#4 0x55b56b721bd4 <unknown>\n#5 0x55b56b7005cd <unknown>\n#6 0x55b56b71ef84 <unknown>\n#7 0x55b56b700343 <unknown>\n#8 0x55b56b6cd78a <unknown>\n#9 0x55b56b6ce9de <unknown>\n#10 0x55b56bb5a2cb <unknown>\n#11 0x55b56bb5e242 <unknown>\n#12 0x55b56bb477ac <unknown>\n#13 0x55b56bb5edf7 <unknown>\n#14 0x55b56bb2bb2f <unknown>\n#15 0x55b56bb7f1a8 <unknown>\n#16 0x55b56bb7f370 <unknown>\n#17 0x55b56bb8f3b6 <unknown>\n#18 0x7f4f9f09caa4 <unknown>\n#19 0x7f4f9f129c3c <unknown>","time":{"start":1753409050737,"stop":1753409050737,"duration":0}},{"uid":"85ed3731b263e23d","reportUrl":"https://nirtal85.github.io/Selenium-Python-Example/724//#testresult/85ed3731b263e23d","status":"broken","statusDetails":"selenium.common.exceptions.TimeoutException: Message: \nStacktrace:\n#0 0x559318a5f53a <unknown>\n#1 0x55931855af00 <unknown>\n#2 0x5593185aac0c <unknown>\n#3 0x5593185aae31 <unknown>\n#4 0x5593185f0bd4 <unknown>\n#5 0x5593185cf5cd <unknown>\n#6 0x5593185edf84 <unknown>\n#7 0x5593185cf343 <unknown>\n#8 0x55931859c78a <unknown>\n#9 0x55931859d9de <unknown>\n#10 0x559318a292cb <unknown>\n#11 0x559318a2d242 <unknown>\n#12 0x559318a167ac <unknown>\n#13 0x559318a2ddf7 <unknown>\n#14 0x5593189fab2f <unknown>\n#15 0x559318a4e1a8 <unknown>\n#16 0x559318a4e370 <unknown>\n#17 0x559318a5e3b6 <unknown>\n#18 0x7fd4d1e9caa4 <unknown>\n#19 0x7fd4d1f29c3c <unknown>","time":{"start":1753322680510,"stop":1753322680510,"duration":0}},{"uid":"70c63351e2b00c52","reportUrl":"https://nirtal85.github.io/Selenium-Python-Example/723//#testresult/70c63351e2b00c52","status":"broken","statusDetails":"selenium.common.exceptions.TimeoutException: Message: \nStacktrace:\n#0 0x564a9580e53a <unknown>\n#1 0x564a95309f00 <unknown>\n#2 0x564a95359c0c <unknown>\n#3 0x564a95359e31 <unknown>\n#4 0x564a9539fbd4 <unknown>\n#5 0x564a9537e5cd <unknown>\n#6 0x564a9539cf84 <unknown>\n#7 0x564a9537e343 <unknown>\n#8 0x564a9534b78a <unknown>\n#9 0x564a9534c9de <unknown>\n#10 0x564a957d82cb <unknown>\n#11 0x564a957dc242 <unknown>\n#12 0x564a957c57ac <unknown>\n#13 0x564a957dcdf7 <unknown>\n#14 0x564a957a9b2f <unknown>\n#15 0x564a957fd1a8 <unknown>\n#16 0x564a957fd370 <unknown>\n#17 0x564a9580d3b6 <unknown>\n#18 0x7feb22a9caa4 <unknown>\n#19 0x7feb22b29c3c <unknown>","time":{"start":1753236317497,"stop":1753236317497,"duration":0}},{"uid":"4d7e176e2321eb3d","reportUrl":"https://nirtal85.github.io/Selenium-Python-Example/722//#testresult/4d7e176e2321eb3d","status":"broken","statusDetails":"selenium.common.exceptions.TimeoutException: Message: \nStacktrace:\n#0 0x55b36e32253a <unknown>\n#1 0x55b36de1df00 <unknown>\n#2 0x55b36de6dc0c <unknown>\n#3 0x55b36de6de31 <unknown>\n#4 0x55b36deb3bd4 <unknown>\n#5 0x55b36de925cd <unknown>\n#6 0x55b36deb0f84 <unknown>\n#7 0x55b36de92343 <unknown>\n#8 0x55b36de5f78a <unknown>\n#9 0x55b36de609de <unknown>\n#10 0x55b36e2ec2cb <unknown>\n#11 0x55b36e2f0242 <unknown>\n#12 0x55b36e2d97ac <unknown>\n#13 0x55b36e2f0df7 <unknown>\n#14 0x55b36e2bdb2f <unknown>\n#15 0x55b36e3111a8 <unknown>\n#16 0x55b36e311370 <unknown>\n#17 0x55b36e3213b6 <unknown>\n#18 0x7fde9ca9caa4 <unknown>\n#19 0x7fde9cb29c3c <unknown>","time":{"start":1753149857093,"stop":1753149857093,"duration":0}},{"uid":"fb9f9f85b623527a","reportUrl":"https://nirtal85.github.io/Selenium-Python-Example/721//#testresult/fb9f9f85b623527a","status":"broken","statusDetails":"selenium.common.exceptions.TimeoutException: Message: \nStacktrace:\n#0 0x55e95b6ab53a <unknown>\n#1 0x55e95b1a6f00 <unknown>\n#2 0x55e95b1f6c0c <unknown>\n#3 0x55e95b1f6e31 <unknown>\n#4 0x55e95b23cbd4 <unknown>\n#5 0x55e95b21b5cd <unknown>\n#6 0x55e95b239f84 <unknown>\n#7 0x55e95b21b343 <unknown>\n#8 0x55e95b1e878a <unknown>\n#9 0x55e95b1e99de <unknown>\n#10 0x55e95b6752cb <unknown>\n#11 0x55e95b679242 <unknown>\n#12 0x55e95b6627ac <unknown>\n#13 0x55e95b679df7 <unknown>\n#14 0x55e95b646b2f <unknown>\n#15 0x55e95b69a1a8 <unknown>\n#16 0x55e95b69a370 <unknown>\n#17 0x55e95b6aa3b6 <unknown>\n#18 0x7f2671e9caa4 <unknown>\n#19 0x7f2671f29c3c <unknown>","time":{"start":1753063798715,"stop":1753063798715,"duration":0}},{"uid":"b3c7e7bb7b4fb269","reportUrl":"https://nirtal85.github.io/Selenium-Python-Example/720//#testresult/b3c7e7bb7b4fb269","status":"broken","statusDetails":"selenium.common.exceptions.TimeoutException: Message: \nStacktrace:\n#0 0x55a78697653a <unknown>\n#1 0x55a786471f00 <unknown>\n#2 0x55a7864c1c0c <unknown>\n#3 0x55a7864c1e31 <unknown>\n#4 0x55a786507bd4 <unknown>\n#5 0x55a7864e65cd <unknown>\n#6 0x55a786504f84 <unknown>\n#7 0x55a7864e6343 <unknown>\n#8 0x55a7864b378a <unknown>\n#9 0x55a7864b49de <unknown>\n#10 0x55a7869402cb <unknown>\n#11 0x55a786944242 <unknown>\n#12 0x55a78692d7ac <unknown>\n#13 0x55a786944df7 <unknown>\n#14 0x55a786911b2f <unknown>\n#15 0x55a7869651a8 <unknown>\n#16 0x55a786965370 <unknown>\n#17 0x55a7869753b6 <unknown>\n#18 0x7fb7b929caa4 <unknown>\n#19 0x7fb7b9329c3c <unknown>","time":{"start":1752977573904,"stop":1752977573904,"duration":0}},{"uid":"a548f8a2468fcd3","reportUrl":"https://nirtal85.github.io/Selenium-Python-Example/719//#testresult/a548f8a2468fcd3","status":"broken","statusDetails":"selenium.common.exceptions.TimeoutException: Message: \nStacktrace:\n#0 0x562fb5da153a <unknown>\n#1 0x562fb589cf00 <unknown>\n#2 0x562fb58ecc0c <unknown>\n#3 0x562fb58ece31 <unknown>\n#4 0x562fb5932bd4 <unknown>\n#5 0x562fb59115cd <unknown>\n#6 0x562fb592ff84 <unknown>\n#7 0x562fb5911343 <unknown>\n#8 0x562fb58de78a <unknown>\n#9 0x562fb58df9de <unknown>\n#10 0x562fb5d6b2cb <unknown>\n#11 0x562fb5d6f242 <unknown>\n#12 0x562fb5d587ac <unknown>\n#13 0x562fb5d6fdf7 <unknown>\n#14 0x562fb5d3cb2f <unknown>\n#15 0x562fb5d901a8 <unknown>\n#16 0x562fb5d90370 <unknown>\n#17 0x562fb5da03b6 <unknown>\n#18 0x7fefd429caa4 <unknown>\n#19 0x7fefd4329c3c <unknown>","time":{"start":1752890352446,"stop":1752890352446,"duration":0}},{"uid":"be4ccdcd400afd04","reportUrl":"https://nirtal85.github.io/Selenium-Python-Example/718//#testresult/be4ccdcd400afd04","status":"broken","statusDetails":"selenium.common.exceptions.TimeoutException: Message: \nStacktrace:\n#0 0x55bef592553a <unknown>\n#1 0x55bef5420f00 <unknown>\n#2 0x55bef5470c0c <unknown>\n#3 0x55bef5470e31 <unknown>\n#4 0x55bef54b6bd4 <unknown>\n#5 0x55bef54955cd <unknown>\n#6 0x55bef54b3f84 <unknown>\n#7 0x55bef5495343 <unknown>\n#8 0x55bef546278a <unknown>\n#9 0x55bef54639de <unknown>\n#10 0x55bef58ef2cb <unknown>\n#11 0x55bef58f3242 <unknown>\n#12 0x55bef58dc7ac <unknown>\n#13 0x55bef58f3df7 <unknown>\n#14 0x55bef58c0b2f <unknown>\n#15 0x55bef59141a8 <unknown>\n#16 0x55bef5914370 <unknown>\n#17 0x55bef59243b6 <unknown>\n#18 0x7f634789caa4 <unknown>\n#19 0x7f6347929c3c <unknown>","time":{"start":1752804310797,"stop":1752804310797,"duration":0}},{"uid":"4531744e7b2fbc96","reportUrl":"https://nirtal85.github.io/Selenium-Python-Example/717//#testresult/4531744e7b2fbc96","status":"broken","statusDetails":"selenium.common.exceptions.TimeoutException: Message: \nStacktrace:\n#0 0x55addfde253a <unknown>\n#1 0x55addf8ddf00 <unknown>\n#2 0x55addf92dc0c <unknown>\n#3 0x55addf92de31 <unknown>\n#4 0x55addf973bd4 <unknown>\n#5 0x55addf9525cd <unknown>\n#6 0x55addf970f84 <unknown>\n#7 0x55addf952343 <unknown>\n#8 0x55addf91f78a <unknown>\n#9 0x55addf9209de <unknown>\n#10 0x55addfdac2cb <unknown>\n#11 0x55addfdb0242 <unknown>\n#12 0x55addfd997ac <unknown>\n#13 0x55addfdb0df7 <unknown>\n#14 0x55addfd7db2f <unknown>\n#15 0x55addfdd11a8 <unknown>\n#16 0x55addfdd1370 <unknown>\n#17 0x55addfde13b6 <unknown>\n#18 0x7f6ac369caa4 <unknown>\n#19 0x7f6ac3729c3c <unknown>","time":{"start":1752717816989,"stop":1752717816989,"duration":0}},{"uid":"15bd4cc3f6c07f40","reportUrl":"https://nirtal85.github.io/Selenium-Python-Example/716//#testresult/15bd4cc3f6c07f40","status":"broken","statusDetails":"selenium.common.exceptions.TimeoutException: Message: \nStacktrace:\n#0 0x55ad3813453a <unknown>\n#1 0x55ad37c2ff00 <unknown>\n#2 0x55ad37c7fc0c <unknown>\n#3 0x55ad37c7fe31 <unknown>\n#4 0x55ad37cc5bd4 <unknown>\n#5 0x55ad37ca45cd <unknown>\n#6 0x55ad37cc2f84 <unknown>\n#7 0x55ad37ca4343 <unknown>\n#8 0x55ad37c7178a <unknown>\n#9 0x55ad37c729de <unknown>\n#10 0x55ad380fe2cb <unknown>\n#11 0x55ad38102242 <unknown>\n#12 0x55ad380eb7ac <unknown>\n#13 0x55ad38102df7 <unknown>\n#14 0x55ad380cfb2f <unknown>\n#15 0x55ad381231a8 <unknown>\n#16 0x55ad38123370 <unknown>\n#17 0x55ad381333b6 <unknown>\n#18 0x7f8e1729caa4 <unknown>\n#19 0x7f8e17329c3c <unknown>","time":{"start":1752631388062,"stop":1752631388062,"duration":0}},{"uid":"3071ba97df467c42","reportUrl":"https://nirtal85.github.io/Selenium-Python-Example/715//#testresult/3071ba97df467c42","status":"broken","statusDetails":"selenium.common.exceptions.TimeoutException: Message: \nStacktrace:\n#0 0x557ef90d053a <unknown>\n#1 0x557ef8bcbf00 <unknown>\n#2 0x557ef8c1bc0c <unknown>\n#3 0x557ef8c1be31 <unknown>\n#4 0x557ef8c61bd4 <unknown>\n#5 0x557ef8c405cd <unknown>\n#6 0x557ef8c5ef84 <unknown>\n#7 0x557ef8c40343 <unknown>\n#8 0x557ef8c0d78a <unknown>\n#9 0x557ef8c0e9de <unknown>\n#10 0x557ef909a2cb <unknown>\n#11 0x557ef909e242 <unknown>\n#12 0x557ef90877ac <unknown>\n#13 0x557ef909edf7 <unknown>\n#14 0x557ef906bb2f <unknown>\n#15 0x557ef90bf1a8 <unknown>\n#16 0x557ef90bf370 <unknown>\n#17 0x557ef90cf3b6 <unknown>\n#18 0x7f15e7c9caa4 <unknown>\n#19 0x7f15e7d29c3c <unknown>","time":{"start":1752545205917,"stop":1752545205917,"duration":0}},{"uid":"a95578d0515fd6c1","reportUrl":"https://nirtal85.github.io/Selenium-Python-Example/714//#testresult/a95578d0515fd6c1","status":"broken","statusDetails":"selenium.common.exceptions.TimeoutException: Message: \nStacktrace:\n#0 0x55a6d8abb53a <unknown>\n#1 0x55a6d85b6f00 <unknown>\n#2 0x55a6d8606c0c <unknown>\n#3 0x55a6d8606e31 <unknown>\n#4 0x55a6d864cbd4 <unknown>\n#5 0x55a6d862b5cd <unknown>\n#6 0x55a6d8649f84 <unknown>\n#7 0x55a6d862b343 <unknown>\n#8 0x55a6d85f878a <unknown>\n#9 0x55a6d85f99de <unknown>\n#10 0x55a6d8a852cb <unknown>\n#11 0x55a6d8a89242 <unknown>\n#12 0x55a6d8a727ac <unknown>\n#13 0x55a6d8a89df7 <unknown>\n#14 0x55a6d8a56b2f <unknown>\n#15 0x55a6d8aaa1a8 <unknown>\n#16 0x55a6d8aaa370 <unknown>\n#17 0x55a6d8aba3b6 <unknown>\n#18 0x7f0beb89caa4 <unknown>\n#19 0x7f0beb929c3c <unknown>","time":{"start":1752458815577,"stop":1752458815577,"duration":0}},{"uid":"4611e6b1da0ebb79","reportUrl":"https://nirtal85.github.io/Selenium-Python-Example/713//#testresult/4611e6b1da0ebb79","status":"broken","statusDetails":"selenium.common.exceptions.TimeoutException: Message: \nStacktrace:\n#0 0x560f46a5b53a <unknown>\n#1 0x560f46556f00 <unknown>\n#2 0x560f465a6c0c <unknown>\n#3 0x560f465a6e31 <unknown>\n#4 0x560f465ecbd4 <unknown>\n#5 0x560f465cb5cd <unknown>\n#6 0x560f465e9f84 <unknown>\n#7 0x560f465cb343 <unknown>\n#8 0x560f4659878a <unknown>\n#9 0x560f465999de <unknown>\n#10 0x560f46a252cb <unknown>\n#11 0x560f46a29242 <unknown>\n#12 0x560f46a127ac <unknown>\n#13 0x560f46a29df7 <unknown>\n#14 0x560f469f6b2f <unknown>\n#15 0x560f46a4a1a8 <unknown>\n#16 0x560f46a4a370 <unknown>\n#17 0x560f46a5a3b6 <unknown>\n#18 0x7f1793a9caa4 <unknown>\n#19 0x7f1793b29c3c <unknown>","time":{"start":1752372668625,"stop":1752372668625,"duration":0}},{"uid":"bfbe134d20538f5a","reportUrl":"https://nirtal85.github.io/Selenium-Python-Example/712//#testresult/bfbe134d20538f5a","status":"broken","statusDetails":"selenium.common.exceptions.TimeoutException: Message: \nStacktrace:\n#0 0x55d27f2d753a <unknown>\n#1 0x55d27edd2f00 <unknown>\n#2 0x55d27ee22c0c <unknown>\n#3 0x55d27ee22e31 <unknown>\n#4 0x55d27ee68bd4 <unknown>\n#5 0x55d27ee475cd <unknown>\n#6 0x55d27ee65f84 <unknown>\n#7 0x55d27ee47343 <unknown>\n#8 0x55d27ee1478a <unknown>\n#9 0x55d27ee159de <unknown>\n#10 0x55d27f2a12cb <unknown>\n#11 0x55d27f2a5242 <unknown>\n#12 0x55d27f28e7ac <unknown>\n#13 0x55d27f2a5df7 <unknown>\n#14 0x55d27f272b2f <unknown>\n#15 0x55d27f2c61a8 <unknown>\n#16 0x55d27f2c6370 <unknown>\n#17 0x55d27f2d63b6 <unknown>\n#18 0x7febb809caa4 <unknown>\n#19 0x7febb8129c3c <unknown>","time":{"start":1752285762187,"stop":1752285762187,"duration":0}},{"uid":"78d94d6afe1e4a13","reportUrl":"https://nirtal85.github.io/Selenium-Python-Example/711//#testresult/78d94d6afe1e4a13","status":"broken","statusDetails":"selenium.common.exceptions.TimeoutException: Message: \nStacktrace:\n#0 0x55e049ab553a <unknown>\n#1 0x55e0495b0f00 <unknown>\n#2 0x55e049600c0c <unknown>\n#3 0x55e049600e31 <unknown>\n#4 0x55e049646bd4 <unknown>\n#5 0x55e0496255cd <unknown>\n#6 0x55e049643f84 <unknown>\n#7 0x55e049625343 <unknown>\n#8 0x55e0495f278a <unknown>\n#9 0x55e0495f39de <unknown>\n#10 0x55e049a7f2cb <unknown>\n#11 0x55e049a83242 <unknown>\n#12 0x55e049a6c7ac <unknown>\n#13 0x55e049a83df7 <unknown>\n#14 0x55e049a50b2f <unknown>\n#15 0x55e049aa41a8 <unknown>\n#16 0x55e049aa4370 <unknown>\n#17 0x55e049ab43b6 <unknown>\n#18 0x7f3a5d49caa4 <unknown>\n#19 0x7f3a5d529c3c <unknown>","time":{"start":1752199325856,"stop":1752199325856,"duration":0}}]},"tags":[]},"source":"c0b4cec29a9dfc9f.json","parameterValues":[]}