{"uid":"47dea3c3ae65faf4","name":"Delete existing workspace","fullName":"tests.workspaces_test.TestWorkspaces#test_delete_workspace","historyId":"085ae9bea926da8512f07258dfb5df8c","time":{"start":1756950094235,"stop":1756950094235,"duration":0},"description":"Delete an existing workspace","descriptionHtml":"<p>Delete an existing workspace</p>\n","status":"broken","statusMessage":"selenium.common.exceptions.TimeoutException: Message: \nStacktrace:\n#0 0x55b16d03e53a <unknown>\n#1 0x55b16cb39f00 <unknown>\n#2 0x55b16cb89c0c <unknown>\n#3 0x55b16cb89e31 <unknown>\n#4 0x55b16cbcfbd4 <unknown>\n#5 0x55b16cbae5cd <unknown>\n#6 0x55b16cbccf84 <unknown>\n#7 0x55b16cbae343 <unknown>\n#8 0x55b16cb7b78a <unknown>\n#9 0x55b16cb7c9de <unknown>\n#10 0x55b16d0082cb <unknown>\n#11 0x55b16d00c242 <unknown>\n#12 0x55b16cff57ac <unknown>\n#13 0x55b16d00cdf7 <unknown>\n#14 0x55b16cfd9b2f <unknown>\n#15 0x55b16d02d1a8 <unknown>\n#16 0x55b16d02d370 <unknown>\n#17 0x55b16d03d3b6 <unknown>\n#18 0x7ff39529caa4 <unknown>\n#19 0x7ff395329c3c <unknown>","statusTrace":"self = <tests.workspaces_test.TestWorkspaces object at 0x7fd32087afd0>\n\n    @pytest.fixture(autouse=True)\n    def setup_method_fixture(self):\n>       login(self.about_page, self.login_page)\n\ntests/workspaces_test.py:25: \n_ _ _ _ _ _ _ _ _ _ _ _ _ _ _ _ _ _ _ _ _ _ _ _ _ _ _ _ _ _ _ _ _ _ _ _ _ _ _ _ \ntests/workspaces_test.py:15: in login\n    about_page.click_login_link()\nsrc/pages/about_page.py:18: in click_login_link\n    self.click(self.LOGIN_LINK)\nsrc/pages/base_page.py:59: in click\n    el: WebElement = self.wait.until(expected_conditions.element_to_be_clickable(locator))\n                     ^^^^^^^^^^^^^^^^^^^^^^^^^^^^^^^^^^^^^^^^^^^^^^^^^^^^^^^^^^^^^^^^^^^^^\n_ _ _ _ _ _ _ _ _ _ _ _ _ _ _ _ _ _ _ _ _ _ _ _ _ _ _ _ _ _ _ _ _ _ _ _ _ _ _ _ \n\nself = <selenium.webdriver.support.wait.WebDriverWait (session=\"76dcbc739690e0171e3dbc078eeb45a9\")>\nmethod = <function element_to_be_clickable.<locals>._predicate at 0x7fd320980400>\nmessage = ''\n\n    def until(self, method: Callable[[D], Union[Literal[False], T]], message: str = \"\") -> T:\n        \"\"\"Wait until the method returns a value that is not False.\n    \n        Calls the method provided with the driver as an argument until the\n        return value does not evaluate to ``False``.\n    \n        Parameters:\n        -----------\n        method: callable(WebDriver)\n            - A callable object that takes a WebDriver instance as an argument.\n    \n        message: str\n            - Optional message for :exc:`TimeoutException`\n    \n        Return:\n        -------\n        object: T\n            - The result of the last call to `method`\n    \n        Raises:\n        -------\n        TimeoutException\n            - If 'method' does not return a truthy value within the WebDriverWait\n            object's timeout\n    \n        Example:\n        --------\n        >>> from selenium.webdriver.common.by import By\n        >>> from selenium.webdriver.support.ui import WebDriverWait\n        >>> from selenium.webdriver.support import expected_conditions as EC\n    \n        # Wait until an element is visible on the page\n        >>> wait = WebDriverWait(driver, 10)\n        >>> element = wait.until(EC.visibility_of_element_located((By.ID, \"exampleId\")))\n        >>> print(element.text)\n        \"\"\"\n        screen = None\n        stacktrace = None\n    \n        end_time = time.monotonic() + self._timeout\n        while True:\n            try:\n                value = method(self._driver)\n                if value:\n                    return value\n            except self._ignored_exceptions as exc:\n                screen = getattr(exc, \"screen\", None)\n                stacktrace = getattr(exc, \"stacktrace\", None)\n            if time.monotonic() > end_time:\n                break\n            time.sleep(self._poll)\n>       raise TimeoutException(message, screen, stacktrace)\nE       selenium.common.exceptions.TimeoutException: Message: \nE       Stacktrace:\nE       #0 0x55b16d03e53a <unknown>\nE       #1 0x55b16cb39f00 <unknown>\nE       #2 0x55b16cb89c0c <unknown>\nE       #3 0x55b16cb89e31 <unknown>\nE       #4 0x55b16cbcfbd4 <unknown>\nE       #5 0x55b16cbae5cd <unknown>\nE       #6 0x55b16cbccf84 <unknown>\nE       #7 0x55b16cbae343 <unknown>\nE       #8 0x55b16cb7b78a <unknown>\nE       #9 0x55b16cb7c9de <unknown>\nE       #10 0x55b16d0082cb <unknown>\nE       #11 0x55b16d00c242 <unknown>\nE       #12 0x55b16cff57ac <unknown>\nE       #13 0x55b16d00cdf7 <unknown>\nE       #14 0x55b16cfd9b2f <unknown>\nE       #15 0x55b16d02d1a8 <unknown>\nE       #16 0x55b16d02d370 <unknown>\nE       #17 0x55b16d03d3b6 <unknown>\nE       #18 0x7ff39529caa4 <unknown>\nE       #19 0x7ff395329c3c <unknown>\n\n.venv/lib/python3.13/site-packages/selenium/webdriver/support/wait.py:138: TimeoutException","flaky":false,"newFailed":false,"newBroken":false,"newPassed":false,"retriesCount":0,"retriesStatusChange":false,"beforeStages":[{"name":"session_request","time":{"start":1756950077039,"stop":1756950077039,"duration":0},"status":"passed","steps":[],"attachments":[],"parameters":[],"shouldDisplayMessage":false,"stepsCount":0,"attachmentsCount":0,"hasContent":false,"attachmentStep":false},{"name":"_verify_url","time":{"start":1756950077039,"stop":1756950077039,"duration":0},"status":"passed","steps":[],"attachments":[],"parameters":[],"shouldDisplayMessage":false,"stepsCount":0,"attachmentsCount":0,"hasContent":false,"attachmentStep":false},{"name":"base_url","time":{"start":1756950077039,"stop":1756950077039,"duration":0},"status":"passed","steps":[],"attachments":[],"parameters":[],"shouldDisplayMessage":false,"stepsCount":0,"attachmentsCount":0,"hasContent":false,"attachmentStep":false},{"name":"setup_method_fixture","time":{"start":1756950097040,"stop":1756950107380,"duration":10340},"status":"broken","statusMessage":"selenium.common.exceptions.TimeoutException: Message: \nStacktrace:\n#0 0x55b16d03e53a <unknown>\n#1 0x55b16cb39f00 <unknown>\n#2 0x55b16cb89c0c <unknown>\n#3 0x55b16cb89e31 <unknown>\n#4 0x55b16cbcfbd4 <unknown>\n#5 0x55b16cbae5cd <unknown>\n#6 0x55b16cbccf84 <unknown>\n#7 0x55b16cbae343 <unknown>\n#8 0x55b16cb7b78a <unknown>\n#9 0x55b16cb7c9de <unknown>\n#10 0x55b16d0082cb <unknown>\n#11 0x55b16d00c242 <unknown>\n#12 0x55b16cff57ac <unknown>\n#13 0x55b16d00cdf7 <unknown>\n#14 0x55b16cfd9b2f <unknown>\n#15 0x55b16d02d1a8 <unknown>\n#16 0x55b16d02d370 <unknown>\n#17 0x55b16d03d3b6 <unknown>\n#18 0x7ff39529caa4 <unknown>\n#19 0x7ff395329c3c <unknown>\n\n","statusTrace":"  File \"/home/runner/work/Selenium-Python-Example/Selenium-Python-Example/.venv/lib/python3.13/site-packages/pluggy/_callers.py\", line 167, in _multicall\n    teardown.throw(outcome._exception)\n    ~~~~~~~~~~~~~~^^^^^^^^^^^^^^^^^^^^\n  File \"/home/runner/work/Selenium-Python-Example/Selenium-Python-Example/.venv/lib/python3.13/site-packages/_pytest/setuponly.py\", line 36, in pytest_fixture_setup\n    return (yield)\n            ^^^^^\n  File \"/home/runner/work/Selenium-Python-Example/Selenium-Python-Example/.venv/lib/python3.13/site-packages/pluggy/_callers.py\", line 103, in _multicall\n    res = hook_impl.function(*args)\n  File \"/home/runner/work/Selenium-Python-Example/Selenium-Python-Example/.venv/lib/python3.13/site-packages/_pytest/fixtures.py\", line 1195, in pytest_fixture_setup\n    result = call_fixture_func(fixturefunc, request, kwargs)\n  File \"/home/runner/work/Selenium-Python-Example/Selenium-Python-Example/.venv/lib/python3.13/site-packages/_pytest/fixtures.py\", line 929, in call_fixture_func\n    fixture_result = fixturefunc(**kwargs)\n  File \"/home/runner/work/Selenium-Python-Example/Selenium-Python-Example/tests/workspaces_test.py\", line 25, in setup_method_fixture\n    login(self.about_page, self.login_page)\n    ~~~~~^^^^^^^^^^^^^^^^^^^^^^^^^^^^^^^^^^\n  File \"/home/runner/work/Selenium-Python-Example/Selenium-Python-Example/tests/workspaces_test.py\", line 15, in login\n    about_page.click_login_link()\n    ~~~~~~~~~~~~~~~~~~~~~~~~~~~^^\n  File \"/home/runner/work/Selenium-Python-Example/Selenium-Python-Example/.venv/lib/python3.13/site-packages/allure_commons/_allure.py\", line 202, in impl\n    return func(*a, **kw)\n  File \"/home/runner/work/Selenium-Python-Example/Selenium-Python-Example/src/pages/about_page.py\", line 18, in click_login_link\n    self.click(self.LOGIN_LINK)\n    ~~~~~~~~~~^^^^^^^^^^^^^^^^^\n  File \"/home/runner/work/Selenium-Python-Example/Selenium-Python-Example/src/pages/base_page.py\", line 59, in click\n    el: WebElement = self.wait.until(expected_conditions.element_to_be_clickable(locator))\n                     ~~~~~~~~~~~~~~~^^^^^^^^^^^^^^^^^^^^^^^^^^^^^^^^^^^^^^^^^^^^^^^^^^^^^^\n  File \"/home/runner/work/Selenium-Python-Example/Selenium-Python-Example/.venv/lib/python3.13/site-packages/selenium/webdriver/support/wait.py\", line 138, in until\n    raise TimeoutException(message, screen, stacktrace)\n","steps":[{"name":"Click Login link","time":{"start":1756950097041,"stop":1756950107378,"duration":10337},"status":"broken","statusMessage":"selenium.common.exceptions.TimeoutException: Message: \nStacktrace:\n#0 0x55b16d03e53a <unknown>\n#1 0x55b16cb39f00 <unknown>\n#2 0x55b16cb89c0c <unknown>\n#3 0x55b16cb89e31 <unknown>\n#4 0x55b16cbcfbd4 <unknown>\n#5 0x55b16cbae5cd <unknown>\n#6 0x55b16cbccf84 <unknown>\n#7 0x55b16cbae343 <unknown>\n#8 0x55b16cb7b78a <unknown>\n#9 0x55b16cb7c9de <unknown>\n#10 0x55b16d0082cb <unknown>\n#11 0x55b16d00c242 <unknown>\n#12 0x55b16cff57ac <unknown>\n#13 0x55b16d00cdf7 <unknown>\n#14 0x55b16cfd9b2f <unknown>\n#15 0x55b16d02d1a8 <unknown>\n#16 0x55b16d02d370 <unknown>\n#17 0x55b16d03d3b6 <unknown>\n#18 0x7ff39529caa4 <unknown>\n#19 0x7ff395329c3c <unknown>\n\n","statusTrace":"  File \"/home/runner/work/Selenium-Python-Example/Selenium-Python-Example/.venv/lib/python3.13/site-packages/allure_commons/_allure.py\", line 202, in impl\n    return func(*a, **kw)\n  File \"/home/runner/work/Selenium-Python-Example/Selenium-Python-Example/src/pages/about_page.py\", line 18, in click_login_link\n    self.click(self.LOGIN_LINK)\n    ~~~~~~~~~~^^^^^^^^^^^^^^^^^\n  File \"/home/runner/work/Selenium-Python-Example/Selenium-Python-Example/src/pages/base_page.py\", line 59, in click\n    el: WebElement = self.wait.until(expected_conditions.element_to_be_clickable(locator))\n                     ~~~~~~~~~~~~~~~^^^^^^^^^^^^^^^^^^^^^^^^^^^^^^^^^^^^^^^^^^^^^^^^^^^^^^\n  File \"/home/runner/work/Selenium-Python-Example/Selenium-Python-Example/.venv/lib/python3.13/site-packages/selenium/webdriver/support/wait.py\", line 138, in until\n    raise TimeoutException(message, screen, stacktrace)\n","steps":[],"attachments":[],"parameters":[],"shouldDisplayMessage":true,"stepsCount":0,"attachmentsCount":0,"hasContent":true,"attachmentStep":false}],"attachments":[],"parameters":[],"shouldDisplayMessage":false,"stepsCount":1,"attachmentsCount":0,"hasContent":true,"attachmentStep":false}],"testStage":{"description":"Delete an existing workspace","status":"broken","statusMessage":"selenium.common.exceptions.TimeoutException: Message: \nStacktrace:\n#0 0x55b16d03e53a <unknown>\n#1 0x55b16cb39f00 <unknown>\n#2 0x55b16cb89c0c <unknown>\n#3 0x55b16cb89e31 <unknown>\n#4 0x55b16cbcfbd4 <unknown>\n#5 0x55b16cbae5cd <unknown>\n#6 0x55b16cbccf84 <unknown>\n#7 0x55b16cbae343 <unknown>\n#8 0x55b16cb7b78a <unknown>\n#9 0x55b16cb7c9de <unknown>\n#10 0x55b16d0082cb <unknown>\n#11 0x55b16d00c242 <unknown>\n#12 0x55b16cff57ac <unknown>\n#13 0x55b16d00cdf7 <unknown>\n#14 0x55b16cfd9b2f <unknown>\n#15 0x55b16d02d1a8 <unknown>\n#16 0x55b16d02d370 <unknown>\n#17 0x55b16d03d3b6 <unknown>\n#18 0x7ff39529caa4 <unknown>\n#19 0x7ff395329c3c <unknown>","statusTrace":"self = <tests.workspaces_test.TestWorkspaces object at 0x7fd32087afd0>\n\n    @pytest.fixture(autouse=True)\n    def setup_method_fixture(self):\n>       login(self.about_page, self.login_page)\n\ntests/workspaces_test.py:25: \n_ _ _ _ _ _ _ _ _ _ _ _ _ _ _ _ _ _ _ _ _ _ _ _ _ _ _ _ _ _ _ _ _ _ _ _ _ _ _ _ \ntests/workspaces_test.py:15: in login\n    about_page.click_login_link()\nsrc/pages/about_page.py:18: in click_login_link\n    self.click(self.LOGIN_LINK)\nsrc/pages/base_page.py:59: in click\n    el: WebElement = self.wait.until(expected_conditions.element_to_be_clickable(locator))\n                     ^^^^^^^^^^^^^^^^^^^^^^^^^^^^^^^^^^^^^^^^^^^^^^^^^^^^^^^^^^^^^^^^^^^^^\n_ _ _ _ _ _ _ _ _ _ _ _ _ _ _ _ _ _ _ _ _ _ _ _ _ _ _ _ _ _ _ _ _ _ _ _ _ _ _ _ \n\nself = <selenium.webdriver.support.wait.WebDriverWait (session=\"76dcbc739690e0171e3dbc078eeb45a9\")>\nmethod = <function element_to_be_clickable.<locals>._predicate at 0x7fd320980400>\nmessage = ''\n\n    def until(self, method: Callable[[D], Union[Literal[False], T]], message: str = \"\") -> T:\n        \"\"\"Wait until the method returns a value that is not False.\n    \n        Calls the method provided with the driver as an argument until the\n        return value does not evaluate to ``False``.\n    \n        Parameters:\n        -----------\n        method: callable(WebDriver)\n            - A callable object that takes a WebDriver instance as an argument.\n    \n        message: str\n            - Optional message for :exc:`TimeoutException`\n    \n        Return:\n        -------\n        object: T\n            - The result of the last call to `method`\n    \n        Raises:\n        -------\n        TimeoutException\n            - If 'method' does not return a truthy value within the WebDriverWait\n            object's timeout\n    \n        Example:\n        --------\n        >>> from selenium.webdriver.common.by import By\n        >>> from selenium.webdriver.support.ui import WebDriverWait\n        >>> from selenium.webdriver.support import expected_conditions as EC\n    \n        # Wait until an element is visible on the page\n        >>> wait = WebDriverWait(driver, 10)\n        >>> element = wait.until(EC.visibility_of_element_located((By.ID, \"exampleId\")))\n        >>> print(element.text)\n        \"\"\"\n        screen = None\n        stacktrace = None\n    \n        end_time = time.monotonic() + self._timeout\n        while True:\n            try:\n                value = method(self._driver)\n                if value:\n                    return value\n            except self._ignored_exceptions as exc:\n                screen = getattr(exc, \"screen\", None)\n                stacktrace = getattr(exc, \"stacktrace\", None)\n            if time.monotonic() > end_time:\n                break\n            time.sleep(self._poll)\n>       raise TimeoutException(message, screen, stacktrace)\nE       selenium.common.exceptions.TimeoutException: Message: \nE       Stacktrace:\nE       #0 0x55b16d03e53a <unknown>\nE       #1 0x55b16cb39f00 <unknown>\nE       #2 0x55b16cb89c0c <unknown>\nE       #3 0x55b16cb89e31 <unknown>\nE       #4 0x55b16cbcfbd4 <unknown>\nE       #5 0x55b16cbae5cd <unknown>\nE       #6 0x55b16cbccf84 <unknown>\nE       #7 0x55b16cbae343 <unknown>\nE       #8 0x55b16cb7b78a <unknown>\nE       #9 0x55b16cb7c9de <unknown>\nE       #10 0x55b16d0082cb <unknown>\nE       #11 0x55b16d00c242 <unknown>\nE       #12 0x55b16cff57ac <unknown>\nE       #13 0x55b16d00cdf7 <unknown>\nE       #14 0x55b16cfd9b2f <unknown>\nE       #15 0x55b16d02d1a8 <unknown>\nE       #16 0x55b16d02d370 <unknown>\nE       #17 0x55b16d03d3b6 <unknown>\nE       #18 0x7ff39529caa4 <unknown>\nE       #19 0x7ff395329c3c <unknown>\n\n.venv/lib/python3.13/site-packages/selenium/webdriver/support/wait.py:138: TimeoutException","steps":[{"name":"public ip address","time":{"start":1756950107397,"stop":1756950107424,"duration":27},"status":"passed","steps":[],"attachments":[{"uid":"f579d7210365c5c3","name":"HTTP logs of http://checkip.amazonaws.com/","source":"f579d7210365c5c3.txt","type":"text/plain","size":355}],"parameters":[],"shouldDisplayMessage":false,"stepsCount":0,"attachmentsCount":1,"hasContent":true,"attachmentStep":false}],"attachments":[{"uid":"9085a8e50c6f43f7","name":"Cookies","source":"9085a8e50c6f43f7.json","type":"application/json","size":4115},{"uid":"8e44378a7f0eb94d","name":"Session Storage","source":"8e44378a7f0eb94d.json","type":"application/json","size":359},{"uid":"1dd063acf43b84bb","name":"Local Storage","source":"1dd063acf43b84bb.json","type":"application/json","size":563},{"uid":"e7f242e59e52642f","name":"Full Page Screenshot","source":"e7f242e59e52642f.png","type":"image/png","size":2031937},{"uid":"6381475172641a97","name":"URL","source":"6381475172641a97.uri","type":"text/uri-list","size":23},{"uid":"6e52c9f535fb153f","name":"Network Logs","source":"6e52c9f535fb153f.json","type":"application/json","size":7928865}],"parameters":[],"shouldDisplayMessage":true,"stepsCount":1,"attachmentsCount":7,"hasContent":true,"attachmentStep":false},"afterStages":[{"name":"session_request::0","time":{"start":1756950153098,"stop":1756950153098,"duration":0},"status":"passed","steps":[],"attachments":[],"parameters":[],"shouldDisplayMessage":false,"stepsCount":0,"attachmentsCount":0,"hasContent":false,"attachmentStep":false}],"labels":[{"name":"severity","value":"normal"},{"name":"story","value":"WorkSpaces Creation and Editing Functionality"},{"name":"epic","value":"Workspaces"},{"name":"parentSuite","value":"tests"},{"name":"suite","value":"workspaces_test"},{"name":"subSuite","value":"TestWorkspaces"},{"name":"host","value":"pkrvm7jw40e0xgp"},{"name":"thread","value":"2256-MainThread"},{"name":"framework","value":"pytest"},{"name":"language","value":"cpython3"},{"name":"package","value":"tests.workspaces_test"},{"name":"resultFormat","value":"allure2"}],"parameters":[],"links":[],"hidden":false,"retry":false,"extra":{"severity":"normal","retries":[],"categories":[{"name":"Test defects","matchedStatuses":[],"flaky":false}],"history":{"statistic":{"failed":0,"broken":3,"skipped":0,"passed":0,"unknown":0,"total":3},"items":[{"uid":"f70b9755c76ad8b1","reportUrl":"https://nirtal85.github.io/Selenium-Python-Example/765//#testresult/f70b9755c76ad8b1","status":"broken","statusDetails":"selenium.common.exceptions.TimeoutException: Message: \nStacktrace:\n#0 0x55a2ce69c53a <unknown>\n#1 0x55a2ce197f00 <unknown>\n#2 0x55a2ce1e7c0c <unknown>\n#3 0x55a2ce1e7e31 <unknown>\n#4 0x55a2ce22dbd4 <unknown>\n#5 0x55a2ce20c5cd <unknown>\n#6 0x55a2ce22af84 <unknown>\n#7 0x55a2ce20c343 <unknown>\n#8 0x55a2ce1d978a <unknown>\n#9 0x55a2ce1da9de <unknown>\n#10 0x55a2ce6662cb <unknown>\n#11 0x55a2ce66a242 <unknown>\n#12 0x55a2ce6537ac <unknown>\n#13 0x55a2ce66adf7 <unknown>\n#14 0x55a2ce637b2f <unknown>\n#15 0x55a2ce68b1a8 <unknown>\n#16 0x55a2ce68b370 <unknown>\n#17 0x55a2ce69b3b6 <unknown>\n#18 0x7f753489caa4 <unknown>\n#19 0x7f7534929c3c <unknown>","time":{"start":1756863670027,"stop":1756863670027,"duration":0}},{"uid":"6bd079aea2d507a8","reportUrl":"https://nirtal85.github.io/Selenium-Python-Example/764//#testresult/6bd079aea2d507a8","status":"broken","statusDetails":"selenium.common.exceptions.TimeoutException: Message: \nStacktrace:\n#0 0x5651d6f7753a <unknown>\n#1 0x5651d6a72f00 <unknown>\n#2 0x5651d6ac2c0c <unknown>\n#3 0x5651d6ac2e31 <unknown>\n#4 0x5651d6b08bd4 <unknown>\n#5 0x5651d6ae75cd <unknown>\n#6 0x5651d6b05f84 <unknown>\n#7 0x5651d6ae7343 <unknown>\n#8 0x5651d6ab478a <unknown>\n#9 0x5651d6ab59de <unknown>\n#10 0x5651d6f412cb <unknown>\n#11 0x5651d6f45242 <unknown>\n#12 0x5651d6f2e7ac <unknown>\n#13 0x5651d6f45df7 <unknown>\n#14 0x5651d6f12b2f <unknown>\n#15 0x5651d6f661a8 <unknown>\n#16 0x5651d6f66370 <unknown>\n#17 0x5651d6f763b6 <unknown>\n#18 0x7fd8c5a9caa4 <unknown>\n#19 0x7fd8c5b29c3c <unknown>","time":{"start":1756777694467,"stop":1756777694467,"duration":0}}]},"tags":[]},"source":"47dea3c3ae65faf4.json","parameterValues":[]}