{"uid":"9890f8c5a246b44f","name":"Create new workspace test","fullName":"tests.workspaces_test.TestWorkspaces#test_create_new_workspace","historyId":"e1f088bc30a040de4100d958931562b3","time":{"start":1753841180187,"stop":1753841180187,"duration":0},"description":"Create new Workspace","descriptionHtml":"<p>Create new Workspace</p>\n","status":"broken","statusMessage":"FileNotFoundError: [Errno 2] No such file or directory: '/home/runner/work/Selenium-Python-Example/Selenium-Python-Example/src/resources/tests_data.json'","statusTrace":"@fixture(scope=\"session\")\n    def data() -> Data:\n        json_path = Constants.DATA_PATH / \"tests_data.json\"\n>       with open(json_path, encoding=\"utf-8\") as json_file:\n             ^^^^^^^^^^^^^^^^^^^^^^^^^^^^^^^^^\nE       FileNotFoundError: [Errno 2] No such file or directory: '/home/runner/work/Selenium-Python-Example/Selenium-Python-Example/src/resources/tests_data.json'\n\ntests/conftest.py:60: FileNotFoundError","flaky":false,"newFailed":false,"newBroken":false,"newPassed":false,"retriesCount":0,"retriesStatusChange":false,"beforeStages":[{"name":"base_url","time":{"start":1753841189533,"stop":1753841189534,"duration":1},"status":"passed","steps":[],"attachments":[],"parameters":[],"shouldDisplayMessage":false,"stepsCount":0,"attachmentsCount":0,"hasContent":false,"attachmentStep":false},{"name":"session_request","time":{"start":1753841189534,"stop":1753841189534,"duration":0},"status":"passed","steps":[],"attachments":[],"parameters":[],"shouldDisplayMessage":false,"stepsCount":0,"attachmentsCount":0,"hasContent":false,"attachmentStep":false},{"name":"_verify_url","time":{"start":1753841189534,"stop":1753841189534,"duration":0},"status":"passed","steps":[],"attachments":[],"parameters":[],"shouldDisplayMessage":false,"stepsCount":0,"attachmentsCount":0,"hasContent":false,"attachmentStep":false},{"name":"data","time":{"start":1753841189534,"stop":1753841189534,"duration":0},"status":"broken","statusMessage":"FileNotFoundError: [Errno 2] No such file or directory: '/home/runner/work/Selenium-Python-Example/Selenium-Python-Example/src/resources/tests_data.json'\n","statusTrace":"  File \"/home/runner/work/Selenium-Python-Example/Selenium-Python-Example/.venv/lib/python3.13/site-packages/pluggy/_callers.py\", line 167, in _multicall\n    teardown.throw(outcome._exception)\n    ~~~~~~~~~~~~~~^^^^^^^^^^^^^^^^^^^^\n  File \"/home/runner/work/Selenium-Python-Example/Selenium-Python-Example/.venv/lib/python3.13/site-packages/_pytest/setuponly.py\", line 36, in pytest_fixture_setup\n    return (yield)\n            ^^^^^\n  File \"/home/runner/work/Selenium-Python-Example/Selenium-Python-Example/.venv/lib/python3.13/site-packages/pluggy/_callers.py\", line 103, in _multicall\n    res = hook_impl.function(*args)\n  File \"/home/runner/work/Selenium-Python-Example/Selenium-Python-Example/.venv/lib/python3.13/site-packages/_pytest/fixtures.py\", line 1195, in pytest_fixture_setup\n    result = call_fixture_func(fixturefunc, request, kwargs)\n  File \"/home/runner/work/Selenium-Python-Example/Selenium-Python-Example/.venv/lib/python3.13/site-packages/_pytest/fixtures.py\", line 929, in call_fixture_func\n    fixture_result = fixturefunc(**kwargs)\n  File \"/home/runner/work/Selenium-Python-Example/Selenium-Python-Example/tests/conftest.py\", line 60, in data\n    with open(json_path, encoding=\"utf-8\") as json_file:\n         ~~~~^^^^^^^^^^^^^^^^^^^^^^^^^^^^^\n","steps":[],"attachments":[],"parameters":[],"shouldDisplayMessage":true,"stepsCount":0,"attachmentsCount":0,"hasContent":true,"attachmentStep":false},{"name":"setup_method_fixture","time":{"start":1753841211426,"stop":1753841221821,"duration":10395},"status":"broken","statusMessage":"selenium.common.exceptions.TimeoutException: Message: \nStacktrace:\n#0 0x5630cd77153a <unknown>\n#1 0x5630cd26cf00 <unknown>\n#2 0x5630cd2bcc0c <unknown>\n#3 0x5630cd2bce31 <unknown>\n#4 0x5630cd302bd4 <unknown>\n#5 0x5630cd2e15cd <unknown>\n#6 0x5630cd2fff84 <unknown>\n#7 0x5630cd2e1343 <unknown>\n#8 0x5630cd2ae78a <unknown>\n#9 0x5630cd2af9de <unknown>\n#10 0x5630cd73b2cb <unknown>\n#11 0x5630cd73f242 <unknown>\n#12 0x5630cd7287ac <unknown>\n#13 0x5630cd73fdf7 <unknown>\n#14 0x5630cd70cb2f <unknown>\n#15 0x5630cd7601a8 <unknown>\n#16 0x5630cd760370 <unknown>\n#17 0x5630cd7703b6 <unknown>\n#18 0x7f32ff09caa4 <unknown>\n#19 0x7f32ff129c3c <unknown>\n\n","statusTrace":"  File \"/home/runner/work/Selenium-Python-Example/Selenium-Python-Example/.venv/lib/python3.13/site-packages/pluggy/_callers.py\", line 167, in _multicall\n    teardown.throw(outcome._exception)\n    ~~~~~~~~~~~~~~^^^^^^^^^^^^^^^^^^^^\n  File \"/home/runner/work/Selenium-Python-Example/Selenium-Python-Example/.venv/lib/python3.13/site-packages/_pytest/setuponly.py\", line 36, in pytest_fixture_setup\n    return (yield)\n            ^^^^^\n  File \"/home/runner/work/Selenium-Python-Example/Selenium-Python-Example/.venv/lib/python3.13/site-packages/pluggy/_callers.py\", line 103, in _multicall\n    res = hook_impl.function(*args)\n  File \"/home/runner/work/Selenium-Python-Example/Selenium-Python-Example/.venv/lib/python3.13/site-packages/_pytest/fixtures.py\", line 1195, in pytest_fixture_setup\n    result = call_fixture_func(fixturefunc, request, kwargs)\n  File \"/home/runner/work/Selenium-Python-Example/Selenium-Python-Example/.venv/lib/python3.13/site-packages/_pytest/fixtures.py\", line 929, in call_fixture_func\n    fixture_result = fixturefunc(**kwargs)\n  File \"/home/runner/work/Selenium-Python-Example/Selenium-Python-Example/tests/workspaces_test.py\", line 25, in setup_method_fixture\n    login(self.about_page, self.login_page)\n    ~~~~~^^^^^^^^^^^^^^^^^^^^^^^^^^^^^^^^^^\n  File \"/home/runner/work/Selenium-Python-Example/Selenium-Python-Example/tests/workspaces_test.py\", line 15, in login\n    about_page.click_login_link()\n    ~~~~~~~~~~~~~~~~~~~~~~~~~~~^^\n  File \"/home/runner/work/Selenium-Python-Example/Selenium-Python-Example/.venv/lib/python3.13/site-packages/allure_commons/_allure.py\", line 202, in impl\n    return func(*a, **kw)\n  File \"/home/runner/work/Selenium-Python-Example/Selenium-Python-Example/src/pages/about_page.py\", line 18, in click_login_link\n    self.click(self.LOGIN_LINK)\n    ~~~~~~~~~~^^^^^^^^^^^^^^^^^\n  File \"/home/runner/work/Selenium-Python-Example/Selenium-Python-Example/src/pages/base_page.py\", line 59, in click\n    el: WebElement = self.wait.until(expected_conditions.element_to_be_clickable(locator))\n                     ~~~~~~~~~~~~~~~^^^^^^^^^^^^^^^^^^^^^^^^^^^^^^^^^^^^^^^^^^^^^^^^^^^^^^\n  File \"/home/runner/work/Selenium-Python-Example/Selenium-Python-Example/.venv/lib/python3.13/site-packages/selenium/webdriver/support/wait.py\", line 138, in until\n    raise TimeoutException(message, screen, stacktrace)\n","steps":[{"name":"Click Login link","time":{"start":1753841211426,"stop":1753841221820,"duration":10394},"status":"broken","statusMessage":"selenium.common.exceptions.TimeoutException: Message: \nStacktrace:\n#0 0x5630cd77153a <unknown>\n#1 0x5630cd26cf00 <unknown>\n#2 0x5630cd2bcc0c <unknown>\n#3 0x5630cd2bce31 <unknown>\n#4 0x5630cd302bd4 <unknown>\n#5 0x5630cd2e15cd <unknown>\n#6 0x5630cd2fff84 <unknown>\n#7 0x5630cd2e1343 <unknown>\n#8 0x5630cd2ae78a <unknown>\n#9 0x5630cd2af9de <unknown>\n#10 0x5630cd73b2cb <unknown>\n#11 0x5630cd73f242 <unknown>\n#12 0x5630cd7287ac <unknown>\n#13 0x5630cd73fdf7 <unknown>\n#14 0x5630cd70cb2f <unknown>\n#15 0x5630cd7601a8 <unknown>\n#16 0x5630cd760370 <unknown>\n#17 0x5630cd7703b6 <unknown>\n#18 0x7f32ff09caa4 <unknown>\n#19 0x7f32ff129c3c <unknown>\n\n","statusTrace":"  File \"/home/runner/work/Selenium-Python-Example/Selenium-Python-Example/.venv/lib/python3.13/site-packages/allure_commons/_allure.py\", line 202, in impl\n    return func(*a, **kw)\n  File \"/home/runner/work/Selenium-Python-Example/Selenium-Python-Example/src/pages/about_page.py\", line 18, in click_login_link\n    self.click(self.LOGIN_LINK)\n    ~~~~~~~~~~^^^^^^^^^^^^^^^^^\n  File \"/home/runner/work/Selenium-Python-Example/Selenium-Python-Example/src/pages/base_page.py\", line 59, in click\n    el: WebElement = self.wait.until(expected_conditions.element_to_be_clickable(locator))\n                     ~~~~~~~~~~~~~~~^^^^^^^^^^^^^^^^^^^^^^^^^^^^^^^^^^^^^^^^^^^^^^^^^^^^^^\n  File \"/home/runner/work/Selenium-Python-Example/Selenium-Python-Example/.venv/lib/python3.13/site-packages/selenium/webdriver/support/wait.py\", line 138, in until\n    raise TimeoutException(message, screen, stacktrace)\n","steps":[],"attachments":[],"parameters":[],"shouldDisplayMessage":true,"stepsCount":0,"attachmentsCount":0,"hasContent":true,"attachmentStep":false}],"attachments":[],"parameters":[],"shouldDisplayMessage":false,"stepsCount":1,"attachmentsCount":0,"hasContent":true,"attachmentStep":false}],"testStage":{"description":"Create new Workspace","status":"broken","statusMessage":"FileNotFoundError: [Errno 2] No such file or directory: '/home/runner/work/Selenium-Python-Example/Selenium-Python-Example/src/resources/tests_data.json'","statusTrace":"@fixture(scope=\"session\")\n    def data() -> Data:\n        json_path = Constants.DATA_PATH / \"tests_data.json\"\n>       with open(json_path, encoding=\"utf-8\") as json_file:\n             ^^^^^^^^^^^^^^^^^^^^^^^^^^^^^^^^^\nE       FileNotFoundError: [Errno 2] No such file or directory: '/home/runner/work/Selenium-Python-Example/Selenium-Python-Example/src/resources/tests_data.json'\n\ntests/conftest.py:60: FileNotFoundError","steps":[{"name":"public ip address","time":{"start":1753841189605,"stop":1753841189622,"duration":17},"status":"passed","steps":[],"attachments":[{"uid":"c1dceb47592bede6","name":"HTTP logs of http://checkip.amazonaws.com/","source":"c1dceb47592bede6.txt","type":"text/plain","size":358}],"parameters":[],"shouldDisplayMessage":false,"stepsCount":0,"attachmentsCount":1,"hasContent":true,"attachmentStep":false}],"attachments":[{"uid":"56194bb74d885edd","name":"Cookies","source":"56194bb74d885edd.json","type":"application/json","size":4115},{"uid":"f2e373c6f1d93094","name":"Session Storage","source":"f2e373c6f1d93094.json","type":"application/json","size":358},{"uid":"ba062fe094fe8c08","name":"Local Storage","source":"ba062fe094fe8c08.json","type":"application/json","size":548},{"uid":"b872c068fdeeb5bc","name":"Full Page Screenshot","source":"b872c068fdeeb5bc.png","type":"image/png","size":2034865},{"uid":"caa7bc785865c834","name":"URL","source":"caa7bc785865c834.uri","type":"text/uri-list","size":23},{"uid":"8a9d67d20ab1df7b","name":"Network Logs","source":"8a9d67d20ab1df7b.json","type":"application/json","size":10189384}],"parameters":[],"shouldDisplayMessage":true,"stepsCount":1,"attachmentsCount":7,"hasContent":true,"attachmentStep":false},"afterStages":[{"name":"session_request::0","time":{"start":1753841267752,"stop":1753841267752,"duration":0},"status":"passed","steps":[],"attachments":[],"parameters":[],"shouldDisplayMessage":false,"stepsCount":0,"attachmentsCount":0,"hasContent":false,"attachmentStep":false}],"labels":[{"name":"story","value":"WorkSpaces Creation and Editing Functionality"},{"name":"severity","value":"normal"},{"name":"epic","value":"Workspaces"},{"name":"parentSuite","value":"tests"},{"name":"suite","value":"workspaces_test"},{"name":"subSuite","value":"TestWorkspaces"},{"name":"host","value":"pkrvmpptgkbjq6m"},{"name":"thread","value":"2183-MainThread"},{"name":"framework","value":"pytest"},{"name":"language","value":"cpython3"},{"name":"package","value":"tests.workspaces_test"},{"name":"resultFormat","value":"allure2"}],"parameters":[],"links":[],"hidden":false,"retry":false,"extra":{"severity":"normal","retries":[],"categories":[{"name":"Test defects","matchedStatuses":[],"flaky":false}],"history":{"statistic":{"failed":0,"broken":30,"skipped":0,"passed":0,"unknown":0,"total":30},"items":[{"uid":"4f7a7e73b39f7159","reportUrl":"https://nirtal85.github.io/Selenium-Python-Example/729//#testresult/4f7a7e73b39f7159","status":"broken","statusDetails":"FileNotFoundError: [Errno 2] No such file or directory: '/home/runner/work/Selenium-Python-Example/Selenium-Python-Example/src/resources/tests_data.json'","time":{"start":1753755694059,"stop":1753755694059,"duration":0}},{"uid":"ab8e33e26c3cb805","reportUrl":"https://nirtal85.github.io/Selenium-Python-Example/728//#testresult/ab8e33e26c3cb805","status":"broken","statusDetails":"FileNotFoundError: [Errno 2] No such file or directory: '/home/runner/work/Selenium-Python-Example/Selenium-Python-Example/src/resources/tests_data.json'","time":{"start":1753668623245,"stop":1753668623245,"duration":0}},{"uid":"e4e111697e1cce3c","reportUrl":"https://nirtal85.github.io/Selenium-Python-Example/727//#testresult/e4e111697e1cce3c","status":"broken","statusDetails":"FileNotFoundError: [Errno 2] No such file or directory: '/home/runner/work/Selenium-Python-Example/Selenium-Python-Example/src/resources/tests_data.json'","time":{"start":1753582740523,"stop":1753582740523,"duration":0}},{"uid":"ecc8d14f6e1d662","reportUrl":"https://nirtal85.github.io/Selenium-Python-Example/726//#testresult/ecc8d14f6e1d662","status":"broken","statusDetails":"FileNotFoundError: [Errno 2] No such file or directory: '/home/runner/work/Selenium-Python-Example/Selenium-Python-Example/src/resources/tests_data.json'","time":{"start":1753495175082,"stop":1753495175082,"duration":0}},{"uid":"1235f83cba26f555","reportUrl":"https://nirtal85.github.io/Selenium-Python-Example/725//#testresult/1235f83cba26f555","status":"broken","statusDetails":"FileNotFoundError: [Errno 2] No such file or directory: '/home/runner/work/Selenium-Python-Example/Selenium-Python-Example/src/resources/tests_data.json'","time":{"start":1753409004635,"stop":1753409004635,"duration":0}},{"uid":"d82b66b40d417ab5","reportUrl":"https://nirtal85.github.io/Selenium-Python-Example/724//#testresult/d82b66b40d417ab5","status":"broken","statusDetails":"FileNotFoundError: [Errno 2] No such file or directory: '/home/runner/work/Selenium-Python-Example/Selenium-Python-Example/src/resources/tests_data.json'","time":{"start":1753322625346,"stop":1753322625346,"duration":0}},{"uid":"1839428e79e987e9","reportUrl":"https://nirtal85.github.io/Selenium-Python-Example/723//#testresult/1839428e79e987e9","status":"broken","statusDetails":"FileNotFoundError: [Errno 2] No such file or directory: '/home/runner/work/Selenium-Python-Example/Selenium-Python-Example/src/resources/tests_data.json'","time":{"start":1753236270821,"stop":1753236270821,"duration":0}},{"uid":"9eb9251b15751d7b","reportUrl":"https://nirtal85.github.io/Selenium-Python-Example/722//#testresult/9eb9251b15751d7b","status":"broken","statusDetails":"FileNotFoundError: [Errno 2] No such file or directory: '/home/runner/work/Selenium-Python-Example/Selenium-Python-Example/src/resources/tests_data.json'","time":{"start":1753149810676,"stop":1753149810676,"duration":0}},{"uid":"fb432e31ec311ec6","reportUrl":"https://nirtal85.github.io/Selenium-Python-Example/721//#testresult/fb432e31ec311ec6","status":"broken","statusDetails":"FileNotFoundError: [Errno 2] No such file or directory: '/home/runner/work/Selenium-Python-Example/Selenium-Python-Example/src/resources/tests_data.json'","time":{"start":1753063752192,"stop":1753063752192,"duration":0}},{"uid":"4d49a2fe50ab0041","reportUrl":"https://nirtal85.github.io/Selenium-Python-Example/720//#testresult/4d49a2fe50ab0041","status":"broken","statusDetails":"FileNotFoundError: [Errno 2] No such file or directory: '/home/runner/work/Selenium-Python-Example/Selenium-Python-Example/src/resources/tests_data.json'","time":{"start":1752977527762,"stop":1752977527762,"duration":0}},{"uid":"a41ca7d2c22171b5","reportUrl":"https://nirtal85.github.io/Selenium-Python-Example/719//#testresult/a41ca7d2c22171b5","status":"broken","statusDetails":"FileNotFoundError: [Errno 2] No such file or directory: '/home/runner/work/Selenium-Python-Example/Selenium-Python-Example/src/resources/tests_data.json'","time":{"start":1752890306581,"stop":1752890306581,"duration":0}},{"uid":"1ae56f28c490e330","reportUrl":"https://nirtal85.github.io/Selenium-Python-Example/718//#testresult/1ae56f28c490e330","status":"broken","statusDetails":"FileNotFoundError: [Errno 2] No such file or directory: '/home/runner/work/Selenium-Python-Example/Selenium-Python-Example/src/resources/tests_data.json'","time":{"start":1752804265357,"stop":1752804265357,"duration":0}},{"uid":"612ac83e1d4dad88","reportUrl":"https://nirtal85.github.io/Selenium-Python-Example/717//#testresult/612ac83e1d4dad88","status":"broken","statusDetails":"FileNotFoundError: [Errno 2] No such file or directory: '/home/runner/work/Selenium-Python-Example/Selenium-Python-Example/src/resources/tests_data.json'","time":{"start":1752717771781,"stop":1752717771781,"duration":0}},{"uid":"6fd43da566c86a44","reportUrl":"https://nirtal85.github.io/Selenium-Python-Example/716//#testresult/6fd43da566c86a44","status":"broken","statusDetails":"FileNotFoundError: [Errno 2] No such file or directory: '/home/runner/work/Selenium-Python-Example/Selenium-Python-Example/src/resources/tests_data.json'","time":{"start":1752631347974,"stop":1752631347974,"duration":0}},{"uid":"de370772ebf4b035","reportUrl":"https://nirtal85.github.io/Selenium-Python-Example/715//#testresult/de370772ebf4b035","status":"broken","statusDetails":"FileNotFoundError: [Errno 2] No such file or directory: '/home/runner/work/Selenium-Python-Example/Selenium-Python-Example/src/resources/tests_data.json'","time":{"start":1752545136890,"stop":1752545136890,"duration":0}},{"uid":"a6203d3008f56768","reportUrl":"https://nirtal85.github.io/Selenium-Python-Example/714//#testresult/a6203d3008f56768","status":"broken","statusDetails":"FileNotFoundError: [Errno 2] No such file or directory: '/home/runner/work/Selenium-Python-Example/Selenium-Python-Example/src/resources/tests_data.json'","time":{"start":1752458749746,"stop":1752458749746,"duration":0}},{"uid":"c851273733774976","reportUrl":"https://nirtal85.github.io/Selenium-Python-Example/713//#testresult/c851273733774976","status":"broken","statusDetails":"FileNotFoundError: [Errno 2] No such file or directory: '/home/runner/work/Selenium-Python-Example/Selenium-Python-Example/src/resources/tests_data.json'","time":{"start":1752372622279,"stop":1752372622279,"duration":0}},{"uid":"2203a676d071b581","reportUrl":"https://nirtal85.github.io/Selenium-Python-Example/712//#testresult/2203a676d071b581","status":"broken","statusDetails":"FileNotFoundError: [Errno 2] No such file or directory: '/home/runner/work/Selenium-Python-Example/Selenium-Python-Example/src/resources/tests_data.json'","time":{"start":1752285713626,"stop":1752285713626,"duration":0}},{"uid":"8ef9ed10c5156ccf","reportUrl":"https://nirtal85.github.io/Selenium-Python-Example/711//#testresult/8ef9ed10c5156ccf","status":"broken","statusDetails":"FileNotFoundError: [Errno 2] No such file or directory: '/home/runner/work/Selenium-Python-Example/Selenium-Python-Example/src/resources/tests_data.json'","time":{"start":1752199275722,"stop":1752199275722,"duration":0}},{"uid":"b7b8f1bb97087f69","reportUrl":"https://nirtal85.github.io/Selenium-Python-Example/710//#testresult/b7b8f1bb97087f69","status":"broken","statusDetails":"FileNotFoundError: [Errno 2] No such file or directory: '/home/runner/work/Selenium-Python-Example/Selenium-Python-Example/src/resources/tests_data.json'","time":{"start":1752112726576,"stop":1752112726576,"duration":0}}]},"tags":[]},"source":"9890f8c5a246b44f.json","parameterValues":[]}