{"uid":"77b6d52f60a59e7a","name":"Number of projects displayed in page test","fullName":"tests.workspaces_test.TestWorkspaces#test_number_of_existing_projects","historyId":"34e866e263d4a1ed453e065aefe8091d","time":{"start":1757209772023,"stop":1757209772023,"duration":0},"description":"Compare between the actual number of projects seen on page and the number shown in workspaces block","descriptionHtml":"<p>Compare between the actual number of projects seen on page and the number shown in workspaces block</p>\n","status":"broken","statusMessage":"selenium.common.exceptions.TimeoutException: Message: \nStacktrace:\n#0 0x558c7a2f153a <unknown>\n#1 0x558c79decf00 <unknown>\n#2 0x558c79e3cc0c <unknown>\n#3 0x558c79e3ce31 <unknown>\n#4 0x558c79e82bd4 <unknown>\n#5 0x558c79e615cd <unknown>\n#6 0x558c79e7ff84 <unknown>\n#7 0x558c79e61343 <unknown>\n#8 0x558c79e2e78a <unknown>\n#9 0x558c79e2f9de <unknown>\n#10 0x558c7a2bb2cb <unknown>\n#11 0x558c7a2bf242 <unknown>\n#12 0x558c7a2a87ac <unknown>\n#13 0x558c7a2bfdf7 <unknown>\n#14 0x558c7a28cb2f <unknown>\n#15 0x558c7a2e01a8 <unknown>\n#16 0x558c7a2e0370 <unknown>\n#17 0x558c7a2f03b6 <unknown>\n#18 0x7f0a89c9caa4 <unknown>\n#19 0x7f0a89d29c3c <unknown>","statusTrace":"self = <tests.workspaces_test.TestWorkspaces object at 0x7fcc31e77100>\n\n    @pytest.fixture(autouse=True)\n    def setup_method_fixture(self):\n>       login(self.about_page, self.login_page)\n\ntests/workspaces_test.py:25: \n_ _ _ _ _ _ _ _ _ _ _ _ _ _ _ _ _ _ _ _ _ _ _ _ _ _ _ _ _ _ _ _ _ _ _ _ _ _ _ _ \ntests/workspaces_test.py:15: in login\n    about_page.click_login_link()\nsrc/pages/about_page.py:18: in click_login_link\n    self.click(self.LOGIN_LINK)\nsrc/pages/base_page.py:59: in click\n    el: WebElement = self.wait.until(expected_conditions.element_to_be_clickable(locator))\n                     ^^^^^^^^^^^^^^^^^^^^^^^^^^^^^^^^^^^^^^^^^^^^^^^^^^^^^^^^^^^^^^^^^^^^^\n_ _ _ _ _ _ _ _ _ _ _ _ _ _ _ _ _ _ _ _ _ _ _ _ _ _ _ _ _ _ _ _ _ _ _ _ _ _ _ _ \n\nself = <selenium.webdriver.support.wait.WebDriverWait (session=\"896f8a6a6f2d99de7b434c9450e73a06\")>\nmethod = <function element_to_be_clickable.<locals>._predicate at 0x7fcc31f69580>\nmessage = ''\n\n    def until(self, method: Callable[[D], Union[Literal[False], T]], message: str = \"\") -> T:\n        \"\"\"Wait until the method returns a value that is not False.\n    \n        Calls the method provided with the driver as an argument until the\n        return value does not evaluate to ``False``.\n    \n        Parameters:\n        -----------\n        method: callable(WebDriver)\n            - A callable object that takes a WebDriver instance as an argument.\n    \n        message: str\n            - Optional message for :exc:`TimeoutException`\n    \n        Return:\n        -------\n        object: T\n            - The result of the last call to `method`\n    \n        Raises:\n        -------\n        TimeoutException\n            - If 'method' does not return a truthy value within the WebDriverWait\n            object's timeout\n    \n        Example:\n        --------\n        >>> from selenium.webdriver.common.by import By\n        >>> from selenium.webdriver.support.ui import WebDriverWait\n        >>> from selenium.webdriver.support import expected_conditions as EC\n    \n        # Wait until an element is visible on the page\n        >>> wait = WebDriverWait(driver, 10)\n        >>> element = wait.until(EC.visibility_of_element_located((By.ID, \"exampleId\")))\n        >>> print(element.text)\n        \"\"\"\n        screen = None\n        stacktrace = None\n    \n        end_time = time.monotonic() + self._timeout\n        while True:\n            try:\n                value = method(self._driver)\n                if value:\n                    return value\n            except self._ignored_exceptions as exc:\n                screen = getattr(exc, \"screen\", None)\n                stacktrace = getattr(exc, \"stacktrace\", None)\n            if time.monotonic() > end_time:\n                break\n            time.sleep(self._poll)\n>       raise TimeoutException(message, screen, stacktrace)\nE       selenium.common.exceptions.TimeoutException: Message: \nE       Stacktrace:\nE       #0 0x558c7a2f153a <unknown>\nE       #1 0x558c79decf00 <unknown>\nE       #2 0x558c79e3cc0c <unknown>\nE       #3 0x558c79e3ce31 <unknown>\nE       #4 0x558c79e82bd4 <unknown>\nE       #5 0x558c79e615cd <unknown>\nE       #6 0x558c79e7ff84 <unknown>\nE       #7 0x558c79e61343 <unknown>\nE       #8 0x558c79e2e78a <unknown>\nE       #9 0x558c79e2f9de <unknown>\nE       #10 0x558c7a2bb2cb <unknown>\nE       #11 0x558c7a2bf242 <unknown>\nE       #12 0x558c7a2a87ac <unknown>\nE       #13 0x558c7a2bfdf7 <unknown>\nE       #14 0x558c7a28cb2f <unknown>\nE       #15 0x558c7a2e01a8 <unknown>\nE       #16 0x558c7a2e0370 <unknown>\nE       #17 0x558c7a2f03b6 <unknown>\nE       #18 0x7f0a89c9caa4 <unknown>\nE       #19 0x7f0a89d29c3c <unknown>\n\n.venv/lib/python3.13/site-packages/selenium/webdriver/support/wait.py:138: TimeoutException","flaky":false,"newFailed":false,"newBroken":false,"newPassed":false,"retriesCount":0,"retriesStatusChange":false,"beforeStages":[{"name":"base_url","time":{"start":1757209738237,"stop":1757209738238,"duration":1},"status":"passed","steps":[],"attachments":[],"parameters":[],"shouldDisplayMessage":false,"stepsCount":0,"attachmentsCount":0,"hasContent":false,"attachmentStep":false},{"name":"session_request","time":{"start":1757209738238,"stop":1757209738238,"duration":0},"status":"passed","steps":[],"attachments":[],"parameters":[],"shouldDisplayMessage":false,"stepsCount":0,"attachmentsCount":0,"hasContent":false,"attachmentStep":false},{"name":"_verify_url","time":{"start":1757209738238,"stop":1757209738238,"duration":0},"status":"passed","steps":[],"attachments":[],"parameters":[],"shouldDisplayMessage":false,"stepsCount":0,"attachmentsCount":0,"hasContent":false,"attachmentStep":false},{"name":"setup_method_fixture","time":{"start":1757209775075,"stop":1757209785480,"duration":10405},"status":"broken","statusMessage":"selenium.common.exceptions.TimeoutException: Message: \nStacktrace:\n#0 0x558c7a2f153a <unknown>\n#1 0x558c79decf00 <unknown>\n#2 0x558c79e3cc0c <unknown>\n#3 0x558c79e3ce31 <unknown>\n#4 0x558c79e82bd4 <unknown>\n#5 0x558c79e615cd <unknown>\n#6 0x558c79e7ff84 <unknown>\n#7 0x558c79e61343 <unknown>\n#8 0x558c79e2e78a <unknown>\n#9 0x558c79e2f9de <unknown>\n#10 0x558c7a2bb2cb <unknown>\n#11 0x558c7a2bf242 <unknown>\n#12 0x558c7a2a87ac <unknown>\n#13 0x558c7a2bfdf7 <unknown>\n#14 0x558c7a28cb2f <unknown>\n#15 0x558c7a2e01a8 <unknown>\n#16 0x558c7a2e0370 <unknown>\n#17 0x558c7a2f03b6 <unknown>\n#18 0x7f0a89c9caa4 <unknown>\n#19 0x7f0a89d29c3c <unknown>\n\n","statusTrace":"  File \"/home/runner/work/Selenium-Python-Example/Selenium-Python-Example/.venv/lib/python3.13/site-packages/pluggy/_callers.py\", line 167, in _multicall\n    teardown.throw(outcome._exception)\n    ~~~~~~~~~~~~~~^^^^^^^^^^^^^^^^^^^^\n  File \"/home/runner/work/Selenium-Python-Example/Selenium-Python-Example/.venv/lib/python3.13/site-packages/_pytest/setuponly.py\", line 36, in pytest_fixture_setup\n    return (yield)\n            ^^^^^\n  File \"/home/runner/work/Selenium-Python-Example/Selenium-Python-Example/.venv/lib/python3.13/site-packages/pluggy/_callers.py\", line 103, in _multicall\n    res = hook_impl.function(*args)\n  File \"/home/runner/work/Selenium-Python-Example/Selenium-Python-Example/.venv/lib/python3.13/site-packages/_pytest/fixtures.py\", line 1195, in pytest_fixture_setup\n    result = call_fixture_func(fixturefunc, request, kwargs)\n  File \"/home/runner/work/Selenium-Python-Example/Selenium-Python-Example/.venv/lib/python3.13/site-packages/_pytest/fixtures.py\", line 929, in call_fixture_func\n    fixture_result = fixturefunc(**kwargs)\n  File \"/home/runner/work/Selenium-Python-Example/Selenium-Python-Example/tests/workspaces_test.py\", line 25, in setup_method_fixture\n    login(self.about_page, self.login_page)\n    ~~~~~^^^^^^^^^^^^^^^^^^^^^^^^^^^^^^^^^^\n  File \"/home/runner/work/Selenium-Python-Example/Selenium-Python-Example/tests/workspaces_test.py\", line 15, in login\n    about_page.click_login_link()\n    ~~~~~~~~~~~~~~~~~~~~~~~~~~~^^\n  File \"/home/runner/work/Selenium-Python-Example/Selenium-Python-Example/.venv/lib/python3.13/site-packages/allure_commons/_allure.py\", line 202, in impl\n    return func(*a, **kw)\n  File \"/home/runner/work/Selenium-Python-Example/Selenium-Python-Example/src/pages/about_page.py\", line 18, in click_login_link\n    self.click(self.LOGIN_LINK)\n    ~~~~~~~~~~^^^^^^^^^^^^^^^^^\n  File \"/home/runner/work/Selenium-Python-Example/Selenium-Python-Example/src/pages/base_page.py\", line 59, in click\n    el: WebElement = self.wait.until(expected_conditions.element_to_be_clickable(locator))\n                     ~~~~~~~~~~~~~~~^^^^^^^^^^^^^^^^^^^^^^^^^^^^^^^^^^^^^^^^^^^^^^^^^^^^^^\n  File \"/home/runner/work/Selenium-Python-Example/Selenium-Python-Example/.venv/lib/python3.13/site-packages/selenium/webdriver/support/wait.py\", line 138, in until\n    raise TimeoutException(message, screen, stacktrace)\n","steps":[{"name":"Click Login link","time":{"start":1757209775076,"stop":1757209785479,"duration":10403},"status":"broken","statusMessage":"selenium.common.exceptions.TimeoutException: Message: \nStacktrace:\n#0 0x558c7a2f153a <unknown>\n#1 0x558c79decf00 <unknown>\n#2 0x558c79e3cc0c <unknown>\n#3 0x558c79e3ce31 <unknown>\n#4 0x558c79e82bd4 <unknown>\n#5 0x558c79e615cd <unknown>\n#6 0x558c79e7ff84 <unknown>\n#7 0x558c79e61343 <unknown>\n#8 0x558c79e2e78a <unknown>\n#9 0x558c79e2f9de <unknown>\n#10 0x558c7a2bb2cb <unknown>\n#11 0x558c7a2bf242 <unknown>\n#12 0x558c7a2a87ac <unknown>\n#13 0x558c7a2bfdf7 <unknown>\n#14 0x558c7a28cb2f <unknown>\n#15 0x558c7a2e01a8 <unknown>\n#16 0x558c7a2e0370 <unknown>\n#17 0x558c7a2f03b6 <unknown>\n#18 0x7f0a89c9caa4 <unknown>\n#19 0x7f0a89d29c3c <unknown>\n\n","statusTrace":"  File \"/home/runner/work/Selenium-Python-Example/Selenium-Python-Example/.venv/lib/python3.13/site-packages/allure_commons/_allure.py\", line 202, in impl\n    return func(*a, **kw)\n  File \"/home/runner/work/Selenium-Python-Example/Selenium-Python-Example/src/pages/about_page.py\", line 18, in click_login_link\n    self.click(self.LOGIN_LINK)\n    ~~~~~~~~~~^^^^^^^^^^^^^^^^^\n  File \"/home/runner/work/Selenium-Python-Example/Selenium-Python-Example/src/pages/base_page.py\", line 59, in click\n    el: WebElement = self.wait.until(expected_conditions.element_to_be_clickable(locator))\n                     ~~~~~~~~~~~~~~~^^^^^^^^^^^^^^^^^^^^^^^^^^^^^^^^^^^^^^^^^^^^^^^^^^^^^^\n  File \"/home/runner/work/Selenium-Python-Example/Selenium-Python-Example/.venv/lib/python3.13/site-packages/selenium/webdriver/support/wait.py\", line 138, in until\n    raise TimeoutException(message, screen, stacktrace)\n","steps":[],"attachments":[],"parameters":[],"shouldDisplayMessage":true,"stepsCount":0,"attachmentsCount":0,"hasContent":true,"attachmentStep":false}],"attachments":[],"parameters":[],"shouldDisplayMessage":false,"stepsCount":1,"attachmentsCount":0,"hasContent":true,"attachmentStep":false}],"testStage":{"description":"Compare between the actual number of projects seen on page and the number shown in workspaces block","status":"broken","statusMessage":"selenium.common.exceptions.TimeoutException: Message: \nStacktrace:\n#0 0x558c7a2f153a <unknown>\n#1 0x558c79decf00 <unknown>\n#2 0x558c79e3cc0c <unknown>\n#3 0x558c79e3ce31 <unknown>\n#4 0x558c79e82bd4 <unknown>\n#5 0x558c79e615cd <unknown>\n#6 0x558c79e7ff84 <unknown>\n#7 0x558c79e61343 <unknown>\n#8 0x558c79e2e78a <unknown>\n#9 0x558c79e2f9de <unknown>\n#10 0x558c7a2bb2cb <unknown>\n#11 0x558c7a2bf242 <unknown>\n#12 0x558c7a2a87ac <unknown>\n#13 0x558c7a2bfdf7 <unknown>\n#14 0x558c7a28cb2f <unknown>\n#15 0x558c7a2e01a8 <unknown>\n#16 0x558c7a2e0370 <unknown>\n#17 0x558c7a2f03b6 <unknown>\n#18 0x7f0a89c9caa4 <unknown>\n#19 0x7f0a89d29c3c <unknown>","statusTrace":"self = <tests.workspaces_test.TestWorkspaces object at 0x7fcc31e77100>\n\n    @pytest.fixture(autouse=True)\n    def setup_method_fixture(self):\n>       login(self.about_page, self.login_page)\n\ntests/workspaces_test.py:25: \n_ _ _ _ _ _ _ _ _ _ _ _ _ _ _ _ _ _ _ _ _ _ _ _ _ _ _ _ _ _ _ _ _ _ _ _ _ _ _ _ \ntests/workspaces_test.py:15: in login\n    about_page.click_login_link()\nsrc/pages/about_page.py:18: in click_login_link\n    self.click(self.LOGIN_LINK)\nsrc/pages/base_page.py:59: in click\n    el: WebElement = self.wait.until(expected_conditions.element_to_be_clickable(locator))\n                     ^^^^^^^^^^^^^^^^^^^^^^^^^^^^^^^^^^^^^^^^^^^^^^^^^^^^^^^^^^^^^^^^^^^^^\n_ _ _ _ _ _ _ _ _ _ _ _ _ _ _ _ _ _ _ _ _ _ _ _ _ _ _ _ _ _ _ _ _ _ _ _ _ _ _ _ \n\nself = <selenium.webdriver.support.wait.WebDriverWait (session=\"896f8a6a6f2d99de7b434c9450e73a06\")>\nmethod = <function element_to_be_clickable.<locals>._predicate at 0x7fcc31f69580>\nmessage = ''\n\n    def until(self, method: Callable[[D], Union[Literal[False], T]], message: str = \"\") -> T:\n        \"\"\"Wait until the method returns a value that is not False.\n    \n        Calls the method provided with the driver as an argument until the\n        return value does not evaluate to ``False``.\n    \n        Parameters:\n        -----------\n        method: callable(WebDriver)\n            - A callable object that takes a WebDriver instance as an argument.\n    \n        message: str\n            - Optional message for :exc:`TimeoutException`\n    \n        Return:\n        -------\n        object: T\n            - The result of the last call to `method`\n    \n        Raises:\n        -------\n        TimeoutException\n            - If 'method' does not return a truthy value within the WebDriverWait\n            object's timeout\n    \n        Example:\n        --------\n        >>> from selenium.webdriver.common.by import By\n        >>> from selenium.webdriver.support.ui import WebDriverWait\n        >>> from selenium.webdriver.support import expected_conditions as EC\n    \n        # Wait until an element is visible on the page\n        >>> wait = WebDriverWait(driver, 10)\n        >>> element = wait.until(EC.visibility_of_element_located((By.ID, \"exampleId\")))\n        >>> print(element.text)\n        \"\"\"\n        screen = None\n        stacktrace = None\n    \n        end_time = time.monotonic() + self._timeout\n        while True:\n            try:\n                value = method(self._driver)\n                if value:\n                    return value\n            except self._ignored_exceptions as exc:\n                screen = getattr(exc, \"screen\", None)\n                stacktrace = getattr(exc, \"stacktrace\", None)\n            if time.monotonic() > end_time:\n                break\n            time.sleep(self._poll)\n>       raise TimeoutException(message, screen, stacktrace)\nE       selenium.common.exceptions.TimeoutException: Message: \nE       Stacktrace:\nE       #0 0x558c7a2f153a <unknown>\nE       #1 0x558c79decf00 <unknown>\nE       #2 0x558c79e3cc0c <unknown>\nE       #3 0x558c79e3ce31 <unknown>\nE       #4 0x558c79e82bd4 <unknown>\nE       #5 0x558c79e615cd <unknown>\nE       #6 0x558c79e7ff84 <unknown>\nE       #7 0x558c79e61343 <unknown>\nE       #8 0x558c79e2e78a <unknown>\nE       #9 0x558c79e2f9de <unknown>\nE       #10 0x558c7a2bb2cb <unknown>\nE       #11 0x558c7a2bf242 <unknown>\nE       #12 0x558c7a2a87ac <unknown>\nE       #13 0x558c7a2bfdf7 <unknown>\nE       #14 0x558c7a28cb2f <unknown>\nE       #15 0x558c7a2e01a8 <unknown>\nE       #16 0x558c7a2e0370 <unknown>\nE       #17 0x558c7a2f03b6 <unknown>\nE       #18 0x7f0a89c9caa4 <unknown>\nE       #19 0x7f0a89d29c3c <unknown>\n\n.venv/lib/python3.13/site-packages/selenium/webdriver/support/wait.py:138: TimeoutException","steps":[{"name":"public ip address","time":{"start":1757209785492,"stop":1757209785708,"duration":216},"status":"passed","steps":[],"attachments":[{"uid":"2e44d23f76640dbd","name":"HTTP logs of http://checkip.amazonaws.com/","source":"2e44d23f76640dbd.txt","type":"text/plain","size":358}],"parameters":[],"shouldDisplayMessage":false,"stepsCount":0,"attachmentsCount":1,"hasContent":true,"attachmentStep":false}],"attachments":[{"uid":"c0a325ef95842cd5","name":"Cookies","source":"c0a325ef95842cd5.json","type":"application/json","size":4118},{"uid":"d57a475945beb55f","name":"Session Storage","source":"d57a475945beb55f.json","type":"application/json","size":359},{"uid":"aba8362642bbcde2","name":"Local Storage","source":"aba8362642bbcde2.json","type":"application/json","size":563},{"uid":"ba7283df15745e05","name":"Full Page Screenshot","source":"ba7283df15745e05.png","type":"image/png","size":1921402},{"uid":"2624d8ef75140e23","name":"URL","source":"2624d8ef75140e23.uri","type":"text/uri-list","size":23},{"uid":"76f7b43f9cb0f94d","name":"Network Logs","source":"76f7b43f9cb0f94d.json","type":"application/json","size":7928871}],"parameters":[],"shouldDisplayMessage":true,"stepsCount":1,"attachmentsCount":7,"hasContent":true,"attachmentStep":false},"afterStages":[{"name":"session_request::0","time":{"start":1757209816924,"stop":1757209816925,"duration":1},"status":"passed","steps":[],"attachments":[],"parameters":[],"shouldDisplayMessage":false,"stepsCount":0,"attachmentsCount":0,"hasContent":false,"attachmentStep":false}],"labels":[{"name":"epic","value":"Workspaces"},{"name":"story","value":"WorkSpaces Creation and Editing Functionality"},{"name":"severity","value":"normal"},{"name":"parentSuite","value":"tests"},{"name":"suite","value":"workspaces_test"},{"name":"subSuite","value":"TestWorkspaces"},{"name":"host","value":"pkrvm7jw40e0xgp"},{"name":"thread","value":"2155-MainThread"},{"name":"framework","value":"pytest"},{"name":"language","value":"cpython3"},{"name":"package","value":"tests.workspaces_test"},{"name":"resultFormat","value":"allure2"}],"parameters":[],"links":[],"hidden":false,"retry":false,"extra":{"severity":"normal","retries":[],"categories":[{"name":"Test defects","matchedStatuses":[],"flaky":false}],"history":{"statistic":{"failed":0,"broken":6,"skipped":0,"passed":0,"unknown":0,"total":6},"items":[{"uid":"8397a113b23bf774","reportUrl":"https://nirtal85.github.io/Selenium-Python-Example/768//#testresult/8397a113b23bf774","status":"broken","statusDetails":"selenium.common.exceptions.TimeoutException: Message: \nStacktrace:\n#0 0x5612cd26e53a <unknown>\n#1 0x5612ccd69f00 <unknown>\n#2 0x5612ccdb9c0c <unknown>\n#3 0x5612ccdb9e31 <unknown>\n#4 0x5612ccdffbd4 <unknown>\n#5 0x5612ccdde5cd <unknown>\n#6 0x5612ccdfcf84 <unknown>\n#7 0x5612ccdde343 <unknown>\n#8 0x5612ccdab78a <unknown>\n#9 0x5612ccdac9de <unknown>\n#10 0x5612cd2382cb <unknown>\n#11 0x5612cd23c242 <unknown>\n#12 0x5612cd2257ac <unknown>\n#13 0x5612cd23cdf7 <unknown>\n#14 0x5612cd209b2f <unknown>\n#15 0x5612cd25d1a8 <unknown>\n#16 0x5612cd25d370 <unknown>\n#17 0x5612cd26d3b6 <unknown>\n#18 0x7fdba389caa4 <unknown>\n#19 0x7fdba3929c3c <unknown>","time":{"start":1757122858671,"stop":1757122858671,"duration":0}},{"uid":"63c49424ab44e65","reportUrl":"https://nirtal85.github.io/Selenium-Python-Example/767//#testresult/63c49424ab44e65","status":"broken","statusDetails":"selenium.common.exceptions.TimeoutException: Message: \nStacktrace:\n#0 0x55bbc055d53a <unknown>\n#1 0x55bbc0058f00 <unknown>\n#2 0x55bbc00a8c0c <unknown>\n#3 0x55bbc00a8e31 <unknown>\n#4 0x55bbc00eebd4 <unknown>\n#5 0x55bbc00cd5cd <unknown>\n#6 0x55bbc00ebf84 <unknown>\n#7 0x55bbc00cd343 <unknown>\n#8 0x55bbc009a78a <unknown>\n#9 0x55bbc009b9de <unknown>\n#10 0x55bbc05272cb <unknown>\n#11 0x55bbc052b242 <unknown>\n#12 0x55bbc05147ac <unknown>\n#13 0x55bbc052bdf7 <unknown>\n#14 0x55bbc04f8b2f <unknown>\n#15 0x55bbc054c1a8 <unknown>\n#16 0x55bbc054c370 <unknown>\n#17 0x55bbc055c3b6 <unknown>\n#18 0x7fe58a89caa4 <unknown>\n#19 0x7fe58a929c3c <unknown>","time":{"start":1757036637928,"stop":1757036637928,"duration":0}},{"uid":"1b18949c27de889d","reportUrl":"https://nirtal85.github.io/Selenium-Python-Example/766//#testresult/1b18949c27de889d","status":"broken","statusDetails":"selenium.common.exceptions.TimeoutException: Message: \nStacktrace:\n#0 0x55a33ef2c53a <unknown>\n#1 0x55a33ea27f00 <unknown>\n#2 0x55a33ea77c0c <unknown>\n#3 0x55a33ea77e31 <unknown>\n#4 0x55a33eabdbd4 <unknown>\n#5 0x55a33ea9c5cd <unknown>\n#6 0x55a33eabaf84 <unknown>\n#7 0x55a33ea9c343 <unknown>\n#8 0x55a33ea6978a <unknown>\n#9 0x55a33ea6a9de <unknown>\n#10 0x55a33eef62cb <unknown>\n#11 0x55a33eefa242 <unknown>\n#12 0x55a33eee37ac <unknown>\n#13 0x55a33eefadf7 <unknown>\n#14 0x55a33eec7b2f <unknown>\n#15 0x55a33ef1b1a8 <unknown>\n#16 0x55a33ef1b370 <unknown>\n#17 0x55a33ef2b3b6 <unknown>\n#18 0x7f374489caa4 <unknown>\n#19 0x7f3744929c3c <unknown>","time":{"start":1756950109764,"stop":1756950109764,"duration":0}},{"uid":"7b219a069dc2663f","reportUrl":"https://nirtal85.github.io/Selenium-Python-Example/765//#testresult/7b219a069dc2663f","status":"broken","statusDetails":"selenium.common.exceptions.TimeoutException: Message: \nStacktrace:\n#0 0x556d8aa9b53a <unknown>\n#1 0x556d8a596f00 <unknown>\n#2 0x556d8a5e6c0c <unknown>\n#3 0x556d8a5e6e31 <unknown>\n#4 0x556d8a62cbd4 <unknown>\n#5 0x556d8a60b5cd <unknown>\n#6 0x556d8a629f84 <unknown>\n#7 0x556d8a60b343 <unknown>\n#8 0x556d8a5d878a <unknown>\n#9 0x556d8a5d99de <unknown>\n#10 0x556d8aa652cb <unknown>\n#11 0x556d8aa69242 <unknown>\n#12 0x556d8aa527ac <unknown>\n#13 0x556d8aa69df7 <unknown>\n#14 0x556d8aa36b2f <unknown>\n#15 0x556d8aa8a1a8 <unknown>\n#16 0x556d8aa8a370 <unknown>\n#17 0x556d8aa9a3b6 <unknown>\n#18 0x7fce15c9caa4 <unknown>\n#19 0x7fce15d29c3c <unknown>","time":{"start":1756863685416,"stop":1756863685416,"duration":0}},{"uid":"8373c3a9e450b392","reportUrl":"https://nirtal85.github.io/Selenium-Python-Example/764//#testresult/8373c3a9e450b392","status":"broken","statusDetails":"selenium.common.exceptions.TimeoutException: Message: \nStacktrace:\n#0 0x55ac3eef653a <unknown>\n#1 0x55ac3e9f1f00 <unknown>\n#2 0x55ac3ea41c0c <unknown>\n#3 0x55ac3ea41e31 <unknown>\n#4 0x55ac3ea87bd4 <unknown>\n#5 0x55ac3ea665cd <unknown>\n#6 0x55ac3ea84f84 <unknown>\n#7 0x55ac3ea66343 <unknown>\n#8 0x55ac3ea3378a <unknown>\n#9 0x55ac3ea349de <unknown>\n#10 0x55ac3eec02cb <unknown>\n#11 0x55ac3eec4242 <unknown>\n#12 0x55ac3eead7ac <unknown>\n#13 0x55ac3eec4df7 <unknown>\n#14 0x55ac3ee91b2f <unknown>\n#15 0x55ac3eee51a8 <unknown>\n#16 0x55ac3eee5370 <unknown>\n#17 0x55ac3eef53b6 <unknown>\n#18 0x7f6b2c49caa4 <unknown>\n#19 0x7f6b2c529c3c <unknown>","time":{"start":1756777710114,"stop":1756777710114,"duration":0}}]},"tags":[]},"source":"77b6d52f60a59e7a.json","parameterValues":[]}