{"uid":"4aa4d5ed4c30d951","name":"Rename an existing workspace test","fullName":"tests.workspaces_test.TestWorkspaces#test_rename_workspace","historyId":"cd63adf5d11191c5904362b968c9e131","time":{"start":1756086846207,"stop":1756086846207,"duration":0},"description":"Rename an existing workspace","descriptionHtml":"<p>Rename an existing workspace</p>\n","status":"broken","statusMessage":"FileNotFoundError: [Errno 2] No such file or directory: '/home/runner/work/Selenium-Python-Example/Selenium-Python-Example/src/resources/tests_data.json'","statusTrace":"@fixture(scope=\"session\")\n    def data() -> Data:\n        json_path = Constants.DATA_PATH / \"tests_data.json\"\n>       with open(json_path, encoding=\"utf-8\") as json_file:\n             ^^^^^^^^^^^^^^^^^^^^^^^^^^^^^^^^^\nE       FileNotFoundError: [Errno 2] No such file or directory: '/home/runner/work/Selenium-Python-Example/Selenium-Python-Example/src/resources/tests_data.json'\n\ntests/conftest.py:60: FileNotFoundError","flaky":false,"newFailed":false,"newBroken":false,"newPassed":false,"retriesCount":0,"retriesStatusChange":false,"beforeStages":[{"name":"session_request","time":{"start":1756086843714,"stop":1756086843714,"duration":0},"status":"passed","steps":[],"attachments":[],"parameters":[],"shouldDisplayMessage":false,"stepsCount":0,"attachmentsCount":0,"hasContent":false,"attachmentStep":false},{"name":"base_url","time":{"start":1756086843714,"stop":1756086843714,"duration":0},"status":"passed","steps":[],"attachments":[],"parameters":[],"shouldDisplayMessage":false,"stepsCount":0,"attachmentsCount":0,"hasContent":false,"attachmentStep":false},{"name":"_verify_url","time":{"start":1756086843714,"stop":1756086843714,"duration":0},"status":"passed","steps":[],"attachments":[],"parameters":[],"shouldDisplayMessage":false,"stepsCount":0,"attachmentsCount":0,"hasContent":false,"attachmentStep":false},{"name":"data","time":{"start":1756086843715,"stop":1756086843715,"duration":0},"status":"broken","statusMessage":"FileNotFoundError: [Errno 2] No such file or directory: '/home/runner/work/Selenium-Python-Example/Selenium-Python-Example/src/resources/tests_data.json'\n","statusTrace":"  File \"/home/runner/work/Selenium-Python-Example/Selenium-Python-Example/.venv/lib/python3.13/site-packages/pluggy/_callers.py\", line 167, in _multicall\n    teardown.throw(outcome._exception)\n    ~~~~~~~~~~~~~~^^^^^^^^^^^^^^^^^^^^\n  File \"/home/runner/work/Selenium-Python-Example/Selenium-Python-Example/.venv/lib/python3.13/site-packages/_pytest/setuponly.py\", line 36, in pytest_fixture_setup\n    return (yield)\n            ^^^^^\n  File \"/home/runner/work/Selenium-Python-Example/Selenium-Python-Example/.venv/lib/python3.13/site-packages/pluggy/_callers.py\", line 103, in _multicall\n    res = hook_impl.function(*args)\n  File \"/home/runner/work/Selenium-Python-Example/Selenium-Python-Example/.venv/lib/python3.13/site-packages/_pytest/fixtures.py\", line 1195, in pytest_fixture_setup\n    result = call_fixture_func(fixturefunc, request, kwargs)\n  File \"/home/runner/work/Selenium-Python-Example/Selenium-Python-Example/.venv/lib/python3.13/site-packages/_pytest/fixtures.py\", line 929, in call_fixture_func\n    fixture_result = fixturefunc(**kwargs)\n  File \"/home/runner/work/Selenium-Python-Example/Selenium-Python-Example/tests/conftest.py\", line 60, in data\n    with open(json_path, encoding=\"utf-8\") as json_file:\n         ~~~~^^^^^^^^^^^^^^^^^^^^^^^^^^^^^\n","steps":[],"attachments":[],"parameters":[],"shouldDisplayMessage":true,"stepsCount":0,"attachmentsCount":0,"hasContent":true,"attachmentStep":false},{"name":"setup_method_fixture","time":{"start":1756086866476,"stop":1756086876805,"duration":10329},"status":"broken","statusMessage":"selenium.common.exceptions.TimeoutException: Message: \nStacktrace:\n#0 0x55c6194ac53a <unknown>\n#1 0x55c618fa7f00 <unknown>\n#2 0x55c618ff7c0c <unknown>\n#3 0x55c618ff7e31 <unknown>\n#4 0x55c61903dbd4 <unknown>\n#5 0x55c61901c5cd <unknown>\n#6 0x55c61903af84 <unknown>\n#7 0x55c61901c343 <unknown>\n#8 0x55c618fe978a <unknown>\n#9 0x55c618fea9de <unknown>\n#10 0x55c6194762cb <unknown>\n#11 0x55c61947a242 <unknown>\n#12 0x55c6194637ac <unknown>\n#13 0x55c61947adf7 <unknown>\n#14 0x55c619447b2f <unknown>\n#15 0x55c61949b1a8 <unknown>\n#16 0x55c61949b370 <unknown>\n#17 0x55c6194ab3b6 <unknown>\n#18 0x7f710b69caa4 <unknown>\n#19 0x7f710b729c3c <unknown>\n\n","statusTrace":"  File \"/home/runner/work/Selenium-Python-Example/Selenium-Python-Example/.venv/lib/python3.13/site-packages/pluggy/_callers.py\", line 167, in _multicall\n    teardown.throw(outcome._exception)\n    ~~~~~~~~~~~~~~^^^^^^^^^^^^^^^^^^^^\n  File \"/home/runner/work/Selenium-Python-Example/Selenium-Python-Example/.venv/lib/python3.13/site-packages/_pytest/setuponly.py\", line 36, in pytest_fixture_setup\n    return (yield)\n            ^^^^^\n  File \"/home/runner/work/Selenium-Python-Example/Selenium-Python-Example/.venv/lib/python3.13/site-packages/pluggy/_callers.py\", line 103, in _multicall\n    res = hook_impl.function(*args)\n  File \"/home/runner/work/Selenium-Python-Example/Selenium-Python-Example/.venv/lib/python3.13/site-packages/_pytest/fixtures.py\", line 1195, in pytest_fixture_setup\n    result = call_fixture_func(fixturefunc, request, kwargs)\n  File \"/home/runner/work/Selenium-Python-Example/Selenium-Python-Example/.venv/lib/python3.13/site-packages/_pytest/fixtures.py\", line 929, in call_fixture_func\n    fixture_result = fixturefunc(**kwargs)\n  File \"/home/runner/work/Selenium-Python-Example/Selenium-Python-Example/tests/workspaces_test.py\", line 25, in setup_method_fixture\n    login(self.about_page, self.login_page)\n    ~~~~~^^^^^^^^^^^^^^^^^^^^^^^^^^^^^^^^^^\n  File \"/home/runner/work/Selenium-Python-Example/Selenium-Python-Example/tests/workspaces_test.py\", line 15, in login\n    about_page.click_login_link()\n    ~~~~~~~~~~~~~~~~~~~~~~~~~~~^^\n  File \"/home/runner/work/Selenium-Python-Example/Selenium-Python-Example/.venv/lib/python3.13/site-packages/allure_commons/_allure.py\", line 202, in impl\n    return func(*a, **kw)\n  File \"/home/runner/work/Selenium-Python-Example/Selenium-Python-Example/src/pages/about_page.py\", line 18, in click_login_link\n    self.click(self.LOGIN_LINK)\n    ~~~~~~~~~~^^^^^^^^^^^^^^^^^\n  File \"/home/runner/work/Selenium-Python-Example/Selenium-Python-Example/src/pages/base_page.py\", line 59, in click\n    el: WebElement = self.wait.until(expected_conditions.element_to_be_clickable(locator))\n                     ~~~~~~~~~~~~~~~^^^^^^^^^^^^^^^^^^^^^^^^^^^^^^^^^^^^^^^^^^^^^^^^^^^^^^\n  File \"/home/runner/work/Selenium-Python-Example/Selenium-Python-Example/.venv/lib/python3.13/site-packages/selenium/webdriver/support/wait.py\", line 138, in until\n    raise TimeoutException(message, screen, stacktrace)\n","steps":[{"name":"Click Login link","time":{"start":1756086866477,"stop":1756086876804,"duration":10327},"status":"broken","statusMessage":"selenium.common.exceptions.TimeoutException: Message: \nStacktrace:\n#0 0x55c6194ac53a <unknown>\n#1 0x55c618fa7f00 <unknown>\n#2 0x55c618ff7c0c <unknown>\n#3 0x55c618ff7e31 <unknown>\n#4 0x55c61903dbd4 <unknown>\n#5 0x55c61901c5cd <unknown>\n#6 0x55c61903af84 <unknown>\n#7 0x55c61901c343 <unknown>\n#8 0x55c618fe978a <unknown>\n#9 0x55c618fea9de <unknown>\n#10 0x55c6194762cb <unknown>\n#11 0x55c61947a242 <unknown>\n#12 0x55c6194637ac <unknown>\n#13 0x55c61947adf7 <unknown>\n#14 0x55c619447b2f <unknown>\n#15 0x55c61949b1a8 <unknown>\n#16 0x55c61949b370 <unknown>\n#17 0x55c6194ab3b6 <unknown>\n#18 0x7f710b69caa4 <unknown>\n#19 0x7f710b729c3c <unknown>\n\n","statusTrace":"  File \"/home/runner/work/Selenium-Python-Example/Selenium-Python-Example/.venv/lib/python3.13/site-packages/allure_commons/_allure.py\", line 202, in impl\n    return func(*a, **kw)\n  File \"/home/runner/work/Selenium-Python-Example/Selenium-Python-Example/src/pages/about_page.py\", line 18, in click_login_link\n    self.click(self.LOGIN_LINK)\n    ~~~~~~~~~~^^^^^^^^^^^^^^^^^\n  File \"/home/runner/work/Selenium-Python-Example/Selenium-Python-Example/src/pages/base_page.py\", line 59, in click\n    el: WebElement = self.wait.until(expected_conditions.element_to_be_clickable(locator))\n                     ~~~~~~~~~~~~~~~^^^^^^^^^^^^^^^^^^^^^^^^^^^^^^^^^^^^^^^^^^^^^^^^^^^^^^\n  File \"/home/runner/work/Selenium-Python-Example/Selenium-Python-Example/.venv/lib/python3.13/site-packages/selenium/webdriver/support/wait.py\", line 138, in until\n    raise TimeoutException(message, screen, stacktrace)\n","steps":[],"attachments":[],"parameters":[],"shouldDisplayMessage":true,"stepsCount":0,"attachmentsCount":0,"hasContent":true,"attachmentStep":false}],"attachments":[],"parameters":[],"shouldDisplayMessage":false,"stepsCount":1,"attachmentsCount":0,"hasContent":true,"attachmentStep":false}],"testStage":{"description":"Rename an existing workspace","status":"broken","statusMessage":"FileNotFoundError: [Errno 2] No such file or directory: '/home/runner/work/Selenium-Python-Example/Selenium-Python-Example/src/resources/tests_data.json'","statusTrace":"@fixture(scope=\"session\")\n    def data() -> Data:\n        json_path = Constants.DATA_PATH / \"tests_data.json\"\n>       with open(json_path, encoding=\"utf-8\") as json_file:\n             ^^^^^^^^^^^^^^^^^^^^^^^^^^^^^^^^^\nE       FileNotFoundError: [Errno 2] No such file or directory: '/home/runner/work/Selenium-Python-Example/Selenium-Python-Example/src/resources/tests_data.json'\n\ntests/conftest.py:60: FileNotFoundError","steps":[{"name":"public ip address","time":{"start":1756086849357,"stop":1756086849365,"duration":8},"status":"passed","steps":[],"attachments":[{"uid":"3b933c18834364d4","name":"HTTP logs of http://checkip.amazonaws.com/","source":"3b933c18834364d4.txt","type":"text/plain","size":357}],"parameters":[],"shouldDisplayMessage":false,"stepsCount":0,"attachmentsCount":1,"hasContent":true,"attachmentStep":false}],"attachments":[{"uid":"4a6abcd023a171ec","name":"Cookies","source":"4a6abcd023a171ec.json","type":"application/json","size":4117},{"uid":"4e3a339bb80f5361","name":"Session Storage","source":"4e3a339bb80f5361.json","type":"application/json","size":359},{"uid":"f1c778a6ea2d9894","name":"Local Storage","source":"f1c778a6ea2d9894.json","type":"application/json","size":548},{"uid":"3dafe19c02c4b201","name":"Full Page Screenshot","source":"3dafe19c02c4b201.png","type":"image/png","size":1927455},{"uid":"c5f422036459a54c","name":"URL","source":"c5f422036459a54c.uri","type":"text/uri-list","size":23},{"uid":"b0113815b2afad07","name":"Network Logs","source":"b0113815b2afad07.json","type":"application/json","size":7933668}],"parameters":[],"shouldDisplayMessage":true,"stepsCount":1,"attachmentsCount":7,"hasContent":true,"attachmentStep":false},"afterStages":[{"name":"session_request::0","time":{"start":1756086919558,"stop":1756086919558,"duration":0},"status":"passed","steps":[],"attachments":[],"parameters":[],"shouldDisplayMessage":false,"stepsCount":0,"attachmentsCount":0,"hasContent":false,"attachmentStep":false}],"labels":[{"name":"severity","value":"normal"},{"name":"epic","value":"Workspaces"},{"name":"story","value":"WorkSpaces Creation and Editing Functionality"},{"name":"parentSuite","value":"tests"},{"name":"suite","value":"workspaces_test"},{"name":"subSuite","value":"TestWorkspaces"},{"name":"host","value":"pkrvmqc4gcfdwos"},{"name":"thread","value":"2164-MainThread"},{"name":"framework","value":"pytest"},{"name":"language","value":"cpython3"},{"name":"package","value":"tests.workspaces_test"},{"name":"resultFormat","value":"allure2"}],"parameters":[],"links":[],"hidden":false,"retry":false,"extra":{"severity":"normal","retries":[],"categories":[{"name":"Test defects","matchedStatuses":[],"flaky":false}],"history":{"statistic":{"failed":0,"broken":25,"skipped":0,"passed":0,"unknown":0,"total":25},"items":[{"uid":"109e307485be38ee","reportUrl":"https://nirtal85.github.io/Selenium-Python-Example/755//#testresult/109e307485be38ee","status":"broken","statusDetails":"FileNotFoundError: [Errno 2] No such file or directory: '/home/runner/work/Selenium-Python-Example/Selenium-Python-Example/src/resources/tests_data.json'","time":{"start":1756000791423,"stop":1756000791423,"duration":0}},{"uid":"aa81fab743d673ca","reportUrl":"https://nirtal85.github.io/Selenium-Python-Example/754//#testresult/aa81fab743d673ca","status":"broken","statusDetails":"FileNotFoundError: [Errno 2] No such file or directory: '/home/runner/work/Selenium-Python-Example/Selenium-Python-Example/src/resources/tests_data.json'","time":{"start":1755913537335,"stop":1755913537335,"duration":0}},{"uid":"ec5bbe1fbb64bcda","reportUrl":"https://nirtal85.github.io/Selenium-Python-Example/753//#testresult/ec5bbe1fbb64bcda","status":"broken","statusDetails":"FileNotFoundError: [Errno 2] No such file or directory: '/home/runner/work/Selenium-Python-Example/Selenium-Python-Example/src/resources/tests_data.json'","time":{"start":1755827357482,"stop":1755827357482,"duration":0}},{"uid":"f70f574db8ddcf4d","reportUrl":"https://nirtal85.github.io/Selenium-Python-Example/752//#testresult/f70f574db8ddcf4d","status":"broken","statusDetails":"FileNotFoundError: [Errno 2] No such file or directory: '/home/runner/work/Selenium-Python-Example/Selenium-Python-Example/src/resources/tests_data.json'","time":{"start":1755740924664,"stop":1755740924664,"duration":0}},{"uid":"e626549cee56590b","reportUrl":"https://nirtal85.github.io/Selenium-Python-Example/751//#testresult/e626549cee56590b","status":"broken","statusDetails":"FileNotFoundError: [Errno 2] No such file or directory: '/home/runner/work/Selenium-Python-Example/Selenium-Python-Example/src/resources/tests_data.json'","time":{"start":1755654602387,"stop":1755654602387,"duration":0}},{"uid":"2723488158948bbc","reportUrl":"https://nirtal85.github.io/Selenium-Python-Example/750//#testresult/2723488158948bbc","status":"broken","statusDetails":"FileNotFoundError: [Errno 2] No such file or directory: '/home/runner/work/Selenium-Python-Example/Selenium-Python-Example/src/resources/tests_data.json'","time":{"start":1755568325208,"stop":1755568325208,"duration":0}},{"uid":"126eba67add6290a","reportUrl":"https://nirtal85.github.io/Selenium-Python-Example/749//#testresult/126eba67add6290a","status":"broken","statusDetails":"FileNotFoundError: [Errno 2] No such file or directory: '/home/runner/work/Selenium-Python-Example/Selenium-Python-Example/src/resources/tests_data.json'","time":{"start":1755482681121,"stop":1755482681121,"duration":0}},{"uid":"576a1f986639d6c9","reportUrl":"https://nirtal85.github.io/Selenium-Python-Example/748//#testresult/576a1f986639d6c9","status":"broken","statusDetails":"FileNotFoundError: [Errno 2] No such file or directory: '/home/runner/work/Selenium-Python-Example/Selenium-Python-Example/src/resources/tests_data.json'","time":{"start":1755396266490,"stop":1755396266490,"duration":0}},{"uid":"1c18252abcb9161","reportUrl":"https://nirtal85.github.io/Selenium-Python-Example/747//#testresult/1c18252abcb9161","status":"broken","statusDetails":"FileNotFoundError: [Errno 2] No such file or directory: '/home/runner/work/Selenium-Python-Example/Selenium-Python-Example/src/resources/tests_data.json'","time":{"start":1755309168909,"stop":1755309168909,"duration":0}},{"uid":"cd83b8792de95d97","reportUrl":"https://nirtal85.github.io/Selenium-Python-Example/746//#testresult/cd83b8792de95d97","status":"broken","statusDetails":"FileNotFoundError: [Errno 2] No such file or directory: '/home/runner/work/Selenium-Python-Example/Selenium-Python-Example/src/resources/tests_data.json'","time":{"start":1755223111661,"stop":1755223111661,"duration":0}},{"uid":"43a58fdcf6cb69b4","reportUrl":"https://nirtal85.github.io/Selenium-Python-Example/745//#testresult/43a58fdcf6cb69b4","status":"broken","statusDetails":"FileNotFoundError: [Errno 2] No such file or directory: '/home/runner/work/Selenium-Python-Example/Selenium-Python-Example/src/resources/tests_data.json'","time":{"start":1755136654635,"stop":1755136654635,"duration":0}},{"uid":"a9f26a32a01746c3","reportUrl":"https://nirtal85.github.io/Selenium-Python-Example/744//#testresult/a9f26a32a01746c3","status":"broken","statusDetails":"FileNotFoundError: [Errno 2] No such file or directory: '/home/runner/work/Selenium-Python-Example/Selenium-Python-Example/src/resources/tests_data.json'","time":{"start":1755050245470,"stop":1755050245470,"duration":0}},{"uid":"4b86f6c27256f77d","reportUrl":"https://nirtal85.github.io/Selenium-Python-Example/743//#testresult/4b86f6c27256f77d","status":"broken","statusDetails":"FileNotFoundError: [Errno 2] No such file or directory: '/home/runner/work/Selenium-Python-Example/Selenium-Python-Example/src/resources/tests_data.json'","time":{"start":1754963718935,"stop":1754963718935,"duration":0}},{"uid":"38056f973faf485f","reportUrl":"https://nirtal85.github.io/Selenium-Python-Example/742//#testresult/38056f973faf485f","status":"broken","statusDetails":"FileNotFoundError: [Errno 2] No such file or directory: '/home/runner/work/Selenium-Python-Example/Selenium-Python-Example/src/resources/tests_data.json'","time":{"start":1754878045613,"stop":1754878045613,"duration":0}},{"uid":"b591ecd386ce9491","reportUrl":"https://nirtal85.github.io/Selenium-Python-Example/741//#testresult/b591ecd386ce9491","status":"broken","statusDetails":"FileNotFoundError: [Errno 2] No such file or directory: '/home/runner/work/Selenium-Python-Example/Selenium-Python-Example/src/resources/tests_data.json'","time":{"start":1754791867235,"stop":1754791867235,"duration":0}},{"uid":"f7c4a1d4a0b09c66","reportUrl":"https://nirtal85.github.io/Selenium-Python-Example/740//#testresult/f7c4a1d4a0b09c66","status":"broken","statusDetails":"FileNotFoundError: [Errno 2] No such file or directory: '/home/runner/work/Selenium-Python-Example/Selenium-Python-Example/src/resources/tests_data.json'","time":{"start":1754704585683,"stop":1754704585683,"duration":0}},{"uid":"a2b85be9bd6630c6","reportUrl":"https://nirtal85.github.io/Selenium-Python-Example/739//#testresult/a2b85be9bd6630c6","status":"broken","statusDetails":"FileNotFoundError: [Errno 2] No such file or directory: '/home/runner/work/Selenium-Python-Example/Selenium-Python-Example/src/resources/tests_data.json'","time":{"start":1754618836815,"stop":1754618836815,"duration":0}},{"uid":"ee46b1029a9cae85","reportUrl":"https://nirtal85.github.io/Selenium-Python-Example/738//#testresult/ee46b1029a9cae85","status":"broken","statusDetails":"FileNotFoundError: [Errno 2] No such file or directory: '/home/runner/work/Selenium-Python-Example/Selenium-Python-Example/src/resources/tests_data.json'","time":{"start":1754532471541,"stop":1754532471541,"duration":0}},{"uid":"bc554fad500f29af","reportUrl":"https://nirtal85.github.io/Selenium-Python-Example/737//#testresult/bc554fad500f29af","status":"broken","statusDetails":"FileNotFoundError: [Errno 2] No such file or directory: '/home/runner/work/Selenium-Python-Example/Selenium-Python-Example/src/resources/tests_data.json'","time":{"start":1754446043469,"stop":1754446043469,"duration":0}},{"uid":"f0f241e8bd6b1078","reportUrl":"https://nirtal85.github.io/Selenium-Python-Example/736//#testresult/f0f241e8bd6b1078","status":"broken","statusDetails":"FileNotFoundError: [Errno 2] No such file or directory: '/home/runner/work/Selenium-Python-Example/Selenium-Python-Example/src/resources/tests_data.json'","time":{"start":1754359765912,"stop":1754359765912,"duration":0}}]},"tags":[]},"source":"4aa4d5ed4c30d951.json","parameterValues":[]}