{"uid":"618f01a9e8b9724d","name":"Rename an existing workspace test","fullName":"tests.workspaces_test.TestWorkspaces#test_rename_workspace","historyId":"cd63adf5d11191c5904362b968c9e131","time":{"start":1752977540182,"stop":1752977540182,"duration":0},"description":"Rename an existing workspace","descriptionHtml":"<p>Rename an existing workspace</p>\n","status":"broken","statusMessage":"FileNotFoundError: [Errno 2] No such file or directory: '/home/runner/work/Selenium-Python-Example/Selenium-Python-Example/src/resources/tests_data.json'","statusTrace":"@fixture(scope=\"session\")\n    def data() -> Data:\n        json_path = Constants.DATA_PATH / \"tests_data.json\"\n>       with open(json_path, encoding=\"utf-8\") as json_file:\n             ^^^^^^^^^^^^^^^^^^^^^^^^^^^^^^^^^\nE       FileNotFoundError: [Errno 2] No such file or directory: '/home/runner/work/Selenium-Python-Example/Selenium-Python-Example/src/resources/tests_data.json'\n\ntests/conftest.py:60: FileNotFoundError","flaky":false,"newFailed":false,"newBroken":false,"newPassed":false,"retriesCount":0,"retriesStatusChange":false,"beforeStages":[{"name":"base_url","time":{"start":1752977537465,"stop":1752977537465,"duration":0},"status":"passed","steps":[],"attachments":[],"parameters":[],"shouldDisplayMessage":false,"stepsCount":0,"attachmentsCount":0,"hasContent":false,"attachmentStep":false},{"name":"_verify_url","time":{"start":1752977537465,"stop":1752977537465,"duration":0},"status":"passed","steps":[],"attachments":[],"parameters":[],"shouldDisplayMessage":false,"stepsCount":0,"attachmentsCount":0,"hasContent":false,"attachmentStep":false},{"name":"session_request","time":{"start":1752977537466,"stop":1752977537466,"duration":0},"status":"passed","steps":[],"attachments":[],"parameters":[],"shouldDisplayMessage":false,"stepsCount":0,"attachmentsCount":0,"hasContent":false,"attachmentStep":false},{"name":"data","time":{"start":1752977537466,"stop":1752977537466,"duration":0},"status":"broken","statusMessage":"FileNotFoundError: [Errno 2] No such file or directory: '/home/runner/work/Selenium-Python-Example/Selenium-Python-Example/src/resources/tests_data.json'\n","statusTrace":"  File \"/home/runner/work/Selenium-Python-Example/Selenium-Python-Example/.venv/lib/python3.13/site-packages/pluggy/_callers.py\", line 167, in _multicall\n    teardown.throw(outcome._exception)\n    ~~~~~~~~~~~~~~^^^^^^^^^^^^^^^^^^^^\n  File \"/home/runner/work/Selenium-Python-Example/Selenium-Python-Example/.venv/lib/python3.13/site-packages/_pytest/setuponly.py\", line 36, in pytest_fixture_setup\n    return (yield)\n            ^^^^^\n  File \"/home/runner/work/Selenium-Python-Example/Selenium-Python-Example/.venv/lib/python3.13/site-packages/pluggy/_callers.py\", line 103, in _multicall\n    res = hook_impl.function(*args)\n  File \"/home/runner/work/Selenium-Python-Example/Selenium-Python-Example/.venv/lib/python3.13/site-packages/_pytest/fixtures.py\", line 1195, in pytest_fixture_setup\n    result = call_fixture_func(fixturefunc, request, kwargs)\n  File \"/home/runner/work/Selenium-Python-Example/Selenium-Python-Example/.venv/lib/python3.13/site-packages/_pytest/fixtures.py\", line 929, in call_fixture_func\n    fixture_result = fixturefunc(**kwargs)\n  File \"/home/runner/work/Selenium-Python-Example/Selenium-Python-Example/tests/conftest.py\", line 60, in data\n    with open(json_path, encoding=\"utf-8\") as json_file:\n         ~~~~^^^^^^^^^^^^^^^^^^^^^^^^^^^^^\n","steps":[],"attachments":[],"parameters":[],"shouldDisplayMessage":true,"stepsCount":0,"attachmentsCount":0,"hasContent":true,"attachmentStep":false},{"name":"setup_method_fixture","time":{"start":1752977559915,"stop":1752977570276,"duration":10361},"status":"broken","statusMessage":"selenium.common.exceptions.TimeoutException: Message: \nStacktrace:\n#0 0x5570ecd7453a <unknown>\n#1 0x5570ec86ff00 <unknown>\n#2 0x5570ec8bfc0c <unknown>\n#3 0x5570ec8bfe31 <unknown>\n#4 0x5570ec905bd4 <unknown>\n#5 0x5570ec8e45cd <unknown>\n#6 0x5570ec902f84 <unknown>\n#7 0x5570ec8e4343 <unknown>\n#8 0x5570ec8b178a <unknown>\n#9 0x5570ec8b29de <unknown>\n#10 0x5570ecd3e2cb <unknown>\n#11 0x5570ecd42242 <unknown>\n#12 0x5570ecd2b7ac <unknown>\n#13 0x5570ecd42df7 <unknown>\n#14 0x5570ecd0fb2f <unknown>\n#15 0x5570ecd631a8 <unknown>\n#16 0x5570ecd63370 <unknown>\n#17 0x5570ecd733b6 <unknown>\n#18 0x7f3db869caa4 <unknown>\n#19 0x7f3db8729c3c <unknown>\n\n","statusTrace":"  File \"/home/runner/work/Selenium-Python-Example/Selenium-Python-Example/.venv/lib/python3.13/site-packages/pluggy/_callers.py\", line 167, in _multicall\n    teardown.throw(outcome._exception)\n    ~~~~~~~~~~~~~~^^^^^^^^^^^^^^^^^^^^\n  File \"/home/runner/work/Selenium-Python-Example/Selenium-Python-Example/.venv/lib/python3.13/site-packages/_pytest/setuponly.py\", line 36, in pytest_fixture_setup\n    return (yield)\n            ^^^^^\n  File \"/home/runner/work/Selenium-Python-Example/Selenium-Python-Example/.venv/lib/python3.13/site-packages/pluggy/_callers.py\", line 103, in _multicall\n    res = hook_impl.function(*args)\n  File \"/home/runner/work/Selenium-Python-Example/Selenium-Python-Example/.venv/lib/python3.13/site-packages/_pytest/fixtures.py\", line 1195, in pytest_fixture_setup\n    result = call_fixture_func(fixturefunc, request, kwargs)\n  File \"/home/runner/work/Selenium-Python-Example/Selenium-Python-Example/.venv/lib/python3.13/site-packages/_pytest/fixtures.py\", line 929, in call_fixture_func\n    fixture_result = fixturefunc(**kwargs)\n  File \"/home/runner/work/Selenium-Python-Example/Selenium-Python-Example/tests/workspaces_test.py\", line 25, in setup_method_fixture\n    login(self.about_page, self.login_page)\n    ~~~~~^^^^^^^^^^^^^^^^^^^^^^^^^^^^^^^^^^\n  File \"/home/runner/work/Selenium-Python-Example/Selenium-Python-Example/tests/workspaces_test.py\", line 15, in login\n    about_page.click_login_link()\n    ~~~~~~~~~~~~~~~~~~~~~~~~~~~^^\n  File \"/home/runner/work/Selenium-Python-Example/Selenium-Python-Example/.venv/lib/python3.13/site-packages/allure_commons/_allure.py\", line 202, in impl\n    return func(*a, **kw)\n  File \"/home/runner/work/Selenium-Python-Example/Selenium-Python-Example/src/pages/about_page.py\", line 18, in click_login_link\n    self.click(self.LOGIN_LINK)\n    ~~~~~~~~~~^^^^^^^^^^^^^^^^^\n  File \"/home/runner/work/Selenium-Python-Example/Selenium-Python-Example/src/pages/base_page.py\", line 59, in click\n    el: WebElement = self.wait.until(expected_conditions.element_to_be_clickable(locator))\n                     ~~~~~~~~~~~~~~~^^^^^^^^^^^^^^^^^^^^^^^^^^^^^^^^^^^^^^^^^^^^^^^^^^^^^^\n  File \"/home/runner/work/Selenium-Python-Example/Selenium-Python-Example/.venv/lib/python3.13/site-packages/selenium/webdriver/support/wait.py\", line 138, in until\n    raise TimeoutException(message, screen, stacktrace)\n","steps":[{"name":"Click Login link","time":{"start":1752977559915,"stop":1752977570274,"duration":10359},"status":"broken","statusMessage":"selenium.common.exceptions.TimeoutException: Message: \nStacktrace:\n#0 0x5570ecd7453a <unknown>\n#1 0x5570ec86ff00 <unknown>\n#2 0x5570ec8bfc0c <unknown>\n#3 0x5570ec8bfe31 <unknown>\n#4 0x5570ec905bd4 <unknown>\n#5 0x5570ec8e45cd <unknown>\n#6 0x5570ec902f84 <unknown>\n#7 0x5570ec8e4343 <unknown>\n#8 0x5570ec8b178a <unknown>\n#9 0x5570ec8b29de <unknown>\n#10 0x5570ecd3e2cb <unknown>\n#11 0x5570ecd42242 <unknown>\n#12 0x5570ecd2b7ac <unknown>\n#13 0x5570ecd42df7 <unknown>\n#14 0x5570ecd0fb2f <unknown>\n#15 0x5570ecd631a8 <unknown>\n#16 0x5570ecd63370 <unknown>\n#17 0x5570ecd733b6 <unknown>\n#18 0x7f3db869caa4 <unknown>\n#19 0x7f3db8729c3c <unknown>\n\n","statusTrace":"  File \"/home/runner/work/Selenium-Python-Example/Selenium-Python-Example/.venv/lib/python3.13/site-packages/allure_commons/_allure.py\", line 202, in impl\n    return func(*a, **kw)\n  File \"/home/runner/work/Selenium-Python-Example/Selenium-Python-Example/src/pages/about_page.py\", line 18, in click_login_link\n    self.click(self.LOGIN_LINK)\n    ~~~~~~~~~~^^^^^^^^^^^^^^^^^\n  File \"/home/runner/work/Selenium-Python-Example/Selenium-Python-Example/src/pages/base_page.py\", line 59, in click\n    el: WebElement = self.wait.until(expected_conditions.element_to_be_clickable(locator))\n                     ~~~~~~~~~~~~~~~^^^^^^^^^^^^^^^^^^^^^^^^^^^^^^^^^^^^^^^^^^^^^^^^^^^^^^\n  File \"/home/runner/work/Selenium-Python-Example/Selenium-Python-Example/.venv/lib/python3.13/site-packages/selenium/webdriver/support/wait.py\", line 138, in until\n    raise TimeoutException(message, screen, stacktrace)\n","steps":[],"attachments":[],"parameters":[],"shouldDisplayMessage":true,"stepsCount":0,"attachmentsCount":0,"hasContent":true,"attachmentStep":false}],"attachments":[],"parameters":[],"shouldDisplayMessage":false,"stepsCount":1,"attachmentsCount":0,"hasContent":true,"attachmentStep":false}],"testStage":{"description":"Rename an existing workspace","status":"broken","statusMessage":"FileNotFoundError: [Errno 2] No such file or directory: '/home/runner/work/Selenium-Python-Example/Selenium-Python-Example/src/resources/tests_data.json'","statusTrace":"@fixture(scope=\"session\")\n    def data() -> Data:\n        json_path = Constants.DATA_PATH / \"tests_data.json\"\n>       with open(json_path, encoding=\"utf-8\") as json_file:\n             ^^^^^^^^^^^^^^^^^^^^^^^^^^^^^^^^^\nE       FileNotFoundError: [Errno 2] No such file or directory: '/home/runner/work/Selenium-Python-Example/Selenium-Python-Example/src/resources/tests_data.json'\n\ntests/conftest.py:60: FileNotFoundError","steps":[{"name":"public ip address","time":{"start":1752977543215,"stop":1752977543219,"duration":4},"status":"passed","steps":[],"attachments":[{"uid":"5c16e4787e560e3","name":"HTTP logs of http://checkip.amazonaws.com/","source":"5c16e4787e560e3.txt","type":"text/plain","size":357}],"parameters":[],"shouldDisplayMessage":false,"stepsCount":0,"attachmentsCount":1,"hasContent":true,"attachmentStep":false}],"attachments":[{"uid":"29a00a2c6b963fbc","name":"Cookies","source":"29a00a2c6b963fbc.json","type":"application/json","size":4114},{"uid":"b0b166c3db6d6202","name":"Session Storage","source":"b0b166c3db6d6202.json","type":"application/json","size":359},{"uid":"329d9688c49f165b","name":"Local Storage","source":"329d9688c49f165b.json","type":"application/json","size":548},{"uid":"69481b2b2143139","name":"Full Page Screenshot","source":"69481b2b2143139.png","type":"image/png","size":1962428},{"uid":"e149cabb38e3016","name":"URL","source":"e149cabb38e3016.uri","type":"text/uri-list","size":23},{"uid":"f91f627d1ae12fde","name":"Network Logs","source":"f91f627d1ae12fde.json","type":"application/json","size":10188431}],"parameters":[],"shouldDisplayMessage":true,"stepsCount":1,"attachmentsCount":7,"hasContent":true,"attachmentStep":false},"afterStages":[{"name":"session_request::0","time":{"start":1752977621602,"stop":1752977621602,"duration":0},"status":"passed","steps":[],"attachments":[],"parameters":[],"shouldDisplayMessage":false,"stepsCount":0,"attachmentsCount":0,"hasContent":false,"attachmentStep":false}],"labels":[{"name":"severity","value":"normal"},{"name":"story","value":"WorkSpaces Creation and Editing Functionality"},{"name":"epic","value":"Workspaces"},{"name":"parentSuite","value":"tests"},{"name":"suite","value":"workspaces_test"},{"name":"subSuite","value":"TestWorkspaces"},{"name":"host","value":"pkrvmq0rgcvqdmg"},{"name":"thread","value":"2170-MainThread"},{"name":"framework","value":"pytest"},{"name":"language","value":"cpython3"},{"name":"package","value":"tests.workspaces_test"},{"name":"resultFormat","value":"allure2"}],"parameters":[],"links":[],"hidden":false,"retry":false,"extra":{"severity":"normal","retries":[],"categories":[{"name":"Test defects","matchedStatuses":[],"flaky":false}],"history":{"statistic":{"failed":0,"broken":20,"skipped":0,"passed":0,"unknown":0,"total":20},"items":[{"uid":"64d5bf98e8d8bbb9","reportUrl":"https://nirtal85.github.io/Selenium-Python-Example/719//#testresult/64d5bf98e8d8bbb9","status":"broken","statusDetails":"FileNotFoundError: [Errno 2] No such file or directory: '/home/runner/work/Selenium-Python-Example/Selenium-Python-Example/src/resources/tests_data.json'","time":{"start":1752890319989,"stop":1752890319989,"duration":0}},{"uid":"a75899d6d5340f40","reportUrl":"https://nirtal85.github.io/Selenium-Python-Example/718//#testresult/a75899d6d5340f40","status":"broken","statusDetails":"FileNotFoundError: [Errno 2] No such file or directory: '/home/runner/work/Selenium-Python-Example/Selenium-Python-Example/src/resources/tests_data.json'","time":{"start":1752804278545,"stop":1752804278545,"duration":0}},{"uid":"4b3a62294d4574c3","reportUrl":"https://nirtal85.github.io/Selenium-Python-Example/717//#testresult/4b3a62294d4574c3","status":"broken","statusDetails":"FileNotFoundError: [Errno 2] No such file or directory: '/home/runner/work/Selenium-Python-Example/Selenium-Python-Example/src/resources/tests_data.json'","time":{"start":1752717783915,"stop":1752717783915,"duration":0}},{"uid":"3dab02d6cb218535","reportUrl":"https://nirtal85.github.io/Selenium-Python-Example/716//#testresult/3dab02d6cb218535","status":"broken","statusDetails":"FileNotFoundError: [Errno 2] No such file or directory: '/home/runner/work/Selenium-Python-Example/Selenium-Python-Example/src/resources/tests_data.json'","time":{"start":1752631358683,"stop":1752631358683,"duration":0}},{"uid":"cb3ce3253e72462d","reportUrl":"https://nirtal85.github.io/Selenium-Python-Example/715//#testresult/cb3ce3253e72462d","status":"broken","statusDetails":"FileNotFoundError: [Errno 2] No such file or directory: '/home/runner/work/Selenium-Python-Example/Selenium-Python-Example/src/resources/tests_data.json'","time":{"start":1752545167534,"stop":1752545167534,"duration":0}},{"uid":"43eb185ed0151305","reportUrl":"https://nirtal85.github.io/Selenium-Python-Example/714//#testresult/43eb185ed0151305","status":"broken","statusDetails":"FileNotFoundError: [Errno 2] No such file or directory: '/home/runner/work/Selenium-Python-Example/Selenium-Python-Example/src/resources/tests_data.json'","time":{"start":1752458769480,"stop":1752458769480,"duration":0}},{"uid":"152c3335e11bbfdb","reportUrl":"https://nirtal85.github.io/Selenium-Python-Example/713//#testresult/152c3335e11bbfdb","status":"broken","statusDetails":"FileNotFoundError: [Errno 2] No such file or directory: '/home/runner/work/Selenium-Python-Example/Selenium-Python-Example/src/resources/tests_data.json'","time":{"start":1752372633729,"stop":1752372633729,"duration":0}},{"uid":"d01668d44578cbf4","reportUrl":"https://nirtal85.github.io/Selenium-Python-Example/712//#testresult/d01668d44578cbf4","status":"broken","statusDetails":"FileNotFoundError: [Errno 2] No such file or directory: '/home/runner/work/Selenium-Python-Example/Selenium-Python-Example/src/resources/tests_data.json'","time":{"start":1752285730701,"stop":1752285730701,"duration":0}},{"uid":"b5820559a4d23fba","reportUrl":"https://nirtal85.github.io/Selenium-Python-Example/711//#testresult/b5820559a4d23fba","status":"broken","statusDetails":"FileNotFoundError: [Errno 2] No such file or directory: '/home/runner/work/Selenium-Python-Example/Selenium-Python-Example/src/resources/tests_data.json'","time":{"start":1752199292441,"stop":1752199292441,"duration":0}},{"uid":"a0a6e59463e82a07","reportUrl":"https://nirtal85.github.io/Selenium-Python-Example/710//#testresult/a0a6e59463e82a07","status":"broken","statusDetails":"FileNotFoundError: [Errno 2] No such file or directory: '/home/runner/work/Selenium-Python-Example/Selenium-Python-Example/src/resources/tests_data.json'","time":{"start":1752112738203,"stop":1752112738203,"duration":0}},{"uid":"414b64d5f8661ba6","reportUrl":"https://nirtal85.github.io/Selenium-Python-Example/709//#testresult/414b64d5f8661ba6","status":"broken","statusDetails":"FileNotFoundError: [Errno 2] No such file or directory: '/home/runner/work/Selenium-Python-Example/Selenium-Python-Example/src/resources/tests_data.json'","time":{"start":1752026333320,"stop":1752026333320,"duration":0}},{"uid":"f89369fd474f1867","reportUrl":"https://nirtal85.github.io/Selenium-Python-Example/708//#testresult/f89369fd474f1867","status":"broken","statusDetails":"FileNotFoundError: [Errno 2] No such file or directory: '/home/runner/work/Selenium-Python-Example/Selenium-Python-Example/src/resources/tests_data.json'","time":{"start":1751939866010,"stop":1751939866010,"duration":0}},{"uid":"6d31790e622916a5","reportUrl":"https://nirtal85.github.io/Selenium-Python-Example/707//#testresult/6d31790e622916a5","status":"broken","statusDetails":"FileNotFoundError: [Errno 2] No such file or directory: '/home/runner/work/Selenium-Python-Example/Selenium-Python-Example/src/resources/tests_data.json'","time":{"start":1751853756528,"stop":1751853756528,"duration":0}},{"uid":"91614ddd91352789","reportUrl":"https://nirtal85.github.io/Selenium-Python-Example/706//#testresult/91614ddd91352789","status":"broken","statusDetails":"FileNotFoundError: [Errno 2] No such file or directory: '/home/runner/work/Selenium-Python-Example/Selenium-Python-Example/src/resources/tests_data.json'","time":{"start":1751767538543,"stop":1751767538543,"duration":0}},{"uid":"70c849852f97f361","reportUrl":"https://nirtal85.github.io/Selenium-Python-Example/705//#testresult/70c849852f97f361","status":"broken","statusDetails":"FileNotFoundError: [Errno 2] No such file or directory: '/home/runner/work/Selenium-Python-Example/Selenium-Python-Example/src/resources/tests_data.json'","time":{"start":1751680344882,"stop":1751680344882,"duration":0}},{"uid":"b8b51dca39d58b98","reportUrl":"https://nirtal85.github.io/Selenium-Python-Example/704//#testresult/b8b51dca39d58b98","status":"broken","statusDetails":"FileNotFoundError: [Errno 2] No such file or directory: '/home/runner/work/Selenium-Python-Example/Selenium-Python-Example/src/resources/tests_data.json'","time":{"start":1751594180704,"stop":1751594180704,"duration":0}},{"uid":"47cca6eae0948e99","reportUrl":"https://nirtal85.github.io/Selenium-Python-Example/703//#testresult/47cca6eae0948e99","status":"broken","statusDetails":"FileNotFoundError: [Errno 2] No such file or directory: '/home/runner/work/Selenium-Python-Example/Selenium-Python-Example/src/resources/tests_data.json'","time":{"start":1751507812602,"stop":1751507812602,"duration":0}},{"uid":"f9dfe6853a9e961b","reportUrl":"https://nirtal85.github.io/Selenium-Python-Example/702//#testresult/f9dfe6853a9e961b","status":"broken","statusDetails":"FileNotFoundError: [Errno 2] No such file or directory: '/home/runner/work/Selenium-Python-Example/Selenium-Python-Example/src/resources/tests_data.json'","time":{"start":1751421392933,"stop":1751421392933,"duration":0}},{"uid":"67f66c8d408e6c81","reportUrl":"https://nirtal85.github.io/Selenium-Python-Example/701//#testresult/67f66c8d408e6c81","status":"broken","statusDetails":"FileNotFoundError: [Errno 2] No such file or directory: '/home/runner/work/Selenium-Python-Example/Selenium-Python-Example/src/resources/tests_data.json'","time":{"start":1751335676906,"stop":1751335676906,"duration":0}}]},"tags":[]},"source":"618f01a9e8b9724d.json","parameterValues":[]}