{"uid":"b3c7e7bb7b4fb269","name":"Number of projects displayed in page test","fullName":"tests.workspaces_test.TestWorkspaces#test_number_of_existing_projects","historyId":"34e866e263d4a1ed453e065aefe8091d","time":{"start":1752977573904,"stop":1752977573904,"duration":0},"description":"Compare between the actual number of projects seen on page and the number shown in workspaces block","descriptionHtml":"<p>Compare between the actual number of projects seen on page and the number shown in workspaces block</p>\n","status":"broken","statusMessage":"selenium.common.exceptions.TimeoutException: Message: \nStacktrace:\n#0 0x55a78697653a <unknown>\n#1 0x55a786471f00 <unknown>\n#2 0x55a7864c1c0c <unknown>\n#3 0x55a7864c1e31 <unknown>\n#4 0x55a786507bd4 <unknown>\n#5 0x55a7864e65cd <unknown>\n#6 0x55a786504f84 <unknown>\n#7 0x55a7864e6343 <unknown>\n#8 0x55a7864b378a <unknown>\n#9 0x55a7864b49de <unknown>\n#10 0x55a7869402cb <unknown>\n#11 0x55a786944242 <unknown>\n#12 0x55a78692d7ac <unknown>\n#13 0x55a786944df7 <unknown>\n#14 0x55a786911b2f <unknown>\n#15 0x55a7869651a8 <unknown>\n#16 0x55a786965370 <unknown>\n#17 0x55a7869753b6 <unknown>\n#18 0x7fb7b929caa4 <unknown>\n#19 0x7fb7b9329c3c <unknown>","statusTrace":"self = <tests.workspaces_test.TestWorkspaces object at 0x7f57bf8c16e0>\n\n    @pytest.fixture(autouse=True)\n    def setup_method_fixture(self):\n>       login(self.about_page, self.login_page)\n\ntests/workspaces_test.py:25: \n_ _ _ _ _ _ _ _ _ _ _ _ _ _ _ _ _ _ _ _ _ _ _ _ _ _ _ _ _ _ _ _ _ _ _ _ _ _ _ _ \ntests/workspaces_test.py:15: in login\n    about_page.click_login_link()\nsrc/pages/about_page.py:18: in click_login_link\n    self.click(self.LOGIN_LINK)\nsrc/pages/base_page.py:59: in click\n    el: WebElement = self.wait.until(expected_conditions.element_to_be_clickable(locator))\n                     ^^^^^^^^^^^^^^^^^^^^^^^^^^^^^^^^^^^^^^^^^^^^^^^^^^^^^^^^^^^^^^^^^^^^^\n_ _ _ _ _ _ _ _ _ _ _ _ _ _ _ _ _ _ _ _ _ _ _ _ _ _ _ _ _ _ _ _ _ _ _ _ _ _ _ _ \n\nself = <selenium.webdriver.support.wait.WebDriverWait (session=\"da863b92fb6e5485cdf5dfdf09eb681d\")>\nmethod = <function element_to_be_clickable.<locals>._predicate at 0x7f57bf925bc0>\nmessage = ''\n\n    def until(self, method: Callable[[D], Union[Literal[False], T]], message: str = \"\") -> T:\n        \"\"\"Wait until the method returns a value that is not False.\n    \n        Calls the method provided with the driver as an argument until the\n        return value does not evaluate to ``False``.\n    \n        Parameters:\n        -----------\n        method: callable(WebDriver)\n            - A callable object that takes a WebDriver instance as an argument.\n    \n        message: str\n            - Optional message for :exc:`TimeoutException`\n    \n        Return:\n        -------\n        object: T\n            - The result of the last call to `method`\n    \n        Raises:\n        -------\n        TimeoutException\n            - If 'method' does not return a truthy value within the WebDriverWait\n            object's timeout\n    \n        Example:\n        --------\n        >>> from selenium.webdriver.common.by import By\n        >>> from selenium.webdriver.support.ui import WebDriverWait\n        >>> from selenium.webdriver.support import expected_conditions as EC\n    \n        # Wait until an element is visible on the page\n        >>> wait = WebDriverWait(driver, 10)\n        >>> element = wait.until(EC.visibility_of_element_located((By.ID, \"exampleId\")))\n        >>> print(element.text)\n        \"\"\"\n        screen = None\n        stacktrace = None\n    \n        end_time = time.monotonic() + self._timeout\n        while True:\n            try:\n                value = method(self._driver)\n                if value:\n                    return value\n            except self._ignored_exceptions as exc:\n                screen = getattr(exc, \"screen\", None)\n                stacktrace = getattr(exc, \"stacktrace\", None)\n            if time.monotonic() > end_time:\n                break\n            time.sleep(self._poll)\n>       raise TimeoutException(message, screen, stacktrace)\nE       selenium.common.exceptions.TimeoutException: Message: \nE       Stacktrace:\nE       #0 0x55a78697653a <unknown>\nE       #1 0x55a786471f00 <unknown>\nE       #2 0x55a7864c1c0c <unknown>\nE       #3 0x55a7864c1e31 <unknown>\nE       #4 0x55a786507bd4 <unknown>\nE       #5 0x55a7864e65cd <unknown>\nE       #6 0x55a786504f84 <unknown>\nE       #7 0x55a7864e6343 <unknown>\nE       #8 0x55a7864b378a <unknown>\nE       #9 0x55a7864b49de <unknown>\nE       #10 0x55a7869402cb <unknown>\nE       #11 0x55a786944242 <unknown>\nE       #12 0x55a78692d7ac <unknown>\nE       #13 0x55a786944df7 <unknown>\nE       #14 0x55a786911b2f <unknown>\nE       #15 0x55a7869651a8 <unknown>\nE       #16 0x55a786965370 <unknown>\nE       #17 0x55a7869753b6 <unknown>\nE       #18 0x7fb7b929caa4 <unknown>\nE       #19 0x7fb7b9329c3c <unknown>\n\n.venv/lib/python3.13/site-packages/selenium/webdriver/support/wait.py:138: TimeoutException","flaky":false,"newFailed":false,"newBroken":false,"newPassed":false,"retriesCount":0,"retriesStatusChange":false,"beforeStages":[{"name":"base_url","time":{"start":1752977537465,"stop":1752977537465,"duration":0},"status":"passed","steps":[],"attachments":[],"parameters":[],"shouldDisplayMessage":false,"stepsCount":0,"attachmentsCount":0,"hasContent":false,"attachmentStep":false},{"name":"_verify_url","time":{"start":1752977537465,"stop":1752977537465,"duration":0},"status":"passed","steps":[],"attachments":[],"parameters":[],"shouldDisplayMessage":false,"stepsCount":0,"attachmentsCount":0,"hasContent":false,"attachmentStep":false},{"name":"session_request","time":{"start":1752977537466,"stop":1752977537466,"duration":0},"status":"passed","steps":[],"attachments":[],"parameters":[],"shouldDisplayMessage":false,"stepsCount":0,"attachmentsCount":0,"hasContent":false,"attachmentStep":false},{"name":"setup_method_fixture","time":{"start":1752977577182,"stop":1752977587559,"duration":10377},"status":"broken","statusMessage":"selenium.common.exceptions.TimeoutException: Message: \nStacktrace:\n#0 0x55a78697653a <unknown>\n#1 0x55a786471f00 <unknown>\n#2 0x55a7864c1c0c <unknown>\n#3 0x55a7864c1e31 <unknown>\n#4 0x55a786507bd4 <unknown>\n#5 0x55a7864e65cd <unknown>\n#6 0x55a786504f84 <unknown>\n#7 0x55a7864e6343 <unknown>\n#8 0x55a7864b378a <unknown>\n#9 0x55a7864b49de <unknown>\n#10 0x55a7869402cb <unknown>\n#11 0x55a786944242 <unknown>\n#12 0x55a78692d7ac <unknown>\n#13 0x55a786944df7 <unknown>\n#14 0x55a786911b2f <unknown>\n#15 0x55a7869651a8 <unknown>\n#16 0x55a786965370 <unknown>\n#17 0x55a7869753b6 <unknown>\n#18 0x7fb7b929caa4 <unknown>\n#19 0x7fb7b9329c3c <unknown>\n\n","statusTrace":"  File \"/home/runner/work/Selenium-Python-Example/Selenium-Python-Example/.venv/lib/python3.13/site-packages/pluggy/_callers.py\", line 167, in _multicall\n    teardown.throw(outcome._exception)\n    ~~~~~~~~~~~~~~^^^^^^^^^^^^^^^^^^^^\n  File \"/home/runner/work/Selenium-Python-Example/Selenium-Python-Example/.venv/lib/python3.13/site-packages/_pytest/setuponly.py\", line 36, in pytest_fixture_setup\n    return (yield)\n            ^^^^^\n  File \"/home/runner/work/Selenium-Python-Example/Selenium-Python-Example/.venv/lib/python3.13/site-packages/pluggy/_callers.py\", line 103, in _multicall\n    res = hook_impl.function(*args)\n  File \"/home/runner/work/Selenium-Python-Example/Selenium-Python-Example/.venv/lib/python3.13/site-packages/_pytest/fixtures.py\", line 1195, in pytest_fixture_setup\n    result = call_fixture_func(fixturefunc, request, kwargs)\n  File \"/home/runner/work/Selenium-Python-Example/Selenium-Python-Example/.venv/lib/python3.13/site-packages/_pytest/fixtures.py\", line 929, in call_fixture_func\n    fixture_result = fixturefunc(**kwargs)\n  File \"/home/runner/work/Selenium-Python-Example/Selenium-Python-Example/tests/workspaces_test.py\", line 25, in setup_method_fixture\n    login(self.about_page, self.login_page)\n    ~~~~~^^^^^^^^^^^^^^^^^^^^^^^^^^^^^^^^^^\n  File \"/home/runner/work/Selenium-Python-Example/Selenium-Python-Example/tests/workspaces_test.py\", line 15, in login\n    about_page.click_login_link()\n    ~~~~~~~~~~~~~~~~~~~~~~~~~~~^^\n  File \"/home/runner/work/Selenium-Python-Example/Selenium-Python-Example/.venv/lib/python3.13/site-packages/allure_commons/_allure.py\", line 202, in impl\n    return func(*a, **kw)\n  File \"/home/runner/work/Selenium-Python-Example/Selenium-Python-Example/src/pages/about_page.py\", line 18, in click_login_link\n    self.click(self.LOGIN_LINK)\n    ~~~~~~~~~~^^^^^^^^^^^^^^^^^\n  File \"/home/runner/work/Selenium-Python-Example/Selenium-Python-Example/src/pages/base_page.py\", line 59, in click\n    el: WebElement = self.wait.until(expected_conditions.element_to_be_clickable(locator))\n                     ~~~~~~~~~~~~~~~^^^^^^^^^^^^^^^^^^^^^^^^^^^^^^^^^^^^^^^^^^^^^^^^^^^^^^\n  File \"/home/runner/work/Selenium-Python-Example/Selenium-Python-Example/.venv/lib/python3.13/site-packages/selenium/webdriver/support/wait.py\", line 138, in until\n    raise TimeoutException(message, screen, stacktrace)\n","steps":[{"name":"Click Login link","time":{"start":1752977577182,"stop":1752977587558,"duration":10376},"status":"broken","statusMessage":"selenium.common.exceptions.TimeoutException: Message: \nStacktrace:\n#0 0x55a78697653a <unknown>\n#1 0x55a786471f00 <unknown>\n#2 0x55a7864c1c0c <unknown>\n#3 0x55a7864c1e31 <unknown>\n#4 0x55a786507bd4 <unknown>\n#5 0x55a7864e65cd <unknown>\n#6 0x55a786504f84 <unknown>\n#7 0x55a7864e6343 <unknown>\n#8 0x55a7864b378a <unknown>\n#9 0x55a7864b49de <unknown>\n#10 0x55a7869402cb <unknown>\n#11 0x55a786944242 <unknown>\n#12 0x55a78692d7ac <unknown>\n#13 0x55a786944df7 <unknown>\n#14 0x55a786911b2f <unknown>\n#15 0x55a7869651a8 <unknown>\n#16 0x55a786965370 <unknown>\n#17 0x55a7869753b6 <unknown>\n#18 0x7fb7b929caa4 <unknown>\n#19 0x7fb7b9329c3c <unknown>\n\n","statusTrace":"  File \"/home/runner/work/Selenium-Python-Example/Selenium-Python-Example/.venv/lib/python3.13/site-packages/allure_commons/_allure.py\", line 202, in impl\n    return func(*a, **kw)\n  File \"/home/runner/work/Selenium-Python-Example/Selenium-Python-Example/src/pages/about_page.py\", line 18, in click_login_link\n    self.click(self.LOGIN_LINK)\n    ~~~~~~~~~~^^^^^^^^^^^^^^^^^\n  File \"/home/runner/work/Selenium-Python-Example/Selenium-Python-Example/src/pages/base_page.py\", line 59, in click\n    el: WebElement = self.wait.until(expected_conditions.element_to_be_clickable(locator))\n                     ~~~~~~~~~~~~~~~^^^^^^^^^^^^^^^^^^^^^^^^^^^^^^^^^^^^^^^^^^^^^^^^^^^^^^\n  File \"/home/runner/work/Selenium-Python-Example/Selenium-Python-Example/.venv/lib/python3.13/site-packages/selenium/webdriver/support/wait.py\", line 138, in until\n    raise TimeoutException(message, screen, stacktrace)\n","steps":[],"attachments":[],"parameters":[],"shouldDisplayMessage":true,"stepsCount":0,"attachmentsCount":0,"hasContent":true,"attachmentStep":false}],"attachments":[],"parameters":[],"shouldDisplayMessage":false,"stepsCount":1,"attachmentsCount":0,"hasContent":true,"attachmentStep":false}],"testStage":{"description":"Compare between the actual number of projects seen on page and the number shown in workspaces block","status":"broken","statusMessage":"selenium.common.exceptions.TimeoutException: Message: \nStacktrace:\n#0 0x55a78697653a <unknown>\n#1 0x55a786471f00 <unknown>\n#2 0x55a7864c1c0c <unknown>\n#3 0x55a7864c1e31 <unknown>\n#4 0x55a786507bd4 <unknown>\n#5 0x55a7864e65cd <unknown>\n#6 0x55a786504f84 <unknown>\n#7 0x55a7864e6343 <unknown>\n#8 0x55a7864b378a <unknown>\n#9 0x55a7864b49de <unknown>\n#10 0x55a7869402cb <unknown>\n#11 0x55a786944242 <unknown>\n#12 0x55a78692d7ac <unknown>\n#13 0x55a786944df7 <unknown>\n#14 0x55a786911b2f <unknown>\n#15 0x55a7869651a8 <unknown>\n#16 0x55a786965370 <unknown>\n#17 0x55a7869753b6 <unknown>\n#18 0x7fb7b929caa4 <unknown>\n#19 0x7fb7b9329c3c <unknown>","statusTrace":"self = <tests.workspaces_test.TestWorkspaces object at 0x7f57bf8c16e0>\n\n    @pytest.fixture(autouse=True)\n    def setup_method_fixture(self):\n>       login(self.about_page, self.login_page)\n\ntests/workspaces_test.py:25: \n_ _ _ _ _ _ _ _ _ _ _ _ _ _ _ _ _ _ _ _ _ _ _ _ _ _ _ _ _ _ _ _ _ _ _ _ _ _ _ _ \ntests/workspaces_test.py:15: in login\n    about_page.click_login_link()\nsrc/pages/about_page.py:18: in click_login_link\n    self.click(self.LOGIN_LINK)\nsrc/pages/base_page.py:59: in click\n    el: WebElement = self.wait.until(expected_conditions.element_to_be_clickable(locator))\n                     ^^^^^^^^^^^^^^^^^^^^^^^^^^^^^^^^^^^^^^^^^^^^^^^^^^^^^^^^^^^^^^^^^^^^^\n_ _ _ _ _ _ _ _ _ _ _ _ _ _ _ _ _ _ _ _ _ _ _ _ _ _ _ _ _ _ _ _ _ _ _ _ _ _ _ _ \n\nself = <selenium.webdriver.support.wait.WebDriverWait (session=\"da863b92fb6e5485cdf5dfdf09eb681d\")>\nmethod = <function element_to_be_clickable.<locals>._predicate at 0x7f57bf925bc0>\nmessage = ''\n\n    def until(self, method: Callable[[D], Union[Literal[False], T]], message: str = \"\") -> T:\n        \"\"\"Wait until the method returns a value that is not False.\n    \n        Calls the method provided with the driver as an argument until the\n        return value does not evaluate to ``False``.\n    \n        Parameters:\n        -----------\n        method: callable(WebDriver)\n            - A callable object that takes a WebDriver instance as an argument.\n    \n        message: str\n            - Optional message for :exc:`TimeoutException`\n    \n        Return:\n        -------\n        object: T\n            - The result of the last call to `method`\n    \n        Raises:\n        -------\n        TimeoutException\n            - If 'method' does not return a truthy value within the WebDriverWait\n            object's timeout\n    \n        Example:\n        --------\n        >>> from selenium.webdriver.common.by import By\n        >>> from selenium.webdriver.support.ui import WebDriverWait\n        >>> from selenium.webdriver.support import expected_conditions as EC\n    \n        # Wait until an element is visible on the page\n        >>> wait = WebDriverWait(driver, 10)\n        >>> element = wait.until(EC.visibility_of_element_located((By.ID, \"exampleId\")))\n        >>> print(element.text)\n        \"\"\"\n        screen = None\n        stacktrace = None\n    \n        end_time = time.monotonic() + self._timeout\n        while True:\n            try:\n                value = method(self._driver)\n                if value:\n                    return value\n            except self._ignored_exceptions as exc:\n                screen = getattr(exc, \"screen\", None)\n                stacktrace = getattr(exc, \"stacktrace\", None)\n            if time.monotonic() > end_time:\n                break\n            time.sleep(self._poll)\n>       raise TimeoutException(message, screen, stacktrace)\nE       selenium.common.exceptions.TimeoutException: Message: \nE       Stacktrace:\nE       #0 0x55a78697653a <unknown>\nE       #1 0x55a786471f00 <unknown>\nE       #2 0x55a7864c1c0c <unknown>\nE       #3 0x55a7864c1e31 <unknown>\nE       #4 0x55a786507bd4 <unknown>\nE       #5 0x55a7864e65cd <unknown>\nE       #6 0x55a786504f84 <unknown>\nE       #7 0x55a7864e6343 <unknown>\nE       #8 0x55a7864b378a <unknown>\nE       #9 0x55a7864b49de <unknown>\nE       #10 0x55a7869402cb <unknown>\nE       #11 0x55a786944242 <unknown>\nE       #12 0x55a78692d7ac <unknown>\nE       #13 0x55a786944df7 <unknown>\nE       #14 0x55a786911b2f <unknown>\nE       #15 0x55a7869651a8 <unknown>\nE       #16 0x55a786965370 <unknown>\nE       #17 0x55a7869753b6 <unknown>\nE       #18 0x7fb7b929caa4 <unknown>\nE       #19 0x7fb7b9329c3c <unknown>\n\n.venv/lib/python3.13/site-packages/selenium/webdriver/support/wait.py:138: TimeoutException","steps":[{"name":"public ip address","time":{"start":1752977587572,"stop":1752977587608,"duration":36},"status":"passed","steps":[],"attachments":[{"uid":"221b2422304d4877","name":"HTTP logs of http://checkip.amazonaws.com/","source":"221b2422304d4877.txt","type":"text/plain","size":357}],"parameters":[],"shouldDisplayMessage":false,"stepsCount":0,"attachmentsCount":1,"hasContent":true,"attachmentStep":false}],"attachments":[{"uid":"e229656f0bbf79b9","name":"Cookies","source":"e229656f0bbf79b9.json","type":"application/json","size":4116},{"uid":"2f120485064b3c2a","name":"Session Storage","source":"2f120485064b3c2a.json","type":"application/json","size":359},{"uid":"6695353c4c5a550a","name":"Local Storage","source":"6695353c4c5a550a.json","type":"application/json","size":548},{"uid":"eedb3f3c2066152c","name":"Full Page Screenshot","source":"eedb3f3c2066152c.png","type":"image/png","size":1980724},{"uid":"c4c3250181e96ff7","name":"URL","source":"c4c3250181e96ff7.uri","type":"text/uri-list","size":23},{"uid":"28c6c7838b0d30e5","name":"Network Logs","source":"28c6c7838b0d30e5.json","type":"application/json","size":10199004}],"parameters":[],"shouldDisplayMessage":true,"stepsCount":1,"attachmentsCount":7,"hasContent":true,"attachmentStep":false},"afterStages":[{"name":"session_request::0","time":{"start":1752977621602,"stop":1752977621602,"duration":0},"status":"passed","steps":[],"attachments":[],"parameters":[],"shouldDisplayMessage":false,"stepsCount":0,"attachmentsCount":0,"hasContent":false,"attachmentStep":false}],"labels":[{"name":"severity","value":"normal"},{"name":"story","value":"WorkSpaces Creation and Editing Functionality"},{"name":"epic","value":"Workspaces"},{"name":"parentSuite","value":"tests"},{"name":"suite","value":"workspaces_test"},{"name":"subSuite","value":"TestWorkspaces"},{"name":"host","value":"pkrvmq0rgcvqdmg"},{"name":"thread","value":"2170-MainThread"},{"name":"framework","value":"pytest"},{"name":"language","value":"cpython3"},{"name":"package","value":"tests.workspaces_test"},{"name":"resultFormat","value":"allure2"}],"parameters":[],"links":[],"hidden":false,"retry":false,"extra":{"severity":"normal","retries":[],"categories":[{"name":"Test defects","matchedStatuses":[],"flaky":false}],"history":{"statistic":{"failed":0,"broken":20,"skipped":0,"passed":0,"unknown":0,"total":20},"items":[{"uid":"a548f8a2468fcd3","reportUrl":"https://nirtal85.github.io/Selenium-Python-Example/719//#testresult/a548f8a2468fcd3","status":"broken","statusDetails":"selenium.common.exceptions.TimeoutException: Message: \nStacktrace:\n#0 0x562fb5da153a <unknown>\n#1 0x562fb589cf00 <unknown>\n#2 0x562fb58ecc0c <unknown>\n#3 0x562fb58ece31 <unknown>\n#4 0x562fb5932bd4 <unknown>\n#5 0x562fb59115cd <unknown>\n#6 0x562fb592ff84 <unknown>\n#7 0x562fb5911343 <unknown>\n#8 0x562fb58de78a <unknown>\n#9 0x562fb58df9de <unknown>\n#10 0x562fb5d6b2cb <unknown>\n#11 0x562fb5d6f242 <unknown>\n#12 0x562fb5d587ac <unknown>\n#13 0x562fb5d6fdf7 <unknown>\n#14 0x562fb5d3cb2f <unknown>\n#15 0x562fb5d901a8 <unknown>\n#16 0x562fb5d90370 <unknown>\n#17 0x562fb5da03b6 <unknown>\n#18 0x7fefd429caa4 <unknown>\n#19 0x7fefd4329c3c <unknown>","time":{"start":1752890352446,"stop":1752890352446,"duration":0}},{"uid":"be4ccdcd400afd04","reportUrl":"https://nirtal85.github.io/Selenium-Python-Example/718//#testresult/be4ccdcd400afd04","status":"broken","statusDetails":"selenium.common.exceptions.TimeoutException: Message: \nStacktrace:\n#0 0x55bef592553a <unknown>\n#1 0x55bef5420f00 <unknown>\n#2 0x55bef5470c0c <unknown>\n#3 0x55bef5470e31 <unknown>\n#4 0x55bef54b6bd4 <unknown>\n#5 0x55bef54955cd <unknown>\n#6 0x55bef54b3f84 <unknown>\n#7 0x55bef5495343 <unknown>\n#8 0x55bef546278a <unknown>\n#9 0x55bef54639de <unknown>\n#10 0x55bef58ef2cb <unknown>\n#11 0x55bef58f3242 <unknown>\n#12 0x55bef58dc7ac <unknown>\n#13 0x55bef58f3df7 <unknown>\n#14 0x55bef58c0b2f <unknown>\n#15 0x55bef59141a8 <unknown>\n#16 0x55bef5914370 <unknown>\n#17 0x55bef59243b6 <unknown>\n#18 0x7f634789caa4 <unknown>\n#19 0x7f6347929c3c <unknown>","time":{"start":1752804310797,"stop":1752804310797,"duration":0}},{"uid":"4531744e7b2fbc96","reportUrl":"https://nirtal85.github.io/Selenium-Python-Example/717//#testresult/4531744e7b2fbc96","status":"broken","statusDetails":"selenium.common.exceptions.TimeoutException: Message: \nStacktrace:\n#0 0x55addfde253a <unknown>\n#1 0x55addf8ddf00 <unknown>\n#2 0x55addf92dc0c <unknown>\n#3 0x55addf92de31 <unknown>\n#4 0x55addf973bd4 <unknown>\n#5 0x55addf9525cd <unknown>\n#6 0x55addf970f84 <unknown>\n#7 0x55addf952343 <unknown>\n#8 0x55addf91f78a <unknown>\n#9 0x55addf9209de <unknown>\n#10 0x55addfdac2cb <unknown>\n#11 0x55addfdb0242 <unknown>\n#12 0x55addfd997ac <unknown>\n#13 0x55addfdb0df7 <unknown>\n#14 0x55addfd7db2f <unknown>\n#15 0x55addfdd11a8 <unknown>\n#16 0x55addfdd1370 <unknown>\n#17 0x55addfde13b6 <unknown>\n#18 0x7f6ac369caa4 <unknown>\n#19 0x7f6ac3729c3c <unknown>","time":{"start":1752717816989,"stop":1752717816989,"duration":0}},{"uid":"15bd4cc3f6c07f40","reportUrl":"https://nirtal85.github.io/Selenium-Python-Example/716//#testresult/15bd4cc3f6c07f40","status":"broken","statusDetails":"selenium.common.exceptions.TimeoutException: Message: \nStacktrace:\n#0 0x55ad3813453a <unknown>\n#1 0x55ad37c2ff00 <unknown>\n#2 0x55ad37c7fc0c <unknown>\n#3 0x55ad37c7fe31 <unknown>\n#4 0x55ad37cc5bd4 <unknown>\n#5 0x55ad37ca45cd <unknown>\n#6 0x55ad37cc2f84 <unknown>\n#7 0x55ad37ca4343 <unknown>\n#8 0x55ad37c7178a <unknown>\n#9 0x55ad37c729de <unknown>\n#10 0x55ad380fe2cb <unknown>\n#11 0x55ad38102242 <unknown>\n#12 0x55ad380eb7ac <unknown>\n#13 0x55ad38102df7 <unknown>\n#14 0x55ad380cfb2f <unknown>\n#15 0x55ad381231a8 <unknown>\n#16 0x55ad38123370 <unknown>\n#17 0x55ad381333b6 <unknown>\n#18 0x7f8e1729caa4 <unknown>\n#19 0x7f8e17329c3c <unknown>","time":{"start":1752631388062,"stop":1752631388062,"duration":0}},{"uid":"3071ba97df467c42","reportUrl":"https://nirtal85.github.io/Selenium-Python-Example/715//#testresult/3071ba97df467c42","status":"broken","statusDetails":"selenium.common.exceptions.TimeoutException: Message: \nStacktrace:\n#0 0x557ef90d053a <unknown>\n#1 0x557ef8bcbf00 <unknown>\n#2 0x557ef8c1bc0c <unknown>\n#3 0x557ef8c1be31 <unknown>\n#4 0x557ef8c61bd4 <unknown>\n#5 0x557ef8c405cd <unknown>\n#6 0x557ef8c5ef84 <unknown>\n#7 0x557ef8c40343 <unknown>\n#8 0x557ef8c0d78a <unknown>\n#9 0x557ef8c0e9de <unknown>\n#10 0x557ef909a2cb <unknown>\n#11 0x557ef909e242 <unknown>\n#12 0x557ef90877ac <unknown>\n#13 0x557ef909edf7 <unknown>\n#14 0x557ef906bb2f <unknown>\n#15 0x557ef90bf1a8 <unknown>\n#16 0x557ef90bf370 <unknown>\n#17 0x557ef90cf3b6 <unknown>\n#18 0x7f15e7c9caa4 <unknown>\n#19 0x7f15e7d29c3c <unknown>","time":{"start":1752545205917,"stop":1752545205917,"duration":0}},{"uid":"a95578d0515fd6c1","reportUrl":"https://nirtal85.github.io/Selenium-Python-Example/714//#testresult/a95578d0515fd6c1","status":"broken","statusDetails":"selenium.common.exceptions.TimeoutException: Message: \nStacktrace:\n#0 0x55a6d8abb53a <unknown>\n#1 0x55a6d85b6f00 <unknown>\n#2 0x55a6d8606c0c <unknown>\n#3 0x55a6d8606e31 <unknown>\n#4 0x55a6d864cbd4 <unknown>\n#5 0x55a6d862b5cd <unknown>\n#6 0x55a6d8649f84 <unknown>\n#7 0x55a6d862b343 <unknown>\n#8 0x55a6d85f878a <unknown>\n#9 0x55a6d85f99de <unknown>\n#10 0x55a6d8a852cb <unknown>\n#11 0x55a6d8a89242 <unknown>\n#12 0x55a6d8a727ac <unknown>\n#13 0x55a6d8a89df7 <unknown>\n#14 0x55a6d8a56b2f <unknown>\n#15 0x55a6d8aaa1a8 <unknown>\n#16 0x55a6d8aaa370 <unknown>\n#17 0x55a6d8aba3b6 <unknown>\n#18 0x7f0beb89caa4 <unknown>\n#19 0x7f0beb929c3c <unknown>","time":{"start":1752458815577,"stop":1752458815577,"duration":0}},{"uid":"4611e6b1da0ebb79","reportUrl":"https://nirtal85.github.io/Selenium-Python-Example/713//#testresult/4611e6b1da0ebb79","status":"broken","statusDetails":"selenium.common.exceptions.TimeoutException: Message: \nStacktrace:\n#0 0x560f46a5b53a <unknown>\n#1 0x560f46556f00 <unknown>\n#2 0x560f465a6c0c <unknown>\n#3 0x560f465a6e31 <unknown>\n#4 0x560f465ecbd4 <unknown>\n#5 0x560f465cb5cd <unknown>\n#6 0x560f465e9f84 <unknown>\n#7 0x560f465cb343 <unknown>\n#8 0x560f4659878a <unknown>\n#9 0x560f465999de <unknown>\n#10 0x560f46a252cb <unknown>\n#11 0x560f46a29242 <unknown>\n#12 0x560f46a127ac <unknown>\n#13 0x560f46a29df7 <unknown>\n#14 0x560f469f6b2f <unknown>\n#15 0x560f46a4a1a8 <unknown>\n#16 0x560f46a4a370 <unknown>\n#17 0x560f46a5a3b6 <unknown>\n#18 0x7f1793a9caa4 <unknown>\n#19 0x7f1793b29c3c <unknown>","time":{"start":1752372668625,"stop":1752372668625,"duration":0}},{"uid":"bfbe134d20538f5a","reportUrl":"https://nirtal85.github.io/Selenium-Python-Example/712//#testresult/bfbe134d20538f5a","status":"broken","statusDetails":"selenium.common.exceptions.TimeoutException: Message: \nStacktrace:\n#0 0x55d27f2d753a <unknown>\n#1 0x55d27edd2f00 <unknown>\n#2 0x55d27ee22c0c <unknown>\n#3 0x55d27ee22e31 <unknown>\n#4 0x55d27ee68bd4 <unknown>\n#5 0x55d27ee475cd <unknown>\n#6 0x55d27ee65f84 <unknown>\n#7 0x55d27ee47343 <unknown>\n#8 0x55d27ee1478a <unknown>\n#9 0x55d27ee159de <unknown>\n#10 0x55d27f2a12cb <unknown>\n#11 0x55d27f2a5242 <unknown>\n#12 0x55d27f28e7ac <unknown>\n#13 0x55d27f2a5df7 <unknown>\n#14 0x55d27f272b2f <unknown>\n#15 0x55d27f2c61a8 <unknown>\n#16 0x55d27f2c6370 <unknown>\n#17 0x55d27f2d63b6 <unknown>\n#18 0x7febb809caa4 <unknown>\n#19 0x7febb8129c3c <unknown>","time":{"start":1752285762187,"stop":1752285762187,"duration":0}},{"uid":"78d94d6afe1e4a13","reportUrl":"https://nirtal85.github.io/Selenium-Python-Example/711//#testresult/78d94d6afe1e4a13","status":"broken","statusDetails":"selenium.common.exceptions.TimeoutException: Message: \nStacktrace:\n#0 0x55e049ab553a <unknown>\n#1 0x55e0495b0f00 <unknown>\n#2 0x55e049600c0c <unknown>\n#3 0x55e049600e31 <unknown>\n#4 0x55e049646bd4 <unknown>\n#5 0x55e0496255cd <unknown>\n#6 0x55e049643f84 <unknown>\n#7 0x55e049625343 <unknown>\n#8 0x55e0495f278a <unknown>\n#9 0x55e0495f39de <unknown>\n#10 0x55e049a7f2cb <unknown>\n#11 0x55e049a83242 <unknown>\n#12 0x55e049a6c7ac <unknown>\n#13 0x55e049a83df7 <unknown>\n#14 0x55e049a50b2f <unknown>\n#15 0x55e049aa41a8 <unknown>\n#16 0x55e049aa4370 <unknown>\n#17 0x55e049ab43b6 <unknown>\n#18 0x7f3a5d49caa4 <unknown>\n#19 0x7f3a5d529c3c <unknown>","time":{"start":1752199325856,"stop":1752199325856,"duration":0}},{"uid":"ae74050fcf9d96c","reportUrl":"https://nirtal85.github.io/Selenium-Python-Example/710//#testresult/ae74050fcf9d96c","status":"broken","statusDetails":"selenium.common.exceptions.TimeoutException: Message: \nStacktrace:\n#0 0x55e611ce253a <unknown>\n#1 0x55e6117ddf00 <unknown>\n#2 0x55e61182dc0c <unknown>\n#3 0x55e61182de31 <unknown>\n#4 0x55e611873bd4 <unknown>\n#5 0x55e6118525cd <unknown>\n#6 0x55e611870f84 <unknown>\n#7 0x55e611852343 <unknown>\n#8 0x55e61181f78a <unknown>\n#9 0x55e6118209de <unknown>\n#10 0x55e611cac2cb <unknown>\n#11 0x55e611cb0242 <unknown>\n#12 0x55e611c997ac <unknown>\n#13 0x55e611cb0df7 <unknown>\n#14 0x55e611c7db2f <unknown>\n#15 0x55e611cd11a8 <unknown>\n#16 0x55e611cd1370 <unknown>\n#17 0x55e611ce13b6 <unknown>\n#18 0x7fd30109caa4 <unknown>\n#19 0x7fd301129c3c <unknown>","time":{"start":1752112770629,"stop":1752112770629,"duration":0}},{"uid":"af44a08c1956850a","reportUrl":"https://nirtal85.github.io/Selenium-Python-Example/709//#testresult/af44a08c1956850a","status":"broken","statusDetails":"selenium.common.exceptions.TimeoutException: Message: \nStacktrace:\n#0 0x55a364d4a53a <unknown>\n#1 0x55a364845f00 <unknown>\n#2 0x55a364895c0c <unknown>\n#3 0x55a364895e31 <unknown>\n#4 0x55a3648dbbd4 <unknown>\n#5 0x55a3648ba5cd <unknown>\n#6 0x55a3648d8f84 <unknown>\n#7 0x55a3648ba343 <unknown>\n#8 0x55a36488778a <unknown>\n#9 0x55a3648889de <unknown>\n#10 0x55a364d142cb <unknown>\n#11 0x55a364d18242 <unknown>\n#12 0x55a364d017ac <unknown>\n#13 0x55a364d18df7 <unknown>\n#14 0x55a364ce5b2f <unknown>\n#15 0x55a364d391a8 <unknown>\n#16 0x55a364d39370 <unknown>\n#17 0x55a364d493b6 <unknown>\n#18 0x7f6b2d29caa4 <unknown>\n#19 0x7f6b2d329c3c <unknown>","time":{"start":1752026365773,"stop":1752026365773,"duration":0}},{"uid":"5a326b77e4ca6018","reportUrl":"https://nirtal85.github.io/Selenium-Python-Example/708//#testresult/5a326b77e4ca6018","status":"broken","statusDetails":"selenium.common.exceptions.TimeoutException: Message: \nStacktrace:\n#0 0x561ef32d853a <unknown>\n#1 0x561ef2dd3f00 <unknown>\n#2 0x561ef2e23c0c <unknown>\n#3 0x561ef2e23e31 <unknown>\n#4 0x561ef2e69bd4 <unknown>\n#5 0x561ef2e485cd <unknown>\n#6 0x561ef2e66f84 <unknown>\n#7 0x561ef2e48343 <unknown>\n#8 0x561ef2e1578a <unknown>\n#9 0x561ef2e169de <unknown>\n#10 0x561ef32a22cb <unknown>\n#11 0x561ef32a6242 <unknown>\n#12 0x561ef328f7ac <unknown>\n#13 0x561ef32a6df7 <unknown>\n#14 0x561ef3273b2f <unknown>\n#15 0x561ef32c71a8 <unknown>\n#16 0x561ef32c7370 <unknown>\n#17 0x561ef32d73b6 <unknown>\n#18 0x7f40b289caa4 <unknown>\n#19 0x7f40b2929c3c <unknown>","time":{"start":1751939898122,"stop":1751939898122,"duration":0}},{"uid":"70ddce6e4e4692c6","reportUrl":"https://nirtal85.github.io/Selenium-Python-Example/707//#testresult/70ddce6e4e4692c6","status":"broken","statusDetails":"selenium.common.exceptions.TimeoutException: Message: \nStacktrace:\n#0 0x56360e12e53a <unknown>\n#1 0x56360dc29f00 <unknown>\n#2 0x56360dc79c0c <unknown>\n#3 0x56360dc79e31 <unknown>\n#4 0x56360dcbfbd4 <unknown>\n#5 0x56360dc9e5cd <unknown>\n#6 0x56360dcbcf84 <unknown>\n#7 0x56360dc9e343 <unknown>\n#8 0x56360dc6b78a <unknown>\n#9 0x56360dc6c9de <unknown>\n#10 0x56360e0f82cb <unknown>\n#11 0x56360e0fc242 <unknown>\n#12 0x56360e0e57ac <unknown>\n#13 0x56360e0fcdf7 <unknown>\n#14 0x56360e0c9b2f <unknown>\n#15 0x56360e11d1a8 <unknown>\n#16 0x56360e11d370 <unknown>\n#17 0x56360e12d3b6 <unknown>\n#18 0x7f9b11c9caa4 <unknown>\n#19 0x7f9b11d29c3c <unknown>","time":{"start":1751853798002,"stop":1751853798002,"duration":0}},{"uid":"e9eb31896f066aae","reportUrl":"https://nirtal85.github.io/Selenium-Python-Example/706//#testresult/e9eb31896f066aae","status":"broken","statusDetails":"selenium.common.exceptions.TimeoutException: Message: \nStacktrace:\n#0 0x55e93f8fa53a <unknown>\n#1 0x55e93f3f5f00 <unknown>\n#2 0x55e93f445c0c <unknown>\n#3 0x55e93f445e31 <unknown>\n#4 0x55e93f48bbd4 <unknown>\n#5 0x55e93f46a5cd <unknown>\n#6 0x55e93f488f84 <unknown>\n#7 0x55e93f46a343 <unknown>\n#8 0x55e93f43778a <unknown>\n#9 0x55e93f4389de <unknown>\n#10 0x55e93f8c42cb <unknown>\n#11 0x55e93f8c8242 <unknown>\n#12 0x55e93f8b17ac <unknown>\n#13 0x55e93f8c8df7 <unknown>\n#14 0x55e93f895b2f <unknown>\n#15 0x55e93f8e91a8 <unknown>\n#16 0x55e93f8e9370 <unknown>\n#17 0x55e93f8f93b6 <unknown>\n#18 0x7fcb6249caa4 <unknown>\n#19 0x7fcb62529c3c <unknown>","time":{"start":1751767572812,"stop":1751767572812,"duration":0}},{"uid":"8d8beb092bda3641","reportUrl":"https://nirtal85.github.io/Selenium-Python-Example/705//#testresult/8d8beb092bda3641","status":"broken","statusDetails":"selenium.common.exceptions.TimeoutException: Message: \nStacktrace:\n#0 0x556f246cc53a <unknown>\n#1 0x556f241c7f00 <unknown>\n#2 0x556f24217c0c <unknown>\n#3 0x556f24217e31 <unknown>\n#4 0x556f2425dbd4 <unknown>\n#5 0x556f2423c5cd <unknown>\n#6 0x556f2425af84 <unknown>\n#7 0x556f2423c343 <unknown>\n#8 0x556f2420978a <unknown>\n#9 0x556f2420a9de <unknown>\n#10 0x556f246962cb <unknown>\n#11 0x556f2469a242 <unknown>\n#12 0x556f246837ac <unknown>\n#13 0x556f2469adf7 <unknown>\n#14 0x556f24667b2f <unknown>\n#15 0x556f246bb1a8 <unknown>\n#16 0x556f246bb370 <unknown>\n#17 0x556f246cb3b6 <unknown>\n#18 0x7f2141c9caa4 <unknown>\n#19 0x7f2141d29c3c <unknown>","time":{"start":1751680378139,"stop":1751680378139,"duration":0}},{"uid":"4149215bc6ab5afe","reportUrl":"https://nirtal85.github.io/Selenium-Python-Example/704//#testresult/4149215bc6ab5afe","status":"broken","statusDetails":"selenium.common.exceptions.TimeoutException: Message: \nStacktrace:\n#0 0x55e0e565c53a <unknown>\n#1 0x55e0e5157f00 <unknown>\n#2 0x55e0e51a7c0c <unknown>\n#3 0x55e0e51a7e31 <unknown>\n#4 0x55e0e51edbd4 <unknown>\n#5 0x55e0e51cc5cd <unknown>\n#6 0x55e0e51eaf84 <unknown>\n#7 0x55e0e51cc343 <unknown>\n#8 0x55e0e519978a <unknown>\n#9 0x55e0e519a9de <unknown>\n#10 0x55e0e56262cb <unknown>\n#11 0x55e0e562a242 <unknown>\n#12 0x55e0e56137ac <unknown>\n#13 0x55e0e562adf7 <unknown>\n#14 0x55e0e55f7b2f <unknown>\n#15 0x55e0e564b1a8 <unknown>\n#16 0x55e0e564b370 <unknown>\n#17 0x55e0e565b3b6 <unknown>\n#18 0x7fafb4c9caa4 <unknown>\n#19 0x7fafb4d29c3c <unknown>","time":{"start":1751594214549,"stop":1751594214549,"duration":0}},{"uid":"67c074a69459e395","reportUrl":"https://nirtal85.github.io/Selenium-Python-Example/703//#testresult/67c074a69459e395","status":"broken","statusDetails":"selenium.common.exceptions.TimeoutException: Message: \nStacktrace:\n#0 0x555d1ce2853a <unknown>\n#1 0x555d1c923f00 <unknown>\n#2 0x555d1c973c0c <unknown>\n#3 0x555d1c973e31 <unknown>\n#4 0x555d1c9b9bd4 <unknown>\n#5 0x555d1c9985cd <unknown>\n#6 0x555d1c9b6f84 <unknown>\n#7 0x555d1c998343 <unknown>\n#8 0x555d1c96578a <unknown>\n#9 0x555d1c9669de <unknown>\n#10 0x555d1cdf22cb <unknown>\n#11 0x555d1cdf6242 <unknown>\n#12 0x555d1cddf7ac <unknown>\n#13 0x555d1cdf6df7 <unknown>\n#14 0x555d1cdc3b2f <unknown>\n#15 0x555d1ce171a8 <unknown>\n#16 0x555d1ce17370 <unknown>\n#17 0x555d1ce273b6 <unknown>\n#18 0x7f37c849caa4 <unknown>\n#19 0x7f37c8529c3c <unknown>","time":{"start":1751507849670,"stop":1751507849670,"duration":0}},{"uid":"a800a1b69c7a37d4","reportUrl":"https://nirtal85.github.io/Selenium-Python-Example/702//#testresult/a800a1b69c7a37d4","status":"broken","statusDetails":"selenium.common.exceptions.TimeoutException: Message: \nStacktrace:\n#0 0x55f05f47853a <unknown>\n#1 0x55f05ef73f00 <unknown>\n#2 0x55f05efc3c0c <unknown>\n#3 0x55f05efc3e31 <unknown>\n#4 0x55f05f009bd4 <unknown>\n#5 0x55f05efe85cd <unknown>\n#6 0x55f05f006f84 <unknown>\n#7 0x55f05efe8343 <unknown>\n#8 0x55f05efb578a <unknown>\n#9 0x55f05efb69de <unknown>\n#10 0x55f05f4422cb <unknown>\n#11 0x55f05f446242 <unknown>\n#12 0x55f05f42f7ac <unknown>\n#13 0x55f05f446df7 <unknown>\n#14 0x55f05f413b2f <unknown>\n#15 0x55f05f4671a8 <unknown>\n#16 0x55f05f467370 <unknown>\n#17 0x55f05f4773b6 <unknown>\n#18 0x7ff3f629caa4 <unknown>\n#19 0x7ff3f6329c3c <unknown>","time":{"start":1751421426500,"stop":1751421426500,"duration":0}},{"uid":"66239e9ade1719c3","reportUrl":"https://nirtal85.github.io/Selenium-Python-Example/701//#testresult/66239e9ade1719c3","status":"broken","statusDetails":"selenium.common.exceptions.TimeoutException: Message: \nStacktrace:\n#0 0x55f6270ae53a <unknown>\n#1 0x55f626ba9f00 <unknown>\n#2 0x55f626bf9c0c <unknown>\n#3 0x55f626bf9e31 <unknown>\n#4 0x55f626c3fbd4 <unknown>\n#5 0x55f626c1e5cd <unknown>\n#6 0x55f626c3cf84 <unknown>\n#7 0x55f626c1e343 <unknown>\n#8 0x55f626beb78a <unknown>\n#9 0x55f626bec9de <unknown>\n#10 0x55f6270782cb <unknown>\n#11 0x55f62707c242 <unknown>\n#12 0x55f6270657ac <unknown>\n#13 0x55f62707cdf7 <unknown>\n#14 0x55f627049b2f <unknown>\n#15 0x55f62709d1a8 <unknown>\n#16 0x55f62709d370 <unknown>\n#17 0x55f6270ad3b6 <unknown>\n#18 0x7fafc7a9caa4 <unknown>\n#19 0x7fafc7b29c3c <unknown>","time":{"start":1751335711771,"stop":1751335711771,"duration":0}}]},"tags":[]},"source":"b3c7e7bb7b4fb269.json","parameterValues":[]}