{"uid":"d67dbde961f5d0ad","name":"Delete existing workspace","fullName":"tests.workspaces_test.TestWorkspaces#test_delete_workspace","historyId":"085ae9bea926da8512f07258dfb5df8c","time":{"start":1758851021965,"stop":1758851021965,"duration":0},"description":"Delete an existing workspace","descriptionHtml":"<p>Delete an existing workspace</p>\n","status":"broken","statusMessage":"selenium.common.exceptions.TimeoutException: Message: \nStacktrace:\n#0 0x564b8a0cf53a <unknown>\n#1 0x564b89bcaf00 <unknown>\n#2 0x564b89c1ac0c <unknown>\n#3 0x564b89c1ae31 <unknown>\n#4 0x564b89c60bd4 <unknown>\n#5 0x564b89c3f5cd <unknown>\n#6 0x564b89c5df84 <unknown>\n#7 0x564b89c3f343 <unknown>\n#8 0x564b89c0c78a <unknown>\n#9 0x564b89c0d9de <unknown>\n#10 0x564b8a0992cb <unknown>\n#11 0x564b8a09d242 <unknown>\n#12 0x564b8a0867ac <unknown>\n#13 0x564b8a09ddf7 <unknown>\n#14 0x564b8a06ab2f <unknown>\n#15 0x564b8a0be1a8 <unknown>\n#16 0x564b8a0be370 <unknown>\n#17 0x564b8a0ce3b6 <unknown>\n#18 0x7f67cee9caa4 <unknown>\n#19 0x7f67cef29c6c <unknown>","statusTrace":"self = <tests.workspaces_test.TestWorkspaces object at 0x7f2f21476fd0>\n\n    @pytest.fixture(autouse=True)\n    def setup_method_fixture(self):\n>       login(self.about_page, self.login_page)\n\ntests/workspaces_test.py:25: \n_ _ _ _ _ _ _ _ _ _ _ _ _ _ _ _ _ _ _ _ _ _ _ _ _ _ _ _ _ _ _ _ _ _ _ _ _ _ _ _ \ntests/workspaces_test.py:15: in login\n    about_page.click_login_link()\nsrc/pages/about_page.py:18: in click_login_link\n    self.click(self.LOGIN_LINK)\nsrc/pages/base_page.py:59: in click\n    el: WebElement = self.wait.until(expected_conditions.element_to_be_clickable(locator))\n                     ^^^^^^^^^^^^^^^^^^^^^^^^^^^^^^^^^^^^^^^^^^^^^^^^^^^^^^^^^^^^^^^^^^^^^\n_ _ _ _ _ _ _ _ _ _ _ _ _ _ _ _ _ _ _ _ _ _ _ _ _ _ _ _ _ _ _ _ _ _ _ _ _ _ _ _ \n\nself = <selenium.webdriver.support.wait.WebDriverWait (session=\"c4747bbb2fb37fe5e093447e0b678ffe\")>\nmethod = <function element_to_be_clickable.<locals>._predicate at 0x7f2f215ad440>\nmessage = ''\n\n    def until(self, method: Callable[[D], Union[Literal[False], T]], message: str = \"\") -> T:\n        \"\"\"Wait until the method returns a value that is not False.\n    \n        Calls the method provided with the driver as an argument until the\n        return value does not evaluate to ``False``.\n    \n        Parameters:\n        -----------\n        method: callable(WebDriver)\n            - A callable object that takes a WebDriver instance as an argument.\n    \n        message: str\n            - Optional message for :exc:`TimeoutException`\n    \n        Return:\n        -------\n        object: T\n            - The result of the last call to `method`\n    \n        Raises:\n        -------\n        TimeoutException\n            - If 'method' does not return a truthy value within the WebDriverWait\n            object's timeout\n    \n        Example:\n        --------\n        >>> from selenium.webdriver.common.by import By\n        >>> from selenium.webdriver.support.ui import WebDriverWait\n        >>> from selenium.webdriver.support import expected_conditions as EC\n    \n        # Wait until an element is visible on the page\n        >>> wait = WebDriverWait(driver, 10)\n        >>> element = wait.until(EC.visibility_of_element_located((By.ID, \"exampleId\")))\n        >>> print(element.text)\n        \"\"\"\n        screen = None\n        stacktrace = None\n    \n        end_time = time.monotonic() + self._timeout\n        while True:\n            try:\n                value = method(self._driver)\n                if value:\n                    return value\n            except self._ignored_exceptions as exc:\n                screen = getattr(exc, \"screen\", None)\n                stacktrace = getattr(exc, \"stacktrace\", None)\n            if time.monotonic() > end_time:\n                break\n            time.sleep(self._poll)\n>       raise TimeoutException(message, screen, stacktrace)\nE       selenium.common.exceptions.TimeoutException: Message: \nE       Stacktrace:\nE       #0 0x564b8a0cf53a <unknown>\nE       #1 0x564b89bcaf00 <unknown>\nE       #2 0x564b89c1ac0c <unknown>\nE       #3 0x564b89c1ae31 <unknown>\nE       #4 0x564b89c60bd4 <unknown>\nE       #5 0x564b89c3f5cd <unknown>\nE       #6 0x564b89c5df84 <unknown>\nE       #7 0x564b89c3f343 <unknown>\nE       #8 0x564b89c0c78a <unknown>\nE       #9 0x564b89c0d9de <unknown>\nE       #10 0x564b8a0992cb <unknown>\nE       #11 0x564b8a09d242 <unknown>\nE       #12 0x564b8a0867ac <unknown>\nE       #13 0x564b8a09ddf7 <unknown>\nE       #14 0x564b8a06ab2f <unknown>\nE       #15 0x564b8a0be1a8 <unknown>\nE       #16 0x564b8a0be370 <unknown>\nE       #17 0x564b8a0ce3b6 <unknown>\nE       #18 0x7f67cee9caa4 <unknown>\nE       #19 0x7f67cef29c6c <unknown>\n\n.venv/lib/python3.13/site-packages/selenium/webdriver/support/wait.py:138: TimeoutException","flaky":false,"newFailed":false,"newBroken":false,"newPassed":false,"retriesCount":0,"retriesStatusChange":false,"beforeStages":[{"name":"base_url","time":{"start":1758851004818,"stop":1758851004818,"duration":0},"status":"passed","steps":[],"attachments":[],"parameters":[],"shouldDisplayMessage":false,"stepsCount":0,"attachmentsCount":0,"hasContent":false,"attachmentStep":false},{"name":"_verify_url","time":{"start":1758851004818,"stop":1758851004818,"duration":0},"status":"passed","steps":[],"attachments":[],"parameters":[],"shouldDisplayMessage":false,"stepsCount":0,"attachmentsCount":0,"hasContent":false,"attachmentStep":false},{"name":"session_request","time":{"start":1758851004818,"stop":1758851004818,"duration":0},"status":"passed","steps":[],"attachments":[],"parameters":[],"shouldDisplayMessage":false,"stepsCount":0,"attachmentsCount":0,"hasContent":false,"attachmentStep":false},{"name":"setup_method_fixture","time":{"start":1758851025148,"stop":1758851035526,"duration":10378},"status":"broken","statusMessage":"selenium.common.exceptions.TimeoutException: Message: \nStacktrace:\n#0 0x564b8a0cf53a <unknown>\n#1 0x564b89bcaf00 <unknown>\n#2 0x564b89c1ac0c <unknown>\n#3 0x564b89c1ae31 <unknown>\n#4 0x564b89c60bd4 <unknown>\n#5 0x564b89c3f5cd <unknown>\n#6 0x564b89c5df84 <unknown>\n#7 0x564b89c3f343 <unknown>\n#8 0x564b89c0c78a <unknown>\n#9 0x564b89c0d9de <unknown>\n#10 0x564b8a0992cb <unknown>\n#11 0x564b8a09d242 <unknown>\n#12 0x564b8a0867ac <unknown>\n#13 0x564b8a09ddf7 <unknown>\n#14 0x564b8a06ab2f <unknown>\n#15 0x564b8a0be1a8 <unknown>\n#16 0x564b8a0be370 <unknown>\n#17 0x564b8a0ce3b6 <unknown>\n#18 0x7f67cee9caa4 <unknown>\n#19 0x7f67cef29c6c <unknown>\n\n","statusTrace":"  File \"/home/runner/work/Selenium-Python-Example/Selenium-Python-Example/.venv/lib/python3.13/site-packages/pluggy/_callers.py\", line 167, in _multicall\n    teardown.throw(outcome._exception)\n    ~~~~~~~~~~~~~~^^^^^^^^^^^^^^^^^^^^\n  File \"/home/runner/work/Selenium-Python-Example/Selenium-Python-Example/.venv/lib/python3.13/site-packages/_pytest/setuponly.py\", line 36, in pytest_fixture_setup\n    return (yield)\n            ^^^^^\n  File \"/home/runner/work/Selenium-Python-Example/Selenium-Python-Example/.venv/lib/python3.13/site-packages/pluggy/_callers.py\", line 103, in _multicall\n    res = hook_impl.function(*args)\n  File \"/home/runner/work/Selenium-Python-Example/Selenium-Python-Example/.venv/lib/python3.13/site-packages/_pytest/fixtures.py\", line 1195, in pytest_fixture_setup\n    result = call_fixture_func(fixturefunc, request, kwargs)\n  File \"/home/runner/work/Selenium-Python-Example/Selenium-Python-Example/.venv/lib/python3.13/site-packages/_pytest/fixtures.py\", line 929, in call_fixture_func\n    fixture_result = fixturefunc(**kwargs)\n  File \"/home/runner/work/Selenium-Python-Example/Selenium-Python-Example/tests/workspaces_test.py\", line 25, in setup_method_fixture\n    login(self.about_page, self.login_page)\n    ~~~~~^^^^^^^^^^^^^^^^^^^^^^^^^^^^^^^^^^\n  File \"/home/runner/work/Selenium-Python-Example/Selenium-Python-Example/tests/workspaces_test.py\", line 15, in login\n    about_page.click_login_link()\n    ~~~~~~~~~~~~~~~~~~~~~~~~~~~^^\n  File \"/home/runner/work/Selenium-Python-Example/Selenium-Python-Example/.venv/lib/python3.13/site-packages/allure_commons/_allure.py\", line 202, in impl\n    return func(*a, **kw)\n  File \"/home/runner/work/Selenium-Python-Example/Selenium-Python-Example/src/pages/about_page.py\", line 18, in click_login_link\n    self.click(self.LOGIN_LINK)\n    ~~~~~~~~~~^^^^^^^^^^^^^^^^^\n  File \"/home/runner/work/Selenium-Python-Example/Selenium-Python-Example/src/pages/base_page.py\", line 59, in click\n    el: WebElement = self.wait.until(expected_conditions.element_to_be_clickable(locator))\n                     ~~~~~~~~~~~~~~~^^^^^^^^^^^^^^^^^^^^^^^^^^^^^^^^^^^^^^^^^^^^^^^^^^^^^^\n  File \"/home/runner/work/Selenium-Python-Example/Selenium-Python-Example/.venv/lib/python3.13/site-packages/selenium/webdriver/support/wait.py\", line 138, in until\n    raise TimeoutException(message, screen, stacktrace)\n","steps":[{"name":"Click Login link","time":{"start":1758851025149,"stop":1758851035525,"duration":10376},"status":"broken","statusMessage":"selenium.common.exceptions.TimeoutException: Message: \nStacktrace:\n#0 0x564b8a0cf53a <unknown>\n#1 0x564b89bcaf00 <unknown>\n#2 0x564b89c1ac0c <unknown>\n#3 0x564b89c1ae31 <unknown>\n#4 0x564b89c60bd4 <unknown>\n#5 0x564b89c3f5cd <unknown>\n#6 0x564b89c5df84 <unknown>\n#7 0x564b89c3f343 <unknown>\n#8 0x564b89c0c78a <unknown>\n#9 0x564b89c0d9de <unknown>\n#10 0x564b8a0992cb <unknown>\n#11 0x564b8a09d242 <unknown>\n#12 0x564b8a0867ac <unknown>\n#13 0x564b8a09ddf7 <unknown>\n#14 0x564b8a06ab2f <unknown>\n#15 0x564b8a0be1a8 <unknown>\n#16 0x564b8a0be370 <unknown>\n#17 0x564b8a0ce3b6 <unknown>\n#18 0x7f67cee9caa4 <unknown>\n#19 0x7f67cef29c6c <unknown>\n\n","statusTrace":"  File \"/home/runner/work/Selenium-Python-Example/Selenium-Python-Example/.venv/lib/python3.13/site-packages/allure_commons/_allure.py\", line 202, in impl\n    return func(*a, **kw)\n  File \"/home/runner/work/Selenium-Python-Example/Selenium-Python-Example/src/pages/about_page.py\", line 18, in click_login_link\n    self.click(self.LOGIN_LINK)\n    ~~~~~~~~~~^^^^^^^^^^^^^^^^^\n  File \"/home/runner/work/Selenium-Python-Example/Selenium-Python-Example/src/pages/base_page.py\", line 59, in click\n    el: WebElement = self.wait.until(expected_conditions.element_to_be_clickable(locator))\n                     ~~~~~~~~~~~~~~~^^^^^^^^^^^^^^^^^^^^^^^^^^^^^^^^^^^^^^^^^^^^^^^^^^^^^^\n  File \"/home/runner/work/Selenium-Python-Example/Selenium-Python-Example/.venv/lib/python3.13/site-packages/selenium/webdriver/support/wait.py\", line 138, in until\n    raise TimeoutException(message, screen, stacktrace)\n","steps":[],"attachments":[],"parameters":[],"shouldDisplayMessage":true,"stepsCount":0,"attachmentsCount":0,"hasContent":true,"attachmentStep":false}],"attachments":[],"parameters":[],"shouldDisplayMessage":false,"stepsCount":1,"attachmentsCount":0,"hasContent":true,"attachmentStep":false}],"testStage":{"description":"Delete an existing workspace","status":"broken","statusMessage":"selenium.common.exceptions.TimeoutException: Message: \nStacktrace:\n#0 0x564b8a0cf53a <unknown>\n#1 0x564b89bcaf00 <unknown>\n#2 0x564b89c1ac0c <unknown>\n#3 0x564b89c1ae31 <unknown>\n#4 0x564b89c60bd4 <unknown>\n#5 0x564b89c3f5cd <unknown>\n#6 0x564b89c5df84 <unknown>\n#7 0x564b89c3f343 <unknown>\n#8 0x564b89c0c78a <unknown>\n#9 0x564b89c0d9de <unknown>\n#10 0x564b8a0992cb <unknown>\n#11 0x564b8a09d242 <unknown>\n#12 0x564b8a0867ac <unknown>\n#13 0x564b8a09ddf7 <unknown>\n#14 0x564b8a06ab2f <unknown>\n#15 0x564b8a0be1a8 <unknown>\n#16 0x564b8a0be370 <unknown>\n#17 0x564b8a0ce3b6 <unknown>\n#18 0x7f67cee9caa4 <unknown>\n#19 0x7f67cef29c6c <unknown>","statusTrace":"self = <tests.workspaces_test.TestWorkspaces object at 0x7f2f21476fd0>\n\n    @pytest.fixture(autouse=True)\n    def setup_method_fixture(self):\n>       login(self.about_page, self.login_page)\n\ntests/workspaces_test.py:25: \n_ _ _ _ _ _ _ _ _ _ _ _ _ _ _ _ _ _ _ _ _ _ _ _ _ _ _ _ _ _ _ _ _ _ _ _ _ _ _ _ \ntests/workspaces_test.py:15: in login\n    about_page.click_login_link()\nsrc/pages/about_page.py:18: in click_login_link\n    self.click(self.LOGIN_LINK)\nsrc/pages/base_page.py:59: in click\n    el: WebElement = self.wait.until(expected_conditions.element_to_be_clickable(locator))\n                     ^^^^^^^^^^^^^^^^^^^^^^^^^^^^^^^^^^^^^^^^^^^^^^^^^^^^^^^^^^^^^^^^^^^^^\n_ _ _ _ _ _ _ _ _ _ _ _ _ _ _ _ _ _ _ _ _ _ _ _ _ _ _ _ _ _ _ _ _ _ _ _ _ _ _ _ \n\nself = <selenium.webdriver.support.wait.WebDriverWait (session=\"c4747bbb2fb37fe5e093447e0b678ffe\")>\nmethod = <function element_to_be_clickable.<locals>._predicate at 0x7f2f215ad440>\nmessage = ''\n\n    def until(self, method: Callable[[D], Union[Literal[False], T]], message: str = \"\") -> T:\n        \"\"\"Wait until the method returns a value that is not False.\n    \n        Calls the method provided with the driver as an argument until the\n        return value does not evaluate to ``False``.\n    \n        Parameters:\n        -----------\n        method: callable(WebDriver)\n            - A callable object that takes a WebDriver instance as an argument.\n    \n        message: str\n            - Optional message for :exc:`TimeoutException`\n    \n        Return:\n        -------\n        object: T\n            - The result of the last call to `method`\n    \n        Raises:\n        -------\n        TimeoutException\n            - If 'method' does not return a truthy value within the WebDriverWait\n            object's timeout\n    \n        Example:\n        --------\n        >>> from selenium.webdriver.common.by import By\n        >>> from selenium.webdriver.support.ui import WebDriverWait\n        >>> from selenium.webdriver.support import expected_conditions as EC\n    \n        # Wait until an element is visible on the page\n        >>> wait = WebDriverWait(driver, 10)\n        >>> element = wait.until(EC.visibility_of_element_located((By.ID, \"exampleId\")))\n        >>> print(element.text)\n        \"\"\"\n        screen = None\n        stacktrace = None\n    \n        end_time = time.monotonic() + self._timeout\n        while True:\n            try:\n                value = method(self._driver)\n                if value:\n                    return value\n            except self._ignored_exceptions as exc:\n                screen = getattr(exc, \"screen\", None)\n                stacktrace = getattr(exc, \"stacktrace\", None)\n            if time.monotonic() > end_time:\n                break\n            time.sleep(self._poll)\n>       raise TimeoutException(message, screen, stacktrace)\nE       selenium.common.exceptions.TimeoutException: Message: \nE       Stacktrace:\nE       #0 0x564b8a0cf53a <unknown>\nE       #1 0x564b89bcaf00 <unknown>\nE       #2 0x564b89c1ac0c <unknown>\nE       #3 0x564b89c1ae31 <unknown>\nE       #4 0x564b89c60bd4 <unknown>\nE       #5 0x564b89c3f5cd <unknown>\nE       #6 0x564b89c5df84 <unknown>\nE       #7 0x564b89c3f343 <unknown>\nE       #8 0x564b89c0c78a <unknown>\nE       #9 0x564b89c0d9de <unknown>\nE       #10 0x564b8a0992cb <unknown>\nE       #11 0x564b8a09d242 <unknown>\nE       #12 0x564b8a0867ac <unknown>\nE       #13 0x564b8a09ddf7 <unknown>\nE       #14 0x564b8a06ab2f <unknown>\nE       #15 0x564b8a0be1a8 <unknown>\nE       #16 0x564b8a0be370 <unknown>\nE       #17 0x564b8a0ce3b6 <unknown>\nE       #18 0x7f67cee9caa4 <unknown>\nE       #19 0x7f67cef29c6c <unknown>\n\n.venv/lib/python3.13/site-packages/selenium/webdriver/support/wait.py:138: TimeoutException","steps":[{"name":"public ip address","time":{"start":1758851035538,"stop":1758851035629,"duration":91},"status":"passed","steps":[],"attachments":[{"uid":"aadceb152ea51a29","name":"HTTP logs of http://checkip.amazonaws.com/","source":"aadceb152ea51a29.txt","type":"text/plain","size":357}],"parameters":[],"shouldDisplayMessage":false,"stepsCount":0,"attachmentsCount":1,"hasContent":true,"attachmentStep":false}],"attachments":[{"uid":"f3c5624bf4b27f78","name":"Cookies","source":"f3c5624bf4b27f78.json","type":"application/json","size":4117},{"uid":"ebef10d1351bbbe2","name":"Session Storage","source":"ebef10d1351bbbe2.json","type":"application/json","size":359},{"uid":"1a7620a62ff794bb","name":"Local Storage","source":"1a7620a62ff794bb.json","type":"application/json","size":563},{"uid":"5f1e697faa7b21d5","name":"Full Page Screenshot","source":"5f1e697faa7b21d5.png","type":"image/png","size":2041671},{"uid":"6e0a6b82aa04a636","name":"URL","source":"6e0a6b82aa04a636.uri","type":"text/uri-list","size":23},{"uid":"3853b78bb710941f","name":"Network Logs","source":"3853b78bb710941f.json","type":"application/json","size":7928834}],"parameters":[],"shouldDisplayMessage":true,"stepsCount":1,"attachmentsCount":7,"hasContent":true,"attachmentStep":false},"afterStages":[{"name":"session_request::0","time":{"start":1758851079535,"stop":1758851079535,"duration":0},"status":"passed","steps":[],"attachments":[],"parameters":[],"shouldDisplayMessage":false,"stepsCount":0,"attachmentsCount":0,"hasContent":false,"attachmentStep":false}],"labels":[{"name":"story","value":"WorkSpaces Creation and Editing Functionality"},{"name":"severity","value":"normal"},{"name":"epic","value":"Workspaces"},{"name":"parentSuite","value":"tests"},{"name":"suite","value":"workspaces_test"},{"name":"subSuite","value":"TestWorkspaces"},{"name":"host","value":"runnervm3ublj"},{"name":"thread","value":"2155-MainThread"},{"name":"framework","value":"pytest"},{"name":"language","value":"cpython3"},{"name":"package","value":"tests.workspaces_test"},{"name":"resultFormat","value":"allure2"}],"parameters":[],"links":[],"hidden":false,"retry":false,"extra":{"severity":"normal","retries":[],"categories":[{"name":"Test defects","matchedStatuses":[],"flaky":false}],"history":{"statistic":{"failed":0,"broken":25,"skipped":0,"passed":0,"unknown":0,"total":25},"items":[{"uid":"e99038832a3ba6fb","reportUrl":"https://nirtal85.github.io/Selenium-Python-Example/787//#testresult/e99038832a3ba6fb","status":"broken","statusDetails":"selenium.common.exceptions.TimeoutException: Message: \nStacktrace:\n#0 0x563d15ca353a <unknown>\n#1 0x563d1579ef00 <unknown>\n#2 0x563d157eec0c <unknown>\n#3 0x563d157eee31 <unknown>\n#4 0x563d15834bd4 <unknown>\n#5 0x563d158135cd <unknown>\n#6 0x563d15831f84 <unknown>\n#7 0x563d15813343 <unknown>\n#8 0x563d157e078a <unknown>\n#9 0x563d157e19de <unknown>\n#10 0x563d15c6d2cb <unknown>\n#11 0x563d15c71242 <unknown>\n#12 0x563d15c5a7ac <unknown>\n#13 0x563d15c71df7 <unknown>\n#14 0x563d15c3eb2f <unknown>\n#15 0x563d15c921a8 <unknown>\n#16 0x563d15c92370 <unknown>\n#17 0x563d15ca23b6 <unknown>\n#18 0x7fc694e9caa4 <unknown>\n#19 0x7fc694f29c6c <unknown>","time":{"start":1758764689750,"stop":1758764689750,"duration":0}},{"uid":"c1a03812f6d9b67f","reportUrl":"https://nirtal85.github.io/Selenium-Python-Example/786//#testresult/c1a03812f6d9b67f","status":"broken","statusDetails":"selenium.common.exceptions.TimeoutException: Message: \nStacktrace:\n#0 0x561ca0e3653a <unknown>\n#1 0x561ca0931f00 <unknown>\n#2 0x561ca0981c0c <unknown>\n#3 0x561ca0981e31 <unknown>\n#4 0x561ca09c7bd4 <unknown>\n#5 0x561ca09a65cd <unknown>\n#6 0x561ca09c4f84 <unknown>\n#7 0x561ca09a6343 <unknown>\n#8 0x561ca097378a <unknown>\n#9 0x561ca09749de <unknown>\n#10 0x561ca0e002cb <unknown>\n#11 0x561ca0e04242 <unknown>\n#12 0x561ca0ded7ac <unknown>\n#13 0x561ca0e04df7 <unknown>\n#14 0x561ca0dd1b2f <unknown>\n#15 0x561ca0e251a8 <unknown>\n#16 0x561ca0e25370 <unknown>\n#17 0x561ca0e353b6 <unknown>\n#18 0x7f268989caa4 <unknown>\n#19 0x7f2689929c3c <unknown>","time":{"start":1758678233599,"stop":1758678233599,"duration":0}},{"uid":"576bf125f52b2b83","reportUrl":"https://nirtal85.github.io/Selenium-Python-Example/785//#testresult/576bf125f52b2b83","status":"broken","statusDetails":"selenium.common.exceptions.TimeoutException: Message: \nStacktrace:\n#0 0x563871e1753a <unknown>\n#1 0x563871912f00 <unknown>\n#2 0x563871962c0c <unknown>\n#3 0x563871962e31 <unknown>\n#4 0x5638719a8bd4 <unknown>\n#5 0x5638719875cd <unknown>\n#6 0x5638719a5f84 <unknown>\n#7 0x563871987343 <unknown>\n#8 0x56387195478a <unknown>\n#9 0x5638719559de <unknown>\n#10 0x563871de12cb <unknown>\n#11 0x563871de5242 <unknown>\n#12 0x563871dce7ac <unknown>\n#13 0x563871de5df7 <unknown>\n#14 0x563871db2b2f <unknown>\n#15 0x563871e061a8 <unknown>\n#16 0x563871e06370 <unknown>\n#17 0x563871e163b6 <unknown>\n#18 0x7efe14e9caa4 <unknown>\n#19 0x7efe14f29c3c <unknown>","time":{"start":1758591754895,"stop":1758591754895,"duration":0}},{"uid":"5edd7ffe1667e38f","reportUrl":"https://nirtal85.github.io/Selenium-Python-Example/784//#testresult/5edd7ffe1667e38f","status":"broken","statusDetails":"selenium.common.exceptions.TimeoutException: Message: \nStacktrace:\n#0 0x55cb77d7753a <unknown>\n#1 0x55cb77872f00 <unknown>\n#2 0x55cb778c2c0c <unknown>\n#3 0x55cb778c2e31 <unknown>\n#4 0x55cb77908bd4 <unknown>\n#5 0x55cb778e75cd <unknown>\n#6 0x55cb77905f84 <unknown>\n#7 0x55cb778e7343 <unknown>\n#8 0x55cb778b478a <unknown>\n#9 0x55cb778b59de <unknown>\n#10 0x55cb77d412cb <unknown>\n#11 0x55cb77d45242 <unknown>\n#12 0x55cb77d2e7ac <unknown>\n#13 0x55cb77d45df7 <unknown>\n#14 0x55cb77d12b2f <unknown>\n#15 0x55cb77d661a8 <unknown>\n#16 0x55cb77d66370 <unknown>\n#17 0x55cb77d763b6 <unknown>\n#18 0x7f64aaa9caa4 <unknown>\n#19 0x7f64aab29c3c <unknown>","time":{"start":1758505917567,"stop":1758505917567,"duration":0}},{"uid":"7202fcc590ecc4d2","reportUrl":"https://nirtal85.github.io/Selenium-Python-Example/783//#testresult/7202fcc590ecc4d2","status":"broken","statusDetails":"selenium.common.exceptions.TimeoutException: Message: \nStacktrace:\n#0 0x5641aaab953a <unknown>\n#1 0x5641aa5b4f00 <unknown>\n#2 0x5641aa604c0c <unknown>\n#3 0x5641aa604e31 <unknown>\n#4 0x5641aa64abd4 <unknown>\n#5 0x5641aa6295cd <unknown>\n#6 0x5641aa647f84 <unknown>\n#7 0x5641aa629343 <unknown>\n#8 0x5641aa5f678a <unknown>\n#9 0x5641aa5f79de <unknown>\n#10 0x5641aaa832cb <unknown>\n#11 0x5641aaa87242 <unknown>\n#12 0x5641aaa707ac <unknown>\n#13 0x5641aaa87df7 <unknown>\n#14 0x5641aaa54b2f <unknown>\n#15 0x5641aaaa81a8 <unknown>\n#16 0x5641aaaa8370 <unknown>\n#17 0x5641aaab83b6 <unknown>\n#18 0x7f7b1bc9caa4 <unknown>\n#19 0x7f7b1bd29c3c <unknown>","time":{"start":1758419521114,"stop":1758419521114,"duration":0}},{"uid":"b2e3e900259ea167","reportUrl":"https://nirtal85.github.io/Selenium-Python-Example/782//#testresult/b2e3e900259ea167","status":"broken","statusDetails":"selenium.common.exceptions.TimeoutException: Message: \nStacktrace:\n#0 0x55d551d1f53a <unknown>\n#1 0x55d55181af00 <unknown>\n#2 0x55d55186ac0c <unknown>\n#3 0x55d55186ae31 <unknown>\n#4 0x55d5518b0bd4 <unknown>\n#5 0x55d55188f5cd <unknown>\n#6 0x55d5518adf84 <unknown>\n#7 0x55d55188f343 <unknown>\n#8 0x55d55185c78a <unknown>\n#9 0x55d55185d9de <unknown>\n#10 0x55d551ce92cb <unknown>\n#11 0x55d551ced242 <unknown>\n#12 0x55d551cd67ac <unknown>\n#13 0x55d551ceddf7 <unknown>\n#14 0x55d551cbab2f <unknown>\n#15 0x55d551d0e1a8 <unknown>\n#16 0x55d551d0e370 <unknown>\n#17 0x55d551d1e3b6 <unknown>\n#18 0x7facca09caa4 <unknown>\n#19 0x7facca129c3c <unknown>","time":{"start":1758332401965,"stop":1758332401965,"duration":0}},{"uid":"554b5ed68464c5ee","reportUrl":"https://nirtal85.github.io/Selenium-Python-Example/781//#testresult/554b5ed68464c5ee","status":"broken","statusDetails":"selenium.common.exceptions.TimeoutException: Message: \nStacktrace:\n#0 0x560b9a85453a <unknown>\n#1 0x560b9a34ff00 <unknown>\n#2 0x560b9a39fc0c <unknown>\n#3 0x560b9a39fe31 <unknown>\n#4 0x560b9a3e5bd4 <unknown>\n#5 0x560b9a3c45cd <unknown>\n#6 0x560b9a3e2f84 <unknown>\n#7 0x560b9a3c4343 <unknown>\n#8 0x560b9a39178a <unknown>\n#9 0x560b9a3929de <unknown>\n#10 0x560b9a81e2cb <unknown>\n#11 0x560b9a822242 <unknown>\n#12 0x560b9a80b7ac <unknown>\n#13 0x560b9a822df7 <unknown>\n#14 0x560b9a7efb2f <unknown>\n#15 0x560b9a8431a8 <unknown>\n#16 0x560b9a843370 <unknown>\n#17 0x560b9a8533b6 <unknown>\n#18 0x7f548689caa4 <unknown>\n#19 0x7f5486929c3c <unknown>","time":{"start":1758246280927,"stop":1758246280927,"duration":0}},{"uid":"2943b852742ea038","reportUrl":"https://nirtal85.github.io/Selenium-Python-Example/780//#testresult/2943b852742ea038","status":"broken","statusDetails":"selenium.common.exceptions.TimeoutException: Message: \nStacktrace:\n#0 0x55dc3131f53a <unknown>\n#1 0x55dc30e1af00 <unknown>\n#2 0x55dc30e6ac0c <unknown>\n#3 0x55dc30e6ae31 <unknown>\n#4 0x55dc30eb0bd4 <unknown>\n#5 0x55dc30e8f5cd <unknown>\n#6 0x55dc30eadf84 <unknown>\n#7 0x55dc30e8f343 <unknown>\n#8 0x55dc30e5c78a <unknown>\n#9 0x55dc30e5d9de <unknown>\n#10 0x55dc312e92cb <unknown>\n#11 0x55dc312ed242 <unknown>\n#12 0x55dc312d67ac <unknown>\n#13 0x55dc312eddf7 <unknown>\n#14 0x55dc312bab2f <unknown>\n#15 0x55dc3130e1a8 <unknown>\n#16 0x55dc3130e370 <unknown>\n#17 0x55dc3131e3b6 <unknown>\n#18 0x7fada4c9caa4 <unknown>\n#19 0x7fada4d29c3c <unknown>","time":{"start":1758159711899,"stop":1758159711899,"duration":0}},{"uid":"251a46d30e4a4f50","reportUrl":"https://nirtal85.github.io/Selenium-Python-Example/779//#testresult/251a46d30e4a4f50","status":"broken","statusDetails":"selenium.common.exceptions.TimeoutException: Message: \nStacktrace:\n#0 0x55582b59453a <unknown>\n#1 0x55582b08ff00 <unknown>\n#2 0x55582b0dfc0c <unknown>\n#3 0x55582b0dfe31 <unknown>\n#4 0x55582b125bd4 <unknown>\n#5 0x55582b1045cd <unknown>\n#6 0x55582b122f84 <unknown>\n#7 0x55582b104343 <unknown>\n#8 0x55582b0d178a <unknown>\n#9 0x55582b0d29de <unknown>\n#10 0x55582b55e2cb <unknown>\n#11 0x55582b562242 <unknown>\n#12 0x55582b54b7ac <unknown>\n#13 0x55582b562df7 <unknown>\n#14 0x55582b52fb2f <unknown>\n#15 0x55582b5831a8 <unknown>\n#16 0x55582b583370 <unknown>\n#17 0x55582b5933b6 <unknown>\n#18 0x7f7a0f49caa4 <unknown>\n#19 0x7f7a0f529c3c <unknown>","time":{"start":1758073322185,"stop":1758073322185,"duration":0}},{"uid":"95b91b496aef4c8c","reportUrl":"https://nirtal85.github.io/Selenium-Python-Example/778//#testresult/95b91b496aef4c8c","status":"broken","statusDetails":"selenium.common.exceptions.TimeoutException: Message: \nStacktrace:\n#0 0x55e1b9a7953a <unknown>\n#1 0x55e1b9574f00 <unknown>\n#2 0x55e1b95c4c0c <unknown>\n#3 0x55e1b95c4e31 <unknown>\n#4 0x55e1b960abd4 <unknown>\n#5 0x55e1b95e95cd <unknown>\n#6 0x55e1b9607f84 <unknown>\n#7 0x55e1b95e9343 <unknown>\n#8 0x55e1b95b678a <unknown>\n#9 0x55e1b95b79de <unknown>\n#10 0x55e1b9a432cb <unknown>\n#11 0x55e1b9a47242 <unknown>\n#12 0x55e1b9a307ac <unknown>\n#13 0x55e1b9a47df7 <unknown>\n#14 0x55e1b9a14b2f <unknown>\n#15 0x55e1b9a681a8 <unknown>\n#16 0x55e1b9a68370 <unknown>\n#17 0x55e1b9a783b6 <unknown>\n#18 0x7f1f1809caa4 <unknown>\n#19 0x7f1f18129c3c <unknown>","time":{"start":1757986924489,"stop":1757986924489,"duration":0}},{"uid":"9e16369d502133ca","reportUrl":"https://nirtal85.github.io/Selenium-Python-Example/777//#testresult/9e16369d502133ca","status":"broken","statusDetails":"selenium.common.exceptions.TimeoutException: Message: \nStacktrace:\n#0 0x55d88a36b53a <unknown>\n#1 0x55d889e66f00 <unknown>\n#2 0x55d889eb6c0c <unknown>\n#3 0x55d889eb6e31 <unknown>\n#4 0x55d889efcbd4 <unknown>\n#5 0x55d889edb5cd <unknown>\n#6 0x55d889ef9f84 <unknown>\n#7 0x55d889edb343 <unknown>\n#8 0x55d889ea878a <unknown>\n#9 0x55d889ea99de <unknown>\n#10 0x55d88a3352cb <unknown>\n#11 0x55d88a339242 <unknown>\n#12 0x55d88a3227ac <unknown>\n#13 0x55d88a339df7 <unknown>\n#14 0x55d88a306b2f <unknown>\n#15 0x55d88a35a1a8 <unknown>\n#16 0x55d88a35a370 <unknown>\n#17 0x55d88a36a3b6 <unknown>\n#18 0x7f7e2a69caa4 <unknown>\n#19 0x7f7e2a729c3c <unknown>","time":{"start":1757901006502,"stop":1757901006502,"duration":0}},{"uid":"71c943dfba437d60","reportUrl":"https://nirtal85.github.io/Selenium-Python-Example/776//#testresult/71c943dfba437d60","status":"broken","statusDetails":"selenium.common.exceptions.TimeoutException: Message: \nStacktrace:\n#0 0x55584eb4153a <unknown>\n#1 0x55584e63cf00 <unknown>\n#2 0x55584e68cc0c <unknown>\n#3 0x55584e68ce31 <unknown>\n#4 0x55584e6d2bd4 <unknown>\n#5 0x55584e6b15cd <unknown>\n#6 0x55584e6cff84 <unknown>\n#7 0x55584e6b1343 <unknown>\n#8 0x55584e67e78a <unknown>\n#9 0x55584e67f9de <unknown>\n#10 0x55584eb0b2cb <unknown>\n#11 0x55584eb0f242 <unknown>\n#12 0x55584eaf87ac <unknown>\n#13 0x55584eb0fdf7 <unknown>\n#14 0x55584eadcb2f <unknown>\n#15 0x55584eb301a8 <unknown>\n#16 0x55584eb30370 <unknown>\n#17 0x55584eb403b6 <unknown>\n#18 0x7f9056c9caa4 <unknown>\n#19 0x7f9056d29c3c <unknown>","time":{"start":1757814515875,"stop":1757814515875,"duration":0}},{"uid":"714ec8664667bfff","reportUrl":"https://nirtal85.github.io/Selenium-Python-Example/775//#testresult/714ec8664667bfff","status":"broken","statusDetails":"selenium.common.exceptions.TimeoutException: Message: \nStacktrace:\n#0 0x555e0130b53a <unknown>\n#1 0x555e00e06f00 <unknown>\n#2 0x555e00e56c0c <unknown>\n#3 0x555e00e56e31 <unknown>\n#4 0x555e00e9cbd4 <unknown>\n#5 0x555e00e7b5cd <unknown>\n#6 0x555e00e99f84 <unknown>\n#7 0x555e00e7b343 <unknown>\n#8 0x555e00e4878a <unknown>\n#9 0x555e00e499de <unknown>\n#10 0x555e012d52cb <unknown>\n#11 0x555e012d9242 <unknown>\n#12 0x555e012c27ac <unknown>\n#13 0x555e012d9df7 <unknown>\n#14 0x555e012a6b2f <unknown>\n#15 0x555e012fa1a8 <unknown>\n#16 0x555e012fa370 <unknown>\n#17 0x555e0130a3b6 <unknown>\n#18 0x7f27a3a9caa4 <unknown>\n#19 0x7f27a3b29c3c <unknown>","time":{"start":1757727384382,"stop":1757727384382,"duration":0}},{"uid":"a2efd46a7a462bac","reportUrl":"https://nirtal85.github.io/Selenium-Python-Example/774//#testresult/a2efd46a7a462bac","status":"broken","statusDetails":"selenium.common.exceptions.TimeoutException: Message: \nStacktrace:\n#0 0x562977e7153a <unknown>\n#1 0x56297796cf00 <unknown>\n#2 0x5629779bcc0c <unknown>\n#3 0x5629779bce31 <unknown>\n#4 0x562977a02bd4 <unknown>\n#5 0x5629779e15cd <unknown>\n#6 0x5629779fff84 <unknown>\n#7 0x5629779e1343 <unknown>\n#8 0x5629779ae78a <unknown>\n#9 0x5629779af9de <unknown>\n#10 0x562977e3b2cb <unknown>\n#11 0x562977e3f242 <unknown>\n#12 0x562977e287ac <unknown>\n#13 0x562977e3fdf7 <unknown>\n#14 0x562977e0cb2f <unknown>\n#15 0x562977e601a8 <unknown>\n#16 0x562977e60370 <unknown>\n#17 0x562977e703b6 <unknown>\n#18 0x7fa81269caa4 <unknown>\n#19 0x7fa812729c3c <unknown>","time":{"start":1757641261297,"stop":1757641261297,"duration":0}},{"uid":"ac055966a521ad7a","reportUrl":"https://nirtal85.github.io/Selenium-Python-Example/773//#testresult/ac055966a521ad7a","status":"broken","statusDetails":"selenium.common.exceptions.TimeoutException: Message: \nStacktrace:\n#0 0x5557b30ed53a <unknown>\n#1 0x5557b2be8f00 <unknown>\n#2 0x5557b2c38c0c <unknown>\n#3 0x5557b2c38e31 <unknown>\n#4 0x5557b2c7ebd4 <unknown>\n#5 0x5557b2c5d5cd <unknown>\n#6 0x5557b2c7bf84 <unknown>\n#7 0x5557b2c5d343 <unknown>\n#8 0x5557b2c2a78a <unknown>\n#9 0x5557b2c2b9de <unknown>\n#10 0x5557b30b72cb <unknown>\n#11 0x5557b30bb242 <unknown>\n#12 0x5557b30a47ac <unknown>\n#13 0x5557b30bbdf7 <unknown>\n#14 0x5557b3088b2f <unknown>\n#15 0x5557b30dc1a8 <unknown>\n#16 0x5557b30dc370 <unknown>\n#17 0x5557b30ec3b6 <unknown>\n#18 0x7fde1c69caa4 <unknown>\n#19 0x7fde1c729c3c <unknown>","time":{"start":1757555076873,"stop":1757555076873,"duration":0}},{"uid":"9955565027b473d6","reportUrl":"https://nirtal85.github.io/Selenium-Python-Example/772//#testresult/9955565027b473d6","status":"broken","statusDetails":"selenium.common.exceptions.TimeoutException: Message: \nStacktrace:\n#0 0x5574b0f0a53a <unknown>\n#1 0x5574b0a05f00 <unknown>\n#2 0x5574b0a55c0c <unknown>\n#3 0x5574b0a55e31 <unknown>\n#4 0x5574b0a9bbd4 <unknown>\n#5 0x5574b0a7a5cd <unknown>\n#6 0x5574b0a98f84 <unknown>\n#7 0x5574b0a7a343 <unknown>\n#8 0x5574b0a4778a <unknown>\n#9 0x5574b0a489de <unknown>\n#10 0x5574b0ed42cb <unknown>\n#11 0x5574b0ed8242 <unknown>\n#12 0x5574b0ec17ac <unknown>\n#13 0x5574b0ed8df7 <unknown>\n#14 0x5574b0ea5b2f <unknown>\n#15 0x5574b0ef91a8 <unknown>\n#16 0x5574b0ef9370 <unknown>\n#17 0x5574b0f093b6 <unknown>\n#18 0x7f6f3b09caa4 <unknown>\n#19 0x7f6f3b129c3c <unknown>","time":{"start":1757468517210,"stop":1757468517210,"duration":0}},{"uid":"655c018156d420db","reportUrl":"https://nirtal85.github.io/Selenium-Python-Example/771//#testresult/655c018156d420db","status":"broken","statusDetails":"selenium.common.exceptions.TimeoutException: Message: \nStacktrace:\n#0 0x559b6d8b153a <unknown>\n#1 0x559b6d3acf00 <unknown>\n#2 0x559b6d3fcc0c <unknown>\n#3 0x559b6d3fce31 <unknown>\n#4 0x559b6d442bd4 <unknown>\n#5 0x559b6d4215cd <unknown>\n#6 0x559b6d43ff84 <unknown>\n#7 0x559b6d421343 <unknown>\n#8 0x559b6d3ee78a <unknown>\n#9 0x559b6d3ef9de <unknown>\n#10 0x559b6d87b2cb <unknown>\n#11 0x559b6d87f242 <unknown>\n#12 0x559b6d8687ac <unknown>\n#13 0x559b6d87fdf7 <unknown>\n#14 0x559b6d84cb2f <unknown>\n#15 0x559b6d8a01a8 <unknown>\n#16 0x559b6d8a0370 <unknown>\n#17 0x559b6d8b03b6 <unknown>\n#18 0x7fbd5209caa4 <unknown>\n#19 0x7fbd52129c3c <unknown>","time":{"start":1757382349388,"stop":1757382349388,"duration":0}},{"uid":"3c053498dad823a6","reportUrl":"https://nirtal85.github.io/Selenium-Python-Example/770//#testresult/3c053498dad823a6","status":"broken","statusDetails":"selenium.common.exceptions.TimeoutException: Message: \nStacktrace:\n#0 0x55a7e568a53a <unknown>\n#1 0x55a7e5185f00 <unknown>\n#2 0x55a7e51d5c0c <unknown>\n#3 0x55a7e51d5e31 <unknown>\n#4 0x55a7e521bbd4 <unknown>\n#5 0x55a7e51fa5cd <unknown>\n#6 0x55a7e5218f84 <unknown>\n#7 0x55a7e51fa343 <unknown>\n#8 0x55a7e51c778a <unknown>\n#9 0x55a7e51c89de <unknown>\n#10 0x55a7e56542cb <unknown>\n#11 0x55a7e5658242 <unknown>\n#12 0x55a7e56417ac <unknown>\n#13 0x55a7e5658df7 <unknown>\n#14 0x55a7e5625b2f <unknown>\n#15 0x55a7e56791a8 <unknown>\n#16 0x55a7e5679370 <unknown>\n#17 0x55a7e56893b6 <unknown>\n#18 0x7f470be9caa4 <unknown>\n#19 0x7f470bf29c3c <unknown>","time":{"start":1757296146238,"stop":1757296146238,"duration":0}},{"uid":"a7fb663e2a68840d","reportUrl":"https://nirtal85.github.io/Selenium-Python-Example/769//#testresult/a7fb663e2a68840d","status":"broken","statusDetails":"selenium.common.exceptions.TimeoutException: Message: \nStacktrace:\n#0 0x55e5d438c53a <unknown>\n#1 0x55e5d3e87f00 <unknown>\n#2 0x55e5d3ed7c0c <unknown>\n#3 0x55e5d3ed7e31 <unknown>\n#4 0x55e5d3f1dbd4 <unknown>\n#5 0x55e5d3efc5cd <unknown>\n#6 0x55e5d3f1af84 <unknown>\n#7 0x55e5d3efc343 <unknown>\n#8 0x55e5d3ec978a <unknown>\n#9 0x55e5d3eca9de <unknown>\n#10 0x55e5d43562cb <unknown>\n#11 0x55e5d435a242 <unknown>\n#12 0x55e5d43437ac <unknown>\n#13 0x55e5d435adf7 <unknown>\n#14 0x55e5d4327b2f <unknown>\n#15 0x55e5d437b1a8 <unknown>\n#16 0x55e5d437b370 <unknown>\n#17 0x55e5d438b3b6 <unknown>\n#18 0x7fabcfe9caa4 <unknown>\n#19 0x7fabcff29c3c <unknown>","time":{"start":1757209756201,"stop":1757209756201,"duration":0}},{"uid":"fd9b6118eed1bef7","reportUrl":"https://nirtal85.github.io/Selenium-Python-Example/768//#testresult/fd9b6118eed1bef7","status":"broken","statusDetails":"selenium.common.exceptions.TimeoutException: Message: \nStacktrace:\n#0 0x55616b72653a <unknown>\n#1 0x55616b221f00 <unknown>\n#2 0x55616b271c0c <unknown>\n#3 0x55616b271e31 <unknown>\n#4 0x55616b2b7bd4 <unknown>\n#5 0x55616b2965cd <unknown>\n#6 0x55616b2b4f84 <unknown>\n#7 0x55616b296343 <unknown>\n#8 0x55616b26378a <unknown>\n#9 0x55616b2649de <unknown>\n#10 0x55616b6f02cb <unknown>\n#11 0x55616b6f4242 <unknown>\n#12 0x55616b6dd7ac <unknown>\n#13 0x55616b6f4df7 <unknown>\n#14 0x55616b6c1b2f <unknown>\n#15 0x55616b7151a8 <unknown>\n#16 0x55616b715370 <unknown>\n#17 0x55616b7253b6 <unknown>\n#18 0x7f0e0829caa4 <unknown>\n#19 0x7f0e08329c3c <unknown>","time":{"start":1757122842917,"stop":1757122842917,"duration":0}}]},"tags":[]},"source":"d67dbde961f5d0ad.json","parameterValues":[]}