{"uid":"8f100b6f3275e166","name":"Create new workspace test","fullName":"tests.workspaces_test.TestWorkspaces#test_create_new_workspace","historyId":"e1f088bc30a040de4100d958931562b3","time":{"start":1758419491216,"stop":1758419491216,"duration":0},"description":"Create new Workspace","descriptionHtml":"<p>Create new Workspace</p>\n","status":"broken","statusMessage":"FileNotFoundError: [Errno 2] No such file or directory: '/home/runner/work/Selenium-Python-Example/Selenium-Python-Example/src/resources/tests_data.json'","statusTrace":"@fixture(scope=\"session\")\n    def data() -> Data:\n        json_path = Constants.DATA_PATH / \"tests_data.json\"\n>       with open(json_path, encoding=\"utf-8\") as json_file:\n             ^^^^^^^^^^^^^^^^^^^^^^^^^^^^^^^^^\nE       FileNotFoundError: [Errno 2] No such file or directory: '/home/runner/work/Selenium-Python-Example/Selenium-Python-Example/src/resources/tests_data.json'\n\ntests/conftest.py:60: FileNotFoundError","flaky":false,"newFailed":false,"newBroken":false,"newPassed":false,"retriesCount":0,"retriesStatusChange":false,"beforeStages":[{"name":"_verify_url","time":{"start":1758419502681,"stop":1758419502681,"duration":0},"status":"passed","steps":[],"attachments":[],"parameters":[],"shouldDisplayMessage":false,"stepsCount":0,"attachmentsCount":0,"hasContent":false,"attachmentStep":false},{"name":"session_request","time":{"start":1758419502681,"stop":1758419502681,"duration":0},"status":"passed","steps":[],"attachments":[],"parameters":[],"shouldDisplayMessage":false,"stepsCount":0,"attachmentsCount":0,"hasContent":false,"attachmentStep":false},{"name":"base_url","time":{"start":1758419502681,"stop":1758419502681,"duration":0},"status":"passed","steps":[],"attachments":[],"parameters":[],"shouldDisplayMessage":false,"stepsCount":0,"attachmentsCount":0,"hasContent":false,"attachmentStep":false},{"name":"data","time":{"start":1758419502682,"stop":1758419502682,"duration":0},"status":"broken","statusMessage":"FileNotFoundError: [Errno 2] No such file or directory: '/home/runner/work/Selenium-Python-Example/Selenium-Python-Example/src/resources/tests_data.json'\n","statusTrace":"  File \"/home/runner/work/Selenium-Python-Example/Selenium-Python-Example/.venv/lib/python3.13/site-packages/pluggy/_callers.py\", line 167, in _multicall\n    teardown.throw(outcome._exception)\n    ~~~~~~~~~~~~~~^^^^^^^^^^^^^^^^^^^^\n  File \"/home/runner/work/Selenium-Python-Example/Selenium-Python-Example/.venv/lib/python3.13/site-packages/_pytest/setuponly.py\", line 36, in pytest_fixture_setup\n    return (yield)\n            ^^^^^\n  File \"/home/runner/work/Selenium-Python-Example/Selenium-Python-Example/.venv/lib/python3.13/site-packages/pluggy/_callers.py\", line 103, in _multicall\n    res = hook_impl.function(*args)\n  File \"/home/runner/work/Selenium-Python-Example/Selenium-Python-Example/.venv/lib/python3.13/site-packages/_pytest/fixtures.py\", line 1195, in pytest_fixture_setup\n    result = call_fixture_func(fixturefunc, request, kwargs)\n  File \"/home/runner/work/Selenium-Python-Example/Selenium-Python-Example/.venv/lib/python3.13/site-packages/_pytest/fixtures.py\", line 929, in call_fixture_func\n    fixture_result = fixturefunc(**kwargs)\n  File \"/home/runner/work/Selenium-Python-Example/Selenium-Python-Example/tests/conftest.py\", line 60, in data\n    with open(json_path, encoding=\"utf-8\") as json_file:\n         ~~~~^^^^^^^^^^^^^^^^^^^^^^^^^^^^^\n","steps":[],"attachments":[],"parameters":[],"shouldDisplayMessage":true,"stepsCount":0,"attachmentsCount":0,"hasContent":true,"attachmentStep":false},{"name":"setup_method_fixture","time":{"start":1758419522840,"stop":1758419533081,"duration":10241},"status":"broken","statusMessage":"selenium.common.exceptions.TimeoutException: Message: \nStacktrace:\n#0 0x5641aaab953a <unknown>\n#1 0x5641aa5b4f00 <unknown>\n#2 0x5641aa604c0c <unknown>\n#3 0x5641aa604e31 <unknown>\n#4 0x5641aa64abd4 <unknown>\n#5 0x5641aa6295cd <unknown>\n#6 0x5641aa647f84 <unknown>\n#7 0x5641aa629343 <unknown>\n#8 0x5641aa5f678a <unknown>\n#9 0x5641aa5f79de <unknown>\n#10 0x5641aaa832cb <unknown>\n#11 0x5641aaa87242 <unknown>\n#12 0x5641aaa707ac <unknown>\n#13 0x5641aaa87df7 <unknown>\n#14 0x5641aaa54b2f <unknown>\n#15 0x5641aaaa81a8 <unknown>\n#16 0x5641aaaa8370 <unknown>\n#17 0x5641aaab83b6 <unknown>\n#18 0x7f7b1bc9caa4 <unknown>\n#19 0x7f7b1bd29c3c <unknown>\n\n","statusTrace":"  File \"/home/runner/work/Selenium-Python-Example/Selenium-Python-Example/.venv/lib/python3.13/site-packages/pluggy/_callers.py\", line 167, in _multicall\n    teardown.throw(outcome._exception)\n    ~~~~~~~~~~~~~~^^^^^^^^^^^^^^^^^^^^\n  File \"/home/runner/work/Selenium-Python-Example/Selenium-Python-Example/.venv/lib/python3.13/site-packages/_pytest/setuponly.py\", line 36, in pytest_fixture_setup\n    return (yield)\n            ^^^^^\n  File \"/home/runner/work/Selenium-Python-Example/Selenium-Python-Example/.venv/lib/python3.13/site-packages/pluggy/_callers.py\", line 103, in _multicall\n    res = hook_impl.function(*args)\n  File \"/home/runner/work/Selenium-Python-Example/Selenium-Python-Example/.venv/lib/python3.13/site-packages/_pytest/fixtures.py\", line 1195, in pytest_fixture_setup\n    result = call_fixture_func(fixturefunc, request, kwargs)\n  File \"/home/runner/work/Selenium-Python-Example/Selenium-Python-Example/.venv/lib/python3.13/site-packages/_pytest/fixtures.py\", line 929, in call_fixture_func\n    fixture_result = fixturefunc(**kwargs)\n  File \"/home/runner/work/Selenium-Python-Example/Selenium-Python-Example/tests/workspaces_test.py\", line 25, in setup_method_fixture\n    login(self.about_page, self.login_page)\n    ~~~~~^^^^^^^^^^^^^^^^^^^^^^^^^^^^^^^^^^\n  File \"/home/runner/work/Selenium-Python-Example/Selenium-Python-Example/tests/workspaces_test.py\", line 15, in login\n    about_page.click_login_link()\n    ~~~~~~~~~~~~~~~~~~~~~~~~~~~^^\n  File \"/home/runner/work/Selenium-Python-Example/Selenium-Python-Example/.venv/lib/python3.13/site-packages/allure_commons/_allure.py\", line 202, in impl\n    return func(*a, **kw)\n  File \"/home/runner/work/Selenium-Python-Example/Selenium-Python-Example/src/pages/about_page.py\", line 18, in click_login_link\n    self.click(self.LOGIN_LINK)\n    ~~~~~~~~~~^^^^^^^^^^^^^^^^^\n  File \"/home/runner/work/Selenium-Python-Example/Selenium-Python-Example/src/pages/base_page.py\", line 59, in click\n    el: WebElement = self.wait.until(expected_conditions.element_to_be_clickable(locator))\n                     ~~~~~~~~~~~~~~~^^^^^^^^^^^^^^^^^^^^^^^^^^^^^^^^^^^^^^^^^^^^^^^^^^^^^^\n  File \"/home/runner/work/Selenium-Python-Example/Selenium-Python-Example/.venv/lib/python3.13/site-packages/selenium/webdriver/support/wait.py\", line 138, in until\n    raise TimeoutException(message, screen, stacktrace)\n","steps":[{"name":"Click Login link","time":{"start":1758419522840,"stop":1758419533080,"duration":10240},"status":"broken","statusMessage":"selenium.common.exceptions.TimeoutException: Message: \nStacktrace:\n#0 0x5641aaab953a <unknown>\n#1 0x5641aa5b4f00 <unknown>\n#2 0x5641aa604c0c <unknown>\n#3 0x5641aa604e31 <unknown>\n#4 0x5641aa64abd4 <unknown>\n#5 0x5641aa6295cd <unknown>\n#6 0x5641aa647f84 <unknown>\n#7 0x5641aa629343 <unknown>\n#8 0x5641aa5f678a <unknown>\n#9 0x5641aa5f79de <unknown>\n#10 0x5641aaa832cb <unknown>\n#11 0x5641aaa87242 <unknown>\n#12 0x5641aaa707ac <unknown>\n#13 0x5641aaa87df7 <unknown>\n#14 0x5641aaa54b2f <unknown>\n#15 0x5641aaaa81a8 <unknown>\n#16 0x5641aaaa8370 <unknown>\n#17 0x5641aaab83b6 <unknown>\n#18 0x7f7b1bc9caa4 <unknown>\n#19 0x7f7b1bd29c3c <unknown>\n\n","statusTrace":"  File \"/home/runner/work/Selenium-Python-Example/Selenium-Python-Example/.venv/lib/python3.13/site-packages/allure_commons/_allure.py\", line 202, in impl\n    return func(*a, **kw)\n  File \"/home/runner/work/Selenium-Python-Example/Selenium-Python-Example/src/pages/about_page.py\", line 18, in click_login_link\n    self.click(self.LOGIN_LINK)\n    ~~~~~~~~~~^^^^^^^^^^^^^^^^^\n  File \"/home/runner/work/Selenium-Python-Example/Selenium-Python-Example/src/pages/base_page.py\", line 59, in click\n    el: WebElement = self.wait.until(expected_conditions.element_to_be_clickable(locator))\n                     ~~~~~~~~~~~~~~~^^^^^^^^^^^^^^^^^^^^^^^^^^^^^^^^^^^^^^^^^^^^^^^^^^^^^^\n  File \"/home/runner/work/Selenium-Python-Example/Selenium-Python-Example/.venv/lib/python3.13/site-packages/selenium/webdriver/support/wait.py\", line 138, in until\n    raise TimeoutException(message, screen, stacktrace)\n","steps":[],"attachments":[],"parameters":[],"shouldDisplayMessage":true,"stepsCount":0,"attachmentsCount":0,"hasContent":true,"attachmentStep":false}],"attachments":[],"parameters":[],"shouldDisplayMessage":false,"stepsCount":1,"attachmentsCount":0,"hasContent":true,"attachmentStep":false}],"testStage":{"description":"Create new Workspace","status":"broken","statusMessage":"FileNotFoundError: [Errno 2] No such file or directory: '/home/runner/work/Selenium-Python-Example/Selenium-Python-Example/src/resources/tests_data.json'","statusTrace":"@fixture(scope=\"session\")\n    def data() -> Data:\n        json_path = Constants.DATA_PATH / \"tests_data.json\"\n>       with open(json_path, encoding=\"utf-8\") as json_file:\n             ^^^^^^^^^^^^^^^^^^^^^^^^^^^^^^^^^\nE       FileNotFoundError: [Errno 2] No such file or directory: '/home/runner/work/Selenium-Python-Example/Selenium-Python-Example/src/resources/tests_data.json'\n\ntests/conftest.py:60: FileNotFoundError","steps":[{"name":"public ip address","time":{"start":1758419502736,"stop":1758419502964,"duration":228},"status":"passed","steps":[],"attachments":[{"uid":"3d126cfa2d6db0f3","name":"HTTP logs of http://checkip.amazonaws.com/","source":"3d126cfa2d6db0f3.txt","type":"text/plain","size":358}],"parameters":[],"shouldDisplayMessage":false,"stepsCount":0,"attachmentsCount":1,"hasContent":true,"attachmentStep":false}],"attachments":[{"uid":"954f95987fd2ff91","name":"Cookies","source":"954f95987fd2ff91.json","type":"application/json","size":4119},{"uid":"3c375db5ffbc389d","name":"Session Storage","source":"3c375db5ffbc389d.json","type":"application/json","size":359},{"uid":"59d284104c0d62d7","name":"Local Storage","source":"59d284104c0d62d7.json","type":"application/json","size":563},{"uid":"d435a5e9f515d77","name":"Full Page Screenshot","source":"d435a5e9f515d77.png","type":"image/png","size":2039514},{"uid":"1374690d8df92832","name":"URL","source":"1374690d8df92832.uri","type":"text/uri-list","size":23},{"uid":"f147e0cba3cbd317","name":"Network Logs","source":"f147e0cba3cbd317.json","type":"application/json","size":7918389}],"parameters":[],"shouldDisplayMessage":true,"stepsCount":1,"attachmentsCount":7,"hasContent":true,"attachmentStep":false},"afterStages":[{"name":"session_request::0","time":{"start":1758419577231,"stop":1758419577231,"duration":0},"status":"passed","steps":[],"attachments":[],"parameters":[],"shouldDisplayMessage":false,"stepsCount":0,"attachmentsCount":0,"hasContent":false,"attachmentStep":false}],"labels":[{"name":"epic","value":"Workspaces"},{"name":"severity","value":"normal"},{"name":"story","value":"WorkSpaces Creation and Editing Functionality"},{"name":"parentSuite","value":"tests"},{"name":"suite","value":"workspaces_test"},{"name":"subSuite","value":"TestWorkspaces"},{"name":"host","value":"runnervmf4ws1"},{"name":"thread","value":"2178-MainThread"},{"name":"framework","value":"pytest"},{"name":"language","value":"cpython3"},{"name":"package","value":"tests.workspaces_test"},{"name":"resultFormat","value":"allure2"}],"parameters":[],"links":[],"hidden":false,"retry":false,"extra":{"severity":"normal","retries":[],"categories":[{"name":"Test defects","matchedStatuses":[],"flaky":false}],"history":{"statistic":{"failed":0,"broken":20,"skipped":0,"passed":0,"unknown":0,"total":20},"items":[{"uid":"d795c4bec92763e9","reportUrl":"https://nirtal85.github.io/Selenium-Python-Example/782//#testresult/d795c4bec92763e9","status":"broken","statusDetails":"FileNotFoundError: [Errno 2] No such file or directory: '/home/runner/work/Selenium-Python-Example/Selenium-Python-Example/src/resources/tests_data.json'","time":{"start":1758332371417,"stop":1758332371417,"duration":0}},{"uid":"fcabfaa83e265421","reportUrl":"https://nirtal85.github.io/Selenium-Python-Example/781//#testresult/fcabfaa83e265421","status":"broken","statusDetails":"FileNotFoundError: [Errno 2] No such file or directory: '/home/runner/work/Selenium-Python-Example/Selenium-Python-Example/src/resources/tests_data.json'","time":{"start":1758246251781,"stop":1758246251781,"duration":0}},{"uid":"bd6efea3dbe6a4ec","reportUrl":"https://nirtal85.github.io/Selenium-Python-Example/780//#testresult/bd6efea3dbe6a4ec","status":"broken","statusDetails":"FileNotFoundError: [Errno 2] No such file or directory: '/home/runner/work/Selenium-Python-Example/Selenium-Python-Example/src/resources/tests_data.json'","time":{"start":1758159672966,"stop":1758159672966,"duration":0}},{"uid":"d1ff5e5548e97c64","reportUrl":"https://nirtal85.github.io/Selenium-Python-Example/779//#testresult/d1ff5e5548e97c64","status":"broken","statusDetails":"FileNotFoundError: [Errno 2] No such file or directory: '/home/runner/work/Selenium-Python-Example/Selenium-Python-Example/src/resources/tests_data.json'","time":{"start":1758073287609,"stop":1758073287609,"duration":0}},{"uid":"ad20cafe2121f464","reportUrl":"https://nirtal85.github.io/Selenium-Python-Example/778//#testresult/ad20cafe2121f464","status":"broken","statusDetails":"FileNotFoundError: [Errno 2] No such file or directory: '/home/runner/work/Selenium-Python-Example/Selenium-Python-Example/src/resources/tests_data.json'","time":{"start":1757986894526,"stop":1757986894526,"duration":0}},{"uid":"1a6602a0f32c4f40","reportUrl":"https://nirtal85.github.io/Selenium-Python-Example/777//#testresult/1a6602a0f32c4f40","status":"broken","statusDetails":"FileNotFoundError: [Errno 2] No such file or directory: '/home/runner/work/Selenium-Python-Example/Selenium-Python-Example/src/resources/tests_data.json'","time":{"start":1757900978193,"stop":1757900978193,"duration":0}},{"uid":"ec149b5ef9e05fef","reportUrl":"https://nirtal85.github.io/Selenium-Python-Example/776//#testresult/ec149b5ef9e05fef","status":"broken","statusDetails":"FileNotFoundError: [Errno 2] No such file or directory: '/home/runner/work/Selenium-Python-Example/Selenium-Python-Example/src/resources/tests_data.json'","time":{"start":1757814483676,"stop":1757814483676,"duration":0}},{"uid":"841271ca43640ad0","reportUrl":"https://nirtal85.github.io/Selenium-Python-Example/775//#testresult/841271ca43640ad0","status":"broken","statusDetails":"FileNotFoundError: [Errno 2] No such file or directory: '/home/runner/work/Selenium-Python-Example/Selenium-Python-Example/src/resources/tests_data.json'","time":{"start":1757727346152,"stop":1757727346152,"duration":0}},{"uid":"b5d12341f6a2eb9e","reportUrl":"https://nirtal85.github.io/Selenium-Python-Example/774//#testresult/b5d12341f6a2eb9e","status":"broken","statusDetails":"FileNotFoundError: [Errno 2] No such file or directory: '/home/runner/work/Selenium-Python-Example/Selenium-Python-Example/src/resources/tests_data.json'","time":{"start":1757641226608,"stop":1757641226608,"duration":0}},{"uid":"78c780d60cc89056","reportUrl":"https://nirtal85.github.io/Selenium-Python-Example/773//#testresult/78c780d60cc89056","status":"broken","statusDetails":"FileNotFoundError: [Errno 2] No such file or directory: '/home/runner/work/Selenium-Python-Example/Selenium-Python-Example/src/resources/tests_data.json'","time":{"start":1757555045244,"stop":1757555045244,"duration":0}},{"uid":"dbf59bb8a5f29797","reportUrl":"https://nirtal85.github.io/Selenium-Python-Example/772//#testresult/dbf59bb8a5f29797","status":"broken","statusDetails":"FileNotFoundError: [Errno 2] No such file or directory: '/home/runner/work/Selenium-Python-Example/Selenium-Python-Example/src/resources/tests_data.json'","time":{"start":1757468483957,"stop":1757468483957,"duration":0}},{"uid":"50250d83fc6cfdaa","reportUrl":"https://nirtal85.github.io/Selenium-Python-Example/771//#testresult/50250d83fc6cfdaa","status":"broken","statusDetails":"FileNotFoundError: [Errno 2] No such file or directory: '/home/runner/work/Selenium-Python-Example/Selenium-Python-Example/src/resources/tests_data.json'","time":{"start":1757382318181,"stop":1757382318181,"duration":0}},{"uid":"bfc04580f6b51dc7","reportUrl":"https://nirtal85.github.io/Selenium-Python-Example/770//#testresult/bfc04580f6b51dc7","status":"broken","statusDetails":"FileNotFoundError: [Errno 2] No such file or directory: '/home/runner/work/Selenium-Python-Example/Selenium-Python-Example/src/resources/tests_data.json'","time":{"start":1757296115100,"stop":1757296115100,"duration":0}},{"uid":"4f162b496ef1689","reportUrl":"https://nirtal85.github.io/Selenium-Python-Example/769//#testresult/4f162b496ef1689","status":"broken","statusDetails":"FileNotFoundError: [Errno 2] No such file or directory: '/home/runner/work/Selenium-Python-Example/Selenium-Python-Example/src/resources/tests_data.json'","time":{"start":1757209726220,"stop":1757209726220,"duration":0}},{"uid":"483f060e5134b881","reportUrl":"https://nirtal85.github.io/Selenium-Python-Example/768//#testresult/483f060e5134b881","status":"broken","statusDetails":"FileNotFoundError: [Errno 2] No such file or directory: '/home/runner/work/Selenium-Python-Example/Selenium-Python-Example/src/resources/tests_data.json'","time":{"start":1757122809621,"stop":1757122809621,"duration":0}},{"uid":"7790f220a2065a17","reportUrl":"https://nirtal85.github.io/Selenium-Python-Example/767//#testresult/7790f220a2065a17","status":"broken","statusDetails":"FileNotFoundError: [Errno 2] No such file or directory: '/home/runner/work/Selenium-Python-Example/Selenium-Python-Example/src/resources/tests_data.json'","time":{"start":1757036594083,"stop":1757036594083,"duration":0}},{"uid":"7cb2bbd4b3f24ba7","reportUrl":"https://nirtal85.github.io/Selenium-Python-Example/766//#testresult/7cb2bbd4b3f24ba7","status":"broken","statusDetails":"FileNotFoundError: [Errno 2] No such file or directory: '/home/runner/work/Selenium-Python-Example/Selenium-Python-Example/src/resources/tests_data.json'","time":{"start":1756950066455,"stop":1756950066455,"duration":0}},{"uid":"934483e2311f0747","reportUrl":"https://nirtal85.github.io/Selenium-Python-Example/765//#testresult/934483e2311f0747","status":"broken","statusDetails":"FileNotFoundError: [Errno 2] No such file or directory: '/home/runner/work/Selenium-Python-Example/Selenium-Python-Example/src/resources/tests_data.json'","time":{"start":1756863630556,"stop":1756863630556,"duration":0}},{"uid":"9b736963f309aef8","reportUrl":"https://nirtal85.github.io/Selenium-Python-Example/764//#testresult/9b736963f309aef8","status":"broken","statusDetails":"FileNotFoundError: [Errno 2] No such file or directory: '/home/runner/work/Selenium-Python-Example/Selenium-Python-Example/src/resources/tests_data.json'","time":{"start":1756777666682,"stop":1756777666682,"duration":0}}]},"tags":[]},"source":"8f100b6f3275e166.json","parameterValues":[]}