{"uid":"269bb853291c5c30","name":"Delete existing workspace","fullName":"tests.workspaces_test.TestWorkspaces#test_delete_workspace","historyId":"085ae9bea926da8512f07258dfb5df8c","time":{"start":1759541894334,"stop":1759541894334,"duration":0},"description":"Delete an existing workspace","descriptionHtml":"<p>Delete an existing workspace</p>\n","status":"broken","statusMessage":"selenium.common.exceptions.TimeoutException: Message: \nStacktrace:\n#0 0x56127be3f53a <unknown>\n#1 0x56127b93af00 <unknown>\n#2 0x56127b98ac0c <unknown>\n#3 0x56127b98ae31 <unknown>\n#4 0x56127b9d0bd4 <unknown>\n#5 0x56127b9af5cd <unknown>\n#6 0x56127b9cdf84 <unknown>\n#7 0x56127b9af343 <unknown>\n#8 0x56127b97c78a <unknown>\n#9 0x56127b97d9de <unknown>\n#10 0x56127be092cb <unknown>\n#11 0x56127be0d242 <unknown>\n#12 0x56127bdf67ac <unknown>\n#13 0x56127be0ddf7 <unknown>\n#14 0x56127bddab2f <unknown>\n#15 0x56127be2e1a8 <unknown>\n#16 0x56127be2e370 <unknown>\n#17 0x56127be3e3b6 <unknown>\n#18 0x7f985349caa4 <unknown>\n#19 0x7f9853529c6c <unknown>","statusTrace":"self = <tests.workspaces_test.TestWorkspaces object at 0x7fb2d5b77100>\n\n    @pytest.fixture(autouse=True)\n    def setup_method_fixture(self):\n>       login(self.about_page, self.login_page)\n\ntests/workspaces_test.py:25: \n_ _ _ _ _ _ _ _ _ _ _ _ _ _ _ _ _ _ _ _ _ _ _ _ _ _ _ _ _ _ _ _ _ _ _ _ _ _ _ _ \ntests/workspaces_test.py:15: in login\n    about_page.click_login_link()\nsrc/pages/about_page.py:18: in click_login_link\n    self.click(self.LOGIN_LINK)\nsrc/pages/base_page.py:59: in click\n    el: WebElement = self.wait.until(expected_conditions.element_to_be_clickable(locator))\n                     ^^^^^^^^^^^^^^^^^^^^^^^^^^^^^^^^^^^^^^^^^^^^^^^^^^^^^^^^^^^^^^^^^^^^^\n_ _ _ _ _ _ _ _ _ _ _ _ _ _ _ _ _ _ _ _ _ _ _ _ _ _ _ _ _ _ _ _ _ _ _ _ _ _ _ _ \n\nself = <selenium.webdriver.support.wait.WebDriverWait (session=\"8c5532240d76679a251e59c18d6a6255\")>\nmethod = <function element_to_be_clickable.<locals>._predicate at 0x7fb2d5cb9580>\nmessage = ''\n\n    def until(self, method: Callable[[D], Union[Literal[False], T]], message: str = \"\") -> T:\n        \"\"\"Wait until the method returns a value that is not False.\n    \n        Calls the method provided with the driver as an argument until the\n        return value does not evaluate to ``False``.\n    \n        Parameters:\n        -----------\n        method: callable(WebDriver)\n            - A callable object that takes a WebDriver instance as an argument.\n    \n        message: str\n            - Optional message for :exc:`TimeoutException`\n    \n        Return:\n        -------\n        object: T\n            - The result of the last call to `method`\n    \n        Raises:\n        -------\n        TimeoutException\n            - If 'method' does not return a truthy value within the WebDriverWait\n            object's timeout\n    \n        Example:\n        --------\n        >>> from selenium.webdriver.common.by import By\n        >>> from selenium.webdriver.support.ui import WebDriverWait\n        >>> from selenium.webdriver.support import expected_conditions as EC\n    \n        # Wait until an element is visible on the page\n        >>> wait = WebDriverWait(driver, 10)\n        >>> element = wait.until(EC.visibility_of_element_located((By.ID, \"exampleId\")))\n        >>> print(element.text)\n        \"\"\"\n        screen = None\n        stacktrace = None\n    \n        end_time = time.monotonic() + self._timeout\n        while True:\n            try:\n                value = method(self._driver)\n                if value:\n                    return value\n            except self._ignored_exceptions as exc:\n                screen = getattr(exc, \"screen\", None)\n                stacktrace = getattr(exc, \"stacktrace\", None)\n            if time.monotonic() > end_time:\n                break\n            time.sleep(self._poll)\n>       raise TimeoutException(message, screen, stacktrace)\nE       selenium.common.exceptions.TimeoutException: Message: \nE       Stacktrace:\nE       #0 0x56127be3f53a <unknown>\nE       #1 0x56127b93af00 <unknown>\nE       #2 0x56127b98ac0c <unknown>\nE       #3 0x56127b98ae31 <unknown>\nE       #4 0x56127b9d0bd4 <unknown>\nE       #5 0x56127b9af5cd <unknown>\nE       #6 0x56127b9cdf84 <unknown>\nE       #7 0x56127b9af343 <unknown>\nE       #8 0x56127b97c78a <unknown>\nE       #9 0x56127b97d9de <unknown>\nE       #10 0x56127be092cb <unknown>\nE       #11 0x56127be0d242 <unknown>\nE       #12 0x56127bdf67ac <unknown>\nE       #13 0x56127be0ddf7 <unknown>\nE       #14 0x56127bddab2f <unknown>\nE       #15 0x56127be2e1a8 <unknown>\nE       #16 0x56127be2e370 <unknown>\nE       #17 0x56127be3e3b6 <unknown>\nE       #18 0x7f985349caa4 <unknown>\nE       #19 0x7f9853529c6c <unknown>\n\n.venv/lib/python3.13/site-packages/selenium/webdriver/support/wait.py:138: TimeoutException","flaky":false,"newFailed":false,"newBroken":false,"newPassed":false,"retriesCount":0,"retriesStatusChange":false,"beforeStages":[{"name":"base_url","time":{"start":1759541875428,"stop":1759541875428,"duration":0},"status":"passed","steps":[],"attachments":[],"parameters":[],"shouldDisplayMessage":false,"stepsCount":0,"attachmentsCount":0,"hasContent":false,"attachmentStep":false},{"name":"_verify_url","time":{"start":1759541875428,"stop":1759541875429,"duration":1},"status":"passed","steps":[],"attachments":[],"parameters":[],"shouldDisplayMessage":false,"stepsCount":0,"attachmentsCount":0,"hasContent":false,"attachmentStep":false},{"name":"session_request","time":{"start":1759541875429,"stop":1759541875429,"duration":0},"status":"passed","steps":[],"attachments":[],"parameters":[],"shouldDisplayMessage":false,"stepsCount":0,"attachmentsCount":0,"hasContent":false,"attachmentStep":false},{"name":"setup_method_fixture","time":{"start":1759541897354,"stop":1759541907704,"duration":10350},"status":"broken","statusMessage":"selenium.common.exceptions.TimeoutException: Message: \nStacktrace:\n#0 0x56127be3f53a <unknown>\n#1 0x56127b93af00 <unknown>\n#2 0x56127b98ac0c <unknown>\n#3 0x56127b98ae31 <unknown>\n#4 0x56127b9d0bd4 <unknown>\n#5 0x56127b9af5cd <unknown>\n#6 0x56127b9cdf84 <unknown>\n#7 0x56127b9af343 <unknown>\n#8 0x56127b97c78a <unknown>\n#9 0x56127b97d9de <unknown>\n#10 0x56127be092cb <unknown>\n#11 0x56127be0d242 <unknown>\n#12 0x56127bdf67ac <unknown>\n#13 0x56127be0ddf7 <unknown>\n#14 0x56127bddab2f <unknown>\n#15 0x56127be2e1a8 <unknown>\n#16 0x56127be2e370 <unknown>\n#17 0x56127be3e3b6 <unknown>\n#18 0x7f985349caa4 <unknown>\n#19 0x7f9853529c6c <unknown>\n\n","statusTrace":"  File \"/home/runner/work/Selenium-Python-Example/Selenium-Python-Example/.venv/lib/python3.13/site-packages/pluggy/_callers.py\", line 167, in _multicall\n    teardown.throw(outcome._exception)\n    ~~~~~~~~~~~~~~^^^^^^^^^^^^^^^^^^^^\n  File \"/home/runner/work/Selenium-Python-Example/Selenium-Python-Example/.venv/lib/python3.13/site-packages/_pytest/setuponly.py\", line 36, in pytest_fixture_setup\n    return (yield)\n            ^^^^^\n  File \"/home/runner/work/Selenium-Python-Example/Selenium-Python-Example/.venv/lib/python3.13/site-packages/pluggy/_callers.py\", line 103, in _multicall\n    res = hook_impl.function(*args)\n  File \"/home/runner/work/Selenium-Python-Example/Selenium-Python-Example/.venv/lib/python3.13/site-packages/_pytest/fixtures.py\", line 1196, in pytest_fixture_setup\n    result = call_fixture_func(fixturefunc, request, kwargs)\n  File \"/home/runner/work/Selenium-Python-Example/Selenium-Python-Example/.venv/lib/python3.13/site-packages/_pytest/fixtures.py\", line 930, in call_fixture_func\n    fixture_result = fixturefunc(**kwargs)\n  File \"/home/runner/work/Selenium-Python-Example/Selenium-Python-Example/tests/workspaces_test.py\", line 25, in setup_method_fixture\n    login(self.about_page, self.login_page)\n    ~~~~~^^^^^^^^^^^^^^^^^^^^^^^^^^^^^^^^^^\n  File \"/home/runner/work/Selenium-Python-Example/Selenium-Python-Example/tests/workspaces_test.py\", line 15, in login\n    about_page.click_login_link()\n    ~~~~~~~~~~~~~~~~~~~~~~~~~~~^^\n  File \"/home/runner/work/Selenium-Python-Example/Selenium-Python-Example/.venv/lib/python3.13/site-packages/allure_commons/_allure.py\", line 202, in impl\n    return func(*a, **kw)\n  File \"/home/runner/work/Selenium-Python-Example/Selenium-Python-Example/src/pages/about_page.py\", line 18, in click_login_link\n    self.click(self.LOGIN_LINK)\n    ~~~~~~~~~~^^^^^^^^^^^^^^^^^\n  File \"/home/runner/work/Selenium-Python-Example/Selenium-Python-Example/src/pages/base_page.py\", line 59, in click\n    el: WebElement = self.wait.until(expected_conditions.element_to_be_clickable(locator))\n                     ~~~~~~~~~~~~~~~^^^^^^^^^^^^^^^^^^^^^^^^^^^^^^^^^^^^^^^^^^^^^^^^^^^^^^\n  File \"/home/runner/work/Selenium-Python-Example/Selenium-Python-Example/.venv/lib/python3.13/site-packages/selenium/webdriver/support/wait.py\", line 138, in until\n    raise TimeoutException(message, screen, stacktrace)\n","steps":[{"name":"Click Login link","time":{"start":1759541897354,"stop":1759541907703,"duration":10349},"status":"broken","statusMessage":"selenium.common.exceptions.TimeoutException: Message: \nStacktrace:\n#0 0x56127be3f53a <unknown>\n#1 0x56127b93af00 <unknown>\n#2 0x56127b98ac0c <unknown>\n#3 0x56127b98ae31 <unknown>\n#4 0x56127b9d0bd4 <unknown>\n#5 0x56127b9af5cd <unknown>\n#6 0x56127b9cdf84 <unknown>\n#7 0x56127b9af343 <unknown>\n#8 0x56127b97c78a <unknown>\n#9 0x56127b97d9de <unknown>\n#10 0x56127be092cb <unknown>\n#11 0x56127be0d242 <unknown>\n#12 0x56127bdf67ac <unknown>\n#13 0x56127be0ddf7 <unknown>\n#14 0x56127bddab2f <unknown>\n#15 0x56127be2e1a8 <unknown>\n#16 0x56127be2e370 <unknown>\n#17 0x56127be3e3b6 <unknown>\n#18 0x7f985349caa4 <unknown>\n#19 0x7f9853529c6c <unknown>\n\n","statusTrace":"  File \"/home/runner/work/Selenium-Python-Example/Selenium-Python-Example/.venv/lib/python3.13/site-packages/allure_commons/_allure.py\", line 202, in impl\n    return func(*a, **kw)\n  File \"/home/runner/work/Selenium-Python-Example/Selenium-Python-Example/src/pages/about_page.py\", line 18, in click_login_link\n    self.click(self.LOGIN_LINK)\n    ~~~~~~~~~~^^^^^^^^^^^^^^^^^\n  File \"/home/runner/work/Selenium-Python-Example/Selenium-Python-Example/src/pages/base_page.py\", line 59, in click\n    el: WebElement = self.wait.until(expected_conditions.element_to_be_clickable(locator))\n                     ~~~~~~~~~~~~~~~^^^^^^^^^^^^^^^^^^^^^^^^^^^^^^^^^^^^^^^^^^^^^^^^^^^^^^\n  File \"/home/runner/work/Selenium-Python-Example/Selenium-Python-Example/.venv/lib/python3.13/site-packages/selenium/webdriver/support/wait.py\", line 138, in until\n    raise TimeoutException(message, screen, stacktrace)\n","steps":[],"attachments":[],"parameters":[],"shouldDisplayMessage":true,"stepsCount":0,"attachmentsCount":0,"hasContent":true,"attachmentStep":false}],"attachments":[],"parameters":[],"shouldDisplayMessage":false,"stepsCount":1,"attachmentsCount":0,"hasContent":true,"attachmentStep":false}],"testStage":{"description":"Delete an existing workspace","status":"broken","statusMessage":"selenium.common.exceptions.TimeoutException: Message: \nStacktrace:\n#0 0x56127be3f53a <unknown>\n#1 0x56127b93af00 <unknown>\n#2 0x56127b98ac0c <unknown>\n#3 0x56127b98ae31 <unknown>\n#4 0x56127b9d0bd4 <unknown>\n#5 0x56127b9af5cd <unknown>\n#6 0x56127b9cdf84 <unknown>\n#7 0x56127b9af343 <unknown>\n#8 0x56127b97c78a <unknown>\n#9 0x56127b97d9de <unknown>\n#10 0x56127be092cb <unknown>\n#11 0x56127be0d242 <unknown>\n#12 0x56127bdf67ac <unknown>\n#13 0x56127be0ddf7 <unknown>\n#14 0x56127bddab2f <unknown>\n#15 0x56127be2e1a8 <unknown>\n#16 0x56127be2e370 <unknown>\n#17 0x56127be3e3b6 <unknown>\n#18 0x7f985349caa4 <unknown>\n#19 0x7f9853529c6c <unknown>","statusTrace":"self = <tests.workspaces_test.TestWorkspaces object at 0x7fb2d5b77100>\n\n    @pytest.fixture(autouse=True)\n    def setup_method_fixture(self):\n>       login(self.about_page, self.login_page)\n\ntests/workspaces_test.py:25: \n_ _ _ _ _ _ _ _ _ _ _ _ _ _ _ _ _ _ _ _ _ _ _ _ _ _ _ _ _ _ _ _ _ _ _ _ _ _ _ _ \ntests/workspaces_test.py:15: in login\n    about_page.click_login_link()\nsrc/pages/about_page.py:18: in click_login_link\n    self.click(self.LOGIN_LINK)\nsrc/pages/base_page.py:59: in click\n    el: WebElement = self.wait.until(expected_conditions.element_to_be_clickable(locator))\n                     ^^^^^^^^^^^^^^^^^^^^^^^^^^^^^^^^^^^^^^^^^^^^^^^^^^^^^^^^^^^^^^^^^^^^^\n_ _ _ _ _ _ _ _ _ _ _ _ _ _ _ _ _ _ _ _ _ _ _ _ _ _ _ _ _ _ _ _ _ _ _ _ _ _ _ _ \n\nself = <selenium.webdriver.support.wait.WebDriverWait (session=\"8c5532240d76679a251e59c18d6a6255\")>\nmethod = <function element_to_be_clickable.<locals>._predicate at 0x7fb2d5cb9580>\nmessage = ''\n\n    def until(self, method: Callable[[D], Union[Literal[False], T]], message: str = \"\") -> T:\n        \"\"\"Wait until the method returns a value that is not False.\n    \n        Calls the method provided with the driver as an argument until the\n        return value does not evaluate to ``False``.\n    \n        Parameters:\n        -----------\n        method: callable(WebDriver)\n            - A callable object that takes a WebDriver instance as an argument.\n    \n        message: str\n            - Optional message for :exc:`TimeoutException`\n    \n        Return:\n        -------\n        object: T\n            - The result of the last call to `method`\n    \n        Raises:\n        -------\n        TimeoutException\n            - If 'method' does not return a truthy value within the WebDriverWait\n            object's timeout\n    \n        Example:\n        --------\n        >>> from selenium.webdriver.common.by import By\n        >>> from selenium.webdriver.support.ui import WebDriverWait\n        >>> from selenium.webdriver.support import expected_conditions as EC\n    \n        # Wait until an element is visible on the page\n        >>> wait = WebDriverWait(driver, 10)\n        >>> element = wait.until(EC.visibility_of_element_located((By.ID, \"exampleId\")))\n        >>> print(element.text)\n        \"\"\"\n        screen = None\n        stacktrace = None\n    \n        end_time = time.monotonic() + self._timeout\n        while True:\n            try:\n                value = method(self._driver)\n                if value:\n                    return value\n            except self._ignored_exceptions as exc:\n                screen = getattr(exc, \"screen\", None)\n                stacktrace = getattr(exc, \"stacktrace\", None)\n            if time.monotonic() > end_time:\n                break\n            time.sleep(self._poll)\n>       raise TimeoutException(message, screen, stacktrace)\nE       selenium.common.exceptions.TimeoutException: Message: \nE       Stacktrace:\nE       #0 0x56127be3f53a <unknown>\nE       #1 0x56127b93af00 <unknown>\nE       #2 0x56127b98ac0c <unknown>\nE       #3 0x56127b98ae31 <unknown>\nE       #4 0x56127b9d0bd4 <unknown>\nE       #5 0x56127b9af5cd <unknown>\nE       #6 0x56127b9cdf84 <unknown>\nE       #7 0x56127b9af343 <unknown>\nE       #8 0x56127b97c78a <unknown>\nE       #9 0x56127b97d9de <unknown>\nE       #10 0x56127be092cb <unknown>\nE       #11 0x56127be0d242 <unknown>\nE       #12 0x56127bdf67ac <unknown>\nE       #13 0x56127be0ddf7 <unknown>\nE       #14 0x56127bddab2f <unknown>\nE       #15 0x56127be2e1a8 <unknown>\nE       #16 0x56127be2e370 <unknown>\nE       #17 0x56127be3e3b6 <unknown>\nE       #18 0x7f985349caa4 <unknown>\nE       #19 0x7f9853529c6c <unknown>\n\n.venv/lib/python3.13/site-packages/selenium/webdriver/support/wait.py:138: TimeoutException","steps":[{"name":"public ip address","time":{"start":1759541907717,"stop":1759541907734,"duration":17},"status":"passed","steps":[],"attachments":[{"uid":"b8dea2dbcd66245e","name":"HTTP logs of http://checkip.amazonaws.com/","source":"b8dea2dbcd66245e.txt","type":"text/plain","size":357}],"parameters":[],"shouldDisplayMessage":false,"stepsCount":0,"attachmentsCount":1,"hasContent":true,"attachmentStep":false}],"attachments":[{"uid":"df2c959efbab4e85","name":"Cookies","source":"df2c959efbab4e85.json","type":"application/json","size":4119},{"uid":"a6a0447b1789e25","name":"Session Storage","source":"a6a0447b1789e25.json","type":"application/json","size":359},{"uid":"fcb8e5ced067d969","name":"Local Storage","source":"fcb8e5ced067d969.json","type":"application/json","size":563},{"uid":"5e762951b4632d30","name":"Full Page Screenshot","source":"5e762951b4632d30.png","type":"image/png","size":2065217},{"uid":"83eb2698bf9b0057","name":"URL","source":"83eb2698bf9b0057.uri","type":"text/uri-list","size":23},{"uid":"e1cd7615182d7c9e","name":"Network Logs","source":"e1cd7615182d7c9e.json","type":"application/json","size":7928814}],"parameters":[],"shouldDisplayMessage":true,"stepsCount":1,"attachmentsCount":7,"hasContent":true,"attachmentStep":false},"afterStages":[{"name":"session_request::0","time":{"start":1759541951943,"stop":1759541951943,"duration":0},"status":"passed","steps":[],"attachments":[],"parameters":[],"shouldDisplayMessage":false,"stepsCount":0,"attachmentsCount":0,"hasContent":false,"attachmentStep":false}],"labels":[{"name":"epic","value":"Workspaces"},{"name":"severity","value":"normal"},{"name":"story","value":"WorkSpaces Creation and Editing Functionality"},{"name":"parentSuite","value":"tests"},{"name":"suite","value":"workspaces_test"},{"name":"subSuite","value":"TestWorkspaces"},{"name":"host","value":"runnervmwhb2z"},{"name":"thread","value":"2217-MainThread"},{"name":"framework","value":"pytest"},{"name":"language","value":"cpython3"},{"name":"package","value":"tests.workspaces_test"},{"name":"resultFormat","value":"allure2"}],"parameters":[],"links":[],"hidden":false,"retry":false,"extra":{"severity":"normal","retries":[],"categories":[{"name":"Test defects","matchedStatuses":[],"flaky":false}],"history":{"statistic":{"failed":0,"broken":3,"skipped":0,"passed":0,"unknown":0,"total":3},"items":[{"uid":"ebd700d74b2007fb","reportUrl":"https://nirtal85.github.io/Selenium-Python-Example/795//#testresult/ebd700d74b2007fb","status":"broken","statusDetails":"selenium.common.exceptions.TimeoutException: Message: \nStacktrace:\n#0 0x55a593da953a <unknown>\n#1 0x55a5938a4f00 <unknown>\n#2 0x55a5938f4c0c <unknown>\n#3 0x55a5938f4e31 <unknown>\n#4 0x55a59393abd4 <unknown>\n#5 0x55a5939195cd <unknown>\n#6 0x55a593937f84 <unknown>\n#7 0x55a593919343 <unknown>\n#8 0x55a5938e678a <unknown>\n#9 0x55a5938e79de <unknown>\n#10 0x55a593d732cb <unknown>\n#11 0x55a593d77242 <unknown>\n#12 0x55a593d607ac <unknown>\n#13 0x55a593d77df7 <unknown>\n#14 0x55a593d44b2f <unknown>\n#15 0x55a593d981a8 <unknown>\n#16 0x55a593d98370 <unknown>\n#17 0x55a593da83b6 <unknown>\n#18 0x7fb83109caa4 <unknown>\n#19 0x7fb831129c6c <unknown>","time":{"start":1759455709798,"stop":1759455709798,"duration":0}},{"uid":"9429750788258d08","reportUrl":"https://nirtal85.github.io/Selenium-Python-Example/794//#testresult/9429750788258d08","status":"broken","statusDetails":"selenium.common.exceptions.TimeoutException: Message: \nStacktrace:\n#0 0x55fde4d5553a <unknown>\n#1 0x55fde4850f00 <unknown>\n#2 0x55fde48a0c0c <unknown>\n#3 0x55fde48a0e31 <unknown>\n#4 0x55fde48e6bd4 <unknown>\n#5 0x55fde48c55cd <unknown>\n#6 0x55fde48e3f84 <unknown>\n#7 0x55fde48c5343 <unknown>\n#8 0x55fde489278a <unknown>\n#9 0x55fde48939de <unknown>\n#10 0x55fde4d1f2cb <unknown>\n#11 0x55fde4d23242 <unknown>\n#12 0x55fde4d0c7ac <unknown>\n#13 0x55fde4d23df7 <unknown>\n#14 0x55fde4cf0b2f <unknown>\n#15 0x55fde4d441a8 <unknown>\n#16 0x55fde4d44370 <unknown>\n#17 0x55fde4d543b6 <unknown>\n#18 0x7f595ee9caa4 <unknown>\n#19 0x7f595ef29c6c <unknown>","time":{"start":1759369321500,"stop":1759369321500,"duration":0}}]},"tags":[]},"source":"269bb853291c5c30.json","parameterValues":[]}