{"uid":"a7ecfd68d019b79f","name":"Exception test","fullName":"tests.forgot_password_test.TestForgotPassword#test_expected_exception_on_page_title","historyId":"288cd0030c92ba34b4ff4b58ed8ec476","time":{"start":1758073302949,"stop":1758073313378,"duration":10429},"description":"Exception catching","descriptionHtml":"<p>Exception catching</p>\n","status":"broken","statusMessage":"selenium.common.exceptions.TimeoutException: Message: \nStacktrace:\n#0 0x55c0f7e9d53a <unknown>\n#1 0x55c0f7998f00 <unknown>\n#2 0x55c0f79e8c0c <unknown>\n#3 0x55c0f79e8e31 <unknown>\n#4 0x55c0f7a2ebd4 <unknown>\n#5 0x55c0f7a0d5cd <unknown>\n#6 0x55c0f7a2bf84 <unknown>\n#7 0x55c0f7a0d343 <unknown>\n#8 0x55c0f79da78a <unknown>\n#9 0x55c0f79db9de <unknown>\n#10 0x55c0f7e672cb <unknown>\n#11 0x55c0f7e6b242 <unknown>\n#12 0x55c0f7e547ac <unknown>\n#13 0x55c0f7e6bdf7 <unknown>\n#14 0x55c0f7e38b2f <unknown>\n#15 0x55c0f7e8c1a8 <unknown>\n#16 0x55c0f7e8c370 <unknown>\n#17 0x55c0f7e9c3b6 <unknown>\n#18 0x7fa9e089caa4 <unknown>\n#19 0x7fa9e0929c3c <unknown>","statusTrace":"self = <tests.forgot_password_test.TestForgotPassword object at 0x7ffb5477ab10>\n\n    @allure.description(\"Exception catching\")\n    @allure.title(\"Exception test\")\n    @allure.link(\"github.com/allure-examples/\", name=\"Allure Examples\")\n    @allure.issue(\"github.com/allure-examples/allure-examples/issues/1\", name=\"ISSUE-1\")\n    @allure.testcase(\"github.com/allure-examples/allure-examples/issues/2\", name=\"TESTCASE-2\")\n    def test_expected_exception_on_page_title(self) -> None:\n>       self.about_page.click_login_link()\n\ntests/forgot_password_test.py:51: \n_ _ _ _ _ _ _ _ _ _ _ _ _ _ _ _ _ _ _ _ _ _ _ _ _ _ _ _ _ _ _ _ _ _ _ _ _ _ _ _ \nsrc/pages/about_page.py:18: in click_login_link\n    self.click(self.LOGIN_LINK)\nsrc/pages/base_page.py:59: in click\n    el: WebElement = self.wait.until(expected_conditions.element_to_be_clickable(locator))\n                     ^^^^^^^^^^^^^^^^^^^^^^^^^^^^^^^^^^^^^^^^^^^^^^^^^^^^^^^^^^^^^^^^^^^^^\n_ _ _ _ _ _ _ _ _ _ _ _ _ _ _ _ _ _ _ _ _ _ _ _ _ _ _ _ _ _ _ _ _ _ _ _ _ _ _ _ \n\nself = <selenium.webdriver.support.wait.WebDriverWait (session=\"d722934aed944cde8f3971e1a83ce091\")>\nmethod = <function element_to_be_clickable.<locals>._predicate at 0x7ffb548e05e0>\nmessage = ''\n\n    def until(self, method: Callable[[D], Union[Literal[False], T]], message: str = \"\") -> T:\n        \"\"\"Wait until the method returns a value that is not False.\n    \n        Calls the method provided with the driver as an argument until the\n        return value does not evaluate to ``False``.\n    \n        Parameters:\n        -----------\n        method: callable(WebDriver)\n            - A callable object that takes a WebDriver instance as an argument.\n    \n        message: str\n            - Optional message for :exc:`TimeoutException`\n    \n        Return:\n        -------\n        object: T\n            - The result of the last call to `method`\n    \n        Raises:\n        -------\n        TimeoutException\n            - If 'method' does not return a truthy value within the WebDriverWait\n            object's timeout\n    \n        Example:\n        --------\n        >>> from selenium.webdriver.common.by import By\n        >>> from selenium.webdriver.support.ui import WebDriverWait\n        >>> from selenium.webdriver.support import expected_conditions as EC\n    \n        # Wait until an element is visible on the page\n        >>> wait = WebDriverWait(driver, 10)\n        >>> element = wait.until(EC.visibility_of_element_located((By.ID, \"exampleId\")))\n        >>> print(element.text)\n        \"\"\"\n        screen = None\n        stacktrace = None\n    \n        end_time = time.monotonic() + self._timeout\n        while True:\n            try:\n                value = method(self._driver)\n                if value:\n                    return value\n            except self._ignored_exceptions as exc:\n                screen = getattr(exc, \"screen\", None)\n                stacktrace = getattr(exc, \"stacktrace\", None)\n            if time.monotonic() > end_time:\n                break\n            time.sleep(self._poll)\n>       raise TimeoutException(message, screen, stacktrace)\nE       selenium.common.exceptions.TimeoutException: Message: \nE       Stacktrace:\nE       #0 0x55c0f7e9d53a <unknown>\nE       #1 0x55c0f7998f00 <unknown>\nE       #2 0x55c0f79e8c0c <unknown>\nE       #3 0x55c0f79e8e31 <unknown>\nE       #4 0x55c0f7a2ebd4 <unknown>\nE       #5 0x55c0f7a0d5cd <unknown>\nE       #6 0x55c0f7a2bf84 <unknown>\nE       #7 0x55c0f7a0d343 <unknown>\nE       #8 0x55c0f79da78a <unknown>\nE       #9 0x55c0f79db9de <unknown>\nE       #10 0x55c0f7e672cb <unknown>\nE       #11 0x55c0f7e6b242 <unknown>\nE       #12 0x55c0f7e547ac <unknown>\nE       #13 0x55c0f7e6bdf7 <unknown>\nE       #14 0x55c0f7e38b2f <unknown>\nE       #15 0x55c0f7e8c1a8 <unknown>\nE       #16 0x55c0f7e8c370 <unknown>\nE       #17 0x55c0f7e9c3b6 <unknown>\nE       #18 0x7fa9e089caa4 <unknown>\nE       #19 0x7fa9e0929c3c <unknown>\n\n.venv/lib/python3.13/site-packages/selenium/webdriver/support/wait.py:138: TimeoutException","flaky":false,"newFailed":false,"newBroken":false,"newPassed":false,"retriesCount":0,"retriesStatusChange":false,"beforeStages":[{"name":"base_url","time":{"start":1758073298265,"stop":1758073298265,"duration":0},"status":"passed","steps":[],"attachments":[],"parameters":[],"shouldDisplayMessage":false,"stepsCount":0,"attachmentsCount":0,"hasContent":false,"attachmentStep":false},{"name":"session_request","time":{"start":1758073298266,"stop":1758073298266,"duration":0},"status":"passed","steps":[],"attachments":[],"parameters":[],"shouldDisplayMessage":false,"stepsCount":0,"attachmentsCount":0,"hasContent":false,"attachmentStep":false},{"name":"_verify_url","time":{"start":1758073298266,"stop":1758073298266,"duration":0},"status":"passed","steps":[],"attachments":[],"parameters":[],"shouldDisplayMessage":false,"stepsCount":0,"attachmentsCount":0,"hasContent":false,"attachmentStep":false}],"testStage":{"description":"Exception catching","status":"broken","statusMessage":"selenium.common.exceptions.TimeoutException: Message: \nStacktrace:\n#0 0x55c0f7e9d53a <unknown>\n#1 0x55c0f7998f00 <unknown>\n#2 0x55c0f79e8c0c <unknown>\n#3 0x55c0f79e8e31 <unknown>\n#4 0x55c0f7a2ebd4 <unknown>\n#5 0x55c0f7a0d5cd <unknown>\n#6 0x55c0f7a2bf84 <unknown>\n#7 0x55c0f7a0d343 <unknown>\n#8 0x55c0f79da78a <unknown>\n#9 0x55c0f79db9de <unknown>\n#10 0x55c0f7e672cb <unknown>\n#11 0x55c0f7e6b242 <unknown>\n#12 0x55c0f7e547ac <unknown>\n#13 0x55c0f7e6bdf7 <unknown>\n#14 0x55c0f7e38b2f <unknown>\n#15 0x55c0f7e8c1a8 <unknown>\n#16 0x55c0f7e8c370 <unknown>\n#17 0x55c0f7e9c3b6 <unknown>\n#18 0x7fa9e089caa4 <unknown>\n#19 0x7fa9e0929c3c <unknown>","statusTrace":"self = <tests.forgot_password_test.TestForgotPassword object at 0x7ffb5477ab10>\n\n    @allure.description(\"Exception catching\")\n    @allure.title(\"Exception test\")\n    @allure.link(\"github.com/allure-examples/\", name=\"Allure Examples\")\n    @allure.issue(\"github.com/allure-examples/allure-examples/issues/1\", name=\"ISSUE-1\")\n    @allure.testcase(\"github.com/allure-examples/allure-examples/issues/2\", name=\"TESTCASE-2\")\n    def test_expected_exception_on_page_title(self) -> None:\n>       self.about_page.click_login_link()\n\ntests/forgot_password_test.py:51: \n_ _ _ _ _ _ _ _ _ _ _ _ _ _ _ _ _ _ _ _ _ _ _ _ _ _ _ _ _ _ _ _ _ _ _ _ _ _ _ _ \nsrc/pages/about_page.py:18: in click_login_link\n    self.click(self.LOGIN_LINK)\nsrc/pages/base_page.py:59: in click\n    el: WebElement = self.wait.until(expected_conditions.element_to_be_clickable(locator))\n                     ^^^^^^^^^^^^^^^^^^^^^^^^^^^^^^^^^^^^^^^^^^^^^^^^^^^^^^^^^^^^^^^^^^^^^\n_ _ _ _ _ _ _ _ _ _ _ _ _ _ _ _ _ _ _ _ _ _ _ _ _ _ _ _ _ _ _ _ _ _ _ _ _ _ _ _ \n\nself = <selenium.webdriver.support.wait.WebDriverWait (session=\"d722934aed944cde8f3971e1a83ce091\")>\nmethod = <function element_to_be_clickable.<locals>._predicate at 0x7ffb548e05e0>\nmessage = ''\n\n    def until(self, method: Callable[[D], Union[Literal[False], T]], message: str = \"\") -> T:\n        \"\"\"Wait until the method returns a value that is not False.\n    \n        Calls the method provided with the driver as an argument until the\n        return value does not evaluate to ``False``.\n    \n        Parameters:\n        -----------\n        method: callable(WebDriver)\n            - A callable object that takes a WebDriver instance as an argument.\n    \n        message: str\n            - Optional message for :exc:`TimeoutException`\n    \n        Return:\n        -------\n        object: T\n            - The result of the last call to `method`\n    \n        Raises:\n        -------\n        TimeoutException\n            - If 'method' does not return a truthy value within the WebDriverWait\n            object's timeout\n    \n        Example:\n        --------\n        >>> from selenium.webdriver.common.by import By\n        >>> from selenium.webdriver.support.ui import WebDriverWait\n        >>> from selenium.webdriver.support import expected_conditions as EC\n    \n        # Wait until an element is visible on the page\n        >>> wait = WebDriverWait(driver, 10)\n        >>> element = wait.until(EC.visibility_of_element_located((By.ID, \"exampleId\")))\n        >>> print(element.text)\n        \"\"\"\n        screen = None\n        stacktrace = None\n    \n        end_time = time.monotonic() + self._timeout\n        while True:\n            try:\n                value = method(self._driver)\n                if value:\n                    return value\n            except self._ignored_exceptions as exc:\n                screen = getattr(exc, \"screen\", None)\n                stacktrace = getattr(exc, \"stacktrace\", None)\n            if time.monotonic() > end_time:\n                break\n            time.sleep(self._poll)\n>       raise TimeoutException(message, screen, stacktrace)\nE       selenium.common.exceptions.TimeoutException: Message: \nE       Stacktrace:\nE       #0 0x55c0f7e9d53a <unknown>\nE       #1 0x55c0f7998f00 <unknown>\nE       #2 0x55c0f79e8c0c <unknown>\nE       #3 0x55c0f79e8e31 <unknown>\nE       #4 0x55c0f7a2ebd4 <unknown>\nE       #5 0x55c0f7a0d5cd <unknown>\nE       #6 0x55c0f7a2bf84 <unknown>\nE       #7 0x55c0f7a0d343 <unknown>\nE       #8 0x55c0f79da78a <unknown>\nE       #9 0x55c0f79db9de <unknown>\nE       #10 0x55c0f7e672cb <unknown>\nE       #11 0x55c0f7e6b242 <unknown>\nE       #12 0x55c0f7e547ac <unknown>\nE       #13 0x55c0f7e6bdf7 <unknown>\nE       #14 0x55c0f7e38b2f <unknown>\nE       #15 0x55c0f7e8c1a8 <unknown>\nE       #16 0x55c0f7e8c370 <unknown>\nE       #17 0x55c0f7e9c3b6 <unknown>\nE       #18 0x7fa9e089caa4 <unknown>\nE       #19 0x7fa9e0929c3c <unknown>\n\n.venv/lib/python3.13/site-packages/selenium/webdriver/support/wait.py:138: TimeoutException","steps":[{"name":"Click Login link","time":{"start":1758073302949,"stop":1758073313377,"duration":10428},"status":"broken","statusMessage":"selenium.common.exceptions.TimeoutException: Message: \nStacktrace:\n#0 0x55c0f7e9d53a <unknown>\n#1 0x55c0f7998f00 <unknown>\n#2 0x55c0f79e8c0c <unknown>\n#3 0x55c0f79e8e31 <unknown>\n#4 0x55c0f7a2ebd4 <unknown>\n#5 0x55c0f7a0d5cd <unknown>\n#6 0x55c0f7a2bf84 <unknown>\n#7 0x55c0f7a0d343 <unknown>\n#8 0x55c0f79da78a <unknown>\n#9 0x55c0f79db9de <unknown>\n#10 0x55c0f7e672cb <unknown>\n#11 0x55c0f7e6b242 <unknown>\n#12 0x55c0f7e547ac <unknown>\n#13 0x55c0f7e6bdf7 <unknown>\n#14 0x55c0f7e38b2f <unknown>\n#15 0x55c0f7e8c1a8 <unknown>\n#16 0x55c0f7e8c370 <unknown>\n#17 0x55c0f7e9c3b6 <unknown>\n#18 0x7fa9e089caa4 <unknown>\n#19 0x7fa9e0929c3c <unknown>\n\n","statusTrace":"  File \"/home/runner/work/Selenium-Python-Example/Selenium-Python-Example/.venv/lib/python3.13/site-packages/allure_commons/_allure.py\", line 202, in impl\n    return func(*a, **kw)\n  File \"/home/runner/work/Selenium-Python-Example/Selenium-Python-Example/src/pages/about_page.py\", line 18, in click_login_link\n    self.click(self.LOGIN_LINK)\n    ~~~~~~~~~~^^^^^^^^^^^^^^^^^\n  File \"/home/runner/work/Selenium-Python-Example/Selenium-Python-Example/src/pages/base_page.py\", line 59, in click\n    el: WebElement = self.wait.until(expected_conditions.element_to_be_clickable(locator))\n                     ~~~~~~~~~~~~~~~^^^^^^^^^^^^^^^^^^^^^^^^^^^^^^^^^^^^^^^^^^^^^^^^^^^^^^\n  File \"/home/runner/work/Selenium-Python-Example/Selenium-Python-Example/.venv/lib/python3.13/site-packages/selenium/webdriver/support/wait.py\", line 138, in until\n    raise TimeoutException(message, screen, stacktrace)\n","steps":[],"attachments":[],"parameters":[],"shouldDisplayMessage":true,"stepsCount":0,"attachmentsCount":0,"hasContent":true,"attachmentStep":false},{"name":"public ip address","time":{"start":1758073313389,"stop":1758073313439,"duration":50},"status":"passed","steps":[],"attachments":[{"uid":"83f7f3bc4b34d2a3","name":"HTTP logs of http://checkip.amazonaws.com/","source":"83f7f3bc4b34d2a3.txt","type":"text/plain","size":358}],"parameters":[],"shouldDisplayMessage":false,"stepsCount":0,"attachmentsCount":1,"hasContent":true,"attachmentStep":false}],"attachments":[{"uid":"689db70f44796425","name":"Cookies","source":"689db70f44796425.json","type":"application/json","size":4119},{"uid":"915c625fc24ffee9","name":"Session Storage","source":"915c625fc24ffee9.json","type":"application/json","size":359},{"uid":"d93cb668cf470496","name":"Local Storage","source":"d93cb668cf470496.json","type":"application/json","size":563},{"uid":"c90948caffe96cc2","name":"Full Page Screenshot","source":"c90948caffe96cc2.png","type":"image/png","size":2055268},{"uid":"a1c1261d29952898","name":"URL","source":"a1c1261d29952898.uri","type":"text/uri-list","size":23},{"uid":"73975d4b274e8a15","name":"Network Logs","source":"73975d4b274e8a15.json","type":"application/json","size":7929262}],"parameters":[],"shouldDisplayMessage":true,"stepsCount":2,"attachmentsCount":7,"hasContent":true,"attachmentStep":false},"afterStages":[{"name":"session_request::0","time":{"start":1758073329716,"stop":1758073329716,"duration":0},"status":"passed","steps":[],"attachments":[],"parameters":[],"shouldDisplayMessage":false,"stepsCount":0,"attachmentsCount":0,"hasContent":false,"attachmentStep":false}],"labels":[{"name":"subSuite","value":"Custom sub suite"},{"name":"suite","value":"Custom suite"},{"name":"severity","value":"critical"},{"name":"story","value":"Forgot Password Feature's Functionality"},{"name":"parentSuite","value":"Custom parent suite"},{"name":"epic","value":"Security"},{"name":"tag","value":"security"},{"name":"host","value":"runnervmmq7i7"},{"name":"thread","value":"2228-MainThread"},{"name":"framework","value":"pytest"},{"name":"language","value":"cpython3"},{"name":"package","value":"tests.forgot_password_test"},{"name":"resultFormat","value":"allure2"}],"parameters":[],"links":[{"name":"TESTCASE-2","url":"https://github.com/allure-examples/allure-examples/issues/2","type":"tms"},{"name":"ISSUE-1","url":"https://github.com/allure-examples/allure-examples/issues/1","type":"issue"},{"name":"Allure Examples","url":"https://github.com/allure-examples/","type":"link"}],"hidden":false,"retry":false,"extra":{"severity":"critical","retries":[],"categories":[{"name":"Test defects","matchedStatuses":[],"flaky":false}],"history":{"statistic":{"failed":0,"broken":16,"skipped":0,"passed":0,"unknown":0,"total":16},"items":[{"uid":"20af270101a8a3ba","reportUrl":"https://nirtal85.github.io/Selenium-Python-Example/778//#testresult/20af270101a8a3ba","status":"broken","statusDetails":"selenium.common.exceptions.TimeoutException: Message: \nStacktrace:\n#0 0x564ef64f253a <unknown>\n#1 0x564ef5fedf00 <unknown>\n#2 0x564ef603dc0c <unknown>\n#3 0x564ef603de31 <unknown>\n#4 0x564ef6083bd4 <unknown>\n#5 0x564ef60625cd <unknown>\n#6 0x564ef6080f84 <unknown>\n#7 0x564ef6062343 <unknown>\n#8 0x564ef602f78a <unknown>\n#9 0x564ef60309de <unknown>\n#10 0x564ef64bc2cb <unknown>\n#11 0x564ef64c0242 <unknown>\n#12 0x564ef64a97ac <unknown>\n#13 0x564ef64c0df7 <unknown>\n#14 0x564ef648db2f <unknown>\n#15 0x564ef64e11a8 <unknown>\n#16 0x564ef64e1370 <unknown>\n#17 0x564ef64f13b6 <unknown>\n#18 0x7fa623a9caa4 <unknown>\n#19 0x7fa623b29c3c <unknown>","time":{"start":1757986903490,"stop":1757986913929,"duration":10439}},{"uid":"6d6319a6661239fd","reportUrl":"https://nirtal85.github.io/Selenium-Python-Example/777//#testresult/6d6319a6661239fd","status":"broken","statusDetails":"selenium.common.exceptions.TimeoutException: Message: \nStacktrace:\n#0 0x55aceb97153a <unknown>\n#1 0x55aceb46cf00 <unknown>\n#2 0x55aceb4bcc0c <unknown>\n#3 0x55aceb4bce31 <unknown>\n#4 0x55aceb502bd4 <unknown>\n#5 0x55aceb4e15cd <unknown>\n#6 0x55aceb4fff84 <unknown>\n#7 0x55aceb4e1343 <unknown>\n#8 0x55aceb4ae78a <unknown>\n#9 0x55aceb4af9de <unknown>\n#10 0x55aceb93b2cb <unknown>\n#11 0x55aceb93f242 <unknown>\n#12 0x55aceb9287ac <unknown>\n#13 0x55aceb93fdf7 <unknown>\n#14 0x55aceb90cb2f <unknown>\n#15 0x55aceb9601a8 <unknown>\n#16 0x55aceb960370 <unknown>\n#17 0x55aceb9703b6 <unknown>\n#18 0x7fc15fe9caa4 <unknown>\n#19 0x7fc15ff29c3c <unknown>","time":{"start":1757900997492,"stop":1757901007814,"duration":10322}},{"uid":"f7e654f60477b084","reportUrl":"https://nirtal85.github.io/Selenium-Python-Example/776//#testresult/f7e654f60477b084","status":"broken","statusDetails":"selenium.common.exceptions.TimeoutException: Message: \nStacktrace:\n#0 0x55d0572bd53a <unknown>\n#1 0x55d056db8f00 <unknown>\n#2 0x55d056e08c0c <unknown>\n#3 0x55d056e08e31 <unknown>\n#4 0x55d056e4ebd4 <unknown>\n#5 0x55d056e2d5cd <unknown>\n#6 0x55d056e4bf84 <unknown>\n#7 0x55d056e2d343 <unknown>\n#8 0x55d056dfa78a <unknown>\n#9 0x55d056dfb9de <unknown>\n#10 0x55d0572872cb <unknown>\n#11 0x55d05728b242 <unknown>\n#12 0x55d0572747ac <unknown>\n#13 0x55d05728bdf7 <unknown>\n#14 0x55d057258b2f <unknown>\n#15 0x55d0572ac1a8 <unknown>\n#16 0x55d0572ac370 <unknown>\n#17 0x55d0572bc3b6 <unknown>\n#18 0x7f537249caa4 <unknown>\n#19 0x7f5372529c3c <unknown>","time":{"start":1757814498747,"stop":1757814509140,"duration":10393}},{"uid":"88c641b5c00dc128","reportUrl":"https://nirtal85.github.io/Selenium-Python-Example/775//#testresult/88c641b5c00dc128","status":"broken","statusDetails":"selenium.common.exceptions.TimeoutException: Message: \nStacktrace:\n#0 0x562ef04db53a <unknown>\n#1 0x562eeffd6f00 <unknown>\n#2 0x562ef0026c0c <unknown>\n#3 0x562ef0026e31 <unknown>\n#4 0x562ef006cbd4 <unknown>\n#5 0x562ef004b5cd <unknown>\n#6 0x562ef0069f84 <unknown>\n#7 0x562ef004b343 <unknown>\n#8 0x562ef001878a <unknown>\n#9 0x562ef00199de <unknown>\n#10 0x562ef04a52cb <unknown>\n#11 0x562ef04a9242 <unknown>\n#12 0x562ef04927ac <unknown>\n#13 0x562ef04a9df7 <unknown>\n#14 0x562ef0476b2f <unknown>\n#15 0x562ef04ca1a8 <unknown>\n#16 0x562ef04ca370 <unknown>\n#17 0x562ef04da3b6 <unknown>\n#18 0x7f76f849caa4 <unknown>\n#19 0x7f76f8529c3c <unknown>","time":{"start":1757727361202,"stop":1757727371569,"duration":10367}},{"uid":"e734ba5bfe9370d0","reportUrl":"https://nirtal85.github.io/Selenium-Python-Example/774//#testresult/e734ba5bfe9370d0","status":"broken","statusDetails":"selenium.common.exceptions.TimeoutException: Message: \nStacktrace:\n#0 0x55fc24c9653a <unknown>\n#1 0x55fc24791f00 <unknown>\n#2 0x55fc247e1c0c <unknown>\n#3 0x55fc247e1e31 <unknown>\n#4 0x55fc24827bd4 <unknown>\n#5 0x55fc248065cd <unknown>\n#6 0x55fc24824f84 <unknown>\n#7 0x55fc24806343 <unknown>\n#8 0x55fc247d378a <unknown>\n#9 0x55fc247d49de <unknown>\n#10 0x55fc24c602cb <unknown>\n#11 0x55fc24c64242 <unknown>\n#12 0x55fc24c4d7ac <unknown>\n#13 0x55fc24c64df7 <unknown>\n#14 0x55fc24c31b2f <unknown>\n#15 0x55fc24c851a8 <unknown>\n#16 0x55fc24c85370 <unknown>\n#17 0x55fc24c953b6 <unknown>\n#18 0x7fb03149caa4 <unknown>\n#19 0x7fb031529c3c <unknown>","time":{"start":1757641239860,"stop":1757641250262,"duration":10402}},{"uid":"204d9482f9496812","reportUrl":"https://nirtal85.github.io/Selenium-Python-Example/773//#testresult/204d9482f9496812","status":"broken","statusDetails":"selenium.common.exceptions.TimeoutException: Message: \nStacktrace:\n#0 0x5648ef13b53a <unknown>\n#1 0x5648eec36f00 <unknown>\n#2 0x5648eec86c0c <unknown>\n#3 0x5648eec86e31 <unknown>\n#4 0x5648eecccbd4 <unknown>\n#5 0x5648eecab5cd <unknown>\n#6 0x5648eecc9f84 <unknown>\n#7 0x5648eecab343 <unknown>\n#8 0x5648eec7878a <unknown>\n#9 0x5648eec799de <unknown>\n#10 0x5648ef1052cb <unknown>\n#11 0x5648ef109242 <unknown>\n#12 0x5648ef0f27ac <unknown>\n#13 0x5648ef109df7 <unknown>\n#14 0x5648ef0d6b2f <unknown>\n#15 0x5648ef12a1a8 <unknown>\n#16 0x5648ef12a370 <unknown>\n#17 0x5648ef13a3b6 <unknown>\n#18 0x7f473fe9caa4 <unknown>\n#19 0x7f473ff29c3c <unknown>","time":{"start":1757555062503,"stop":1757555072876,"duration":10373}},{"uid":"ec2762ab7520330a","reportUrl":"https://nirtal85.github.io/Selenium-Python-Example/772//#testresult/ec2762ab7520330a","status":"broken","statusDetails":"selenium.common.exceptions.TimeoutException: Message: \nStacktrace:\n#0 0x55a259dc253a <unknown>\n#1 0x55a2598bdf00 <unknown>\n#2 0x55a25990dc0c <unknown>\n#3 0x55a25990de31 <unknown>\n#4 0x55a259953bd4 <unknown>\n#5 0x55a2599325cd <unknown>\n#6 0x55a259950f84 <unknown>\n#7 0x55a259932343 <unknown>\n#8 0x55a2598ff78a <unknown>\n#9 0x55a2599009de <unknown>\n#10 0x55a259d8c2cb <unknown>\n#11 0x55a259d90242 <unknown>\n#12 0x55a259d797ac <unknown>\n#13 0x55a259d90df7 <unknown>\n#14 0x55a259d5db2f <unknown>\n#15 0x55a259db11a8 <unknown>\n#16 0x55a259db1370 <unknown>\n#17 0x55a259dc13b6 <unknown>\n#18 0x7f4e4529caa4 <unknown>\n#19 0x7f4e45329c3c <unknown>","time":{"start":1757468503509,"stop":1757468513844,"duration":10335}},{"uid":"e1f789b9ca72e57b","reportUrl":"https://nirtal85.github.io/Selenium-Python-Example/771//#testresult/e1f789b9ca72e57b","status":"broken","statusDetails":"selenium.common.exceptions.TimeoutException: Message: \nStacktrace:\n#0 0x5591cc6a853a <unknown>\n#1 0x5591cc1a3f00 <unknown>\n#2 0x5591cc1f3c0c <unknown>\n#3 0x5591cc1f3e31 <unknown>\n#4 0x5591cc239bd4 <unknown>\n#5 0x5591cc2185cd <unknown>\n#6 0x5591cc236f84 <unknown>\n#7 0x5591cc218343 <unknown>\n#8 0x5591cc1e578a <unknown>\n#9 0x5591cc1e69de <unknown>\n#10 0x5591cc6722cb <unknown>\n#11 0x5591cc676242 <unknown>\n#12 0x5591cc65f7ac <unknown>\n#13 0x5591cc676df7 <unknown>\n#14 0x5591cc643b2f <unknown>\n#15 0x5591cc6971a8 <unknown>\n#16 0x5591cc697370 <unknown>\n#17 0x5591cc6a73b6 <unknown>\n#18 0x7f7bae89caa4 <unknown>\n#19 0x7f7bae929c3c <unknown>","time":{"start":1757382317790,"stop":1757382327909,"duration":10119}},{"uid":"2d7a4acf644b4687","reportUrl":"https://nirtal85.github.io/Selenium-Python-Example/770//#testresult/2d7a4acf644b4687","status":"broken","statusDetails":"selenium.common.exceptions.TimeoutException: Message: \nStacktrace:\n#0 0x55a3f709853a <unknown>\n#1 0x55a3f6b93f00 <unknown>\n#2 0x55a3f6be3c0c <unknown>\n#3 0x55a3f6be3e31 <unknown>\n#4 0x55a3f6c29bd4 <unknown>\n#5 0x55a3f6c085cd <unknown>\n#6 0x55a3f6c26f84 <unknown>\n#7 0x55a3f6c08343 <unknown>\n#8 0x55a3f6bd578a <unknown>\n#9 0x55a3f6bd69de <unknown>\n#10 0x55a3f70622cb <unknown>\n#11 0x55a3f7066242 <unknown>\n#12 0x55a3f704f7ac <unknown>\n#13 0x55a3f7066df7 <unknown>\n#14 0x55a3f7033b2f <unknown>\n#15 0x55a3f70871a8 <unknown>\n#16 0x55a3f7087370 <unknown>\n#17 0x55a3f70973b6 <unknown>\n#18 0x7f8ba889caa4 <unknown>\n#19 0x7f8ba8929c3c <unknown>","time":{"start":1757296130847,"stop":1757296141192,"duration":10345}},{"uid":"7b8418284c592962","reportUrl":"https://nirtal85.github.io/Selenium-Python-Example/769//#testresult/7b8418284c592962","status":"broken","statusDetails":"selenium.common.exceptions.TimeoutException: Message: \nStacktrace:\n#0 0x55c1d896753a <unknown>\n#1 0x55c1d8462f00 <unknown>\n#2 0x55c1d84b2c0c <unknown>\n#3 0x55c1d84b2e31 <unknown>\n#4 0x55c1d84f8bd4 <unknown>\n#5 0x55c1d84d75cd <unknown>\n#6 0x55c1d84f5f84 <unknown>\n#7 0x55c1d84d7343 <unknown>\n#8 0x55c1d84a478a <unknown>\n#9 0x55c1d84a59de <unknown>\n#10 0x55c1d89312cb <unknown>\n#11 0x55c1d8935242 <unknown>\n#12 0x55c1d891e7ac <unknown>\n#13 0x55c1d8935df7 <unknown>\n#14 0x55c1d8902b2f <unknown>\n#15 0x55c1d89561a8 <unknown>\n#16 0x55c1d8956370 <unknown>\n#17 0x55c1d89663b6 <unknown>\n#18 0x7fa05429caa4 <unknown>\n#19 0x7fa054329c3c <unknown>","time":{"start":1757209739673,"stop":1757209750059,"duration":10386}},{"uid":"277d4b75ecfc7383","reportUrl":"https://nirtal85.github.io/Selenium-Python-Example/768//#testresult/277d4b75ecfc7383","status":"broken","statusDetails":"selenium.common.exceptions.TimeoutException: Message: \nStacktrace:\n#0 0x564a4eec953a <unknown>\n#1 0x564a4e9c4f00 <unknown>\n#2 0x564a4ea14c0c <unknown>\n#3 0x564a4ea14e31 <unknown>\n#4 0x564a4ea5abd4 <unknown>\n#5 0x564a4ea395cd <unknown>\n#6 0x564a4ea57f84 <unknown>\n#7 0x564a4ea39343 <unknown>\n#8 0x564a4ea0678a <unknown>\n#9 0x564a4ea079de <unknown>\n#10 0x564a4ee932cb <unknown>\n#11 0x564a4ee97242 <unknown>\n#12 0x564a4ee807ac <unknown>\n#13 0x564a4ee97df7 <unknown>\n#14 0x564a4ee64b2f <unknown>\n#15 0x564a4eeb81a8 <unknown>\n#16 0x564a4eeb8370 <unknown>\n#17 0x564a4eec83b6 <unknown>\n#18 0x7f0616a9caa4 <unknown>\n#19 0x7f0616b29c3c <unknown>","time":{"start":1757122828734,"stop":1757122839107,"duration":10373}},{"uid":"b663a7165ca489c3","reportUrl":"https://nirtal85.github.io/Selenium-Python-Example/767//#testresult/b663a7165ca489c3","status":"broken","statusDetails":"selenium.common.exceptions.TimeoutException: Message: \nStacktrace:\n#0 0x55e57844753a <unknown>\n#1 0x55e577f42f00 <unknown>\n#2 0x55e577f92c0c <unknown>\n#3 0x55e577f92e31 <unknown>\n#4 0x55e577fd8bd4 <unknown>\n#5 0x55e577fb75cd <unknown>\n#6 0x55e577fd5f84 <unknown>\n#7 0x55e577fb7343 <unknown>\n#8 0x55e577f8478a <unknown>\n#9 0x55e577f859de <unknown>\n#10 0x55e5784112cb <unknown>\n#11 0x55e578415242 <unknown>\n#12 0x55e5783fe7ac <unknown>\n#13 0x55e578415df7 <unknown>\n#14 0x55e5783e2b2f <unknown>\n#15 0x55e5784361a8 <unknown>\n#16 0x55e578436370 <unknown>\n#17 0x55e5784463b6 <unknown>\n#18 0x7f036c69caa4 <unknown>\n#19 0x7f036c729c3c <unknown>","time":{"start":1757036619078,"stop":1757036629464,"duration":10386}},{"uid":"e77f849194e3942a","reportUrl":"https://nirtal85.github.io/Selenium-Python-Example/766//#testresult/e77f849194e3942a","status":"broken","statusDetails":"selenium.common.exceptions.TimeoutException: Message: \nStacktrace:\n#0 0x565101c8453a <unknown>\n#1 0x56510177ff00 <unknown>\n#2 0x5651017cfc0c <unknown>\n#3 0x5651017cfe31 <unknown>\n#4 0x565101815bd4 <unknown>\n#5 0x5651017f45cd <unknown>\n#6 0x565101812f84 <unknown>\n#7 0x5651017f4343 <unknown>\n#8 0x5651017c178a <unknown>\n#9 0x5651017c29de <unknown>\n#10 0x565101c4e2cb <unknown>\n#11 0x565101c52242 <unknown>\n#12 0x565101c3b7ac <unknown>\n#13 0x565101c52df7 <unknown>\n#14 0x565101c1fb2f <unknown>\n#15 0x565101c731a8 <unknown>\n#16 0x565101c73370 <unknown>\n#17 0x565101c833b6 <unknown>\n#18 0x7f8315c9caa4 <unknown>\n#19 0x7f8315d29c3c <unknown>","time":{"start":1756950080760,"stop":1756950091152,"duration":10392}},{"uid":"ba621afdf8240c17","reportUrl":"https://nirtal85.github.io/Selenium-Python-Example/765//#testresult/ba621afdf8240c17","status":"broken","statusDetails":"selenium.common.exceptions.TimeoutException: Message: \nStacktrace:\n#0 0x558b8a96053a <unknown>\n#1 0x558b8a45bf00 <unknown>\n#2 0x558b8a4abc0c <unknown>\n#3 0x558b8a4abe31 <unknown>\n#4 0x558b8a4f1bd4 <unknown>\n#5 0x558b8a4d05cd <unknown>\n#6 0x558b8a4eef84 <unknown>\n#7 0x558b8a4d0343 <unknown>\n#8 0x558b8a49d78a <unknown>\n#9 0x558b8a49e9de <unknown>\n#10 0x558b8a92a2cb <unknown>\n#11 0x558b8a92e242 <unknown>\n#12 0x558b8a9177ac <unknown>\n#13 0x558b8a92edf7 <unknown>\n#14 0x558b8a8fbb2f <unknown>\n#15 0x558b8a94f1a8 <unknown>\n#16 0x558b8a94f370 <unknown>\n#17 0x558b8a95f3b6 <unknown>\n#18 0x7f4e8f49caa4 <unknown>\n#19 0x7f4e8f529c3c <unknown>","time":{"start":1756863645417,"stop":1756863655545,"duration":10128}},{"uid":"7065705dbac6da73","reportUrl":"https://nirtal85.github.io/Selenium-Python-Example/764//#testresult/7065705dbac6da73","status":"broken","statusDetails":"selenium.common.exceptions.TimeoutException: Message: \nStacktrace:\n#0 0x55fd955a753a <unknown>\n#1 0x55fd950a2f00 <unknown>\n#2 0x55fd950f2c0c <unknown>\n#3 0x55fd950f2e31 <unknown>\n#4 0x55fd95138bd4 <unknown>\n#5 0x55fd951175cd <unknown>\n#6 0x55fd95135f84 <unknown>\n#7 0x55fd95117343 <unknown>\n#8 0x55fd950e478a <unknown>\n#9 0x55fd950e59de <unknown>\n#10 0x55fd955712cb <unknown>\n#11 0x55fd95575242 <unknown>\n#12 0x55fd9555e7ac <unknown>\n#13 0x55fd95575df7 <unknown>\n#14 0x55fd95542b2f <unknown>\n#15 0x55fd955961a8 <unknown>\n#16 0x55fd95596370 <unknown>\n#17 0x55fd955a63b6 <unknown>\n#18 0x7ffaf8a9caa4 <unknown>\n#19 0x7ffaf8b29c3c <unknown>","time":{"start":1756777683972,"stop":1756777694310,"duration":10338}}]},"tags":["security"]},"source":"a7ecfd68d019b79f.json","parameterValues":[]}