{"uid":"1ce112263fc218e9","name":"Rename an existing workspace test","fullName":"tests.workspaces_test.TestWorkspaces#test_rename_workspace","historyId":"cd63adf5d11191c5904362b968c9e131","time":{"start":1761875397322,"stop":1761875397322,"duration":0},"description":"Rename an existing workspace","descriptionHtml":"<p>Rename an existing workspace</p>\n","status":"broken","statusMessage":"FileNotFoundError: [Errno 2] No such file or directory: '/home/runner/work/Selenium-Python-Example/Selenium-Python-Example/src/resources/tests_data.json'","statusTrace":"@fixture(scope=\"session\")\n    def data() -> Data:\n        json_path = Constants.DATA_PATH / \"tests_data.json\"\n>       with open(json_path, encoding=\"utf-8\") as json_file:\n             ^^^^^^^^^^^^^^^^^^^^^^^^^^^^^^^^^\nE       FileNotFoundError: [Errno 2] No such file or directory: '/home/runner/work/Selenium-Python-Example/Selenium-Python-Example/src/resources/tests_data.json'\n\ntests/conftest.py:60: FileNotFoundError","flaky":false,"newFailed":false,"newBroken":false,"newPassed":false,"retriesCount":0,"retriesStatusChange":false,"beforeStages":[{"name":"base_url","time":{"start":1761875394995,"stop":1761875394995,"duration":0},"status":"passed","steps":[],"attachments":[],"parameters":[],"shouldDisplayMessage":false,"stepsCount":0,"attachmentsCount":0,"hasContent":false,"attachmentStep":false},{"name":"_verify_url","time":{"start":1761875394995,"stop":1761875394996,"duration":1},"status":"passed","steps":[],"attachments":[],"parameters":[],"shouldDisplayMessage":false,"stepsCount":0,"attachmentsCount":0,"hasContent":false,"attachmentStep":false},{"name":"data","time":{"start":1761875394996,"stop":1761875394996,"duration":0},"status":"broken","statusMessage":"FileNotFoundError: [Errno 2] No such file or directory: '/home/runner/work/Selenium-Python-Example/Selenium-Python-Example/src/resources/tests_data.json'\n","statusTrace":"  File \"/home/runner/work/Selenium-Python-Example/Selenium-Python-Example/.venv/lib/python3.13/site-packages/pluggy/_callers.py\", line 167, in _multicall\n    teardown.throw(outcome._exception)\n    ~~~~~~~~~~~~~~^^^^^^^^^^^^^^^^^^^^\n  File \"/home/runner/work/Selenium-Python-Example/Selenium-Python-Example/.venv/lib/python3.13/site-packages/_pytest/setuponly.py\", line 36, in pytest_fixture_setup\n    return (yield)\n            ^^^^^\n  File \"/home/runner/work/Selenium-Python-Example/Selenium-Python-Example/.venv/lib/python3.13/site-packages/pluggy/_callers.py\", line 103, in _multicall\n    res = hook_impl.function(*args)\n  File \"/home/runner/work/Selenium-Python-Example/Selenium-Python-Example/.venv/lib/python3.13/site-packages/_pytest/fixtures.py\", line 1196, in pytest_fixture_setup\n    result = call_fixture_func(fixturefunc, request, kwargs)\n  File \"/home/runner/work/Selenium-Python-Example/Selenium-Python-Example/.venv/lib/python3.13/site-packages/_pytest/fixtures.py\", line 930, in call_fixture_func\n    fixture_result = fixturefunc(**kwargs)\n  File \"/home/runner/work/Selenium-Python-Example/Selenium-Python-Example/tests/conftest.py\", line 60, in data\n    with open(json_path, encoding=\"utf-8\") as json_file:\n         ~~~~^^^^^^^^^^^^^^^^^^^^^^^^^^^^^\n","steps":[],"attachments":[],"parameters":[],"shouldDisplayMessage":true,"stepsCount":0,"attachmentsCount":0,"hasContent":true,"attachmentStep":false},{"name":"session_request","time":{"start":1761875394996,"stop":1761875394996,"duration":0},"status":"passed","steps":[],"attachments":[],"parameters":[],"shouldDisplayMessage":false,"stepsCount":0,"attachmentsCount":0,"hasContent":false,"attachmentStep":false},{"name":"setup_method_fixture","time":{"start":1761875417531,"stop":1761875427921,"duration":10390},"status":"broken","statusMessage":"selenium.common.exceptions.TimeoutException: Message: \nStacktrace:\n#0 0x56218d71953a <unknown>\n#1 0x56218d214f00 <unknown>\n#2 0x56218d264c0c <unknown>\n#3 0x56218d264e31 <unknown>\n#4 0x56218d2aabd4 <unknown>\n#5 0x56218d2895cd <unknown>\n#6 0x56218d2a7f84 <unknown>\n#7 0x56218d289343 <unknown>\n#8 0x56218d25678a <unknown>\n#9 0x56218d2579de <unknown>\n#10 0x56218d6e32cb <unknown>\n#11 0x56218d6e7242 <unknown>\n#12 0x56218d6d07ac <unknown>\n#13 0x56218d6e7df7 <unknown>\n#14 0x56218d6b4b2f <unknown>\n#15 0x56218d7081a8 <unknown>\n#16 0x56218d708370 <unknown>\n#17 0x56218d7183b6 <unknown>\n#18 0x7fb153c9caa4 <unknown>\n#19 0x7fb153d29c6c <unknown>\n\n","statusTrace":"  File \"/home/runner/work/Selenium-Python-Example/Selenium-Python-Example/.venv/lib/python3.13/site-packages/pluggy/_callers.py\", line 167, in _multicall\n    teardown.throw(outcome._exception)\n    ~~~~~~~~~~~~~~^^^^^^^^^^^^^^^^^^^^\n  File \"/home/runner/work/Selenium-Python-Example/Selenium-Python-Example/.venv/lib/python3.13/site-packages/_pytest/setuponly.py\", line 36, in pytest_fixture_setup\n    return (yield)\n            ^^^^^\n  File \"/home/runner/work/Selenium-Python-Example/Selenium-Python-Example/.venv/lib/python3.13/site-packages/pluggy/_callers.py\", line 103, in _multicall\n    res = hook_impl.function(*args)\n  File \"/home/runner/work/Selenium-Python-Example/Selenium-Python-Example/.venv/lib/python3.13/site-packages/_pytest/fixtures.py\", line 1196, in pytest_fixture_setup\n    result = call_fixture_func(fixturefunc, request, kwargs)\n  File \"/home/runner/work/Selenium-Python-Example/Selenium-Python-Example/.venv/lib/python3.13/site-packages/_pytest/fixtures.py\", line 930, in call_fixture_func\n    fixture_result = fixturefunc(**kwargs)\n  File \"/home/runner/work/Selenium-Python-Example/Selenium-Python-Example/tests/workspaces_test.py\", line 25, in setup_method_fixture\n    login(self.about_page, self.login_page)\n    ~~~~~^^^^^^^^^^^^^^^^^^^^^^^^^^^^^^^^^^\n  File \"/home/runner/work/Selenium-Python-Example/Selenium-Python-Example/tests/workspaces_test.py\", line 15, in login\n    about_page.click_login_link()\n    ~~~~~~~~~~~~~~~~~~~~~~~~~~~^^\n  File \"/home/runner/work/Selenium-Python-Example/Selenium-Python-Example/.venv/lib/python3.13/site-packages/allure_commons/_allure.py\", line 202, in impl\n    return func(*a, **kw)\n  File \"/home/runner/work/Selenium-Python-Example/Selenium-Python-Example/src/pages/about_page.py\", line 18, in click_login_link\n    self.click(self.LOGIN_LINK)\n    ~~~~~~~~~~^^^^^^^^^^^^^^^^^\n  File \"/home/runner/work/Selenium-Python-Example/Selenium-Python-Example/src/pages/base_page.py\", line 59, in click\n    el: WebElement = self.wait.until(expected_conditions.element_to_be_clickable(locator))\n                     ~~~~~~~~~~~~~~~^^^^^^^^^^^^^^^^^^^^^^^^^^^^^^^^^^^^^^^^^^^^^^^^^^^^^^\n  File \"/home/runner/work/Selenium-Python-Example/Selenium-Python-Example/.venv/lib/python3.13/site-packages/selenium/webdriver/support/wait.py\", line 138, in until\n    raise TimeoutException(message, screen, stacktrace)\n","steps":[{"name":"Click Login link","time":{"start":1761875417531,"stop":1761875427919,"duration":10388},"status":"broken","statusMessage":"selenium.common.exceptions.TimeoutException: Message: \nStacktrace:\n#0 0x56218d71953a <unknown>\n#1 0x56218d214f00 <unknown>\n#2 0x56218d264c0c <unknown>\n#3 0x56218d264e31 <unknown>\n#4 0x56218d2aabd4 <unknown>\n#5 0x56218d2895cd <unknown>\n#6 0x56218d2a7f84 <unknown>\n#7 0x56218d289343 <unknown>\n#8 0x56218d25678a <unknown>\n#9 0x56218d2579de <unknown>\n#10 0x56218d6e32cb <unknown>\n#11 0x56218d6e7242 <unknown>\n#12 0x56218d6d07ac <unknown>\n#13 0x56218d6e7df7 <unknown>\n#14 0x56218d6b4b2f <unknown>\n#15 0x56218d7081a8 <unknown>\n#16 0x56218d708370 <unknown>\n#17 0x56218d7183b6 <unknown>\n#18 0x7fb153c9caa4 <unknown>\n#19 0x7fb153d29c6c <unknown>\n\n","statusTrace":"  File \"/home/runner/work/Selenium-Python-Example/Selenium-Python-Example/.venv/lib/python3.13/site-packages/allure_commons/_allure.py\", line 202, in impl\n    return func(*a, **kw)\n  File \"/home/runner/work/Selenium-Python-Example/Selenium-Python-Example/src/pages/about_page.py\", line 18, in click_login_link\n    self.click(self.LOGIN_LINK)\n    ~~~~~~~~~~^^^^^^^^^^^^^^^^^\n  File \"/home/runner/work/Selenium-Python-Example/Selenium-Python-Example/src/pages/base_page.py\", line 59, in click\n    el: WebElement = self.wait.until(expected_conditions.element_to_be_clickable(locator))\n                     ~~~~~~~~~~~~~~~^^^^^^^^^^^^^^^^^^^^^^^^^^^^^^^^^^^^^^^^^^^^^^^^^^^^^^\n  File \"/home/runner/work/Selenium-Python-Example/Selenium-Python-Example/.venv/lib/python3.13/site-packages/selenium/webdriver/support/wait.py\", line 138, in until\n    raise TimeoutException(message, screen, stacktrace)\n","steps":[],"attachments":[],"parameters":[],"shouldDisplayMessage":true,"stepsCount":0,"attachmentsCount":0,"hasContent":true,"attachmentStep":false}],"attachments":[],"parameters":[],"shouldDisplayMessage":false,"stepsCount":1,"attachmentsCount":0,"hasContent":true,"attachmentStep":false}],"testStage":{"description":"Rename an existing workspace","status":"broken","statusMessage":"FileNotFoundError: [Errno 2] No such file or directory: '/home/runner/work/Selenium-Python-Example/Selenium-Python-Example/src/resources/tests_data.json'","statusTrace":"@fixture(scope=\"session\")\n    def data() -> Data:\n        json_path = Constants.DATA_PATH / \"tests_data.json\"\n>       with open(json_path, encoding=\"utf-8\") as json_file:\n             ^^^^^^^^^^^^^^^^^^^^^^^^^^^^^^^^^\nE       FileNotFoundError: [Errno 2] No such file or directory: '/home/runner/work/Selenium-Python-Example/Selenium-Python-Example/src/resources/tests_data.json'\n\ntests/conftest.py:60: FileNotFoundError","steps":[{"name":"public ip address","time":{"start":1761875399950,"stop":1761875399974,"duration":24},"status":"passed","steps":[],"attachments":[{"uid":"fa3f6e0601cb3701","name":"HTTP logs of http://checkip.amazonaws.com/","source":"fa3f6e0601cb3701.txt","type":"text/plain","size":359}],"parameters":[],"shouldDisplayMessage":false,"stepsCount":0,"attachmentsCount":1,"hasContent":true,"attachmentStep":false}],"attachments":[{"uid":"8380e6db6185f9a1","name":"Cookies","source":"8380e6db6185f9a1.json","type":"application/json","size":4642},{"uid":"d273506a046c9146","name":"Session Storage","source":"d273506a046c9146.json","type":"application/json","size":381},{"uid":"11759e38122848c1","name":"Local Storage","source":"11759e38122848c1.json","type":"application/json","size":563},{"uid":"110fe20a11b0335e","name":"Full Page Screenshot","source":"110fe20a11b0335e.png","type":"image/png","size":2185807},{"uid":"b13f7f5fc9f9f86d","name":"URL","source":"b13f7f5fc9f9f86d.uri","type":"text/uri-list","size":23},{"uid":"428ba15a2c156ca9","name":"Network Logs","source":"428ba15a2c156ca9.json","type":"application/json","size":8886667}],"parameters":[],"shouldDisplayMessage":true,"stepsCount":1,"attachmentsCount":7,"hasContent":true,"attachmentStep":false},"afterStages":[{"name":"session_request::0","time":{"start":1761875472558,"stop":1761875472558,"duration":0},"status":"passed","steps":[],"attachments":[],"parameters":[],"shouldDisplayMessage":false,"stepsCount":0,"attachmentsCount":0,"hasContent":false,"attachmentStep":false}],"labels":[{"name":"story","value":"WorkSpaces Creation and Editing Functionality"},{"name":"severity","value":"normal"},{"name":"epic","value":"Workspaces"},{"name":"parentSuite","value":"tests"},{"name":"suite","value":"workspaces_test"},{"name":"subSuite","value":"TestWorkspaces"},{"name":"host","value":"runnervmwhb2z"},{"name":"thread","value":"2184-MainThread"},{"name":"framework","value":"pytest"},{"name":"language","value":"cpython3"},{"name":"package","value":"tests.workspaces_test"},{"name":"resultFormat","value":"allure2"}],"parameters":[],"links":[],"hidden":false,"retry":false,"extra":{"severity":"normal","retries":[],"categories":[{"name":"Test defects","matchedStatuses":[],"flaky":false}],"history":{"statistic":{"failed":0,"broken":30,"skipped":0,"passed":0,"unknown":0,"total":30},"items":[{"uid":"e0222fd6731bba07","reportUrl":"https://nirtal85.github.io/Selenium-Python-Example/822//#testresult/e0222fd6731bba07","status":"broken","statusDetails":"FileNotFoundError: [Errno 2] No such file or directory: '/home/runner/work/Selenium-Python-Example/Selenium-Python-Example/src/resources/tests_data.json'","time":{"start":1761789208584,"stop":1761789208584,"duration":0}},{"uid":"d7a8885612f78fbd","reportUrl":"https://nirtal85.github.io/Selenium-Python-Example/821//#testresult/d7a8885612f78fbd","status":"broken","statusDetails":"FileNotFoundError: [Errno 2] No such file or directory: '/home/runner/work/Selenium-Python-Example/Selenium-Python-Example/src/resources/tests_data.json'","time":{"start":1761702857147,"stop":1761702857147,"duration":0}},{"uid":"a42e59b9caab1392","reportUrl":"https://nirtal85.github.io/Selenium-Python-Example/820//#testresult/a42e59b9caab1392","status":"broken","statusDetails":"FileNotFoundError: [Errno 2] No such file or directory: '/home/runner/work/Selenium-Python-Example/Selenium-Python-Example/src/resources/tests_data.json'","time":{"start":1761616014268,"stop":1761616014268,"duration":0}},{"uid":"f614ab6e4d99f0d7","reportUrl":"https://nirtal85.github.io/Selenium-Python-Example/819//#testresult/f614ab6e4d99f0d7","status":"broken","statusDetails":"FileNotFoundError: [Errno 2] No such file or directory: '/home/runner/work/Selenium-Python-Example/Selenium-Python-Example/src/resources/tests_data.json'","time":{"start":1761530235473,"stop":1761530235473,"duration":0}},{"uid":"a30e97782b7ae37d","reportUrl":"https://nirtal85.github.io/Selenium-Python-Example/818//#testresult/a30e97782b7ae37d","status":"broken","statusDetails":"FileNotFoundError: [Errno 2] No such file or directory: '/home/runner/work/Selenium-Python-Example/Selenium-Python-Example/src/resources/tests_data.json'","time":{"start":1761443599135,"stop":1761443599135,"duration":0}},{"uid":"7d03ae6ffbae7030","reportUrl":"https://nirtal85.github.io/Selenium-Python-Example/817//#testresult/7d03ae6ffbae7030","status":"broken","statusDetails":"FileNotFoundError: [Errno 2] No such file or directory: '/home/runner/work/Selenium-Python-Example/Selenium-Python-Example/src/resources/tests_data.json'","time":{"start":1761356668324,"stop":1761356668324,"duration":0}},{"uid":"b8250fc3d69e43aa","reportUrl":"https://nirtal85.github.io/Selenium-Python-Example/816//#testresult/b8250fc3d69e43aa","status":"broken","statusDetails":"FileNotFoundError: [Errno 2] No such file or directory: '/home/runner/work/Selenium-Python-Example/Selenium-Python-Example/src/resources/tests_data.json'","time":{"start":1761270173346,"stop":1761270173346,"duration":0}},{"uid":"1beef842353b5c57","reportUrl":"https://nirtal85.github.io/Selenium-Python-Example/815//#testresult/1beef842353b5c57","status":"broken","statusDetails":"FileNotFoundError: [Errno 2] No such file or directory: '/home/runner/work/Selenium-Python-Example/Selenium-Python-Example/src/resources/tests_data.json'","time":{"start":1761184011424,"stop":1761184011424,"duration":0}},{"uid":"903b3301cff573ff","reportUrl":"https://nirtal85.github.io/Selenium-Python-Example/814//#testresult/903b3301cff573ff","status":"broken","statusDetails":"FileNotFoundError: [Errno 2] No such file or directory: '/home/runner/work/Selenium-Python-Example/Selenium-Python-Example/src/resources/tests_data.json'","time":{"start":1761097886275,"stop":1761097886275,"duration":0}},{"uid":"b44a89b7407f1ddd","reportUrl":"https://nirtal85.github.io/Selenium-Python-Example/813//#testresult/b44a89b7407f1ddd","status":"broken","statusDetails":"FileNotFoundError: [Errno 2] No such file or directory: '/home/runner/work/Selenium-Python-Example/Selenium-Python-Example/src/resources/tests_data.json'","time":{"start":1761011287727,"stop":1761011287727,"duration":0}},{"uid":"68edc789998a5f33","reportUrl":"https://nirtal85.github.io/Selenium-Python-Example/812//#testresult/68edc789998a5f33","status":"broken","statusDetails":"FileNotFoundError: [Errno 2] No such file or directory: '/home/runner/work/Selenium-Python-Example/Selenium-Python-Example/src/resources/tests_data.json'","time":{"start":1760925247688,"stop":1760925247688,"duration":0}},{"uid":"1c181b0f5906dc95","reportUrl":"https://nirtal85.github.io/Selenium-Python-Example/811//#testresult/1c181b0f5906dc95","status":"broken","statusDetails":"FileNotFoundError: [Errno 2] No such file or directory: '/home/runner/work/Selenium-Python-Example/Selenium-Python-Example/src/resources/tests_data.json'","time":{"start":1760839004277,"stop":1760839004277,"duration":0}},{"uid":"5e67dba8c8cbc590","reportUrl":"https://nirtal85.github.io/Selenium-Python-Example/810//#testresult/5e67dba8c8cbc590","status":"broken","statusDetails":"FileNotFoundError: [Errno 2] No such file or directory: '/home/runner/work/Selenium-Python-Example/Selenium-Python-Example/src/resources/tests_data.json'","time":{"start":1760751610038,"stop":1760751610038,"duration":0}},{"uid":"dd1421df1f2d3824","reportUrl":"https://nirtal85.github.io/Selenium-Python-Example/809//#testresult/dd1421df1f2d3824","status":"broken","statusDetails":"FileNotFoundError: [Errno 2] No such file or directory: '/home/runner/work/Selenium-Python-Example/Selenium-Python-Example/src/resources/tests_data.json'","time":{"start":1760665501155,"stop":1760665501155,"duration":0}},{"uid":"2a1e7dd15486fca4","reportUrl":"https://nirtal85.github.io/Selenium-Python-Example/808//#testresult/2a1e7dd15486fca4","status":"broken","statusDetails":"FileNotFoundError: [Errno 2] No such file or directory: '/home/runner/work/Selenium-Python-Example/Selenium-Python-Example/src/resources/tests_data.json'","time":{"start":1760579173249,"stop":1760579173249,"duration":0}},{"uid":"ca9c8f5609d1d7b7","reportUrl":"https://nirtal85.github.io/Selenium-Python-Example/807//#testresult/ca9c8f5609d1d7b7","status":"broken","statusDetails":"FileNotFoundError: [Errno 2] No such file or directory: '/home/runner/work/Selenium-Python-Example/Selenium-Python-Example/src/resources/tests_data.json'","time":{"start":1760492829743,"stop":1760492829743,"duration":0}},{"uid":"91cd6ea36a903fe3","reportUrl":"https://nirtal85.github.io/Selenium-Python-Example/806//#testresult/91cd6ea36a903fe3","status":"broken","statusDetails":"FileNotFoundError: [Errno 2] No such file or directory: '/home/runner/work/Selenium-Python-Example/Selenium-Python-Example/src/resources/tests_data.json'","time":{"start":1760406244738,"stop":1760406244738,"duration":0}},{"uid":"50f9fb2c814f1997","reportUrl":"https://nirtal85.github.io/Selenium-Python-Example/805//#testresult/50f9fb2c814f1997","status":"broken","statusDetails":"FileNotFoundError: [Errno 2] No such file or directory: '/home/runner/work/Selenium-Python-Example/Selenium-Python-Example/src/resources/tests_data.json'","time":{"start":1760320241536,"stop":1760320241536,"duration":0}},{"uid":"c1a3246037cac3c8","reportUrl":"https://nirtal85.github.io/Selenium-Python-Example/804//#testresult/c1a3246037cac3c8","status":"broken","statusDetails":"FileNotFoundError: [Errno 2] No such file or directory: '/home/runner/work/Selenium-Python-Example/Selenium-Python-Example/src/resources/tests_data.json'","time":{"start":1760233671195,"stop":1760233671195,"duration":0}},{"uid":"60d644110a45900c","reportUrl":"https://nirtal85.github.io/Selenium-Python-Example/803//#testresult/60d644110a45900c","status":"broken","statusDetails":"FileNotFoundError: [Errno 2] No such file or directory: '/home/runner/work/Selenium-Python-Example/Selenium-Python-Example/src/resources/tests_data.json'","time":{"start":1760146778029,"stop":1760146778029,"duration":0}}]},"tags":[]},"source":"1ce112263fc218e9.json","parameterValues":[]}