{"uid":"b8250fc3d69e43aa","name":"Rename an existing workspace test","fullName":"tests.workspaces_test.TestWorkspaces#test_rename_workspace","historyId":"cd63adf5d11191c5904362b968c9e131","time":{"start":1761270173346,"stop":1761270173346,"duration":0},"description":"Rename an existing workspace","descriptionHtml":"<p>Rename an existing workspace</p>\n","status":"broken","statusMessage":"FileNotFoundError: [Errno 2] No such file or directory: '/home/runner/work/Selenium-Python-Example/Selenium-Python-Example/src/resources/tests_data.json'","statusTrace":"@fixture(scope=\"session\")\n    def data() -> Data:\n        json_path = Constants.DATA_PATH / \"tests_data.json\"\n>       with open(json_path, encoding=\"utf-8\") as json_file:\n             ^^^^^^^^^^^^^^^^^^^^^^^^^^^^^^^^^\nE       FileNotFoundError: [Errno 2] No such file or directory: '/home/runner/work/Selenium-Python-Example/Selenium-Python-Example/src/resources/tests_data.json'\n\ntests/conftest.py:60: FileNotFoundError","flaky":false,"newFailed":false,"newBroken":false,"newPassed":false,"retriesCount":0,"retriesStatusChange":false,"beforeStages":[{"name":"base_url","time":{"start":1761270171070,"stop":1761270171070,"duration":0},"status":"passed","steps":[],"attachments":[],"parameters":[],"shouldDisplayMessage":false,"stepsCount":0,"attachmentsCount":0,"hasContent":false,"attachmentStep":false},{"name":"_verify_url","time":{"start":1761270171070,"stop":1761270171070,"duration":0},"status":"passed","steps":[],"attachments":[],"parameters":[],"shouldDisplayMessage":false,"stepsCount":0,"attachmentsCount":0,"hasContent":false,"attachmentStep":false},{"name":"session_request","time":{"start":1761270171070,"stop":1761270171070,"duration":0},"status":"passed","steps":[],"attachments":[],"parameters":[],"shouldDisplayMessage":false,"stepsCount":0,"attachmentsCount":0,"hasContent":false,"attachmentStep":false},{"name":"data","time":{"start":1761270171070,"stop":1761270171070,"duration":0},"status":"broken","statusMessage":"FileNotFoundError: [Errno 2] No such file or directory: '/home/runner/work/Selenium-Python-Example/Selenium-Python-Example/src/resources/tests_data.json'\n","statusTrace":"  File \"/home/runner/work/Selenium-Python-Example/Selenium-Python-Example/.venv/lib/python3.13/site-packages/pluggy/_callers.py\", line 167, in _multicall\n    teardown.throw(outcome._exception)\n    ~~~~~~~~~~~~~~^^^^^^^^^^^^^^^^^^^^\n  File \"/home/runner/work/Selenium-Python-Example/Selenium-Python-Example/.venv/lib/python3.13/site-packages/_pytest/setuponly.py\", line 36, in pytest_fixture_setup\n    return (yield)\n            ^^^^^\n  File \"/home/runner/work/Selenium-Python-Example/Selenium-Python-Example/.venv/lib/python3.13/site-packages/pluggy/_callers.py\", line 103, in _multicall\n    res = hook_impl.function(*args)\n  File \"/home/runner/work/Selenium-Python-Example/Selenium-Python-Example/.venv/lib/python3.13/site-packages/_pytest/fixtures.py\", line 1196, in pytest_fixture_setup\n    result = call_fixture_func(fixturefunc, request, kwargs)\n  File \"/home/runner/work/Selenium-Python-Example/Selenium-Python-Example/.venv/lib/python3.13/site-packages/_pytest/fixtures.py\", line 930, in call_fixture_func\n    fixture_result = fixturefunc(**kwargs)\n  File \"/home/runner/work/Selenium-Python-Example/Selenium-Python-Example/tests/conftest.py\", line 60, in data\n    with open(json_path, encoding=\"utf-8\") as json_file:\n         ~~~~^^^^^^^^^^^^^^^^^^^^^^^^^^^^^\n","steps":[],"attachments":[],"parameters":[],"shouldDisplayMessage":true,"stepsCount":0,"attachmentsCount":0,"hasContent":true,"attachmentStep":false},{"name":"setup_method_fixture","time":{"start":1761270192842,"stop":1761270203216,"duration":10374},"status":"broken","statusMessage":"selenium.common.exceptions.TimeoutException: Message: \nStacktrace:\n#0 0x558d9318b53a <unknown>\n#1 0x558d92c86f00 <unknown>\n#2 0x558d92cd6c0c <unknown>\n#3 0x558d92cd6e31 <unknown>\n#4 0x558d92d1cbd4 <unknown>\n#5 0x558d92cfb5cd <unknown>\n#6 0x558d92d19f84 <unknown>\n#7 0x558d92cfb343 <unknown>\n#8 0x558d92cc878a <unknown>\n#9 0x558d92cc99de <unknown>\n#10 0x558d931552cb <unknown>\n#11 0x558d93159242 <unknown>\n#12 0x558d931427ac <unknown>\n#13 0x558d93159df7 <unknown>\n#14 0x558d93126b2f <unknown>\n#15 0x558d9317a1a8 <unknown>\n#16 0x558d9317a370 <unknown>\n#17 0x558d9318a3b6 <unknown>\n#18 0x7f2985e9caa4 <unknown>\n#19 0x7f2985f29c6c <unknown>\n\n","statusTrace":"  File \"/home/runner/work/Selenium-Python-Example/Selenium-Python-Example/.venv/lib/python3.13/site-packages/pluggy/_callers.py\", line 167, in _multicall\n    teardown.throw(outcome._exception)\n    ~~~~~~~~~~~~~~^^^^^^^^^^^^^^^^^^^^\n  File \"/home/runner/work/Selenium-Python-Example/Selenium-Python-Example/.venv/lib/python3.13/site-packages/_pytest/setuponly.py\", line 36, in pytest_fixture_setup\n    return (yield)\n            ^^^^^\n  File \"/home/runner/work/Selenium-Python-Example/Selenium-Python-Example/.venv/lib/python3.13/site-packages/pluggy/_callers.py\", line 103, in _multicall\n    res = hook_impl.function(*args)\n  File \"/home/runner/work/Selenium-Python-Example/Selenium-Python-Example/.venv/lib/python3.13/site-packages/_pytest/fixtures.py\", line 1196, in pytest_fixture_setup\n    result = call_fixture_func(fixturefunc, request, kwargs)\n  File \"/home/runner/work/Selenium-Python-Example/Selenium-Python-Example/.venv/lib/python3.13/site-packages/_pytest/fixtures.py\", line 930, in call_fixture_func\n    fixture_result = fixturefunc(**kwargs)\n  File \"/home/runner/work/Selenium-Python-Example/Selenium-Python-Example/tests/workspaces_test.py\", line 25, in setup_method_fixture\n    login(self.about_page, self.login_page)\n    ~~~~~^^^^^^^^^^^^^^^^^^^^^^^^^^^^^^^^^^\n  File \"/home/runner/work/Selenium-Python-Example/Selenium-Python-Example/tests/workspaces_test.py\", line 15, in login\n    about_page.click_login_link()\n    ~~~~~~~~~~~~~~~~~~~~~~~~~~~^^\n  File \"/home/runner/work/Selenium-Python-Example/Selenium-Python-Example/.venv/lib/python3.13/site-packages/allure_commons/_allure.py\", line 202, in impl\n    return func(*a, **kw)\n  File \"/home/runner/work/Selenium-Python-Example/Selenium-Python-Example/src/pages/about_page.py\", line 18, in click_login_link\n    self.click(self.LOGIN_LINK)\n    ~~~~~~~~~~^^^^^^^^^^^^^^^^^\n  File \"/home/runner/work/Selenium-Python-Example/Selenium-Python-Example/src/pages/base_page.py\", line 59, in click\n    el: WebElement = self.wait.until(expected_conditions.element_to_be_clickable(locator))\n                     ~~~~~~~~~~~~~~~^^^^^^^^^^^^^^^^^^^^^^^^^^^^^^^^^^^^^^^^^^^^^^^^^^^^^^\n  File \"/home/runner/work/Selenium-Python-Example/Selenium-Python-Example/.venv/lib/python3.13/site-packages/selenium/webdriver/support/wait.py\", line 138, in until\n    raise TimeoutException(message, screen, stacktrace)\n","steps":[{"name":"Click Login link","time":{"start":1761270192843,"stop":1761270203215,"duration":10372},"status":"broken","statusMessage":"selenium.common.exceptions.TimeoutException: Message: \nStacktrace:\n#0 0x558d9318b53a <unknown>\n#1 0x558d92c86f00 <unknown>\n#2 0x558d92cd6c0c <unknown>\n#3 0x558d92cd6e31 <unknown>\n#4 0x558d92d1cbd4 <unknown>\n#5 0x558d92cfb5cd <unknown>\n#6 0x558d92d19f84 <unknown>\n#7 0x558d92cfb343 <unknown>\n#8 0x558d92cc878a <unknown>\n#9 0x558d92cc99de <unknown>\n#10 0x558d931552cb <unknown>\n#11 0x558d93159242 <unknown>\n#12 0x558d931427ac <unknown>\n#13 0x558d93159df7 <unknown>\n#14 0x558d93126b2f <unknown>\n#15 0x558d9317a1a8 <unknown>\n#16 0x558d9317a370 <unknown>\n#17 0x558d9318a3b6 <unknown>\n#18 0x7f2985e9caa4 <unknown>\n#19 0x7f2985f29c6c <unknown>\n\n","statusTrace":"  File \"/home/runner/work/Selenium-Python-Example/Selenium-Python-Example/.venv/lib/python3.13/site-packages/allure_commons/_allure.py\", line 202, in impl\n    return func(*a, **kw)\n  File \"/home/runner/work/Selenium-Python-Example/Selenium-Python-Example/src/pages/about_page.py\", line 18, in click_login_link\n    self.click(self.LOGIN_LINK)\n    ~~~~~~~~~~^^^^^^^^^^^^^^^^^\n  File \"/home/runner/work/Selenium-Python-Example/Selenium-Python-Example/src/pages/base_page.py\", line 59, in click\n    el: WebElement = self.wait.until(expected_conditions.element_to_be_clickable(locator))\n                     ~~~~~~~~~~~~~~~^^^^^^^^^^^^^^^^^^^^^^^^^^^^^^^^^^^^^^^^^^^^^^^^^^^^^^\n  File \"/home/runner/work/Selenium-Python-Example/Selenium-Python-Example/.venv/lib/python3.13/site-packages/selenium/webdriver/support/wait.py\", line 138, in until\n    raise TimeoutException(message, screen, stacktrace)\n","steps":[],"attachments":[],"parameters":[],"shouldDisplayMessage":true,"stepsCount":0,"attachmentsCount":0,"hasContent":true,"attachmentStep":false}],"attachments":[],"parameters":[],"shouldDisplayMessage":false,"stepsCount":1,"attachmentsCount":0,"hasContent":true,"attachmentStep":false}],"testStage":{"description":"Rename an existing workspace","status":"broken","statusMessage":"FileNotFoundError: [Errno 2] No such file or directory: '/home/runner/work/Selenium-Python-Example/Selenium-Python-Example/src/resources/tests_data.json'","statusTrace":"@fixture(scope=\"session\")\n    def data() -> Data:\n        json_path = Constants.DATA_PATH / \"tests_data.json\"\n>       with open(json_path, encoding=\"utf-8\") as json_file:\n             ^^^^^^^^^^^^^^^^^^^^^^^^^^^^^^^^^\nE       FileNotFoundError: [Errno 2] No such file or directory: '/home/runner/work/Selenium-Python-Example/Selenium-Python-Example/src/resources/tests_data.json'\n\ntests/conftest.py:60: FileNotFoundError","steps":[{"name":"public ip address","time":{"start":1761270176476,"stop":1761270176498,"duration":22},"status":"passed","steps":[],"attachments":[{"uid":"bf928ad3540826c5","name":"HTTP logs of http://checkip.amazonaws.com/","source":"bf928ad3540826c5.txt","type":"text/plain","size":358}],"parameters":[],"shouldDisplayMessage":false,"stepsCount":0,"attachmentsCount":1,"hasContent":true,"attachmentStep":false}],"attachments":[{"uid":"892edced94c4bed2","name":"Cookies","source":"892edced94c4bed2.json","type":"application/json","size":4640},{"uid":"bcc9373fd1ddbda6","name":"Session Storage","source":"bcc9373fd1ddbda6.json","type":"application/json","size":382},{"uid":"f5f188c96fe48569","name":"Local Storage","source":"f5f188c96fe48569.json","type":"application/json","size":563},{"uid":"eb293c57c61a0bc1","name":"Full Page Screenshot","source":"eb293c57c61a0bc1.png","type":"image/png","size":2120088},{"uid":"ffd07a97510a9ad2","name":"URL","source":"ffd07a97510a9ad2.uri","type":"text/uri-list","size":23},{"uid":"99691b57725428d9","name":"Network Logs","source":"99691b57725428d9.json","type":"application/json","size":8898212}],"parameters":[],"shouldDisplayMessage":true,"stepsCount":1,"attachmentsCount":7,"hasContent":true,"attachmentStep":false},"afterStages":[{"name":"session_request::0","time":{"start":1761270245911,"stop":1761270245911,"duration":0},"status":"passed","steps":[],"attachments":[],"parameters":[],"shouldDisplayMessage":false,"stepsCount":0,"attachmentsCount":0,"hasContent":false,"attachmentStep":false}],"labels":[{"name":"severity","value":"normal"},{"name":"epic","value":"Workspaces"},{"name":"story","value":"WorkSpaces Creation and Editing Functionality"},{"name":"parentSuite","value":"tests"},{"name":"suite","value":"workspaces_test"},{"name":"subSuite","value":"TestWorkspaces"},{"name":"host","value":"runnervmwhb2z"},{"name":"thread","value":"2150-MainThread"},{"name":"framework","value":"pytest"},{"name":"language","value":"cpython3"},{"name":"package","value":"tests.workspaces_test"},{"name":"resultFormat","value":"allure2"}],"parameters":[],"links":[],"hidden":false,"retry":false,"extra":{"severity":"normal","retries":[],"categories":[{"name":"Test defects","matchedStatuses":[],"flaky":false}],"history":{"statistic":{"failed":0,"broken":23,"skipped":0,"passed":0,"unknown":0,"total":23},"items":[{"uid":"1beef842353b5c57","reportUrl":"https://nirtal85.github.io/Selenium-Python-Example/815//#testresult/1beef842353b5c57","status":"broken","statusDetails":"FileNotFoundError: [Errno 2] No such file or directory: '/home/runner/work/Selenium-Python-Example/Selenium-Python-Example/src/resources/tests_data.json'","time":{"start":1761184011424,"stop":1761184011424,"duration":0}},{"uid":"903b3301cff573ff","reportUrl":"https://nirtal85.github.io/Selenium-Python-Example/814//#testresult/903b3301cff573ff","status":"broken","statusDetails":"FileNotFoundError: [Errno 2] No such file or directory: '/home/runner/work/Selenium-Python-Example/Selenium-Python-Example/src/resources/tests_data.json'","time":{"start":1761097886275,"stop":1761097886275,"duration":0}},{"uid":"b44a89b7407f1ddd","reportUrl":"https://nirtal85.github.io/Selenium-Python-Example/813//#testresult/b44a89b7407f1ddd","status":"broken","statusDetails":"FileNotFoundError: [Errno 2] No such file or directory: '/home/runner/work/Selenium-Python-Example/Selenium-Python-Example/src/resources/tests_data.json'","time":{"start":1761011287727,"stop":1761011287727,"duration":0}},{"uid":"68edc789998a5f33","reportUrl":"https://nirtal85.github.io/Selenium-Python-Example/812//#testresult/68edc789998a5f33","status":"broken","statusDetails":"FileNotFoundError: [Errno 2] No such file or directory: '/home/runner/work/Selenium-Python-Example/Selenium-Python-Example/src/resources/tests_data.json'","time":{"start":1760925247688,"stop":1760925247688,"duration":0}},{"uid":"1c181b0f5906dc95","reportUrl":"https://nirtal85.github.io/Selenium-Python-Example/811//#testresult/1c181b0f5906dc95","status":"broken","statusDetails":"FileNotFoundError: [Errno 2] No such file or directory: '/home/runner/work/Selenium-Python-Example/Selenium-Python-Example/src/resources/tests_data.json'","time":{"start":1760839004277,"stop":1760839004277,"duration":0}},{"uid":"5e67dba8c8cbc590","reportUrl":"https://nirtal85.github.io/Selenium-Python-Example/810//#testresult/5e67dba8c8cbc590","status":"broken","statusDetails":"FileNotFoundError: [Errno 2] No such file or directory: '/home/runner/work/Selenium-Python-Example/Selenium-Python-Example/src/resources/tests_data.json'","time":{"start":1760751610038,"stop":1760751610038,"duration":0}},{"uid":"dd1421df1f2d3824","reportUrl":"https://nirtal85.github.io/Selenium-Python-Example/809//#testresult/dd1421df1f2d3824","status":"broken","statusDetails":"FileNotFoundError: [Errno 2] No such file or directory: '/home/runner/work/Selenium-Python-Example/Selenium-Python-Example/src/resources/tests_data.json'","time":{"start":1760665501155,"stop":1760665501155,"duration":0}},{"uid":"2a1e7dd15486fca4","reportUrl":"https://nirtal85.github.io/Selenium-Python-Example/808//#testresult/2a1e7dd15486fca4","status":"broken","statusDetails":"FileNotFoundError: [Errno 2] No such file or directory: '/home/runner/work/Selenium-Python-Example/Selenium-Python-Example/src/resources/tests_data.json'","time":{"start":1760579173249,"stop":1760579173249,"duration":0}},{"uid":"ca9c8f5609d1d7b7","reportUrl":"https://nirtal85.github.io/Selenium-Python-Example/807//#testresult/ca9c8f5609d1d7b7","status":"broken","statusDetails":"FileNotFoundError: [Errno 2] No such file or directory: '/home/runner/work/Selenium-Python-Example/Selenium-Python-Example/src/resources/tests_data.json'","time":{"start":1760492829743,"stop":1760492829743,"duration":0}},{"uid":"91cd6ea36a903fe3","reportUrl":"https://nirtal85.github.io/Selenium-Python-Example/806//#testresult/91cd6ea36a903fe3","status":"broken","statusDetails":"FileNotFoundError: [Errno 2] No such file or directory: '/home/runner/work/Selenium-Python-Example/Selenium-Python-Example/src/resources/tests_data.json'","time":{"start":1760406244738,"stop":1760406244738,"duration":0}},{"uid":"50f9fb2c814f1997","reportUrl":"https://nirtal85.github.io/Selenium-Python-Example/805//#testresult/50f9fb2c814f1997","status":"broken","statusDetails":"FileNotFoundError: [Errno 2] No such file or directory: '/home/runner/work/Selenium-Python-Example/Selenium-Python-Example/src/resources/tests_data.json'","time":{"start":1760320241536,"stop":1760320241536,"duration":0}},{"uid":"c1a3246037cac3c8","reportUrl":"https://nirtal85.github.io/Selenium-Python-Example/804//#testresult/c1a3246037cac3c8","status":"broken","statusDetails":"FileNotFoundError: [Errno 2] No such file or directory: '/home/runner/work/Selenium-Python-Example/Selenium-Python-Example/src/resources/tests_data.json'","time":{"start":1760233671195,"stop":1760233671195,"duration":0}},{"uid":"60d644110a45900c","reportUrl":"https://nirtal85.github.io/Selenium-Python-Example/803//#testresult/60d644110a45900c","status":"broken","statusDetails":"FileNotFoundError: [Errno 2] No such file or directory: '/home/runner/work/Selenium-Python-Example/Selenium-Python-Example/src/resources/tests_data.json'","time":{"start":1760146778029,"stop":1760146778029,"duration":0}},{"uid":"1ab0853e362720c4","reportUrl":"https://nirtal85.github.io/Selenium-Python-Example/802//#testresult/1ab0853e362720c4","status":"broken","statusDetails":"FileNotFoundError: [Errno 2] No such file or directory: '/home/runner/work/Selenium-Python-Example/Selenium-Python-Example/src/resources/tests_data.json'","time":{"start":1760060652079,"stop":1760060652079,"duration":0}},{"uid":"a38f06ddc14cbb40","reportUrl":"https://nirtal85.github.io/Selenium-Python-Example/801//#testresult/a38f06ddc14cbb40","status":"broken","statusDetails":"FileNotFoundError: [Errno 2] No such file or directory: '/home/runner/work/Selenium-Python-Example/Selenium-Python-Example/src/resources/tests_data.json'","time":{"start":1759974208654,"stop":1759974208654,"duration":0}},{"uid":"ea6f38aab94700ea","reportUrl":"https://nirtal85.github.io/Selenium-Python-Example/800//#testresult/ea6f38aab94700ea","status":"broken","statusDetails":"FileNotFoundError: [Errno 2] No such file or directory: '/home/runner/work/Selenium-Python-Example/Selenium-Python-Example/src/resources/tests_data.json'","time":{"start":1759887758353,"stop":1759887758353,"duration":0}},{"uid":"91809d586a1288c6","reportUrl":"https://nirtal85.github.io/Selenium-Python-Example/799//#testresult/91809d586a1288c6","status":"broken","statusDetails":"FileNotFoundError: [Errno 2] No such file or directory: '/home/runner/work/Selenium-Python-Example/Selenium-Python-Example/src/resources/tests_data.json'","time":{"start":1759801342705,"stop":1759801342705,"duration":0}},{"uid":"db28731c27facba3","reportUrl":"https://nirtal85.github.io/Selenium-Python-Example/798//#testresult/db28731c27facba3","status":"broken","statusDetails":"FileNotFoundError: [Errno 2] No such file or directory: '/home/runner/work/Selenium-Python-Example/Selenium-Python-Example/src/resources/tests_data.json'","time":{"start":1759715092152,"stop":1759715092152,"duration":0}},{"uid":"8b1b98d96d8cc9df","reportUrl":"https://nirtal85.github.io/Selenium-Python-Example/797//#testresult/8b1b98d96d8cc9df","status":"broken","statusDetails":"FileNotFoundError: [Errno 2] No such file or directory: '/home/runner/work/Selenium-Python-Example/Selenium-Python-Example/src/resources/tests_data.json'","time":{"start":1759629083956,"stop":1759629083956,"duration":0}},{"uid":"7c07b8e24476c563","reportUrl":"https://nirtal85.github.io/Selenium-Python-Example/796//#testresult/7c07b8e24476c563","status":"broken","statusDetails":"FileNotFoundError: [Errno 2] No such file or directory: '/home/runner/work/Selenium-Python-Example/Selenium-Python-Example/src/resources/tests_data.json'","time":{"start":1759541877542,"stop":1759541877542,"duration":0}}]},"tags":[]},"source":"b8250fc3d69e43aa.json","parameterValues":[]}