{"uid":"817dd393a3475456","name":"Delete existing workspace","fullName":"tests.workspaces_test.TestWorkspaces#test_delete_workspace","historyId":"085ae9bea926da8512f07258dfb5df8c","time":{"start":1760839021324,"stop":1760839021324,"duration":0},"description":"Delete an existing workspace","descriptionHtml":"<p>Delete an existing workspace</p>\n","status":"broken","statusMessage":"selenium.common.exceptions.TimeoutException: Message: \nStacktrace:\n#0 0x5641fad9453a <unknown>\n#1 0x5641fa88ff00 <unknown>\n#2 0x5641fa8dfc0c <unknown>\n#3 0x5641fa8dfe31 <unknown>\n#4 0x5641fa925bd4 <unknown>\n#5 0x5641fa9045cd <unknown>\n#6 0x5641fa922f84 <unknown>\n#7 0x5641fa904343 <unknown>\n#8 0x5641fa8d178a <unknown>\n#9 0x5641fa8d29de <unknown>\n#10 0x5641fad5e2cb <unknown>\n#11 0x5641fad62242 <unknown>\n#12 0x5641fad4b7ac <unknown>\n#13 0x5641fad62df7 <unknown>\n#14 0x5641fad2fb2f <unknown>\n#15 0x5641fad831a8 <unknown>\n#16 0x5641fad83370 <unknown>\n#17 0x5641fad933b6 <unknown>\n#18 0x7f568389caa4 <unknown>\n#19 0x7f5683929c6c <unknown>","statusTrace":"self = <tests.workspaces_test.TestWorkspaces object at 0x7f679ad77230>\n\n    @pytest.fixture(autouse=True)\n    def setup_method_fixture(self):\n>       login(self.about_page, self.login_page)\n\ntests/workspaces_test.py:25: \n_ _ _ _ _ _ _ _ _ _ _ _ _ _ _ _ _ _ _ _ _ _ _ _ _ _ _ _ _ _ _ _ _ _ _ _ _ _ _ _ \ntests/workspaces_test.py:15: in login\n    about_page.click_login_link()\nsrc/pages/about_page.py:18: in click_login_link\n    self.click(self.LOGIN_LINK)\nsrc/pages/base_page.py:59: in click\n    el: WebElement = self.wait.until(expected_conditions.element_to_be_clickable(locator))\n                     ^^^^^^^^^^^^^^^^^^^^^^^^^^^^^^^^^^^^^^^^^^^^^^^^^^^^^^^^^^^^^^^^^^^^^\n_ _ _ _ _ _ _ _ _ _ _ _ _ _ _ _ _ _ _ _ _ _ _ _ _ _ _ _ _ _ _ _ _ _ _ _ _ _ _ _ \n\nself = <selenium.webdriver.support.wait.WebDriverWait (session=\"74cabdc4f628473fb7635c84f283c39b\")>\nmethod = <function element_to_be_clickable.<locals>._predicate at 0x7f679ae5d300>\nmessage = ''\n\n    def until(self, method: Callable[[D], Union[Literal[False], T]], message: str = \"\") -> T:\n        \"\"\"Wait until the method returns a value that is not False.\n    \n        Calls the method provided with the driver as an argument until the\n        return value does not evaluate to ``False``.\n    \n        Parameters:\n        -----------\n        method: callable(WebDriver)\n            - A callable object that takes a WebDriver instance as an argument.\n    \n        message: str\n            - Optional message for :exc:`TimeoutException`\n    \n        Return:\n        -------\n        object: T\n            - The result of the last call to `method`\n    \n        Raises:\n        -------\n        TimeoutException\n            - If 'method' does not return a truthy value within the WebDriverWait\n            object's timeout\n    \n        Example:\n        --------\n        >>> from selenium.webdriver.common.by import By\n        >>> from selenium.webdriver.support.ui import WebDriverWait\n        >>> from selenium.webdriver.support import expected_conditions as EC\n    \n        # Wait until an element is visible on the page\n        >>> wait = WebDriverWait(driver, 10)\n        >>> element = wait.until(EC.visibility_of_element_located((By.ID, \"exampleId\")))\n        >>> print(element.text)\n        \"\"\"\n        screen = None\n        stacktrace = None\n    \n        end_time = time.monotonic() + self._timeout\n        while True:\n            try:\n                value = method(self._driver)\n                if value:\n                    return value\n            except self._ignored_exceptions as exc:\n                screen = getattr(exc, \"screen\", None)\n                stacktrace = getattr(exc, \"stacktrace\", None)\n            if time.monotonic() > end_time:\n                break\n            time.sleep(self._poll)\n>       raise TimeoutException(message, screen, stacktrace)\nE       selenium.common.exceptions.TimeoutException: Message: \nE       Stacktrace:\nE       #0 0x5641fad9453a <unknown>\nE       #1 0x5641fa88ff00 <unknown>\nE       #2 0x5641fa8dfc0c <unknown>\nE       #3 0x5641fa8dfe31 <unknown>\nE       #4 0x5641fa925bd4 <unknown>\nE       #5 0x5641fa9045cd <unknown>\nE       #6 0x5641fa922f84 <unknown>\nE       #7 0x5641fa904343 <unknown>\nE       #8 0x5641fa8d178a <unknown>\nE       #9 0x5641fa8d29de <unknown>\nE       #10 0x5641fad5e2cb <unknown>\nE       #11 0x5641fad62242 <unknown>\nE       #12 0x5641fad4b7ac <unknown>\nE       #13 0x5641fad62df7 <unknown>\nE       #14 0x5641fad2fb2f <unknown>\nE       #15 0x5641fad831a8 <unknown>\nE       #16 0x5641fad83370 <unknown>\nE       #17 0x5641fad933b6 <unknown>\nE       #18 0x7f568389caa4 <unknown>\nE       #19 0x7f5683929c6c <unknown>\n\n.venv/lib/python3.13/site-packages/selenium/webdriver/support/wait.py:138: TimeoutException","flaky":false,"newFailed":false,"newBroken":false,"newPassed":false,"retriesCount":0,"retriesStatusChange":false,"beforeStages":[{"name":"base_url","time":{"start":1760838999172,"stop":1760838999172,"duration":0},"status":"passed","steps":[],"attachments":[],"parameters":[],"shouldDisplayMessage":false,"stepsCount":0,"attachmentsCount":0,"hasContent":false,"attachmentStep":false},{"name":"_verify_url","time":{"start":1760838999172,"stop":1760838999172,"duration":0},"status":"passed","steps":[],"attachments":[],"parameters":[],"shouldDisplayMessage":false,"stepsCount":0,"attachmentsCount":0,"hasContent":false,"attachmentStep":false},{"name":"session_request","time":{"start":1760838999173,"stop":1760838999173,"duration":0},"status":"passed","steps":[],"attachments":[],"parameters":[],"shouldDisplayMessage":false,"stepsCount":0,"attachmentsCount":0,"hasContent":false,"attachmentStep":false},{"name":"setup_method_fixture","time":{"start":1760839023252,"stop":1760839033339,"duration":10087},"status":"broken","statusMessage":"selenium.common.exceptions.TimeoutException: Message: \nStacktrace:\n#0 0x5641fad9453a <unknown>\n#1 0x5641fa88ff00 <unknown>\n#2 0x5641fa8dfc0c <unknown>\n#3 0x5641fa8dfe31 <unknown>\n#4 0x5641fa925bd4 <unknown>\n#5 0x5641fa9045cd <unknown>\n#6 0x5641fa922f84 <unknown>\n#7 0x5641fa904343 <unknown>\n#8 0x5641fa8d178a <unknown>\n#9 0x5641fa8d29de <unknown>\n#10 0x5641fad5e2cb <unknown>\n#11 0x5641fad62242 <unknown>\n#12 0x5641fad4b7ac <unknown>\n#13 0x5641fad62df7 <unknown>\n#14 0x5641fad2fb2f <unknown>\n#15 0x5641fad831a8 <unknown>\n#16 0x5641fad83370 <unknown>\n#17 0x5641fad933b6 <unknown>\n#18 0x7f568389caa4 <unknown>\n#19 0x7f5683929c6c <unknown>\n\n","statusTrace":"  File \"/home/runner/work/Selenium-Python-Example/Selenium-Python-Example/.venv/lib/python3.13/site-packages/pluggy/_callers.py\", line 167, in _multicall\n    teardown.throw(outcome._exception)\n    ~~~~~~~~~~~~~~^^^^^^^^^^^^^^^^^^^^\n  File \"/home/runner/work/Selenium-Python-Example/Selenium-Python-Example/.venv/lib/python3.13/site-packages/_pytest/setuponly.py\", line 36, in pytest_fixture_setup\n    return (yield)\n            ^^^^^\n  File \"/home/runner/work/Selenium-Python-Example/Selenium-Python-Example/.venv/lib/python3.13/site-packages/pluggy/_callers.py\", line 103, in _multicall\n    res = hook_impl.function(*args)\n  File \"/home/runner/work/Selenium-Python-Example/Selenium-Python-Example/.venv/lib/python3.13/site-packages/_pytest/fixtures.py\", line 1196, in pytest_fixture_setup\n    result = call_fixture_func(fixturefunc, request, kwargs)\n  File \"/home/runner/work/Selenium-Python-Example/Selenium-Python-Example/.venv/lib/python3.13/site-packages/_pytest/fixtures.py\", line 930, in call_fixture_func\n    fixture_result = fixturefunc(**kwargs)\n  File \"/home/runner/work/Selenium-Python-Example/Selenium-Python-Example/tests/workspaces_test.py\", line 25, in setup_method_fixture\n    login(self.about_page, self.login_page)\n    ~~~~~^^^^^^^^^^^^^^^^^^^^^^^^^^^^^^^^^^\n  File \"/home/runner/work/Selenium-Python-Example/Selenium-Python-Example/tests/workspaces_test.py\", line 15, in login\n    about_page.click_login_link()\n    ~~~~~~~~~~~~~~~~~~~~~~~~~~~^^\n  File \"/home/runner/work/Selenium-Python-Example/Selenium-Python-Example/.venv/lib/python3.13/site-packages/allure_commons/_allure.py\", line 202, in impl\n    return func(*a, **kw)\n  File \"/home/runner/work/Selenium-Python-Example/Selenium-Python-Example/src/pages/about_page.py\", line 18, in click_login_link\n    self.click(self.LOGIN_LINK)\n    ~~~~~~~~~~^^^^^^^^^^^^^^^^^\n  File \"/home/runner/work/Selenium-Python-Example/Selenium-Python-Example/src/pages/base_page.py\", line 59, in click\n    el: WebElement = self.wait.until(expected_conditions.element_to_be_clickable(locator))\n                     ~~~~~~~~~~~~~~~^^^^^^^^^^^^^^^^^^^^^^^^^^^^^^^^^^^^^^^^^^^^^^^^^^^^^^\n  File \"/home/runner/work/Selenium-Python-Example/Selenium-Python-Example/.venv/lib/python3.13/site-packages/selenium/webdriver/support/wait.py\", line 138, in until\n    raise TimeoutException(message, screen, stacktrace)\n","steps":[{"name":"Click Login link","time":{"start":1760839023253,"stop":1760839033337,"duration":10084},"status":"broken","statusMessage":"selenium.common.exceptions.TimeoutException: Message: \nStacktrace:\n#0 0x5641fad9453a <unknown>\n#1 0x5641fa88ff00 <unknown>\n#2 0x5641fa8dfc0c <unknown>\n#3 0x5641fa8dfe31 <unknown>\n#4 0x5641fa925bd4 <unknown>\n#5 0x5641fa9045cd <unknown>\n#6 0x5641fa922f84 <unknown>\n#7 0x5641fa904343 <unknown>\n#8 0x5641fa8d178a <unknown>\n#9 0x5641fa8d29de <unknown>\n#10 0x5641fad5e2cb <unknown>\n#11 0x5641fad62242 <unknown>\n#12 0x5641fad4b7ac <unknown>\n#13 0x5641fad62df7 <unknown>\n#14 0x5641fad2fb2f <unknown>\n#15 0x5641fad831a8 <unknown>\n#16 0x5641fad83370 <unknown>\n#17 0x5641fad933b6 <unknown>\n#18 0x7f568389caa4 <unknown>\n#19 0x7f5683929c6c <unknown>\n\n","statusTrace":"  File \"/home/runner/work/Selenium-Python-Example/Selenium-Python-Example/.venv/lib/python3.13/site-packages/allure_commons/_allure.py\", line 202, in impl\n    return func(*a, **kw)\n  File \"/home/runner/work/Selenium-Python-Example/Selenium-Python-Example/src/pages/about_page.py\", line 18, in click_login_link\n    self.click(self.LOGIN_LINK)\n    ~~~~~~~~~~^^^^^^^^^^^^^^^^^\n  File \"/home/runner/work/Selenium-Python-Example/Selenium-Python-Example/src/pages/base_page.py\", line 59, in click\n    el: WebElement = self.wait.until(expected_conditions.element_to_be_clickable(locator))\n                     ~~~~~~~~~~~~~~~^^^^^^^^^^^^^^^^^^^^^^^^^^^^^^^^^^^^^^^^^^^^^^^^^^^^^^\n  File \"/home/runner/work/Selenium-Python-Example/Selenium-Python-Example/.venv/lib/python3.13/site-packages/selenium/webdriver/support/wait.py\", line 138, in until\n    raise TimeoutException(message, screen, stacktrace)\n","steps":[],"attachments":[],"parameters":[],"shouldDisplayMessage":true,"stepsCount":0,"attachmentsCount":0,"hasContent":true,"attachmentStep":false}],"attachments":[],"parameters":[],"shouldDisplayMessage":false,"stepsCount":1,"attachmentsCount":0,"hasContent":true,"attachmentStep":false}],"testStage":{"description":"Delete an existing workspace","status":"broken","statusMessage":"selenium.common.exceptions.TimeoutException: Message: \nStacktrace:\n#0 0x5641fad9453a <unknown>\n#1 0x5641fa88ff00 <unknown>\n#2 0x5641fa8dfc0c <unknown>\n#3 0x5641fa8dfe31 <unknown>\n#4 0x5641fa925bd4 <unknown>\n#5 0x5641fa9045cd <unknown>\n#6 0x5641fa922f84 <unknown>\n#7 0x5641fa904343 <unknown>\n#8 0x5641fa8d178a <unknown>\n#9 0x5641fa8d29de <unknown>\n#10 0x5641fad5e2cb <unknown>\n#11 0x5641fad62242 <unknown>\n#12 0x5641fad4b7ac <unknown>\n#13 0x5641fad62df7 <unknown>\n#14 0x5641fad2fb2f <unknown>\n#15 0x5641fad831a8 <unknown>\n#16 0x5641fad83370 <unknown>\n#17 0x5641fad933b6 <unknown>\n#18 0x7f568389caa4 <unknown>\n#19 0x7f5683929c6c <unknown>","statusTrace":"self = <tests.workspaces_test.TestWorkspaces object at 0x7f679ad77230>\n\n    @pytest.fixture(autouse=True)\n    def setup_method_fixture(self):\n>       login(self.about_page, self.login_page)\n\ntests/workspaces_test.py:25: \n_ _ _ _ _ _ _ _ _ _ _ _ _ _ _ _ _ _ _ _ _ _ _ _ _ _ _ _ _ _ _ _ _ _ _ _ _ _ _ _ \ntests/workspaces_test.py:15: in login\n    about_page.click_login_link()\nsrc/pages/about_page.py:18: in click_login_link\n    self.click(self.LOGIN_LINK)\nsrc/pages/base_page.py:59: in click\n    el: WebElement = self.wait.until(expected_conditions.element_to_be_clickable(locator))\n                     ^^^^^^^^^^^^^^^^^^^^^^^^^^^^^^^^^^^^^^^^^^^^^^^^^^^^^^^^^^^^^^^^^^^^^\n_ _ _ _ _ _ _ _ _ _ _ _ _ _ _ _ _ _ _ _ _ _ _ _ _ _ _ _ _ _ _ _ _ _ _ _ _ _ _ _ \n\nself = <selenium.webdriver.support.wait.WebDriverWait (session=\"74cabdc4f628473fb7635c84f283c39b\")>\nmethod = <function element_to_be_clickable.<locals>._predicate at 0x7f679ae5d300>\nmessage = ''\n\n    def until(self, method: Callable[[D], Union[Literal[False], T]], message: str = \"\") -> T:\n        \"\"\"Wait until the method returns a value that is not False.\n    \n        Calls the method provided with the driver as an argument until the\n        return value does not evaluate to ``False``.\n    \n        Parameters:\n        -----------\n        method: callable(WebDriver)\n            - A callable object that takes a WebDriver instance as an argument.\n    \n        message: str\n            - Optional message for :exc:`TimeoutException`\n    \n        Return:\n        -------\n        object: T\n            - The result of the last call to `method`\n    \n        Raises:\n        -------\n        TimeoutException\n            - If 'method' does not return a truthy value within the WebDriverWait\n            object's timeout\n    \n        Example:\n        --------\n        >>> from selenium.webdriver.common.by import By\n        >>> from selenium.webdriver.support.ui import WebDriverWait\n        >>> from selenium.webdriver.support import expected_conditions as EC\n    \n        # Wait until an element is visible on the page\n        >>> wait = WebDriverWait(driver, 10)\n        >>> element = wait.until(EC.visibility_of_element_located((By.ID, \"exampleId\")))\n        >>> print(element.text)\n        \"\"\"\n        screen = None\n        stacktrace = None\n    \n        end_time = time.monotonic() + self._timeout\n        while True:\n            try:\n                value = method(self._driver)\n                if value:\n                    return value\n            except self._ignored_exceptions as exc:\n                screen = getattr(exc, \"screen\", None)\n                stacktrace = getattr(exc, \"stacktrace\", None)\n            if time.monotonic() > end_time:\n                break\n            time.sleep(self._poll)\n>       raise TimeoutException(message, screen, stacktrace)\nE       selenium.common.exceptions.TimeoutException: Message: \nE       Stacktrace:\nE       #0 0x5641fad9453a <unknown>\nE       #1 0x5641fa88ff00 <unknown>\nE       #2 0x5641fa8dfc0c <unknown>\nE       #3 0x5641fa8dfe31 <unknown>\nE       #4 0x5641fa925bd4 <unknown>\nE       #5 0x5641fa9045cd <unknown>\nE       #6 0x5641fa922f84 <unknown>\nE       #7 0x5641fa904343 <unknown>\nE       #8 0x5641fa8d178a <unknown>\nE       #9 0x5641fa8d29de <unknown>\nE       #10 0x5641fad5e2cb <unknown>\nE       #11 0x5641fad62242 <unknown>\nE       #12 0x5641fad4b7ac <unknown>\nE       #13 0x5641fad62df7 <unknown>\nE       #14 0x5641fad2fb2f <unknown>\nE       #15 0x5641fad831a8 <unknown>\nE       #16 0x5641fad83370 <unknown>\nE       #17 0x5641fad933b6 <unknown>\nE       #18 0x7f568389caa4 <unknown>\nE       #19 0x7f5683929c6c <unknown>\n\n.venv/lib/python3.13/site-packages/selenium/webdriver/support/wait.py:138: TimeoutException","steps":[{"name":"public ip address","time":{"start":1760839033351,"stop":1760839033361,"duration":10},"status":"passed","steps":[],"attachments":[{"uid":"8b33069bb62feac","name":"HTTP logs of http://checkip.amazonaws.com/","source":"8b33069bb62feac.txt","type":"text/plain","size":359}],"parameters":[],"shouldDisplayMessage":false,"stepsCount":0,"attachmentsCount":1,"hasContent":true,"attachmentStep":false}],"attachments":[{"uid":"68c7a923d0cbbeb3","name":"Cookies","source":"68c7a923d0cbbeb3.json","type":"application/json","size":4644},{"uid":"4c7a3ed6851e9142","name":"Session Storage","source":"4c7a3ed6851e9142.json","type":"application/json","size":382},{"uid":"af4796c0562cac44","name":"Local Storage","source":"af4796c0562cac44.json","type":"application/json","size":563},{"uid":"3e7ce3fe7a3af3f7","name":"Full Page Screenshot","source":"3e7ce3fe7a3af3f7.png","type":"image/png","size":2119942},{"uid":"9da12de4b3cb1326","name":"URL","source":"9da12de4b3cb1326.uri","type":"text/uri-list","size":23},{"uid":"62d1cee7f19bf0f5","name":"Network Logs","source":"62d1cee7f19bf0f5.json","type":"application/json","size":8901162}],"parameters":[],"shouldDisplayMessage":true,"stepsCount":1,"attachmentsCount":7,"hasContent":true,"attachmentStep":false},"afterStages":[{"name":"session_request::0","time":{"start":1760839074171,"stop":1760839074171,"duration":0},"status":"passed","steps":[],"attachments":[],"parameters":[],"shouldDisplayMessage":false,"stepsCount":0,"attachmentsCount":0,"hasContent":false,"attachmentStep":false}],"labels":[{"name":"severity","value":"normal"},{"name":"epic","value":"Workspaces"},{"name":"story","value":"WorkSpaces Creation and Editing Functionality"},{"name":"parentSuite","value":"tests"},{"name":"suite","value":"workspaces_test"},{"name":"subSuite","value":"TestWorkspaces"},{"name":"host","value":"runnervmzdgdc"},{"name":"thread","value":"2182-MainThread"},{"name":"framework","value":"pytest"},{"name":"language","value":"cpython3"},{"name":"package","value":"tests.workspaces_test"},{"name":"resultFormat","value":"allure2"}],"parameters":[],"links":[],"hidden":false,"retry":false,"extra":{"severity":"normal","retries":[],"categories":[{"name":"Test defects","matchedStatuses":[],"flaky":false}],"history":{"statistic":{"failed":0,"broken":18,"skipped":0,"passed":0,"unknown":0,"total":18},"items":[{"uid":"40c321c5e4c4d0d8","reportUrl":"https://nirtal85.github.io/Selenium-Python-Example/810//#testresult/40c321c5e4c4d0d8","status":"broken","statusDetails":"selenium.common.exceptions.TimeoutException: Message: \nStacktrace:\n#0 0x56012617253a <unknown>\n#1 0x560125c6df00 <unknown>\n#2 0x560125cbdc0c <unknown>\n#3 0x560125cbde31 <unknown>\n#4 0x560125d03bd4 <unknown>\n#5 0x560125ce25cd <unknown>\n#6 0x560125d00f84 <unknown>\n#7 0x560125ce2343 <unknown>\n#8 0x560125caf78a <unknown>\n#9 0x560125cb09de <unknown>\n#10 0x56012613c2cb <unknown>\n#11 0x560126140242 <unknown>\n#12 0x5601261297ac <unknown>\n#13 0x560126140df7 <unknown>\n#14 0x56012610db2f <unknown>\n#15 0x5601261611a8 <unknown>\n#16 0x560126161370 <unknown>\n#17 0x5601261713b6 <unknown>\n#18 0x7fc20e09caa4 <unknown>\n#19 0x7fc20e129c6c <unknown>","time":{"start":1760751627006,"stop":1760751627006,"duration":0}},{"uid":"ead29038a88d246f","reportUrl":"https://nirtal85.github.io/Selenium-Python-Example/809//#testresult/ead29038a88d246f","status":"broken","statusDetails":"selenium.common.exceptions.TimeoutException: Message: \nStacktrace:\n#0 0x55f6a0c4553a <unknown>\n#1 0x55f6a0740f00 <unknown>\n#2 0x55f6a0790c0c <unknown>\n#3 0x55f6a0790e31 <unknown>\n#4 0x55f6a07d6bd4 <unknown>\n#5 0x55f6a07b55cd <unknown>\n#6 0x55f6a07d3f84 <unknown>\n#7 0x55f6a07b5343 <unknown>\n#8 0x55f6a078278a <unknown>\n#9 0x55f6a07839de <unknown>\n#10 0x55f6a0c0f2cb <unknown>\n#11 0x55f6a0c13242 <unknown>\n#12 0x55f6a0bfc7ac <unknown>\n#13 0x55f6a0c13df7 <unknown>\n#14 0x55f6a0be0b2f <unknown>\n#15 0x55f6a0c341a8 <unknown>\n#16 0x55f6a0c34370 <unknown>\n#17 0x55f6a0c443b6 <unknown>\n#18 0x7fde5be9caa4 <unknown>\n#19 0x7fde5bf29c6c <unknown>","time":{"start":1760665517896,"stop":1760665517896,"duration":0}},{"uid":"40e72d485b097ad1","reportUrl":"https://nirtal85.github.io/Selenium-Python-Example/808//#testresult/40e72d485b097ad1","status":"broken","statusDetails":"selenium.common.exceptions.TimeoutException: Message: \nStacktrace:\n#0 0x563957b5653a <unknown>\n#1 0x563957651f00 <unknown>\n#2 0x5639576a1c0c <unknown>\n#3 0x5639576a1e31 <unknown>\n#4 0x5639576e7bd4 <unknown>\n#5 0x5639576c65cd <unknown>\n#6 0x5639576e4f84 <unknown>\n#7 0x5639576c6343 <unknown>\n#8 0x56395769378a <unknown>\n#9 0x5639576949de <unknown>\n#10 0x563957b202cb <unknown>\n#11 0x563957b24242 <unknown>\n#12 0x563957b0d7ac <unknown>\n#13 0x563957b24df7 <unknown>\n#14 0x563957af1b2f <unknown>\n#15 0x563957b451a8 <unknown>\n#16 0x563957b45370 <unknown>\n#17 0x563957b553b6 <unknown>\n#18 0x7f2423c9caa4 <unknown>\n#19 0x7f2423d29c6c <unknown>","time":{"start":1760579190246,"stop":1760579190246,"duration":0}},{"uid":"91eca78a937dd931","reportUrl":"https://nirtal85.github.io/Selenium-Python-Example/807//#testresult/91eca78a937dd931","status":"broken","statusDetails":"selenium.common.exceptions.TimeoutException: Message: \nStacktrace:\n#0 0x556b8734153a <unknown>\n#1 0x556b86e3cf00 <unknown>\n#2 0x556b86e8cc0c <unknown>\n#3 0x556b86e8ce31 <unknown>\n#4 0x556b86ed2bd4 <unknown>\n#5 0x556b86eb15cd <unknown>\n#6 0x556b86ecff84 <unknown>\n#7 0x556b86eb1343 <unknown>\n#8 0x556b86e7e78a <unknown>\n#9 0x556b86e7f9de <unknown>\n#10 0x556b8730b2cb <unknown>\n#11 0x556b8730f242 <unknown>\n#12 0x556b872f87ac <unknown>\n#13 0x556b8730fdf7 <unknown>\n#14 0x556b872dcb2f <unknown>\n#15 0x556b873301a8 <unknown>\n#16 0x556b87330370 <unknown>\n#17 0x556b873403b6 <unknown>\n#18 0x7f846509caa4 <unknown>\n#19 0x7f8465129c6c <unknown>","time":{"start":1760492844444,"stop":1760492844444,"duration":0}},{"uid":"74d02fb3e17d0198","reportUrl":"https://nirtal85.github.io/Selenium-Python-Example/806//#testresult/74d02fb3e17d0198","status":"broken","statusDetails":"selenium.common.exceptions.TimeoutException: Message: \nStacktrace:\n#0 0x562d8ffc953a <unknown>\n#1 0x562d8fac4f00 <unknown>\n#2 0x562d8fb14c0c <unknown>\n#3 0x562d8fb14e31 <unknown>\n#4 0x562d8fb5abd4 <unknown>\n#5 0x562d8fb395cd <unknown>\n#6 0x562d8fb57f84 <unknown>\n#7 0x562d8fb39343 <unknown>\n#8 0x562d8fb0678a <unknown>\n#9 0x562d8fb079de <unknown>\n#10 0x562d8ff932cb <unknown>\n#11 0x562d8ff97242 <unknown>\n#12 0x562d8ff807ac <unknown>\n#13 0x562d8ff97df7 <unknown>\n#14 0x562d8ff64b2f <unknown>\n#15 0x562d8ffb81a8 <unknown>\n#16 0x562d8ffb8370 <unknown>\n#17 0x562d8ffc83b6 <unknown>\n#18 0x7ff165c9caa4 <unknown>\n#19 0x7ff165d29c6c <unknown>","time":{"start":1760406261441,"stop":1760406261441,"duration":0}},{"uid":"9bcf809e4446fcbc","reportUrl":"https://nirtal85.github.io/Selenium-Python-Example/805//#testresult/9bcf809e4446fcbc","status":"broken","statusDetails":"selenium.common.exceptions.TimeoutException: Message: \nStacktrace:\n#0 0x557598e9153a <unknown>\n#1 0x55759898cf00 <unknown>\n#2 0x5575989dcc0c <unknown>\n#3 0x5575989dce31 <unknown>\n#4 0x557598a22bd4 <unknown>\n#5 0x557598a015cd <unknown>\n#6 0x557598a1ff84 <unknown>\n#7 0x557598a01343 <unknown>\n#8 0x5575989ce78a <unknown>\n#9 0x5575989cf9de <unknown>\n#10 0x557598e5b2cb <unknown>\n#11 0x557598e5f242 <unknown>\n#12 0x557598e487ac <unknown>\n#13 0x557598e5fdf7 <unknown>\n#14 0x557598e2cb2f <unknown>\n#15 0x557598e801a8 <unknown>\n#16 0x557598e80370 <unknown>\n#17 0x557598e903b6 <unknown>\n#18 0x7f947f89caa4 <unknown>\n#19 0x7f947f929c6c <unknown>","time":{"start":1760320257920,"stop":1760320257920,"duration":0}},{"uid":"5a038593e1fc47fc","reportUrl":"https://nirtal85.github.io/Selenium-Python-Example/804//#testresult/5a038593e1fc47fc","status":"broken","statusDetails":"selenium.common.exceptions.TimeoutException: Message: \nStacktrace:\n#0 0x563abc06d53a <unknown>\n#1 0x563abbb68f00 <unknown>\n#2 0x563abbbb8c0c <unknown>\n#3 0x563abbbb8e31 <unknown>\n#4 0x563abbbfebd4 <unknown>\n#5 0x563abbbdd5cd <unknown>\n#6 0x563abbbfbf84 <unknown>\n#7 0x563abbbdd343 <unknown>\n#8 0x563abbbaa78a <unknown>\n#9 0x563abbbab9de <unknown>\n#10 0x563abc0372cb <unknown>\n#11 0x563abc03b242 <unknown>\n#12 0x563abc0247ac <unknown>\n#13 0x563abc03bdf7 <unknown>\n#14 0x563abc008b2f <unknown>\n#15 0x563abc05c1a8 <unknown>\n#16 0x563abc05c370 <unknown>\n#17 0x563abc06c3b6 <unknown>\n#18 0x7f00d529caa4 <unknown>\n#19 0x7f00d5329c6c <unknown>","time":{"start":1760233690410,"stop":1760233690410,"duration":0}},{"uid":"63bafb0a16c172bf","reportUrl":"https://nirtal85.github.io/Selenium-Python-Example/803//#testresult/63bafb0a16c172bf","status":"broken","statusDetails":"selenium.common.exceptions.TimeoutException: Message: \nStacktrace:\n#0 0x5569a94ab53a <unknown>\n#1 0x5569a8fa6f00 <unknown>\n#2 0x5569a8ff6c0c <unknown>\n#3 0x5569a8ff6e31 <unknown>\n#4 0x5569a903cbd4 <unknown>\n#5 0x5569a901b5cd <unknown>\n#6 0x5569a9039f84 <unknown>\n#7 0x5569a901b343 <unknown>\n#8 0x5569a8fe878a <unknown>\n#9 0x5569a8fe99de <unknown>\n#10 0x5569a94752cb <unknown>\n#11 0x5569a9479242 <unknown>\n#12 0x5569a94627ac <unknown>\n#13 0x5569a9479df7 <unknown>\n#14 0x5569a9446b2f <unknown>\n#15 0x5569a949a1a8 <unknown>\n#16 0x5569a949a370 <unknown>\n#17 0x5569a94aa3b6 <unknown>\n#18 0x7fa5a2c9caa4 <unknown>\n#19 0x7fa5a2d29c6c <unknown>","time":{"start":1760146795879,"stop":1760146795879,"duration":0}},{"uid":"ffc59a9bcd512d0e","reportUrl":"https://nirtal85.github.io/Selenium-Python-Example/802//#testresult/ffc59a9bcd512d0e","status":"broken","statusDetails":"selenium.common.exceptions.TimeoutException: Message: \nStacktrace:\n#0 0x558f10d0053a <unknown>\n#1 0x558f107fbf00 <unknown>\n#2 0x558f1084bc0c <unknown>\n#3 0x558f1084be31 <unknown>\n#4 0x558f10891bd4 <unknown>\n#5 0x558f108705cd <unknown>\n#6 0x558f1088ef84 <unknown>\n#7 0x558f10870343 <unknown>\n#8 0x558f1083d78a <unknown>\n#9 0x558f1083e9de <unknown>\n#10 0x558f10cca2cb <unknown>\n#11 0x558f10cce242 <unknown>\n#12 0x558f10cb77ac <unknown>\n#13 0x558f10ccedf7 <unknown>\n#14 0x558f10c9bb2f <unknown>\n#15 0x558f10cef1a8 <unknown>\n#16 0x558f10cef370 <unknown>\n#17 0x558f10cff3b6 <unknown>\n#18 0x7f611a29caa4 <unknown>\n#19 0x7f611a329c6c <unknown>","time":{"start":1760060668379,"stop":1760060668379,"duration":0}},{"uid":"661335e2e4ba1009","reportUrl":"https://nirtal85.github.io/Selenium-Python-Example/801//#testresult/661335e2e4ba1009","status":"broken","statusDetails":"selenium.common.exceptions.TimeoutException: Message: \nStacktrace:\n#0 0x564827a3c53a <unknown>\n#1 0x564827537f00 <unknown>\n#2 0x564827587c0c <unknown>\n#3 0x564827587e31 <unknown>\n#4 0x5648275cdbd4 <unknown>\n#5 0x5648275ac5cd <unknown>\n#6 0x5648275caf84 <unknown>\n#7 0x5648275ac343 <unknown>\n#8 0x56482757978a <unknown>\n#9 0x56482757a9de <unknown>\n#10 0x564827a062cb <unknown>\n#11 0x564827a0a242 <unknown>\n#12 0x5648279f37ac <unknown>\n#13 0x564827a0adf7 <unknown>\n#14 0x5648279d7b2f <unknown>\n#15 0x564827a2b1a8 <unknown>\n#16 0x564827a2b370 <unknown>\n#17 0x564827a3b3b6 <unknown>\n#18 0x7fad1c69caa4 <unknown>\n#19 0x7fad1c729c6c <unknown>","time":{"start":1759974224065,"stop":1759974224065,"duration":0}},{"uid":"490d2454d03d2090","reportUrl":"https://nirtal85.github.io/Selenium-Python-Example/800//#testresult/490d2454d03d2090","status":"broken","statusDetails":"selenium.common.exceptions.TimeoutException: Message: \nStacktrace:\n#0 0x55854a65953a <unknown>\n#1 0x55854a154f00 <unknown>\n#2 0x55854a1a4c0c <unknown>\n#3 0x55854a1a4e31 <unknown>\n#4 0x55854a1eabd4 <unknown>\n#5 0x55854a1c95cd <unknown>\n#6 0x55854a1e7f84 <unknown>\n#7 0x55854a1c9343 <unknown>\n#8 0x55854a19678a <unknown>\n#9 0x55854a1979de <unknown>\n#10 0x55854a6232cb <unknown>\n#11 0x55854a627242 <unknown>\n#12 0x55854a6107ac <unknown>\n#13 0x55854a627df7 <unknown>\n#14 0x55854a5f4b2f <unknown>\n#15 0x55854a6481a8 <unknown>\n#16 0x55854a648370 <unknown>\n#17 0x55854a6583b6 <unknown>\n#18 0x7f8419a9caa4 <unknown>\n#19 0x7f8419b29c6c <unknown>","time":{"start":1759887775719,"stop":1759887775719,"duration":0}},{"uid":"ce17152d96969ea2","reportUrl":"https://nirtal85.github.io/Selenium-Python-Example/799//#testresult/ce17152d96969ea2","status":"broken","statusDetails":"selenium.common.exceptions.TimeoutException: Message: \nStacktrace:\n#0 0x55651a31753a <unknown>\n#1 0x556519e12f00 <unknown>\n#2 0x556519e62c0c <unknown>\n#3 0x556519e62e31 <unknown>\n#4 0x556519ea8bd4 <unknown>\n#5 0x556519e875cd <unknown>\n#6 0x556519ea5f84 <unknown>\n#7 0x556519e87343 <unknown>\n#8 0x556519e5478a <unknown>\n#9 0x556519e559de <unknown>\n#10 0x55651a2e12cb <unknown>\n#11 0x55651a2e5242 <unknown>\n#12 0x55651a2ce7ac <unknown>\n#13 0x55651a2e5df7 <unknown>\n#14 0x55651a2b2b2f <unknown>\n#15 0x55651a3061a8 <unknown>\n#16 0x55651a306370 <unknown>\n#17 0x55651a3163b6 <unknown>\n#18 0x7efd5469caa4 <unknown>\n#19 0x7efd54729c6c <unknown>","time":{"start":1759801360358,"stop":1759801360358,"duration":0}},{"uid":"af07212154e29f88","reportUrl":"https://nirtal85.github.io/Selenium-Python-Example/798//#testresult/af07212154e29f88","status":"broken","statusDetails":"selenium.common.exceptions.TimeoutException: Message: \nStacktrace:\n#0 0x559633c8a53a <unknown>\n#1 0x559633785f00 <unknown>\n#2 0x5596337d5c0c <unknown>\n#3 0x5596337d5e31 <unknown>\n#4 0x55963381bbd4 <unknown>\n#5 0x5596337fa5cd <unknown>\n#6 0x559633818f84 <unknown>\n#7 0x5596337fa343 <unknown>\n#8 0x5596337c778a <unknown>\n#9 0x5596337c89de <unknown>\n#10 0x559633c542cb <unknown>\n#11 0x559633c58242 <unknown>\n#12 0x559633c417ac <unknown>\n#13 0x559633c58df7 <unknown>\n#14 0x559633c25b2f <unknown>\n#15 0x559633c791a8 <unknown>\n#16 0x559633c79370 <unknown>\n#17 0x559633c893b6 <unknown>\n#18 0x7f74fa29caa4 <unknown>\n#19 0x7f74fa329c6c <unknown>","time":{"start":1759715108695,"stop":1759715108695,"duration":0}},{"uid":"cd58d85419113277","reportUrl":"https://nirtal85.github.io/Selenium-Python-Example/797//#testresult/cd58d85419113277","status":"broken","statusDetails":"selenium.common.exceptions.TimeoutException: Message: \nStacktrace:\n#0 0x557a2757f53a <unknown>\n#1 0x557a2707af00 <unknown>\n#2 0x557a270cac0c <unknown>\n#3 0x557a270cae31 <unknown>\n#4 0x557a27110bd4 <unknown>\n#5 0x557a270ef5cd <unknown>\n#6 0x557a2710df84 <unknown>\n#7 0x557a270ef343 <unknown>\n#8 0x557a270bc78a <unknown>\n#9 0x557a270bd9de <unknown>\n#10 0x557a275492cb <unknown>\n#11 0x557a2754d242 <unknown>\n#12 0x557a275367ac <unknown>\n#13 0x557a2754ddf7 <unknown>\n#14 0x557a2751ab2f <unknown>\n#15 0x557a2756e1a8 <unknown>\n#16 0x557a2756e370 <unknown>\n#17 0x557a2757e3b6 <unknown>\n#18 0x7f31acc9caa4 <unknown>\n#19 0x7f31acd29c6c <unknown>","time":{"start":1759629099874,"stop":1759629099874,"duration":0}},{"uid":"269bb853291c5c30","reportUrl":"https://nirtal85.github.io/Selenium-Python-Example/796//#testresult/269bb853291c5c30","status":"broken","statusDetails":"selenium.common.exceptions.TimeoutException: Message: \nStacktrace:\n#0 0x56127be3f53a <unknown>\n#1 0x56127b93af00 <unknown>\n#2 0x56127b98ac0c <unknown>\n#3 0x56127b98ae31 <unknown>\n#4 0x56127b9d0bd4 <unknown>\n#5 0x56127b9af5cd <unknown>\n#6 0x56127b9cdf84 <unknown>\n#7 0x56127b9af343 <unknown>\n#8 0x56127b97c78a <unknown>\n#9 0x56127b97d9de <unknown>\n#10 0x56127be092cb <unknown>\n#11 0x56127be0d242 <unknown>\n#12 0x56127bdf67ac <unknown>\n#13 0x56127be0ddf7 <unknown>\n#14 0x56127bddab2f <unknown>\n#15 0x56127be2e1a8 <unknown>\n#16 0x56127be2e370 <unknown>\n#17 0x56127be3e3b6 <unknown>\n#18 0x7f985349caa4 <unknown>\n#19 0x7f9853529c6c <unknown>","time":{"start":1759541894334,"stop":1759541894334,"duration":0}},{"uid":"ebd700d74b2007fb","reportUrl":"https://nirtal85.github.io/Selenium-Python-Example/795//#testresult/ebd700d74b2007fb","status":"broken","statusDetails":"selenium.common.exceptions.TimeoutException: Message: \nStacktrace:\n#0 0x55a593da953a <unknown>\n#1 0x55a5938a4f00 <unknown>\n#2 0x55a5938f4c0c <unknown>\n#3 0x55a5938f4e31 <unknown>\n#4 0x55a59393abd4 <unknown>\n#5 0x55a5939195cd <unknown>\n#6 0x55a593937f84 <unknown>\n#7 0x55a593919343 <unknown>\n#8 0x55a5938e678a <unknown>\n#9 0x55a5938e79de <unknown>\n#10 0x55a593d732cb <unknown>\n#11 0x55a593d77242 <unknown>\n#12 0x55a593d607ac <unknown>\n#13 0x55a593d77df7 <unknown>\n#14 0x55a593d44b2f <unknown>\n#15 0x55a593d981a8 <unknown>\n#16 0x55a593d98370 <unknown>\n#17 0x55a593da83b6 <unknown>\n#18 0x7fb83109caa4 <unknown>\n#19 0x7fb831129c6c <unknown>","time":{"start":1759455709798,"stop":1759455709798,"duration":0}},{"uid":"9429750788258d08","reportUrl":"https://nirtal85.github.io/Selenium-Python-Example/794//#testresult/9429750788258d08","status":"broken","statusDetails":"selenium.common.exceptions.TimeoutException: Message: \nStacktrace:\n#0 0x55fde4d5553a <unknown>\n#1 0x55fde4850f00 <unknown>\n#2 0x55fde48a0c0c <unknown>\n#3 0x55fde48a0e31 <unknown>\n#4 0x55fde48e6bd4 <unknown>\n#5 0x55fde48c55cd <unknown>\n#6 0x55fde48e3f84 <unknown>\n#7 0x55fde48c5343 <unknown>\n#8 0x55fde489278a <unknown>\n#9 0x55fde48939de <unknown>\n#10 0x55fde4d1f2cb <unknown>\n#11 0x55fde4d23242 <unknown>\n#12 0x55fde4d0c7ac <unknown>\n#13 0x55fde4d23df7 <unknown>\n#14 0x55fde4cf0b2f <unknown>\n#15 0x55fde4d441a8 <unknown>\n#16 0x55fde4d44370 <unknown>\n#17 0x55fde4d543b6 <unknown>\n#18 0x7f595ee9caa4 <unknown>\n#19 0x7f595ef29c6c <unknown>","time":{"start":1759369321500,"stop":1759369321500,"duration":0}}]},"tags":[]},"source":"817dd393a3475456.json","parameterValues":[]}