{"uid":"332c73233d1cfcb","name":"Rename an existing workspace test","fullName":"tests.workspaces_test.TestWorkspaces#test_rename_workspace","historyId":"cd63adf5d11191c5904362b968c9e131","time":{"start":1753582751567,"stop":1753582751567,"duration":0},"description":"Rename an existing workspace","descriptionHtml":"<p>Rename an existing workspace</p>\n","status":"broken","statusMessage":"FileNotFoundError: [Errno 2] No such file or directory: '/home/runner/work/Selenium-Python-Example/Selenium-Python-Example/src/resources/tests_data.json'","statusTrace":"@fixture(scope=\"session\")\n    def data() -> Data:\n        json_path = Constants.DATA_PATH / \"tests_data.json\"\n>       with open(json_path, encoding=\"utf-8\") as json_file:\n             ^^^^^^^^^^^^^^^^^^^^^^^^^^^^^^^^^\nE       FileNotFoundError: [Errno 2] No such file or directory: '/home/runner/work/Selenium-Python-Example/Selenium-Python-Example/src/resources/tests_data.json'\n\ntests/conftest.py:60: FileNotFoundError","flaky":false,"newFailed":false,"newBroken":false,"newPassed":false,"retriesCount":0,"retriesStatusChange":false,"beforeStages":[{"name":"base_url","time":{"start":1753582749058,"stop":1753582749058,"duration":0},"status":"passed","steps":[],"attachments":[],"parameters":[],"shouldDisplayMessage":false,"stepsCount":0,"attachmentsCount":0,"hasContent":false,"attachmentStep":false},{"name":"session_request","time":{"start":1753582749059,"stop":1753582749059,"duration":0},"status":"passed","steps":[],"attachments":[],"parameters":[],"shouldDisplayMessage":false,"stepsCount":0,"attachmentsCount":0,"hasContent":false,"attachmentStep":false},{"name":"_verify_url","time":{"start":1753582749059,"stop":1753582749059,"duration":0},"status":"passed","steps":[],"attachments":[],"parameters":[],"shouldDisplayMessage":false,"stepsCount":0,"attachmentsCount":0,"hasContent":false,"attachmentStep":false},{"name":"data","time":{"start":1753582749059,"stop":1753582749059,"duration":0},"status":"broken","statusMessage":"FileNotFoundError: [Errno 2] No such file or directory: '/home/runner/work/Selenium-Python-Example/Selenium-Python-Example/src/resources/tests_data.json'\n","statusTrace":"  File \"/home/runner/work/Selenium-Python-Example/Selenium-Python-Example/.venv/lib/python3.13/site-packages/pluggy/_callers.py\", line 167, in _multicall\n    teardown.throw(outcome._exception)\n    ~~~~~~~~~~~~~~^^^^^^^^^^^^^^^^^^^^\n  File \"/home/runner/work/Selenium-Python-Example/Selenium-Python-Example/.venv/lib/python3.13/site-packages/_pytest/setuponly.py\", line 36, in pytest_fixture_setup\n    return (yield)\n            ^^^^^\n  File \"/home/runner/work/Selenium-Python-Example/Selenium-Python-Example/.venv/lib/python3.13/site-packages/pluggy/_callers.py\", line 103, in _multicall\n    res = hook_impl.function(*args)\n  File \"/home/runner/work/Selenium-Python-Example/Selenium-Python-Example/.venv/lib/python3.13/site-packages/_pytest/fixtures.py\", line 1195, in pytest_fixture_setup\n    result = call_fixture_func(fixturefunc, request, kwargs)\n  File \"/home/runner/work/Selenium-Python-Example/Selenium-Python-Example/.venv/lib/python3.13/site-packages/_pytest/fixtures.py\", line 929, in call_fixture_func\n    fixture_result = fixturefunc(**kwargs)\n  File \"/home/runner/work/Selenium-Python-Example/Selenium-Python-Example/tests/conftest.py\", line 60, in data\n    with open(json_path, encoding=\"utf-8\") as json_file:\n         ~~~~^^^^^^^^^^^^^^^^^^^^^^^^^^^^^\n","steps":[],"attachments":[],"parameters":[],"shouldDisplayMessage":true,"stepsCount":0,"attachmentsCount":0,"hasContent":true,"attachmentStep":false},{"name":"setup_method_fixture","time":{"start":1753582769501,"stop":1753582779862,"duration":10361},"status":"broken","statusMessage":"selenium.common.exceptions.TimeoutException: Message: \nStacktrace:\n#0 0x55c2e187e53a <unknown>\n#1 0x55c2e1379f00 <unknown>\n#2 0x55c2e13c9c0c <unknown>\n#3 0x55c2e13c9e31 <unknown>\n#4 0x55c2e140fbd4 <unknown>\n#5 0x55c2e13ee5cd <unknown>\n#6 0x55c2e140cf84 <unknown>\n#7 0x55c2e13ee343 <unknown>\n#8 0x55c2e13bb78a <unknown>\n#9 0x55c2e13bc9de <unknown>\n#10 0x55c2e18482cb <unknown>\n#11 0x55c2e184c242 <unknown>\n#12 0x55c2e18357ac <unknown>\n#13 0x55c2e184cdf7 <unknown>\n#14 0x55c2e1819b2f <unknown>\n#15 0x55c2e186d1a8 <unknown>\n#16 0x55c2e186d370 <unknown>\n#17 0x55c2e187d3b6 <unknown>\n#18 0x7f307209caa4 <unknown>\n#19 0x7f3072129c3c <unknown>\n\n","statusTrace":"  File \"/home/runner/work/Selenium-Python-Example/Selenium-Python-Example/.venv/lib/python3.13/site-packages/pluggy/_callers.py\", line 167, in _multicall\n    teardown.throw(outcome._exception)\n    ~~~~~~~~~~~~~~^^^^^^^^^^^^^^^^^^^^\n  File \"/home/runner/work/Selenium-Python-Example/Selenium-Python-Example/.venv/lib/python3.13/site-packages/_pytest/setuponly.py\", line 36, in pytest_fixture_setup\n    return (yield)\n            ^^^^^\n  File \"/home/runner/work/Selenium-Python-Example/Selenium-Python-Example/.venv/lib/python3.13/site-packages/pluggy/_callers.py\", line 103, in _multicall\n    res = hook_impl.function(*args)\n  File \"/home/runner/work/Selenium-Python-Example/Selenium-Python-Example/.venv/lib/python3.13/site-packages/_pytest/fixtures.py\", line 1195, in pytest_fixture_setup\n    result = call_fixture_func(fixturefunc, request, kwargs)\n  File \"/home/runner/work/Selenium-Python-Example/Selenium-Python-Example/.venv/lib/python3.13/site-packages/_pytest/fixtures.py\", line 929, in call_fixture_func\n    fixture_result = fixturefunc(**kwargs)\n  File \"/home/runner/work/Selenium-Python-Example/Selenium-Python-Example/tests/workspaces_test.py\", line 25, in setup_method_fixture\n    login(self.about_page, self.login_page)\n    ~~~~~^^^^^^^^^^^^^^^^^^^^^^^^^^^^^^^^^^\n  File \"/home/runner/work/Selenium-Python-Example/Selenium-Python-Example/tests/workspaces_test.py\", line 15, in login\n    about_page.click_login_link()\n    ~~~~~~~~~~~~~~~~~~~~~~~~~~~^^\n  File \"/home/runner/work/Selenium-Python-Example/Selenium-Python-Example/.venv/lib/python3.13/site-packages/allure_commons/_allure.py\", line 202, in impl\n    return func(*a, **kw)\n  File \"/home/runner/work/Selenium-Python-Example/Selenium-Python-Example/src/pages/about_page.py\", line 18, in click_login_link\n    self.click(self.LOGIN_LINK)\n    ~~~~~~~~~~^^^^^^^^^^^^^^^^^\n  File \"/home/runner/work/Selenium-Python-Example/Selenium-Python-Example/src/pages/base_page.py\", line 59, in click\n    el: WebElement = self.wait.until(expected_conditions.element_to_be_clickable(locator))\n                     ~~~~~~~~~~~~~~~^^^^^^^^^^^^^^^^^^^^^^^^^^^^^^^^^^^^^^^^^^^^^^^^^^^^^^\n  File \"/home/runner/work/Selenium-Python-Example/Selenium-Python-Example/.venv/lib/python3.13/site-packages/selenium/webdriver/support/wait.py\", line 138, in until\n    raise TimeoutException(message, screen, stacktrace)\n","steps":[{"name":"Click Login link","time":{"start":1753582769501,"stop":1753582779860,"duration":10359},"status":"broken","statusMessage":"selenium.common.exceptions.TimeoutException: Message: \nStacktrace:\n#0 0x55c2e187e53a <unknown>\n#1 0x55c2e1379f00 <unknown>\n#2 0x55c2e13c9c0c <unknown>\n#3 0x55c2e13c9e31 <unknown>\n#4 0x55c2e140fbd4 <unknown>\n#5 0x55c2e13ee5cd <unknown>\n#6 0x55c2e140cf84 <unknown>\n#7 0x55c2e13ee343 <unknown>\n#8 0x55c2e13bb78a <unknown>\n#9 0x55c2e13bc9de <unknown>\n#10 0x55c2e18482cb <unknown>\n#11 0x55c2e184c242 <unknown>\n#12 0x55c2e18357ac <unknown>\n#13 0x55c2e184cdf7 <unknown>\n#14 0x55c2e1819b2f <unknown>\n#15 0x55c2e186d1a8 <unknown>\n#16 0x55c2e186d370 <unknown>\n#17 0x55c2e187d3b6 <unknown>\n#18 0x7f307209caa4 <unknown>\n#19 0x7f3072129c3c <unknown>\n\n","statusTrace":"  File \"/home/runner/work/Selenium-Python-Example/Selenium-Python-Example/.venv/lib/python3.13/site-packages/allure_commons/_allure.py\", line 202, in impl\n    return func(*a, **kw)\n  File \"/home/runner/work/Selenium-Python-Example/Selenium-Python-Example/src/pages/about_page.py\", line 18, in click_login_link\n    self.click(self.LOGIN_LINK)\n    ~~~~~~~~~~^^^^^^^^^^^^^^^^^\n  File \"/home/runner/work/Selenium-Python-Example/Selenium-Python-Example/src/pages/base_page.py\", line 59, in click\n    el: WebElement = self.wait.until(expected_conditions.element_to_be_clickable(locator))\n                     ~~~~~~~~~~~~~~~^^^^^^^^^^^^^^^^^^^^^^^^^^^^^^^^^^^^^^^^^^^^^^^^^^^^^^\n  File \"/home/runner/work/Selenium-Python-Example/Selenium-Python-Example/.venv/lib/python3.13/site-packages/selenium/webdriver/support/wait.py\", line 138, in until\n    raise TimeoutException(message, screen, stacktrace)\n","steps":[],"attachments":[],"parameters":[],"shouldDisplayMessage":true,"stepsCount":0,"attachmentsCount":0,"hasContent":true,"attachmentStep":false}],"attachments":[],"parameters":[],"shouldDisplayMessage":false,"stepsCount":1,"attachmentsCount":0,"hasContent":true,"attachmentStep":false}],"testStage":{"description":"Rename an existing workspace","status":"broken","statusMessage":"FileNotFoundError: [Errno 2] No such file or directory: '/home/runner/work/Selenium-Python-Example/Selenium-Python-Example/src/resources/tests_data.json'","statusTrace":"@fixture(scope=\"session\")\n    def data() -> Data:\n        json_path = Constants.DATA_PATH / \"tests_data.json\"\n>       with open(json_path, encoding=\"utf-8\") as json_file:\n             ^^^^^^^^^^^^^^^^^^^^^^^^^^^^^^^^^\nE       FileNotFoundError: [Errno 2] No such file or directory: '/home/runner/work/Selenium-Python-Example/Selenium-Python-Example/src/resources/tests_data.json'\n\ntests/conftest.py:60: FileNotFoundError","steps":[{"name":"public ip address","time":{"start":1753582753965,"stop":1753582753976,"duration":11},"status":"passed","steps":[],"attachments":[{"uid":"eb58734c6781c609","name":"HTTP logs of http://checkip.amazonaws.com/","source":"eb58734c6781c609.txt","type":"text/plain","size":358}],"parameters":[],"shouldDisplayMessage":false,"stepsCount":0,"attachmentsCount":1,"hasContent":true,"attachmentStep":false}],"attachments":[{"uid":"2f4a7c68c93e379e","name":"Cookies","source":"2f4a7c68c93e379e.json","type":"application/json","size":4139},{"uid":"f1ae107650f87d93","name":"Session Storage","source":"f1ae107650f87d93.json","type":"application/json","size":359},{"uid":"114f3b5fd22433ff","name":"Local Storage","source":"114f3b5fd22433ff.json","type":"application/json","size":548},{"uid":"dd69d45d69488176","name":"Full Page Screenshot","source":"dd69d45d69488176.png","type":"image/png","size":1936157},{"uid":"e1b6cb7463c8f078","name":"URL","source":"e1b6cb7463c8f078.uri","type":"text/uri-list","size":23},{"uid":"5da5f0aa1b12fe2f","name":"Network Logs","source":"5da5f0aa1b12fe2f.json","type":"application/json","size":10939481}],"parameters":[],"shouldDisplayMessage":true,"stepsCount":1,"attachmentsCount":7,"hasContent":true,"attachmentStep":false},"afterStages":[{"name":"session_request::0","time":{"start":1753582825917,"stop":1753582825917,"duration":0},"status":"passed","steps":[],"attachments":[],"parameters":[],"shouldDisplayMessage":false,"stepsCount":0,"attachmentsCount":0,"hasContent":false,"attachmentStep":false}],"labels":[{"name":"epic","value":"Workspaces"},{"name":"story","value":"WorkSpaces Creation and Editing Functionality"},{"name":"severity","value":"normal"},{"name":"parentSuite","value":"tests"},{"name":"suite","value":"workspaces_test"},{"name":"subSuite","value":"TestWorkspaces"},{"name":"host","value":"pkrvmpptgkbjq6m"},{"name":"thread","value":"2231-MainThread"},{"name":"framework","value":"pytest"},{"name":"language","value":"cpython3"},{"name":"package","value":"tests.workspaces_test"},{"name":"resultFormat","value":"allure2"}],"parameters":[],"links":[],"hidden":false,"retry":false,"extra":{"severity":"normal","retries":[],"categories":[{"name":"Test defects","matchedStatuses":[],"flaky":false}],"history":{"statistic":{"failed":0,"broken":27,"skipped":0,"passed":0,"unknown":0,"total":27},"items":[{"uid":"7cfc7aa20896a76d","reportUrl":"https://nirtal85.github.io/Selenium-Python-Example/726//#testresult/7cfc7aa20896a76d","status":"broken","statusDetails":"FileNotFoundError: [Errno 2] No such file or directory: '/home/runner/work/Selenium-Python-Example/Selenium-Python-Example/src/resources/tests_data.json'","time":{"start":1753495186753,"stop":1753495186753,"duration":0}},{"uid":"c53516d16d7ec333","reportUrl":"https://nirtal85.github.io/Selenium-Python-Example/725//#testresult/c53516d16d7ec333","status":"broken","statusDetails":"FileNotFoundError: [Errno 2] No such file or directory: '/home/runner/work/Selenium-Python-Example/Selenium-Python-Example/src/resources/tests_data.json'","time":{"start":1753409017525,"stop":1753409017525,"duration":0}},{"uid":"ee4489f1203d3c8d","reportUrl":"https://nirtal85.github.io/Selenium-Python-Example/724//#testresult/ee4489f1203d3c8d","status":"broken","statusDetails":"FileNotFoundError: [Errno 2] No such file or directory: '/home/runner/work/Selenium-Python-Example/Selenium-Python-Example/src/resources/tests_data.json'","time":{"start":1753322644960,"stop":1753322644960,"duration":0}},{"uid":"e0f815a0916c87c6","reportUrl":"https://nirtal85.github.io/Selenium-Python-Example/723//#testresult/e0f815a0916c87c6","status":"broken","statusDetails":"FileNotFoundError: [Errno 2] No such file or directory: '/home/runner/work/Selenium-Python-Example/Selenium-Python-Example/src/resources/tests_data.json'","time":{"start":1753236284103,"stop":1753236284103,"duration":0}},{"uid":"5b99837e8f4610b9","reportUrl":"https://nirtal85.github.io/Selenium-Python-Example/722//#testresult/5b99837e8f4610b9","status":"broken","statusDetails":"FileNotFoundError: [Errno 2] No such file or directory: '/home/runner/work/Selenium-Python-Example/Selenium-Python-Example/src/resources/tests_data.json'","time":{"start":1753149823321,"stop":1753149823321,"duration":0}},{"uid":"152992343043efdf","reportUrl":"https://nirtal85.github.io/Selenium-Python-Example/721//#testresult/152992343043efdf","status":"broken","statusDetails":"FileNotFoundError: [Errno 2] No such file or directory: '/home/runner/work/Selenium-Python-Example/Selenium-Python-Example/src/resources/tests_data.json'","time":{"start":1753063765464,"stop":1753063765464,"duration":0}},{"uid":"618f01a9e8b9724d","reportUrl":"https://nirtal85.github.io/Selenium-Python-Example/720//#testresult/618f01a9e8b9724d","status":"broken","statusDetails":"FileNotFoundError: [Errno 2] No such file or directory: '/home/runner/work/Selenium-Python-Example/Selenium-Python-Example/src/resources/tests_data.json'","time":{"start":1752977540182,"stop":1752977540182,"duration":0}},{"uid":"64d5bf98e8d8bbb9","reportUrl":"https://nirtal85.github.io/Selenium-Python-Example/719//#testresult/64d5bf98e8d8bbb9","status":"broken","statusDetails":"FileNotFoundError: [Errno 2] No such file or directory: '/home/runner/work/Selenium-Python-Example/Selenium-Python-Example/src/resources/tests_data.json'","time":{"start":1752890319989,"stop":1752890319989,"duration":0}},{"uid":"a75899d6d5340f40","reportUrl":"https://nirtal85.github.io/Selenium-Python-Example/718//#testresult/a75899d6d5340f40","status":"broken","statusDetails":"FileNotFoundError: [Errno 2] No such file or directory: '/home/runner/work/Selenium-Python-Example/Selenium-Python-Example/src/resources/tests_data.json'","time":{"start":1752804278545,"stop":1752804278545,"duration":0}},{"uid":"4b3a62294d4574c3","reportUrl":"https://nirtal85.github.io/Selenium-Python-Example/717//#testresult/4b3a62294d4574c3","status":"broken","statusDetails":"FileNotFoundError: [Errno 2] No such file or directory: '/home/runner/work/Selenium-Python-Example/Selenium-Python-Example/src/resources/tests_data.json'","time":{"start":1752717783915,"stop":1752717783915,"duration":0}},{"uid":"3dab02d6cb218535","reportUrl":"https://nirtal85.github.io/Selenium-Python-Example/716//#testresult/3dab02d6cb218535","status":"broken","statusDetails":"FileNotFoundError: [Errno 2] No such file or directory: '/home/runner/work/Selenium-Python-Example/Selenium-Python-Example/src/resources/tests_data.json'","time":{"start":1752631358683,"stop":1752631358683,"duration":0}},{"uid":"cb3ce3253e72462d","reportUrl":"https://nirtal85.github.io/Selenium-Python-Example/715//#testresult/cb3ce3253e72462d","status":"broken","statusDetails":"FileNotFoundError: [Errno 2] No such file or directory: '/home/runner/work/Selenium-Python-Example/Selenium-Python-Example/src/resources/tests_data.json'","time":{"start":1752545167534,"stop":1752545167534,"duration":0}},{"uid":"43eb185ed0151305","reportUrl":"https://nirtal85.github.io/Selenium-Python-Example/714//#testresult/43eb185ed0151305","status":"broken","statusDetails":"FileNotFoundError: [Errno 2] No such file or directory: '/home/runner/work/Selenium-Python-Example/Selenium-Python-Example/src/resources/tests_data.json'","time":{"start":1752458769480,"stop":1752458769480,"duration":0}},{"uid":"152c3335e11bbfdb","reportUrl":"https://nirtal85.github.io/Selenium-Python-Example/713//#testresult/152c3335e11bbfdb","status":"broken","statusDetails":"FileNotFoundError: [Errno 2] No such file or directory: '/home/runner/work/Selenium-Python-Example/Selenium-Python-Example/src/resources/tests_data.json'","time":{"start":1752372633729,"stop":1752372633729,"duration":0}},{"uid":"d01668d44578cbf4","reportUrl":"https://nirtal85.github.io/Selenium-Python-Example/712//#testresult/d01668d44578cbf4","status":"broken","statusDetails":"FileNotFoundError: [Errno 2] No such file or directory: '/home/runner/work/Selenium-Python-Example/Selenium-Python-Example/src/resources/tests_data.json'","time":{"start":1752285730701,"stop":1752285730701,"duration":0}},{"uid":"b5820559a4d23fba","reportUrl":"https://nirtal85.github.io/Selenium-Python-Example/711//#testresult/b5820559a4d23fba","status":"broken","statusDetails":"FileNotFoundError: [Errno 2] No such file or directory: '/home/runner/work/Selenium-Python-Example/Selenium-Python-Example/src/resources/tests_data.json'","time":{"start":1752199292441,"stop":1752199292441,"duration":0}},{"uid":"a0a6e59463e82a07","reportUrl":"https://nirtal85.github.io/Selenium-Python-Example/710//#testresult/a0a6e59463e82a07","status":"broken","statusDetails":"FileNotFoundError: [Errno 2] No such file or directory: '/home/runner/work/Selenium-Python-Example/Selenium-Python-Example/src/resources/tests_data.json'","time":{"start":1752112738203,"stop":1752112738203,"duration":0}},{"uid":"414b64d5f8661ba6","reportUrl":"https://nirtal85.github.io/Selenium-Python-Example/709//#testresult/414b64d5f8661ba6","status":"broken","statusDetails":"FileNotFoundError: [Errno 2] No such file or directory: '/home/runner/work/Selenium-Python-Example/Selenium-Python-Example/src/resources/tests_data.json'","time":{"start":1752026333320,"stop":1752026333320,"duration":0}},{"uid":"f89369fd474f1867","reportUrl":"https://nirtal85.github.io/Selenium-Python-Example/708//#testresult/f89369fd474f1867","status":"broken","statusDetails":"FileNotFoundError: [Errno 2] No such file or directory: '/home/runner/work/Selenium-Python-Example/Selenium-Python-Example/src/resources/tests_data.json'","time":{"start":1751939866010,"stop":1751939866010,"duration":0}},{"uid":"6d31790e622916a5","reportUrl":"https://nirtal85.github.io/Selenium-Python-Example/707//#testresult/6d31790e622916a5","status":"broken","statusDetails":"FileNotFoundError: [Errno 2] No such file or directory: '/home/runner/work/Selenium-Python-Example/Selenium-Python-Example/src/resources/tests_data.json'","time":{"start":1751853756528,"stop":1751853756528,"duration":0}}]},"tags":[]},"source":"332c73233d1cfcb.json","parameterValues":[]}