{"uid":"7eaa096ff8f3a4f7","name":"Create new workspace test","fullName":"tests.workspaces_test.TestWorkspaces#test_create_new_workspace","historyId":"e1f088bc30a040de4100d958931562b3","time":{"start":1761961990588,"stop":1761961990588,"duration":0},"description":"Create new Workspace","descriptionHtml":"<p>Create new Workspace</p>\n","status":"broken","statusMessage":"FileNotFoundError: [Errno 2] No such file or directory: '/home/runner/work/Selenium-Python-Example/Selenium-Python-Example/src/resources/tests_data.json'","statusTrace":"@fixture(scope=\"session\")\n    def data() -> Data:\n        json_path = Constants.DATA_PATH / \"tests_data.json\"\n>       with open(json_path, encoding=\"utf-8\") as json_file:\n             ^^^^^^^^^^^^^^^^^^^^^^^^^^^^^^^^^\nE       FileNotFoundError: [Errno 2] No such file or directory: '/home/runner/work/Selenium-Python-Example/Selenium-Python-Example/src/resources/tests_data.json'\n\ntests/conftest.py:60: FileNotFoundError","flaky":false,"newFailed":false,"newBroken":false,"newPassed":false,"retriesCount":0,"retriesStatusChange":false,"beforeStages":[{"name":"base_url","time":{"start":1761962006844,"stop":1761962006844,"duration":0},"status":"passed","steps":[],"attachments":[],"parameters":[],"shouldDisplayMessage":false,"stepsCount":0,"attachmentsCount":0,"hasContent":false,"attachmentStep":false},{"name":"_verify_url","time":{"start":1761962006844,"stop":1761962006844,"duration":0},"status":"passed","steps":[],"attachments":[],"parameters":[],"shouldDisplayMessage":false,"stepsCount":0,"attachmentsCount":0,"hasContent":false,"attachmentStep":false},{"name":"session_request","time":{"start":1761962006844,"stop":1761962006845,"duration":1},"status":"passed","steps":[],"attachments":[],"parameters":[],"shouldDisplayMessage":false,"stepsCount":0,"attachmentsCount":0,"hasContent":false,"attachmentStep":false},{"name":"data","time":{"start":1761962006845,"stop":1761962006845,"duration":0},"status":"broken","statusMessage":"FileNotFoundError: [Errno 2] No such file or directory: '/home/runner/work/Selenium-Python-Example/Selenium-Python-Example/src/resources/tests_data.json'\n","statusTrace":"  File \"/home/runner/work/Selenium-Python-Example/Selenium-Python-Example/.venv/lib/python3.13/site-packages/pluggy/_callers.py\", line 167, in _multicall\n    teardown.throw(outcome._exception)\n    ~~~~~~~~~~~~~~^^^^^^^^^^^^^^^^^^^^\n  File \"/home/runner/work/Selenium-Python-Example/Selenium-Python-Example/.venv/lib/python3.13/site-packages/_pytest/setuponly.py\", line 36, in pytest_fixture_setup\n    return (yield)\n            ^^^^^\n  File \"/home/runner/work/Selenium-Python-Example/Selenium-Python-Example/.venv/lib/python3.13/site-packages/pluggy/_callers.py\", line 103, in _multicall\n    res = hook_impl.function(*args)\n  File \"/home/runner/work/Selenium-Python-Example/Selenium-Python-Example/.venv/lib/python3.13/site-packages/_pytest/fixtures.py\", line 1196, in pytest_fixture_setup\n    result = call_fixture_func(fixturefunc, request, kwargs)\n  File \"/home/runner/work/Selenium-Python-Example/Selenium-Python-Example/.venv/lib/python3.13/site-packages/_pytest/fixtures.py\", line 930, in call_fixture_func\n    fixture_result = fixturefunc(**kwargs)\n  File \"/home/runner/work/Selenium-Python-Example/Selenium-Python-Example/tests/conftest.py\", line 60, in data\n    with open(json_path, encoding=\"utf-8\") as json_file:\n         ~~~~^^^^^^^^^^^^^^^^^^^^^^^^^^^^^\n","steps":[],"attachments":[],"parameters":[],"shouldDisplayMessage":true,"stepsCount":0,"attachmentsCount":0,"hasContent":true,"attachmentStep":false},{"name":"setup_method_fixture","time":{"start":1761962028170,"stop":1761962038281,"duration":10111},"status":"broken","statusMessage":"selenium.common.exceptions.TimeoutException: Message: \nStacktrace:\n#0 0x55ee1027853a <unknown>\n#1 0x55ee0fd73f00 <unknown>\n#2 0x55ee0fdc3c0c <unknown>\n#3 0x55ee0fdc3e31 <unknown>\n#4 0x55ee0fe09bd4 <unknown>\n#5 0x55ee0fde85cd <unknown>\n#6 0x55ee0fe06f84 <unknown>\n#7 0x55ee0fde8343 <unknown>\n#8 0x55ee0fdb578a <unknown>\n#9 0x55ee0fdb69de <unknown>\n#10 0x55ee102422cb <unknown>\n#11 0x55ee10246242 <unknown>\n#12 0x55ee1022f7ac <unknown>\n#13 0x55ee10246df7 <unknown>\n#14 0x55ee10213b2f <unknown>\n#15 0x55ee102671a8 <unknown>\n#16 0x55ee10267370 <unknown>\n#17 0x55ee102773b6 <unknown>\n#18 0x7fe72369caa4 <unknown>\n#19 0x7fe723729c6c <unknown>\n\n","statusTrace":"  File \"/home/runner/work/Selenium-Python-Example/Selenium-Python-Example/.venv/lib/python3.13/site-packages/pluggy/_callers.py\", line 167, in _multicall\n    teardown.throw(outcome._exception)\n    ~~~~~~~~~~~~~~^^^^^^^^^^^^^^^^^^^^\n  File \"/home/runner/work/Selenium-Python-Example/Selenium-Python-Example/.venv/lib/python3.13/site-packages/_pytest/setuponly.py\", line 36, in pytest_fixture_setup\n    return (yield)\n            ^^^^^\n  File \"/home/runner/work/Selenium-Python-Example/Selenium-Python-Example/.venv/lib/python3.13/site-packages/pluggy/_callers.py\", line 103, in _multicall\n    res = hook_impl.function(*args)\n  File \"/home/runner/work/Selenium-Python-Example/Selenium-Python-Example/.venv/lib/python3.13/site-packages/_pytest/fixtures.py\", line 1196, in pytest_fixture_setup\n    result = call_fixture_func(fixturefunc, request, kwargs)\n  File \"/home/runner/work/Selenium-Python-Example/Selenium-Python-Example/.venv/lib/python3.13/site-packages/_pytest/fixtures.py\", line 930, in call_fixture_func\n    fixture_result = fixturefunc(**kwargs)\n  File \"/home/runner/work/Selenium-Python-Example/Selenium-Python-Example/tests/workspaces_test.py\", line 25, in setup_method_fixture\n    login(self.about_page, self.login_page)\n    ~~~~~^^^^^^^^^^^^^^^^^^^^^^^^^^^^^^^^^^\n  File \"/home/runner/work/Selenium-Python-Example/Selenium-Python-Example/tests/workspaces_test.py\", line 15, in login\n    about_page.click_login_link()\n    ~~~~~~~~~~~~~~~~~~~~~~~~~~~^^\n  File \"/home/runner/work/Selenium-Python-Example/Selenium-Python-Example/.venv/lib/python3.13/site-packages/allure_commons/_allure.py\", line 202, in impl\n    return func(*a, **kw)\n  File \"/home/runner/work/Selenium-Python-Example/Selenium-Python-Example/src/pages/about_page.py\", line 18, in click_login_link\n    self.click(self.LOGIN_LINK)\n    ~~~~~~~~~~^^^^^^^^^^^^^^^^^\n  File \"/home/runner/work/Selenium-Python-Example/Selenium-Python-Example/src/pages/base_page.py\", line 59, in click\n    el: WebElement = self.wait.until(expected_conditions.element_to_be_clickable(locator))\n                     ~~~~~~~~~~~~~~~^^^^^^^^^^^^^^^^^^^^^^^^^^^^^^^^^^^^^^^^^^^^^^^^^^^^^^\n  File \"/home/runner/work/Selenium-Python-Example/Selenium-Python-Example/.venv/lib/python3.13/site-packages/selenium/webdriver/support/wait.py\", line 138, in until\n    raise TimeoutException(message, screen, stacktrace)\n","steps":[{"name":"Click Login link","time":{"start":1761962028170,"stop":1761962038279,"duration":10109},"status":"broken","statusMessage":"selenium.common.exceptions.TimeoutException: Message: \nStacktrace:\n#0 0x55ee1027853a <unknown>\n#1 0x55ee0fd73f00 <unknown>\n#2 0x55ee0fdc3c0c <unknown>\n#3 0x55ee0fdc3e31 <unknown>\n#4 0x55ee0fe09bd4 <unknown>\n#5 0x55ee0fde85cd <unknown>\n#6 0x55ee0fe06f84 <unknown>\n#7 0x55ee0fde8343 <unknown>\n#8 0x55ee0fdb578a <unknown>\n#9 0x55ee0fdb69de <unknown>\n#10 0x55ee102422cb <unknown>\n#11 0x55ee10246242 <unknown>\n#12 0x55ee1022f7ac <unknown>\n#13 0x55ee10246df7 <unknown>\n#14 0x55ee10213b2f <unknown>\n#15 0x55ee102671a8 <unknown>\n#16 0x55ee10267370 <unknown>\n#17 0x55ee102773b6 <unknown>\n#18 0x7fe72369caa4 <unknown>\n#19 0x7fe723729c6c <unknown>\n\n","statusTrace":"  File \"/home/runner/work/Selenium-Python-Example/Selenium-Python-Example/.venv/lib/python3.13/site-packages/allure_commons/_allure.py\", line 202, in impl\n    return func(*a, **kw)\n  File \"/home/runner/work/Selenium-Python-Example/Selenium-Python-Example/src/pages/about_page.py\", line 18, in click_login_link\n    self.click(self.LOGIN_LINK)\n    ~~~~~~~~~~^^^^^^^^^^^^^^^^^\n  File \"/home/runner/work/Selenium-Python-Example/Selenium-Python-Example/src/pages/base_page.py\", line 59, in click\n    el: WebElement = self.wait.until(expected_conditions.element_to_be_clickable(locator))\n                     ~~~~~~~~~~~~~~~^^^^^^^^^^^^^^^^^^^^^^^^^^^^^^^^^^^^^^^^^^^^^^^^^^^^^^\n  File \"/home/runner/work/Selenium-Python-Example/Selenium-Python-Example/.venv/lib/python3.13/site-packages/selenium/webdriver/support/wait.py\", line 138, in until\n    raise TimeoutException(message, screen, stacktrace)\n","steps":[],"attachments":[],"parameters":[],"shouldDisplayMessage":true,"stepsCount":0,"attachmentsCount":0,"hasContent":true,"attachmentStep":false}],"attachments":[],"parameters":[],"shouldDisplayMessage":false,"stepsCount":1,"attachmentsCount":0,"hasContent":true,"attachmentStep":false}],"testStage":{"description":"Create new Workspace","status":"broken","statusMessage":"FileNotFoundError: [Errno 2] No such file or directory: '/home/runner/work/Selenium-Python-Example/Selenium-Python-Example/src/resources/tests_data.json'","statusTrace":"@fixture(scope=\"session\")\n    def data() -> Data:\n        json_path = Constants.DATA_PATH / \"tests_data.json\"\n>       with open(json_path, encoding=\"utf-8\") as json_file:\n             ^^^^^^^^^^^^^^^^^^^^^^^^^^^^^^^^^\nE       FileNotFoundError: [Errno 2] No such file or directory: '/home/runner/work/Selenium-Python-Example/Selenium-Python-Example/src/resources/tests_data.json'\n\ntests/conftest.py:60: FileNotFoundError","steps":[{"name":"public ip address","time":{"start":1761962006904,"stop":1761962006981,"duration":77},"status":"passed","steps":[],"attachments":[{"uid":"d1135791b8e0c279","name":"HTTP logs of http://checkip.amazonaws.com/","source":"d1135791b8e0c279.txt","type":"text/plain","size":357}],"parameters":[],"shouldDisplayMessage":false,"stepsCount":0,"attachmentsCount":1,"hasContent":true,"attachmentStep":false}],"attachments":[{"uid":"c9f28977f0301192","name":"Cookies","source":"c9f28977f0301192.json","type":"application/json","size":4644},{"uid":"3ea474b8ff564d9e","name":"Session Storage","source":"3ea474b8ff564d9e.json","type":"application/json","size":383},{"uid":"ee12e9282790a670","name":"Local Storage","source":"ee12e9282790a670.json","type":"application/json","size":563},{"uid":"62fb0666b60c4f8a","name":"Full Page Screenshot","source":"62fb0666b60c4f8a.png","type":"image/png","size":2111103},{"uid":"50f0cffe7b3760cb","name":"URL","source":"50f0cffe7b3760cb.uri","type":"text/uri-list","size":23},{"uid":"a6ae4277c0f99ed","name":"Network Logs","source":"a6ae4277c0f99ed.json","type":"application/json","size":8900723}],"parameters":[],"shouldDisplayMessage":true,"stepsCount":1,"attachmentsCount":7,"hasContent":true,"attachmentStep":false},"afterStages":[{"name":"session_request::0","time":{"start":1761962081225,"stop":1761962081225,"duration":0},"status":"passed","steps":[],"attachments":[],"parameters":[],"shouldDisplayMessage":false,"stepsCount":0,"attachmentsCount":0,"hasContent":false,"attachmentStep":false}],"labels":[{"name":"severity","value":"normal"},{"name":"story","value":"WorkSpaces Creation and Editing Functionality"},{"name":"epic","value":"Workspaces"},{"name":"parentSuite","value":"tests"},{"name":"suite","value":"workspaces_test"},{"name":"subSuite","value":"TestWorkspaces"},{"name":"host","value":"runnervmf2e7y"},{"name":"thread","value":"2180-MainThread"},{"name":"framework","value":"pytest"},{"name":"language","value":"cpython3"},{"name":"package","value":"tests.workspaces_test"},{"name":"resultFormat","value":"allure2"}],"parameters":[],"links":[],"hidden":false,"retry":false,"extra":{"severity":"normal","retries":[],"categories":[{"name":"Test defects","matchedStatuses":[],"flaky":false}],"history":{"statistic":{"failed":0,"broken":31,"skipped":0,"passed":0,"unknown":0,"total":31},"items":[{"uid":"57851494f4aa6c01","reportUrl":"https://nirtal85.github.io/Selenium-Python-Example/823//#testresult/57851494f4aa6c01","status":"broken","statusDetails":"FileNotFoundError: [Errno 2] No such file or directory: '/home/runner/work/Selenium-Python-Example/Selenium-Python-Example/src/resources/tests_data.json'","time":{"start":1761875374555,"stop":1761875374555,"duration":0}},{"uid":"24ae16df83aa2615","reportUrl":"https://nirtal85.github.io/Selenium-Python-Example/822//#testresult/24ae16df83aa2615","status":"broken","statusDetails":"FileNotFoundError: [Errno 2] No such file or directory: '/home/runner/work/Selenium-Python-Example/Selenium-Python-Example/src/resources/tests_data.json'","time":{"start":1761789194561,"stop":1761789194561,"duration":0}},{"uid":"3b008d179f5a7389","reportUrl":"https://nirtal85.github.io/Selenium-Python-Example/821//#testresult/3b008d179f5a7389","status":"broken","statusDetails":"FileNotFoundError: [Errno 2] No such file or directory: '/home/runner/work/Selenium-Python-Example/Selenium-Python-Example/src/resources/tests_data.json'","time":{"start":1761702831212,"stop":1761702831212,"duration":0}},{"uid":"38e792f8e2159d3b","reportUrl":"https://nirtal85.github.io/Selenium-Python-Example/820//#testresult/38e792f8e2159d3b","status":"broken","statusDetails":"FileNotFoundError: [Errno 2] No such file or directory: '/home/runner/work/Selenium-Python-Example/Selenium-Python-Example/src/resources/tests_data.json'","time":{"start":1761615997375,"stop":1761615997375,"duration":0}},{"uid":"c1ea1b360401df15","reportUrl":"https://nirtal85.github.io/Selenium-Python-Example/819//#testresult/c1ea1b360401df15","status":"broken","statusDetails":"FileNotFoundError: [Errno 2] No such file or directory: '/home/runner/work/Selenium-Python-Example/Selenium-Python-Example/src/resources/tests_data.json'","time":{"start":1761530221948,"stop":1761530221948,"duration":0}},{"uid":"824ef547d5716071","reportUrl":"https://nirtal85.github.io/Selenium-Python-Example/818//#testresult/824ef547d5716071","status":"broken","statusDetails":"FileNotFoundError: [Errno 2] No such file or directory: '/home/runner/work/Selenium-Python-Example/Selenium-Python-Example/src/resources/tests_data.json'","time":{"start":1761443583160,"stop":1761443583160,"duration":0}},{"uid":"3a65e92f2d26662f","reportUrl":"https://nirtal85.github.io/Selenium-Python-Example/817//#testresult/3a65e92f2d26662f","status":"broken","statusDetails":"FileNotFoundError: [Errno 2] No such file or directory: '/home/runner/work/Selenium-Python-Example/Selenium-Python-Example/src/resources/tests_data.json'","time":{"start":1761356655307,"stop":1761356655307,"duration":0}},{"uid":"dd326b67238362e8","reportUrl":"https://nirtal85.github.io/Selenium-Python-Example/816//#testresult/dd326b67238362e8","status":"broken","statusDetails":"FileNotFoundError: [Errno 2] No such file or directory: '/home/runner/work/Selenium-Python-Example/Selenium-Python-Example/src/resources/tests_data.json'","time":{"start":1761270159249,"stop":1761270159249,"duration":0}},{"uid":"8b768498c254afe7","reportUrl":"https://nirtal85.github.io/Selenium-Python-Example/815//#testresult/8b768498c254afe7","status":"broken","statusDetails":"FileNotFoundError: [Errno 2] No such file or directory: '/home/runner/work/Selenium-Python-Example/Selenium-Python-Example/src/resources/tests_data.json'","time":{"start":1761183997986,"stop":1761183997986,"duration":0}},{"uid":"ad265c4a07893b9","reportUrl":"https://nirtal85.github.io/Selenium-Python-Example/814//#testresult/ad265c4a07893b9","status":"broken","statusDetails":"FileNotFoundError: [Errno 2] No such file or directory: '/home/runner/work/Selenium-Python-Example/Selenium-Python-Example/src/resources/tests_data.json'","time":{"start":1761097870418,"stop":1761097870418,"duration":0}},{"uid":"4975ba48cb510f04","reportUrl":"https://nirtal85.github.io/Selenium-Python-Example/813//#testresult/4975ba48cb510f04","status":"broken","statusDetails":"FileNotFoundError: [Errno 2] No such file or directory: '/home/runner/work/Selenium-Python-Example/Selenium-Python-Example/src/resources/tests_data.json'","time":{"start":1761011268639,"stop":1761011268639,"duration":0}},{"uid":"6788f918e7d44399","reportUrl":"https://nirtal85.github.io/Selenium-Python-Example/812//#testresult/6788f918e7d44399","status":"broken","statusDetails":"FileNotFoundError: [Errno 2] No such file or directory: '/home/runner/work/Selenium-Python-Example/Selenium-Python-Example/src/resources/tests_data.json'","time":{"start":1760925230690,"stop":1760925230690,"duration":0}},{"uid":"1f968cd6a545bca2","reportUrl":"https://nirtal85.github.io/Selenium-Python-Example/811//#testresult/1f968cd6a545bca2","status":"broken","statusDetails":"FileNotFoundError: [Errno 2] No such file or directory: '/home/runner/work/Selenium-Python-Example/Selenium-Python-Example/src/resources/tests_data.json'","time":{"start":1760838983594,"stop":1760838983594,"duration":0}},{"uid":"b2e67d285fc7e36a","reportUrl":"https://nirtal85.github.io/Selenium-Python-Example/810//#testresult/b2e67d285fc7e36a","status":"broken","statusDetails":"FileNotFoundError: [Errno 2] No such file or directory: '/home/runner/work/Selenium-Python-Example/Selenium-Python-Example/src/resources/tests_data.json'","time":{"start":1760751585342,"stop":1760751585342,"duration":0}},{"uid":"786958df0755884c","reportUrl":"https://nirtal85.github.io/Selenium-Python-Example/809//#testresult/786958df0755884c","status":"broken","statusDetails":"FileNotFoundError: [Errno 2] No such file or directory: '/home/runner/work/Selenium-Python-Example/Selenium-Python-Example/src/resources/tests_data.json'","time":{"start":1760665481246,"stop":1760665481246,"duration":0}},{"uid":"95bb353d74b71ad9","reportUrl":"https://nirtal85.github.io/Selenium-Python-Example/808//#testresult/95bb353d74b71ad9","status":"broken","statusDetails":"FileNotFoundError: [Errno 2] No such file or directory: '/home/runner/work/Selenium-Python-Example/Selenium-Python-Example/src/resources/tests_data.json'","time":{"start":1760579147578,"stop":1760579147578,"duration":0}},{"uid":"d795bed9a63c612d","reportUrl":"https://nirtal85.github.io/Selenium-Python-Example/807//#testresult/d795bed9a63c612d","status":"broken","statusDetails":"FileNotFoundError: [Errno 2] No such file or directory: '/home/runner/work/Selenium-Python-Example/Selenium-Python-Example/src/resources/tests_data.json'","time":{"start":1760492811262,"stop":1760492811262,"duration":0}},{"uid":"be7ed194c05d225d","reportUrl":"https://nirtal85.github.io/Selenium-Python-Example/806//#testresult/be7ed194c05d225d","status":"broken","statusDetails":"FileNotFoundError: [Errno 2] No such file or directory: '/home/runner/work/Selenium-Python-Example/Selenium-Python-Example/src/resources/tests_data.json'","time":{"start":1760406233144,"stop":1760406233144,"duration":0}},{"uid":"17dd872a12878854","reportUrl":"https://nirtal85.github.io/Selenium-Python-Example/805//#testresult/17dd872a12878854","status":"broken","statusDetails":"FileNotFoundError: [Errno 2] No such file or directory: '/home/runner/work/Selenium-Python-Example/Selenium-Python-Example/src/resources/tests_data.json'","time":{"start":1760320228572,"stop":1760320228572,"duration":0}},{"uid":"d253e7f2d761a455","reportUrl":"https://nirtal85.github.io/Selenium-Python-Example/804//#testresult/d253e7f2d761a455","status":"broken","statusDetails":"FileNotFoundError: [Errno 2] No such file or directory: '/home/runner/work/Selenium-Python-Example/Selenium-Python-Example/src/resources/tests_data.json'","time":{"start":1760233642153,"stop":1760233642153,"duration":0}}]},"tags":[]},"source":"7eaa096ff8f3a4f7.json","parameterValues":[]}