{"uid":"a59fe1c5cbfbf429","name":"Delete existing workspace","fullName":"tests.workspaces_test.TestWorkspaces#test_delete_workspace","historyId":"085ae9bea926da8512f07258dfb5df8c","time":{"start":1761962026589,"stop":1761962026589,"duration":0},"description":"Delete an existing workspace","descriptionHtml":"<p>Delete an existing workspace</p>\n","status":"broken","statusMessage":"selenium.common.exceptions.TimeoutException: Message: \nStacktrace:\n#0 0x55ee1027853a <unknown>\n#1 0x55ee0fd73f00 <unknown>\n#2 0x55ee0fdc3c0c <unknown>\n#3 0x55ee0fdc3e31 <unknown>\n#4 0x55ee0fe09bd4 <unknown>\n#5 0x55ee0fde85cd <unknown>\n#6 0x55ee0fe06f84 <unknown>\n#7 0x55ee0fde8343 <unknown>\n#8 0x55ee0fdb578a <unknown>\n#9 0x55ee0fdb69de <unknown>\n#10 0x55ee102422cb <unknown>\n#11 0x55ee10246242 <unknown>\n#12 0x55ee1022f7ac <unknown>\n#13 0x55ee10246df7 <unknown>\n#14 0x55ee10213b2f <unknown>\n#15 0x55ee102671a8 <unknown>\n#16 0x55ee10267370 <unknown>\n#17 0x55ee102773b6 <unknown>\n#18 0x7fe72369caa4 <unknown>\n#19 0x7fe723729c6c <unknown>","statusTrace":"self = <tests.workspaces_test.TestWorkspaces object at 0x7f30ff977230>\n\n    @pytest.fixture(autouse=True)\n    def setup_method_fixture(self):\n>       login(self.about_page, self.login_page)\n\ntests/workspaces_test.py:25: \n_ _ _ _ _ _ _ _ _ _ _ _ _ _ _ _ _ _ _ _ _ _ _ _ _ _ _ _ _ _ _ _ _ _ _ _ _ _ _ _ \ntests/workspaces_test.py:15: in login\n    about_page.click_login_link()\nsrc/pages/about_page.py:18: in click_login_link\n    self.click(self.LOGIN_LINK)\nsrc/pages/base_page.py:59: in click\n    el: WebElement = self.wait.until(expected_conditions.element_to_be_clickable(locator))\n                     ^^^^^^^^^^^^^^^^^^^^^^^^^^^^^^^^^^^^^^^^^^^^^^^^^^^^^^^^^^^^^^^^^^^^^\n_ _ _ _ _ _ _ _ _ _ _ _ _ _ _ _ _ _ _ _ _ _ _ _ _ _ _ _ _ _ _ _ _ _ _ _ _ _ _ _ \n\nself = <selenium.webdriver.support.wait.WebDriverWait (session=\"17263b261fd9734fb41e0e49268fb24c\")>\nmethod = <function element_to_be_clickable.<locals>._predicate at 0x7f30ffa55300>\nmessage = ''\n\n    def until(self, method: Callable[[D], Union[Literal[False], T]], message: str = \"\") -> T:\n        \"\"\"Wait until the method returns a value that is not False.\n    \n        Calls the method provided with the driver as an argument until the\n        return value does not evaluate to ``False``.\n    \n        Parameters:\n        -----------\n        method: callable(WebDriver)\n            - A callable object that takes a WebDriver instance as an argument.\n    \n        message: str\n            - Optional message for :exc:`TimeoutException`\n    \n        Return:\n        -------\n        object: T\n            - The result of the last call to `method`\n    \n        Raises:\n        -------\n        TimeoutException\n            - If 'method' does not return a truthy value within the WebDriverWait\n            object's timeout\n    \n        Example:\n        --------\n        >>> from selenium.webdriver.common.by import By\n        >>> from selenium.webdriver.support.ui import WebDriverWait\n        >>> from selenium.webdriver.support import expected_conditions as EC\n    \n        # Wait until an element is visible on the page\n        >>> wait = WebDriverWait(driver, 10)\n        >>> element = wait.until(EC.visibility_of_element_located((By.ID, \"exampleId\")))\n        >>> print(element.text)\n        \"\"\"\n        screen = None\n        stacktrace = None\n    \n        end_time = time.monotonic() + self._timeout\n        while True:\n            try:\n                value = method(self._driver)\n                if value:\n                    return value\n            except self._ignored_exceptions as exc:\n                screen = getattr(exc, \"screen\", None)\n                stacktrace = getattr(exc, \"stacktrace\", None)\n            if time.monotonic() > end_time:\n                break\n            time.sleep(self._poll)\n>       raise TimeoutException(message, screen, stacktrace)\nE       selenium.common.exceptions.TimeoutException: Message: \nE       Stacktrace:\nE       #0 0x55ee1027853a <unknown>\nE       #1 0x55ee0fd73f00 <unknown>\nE       #2 0x55ee0fdc3c0c <unknown>\nE       #3 0x55ee0fdc3e31 <unknown>\nE       #4 0x55ee0fe09bd4 <unknown>\nE       #5 0x55ee0fde85cd <unknown>\nE       #6 0x55ee0fe06f84 <unknown>\nE       #7 0x55ee0fde8343 <unknown>\nE       #8 0x55ee0fdb578a <unknown>\nE       #9 0x55ee0fdb69de <unknown>\nE       #10 0x55ee102422cb <unknown>\nE       #11 0x55ee10246242 <unknown>\nE       #12 0x55ee1022f7ac <unknown>\nE       #13 0x55ee10246df7 <unknown>\nE       #14 0x55ee10213b2f <unknown>\nE       #15 0x55ee102671a8 <unknown>\nE       #16 0x55ee10267370 <unknown>\nE       #17 0x55ee102773b6 <unknown>\nE       #18 0x7fe72369caa4 <unknown>\nE       #19 0x7fe723729c6c <unknown>\n\n.venv/lib/python3.13/site-packages/selenium/webdriver/support/wait.py:138: TimeoutException","flaky":false,"newFailed":false,"newBroken":false,"newPassed":false,"retriesCount":0,"retriesStatusChange":false,"beforeStages":[{"name":"base_url","time":{"start":1761962006844,"stop":1761962006844,"duration":0},"status":"passed","steps":[],"attachments":[],"parameters":[],"shouldDisplayMessage":false,"stepsCount":0,"attachmentsCount":0,"hasContent":false,"attachmentStep":false},{"name":"_verify_url","time":{"start":1761962006844,"stop":1761962006844,"duration":0},"status":"passed","steps":[],"attachments":[],"parameters":[],"shouldDisplayMessage":false,"stepsCount":0,"attachmentsCount":0,"hasContent":false,"attachmentStep":false},{"name":"session_request","time":{"start":1761962006844,"stop":1761962006845,"duration":1},"status":"passed","steps":[],"attachments":[],"parameters":[],"shouldDisplayMessage":false,"stepsCount":0,"attachmentsCount":0,"hasContent":false,"attachmentStep":false},{"name":"setup_method_fixture","time":{"start":1761962028170,"stop":1761962038281,"duration":10111},"status":"broken","statusMessage":"selenium.common.exceptions.TimeoutException: Message: \nStacktrace:\n#0 0x55ee1027853a <unknown>\n#1 0x55ee0fd73f00 <unknown>\n#2 0x55ee0fdc3c0c <unknown>\n#3 0x55ee0fdc3e31 <unknown>\n#4 0x55ee0fe09bd4 <unknown>\n#5 0x55ee0fde85cd <unknown>\n#6 0x55ee0fe06f84 <unknown>\n#7 0x55ee0fde8343 <unknown>\n#8 0x55ee0fdb578a <unknown>\n#9 0x55ee0fdb69de <unknown>\n#10 0x55ee102422cb <unknown>\n#11 0x55ee10246242 <unknown>\n#12 0x55ee1022f7ac <unknown>\n#13 0x55ee10246df7 <unknown>\n#14 0x55ee10213b2f <unknown>\n#15 0x55ee102671a8 <unknown>\n#16 0x55ee10267370 <unknown>\n#17 0x55ee102773b6 <unknown>\n#18 0x7fe72369caa4 <unknown>\n#19 0x7fe723729c6c <unknown>\n\n","statusTrace":"  File \"/home/runner/work/Selenium-Python-Example/Selenium-Python-Example/.venv/lib/python3.13/site-packages/pluggy/_callers.py\", line 167, in _multicall\n    teardown.throw(outcome._exception)\n    ~~~~~~~~~~~~~~^^^^^^^^^^^^^^^^^^^^\n  File \"/home/runner/work/Selenium-Python-Example/Selenium-Python-Example/.venv/lib/python3.13/site-packages/_pytest/setuponly.py\", line 36, in pytest_fixture_setup\n    return (yield)\n            ^^^^^\n  File \"/home/runner/work/Selenium-Python-Example/Selenium-Python-Example/.venv/lib/python3.13/site-packages/pluggy/_callers.py\", line 103, in _multicall\n    res = hook_impl.function(*args)\n  File \"/home/runner/work/Selenium-Python-Example/Selenium-Python-Example/.venv/lib/python3.13/site-packages/_pytest/fixtures.py\", line 1196, in pytest_fixture_setup\n    result = call_fixture_func(fixturefunc, request, kwargs)\n  File \"/home/runner/work/Selenium-Python-Example/Selenium-Python-Example/.venv/lib/python3.13/site-packages/_pytest/fixtures.py\", line 930, in call_fixture_func\n    fixture_result = fixturefunc(**kwargs)\n  File \"/home/runner/work/Selenium-Python-Example/Selenium-Python-Example/tests/workspaces_test.py\", line 25, in setup_method_fixture\n    login(self.about_page, self.login_page)\n    ~~~~~^^^^^^^^^^^^^^^^^^^^^^^^^^^^^^^^^^\n  File \"/home/runner/work/Selenium-Python-Example/Selenium-Python-Example/tests/workspaces_test.py\", line 15, in login\n    about_page.click_login_link()\n    ~~~~~~~~~~~~~~~~~~~~~~~~~~~^^\n  File \"/home/runner/work/Selenium-Python-Example/Selenium-Python-Example/.venv/lib/python3.13/site-packages/allure_commons/_allure.py\", line 202, in impl\n    return func(*a, **kw)\n  File \"/home/runner/work/Selenium-Python-Example/Selenium-Python-Example/src/pages/about_page.py\", line 18, in click_login_link\n    self.click(self.LOGIN_LINK)\n    ~~~~~~~~~~^^^^^^^^^^^^^^^^^\n  File \"/home/runner/work/Selenium-Python-Example/Selenium-Python-Example/src/pages/base_page.py\", line 59, in click\n    el: WebElement = self.wait.until(expected_conditions.element_to_be_clickable(locator))\n                     ~~~~~~~~~~~~~~~^^^^^^^^^^^^^^^^^^^^^^^^^^^^^^^^^^^^^^^^^^^^^^^^^^^^^^\n  File \"/home/runner/work/Selenium-Python-Example/Selenium-Python-Example/.venv/lib/python3.13/site-packages/selenium/webdriver/support/wait.py\", line 138, in until\n    raise TimeoutException(message, screen, stacktrace)\n","steps":[{"name":"Click Login link","time":{"start":1761962028170,"stop":1761962038279,"duration":10109},"status":"broken","statusMessage":"selenium.common.exceptions.TimeoutException: Message: \nStacktrace:\n#0 0x55ee1027853a <unknown>\n#1 0x55ee0fd73f00 <unknown>\n#2 0x55ee0fdc3c0c <unknown>\n#3 0x55ee0fdc3e31 <unknown>\n#4 0x55ee0fe09bd4 <unknown>\n#5 0x55ee0fde85cd <unknown>\n#6 0x55ee0fe06f84 <unknown>\n#7 0x55ee0fde8343 <unknown>\n#8 0x55ee0fdb578a <unknown>\n#9 0x55ee0fdb69de <unknown>\n#10 0x55ee102422cb <unknown>\n#11 0x55ee10246242 <unknown>\n#12 0x55ee1022f7ac <unknown>\n#13 0x55ee10246df7 <unknown>\n#14 0x55ee10213b2f <unknown>\n#15 0x55ee102671a8 <unknown>\n#16 0x55ee10267370 <unknown>\n#17 0x55ee102773b6 <unknown>\n#18 0x7fe72369caa4 <unknown>\n#19 0x7fe723729c6c <unknown>\n\n","statusTrace":"  File \"/home/runner/work/Selenium-Python-Example/Selenium-Python-Example/.venv/lib/python3.13/site-packages/allure_commons/_allure.py\", line 202, in impl\n    return func(*a, **kw)\n  File \"/home/runner/work/Selenium-Python-Example/Selenium-Python-Example/src/pages/about_page.py\", line 18, in click_login_link\n    self.click(self.LOGIN_LINK)\n    ~~~~~~~~~~^^^^^^^^^^^^^^^^^\n  File \"/home/runner/work/Selenium-Python-Example/Selenium-Python-Example/src/pages/base_page.py\", line 59, in click\n    el: WebElement = self.wait.until(expected_conditions.element_to_be_clickable(locator))\n                     ~~~~~~~~~~~~~~~^^^^^^^^^^^^^^^^^^^^^^^^^^^^^^^^^^^^^^^^^^^^^^^^^^^^^^\n  File \"/home/runner/work/Selenium-Python-Example/Selenium-Python-Example/.venv/lib/python3.13/site-packages/selenium/webdriver/support/wait.py\", line 138, in until\n    raise TimeoutException(message, screen, stacktrace)\n","steps":[],"attachments":[],"parameters":[],"shouldDisplayMessage":true,"stepsCount":0,"attachmentsCount":0,"hasContent":true,"attachmentStep":false}],"attachments":[],"parameters":[],"shouldDisplayMessage":false,"stepsCount":1,"attachmentsCount":0,"hasContent":true,"attachmentStep":false}],"testStage":{"description":"Delete an existing workspace","status":"broken","statusMessage":"selenium.common.exceptions.TimeoutException: Message: \nStacktrace:\n#0 0x55ee1027853a <unknown>\n#1 0x55ee0fd73f00 <unknown>\n#2 0x55ee0fdc3c0c <unknown>\n#3 0x55ee0fdc3e31 <unknown>\n#4 0x55ee0fe09bd4 <unknown>\n#5 0x55ee0fde85cd <unknown>\n#6 0x55ee0fe06f84 <unknown>\n#7 0x55ee0fde8343 <unknown>\n#8 0x55ee0fdb578a <unknown>\n#9 0x55ee0fdb69de <unknown>\n#10 0x55ee102422cb <unknown>\n#11 0x55ee10246242 <unknown>\n#12 0x55ee1022f7ac <unknown>\n#13 0x55ee10246df7 <unknown>\n#14 0x55ee10213b2f <unknown>\n#15 0x55ee102671a8 <unknown>\n#16 0x55ee10267370 <unknown>\n#17 0x55ee102773b6 <unknown>\n#18 0x7fe72369caa4 <unknown>\n#19 0x7fe723729c6c <unknown>","statusTrace":"self = <tests.workspaces_test.TestWorkspaces object at 0x7f30ff977230>\n\n    @pytest.fixture(autouse=True)\n    def setup_method_fixture(self):\n>       login(self.about_page, self.login_page)\n\ntests/workspaces_test.py:25: \n_ _ _ _ _ _ _ _ _ _ _ _ _ _ _ _ _ _ _ _ _ _ _ _ _ _ _ _ _ _ _ _ _ _ _ _ _ _ _ _ \ntests/workspaces_test.py:15: in login\n    about_page.click_login_link()\nsrc/pages/about_page.py:18: in click_login_link\n    self.click(self.LOGIN_LINK)\nsrc/pages/base_page.py:59: in click\n    el: WebElement = self.wait.until(expected_conditions.element_to_be_clickable(locator))\n                     ^^^^^^^^^^^^^^^^^^^^^^^^^^^^^^^^^^^^^^^^^^^^^^^^^^^^^^^^^^^^^^^^^^^^^\n_ _ _ _ _ _ _ _ _ _ _ _ _ _ _ _ _ _ _ _ _ _ _ _ _ _ _ _ _ _ _ _ _ _ _ _ _ _ _ _ \n\nself = <selenium.webdriver.support.wait.WebDriverWait (session=\"17263b261fd9734fb41e0e49268fb24c\")>\nmethod = <function element_to_be_clickable.<locals>._predicate at 0x7f30ffa55300>\nmessage = ''\n\n    def until(self, method: Callable[[D], Union[Literal[False], T]], message: str = \"\") -> T:\n        \"\"\"Wait until the method returns a value that is not False.\n    \n        Calls the method provided with the driver as an argument until the\n        return value does not evaluate to ``False``.\n    \n        Parameters:\n        -----------\n        method: callable(WebDriver)\n            - A callable object that takes a WebDriver instance as an argument.\n    \n        message: str\n            - Optional message for :exc:`TimeoutException`\n    \n        Return:\n        -------\n        object: T\n            - The result of the last call to `method`\n    \n        Raises:\n        -------\n        TimeoutException\n            - If 'method' does not return a truthy value within the WebDriverWait\n            object's timeout\n    \n        Example:\n        --------\n        >>> from selenium.webdriver.common.by import By\n        >>> from selenium.webdriver.support.ui import WebDriverWait\n        >>> from selenium.webdriver.support import expected_conditions as EC\n    \n        # Wait until an element is visible on the page\n        >>> wait = WebDriverWait(driver, 10)\n        >>> element = wait.until(EC.visibility_of_element_located((By.ID, \"exampleId\")))\n        >>> print(element.text)\n        \"\"\"\n        screen = None\n        stacktrace = None\n    \n        end_time = time.monotonic() + self._timeout\n        while True:\n            try:\n                value = method(self._driver)\n                if value:\n                    return value\n            except self._ignored_exceptions as exc:\n                screen = getattr(exc, \"screen\", None)\n                stacktrace = getattr(exc, \"stacktrace\", None)\n            if time.monotonic() > end_time:\n                break\n            time.sleep(self._poll)\n>       raise TimeoutException(message, screen, stacktrace)\nE       selenium.common.exceptions.TimeoutException: Message: \nE       Stacktrace:\nE       #0 0x55ee1027853a <unknown>\nE       #1 0x55ee0fd73f00 <unknown>\nE       #2 0x55ee0fdc3c0c <unknown>\nE       #3 0x55ee0fdc3e31 <unknown>\nE       #4 0x55ee0fe09bd4 <unknown>\nE       #5 0x55ee0fde85cd <unknown>\nE       #6 0x55ee0fe06f84 <unknown>\nE       #7 0x55ee0fde8343 <unknown>\nE       #8 0x55ee0fdb578a <unknown>\nE       #9 0x55ee0fdb69de <unknown>\nE       #10 0x55ee102422cb <unknown>\nE       #11 0x55ee10246242 <unknown>\nE       #12 0x55ee1022f7ac <unknown>\nE       #13 0x55ee10246df7 <unknown>\nE       #14 0x55ee10213b2f <unknown>\nE       #15 0x55ee102671a8 <unknown>\nE       #16 0x55ee10267370 <unknown>\nE       #17 0x55ee102773b6 <unknown>\nE       #18 0x7fe72369caa4 <unknown>\nE       #19 0x7fe723729c6c <unknown>\n\n.venv/lib/python3.13/site-packages/selenium/webdriver/support/wait.py:138: TimeoutException","steps":[{"name":"public ip address","time":{"start":1761962038295,"stop":1761962038305,"duration":10},"status":"passed","steps":[],"attachments":[{"uid":"f12106f7bac80972","name":"HTTP logs of http://checkip.amazonaws.com/","source":"f12106f7bac80972.txt","type":"text/plain","size":357}],"parameters":[],"shouldDisplayMessage":false,"stepsCount":0,"attachmentsCount":1,"hasContent":true,"attachmentStep":false}],"attachments":[{"uid":"bef3eb8afb829790","name":"Cookies","source":"bef3eb8afb829790.json","type":"application/json","size":4642},{"uid":"9e64cbaef9769462","name":"Session Storage","source":"9e64cbaef9769462.json","type":"application/json","size":382},{"uid":"bf46ed9aeecc97c0","name":"Local Storage","source":"bf46ed9aeecc97c0.json","type":"application/json","size":563},{"uid":"f83b5cc9be6e8cfe","name":"Full Page Screenshot","source":"f83b5cc9be6e8cfe.png","type":"image/png","size":2123469},{"uid":"535f984ad6b4317d","name":"URL","source":"535f984ad6b4317d.uri","type":"text/uri-list","size":23},{"uid":"bceb6bc3b855b855","name":"Network Logs","source":"bceb6bc3b855b855.json","type":"application/json","size":8897240}],"parameters":[],"shouldDisplayMessage":true,"stepsCount":1,"attachmentsCount":7,"hasContent":true,"attachmentStep":false},"afterStages":[{"name":"session_request::0","time":{"start":1761962081225,"stop":1761962081225,"duration":0},"status":"passed","steps":[],"attachments":[],"parameters":[],"shouldDisplayMessage":false,"stepsCount":0,"attachmentsCount":0,"hasContent":false,"attachmentStep":false}],"labels":[{"name":"severity","value":"normal"},{"name":"story","value":"WorkSpaces Creation and Editing Functionality"},{"name":"epic","value":"Workspaces"},{"name":"parentSuite","value":"tests"},{"name":"suite","value":"workspaces_test"},{"name":"subSuite","value":"TestWorkspaces"},{"name":"host","value":"runnervmf2e7y"},{"name":"thread","value":"2180-MainThread"},{"name":"framework","value":"pytest"},{"name":"language","value":"cpython3"},{"name":"package","value":"tests.workspaces_test"},{"name":"resultFormat","value":"allure2"}],"parameters":[],"links":[],"hidden":false,"retry":false,"extra":{"severity":"normal","retries":[],"categories":[{"name":"Test defects","matchedStatuses":[],"flaky":false}],"history":{"statistic":{"failed":0,"broken":31,"skipped":0,"passed":0,"unknown":0,"total":31},"items":[{"uid":"4a88c17b20db5941","reportUrl":"https://nirtal85.github.io/Selenium-Python-Example/823//#testresult/4a88c17b20db5941","status":"broken","statusDetails":"selenium.common.exceptions.TimeoutException: Message: \nStacktrace:\n#0 0x56218d71953a <unknown>\n#1 0x56218d214f00 <unknown>\n#2 0x56218d264c0c <unknown>\n#3 0x56218d264e31 <unknown>\n#4 0x56218d2aabd4 <unknown>\n#5 0x56218d2895cd <unknown>\n#6 0x56218d2a7f84 <unknown>\n#7 0x56218d289343 <unknown>\n#8 0x56218d25678a <unknown>\n#9 0x56218d2579de <unknown>\n#10 0x56218d6e32cb <unknown>\n#11 0x56218d6e7242 <unknown>\n#12 0x56218d6d07ac <unknown>\n#13 0x56218d6e7df7 <unknown>\n#14 0x56218d6b4b2f <unknown>\n#15 0x56218d7081a8 <unknown>\n#16 0x56218d708370 <unknown>\n#17 0x56218d7183b6 <unknown>\n#18 0x7fb153c9caa4 <unknown>\n#19 0x7fb153d29c6c <unknown>","time":{"start":1761875414737,"stop":1761875414737,"duration":0}},{"uid":"d90d45971d4a6864","reportUrl":"https://nirtal85.github.io/Selenium-Python-Example/822//#testresult/d90d45971d4a6864","status":"broken","statusDetails":"selenium.common.exceptions.TimeoutException: Message: \nStacktrace:\n#0 0x55973381153a <unknown>\n#1 0x55973330cf00 <unknown>\n#2 0x55973335cc0c <unknown>\n#3 0x55973335ce31 <unknown>\n#4 0x5597333a2bd4 <unknown>\n#5 0x5597333815cd <unknown>\n#6 0x55973339ff84 <unknown>\n#7 0x559733381343 <unknown>\n#8 0x55973334e78a <unknown>\n#9 0x55973334f9de <unknown>\n#10 0x5597337db2cb <unknown>\n#11 0x5597337df242 <unknown>\n#12 0x5597337c87ac <unknown>\n#13 0x5597337dfdf7 <unknown>\n#14 0x5597337acb2f <unknown>\n#15 0x5597338001a8 <unknown>\n#16 0x559733800370 <unknown>\n#17 0x5597338103b6 <unknown>\n#18 0x7f782b89caa4 <unknown>\n#19 0x7f782b929c6c <unknown>","time":{"start":1761789225349,"stop":1761789225349,"duration":0}},{"uid":"4cf526516eb074c8","reportUrl":"https://nirtal85.github.io/Selenium-Python-Example/821//#testresult/4cf526516eb074c8","status":"broken","statusDetails":"selenium.common.exceptions.TimeoutException: Message: \nStacktrace:\n#0 0x55f81863953a <unknown>\n#1 0x55f818134f00 <unknown>\n#2 0x55f818184c0c <unknown>\n#3 0x55f818184e31 <unknown>\n#4 0x55f8181cabd4 <unknown>\n#5 0x55f8181a95cd <unknown>\n#6 0x55f8181c7f84 <unknown>\n#7 0x55f8181a9343 <unknown>\n#8 0x55f81817678a <unknown>\n#9 0x55f8181779de <unknown>\n#10 0x55f8186032cb <unknown>\n#11 0x55f818607242 <unknown>\n#12 0x55f8185f07ac <unknown>\n#13 0x55f818607df7 <unknown>\n#14 0x55f8185d4b2f <unknown>\n#15 0x55f8186281a8 <unknown>\n#16 0x55f818628370 <unknown>\n#17 0x55f8186383b6 <unknown>\n#18 0x7f0470a9caa4 <unknown>\n#19 0x7f0470b29c6c <unknown>","time":{"start":1761702873706,"stop":1761702873706,"duration":0}},{"uid":"101dc18a20b7d2b6","reportUrl":"https://nirtal85.github.io/Selenium-Python-Example/820//#testresult/101dc18a20b7d2b6","status":"broken","statusDetails":"selenium.common.exceptions.TimeoutException: Message: \nStacktrace:\n#0 0x55ba3906e53a <unknown>\n#1 0x55ba38b69f00 <unknown>\n#2 0x55ba38bb9c0c <unknown>\n#3 0x55ba38bb9e31 <unknown>\n#4 0x55ba38bffbd4 <unknown>\n#5 0x55ba38bde5cd <unknown>\n#6 0x55ba38bfcf84 <unknown>\n#7 0x55ba38bde343 <unknown>\n#8 0x55ba38bab78a <unknown>\n#9 0x55ba38bac9de <unknown>\n#10 0x55ba390382cb <unknown>\n#11 0x55ba3903c242 <unknown>\n#12 0x55ba390257ac <unknown>\n#13 0x55ba3903cdf7 <unknown>\n#14 0x55ba39009b2f <unknown>\n#15 0x55ba3905d1a8 <unknown>\n#16 0x55ba3905d370 <unknown>\n#17 0x55ba3906d3b6 <unknown>\n#18 0x7f17cb09caa4 <unknown>\n#19 0x7f17cb129c6c <unknown>","time":{"start":1761616030678,"stop":1761616030678,"duration":0}},{"uid":"77fe0caf2bd33849","reportUrl":"https://nirtal85.github.io/Selenium-Python-Example/819//#testresult/77fe0caf2bd33849","status":"broken","statusDetails":"selenium.common.exceptions.TimeoutException: Message: \nStacktrace:\n#0 0x56482fc9353a <unknown>\n#1 0x56482f78ef00 <unknown>\n#2 0x56482f7dec0c <unknown>\n#3 0x56482f7dee31 <unknown>\n#4 0x56482f824bd4 <unknown>\n#5 0x56482f8035cd <unknown>\n#6 0x56482f821f84 <unknown>\n#7 0x56482f803343 <unknown>\n#8 0x56482f7d078a <unknown>\n#9 0x56482f7d19de <unknown>\n#10 0x56482fc5d2cb <unknown>\n#11 0x56482fc61242 <unknown>\n#12 0x56482fc4a7ac <unknown>\n#13 0x56482fc61df7 <unknown>\n#14 0x56482fc2eb2f <unknown>\n#15 0x56482fc821a8 <unknown>\n#16 0x56482fc82370 <unknown>\n#17 0x56482fc923b6 <unknown>\n#18 0x7f43a7c9caa4 <unknown>\n#19 0x7f43a7d29c6c <unknown>","time":{"start":1761530253312,"stop":1761530253312,"duration":0}},{"uid":"454a18561bb311a4","reportUrl":"https://nirtal85.github.io/Selenium-Python-Example/818//#testresult/454a18561bb311a4","status":"broken","statusDetails":"selenium.common.exceptions.TimeoutException: Message: \nStacktrace:\n#0 0x55675351e53a <unknown>\n#1 0x556753019f00 <unknown>\n#2 0x556753069c0c <unknown>\n#3 0x556753069e31 <unknown>\n#4 0x5567530afbd4 <unknown>\n#5 0x55675308e5cd <unknown>\n#6 0x5567530acf84 <unknown>\n#7 0x55675308e343 <unknown>\n#8 0x55675305b78a <unknown>\n#9 0x55675305c9de <unknown>\n#10 0x5567534e82cb <unknown>\n#11 0x5567534ec242 <unknown>\n#12 0x5567534d57ac <unknown>\n#13 0x5567534ecdf7 <unknown>\n#14 0x5567534b9b2f <unknown>\n#15 0x55675350d1a8 <unknown>\n#16 0x55675350d370 <unknown>\n#17 0x55675351d3b6 <unknown>\n#18 0x7f780de9caa4 <unknown>\n#19 0x7f780df29c6c <unknown>","time":{"start":1761443617413,"stop":1761443617413,"duration":0}},{"uid":"46e9baab779250d4","reportUrl":"https://nirtal85.github.io/Selenium-Python-Example/817//#testresult/46e9baab779250d4","status":"broken","statusDetails":"selenium.common.exceptions.TimeoutException: Message: \nStacktrace:\n#0 0x560b7f97753a <unknown>\n#1 0x560b7f472f00 <unknown>\n#2 0x560b7f4c2c0c <unknown>\n#3 0x560b7f4c2e31 <unknown>\n#4 0x560b7f508bd4 <unknown>\n#5 0x560b7f4e75cd <unknown>\n#6 0x560b7f505f84 <unknown>\n#7 0x560b7f4e7343 <unknown>\n#8 0x560b7f4b478a <unknown>\n#9 0x560b7f4b59de <unknown>\n#10 0x560b7f9412cb <unknown>\n#11 0x560b7f945242 <unknown>\n#12 0x560b7f92e7ac <unknown>\n#13 0x560b7f945df7 <unknown>\n#14 0x560b7f912b2f <unknown>\n#15 0x560b7f9661a8 <unknown>\n#16 0x560b7f966370 <unknown>\n#17 0x560b7f9763b6 <unknown>\n#18 0x7f695cc9caa4 <unknown>\n#19 0x7f695cd29c6c <unknown>","time":{"start":1761356686756,"stop":1761356686756,"duration":0}},{"uid":"330881ca56afcf9","reportUrl":"https://nirtal85.github.io/Selenium-Python-Example/816//#testresult/330881ca56afcf9","status":"broken","statusDetails":"selenium.common.exceptions.TimeoutException: Message: \nStacktrace:\n#0 0x558d9318b53a <unknown>\n#1 0x558d92c86f00 <unknown>\n#2 0x558d92cd6c0c <unknown>\n#3 0x558d92cd6e31 <unknown>\n#4 0x558d92d1cbd4 <unknown>\n#5 0x558d92cfb5cd <unknown>\n#6 0x558d92d19f84 <unknown>\n#7 0x558d92cfb343 <unknown>\n#8 0x558d92cc878a <unknown>\n#9 0x558d92cc99de <unknown>\n#10 0x558d931552cb <unknown>\n#11 0x558d93159242 <unknown>\n#12 0x558d931427ac <unknown>\n#13 0x558d93159df7 <unknown>\n#14 0x558d93126b2f <unknown>\n#15 0x558d9317a1a8 <unknown>\n#16 0x558d9317a370 <unknown>\n#17 0x558d9318a3b6 <unknown>\n#18 0x7f2985e9caa4 <unknown>\n#19 0x7f2985f29c6c <unknown>","time":{"start":1761270190972,"stop":1761270190972,"duration":0}},{"uid":"24f9a819eaf182d7","reportUrl":"https://nirtal85.github.io/Selenium-Python-Example/815//#testresult/24f9a819eaf182d7","status":"broken","statusDetails":"selenium.common.exceptions.TimeoutException: Message: \nStacktrace:\n#0 0x55963532253a <unknown>\n#1 0x559634e1df00 <unknown>\n#2 0x559634e6dc0c <unknown>\n#3 0x559634e6de31 <unknown>\n#4 0x559634eb3bd4 <unknown>\n#5 0x559634e925cd <unknown>\n#6 0x559634eb0f84 <unknown>\n#7 0x559634e92343 <unknown>\n#8 0x559634e5f78a <unknown>\n#9 0x559634e609de <unknown>\n#10 0x5596352ec2cb <unknown>\n#11 0x5596352f0242 <unknown>\n#12 0x5596352d97ac <unknown>\n#13 0x5596352f0df7 <unknown>\n#14 0x5596352bdb2f <unknown>\n#15 0x5596353111a8 <unknown>\n#16 0x559635311370 <unknown>\n#17 0x5596353213b6 <unknown>\n#18 0x7f6e6c29caa4 <unknown>\n#19 0x7f6e6c329c6c <unknown>","time":{"start":1761184030468,"stop":1761184030468,"duration":0}},{"uid":"a4f4f06068559643","reportUrl":"https://nirtal85.github.io/Selenium-Python-Example/814//#testresult/a4f4f06068559643","status":"broken","statusDetails":"selenium.common.exceptions.TimeoutException: Message: \nStacktrace:\n#0 0x55c452e7453a <unknown>\n#1 0x55c45296ff00 <unknown>\n#2 0x55c4529bfc0c <unknown>\n#3 0x55c4529bfe31 <unknown>\n#4 0x55c452a05bd4 <unknown>\n#5 0x55c4529e45cd <unknown>\n#6 0x55c452a02f84 <unknown>\n#7 0x55c4529e4343 <unknown>\n#8 0x55c4529b178a <unknown>\n#9 0x55c4529b29de <unknown>\n#10 0x55c452e3e2cb <unknown>\n#11 0x55c452e42242 <unknown>\n#12 0x55c452e2b7ac <unknown>\n#13 0x55c452e42df7 <unknown>\n#14 0x55c452e0fb2f <unknown>\n#15 0x55c452e631a8 <unknown>\n#16 0x55c452e63370 <unknown>\n#17 0x55c452e733b6 <unknown>\n#18 0x7fcf58e9caa4 <unknown>\n#19 0x7fcf58f29c6c <unknown>","time":{"start":1761097904874,"stop":1761097904874,"duration":0}},{"uid":"1b55bd2aaef5d7ab","reportUrl":"https://nirtal85.github.io/Selenium-Python-Example/813//#testresult/1b55bd2aaef5d7ab","status":"broken","statusDetails":"selenium.common.exceptions.TimeoutException: Message: \nStacktrace:\n#0 0x5648c0b9453a <unknown>\n#1 0x5648c068ff00 <unknown>\n#2 0x5648c06dfc0c <unknown>\n#3 0x5648c06dfe31 <unknown>\n#4 0x5648c0725bd4 <unknown>\n#5 0x5648c07045cd <unknown>\n#6 0x5648c0722f84 <unknown>\n#7 0x5648c0704343 <unknown>\n#8 0x5648c06d178a <unknown>\n#9 0x5648c06d29de <unknown>\n#10 0x5648c0b5e2cb <unknown>\n#11 0x5648c0b62242 <unknown>\n#12 0x5648c0b4b7ac <unknown>\n#13 0x5648c0b62df7 <unknown>\n#14 0x5648c0b2fb2f <unknown>\n#15 0x5648c0b831a8 <unknown>\n#16 0x5648c0b83370 <unknown>\n#17 0x5648c0b933b6 <unknown>\n#18 0x7f69b249caa4 <unknown>\n#19 0x7f69b2529c6c <unknown>","time":{"start":1761011304619,"stop":1761011304619,"duration":0}},{"uid":"dee512b3f26a9c13","reportUrl":"https://nirtal85.github.io/Selenium-Python-Example/812//#testresult/dee512b3f26a9c13","status":"broken","statusDetails":"selenium.common.exceptions.TimeoutException: Message: \nStacktrace:\n#0 0x5614ee28153a <unknown>\n#1 0x5614edd7cf00 <unknown>\n#2 0x5614eddccc0c <unknown>\n#3 0x5614eddcce31 <unknown>\n#4 0x5614ede12bd4 <unknown>\n#5 0x5614eddf15cd <unknown>\n#6 0x5614ede0ff84 <unknown>\n#7 0x5614eddf1343 <unknown>\n#8 0x5614eddbe78a <unknown>\n#9 0x5614eddbf9de <unknown>\n#10 0x5614ee24b2cb <unknown>\n#11 0x5614ee24f242 <unknown>\n#12 0x5614ee2387ac <unknown>\n#13 0x5614ee24fdf7 <unknown>\n#14 0x5614ee21cb2f <unknown>\n#15 0x5614ee2701a8 <unknown>\n#16 0x5614ee270370 <unknown>\n#17 0x5614ee2803b6 <unknown>\n#18 0x7f587289caa4 <unknown>\n#19 0x7f5872929c6c <unknown>","time":{"start":1760925264232,"stop":1760925264232,"duration":0}},{"uid":"817dd393a3475456","reportUrl":"https://nirtal85.github.io/Selenium-Python-Example/811//#testresult/817dd393a3475456","status":"broken","statusDetails":"selenium.common.exceptions.TimeoutException: Message: \nStacktrace:\n#0 0x5641fad9453a <unknown>\n#1 0x5641fa88ff00 <unknown>\n#2 0x5641fa8dfc0c <unknown>\n#3 0x5641fa8dfe31 <unknown>\n#4 0x5641fa925bd4 <unknown>\n#5 0x5641fa9045cd <unknown>\n#6 0x5641fa922f84 <unknown>\n#7 0x5641fa904343 <unknown>\n#8 0x5641fa8d178a <unknown>\n#9 0x5641fa8d29de <unknown>\n#10 0x5641fad5e2cb <unknown>\n#11 0x5641fad62242 <unknown>\n#12 0x5641fad4b7ac <unknown>\n#13 0x5641fad62df7 <unknown>\n#14 0x5641fad2fb2f <unknown>\n#15 0x5641fad831a8 <unknown>\n#16 0x5641fad83370 <unknown>\n#17 0x5641fad933b6 <unknown>\n#18 0x7f568389caa4 <unknown>\n#19 0x7f5683929c6c <unknown>","time":{"start":1760839021324,"stop":1760839021324,"duration":0}},{"uid":"40c321c5e4c4d0d8","reportUrl":"https://nirtal85.github.io/Selenium-Python-Example/810//#testresult/40c321c5e4c4d0d8","status":"broken","statusDetails":"selenium.common.exceptions.TimeoutException: Message: \nStacktrace:\n#0 0x56012617253a <unknown>\n#1 0x560125c6df00 <unknown>\n#2 0x560125cbdc0c <unknown>\n#3 0x560125cbde31 <unknown>\n#4 0x560125d03bd4 <unknown>\n#5 0x560125ce25cd <unknown>\n#6 0x560125d00f84 <unknown>\n#7 0x560125ce2343 <unknown>\n#8 0x560125caf78a <unknown>\n#9 0x560125cb09de <unknown>\n#10 0x56012613c2cb <unknown>\n#11 0x560126140242 <unknown>\n#12 0x5601261297ac <unknown>\n#13 0x560126140df7 <unknown>\n#14 0x56012610db2f <unknown>\n#15 0x5601261611a8 <unknown>\n#16 0x560126161370 <unknown>\n#17 0x5601261713b6 <unknown>\n#18 0x7fc20e09caa4 <unknown>\n#19 0x7fc20e129c6c <unknown>","time":{"start":1760751627006,"stop":1760751627006,"duration":0}},{"uid":"ead29038a88d246f","reportUrl":"https://nirtal85.github.io/Selenium-Python-Example/809//#testresult/ead29038a88d246f","status":"broken","statusDetails":"selenium.common.exceptions.TimeoutException: Message: \nStacktrace:\n#0 0x55f6a0c4553a <unknown>\n#1 0x55f6a0740f00 <unknown>\n#2 0x55f6a0790c0c <unknown>\n#3 0x55f6a0790e31 <unknown>\n#4 0x55f6a07d6bd4 <unknown>\n#5 0x55f6a07b55cd <unknown>\n#6 0x55f6a07d3f84 <unknown>\n#7 0x55f6a07b5343 <unknown>\n#8 0x55f6a078278a <unknown>\n#9 0x55f6a07839de <unknown>\n#10 0x55f6a0c0f2cb <unknown>\n#11 0x55f6a0c13242 <unknown>\n#12 0x55f6a0bfc7ac <unknown>\n#13 0x55f6a0c13df7 <unknown>\n#14 0x55f6a0be0b2f <unknown>\n#15 0x55f6a0c341a8 <unknown>\n#16 0x55f6a0c34370 <unknown>\n#17 0x55f6a0c443b6 <unknown>\n#18 0x7fde5be9caa4 <unknown>\n#19 0x7fde5bf29c6c <unknown>","time":{"start":1760665517896,"stop":1760665517896,"duration":0}},{"uid":"40e72d485b097ad1","reportUrl":"https://nirtal85.github.io/Selenium-Python-Example/808//#testresult/40e72d485b097ad1","status":"broken","statusDetails":"selenium.common.exceptions.TimeoutException: Message: \nStacktrace:\n#0 0x563957b5653a <unknown>\n#1 0x563957651f00 <unknown>\n#2 0x5639576a1c0c <unknown>\n#3 0x5639576a1e31 <unknown>\n#4 0x5639576e7bd4 <unknown>\n#5 0x5639576c65cd <unknown>\n#6 0x5639576e4f84 <unknown>\n#7 0x5639576c6343 <unknown>\n#8 0x56395769378a <unknown>\n#9 0x5639576949de <unknown>\n#10 0x563957b202cb <unknown>\n#11 0x563957b24242 <unknown>\n#12 0x563957b0d7ac <unknown>\n#13 0x563957b24df7 <unknown>\n#14 0x563957af1b2f <unknown>\n#15 0x563957b451a8 <unknown>\n#16 0x563957b45370 <unknown>\n#17 0x563957b553b6 <unknown>\n#18 0x7f2423c9caa4 <unknown>\n#19 0x7f2423d29c6c <unknown>","time":{"start":1760579190246,"stop":1760579190246,"duration":0}},{"uid":"91eca78a937dd931","reportUrl":"https://nirtal85.github.io/Selenium-Python-Example/807//#testresult/91eca78a937dd931","status":"broken","statusDetails":"selenium.common.exceptions.TimeoutException: Message: \nStacktrace:\n#0 0x556b8734153a <unknown>\n#1 0x556b86e3cf00 <unknown>\n#2 0x556b86e8cc0c <unknown>\n#3 0x556b86e8ce31 <unknown>\n#4 0x556b86ed2bd4 <unknown>\n#5 0x556b86eb15cd <unknown>\n#6 0x556b86ecff84 <unknown>\n#7 0x556b86eb1343 <unknown>\n#8 0x556b86e7e78a <unknown>\n#9 0x556b86e7f9de <unknown>\n#10 0x556b8730b2cb <unknown>\n#11 0x556b8730f242 <unknown>\n#12 0x556b872f87ac <unknown>\n#13 0x556b8730fdf7 <unknown>\n#14 0x556b872dcb2f <unknown>\n#15 0x556b873301a8 <unknown>\n#16 0x556b87330370 <unknown>\n#17 0x556b873403b6 <unknown>\n#18 0x7f846509caa4 <unknown>\n#19 0x7f8465129c6c <unknown>","time":{"start":1760492844444,"stop":1760492844444,"duration":0}},{"uid":"74d02fb3e17d0198","reportUrl":"https://nirtal85.github.io/Selenium-Python-Example/806//#testresult/74d02fb3e17d0198","status":"broken","statusDetails":"selenium.common.exceptions.TimeoutException: Message: \nStacktrace:\n#0 0x562d8ffc953a <unknown>\n#1 0x562d8fac4f00 <unknown>\n#2 0x562d8fb14c0c <unknown>\n#3 0x562d8fb14e31 <unknown>\n#4 0x562d8fb5abd4 <unknown>\n#5 0x562d8fb395cd <unknown>\n#6 0x562d8fb57f84 <unknown>\n#7 0x562d8fb39343 <unknown>\n#8 0x562d8fb0678a <unknown>\n#9 0x562d8fb079de <unknown>\n#10 0x562d8ff932cb <unknown>\n#11 0x562d8ff97242 <unknown>\n#12 0x562d8ff807ac <unknown>\n#13 0x562d8ff97df7 <unknown>\n#14 0x562d8ff64b2f <unknown>\n#15 0x562d8ffb81a8 <unknown>\n#16 0x562d8ffb8370 <unknown>\n#17 0x562d8ffc83b6 <unknown>\n#18 0x7ff165c9caa4 <unknown>\n#19 0x7ff165d29c6c <unknown>","time":{"start":1760406261441,"stop":1760406261441,"duration":0}},{"uid":"9bcf809e4446fcbc","reportUrl":"https://nirtal85.github.io/Selenium-Python-Example/805//#testresult/9bcf809e4446fcbc","status":"broken","statusDetails":"selenium.common.exceptions.TimeoutException: Message: \nStacktrace:\n#0 0x557598e9153a <unknown>\n#1 0x55759898cf00 <unknown>\n#2 0x5575989dcc0c <unknown>\n#3 0x5575989dce31 <unknown>\n#4 0x557598a22bd4 <unknown>\n#5 0x557598a015cd <unknown>\n#6 0x557598a1ff84 <unknown>\n#7 0x557598a01343 <unknown>\n#8 0x5575989ce78a <unknown>\n#9 0x5575989cf9de <unknown>\n#10 0x557598e5b2cb <unknown>\n#11 0x557598e5f242 <unknown>\n#12 0x557598e487ac <unknown>\n#13 0x557598e5fdf7 <unknown>\n#14 0x557598e2cb2f <unknown>\n#15 0x557598e801a8 <unknown>\n#16 0x557598e80370 <unknown>\n#17 0x557598e903b6 <unknown>\n#18 0x7f947f89caa4 <unknown>\n#19 0x7f947f929c6c <unknown>","time":{"start":1760320257920,"stop":1760320257920,"duration":0}},{"uid":"5a038593e1fc47fc","reportUrl":"https://nirtal85.github.io/Selenium-Python-Example/804//#testresult/5a038593e1fc47fc","status":"broken","statusDetails":"selenium.common.exceptions.TimeoutException: Message: \nStacktrace:\n#0 0x563abc06d53a <unknown>\n#1 0x563abbb68f00 <unknown>\n#2 0x563abbbb8c0c <unknown>\n#3 0x563abbbb8e31 <unknown>\n#4 0x563abbbfebd4 <unknown>\n#5 0x563abbbdd5cd <unknown>\n#6 0x563abbbfbf84 <unknown>\n#7 0x563abbbdd343 <unknown>\n#8 0x563abbbaa78a <unknown>\n#9 0x563abbbab9de <unknown>\n#10 0x563abc0372cb <unknown>\n#11 0x563abc03b242 <unknown>\n#12 0x563abc0247ac <unknown>\n#13 0x563abc03bdf7 <unknown>\n#14 0x563abc008b2f <unknown>\n#15 0x563abc05c1a8 <unknown>\n#16 0x563abc05c370 <unknown>\n#17 0x563abc06c3b6 <unknown>\n#18 0x7f00d529caa4 <unknown>\n#19 0x7f00d5329c6c <unknown>","time":{"start":1760233690410,"stop":1760233690410,"duration":0}}]},"tags":[]},"source":"a59fe1c5cbfbf429.json","parameterValues":[]}