{"uid":"2a340f17e56edd1d","name":"Number of projects displayed in page test","fullName":"tests.workspaces_test.TestWorkspaces#test_number_of_existing_projects","historyId":"34e866e263d4a1ed453e065aefe8091d","time":{"start":1754015013812,"stop":1754015013812,"duration":0},"description":"Compare between the actual number of projects seen on page and the number shown in workspaces block","descriptionHtml":"<p>Compare between the actual number of projects seen on page and the number shown in workspaces block</p>\n","status":"broken","statusMessage":"selenium.common.exceptions.TimeoutException: Message: \nStacktrace:\n#0 0x562d66b6c53a <unknown>\n#1 0x562d66667f00 <unknown>\n#2 0x562d666b7c0c <unknown>\n#3 0x562d666b7e31 <unknown>\n#4 0x562d666fdbd4 <unknown>\n#5 0x562d666dc5cd <unknown>\n#6 0x562d666faf84 <unknown>\n#7 0x562d666dc343 <unknown>\n#8 0x562d666a978a <unknown>\n#9 0x562d666aa9de <unknown>\n#10 0x562d66b362cb <unknown>\n#11 0x562d66b3a242 <unknown>\n#12 0x562d66b237ac <unknown>\n#13 0x562d66b3adf7 <unknown>\n#14 0x562d66b07b2f <unknown>\n#15 0x562d66b5b1a8 <unknown>\n#16 0x562d66b5b370 <unknown>\n#17 0x562d66b6b3b6 <unknown>\n#18 0x7f4c1c29caa4 <unknown>\n#19 0x7f4c1c329c3c <unknown>","statusTrace":"self = <tests.workspaces_test.TestWorkspaces object at 0x7f1a78dc96e0>\n\n    @pytest.fixture(autouse=True)\n    def setup_method_fixture(self):\n>       login(self.about_page, self.login_page)\n\ntests/workspaces_test.py:25: \n_ _ _ _ _ _ _ _ _ _ _ _ _ _ _ _ _ _ _ _ _ _ _ _ _ _ _ _ _ _ _ _ _ _ _ _ _ _ _ _ \ntests/workspaces_test.py:15: in login\n    about_page.click_login_link()\nsrc/pages/about_page.py:18: in click_login_link\n    self.click(self.LOGIN_LINK)\nsrc/pages/base_page.py:59: in click\n    el: WebElement = self.wait.until(expected_conditions.element_to_be_clickable(locator))\n                     ^^^^^^^^^^^^^^^^^^^^^^^^^^^^^^^^^^^^^^^^^^^^^^^^^^^^^^^^^^^^^^^^^^^^^\n_ _ _ _ _ _ _ _ _ _ _ _ _ _ _ _ _ _ _ _ _ _ _ _ _ _ _ _ _ _ _ _ _ _ _ _ _ _ _ _ \n\nself = <selenium.webdriver.support.wait.WebDriverWait (session=\"77518149df871dd18322201bee75e5e3\")>\nmethod = <function element_to_be_clickable.<locals>._predicate at 0x7f1a78e20b80>\nmessage = ''\n\n    def until(self, method: Callable[[D], Union[Literal[False], T]], message: str = \"\") -> T:\n        \"\"\"Wait until the method returns a value that is not False.\n    \n        Calls the method provided with the driver as an argument until the\n        return value does not evaluate to ``False``.\n    \n        Parameters:\n        -----------\n        method: callable(WebDriver)\n            - A callable object that takes a WebDriver instance as an argument.\n    \n        message: str\n            - Optional message for :exc:`TimeoutException`\n    \n        Return:\n        -------\n        object: T\n            - The result of the last call to `method`\n    \n        Raises:\n        -------\n        TimeoutException\n            - If 'method' does not return a truthy value within the WebDriverWait\n            object's timeout\n    \n        Example:\n        --------\n        >>> from selenium.webdriver.common.by import By\n        >>> from selenium.webdriver.support.ui import WebDriverWait\n        >>> from selenium.webdriver.support import expected_conditions as EC\n    \n        # Wait until an element is visible on the page\n        >>> wait = WebDriverWait(driver, 10)\n        >>> element = wait.until(EC.visibility_of_element_located((By.ID, \"exampleId\")))\n        >>> print(element.text)\n        \"\"\"\n        screen = None\n        stacktrace = None\n    \n        end_time = time.monotonic() + self._timeout\n        while True:\n            try:\n                value = method(self._driver)\n                if value:\n                    return value\n            except self._ignored_exceptions as exc:\n                screen = getattr(exc, \"screen\", None)\n                stacktrace = getattr(exc, \"stacktrace\", None)\n            if time.monotonic() > end_time:\n                break\n            time.sleep(self._poll)\n>       raise TimeoutException(message, screen, stacktrace)\nE       selenium.common.exceptions.TimeoutException: Message: \nE       Stacktrace:\nE       #0 0x562d66b6c53a <unknown>\nE       #1 0x562d66667f00 <unknown>\nE       #2 0x562d666b7c0c <unknown>\nE       #3 0x562d666b7e31 <unknown>\nE       #4 0x562d666fdbd4 <unknown>\nE       #5 0x562d666dc5cd <unknown>\nE       #6 0x562d666faf84 <unknown>\nE       #7 0x562d666dc343 <unknown>\nE       #8 0x562d666a978a <unknown>\nE       #9 0x562d666aa9de <unknown>\nE       #10 0x562d66b362cb <unknown>\nE       #11 0x562d66b3a242 <unknown>\nE       #12 0x562d66b237ac <unknown>\nE       #13 0x562d66b3adf7 <unknown>\nE       #14 0x562d66b07b2f <unknown>\nE       #15 0x562d66b5b1a8 <unknown>\nE       #16 0x562d66b5b370 <unknown>\nE       #17 0x562d66b6b3b6 <unknown>\nE       #18 0x7f4c1c29caa4 <unknown>\nE       #19 0x7f4c1c329c3c <unknown>\n\n.venv/lib/python3.13/site-packages/selenium/webdriver/support/wait.py:138: TimeoutException","flaky":false,"newFailed":false,"newBroken":false,"newPassed":false,"retriesCount":0,"retriesStatusChange":false,"beforeStages":[{"name":"_verify_url","time":{"start":1754014979138,"stop":1754014979138,"duration":0},"status":"passed","steps":[],"attachments":[],"parameters":[],"shouldDisplayMessage":false,"stepsCount":0,"attachmentsCount":0,"hasContent":false,"attachmentStep":false},{"name":"base_url","time":{"start":1754014979138,"stop":1754014979138,"duration":0},"status":"passed","steps":[],"attachments":[],"parameters":[],"shouldDisplayMessage":false,"stepsCount":0,"attachmentsCount":0,"hasContent":false,"attachmentStep":false},{"name":"session_request","time":{"start":1754014979138,"stop":1754014979138,"duration":0},"status":"passed","steps":[],"attachments":[],"parameters":[],"shouldDisplayMessage":false,"stepsCount":0,"attachmentsCount":0,"hasContent":false,"attachmentStep":false},{"name":"setup_method_fixture","time":{"start":1754015016628,"stop":1754015026988,"duration":10360},"status":"broken","statusMessage":"selenium.common.exceptions.TimeoutException: Message: \nStacktrace:\n#0 0x562d66b6c53a <unknown>\n#1 0x562d66667f00 <unknown>\n#2 0x562d666b7c0c <unknown>\n#3 0x562d666b7e31 <unknown>\n#4 0x562d666fdbd4 <unknown>\n#5 0x562d666dc5cd <unknown>\n#6 0x562d666faf84 <unknown>\n#7 0x562d666dc343 <unknown>\n#8 0x562d666a978a <unknown>\n#9 0x562d666aa9de <unknown>\n#10 0x562d66b362cb <unknown>\n#11 0x562d66b3a242 <unknown>\n#12 0x562d66b237ac <unknown>\n#13 0x562d66b3adf7 <unknown>\n#14 0x562d66b07b2f <unknown>\n#15 0x562d66b5b1a8 <unknown>\n#16 0x562d66b5b370 <unknown>\n#17 0x562d66b6b3b6 <unknown>\n#18 0x7f4c1c29caa4 <unknown>\n#19 0x7f4c1c329c3c <unknown>\n\n","statusTrace":"  File \"/home/runner/work/Selenium-Python-Example/Selenium-Python-Example/.venv/lib/python3.13/site-packages/pluggy/_callers.py\", line 167, in _multicall\n    teardown.throw(outcome._exception)\n    ~~~~~~~~~~~~~~^^^^^^^^^^^^^^^^^^^^\n  File \"/home/runner/work/Selenium-Python-Example/Selenium-Python-Example/.venv/lib/python3.13/site-packages/_pytest/setuponly.py\", line 36, in pytest_fixture_setup\n    return (yield)\n            ^^^^^\n  File \"/home/runner/work/Selenium-Python-Example/Selenium-Python-Example/.venv/lib/python3.13/site-packages/pluggy/_callers.py\", line 103, in _multicall\n    res = hook_impl.function(*args)\n  File \"/home/runner/work/Selenium-Python-Example/Selenium-Python-Example/.venv/lib/python3.13/site-packages/_pytest/fixtures.py\", line 1195, in pytest_fixture_setup\n    result = call_fixture_func(fixturefunc, request, kwargs)\n  File \"/home/runner/work/Selenium-Python-Example/Selenium-Python-Example/.venv/lib/python3.13/site-packages/_pytest/fixtures.py\", line 929, in call_fixture_func\n    fixture_result = fixturefunc(**kwargs)\n  File \"/home/runner/work/Selenium-Python-Example/Selenium-Python-Example/tests/workspaces_test.py\", line 25, in setup_method_fixture\n    login(self.about_page, self.login_page)\n    ~~~~~^^^^^^^^^^^^^^^^^^^^^^^^^^^^^^^^^^\n  File \"/home/runner/work/Selenium-Python-Example/Selenium-Python-Example/tests/workspaces_test.py\", line 15, in login\n    about_page.click_login_link()\n    ~~~~~~~~~~~~~~~~~~~~~~~~~~~^^\n  File \"/home/runner/work/Selenium-Python-Example/Selenium-Python-Example/.venv/lib/python3.13/site-packages/allure_commons/_allure.py\", line 202, in impl\n    return func(*a, **kw)\n  File \"/home/runner/work/Selenium-Python-Example/Selenium-Python-Example/src/pages/about_page.py\", line 18, in click_login_link\n    self.click(self.LOGIN_LINK)\n    ~~~~~~~~~~^^^^^^^^^^^^^^^^^\n  File \"/home/runner/work/Selenium-Python-Example/Selenium-Python-Example/src/pages/base_page.py\", line 59, in click\n    el: WebElement = self.wait.until(expected_conditions.element_to_be_clickable(locator))\n                     ~~~~~~~~~~~~~~~^^^^^^^^^^^^^^^^^^^^^^^^^^^^^^^^^^^^^^^^^^^^^^^^^^^^^^\n  File \"/home/runner/work/Selenium-Python-Example/Selenium-Python-Example/.venv/lib/python3.13/site-packages/selenium/webdriver/support/wait.py\", line 138, in until\n    raise TimeoutException(message, screen, stacktrace)\n","steps":[{"name":"Click Login link","time":{"start":1754015016628,"stop":1754015026987,"duration":10359},"status":"broken","statusMessage":"selenium.common.exceptions.TimeoutException: Message: \nStacktrace:\n#0 0x562d66b6c53a <unknown>\n#1 0x562d66667f00 <unknown>\n#2 0x562d666b7c0c <unknown>\n#3 0x562d666b7e31 <unknown>\n#4 0x562d666fdbd4 <unknown>\n#5 0x562d666dc5cd <unknown>\n#6 0x562d666faf84 <unknown>\n#7 0x562d666dc343 <unknown>\n#8 0x562d666a978a <unknown>\n#9 0x562d666aa9de <unknown>\n#10 0x562d66b362cb <unknown>\n#11 0x562d66b3a242 <unknown>\n#12 0x562d66b237ac <unknown>\n#13 0x562d66b3adf7 <unknown>\n#14 0x562d66b07b2f <unknown>\n#15 0x562d66b5b1a8 <unknown>\n#16 0x562d66b5b370 <unknown>\n#17 0x562d66b6b3b6 <unknown>\n#18 0x7f4c1c29caa4 <unknown>\n#19 0x7f4c1c329c3c <unknown>\n\n","statusTrace":"  File \"/home/runner/work/Selenium-Python-Example/Selenium-Python-Example/.venv/lib/python3.13/site-packages/allure_commons/_allure.py\", line 202, in impl\n    return func(*a, **kw)\n  File \"/home/runner/work/Selenium-Python-Example/Selenium-Python-Example/src/pages/about_page.py\", line 18, in click_login_link\n    self.click(self.LOGIN_LINK)\n    ~~~~~~~~~~^^^^^^^^^^^^^^^^^\n  File \"/home/runner/work/Selenium-Python-Example/Selenium-Python-Example/src/pages/base_page.py\", line 59, in click\n    el: WebElement = self.wait.until(expected_conditions.element_to_be_clickable(locator))\n                     ~~~~~~~~~~~~~~~^^^^^^^^^^^^^^^^^^^^^^^^^^^^^^^^^^^^^^^^^^^^^^^^^^^^^^\n  File \"/home/runner/work/Selenium-Python-Example/Selenium-Python-Example/.venv/lib/python3.13/site-packages/selenium/webdriver/support/wait.py\", line 138, in until\n    raise TimeoutException(message, screen, stacktrace)\n","steps":[],"attachments":[],"parameters":[],"shouldDisplayMessage":true,"stepsCount":0,"attachmentsCount":0,"hasContent":true,"attachmentStep":false}],"attachments":[],"parameters":[],"shouldDisplayMessage":false,"stepsCount":1,"attachmentsCount":0,"hasContent":true,"attachmentStep":false}],"testStage":{"description":"Compare between the actual number of projects seen on page and the number shown in workspaces block","status":"broken","statusMessage":"selenium.common.exceptions.TimeoutException: Message: \nStacktrace:\n#0 0x562d66b6c53a <unknown>\n#1 0x562d66667f00 <unknown>\n#2 0x562d666b7c0c <unknown>\n#3 0x562d666b7e31 <unknown>\n#4 0x562d666fdbd4 <unknown>\n#5 0x562d666dc5cd <unknown>\n#6 0x562d666faf84 <unknown>\n#7 0x562d666dc343 <unknown>\n#8 0x562d666a978a <unknown>\n#9 0x562d666aa9de <unknown>\n#10 0x562d66b362cb <unknown>\n#11 0x562d66b3a242 <unknown>\n#12 0x562d66b237ac <unknown>\n#13 0x562d66b3adf7 <unknown>\n#14 0x562d66b07b2f <unknown>\n#15 0x562d66b5b1a8 <unknown>\n#16 0x562d66b5b370 <unknown>\n#17 0x562d66b6b3b6 <unknown>\n#18 0x7f4c1c29caa4 <unknown>\n#19 0x7f4c1c329c3c <unknown>","statusTrace":"self = <tests.workspaces_test.TestWorkspaces object at 0x7f1a78dc96e0>\n\n    @pytest.fixture(autouse=True)\n    def setup_method_fixture(self):\n>       login(self.about_page, self.login_page)\n\ntests/workspaces_test.py:25: \n_ _ _ _ _ _ _ _ _ _ _ _ _ _ _ _ _ _ _ _ _ _ _ _ _ _ _ _ _ _ _ _ _ _ _ _ _ _ _ _ \ntests/workspaces_test.py:15: in login\n    about_page.click_login_link()\nsrc/pages/about_page.py:18: in click_login_link\n    self.click(self.LOGIN_LINK)\nsrc/pages/base_page.py:59: in click\n    el: WebElement = self.wait.until(expected_conditions.element_to_be_clickable(locator))\n                     ^^^^^^^^^^^^^^^^^^^^^^^^^^^^^^^^^^^^^^^^^^^^^^^^^^^^^^^^^^^^^^^^^^^^^\n_ _ _ _ _ _ _ _ _ _ _ _ _ _ _ _ _ _ _ _ _ _ _ _ _ _ _ _ _ _ _ _ _ _ _ _ _ _ _ _ \n\nself = <selenium.webdriver.support.wait.WebDriverWait (session=\"77518149df871dd18322201bee75e5e3\")>\nmethod = <function element_to_be_clickable.<locals>._predicate at 0x7f1a78e20b80>\nmessage = ''\n\n    def until(self, method: Callable[[D], Union[Literal[False], T]], message: str = \"\") -> T:\n        \"\"\"Wait until the method returns a value that is not False.\n    \n        Calls the method provided with the driver as an argument until the\n        return value does not evaluate to ``False``.\n    \n        Parameters:\n        -----------\n        method: callable(WebDriver)\n            - A callable object that takes a WebDriver instance as an argument.\n    \n        message: str\n            - Optional message for :exc:`TimeoutException`\n    \n        Return:\n        -------\n        object: T\n            - The result of the last call to `method`\n    \n        Raises:\n        -------\n        TimeoutException\n            - If 'method' does not return a truthy value within the WebDriverWait\n            object's timeout\n    \n        Example:\n        --------\n        >>> from selenium.webdriver.common.by import By\n        >>> from selenium.webdriver.support.ui import WebDriverWait\n        >>> from selenium.webdriver.support import expected_conditions as EC\n    \n        # Wait until an element is visible on the page\n        >>> wait = WebDriverWait(driver, 10)\n        >>> element = wait.until(EC.visibility_of_element_located((By.ID, \"exampleId\")))\n        >>> print(element.text)\n        \"\"\"\n        screen = None\n        stacktrace = None\n    \n        end_time = time.monotonic() + self._timeout\n        while True:\n            try:\n                value = method(self._driver)\n                if value:\n                    return value\n            except self._ignored_exceptions as exc:\n                screen = getattr(exc, \"screen\", None)\n                stacktrace = getattr(exc, \"stacktrace\", None)\n            if time.monotonic() > end_time:\n                break\n            time.sleep(self._poll)\n>       raise TimeoutException(message, screen, stacktrace)\nE       selenium.common.exceptions.TimeoutException: Message: \nE       Stacktrace:\nE       #0 0x562d66b6c53a <unknown>\nE       #1 0x562d66667f00 <unknown>\nE       #2 0x562d666b7c0c <unknown>\nE       #3 0x562d666b7e31 <unknown>\nE       #4 0x562d666fdbd4 <unknown>\nE       #5 0x562d666dc5cd <unknown>\nE       #6 0x562d666faf84 <unknown>\nE       #7 0x562d666dc343 <unknown>\nE       #8 0x562d666a978a <unknown>\nE       #9 0x562d666aa9de <unknown>\nE       #10 0x562d66b362cb <unknown>\nE       #11 0x562d66b3a242 <unknown>\nE       #12 0x562d66b237ac <unknown>\nE       #13 0x562d66b3adf7 <unknown>\nE       #14 0x562d66b07b2f <unknown>\nE       #15 0x562d66b5b1a8 <unknown>\nE       #16 0x562d66b5b370 <unknown>\nE       #17 0x562d66b6b3b6 <unknown>\nE       #18 0x7f4c1c29caa4 <unknown>\nE       #19 0x7f4c1c329c3c <unknown>\n\n.venv/lib/python3.13/site-packages/selenium/webdriver/support/wait.py:138: TimeoutException","steps":[{"name":"public ip address","time":{"start":1754015027001,"stop":1754015027015,"duration":14},"status":"passed","steps":[],"attachments":[{"uid":"9e71bab06a912b25","name":"HTTP logs of http://checkip.amazonaws.com/","source":"9e71bab06a912b25.txt","type":"text/plain","size":358}],"parameters":[],"shouldDisplayMessage":false,"stepsCount":0,"attachmentsCount":1,"hasContent":true,"attachmentStep":false}],"attachments":[{"uid":"726405b4e376afa2","name":"Cookies","source":"726405b4e376afa2.json","type":"application/json","size":4120},{"uid":"9627f883fa930e","name":"Session Storage","source":"9627f883fa930e.json","type":"application/json","size":359},{"uid":"c9dc90f3c64e92db","name":"Local Storage","source":"c9dc90f3c64e92db.json","type":"application/json","size":548},{"uid":"d1dee089380f7fb9","name":"Full Page Screenshot","source":"d1dee089380f7fb9.png","type":"image/png","size":2006792},{"uid":"371fc2d9439331f4","name":"URL","source":"371fc2d9439331f4.uri","type":"text/uri-list","size":23},{"uid":"f8bd96b9107c4016","name":"Network Logs","source":"f8bd96b9107c4016.json","type":"application/json","size":10199430}],"parameters":[],"shouldDisplayMessage":true,"stepsCount":1,"attachmentsCount":7,"hasContent":true,"attachmentStep":false},"afterStages":[{"name":"session_request::0","time":{"start":1754015054964,"stop":1754015054964,"duration":0},"status":"passed","steps":[],"attachments":[],"parameters":[],"shouldDisplayMessage":false,"stepsCount":0,"attachmentsCount":0,"hasContent":false,"attachmentStep":false}],"labels":[{"name":"story","value":"WorkSpaces Creation and Editing Functionality"},{"name":"severity","value":"normal"},{"name":"epic","value":"Workspaces"},{"name":"parentSuite","value":"tests"},{"name":"suite","value":"workspaces_test"},{"name":"subSuite","value":"TestWorkspaces"},{"name":"host","value":"pkrvmjbmru5nbw0"},{"name":"thread","value":"2211-MainThread"},{"name":"framework","value":"pytest"},{"name":"language","value":"cpython3"},{"name":"package","value":"tests.workspaces_test"},{"name":"resultFormat","value":"allure2"}],"parameters":[],"links":[],"hidden":false,"retry":false,"extra":{"severity":"normal","retries":[],"categories":[{"name":"Test defects","matchedStatuses":[],"flaky":false}],"tags":[]},"source":"2a340f17e56edd1d.json","parameterValues":[]}