{"uid":"5cbfdd84a3c485c6","name":"Exception test","fullName":"tests.forgot_password_test.TestForgotPassword#test_expected_exception_on_page_title","historyId":"288cd0030c92ba34b4ff4b58ed8ec476","time":{"start":1754014985427,"stop":1754014995812,"duration":10385},"description":"Exception catching","descriptionHtml":"<p>Exception catching</p>\n","status":"broken","statusMessage":"selenium.common.exceptions.TimeoutException: Message: \nStacktrace:\n#0 0x55acd1fe153a <unknown>\n#1 0x55acd1adcf00 <unknown>\n#2 0x55acd1b2cc0c <unknown>\n#3 0x55acd1b2ce31 <unknown>\n#4 0x55acd1b72bd4 <unknown>\n#5 0x55acd1b515cd <unknown>\n#6 0x55acd1b6ff84 <unknown>\n#7 0x55acd1b51343 <unknown>\n#8 0x55acd1b1e78a <unknown>\n#9 0x55acd1b1f9de <unknown>\n#10 0x55acd1fab2cb <unknown>\n#11 0x55acd1faf242 <unknown>\n#12 0x55acd1f987ac <unknown>\n#13 0x55acd1fafdf7 <unknown>\n#14 0x55acd1f7cb2f <unknown>\n#15 0x55acd1fd01a8 <unknown>\n#16 0x55acd1fd0370 <unknown>\n#17 0x55acd1fe03b6 <unknown>\n#18 0x7f290ca9caa4 <unknown>\n#19 0x7f290cb29c3c <unknown>","statusTrace":"self = <tests.forgot_password_test.TestForgotPassword object at 0x7f01547c50f0>\n\n    @allure.description(\"Exception catching\")\n    @allure.title(\"Exception test\")\n    @allure.link(\"github.com/allure-examples/\", name=\"Allure Examples\")\n    @allure.issue(\"github.com/allure-examples/allure-examples/issues/1\", name=\"ISSUE-1\")\n    @allure.testcase(\"github.com/allure-examples/allure-examples/issues/2\", name=\"TESTCASE-2\")\n    def test_expected_exception_on_page_title(self) -> None:\n>       self.about_page.click_login_link()\n\ntests/forgot_password_test.py:51: \n_ _ _ _ _ _ _ _ _ _ _ _ _ _ _ _ _ _ _ _ _ _ _ _ _ _ _ _ _ _ _ _ _ _ _ _ _ _ _ _ \nsrc/pages/about_page.py:18: in click_login_link\n    self.click(self.LOGIN_LINK)\nsrc/pages/base_page.py:59: in click\n    el: WebElement = self.wait.until(expected_conditions.element_to_be_clickable(locator))\n                     ^^^^^^^^^^^^^^^^^^^^^^^^^^^^^^^^^^^^^^^^^^^^^^^^^^^^^^^^^^^^^^^^^^^^^\n_ _ _ _ _ _ _ _ _ _ _ _ _ _ _ _ _ _ _ _ _ _ _ _ _ _ _ _ _ _ _ _ _ _ _ _ _ _ _ _ \n\nself = <selenium.webdriver.support.wait.WebDriverWait (session=\"b43a1ee5b92c49c7d2b8fe4eb6791921\")>\nmethod = <function element_to_be_clickable.<locals>._predicate at 0x7f01548227a0>\nmessage = ''\n\n    def until(self, method: Callable[[D], Union[Literal[False], T]], message: str = \"\") -> T:\n        \"\"\"Wait until the method returns a value that is not False.\n    \n        Calls the method provided with the driver as an argument until the\n        return value does not evaluate to ``False``.\n    \n        Parameters:\n        -----------\n        method: callable(WebDriver)\n            - A callable object that takes a WebDriver instance as an argument.\n    \n        message: str\n            - Optional message for :exc:`TimeoutException`\n    \n        Return:\n        -------\n        object: T\n            - The result of the last call to `method`\n    \n        Raises:\n        -------\n        TimeoutException\n            - If 'method' does not return a truthy value within the WebDriverWait\n            object's timeout\n    \n        Example:\n        --------\n        >>> from selenium.webdriver.common.by import By\n        >>> from selenium.webdriver.support.ui import WebDriverWait\n        >>> from selenium.webdriver.support import expected_conditions as EC\n    \n        # Wait until an element is visible on the page\n        >>> wait = WebDriverWait(driver, 10)\n        >>> element = wait.until(EC.visibility_of_element_located((By.ID, \"exampleId\")))\n        >>> print(element.text)\n        \"\"\"\n        screen = None\n        stacktrace = None\n    \n        end_time = time.monotonic() + self._timeout\n        while True:\n            try:\n                value = method(self._driver)\n                if value:\n                    return value\n            except self._ignored_exceptions as exc:\n                screen = getattr(exc, \"screen\", None)\n                stacktrace = getattr(exc, \"stacktrace\", None)\n            if time.monotonic() > end_time:\n                break\n            time.sleep(self._poll)\n>       raise TimeoutException(message, screen, stacktrace)\nE       selenium.common.exceptions.TimeoutException: Message: \nE       Stacktrace:\nE       #0 0x55acd1fe153a <unknown>\nE       #1 0x55acd1adcf00 <unknown>\nE       #2 0x55acd1b2cc0c <unknown>\nE       #3 0x55acd1b2ce31 <unknown>\nE       #4 0x55acd1b72bd4 <unknown>\nE       #5 0x55acd1b515cd <unknown>\nE       #6 0x55acd1b6ff84 <unknown>\nE       #7 0x55acd1b51343 <unknown>\nE       #8 0x55acd1b1e78a <unknown>\nE       #9 0x55acd1b1f9de <unknown>\nE       #10 0x55acd1fab2cb <unknown>\nE       #11 0x55acd1faf242 <unknown>\nE       #12 0x55acd1f987ac <unknown>\nE       #13 0x55acd1fafdf7 <unknown>\nE       #14 0x55acd1f7cb2f <unknown>\nE       #15 0x55acd1fd01a8 <unknown>\nE       #16 0x55acd1fd0370 <unknown>\nE       #17 0x55acd1fe03b6 <unknown>\nE       #18 0x7f290ca9caa4 <unknown>\nE       #19 0x7f290cb29c3c <unknown>\n\n.venv/lib/python3.13/site-packages/selenium/webdriver/support/wait.py:138: TimeoutException","flaky":false,"newFailed":false,"newBroken":false,"newPassed":false,"retriesCount":0,"retriesStatusChange":false,"beforeStages":[{"name":"base_url","time":{"start":1754014980475,"stop":1754014980475,"duration":0},"status":"passed","steps":[],"attachments":[],"parameters":[],"shouldDisplayMessage":false,"stepsCount":0,"attachmentsCount":0,"hasContent":false,"attachmentStep":false},{"name":"_verify_url","time":{"start":1754014980475,"stop":1754014980475,"duration":0},"status":"passed","steps":[],"attachments":[],"parameters":[],"shouldDisplayMessage":false,"stepsCount":0,"attachmentsCount":0,"hasContent":false,"attachmentStep":false},{"name":"session_request","time":{"start":1754014980475,"stop":1754014980476,"duration":1},"status":"passed","steps":[],"attachments":[],"parameters":[],"shouldDisplayMessage":false,"stepsCount":0,"attachmentsCount":0,"hasContent":false,"attachmentStep":false}],"testStage":{"description":"Exception catching","status":"broken","statusMessage":"selenium.common.exceptions.TimeoutException: Message: \nStacktrace:\n#0 0x55acd1fe153a <unknown>\n#1 0x55acd1adcf00 <unknown>\n#2 0x55acd1b2cc0c <unknown>\n#3 0x55acd1b2ce31 <unknown>\n#4 0x55acd1b72bd4 <unknown>\n#5 0x55acd1b515cd <unknown>\n#6 0x55acd1b6ff84 <unknown>\n#7 0x55acd1b51343 <unknown>\n#8 0x55acd1b1e78a <unknown>\n#9 0x55acd1b1f9de <unknown>\n#10 0x55acd1fab2cb <unknown>\n#11 0x55acd1faf242 <unknown>\n#12 0x55acd1f987ac <unknown>\n#13 0x55acd1fafdf7 <unknown>\n#14 0x55acd1f7cb2f <unknown>\n#15 0x55acd1fd01a8 <unknown>\n#16 0x55acd1fd0370 <unknown>\n#17 0x55acd1fe03b6 <unknown>\n#18 0x7f290ca9caa4 <unknown>\n#19 0x7f290cb29c3c <unknown>","statusTrace":"self = <tests.forgot_password_test.TestForgotPassword object at 0x7f01547c50f0>\n\n    @allure.description(\"Exception catching\")\n    @allure.title(\"Exception test\")\n    @allure.link(\"github.com/allure-examples/\", name=\"Allure Examples\")\n    @allure.issue(\"github.com/allure-examples/allure-examples/issues/1\", name=\"ISSUE-1\")\n    @allure.testcase(\"github.com/allure-examples/allure-examples/issues/2\", name=\"TESTCASE-2\")\n    def test_expected_exception_on_page_title(self) -> None:\n>       self.about_page.click_login_link()\n\ntests/forgot_password_test.py:51: \n_ _ _ _ _ _ _ _ _ _ _ _ _ _ _ _ _ _ _ _ _ _ _ _ _ _ _ _ _ _ _ _ _ _ _ _ _ _ _ _ \nsrc/pages/about_page.py:18: in click_login_link\n    self.click(self.LOGIN_LINK)\nsrc/pages/base_page.py:59: in click\n    el: WebElement = self.wait.until(expected_conditions.element_to_be_clickable(locator))\n                     ^^^^^^^^^^^^^^^^^^^^^^^^^^^^^^^^^^^^^^^^^^^^^^^^^^^^^^^^^^^^^^^^^^^^^\n_ _ _ _ _ _ _ _ _ _ _ _ _ _ _ _ _ _ _ _ _ _ _ _ _ _ _ _ _ _ _ _ _ _ _ _ _ _ _ _ \n\nself = <selenium.webdriver.support.wait.WebDriverWait (session=\"b43a1ee5b92c49c7d2b8fe4eb6791921\")>\nmethod = <function element_to_be_clickable.<locals>._predicate at 0x7f01548227a0>\nmessage = ''\n\n    def until(self, method: Callable[[D], Union[Literal[False], T]], message: str = \"\") -> T:\n        \"\"\"Wait until the method returns a value that is not False.\n    \n        Calls the method provided with the driver as an argument until the\n        return value does not evaluate to ``False``.\n    \n        Parameters:\n        -----------\n        method: callable(WebDriver)\n            - A callable object that takes a WebDriver instance as an argument.\n    \n        message: str\n            - Optional message for :exc:`TimeoutException`\n    \n        Return:\n        -------\n        object: T\n            - The result of the last call to `method`\n    \n        Raises:\n        -------\n        TimeoutException\n            - If 'method' does not return a truthy value within the WebDriverWait\n            object's timeout\n    \n        Example:\n        --------\n        >>> from selenium.webdriver.common.by import By\n        >>> from selenium.webdriver.support.ui import WebDriverWait\n        >>> from selenium.webdriver.support import expected_conditions as EC\n    \n        # Wait until an element is visible on the page\n        >>> wait = WebDriverWait(driver, 10)\n        >>> element = wait.until(EC.visibility_of_element_located((By.ID, \"exampleId\")))\n        >>> print(element.text)\n        \"\"\"\n        screen = None\n        stacktrace = None\n    \n        end_time = time.monotonic() + self._timeout\n        while True:\n            try:\n                value = method(self._driver)\n                if value:\n                    return value\n            except self._ignored_exceptions as exc:\n                screen = getattr(exc, \"screen\", None)\n                stacktrace = getattr(exc, \"stacktrace\", None)\n            if time.monotonic() > end_time:\n                break\n            time.sleep(self._poll)\n>       raise TimeoutException(message, screen, stacktrace)\nE       selenium.common.exceptions.TimeoutException: Message: \nE       Stacktrace:\nE       #0 0x55acd1fe153a <unknown>\nE       #1 0x55acd1adcf00 <unknown>\nE       #2 0x55acd1b2cc0c <unknown>\nE       #3 0x55acd1b2ce31 <unknown>\nE       #4 0x55acd1b72bd4 <unknown>\nE       #5 0x55acd1b515cd <unknown>\nE       #6 0x55acd1b6ff84 <unknown>\nE       #7 0x55acd1b51343 <unknown>\nE       #8 0x55acd1b1e78a <unknown>\nE       #9 0x55acd1b1f9de <unknown>\nE       #10 0x55acd1fab2cb <unknown>\nE       #11 0x55acd1faf242 <unknown>\nE       #12 0x55acd1f987ac <unknown>\nE       #13 0x55acd1fafdf7 <unknown>\nE       #14 0x55acd1f7cb2f <unknown>\nE       #15 0x55acd1fd01a8 <unknown>\nE       #16 0x55acd1fd0370 <unknown>\nE       #17 0x55acd1fe03b6 <unknown>\nE       #18 0x7f290ca9caa4 <unknown>\nE       #19 0x7f290cb29c3c <unknown>\n\n.venv/lib/python3.13/site-packages/selenium/webdriver/support/wait.py:138: TimeoutException","steps":[{"name":"Click Login link","time":{"start":1754014985428,"stop":1754014995811,"duration":10383},"status":"broken","statusMessage":"selenium.common.exceptions.TimeoutException: Message: \nStacktrace:\n#0 0x55acd1fe153a <unknown>\n#1 0x55acd1adcf00 <unknown>\n#2 0x55acd1b2cc0c <unknown>\n#3 0x55acd1b2ce31 <unknown>\n#4 0x55acd1b72bd4 <unknown>\n#5 0x55acd1b515cd <unknown>\n#6 0x55acd1b6ff84 <unknown>\n#7 0x55acd1b51343 <unknown>\n#8 0x55acd1b1e78a <unknown>\n#9 0x55acd1b1f9de <unknown>\n#10 0x55acd1fab2cb <unknown>\n#11 0x55acd1faf242 <unknown>\n#12 0x55acd1f987ac <unknown>\n#13 0x55acd1fafdf7 <unknown>\n#14 0x55acd1f7cb2f <unknown>\n#15 0x55acd1fd01a8 <unknown>\n#16 0x55acd1fd0370 <unknown>\n#17 0x55acd1fe03b6 <unknown>\n#18 0x7f290ca9caa4 <unknown>\n#19 0x7f290cb29c3c <unknown>\n\n","statusTrace":"  File \"/home/runner/work/Selenium-Python-Example/Selenium-Python-Example/.venv/lib/python3.13/site-packages/allure_commons/_allure.py\", line 202, in impl\n    return func(*a, **kw)\n  File \"/home/runner/work/Selenium-Python-Example/Selenium-Python-Example/src/pages/about_page.py\", line 18, in click_login_link\n    self.click(self.LOGIN_LINK)\n    ~~~~~~~~~~^^^^^^^^^^^^^^^^^\n  File \"/home/runner/work/Selenium-Python-Example/Selenium-Python-Example/src/pages/base_page.py\", line 59, in click\n    el: WebElement = self.wait.until(expected_conditions.element_to_be_clickable(locator))\n                     ~~~~~~~~~~~~~~~^^^^^^^^^^^^^^^^^^^^^^^^^^^^^^^^^^^^^^^^^^^^^^^^^^^^^^\n  File \"/home/runner/work/Selenium-Python-Example/Selenium-Python-Example/.venv/lib/python3.13/site-packages/selenium/webdriver/support/wait.py\", line 138, in until\n    raise TimeoutException(message, screen, stacktrace)\n","steps":[],"attachments":[],"parameters":[],"shouldDisplayMessage":true,"stepsCount":0,"attachmentsCount":0,"hasContent":true,"attachmentStep":false},{"name":"public ip address","time":{"start":1754014995821,"stop":1754014996015,"duration":194},"status":"passed","steps":[],"attachments":[{"uid":"7a231dcdd7ddc87","name":"HTTP logs of http://checkip.amazonaws.com/","source":"7a231dcdd7ddc87.txt","type":"text/plain","size":356}],"parameters":[],"shouldDisplayMessage":false,"stepsCount":0,"attachmentsCount":1,"hasContent":true,"attachmentStep":false}],"attachments":[{"uid":"c5d27457e1d5c36d","name":"Cookies","source":"c5d27457e1d5c36d.json","type":"application/json","size":4116},{"uid":"15c3f908e5039459","name":"Session Storage","source":"15c3f908e5039459.json","type":"application/json","size":358},{"uid":"d88e8d4bd70d6ea2","name":"Local Storage","source":"d88e8d4bd70d6ea2.json","type":"application/json","size":548},{"uid":"448e4ff3c91ddeb0","name":"Full Page Screenshot","source":"448e4ff3c91ddeb0.png","type":"image/png","size":1979935},{"uid":"b1b72f814f1b0278","name":"URL","source":"b1b72f814f1b0278.uri","type":"text/uri-list","size":23},{"uid":"d662dd49d2e8f6dc","name":"Network Logs","source":"d662dd49d2e8f6dc.json","type":"application/json","size":10199129}],"parameters":[],"shouldDisplayMessage":true,"stepsCount":2,"attachmentsCount":7,"hasContent":true,"attachmentStep":false},"afterStages":[{"name":"session_request::0","time":{"start":1754015016925,"stop":1754015016925,"duration":0},"status":"passed","steps":[],"attachments":[],"parameters":[],"shouldDisplayMessage":false,"stepsCount":0,"attachmentsCount":0,"hasContent":false,"attachmentStep":false}],"labels":[{"name":"subSuite","value":"Custom sub suite"},{"name":"suite","value":"Custom suite"},{"name":"parentSuite","value":"Custom parent suite"},{"name":"severity","value":"critical"},{"name":"story","value":"Forgot Password Feature's Functionality"},{"name":"epic","value":"Security"},{"name":"tag","value":"security"},{"name":"host","value":"pkrvmjbmru5nbw0"},{"name":"thread","value":"2172-MainThread"},{"name":"framework","value":"pytest"},{"name":"language","value":"cpython3"},{"name":"package","value":"tests.forgot_password_test"},{"name":"resultFormat","value":"allure2"}],"parameters":[],"links":[{"name":"TESTCASE-2","url":"https://github.com/allure-examples/allure-examples/issues/2","type":"tms"},{"name":"ISSUE-1","url":"https://github.com/allure-examples/allure-examples/issues/1","type":"issue"},{"name":"Allure Examples","url":"https://github.com/allure-examples/","type":"link"}],"hidden":false,"retry":false,"extra":{"severity":"critical","retries":[],"categories":[{"name":"Test defects","matchedStatuses":[],"flaky":false}],"tags":["security"]},"source":"5cbfdd84a3c485c6.json","parameterValues":[]}