{"uid":"5e97987893e25cfd","name":"Exception test","fullName":"tests.forgot_password_test.TestForgotPassword#test_expected_exception_on_page_title","historyId":"288cd0030c92ba34b4ff4b58ed8ec476","time":{"start":1761097896394,"stop":1761097906833,"duration":10439},"description":"Exception catching","descriptionHtml":"<p>Exception catching</p>\n","status":"broken","statusMessage":"selenium.common.exceptions.TimeoutException: Message: \nStacktrace:\n#0 0x5649e9f9e53a <unknown>\n#1 0x5649e9a99f00 <unknown>\n#2 0x5649e9ae9c0c <unknown>\n#3 0x5649e9ae9e31 <unknown>\n#4 0x5649e9b2fbd4 <unknown>\n#5 0x5649e9b0e5cd <unknown>\n#6 0x5649e9b2cf84 <unknown>\n#7 0x5649e9b0e343 <unknown>\n#8 0x5649e9adb78a <unknown>\n#9 0x5649e9adc9de <unknown>\n#10 0x5649e9f682cb <unknown>\n#11 0x5649e9f6c242 <unknown>\n#12 0x5649e9f557ac <unknown>\n#13 0x5649e9f6cdf7 <unknown>\n#14 0x5649e9f39b2f <unknown>\n#15 0x5649e9f8d1a8 <unknown>\n#16 0x5649e9f8d370 <unknown>\n#17 0x5649e9f9d3b6 <unknown>\n#18 0x7f6999e9caa4 <unknown>\n#19 0x7f6999f29c6c <unknown>","statusTrace":"self = <tests.forgot_password_test.TestForgotPassword object at 0x7f6f82076c40>\n\n    @allure.description(\"Exception catching\")\n    @allure.title(\"Exception test\")\n    @allure.link(\"github.com/allure-examples/\", name=\"Allure Examples\")\n    @allure.issue(\"github.com/allure-examples/allure-examples/issues/1\", name=\"ISSUE-1\")\n    @allure.testcase(\"github.com/allure-examples/allure-examples/issues/2\", name=\"TESTCASE-2\")\n    def test_expected_exception_on_page_title(self) -> None:\n>       self.about_page.click_login_link()\n\ntests/forgot_password_test.py:51: \n_ _ _ _ _ _ _ _ _ _ _ _ _ _ _ _ _ _ _ _ _ _ _ _ _ _ _ _ _ _ _ _ _ _ _ _ _ _ _ _ \nsrc/pages/about_page.py:18: in click_login_link\n    self.click(self.LOGIN_LINK)\nsrc/pages/base_page.py:59: in click\n    el: WebElement = self.wait.until(expected_conditions.element_to_be_clickable(locator))\n                     ^^^^^^^^^^^^^^^^^^^^^^^^^^^^^^^^^^^^^^^^^^^^^^^^^^^^^^^^^^^^^^^^^^^^^\n_ _ _ _ _ _ _ _ _ _ _ _ _ _ _ _ _ _ _ _ _ _ _ _ _ _ _ _ _ _ _ _ _ _ _ _ _ _ _ _ \n\nself = <selenium.webdriver.support.wait.WebDriverWait (session=\"e14ee90269fcd42cce77321a978deb88\")>\nmethod = <function element_to_be_clickable.<locals>._predicate at 0x7f6f82190400>\nmessage = ''\n\n    def until(self, method: Callable[[D], Union[Literal[False], T]], message: str = \"\") -> T:\n        \"\"\"Wait until the method returns a value that is not False.\n    \n        Calls the method provided with the driver as an argument until the\n        return value does not evaluate to ``False``.\n    \n        Parameters:\n        -----------\n        method: callable(WebDriver)\n            - A callable object that takes a WebDriver instance as an argument.\n    \n        message: str\n            - Optional message for :exc:`TimeoutException`\n    \n        Return:\n        -------\n        object: T\n            - The result of the last call to `method`\n    \n        Raises:\n        -------\n        TimeoutException\n            - If 'method' does not return a truthy value within the WebDriverWait\n            object's timeout\n    \n        Example:\n        --------\n        >>> from selenium.webdriver.common.by import By\n        >>> from selenium.webdriver.support.ui import WebDriverWait\n        >>> from selenium.webdriver.support import expected_conditions as EC\n    \n        # Wait until an element is visible on the page\n        >>> wait = WebDriverWait(driver, 10)\n        >>> element = wait.until(EC.visibility_of_element_located((By.ID, \"exampleId\")))\n        >>> print(element.text)\n        \"\"\"\n        screen = None\n        stacktrace = None\n    \n        end_time = time.monotonic() + self._timeout\n        while True:\n            try:\n                value = method(self._driver)\n                if value:\n                    return value\n            except self._ignored_exceptions as exc:\n                screen = getattr(exc, \"screen\", None)\n                stacktrace = getattr(exc, \"stacktrace\", None)\n            if time.monotonic() > end_time:\n                break\n            time.sleep(self._poll)\n>       raise TimeoutException(message, screen, stacktrace)\nE       selenium.common.exceptions.TimeoutException: Message: \nE       Stacktrace:\nE       #0 0x5649e9f9e53a <unknown>\nE       #1 0x5649e9a99f00 <unknown>\nE       #2 0x5649e9ae9c0c <unknown>\nE       #3 0x5649e9ae9e31 <unknown>\nE       #4 0x5649e9b2fbd4 <unknown>\nE       #5 0x5649e9b0e5cd <unknown>\nE       #6 0x5649e9b2cf84 <unknown>\nE       #7 0x5649e9b0e343 <unknown>\nE       #8 0x5649e9adb78a <unknown>\nE       #9 0x5649e9adc9de <unknown>\nE       #10 0x5649e9f682cb <unknown>\nE       #11 0x5649e9f6c242 <unknown>\nE       #12 0x5649e9f557ac <unknown>\nE       #13 0x5649e9f6cdf7 <unknown>\nE       #14 0x5649e9f39b2f <unknown>\nE       #15 0x5649e9f8d1a8 <unknown>\nE       #16 0x5649e9f8d370 <unknown>\nE       #17 0x5649e9f9d3b6 <unknown>\nE       #18 0x7f6999e9caa4 <unknown>\nE       #19 0x7f6999f29c6c <unknown>\n\n.venv/lib/python3.13/site-packages/selenium/webdriver/support/wait.py:138: TimeoutException","flaky":false,"newFailed":false,"newBroken":false,"newPassed":false,"retriesCount":0,"retriesStatusChange":false,"beforeStages":[{"name":"session_request","time":{"start":1761097890664,"stop":1761097890665,"duration":1},"status":"passed","steps":[],"attachments":[],"parameters":[],"shouldDisplayMessage":false,"stepsCount":0,"attachmentsCount":0,"hasContent":false,"attachmentStep":false},{"name":"base_url","time":{"start":1761097890664,"stop":1761097890664,"duration":0},"status":"passed","steps":[],"attachments":[],"parameters":[],"shouldDisplayMessage":false,"stepsCount":0,"attachmentsCount":0,"hasContent":false,"attachmentStep":false},{"name":"_verify_url","time":{"start":1761097890664,"stop":1761097890664,"duration":0},"status":"passed","steps":[],"attachments":[],"parameters":[],"shouldDisplayMessage":false,"stepsCount":0,"attachmentsCount":0,"hasContent":false,"attachmentStep":false}],"testStage":{"description":"Exception catching","status":"broken","statusMessage":"selenium.common.exceptions.TimeoutException: Message: \nStacktrace:\n#0 0x5649e9f9e53a <unknown>\n#1 0x5649e9a99f00 <unknown>\n#2 0x5649e9ae9c0c <unknown>\n#3 0x5649e9ae9e31 <unknown>\n#4 0x5649e9b2fbd4 <unknown>\n#5 0x5649e9b0e5cd <unknown>\n#6 0x5649e9b2cf84 <unknown>\n#7 0x5649e9b0e343 <unknown>\n#8 0x5649e9adb78a <unknown>\n#9 0x5649e9adc9de <unknown>\n#10 0x5649e9f682cb <unknown>\n#11 0x5649e9f6c242 <unknown>\n#12 0x5649e9f557ac <unknown>\n#13 0x5649e9f6cdf7 <unknown>\n#14 0x5649e9f39b2f <unknown>\n#15 0x5649e9f8d1a8 <unknown>\n#16 0x5649e9f8d370 <unknown>\n#17 0x5649e9f9d3b6 <unknown>\n#18 0x7f6999e9caa4 <unknown>\n#19 0x7f6999f29c6c <unknown>","statusTrace":"self = <tests.forgot_password_test.TestForgotPassword object at 0x7f6f82076c40>\n\n    @allure.description(\"Exception catching\")\n    @allure.title(\"Exception test\")\n    @allure.link(\"github.com/allure-examples/\", name=\"Allure Examples\")\n    @allure.issue(\"github.com/allure-examples/allure-examples/issues/1\", name=\"ISSUE-1\")\n    @allure.testcase(\"github.com/allure-examples/allure-examples/issues/2\", name=\"TESTCASE-2\")\n    def test_expected_exception_on_page_title(self) -> None:\n>       self.about_page.click_login_link()\n\ntests/forgot_password_test.py:51: \n_ _ _ _ _ _ _ _ _ _ _ _ _ _ _ _ _ _ _ _ _ _ _ _ _ _ _ _ _ _ _ _ _ _ _ _ _ _ _ _ \nsrc/pages/about_page.py:18: in click_login_link\n    self.click(self.LOGIN_LINK)\nsrc/pages/base_page.py:59: in click\n    el: WebElement = self.wait.until(expected_conditions.element_to_be_clickable(locator))\n                     ^^^^^^^^^^^^^^^^^^^^^^^^^^^^^^^^^^^^^^^^^^^^^^^^^^^^^^^^^^^^^^^^^^^^^\n_ _ _ _ _ _ _ _ _ _ _ _ _ _ _ _ _ _ _ _ _ _ _ _ _ _ _ _ _ _ _ _ _ _ _ _ _ _ _ _ \n\nself = <selenium.webdriver.support.wait.WebDriverWait (session=\"e14ee90269fcd42cce77321a978deb88\")>\nmethod = <function element_to_be_clickable.<locals>._predicate at 0x7f6f82190400>\nmessage = ''\n\n    def until(self, method: Callable[[D], Union[Literal[False], T]], message: str = \"\") -> T:\n        \"\"\"Wait until the method returns a value that is not False.\n    \n        Calls the method provided with the driver as an argument until the\n        return value does not evaluate to ``False``.\n    \n        Parameters:\n        -----------\n        method: callable(WebDriver)\n            - A callable object that takes a WebDriver instance as an argument.\n    \n        message: str\n            - Optional message for :exc:`TimeoutException`\n    \n        Return:\n        -------\n        object: T\n            - The result of the last call to `method`\n    \n        Raises:\n        -------\n        TimeoutException\n            - If 'method' does not return a truthy value within the WebDriverWait\n            object's timeout\n    \n        Example:\n        --------\n        >>> from selenium.webdriver.common.by import By\n        >>> from selenium.webdriver.support.ui import WebDriverWait\n        >>> from selenium.webdriver.support import expected_conditions as EC\n    \n        # Wait until an element is visible on the page\n        >>> wait = WebDriverWait(driver, 10)\n        >>> element = wait.until(EC.visibility_of_element_located((By.ID, \"exampleId\")))\n        >>> print(element.text)\n        \"\"\"\n        screen = None\n        stacktrace = None\n    \n        end_time = time.monotonic() + self._timeout\n        while True:\n            try:\n                value = method(self._driver)\n                if value:\n                    return value\n            except self._ignored_exceptions as exc:\n                screen = getattr(exc, \"screen\", None)\n                stacktrace = getattr(exc, \"stacktrace\", None)\n            if time.monotonic() > end_time:\n                break\n            time.sleep(self._poll)\n>       raise TimeoutException(message, screen, stacktrace)\nE       selenium.common.exceptions.TimeoutException: Message: \nE       Stacktrace:\nE       #0 0x5649e9f9e53a <unknown>\nE       #1 0x5649e9a99f00 <unknown>\nE       #2 0x5649e9ae9c0c <unknown>\nE       #3 0x5649e9ae9e31 <unknown>\nE       #4 0x5649e9b2fbd4 <unknown>\nE       #5 0x5649e9b0e5cd <unknown>\nE       #6 0x5649e9b2cf84 <unknown>\nE       #7 0x5649e9b0e343 <unknown>\nE       #8 0x5649e9adb78a <unknown>\nE       #9 0x5649e9adc9de <unknown>\nE       #10 0x5649e9f682cb <unknown>\nE       #11 0x5649e9f6c242 <unknown>\nE       #12 0x5649e9f557ac <unknown>\nE       #13 0x5649e9f6cdf7 <unknown>\nE       #14 0x5649e9f39b2f <unknown>\nE       #15 0x5649e9f8d1a8 <unknown>\nE       #16 0x5649e9f8d370 <unknown>\nE       #17 0x5649e9f9d3b6 <unknown>\nE       #18 0x7f6999e9caa4 <unknown>\nE       #19 0x7f6999f29c6c <unknown>\n\n.venv/lib/python3.13/site-packages/selenium/webdriver/support/wait.py:138: TimeoutException","steps":[{"name":"Click Login link","time":{"start":1761097896394,"stop":1761097906832,"duration":10438},"status":"broken","statusMessage":"selenium.common.exceptions.TimeoutException: Message: \nStacktrace:\n#0 0x5649e9f9e53a <unknown>\n#1 0x5649e9a99f00 <unknown>\n#2 0x5649e9ae9c0c <unknown>\n#3 0x5649e9ae9e31 <unknown>\n#4 0x5649e9b2fbd4 <unknown>\n#5 0x5649e9b0e5cd <unknown>\n#6 0x5649e9b2cf84 <unknown>\n#7 0x5649e9b0e343 <unknown>\n#8 0x5649e9adb78a <unknown>\n#9 0x5649e9adc9de <unknown>\n#10 0x5649e9f682cb <unknown>\n#11 0x5649e9f6c242 <unknown>\n#12 0x5649e9f557ac <unknown>\n#13 0x5649e9f6cdf7 <unknown>\n#14 0x5649e9f39b2f <unknown>\n#15 0x5649e9f8d1a8 <unknown>\n#16 0x5649e9f8d370 <unknown>\n#17 0x5649e9f9d3b6 <unknown>\n#18 0x7f6999e9caa4 <unknown>\n#19 0x7f6999f29c6c <unknown>\n\n","statusTrace":"  File \"/home/runner/work/Selenium-Python-Example/Selenium-Python-Example/.venv/lib/python3.13/site-packages/allure_commons/_allure.py\", line 202, in impl\n    return func(*a, **kw)\n  File \"/home/runner/work/Selenium-Python-Example/Selenium-Python-Example/src/pages/about_page.py\", line 18, in click_login_link\n    self.click(self.LOGIN_LINK)\n    ~~~~~~~~~~^^^^^^^^^^^^^^^^^\n  File \"/home/runner/work/Selenium-Python-Example/Selenium-Python-Example/src/pages/base_page.py\", line 59, in click\n    el: WebElement = self.wait.until(expected_conditions.element_to_be_clickable(locator))\n                     ~~~~~~~~~~~~~~~^^^^^^^^^^^^^^^^^^^^^^^^^^^^^^^^^^^^^^^^^^^^^^^^^^^^^^\n  File \"/home/runner/work/Selenium-Python-Example/Selenium-Python-Example/.venv/lib/python3.13/site-packages/selenium/webdriver/support/wait.py\", line 138, in until\n    raise TimeoutException(message, screen, stacktrace)\n","steps":[],"attachments":[],"parameters":[],"shouldDisplayMessage":true,"stepsCount":0,"attachmentsCount":0,"hasContent":true,"attachmentStep":false},{"name":"public ip address","time":{"start":1761097906844,"stop":1761097906890,"duration":46},"status":"passed","steps":[],"attachments":[{"uid":"547746df615ebea4","name":"HTTP logs of http://checkip.amazonaws.com/","source":"547746df615ebea4.txt","type":"text/plain","size":359}],"parameters":[],"shouldDisplayMessage":false,"stepsCount":0,"attachmentsCount":1,"hasContent":true,"attachmentStep":false}],"attachments":[{"uid":"bc49a1985576533e","name":"Cookies","source":"bc49a1985576533e.json","type":"application/json","size":4643},{"uid":"6f3a3169c1245516","name":"Session Storage","source":"6f3a3169c1245516.json","type":"application/json","size":382},{"uid":"25cedfdbb4ff2064","name":"Local Storage","source":"25cedfdbb4ff2064.json","type":"application/json","size":563},{"uid":"7792d595d78241e2","name":"Full Page Screenshot","source":"7792d595d78241e2.png","type":"image/png","size":2110595},{"uid":"f70d8f0ac1242f51","name":"URL","source":"f70d8f0ac1242f51.uri","type":"text/uri-list","size":23},{"uid":"12846b74aa8f594f","name":"Network Logs","source":"12846b74aa8f594f.json","type":"application/json","size":8904530}],"parameters":[],"shouldDisplayMessage":true,"stepsCount":2,"attachmentsCount":7,"hasContent":true,"attachmentStep":false},"afterStages":[{"name":"session_request::0","time":{"start":1761097925063,"stop":1761097925063,"duration":0},"status":"passed","steps":[],"attachments":[],"parameters":[],"shouldDisplayMessage":false,"stepsCount":0,"attachmentsCount":0,"hasContent":false,"attachmentStep":false}],"labels":[{"name":"subSuite","value":"Custom sub suite"},{"name":"suite","value":"Custom suite"},{"name":"epic","value":"Security"},{"name":"severity","value":"critical"},{"name":"parentSuite","value":"Custom parent suite"},{"name":"story","value":"Forgot Password Feature's Functionality"},{"name":"tag","value":"security"},{"name":"host","value":"runnervmwhb2z"},{"name":"thread","value":"2190-MainThread"},{"name":"framework","value":"pytest"},{"name":"language","value":"cpython3"},{"name":"package","value":"tests.forgot_password_test"},{"name":"resultFormat","value":"allure2"}],"parameters":[],"links":[{"name":"TESTCASE-2","url":"https://github.com/allure-examples/allure-examples/issues/2","type":"tms"},{"name":"ISSUE-1","url":"https://github.com/allure-examples/allure-examples/issues/1","type":"issue"},{"name":"Allure Examples","url":"https://github.com/allure-examples/","type":"link"}],"hidden":false,"retry":false,"extra":{"severity":"critical","retries":[],"categories":[{"name":"Test defects","matchedStatuses":[],"flaky":false}],"history":{"statistic":{"failed":0,"broken":21,"skipped":0,"passed":0,"unknown":0,"total":21},"items":[{"uid":"a7d06af834451b7f","reportUrl":"https://nirtal85.github.io/Selenium-Python-Example/813//#testresult/a7d06af834451b7f","status":"broken","statusDetails":"selenium.common.exceptions.TimeoutException: Message: \nStacktrace:\n#0 0x55d59445b53a <unknown>\n#1 0x55d593f56f00 <unknown>\n#2 0x55d593fa6c0c <unknown>\n#3 0x55d593fa6e31 <unknown>\n#4 0x55d593fecbd4 <unknown>\n#5 0x55d593fcb5cd <unknown>\n#6 0x55d593fe9f84 <unknown>\n#7 0x55d593fcb343 <unknown>\n#8 0x55d593f9878a <unknown>\n#9 0x55d593f999de <unknown>\n#10 0x55d5944252cb <unknown>\n#11 0x55d594429242 <unknown>\n#12 0x55d5944127ac <unknown>\n#13 0x55d594429df7 <unknown>\n#14 0x55d5943f6b2f <unknown>\n#15 0x55d59444a1a8 <unknown>\n#16 0x55d59444a370 <unknown>\n#17 0x55d59445a3b6 <unknown>\n#18 0x7fd89ce9caa4 <unknown>\n#19 0x7fd89cf29c6c <unknown>","time":{"start":1761011291514,"stop":1761011301863,"duration":10349}},{"uid":"17914ef75141d116","reportUrl":"https://nirtal85.github.io/Selenium-Python-Example/812//#testresult/17914ef75141d116","status":"broken","statusDetails":"selenium.common.exceptions.TimeoutException: Message: \nStacktrace:\n#0 0x56368c2b053a <unknown>\n#1 0x56368bdabf00 <unknown>\n#2 0x56368bdfbc0c <unknown>\n#3 0x56368bdfbe31 <unknown>\n#4 0x56368be41bd4 <unknown>\n#5 0x56368be205cd <unknown>\n#6 0x56368be3ef84 <unknown>\n#7 0x56368be20343 <unknown>\n#8 0x56368bded78a <unknown>\n#9 0x56368bdee9de <unknown>\n#10 0x56368c27a2cb <unknown>\n#11 0x56368c27e242 <unknown>\n#12 0x56368c2677ac <unknown>\n#13 0x56368c27edf7 <unknown>\n#14 0x56368c24bb2f <unknown>\n#15 0x56368c29f1a8 <unknown>\n#16 0x56368c29f370 <unknown>\n#17 0x56368c2af3b6 <unknown>\n#18 0x7f4757a9caa4 <unknown>\n#19 0x7f4757b29c6c <unknown>","time":{"start":1760925249661,"stop":1760925260072,"duration":10411}},{"uid":"682752925381ad7f","reportUrl":"https://nirtal85.github.io/Selenium-Python-Example/811//#testresult/682752925381ad7f","status":"broken","statusDetails":"selenium.common.exceptions.TimeoutException: Message: \nStacktrace:\n#0 0x55c70d55053a <unknown>\n#1 0x55c70d04bf00 <unknown>\n#2 0x55c70d09bc0c <unknown>\n#3 0x55c70d09be31 <unknown>\n#4 0x55c70d0e1bd4 <unknown>\n#5 0x55c70d0c05cd <unknown>\n#6 0x55c70d0def84 <unknown>\n#7 0x55c70d0c0343 <unknown>\n#8 0x55c70d08d78a <unknown>\n#9 0x55c70d08e9de <unknown>\n#10 0x55c70d51a2cb <unknown>\n#11 0x55c70d51e242 <unknown>\n#12 0x55c70d5077ac <unknown>\n#13 0x55c70d51edf7 <unknown>\n#14 0x55c70d4ebb2f <unknown>\n#15 0x55c70d53f1a8 <unknown>\n#16 0x55c70d53f370 <unknown>\n#17 0x55c70d54f3b6 <unknown>\n#18 0x7f717fc9caa4 <unknown>\n#19 0x7f717fd29c6c <unknown>","time":{"start":1760838997585,"stop":1760839007974,"duration":10389}},{"uid":"9a00a6c6ec9e1807","reportUrl":"https://nirtal85.github.io/Selenium-Python-Example/810//#testresult/9a00a6c6ec9e1807","status":"broken","statusDetails":"selenium.common.exceptions.TimeoutException: Message: \nStacktrace:\n#0 0x55a9e231453a <unknown>\n#1 0x55a9e1e0ff00 <unknown>\n#2 0x55a9e1e5fc0c <unknown>\n#3 0x55a9e1e5fe31 <unknown>\n#4 0x55a9e1ea5bd4 <unknown>\n#5 0x55a9e1e845cd <unknown>\n#6 0x55a9e1ea2f84 <unknown>\n#7 0x55a9e1e84343 <unknown>\n#8 0x55a9e1e5178a <unknown>\n#9 0x55a9e1e529de <unknown>\n#10 0x55a9e22de2cb <unknown>\n#11 0x55a9e22e2242 <unknown>\n#12 0x55a9e22cb7ac <unknown>\n#13 0x55a9e22e2df7 <unknown>\n#14 0x55a9e22afb2f <unknown>\n#15 0x55a9e23031a8 <unknown>\n#16 0x55a9e2303370 <unknown>\n#17 0x55a9e23133b6 <unknown>\n#18 0x7fae04e9caa4 <unknown>\n#19 0x7fae04f29c6c <unknown>","time":{"start":1760751601569,"stop":1760751611852,"duration":10283}},{"uid":"37dccdb9260cc658","reportUrl":"https://nirtal85.github.io/Selenium-Python-Example/809//#testresult/37dccdb9260cc658","status":"broken","statusDetails":"selenium.common.exceptions.TimeoutException: Message: \nStacktrace:\n#0 0x55f5f749c53a <unknown>\n#1 0x55f5f6f97f00 <unknown>\n#2 0x55f5f6fe7c0c <unknown>\n#3 0x55f5f6fe7e31 <unknown>\n#4 0x55f5f702dbd4 <unknown>\n#5 0x55f5f700c5cd <unknown>\n#6 0x55f5f702af84 <unknown>\n#7 0x55f5f700c343 <unknown>\n#8 0x55f5f6fd978a <unknown>\n#9 0x55f5f6fda9de <unknown>\n#10 0x55f5f74662cb <unknown>\n#11 0x55f5f746a242 <unknown>\n#12 0x55f5f74537ac <unknown>\n#13 0x55f5f746adf7 <unknown>\n#14 0x55f5f7437b2f <unknown>\n#15 0x55f5f748b1a8 <unknown>\n#16 0x55f5f748b370 <unknown>\n#17 0x55f5f749b3b6 <unknown>\n#18 0x7fdd03c9caa4 <unknown>\n#19 0x7fdd03d29c6c <unknown>","time":{"start":1760665504678,"stop":1760665515069,"duration":10391}},{"uid":"aefe54d26e31fba1","reportUrl":"https://nirtal85.github.io/Selenium-Python-Example/808//#testresult/aefe54d26e31fba1","status":"broken","statusDetails":"selenium.common.exceptions.TimeoutException: Message: \nStacktrace:\n#0 0x557a96b6753a <unknown>\n#1 0x557a96662f00 <unknown>\n#2 0x557a966b2c0c <unknown>\n#3 0x557a966b2e31 <unknown>\n#4 0x557a966f8bd4 <unknown>\n#5 0x557a966d75cd <unknown>\n#6 0x557a966f5f84 <unknown>\n#7 0x557a966d7343 <unknown>\n#8 0x557a966a478a <unknown>\n#9 0x557a966a59de <unknown>\n#10 0x557a96b312cb <unknown>\n#11 0x557a96b35242 <unknown>\n#12 0x557a96b1e7ac <unknown>\n#13 0x557a96b35df7 <unknown>\n#14 0x557a96b02b2f <unknown>\n#15 0x557a96b561a8 <unknown>\n#16 0x557a96b56370 <unknown>\n#17 0x557a96b663b6 <unknown>\n#18 0x7f8c4b49caa4 <unknown>\n#19 0x7f8c4b529c6c <unknown>","time":{"start":1760579159025,"stop":1760579169453,"duration":10428}},{"uid":"48f477da804c5deb","reportUrl":"https://nirtal85.github.io/Selenium-Python-Example/807//#testresult/48f477da804c5deb","status":"broken","statusDetails":"selenium.common.exceptions.TimeoutException: Message: \nStacktrace:\n#0 0x55b39fd3553a <unknown>\n#1 0x55b39f830f00 <unknown>\n#2 0x55b39f880c0c <unknown>\n#3 0x55b39f880e31 <unknown>\n#4 0x55b39f8c6bd4 <unknown>\n#5 0x55b39f8a55cd <unknown>\n#6 0x55b39f8c3f84 <unknown>\n#7 0x55b39f8a5343 <unknown>\n#8 0x55b39f87278a <unknown>\n#9 0x55b39f8739de <unknown>\n#10 0x55b39fcff2cb <unknown>\n#11 0x55b39fd03242 <unknown>\n#12 0x55b39fcec7ac <unknown>\n#13 0x55b39fd03df7 <unknown>\n#14 0x55b39fcd0b2f <unknown>\n#15 0x55b39fd241a8 <unknown>\n#16 0x55b39fd24370 <unknown>\n#17 0x55b39fd343b6 <unknown>\n#18 0x7f04e2a9caa4 <unknown>\n#19 0x7f04e2b29c6c <unknown>","time":{"start":1760492829581,"stop":1760492839832,"duration":10251}},{"uid":"2ff9d99ea1134c04","reportUrl":"https://nirtal85.github.io/Selenium-Python-Example/806//#testresult/2ff9d99ea1134c04","status":"broken","statusDetails":"selenium.common.exceptions.TimeoutException: Message: \nStacktrace:\n#0 0x55c6f803b53a <unknown>\n#1 0x55c6f7b36f00 <unknown>\n#2 0x55c6f7b86c0c <unknown>\n#3 0x55c6f7b86e31 <unknown>\n#4 0x55c6f7bccbd4 <unknown>\n#5 0x55c6f7bab5cd <unknown>\n#6 0x55c6f7bc9f84 <unknown>\n#7 0x55c6f7bab343 <unknown>\n#8 0x55c6f7b7878a <unknown>\n#9 0x55c6f7b799de <unknown>\n#10 0x55c6f80052cb <unknown>\n#11 0x55c6f8009242 <unknown>\n#12 0x55c6f7ff27ac <unknown>\n#13 0x55c6f8009df7 <unknown>\n#14 0x55c6f7fd6b2f <unknown>\n#15 0x55c6f802a1a8 <unknown>\n#16 0x55c6f802a370 <unknown>\n#17 0x55c6f803a3b6 <unknown>\n#18 0x7ff4cc09caa4 <unknown>\n#19 0x7ff4cc129c6c <unknown>","time":{"start":1760406254161,"stop":1760406264554,"duration":10393}},{"uid":"67b553f9faa87c5b","reportUrl":"https://nirtal85.github.io/Selenium-Python-Example/805//#testresult/67b553f9faa87c5b","status":"broken","statusDetails":"selenium.common.exceptions.TimeoutException: Message: \nStacktrace:\n#0 0x55b04ec7f53a <unknown>\n#1 0x55b04e77af00 <unknown>\n#2 0x55b04e7cac0c <unknown>\n#3 0x55b04e7cae31 <unknown>\n#4 0x55b04e810bd4 <unknown>\n#5 0x55b04e7ef5cd <unknown>\n#6 0x55b04e80df84 <unknown>\n#7 0x55b04e7ef343 <unknown>\n#8 0x55b04e7bc78a <unknown>\n#9 0x55b04e7bd9de <unknown>\n#10 0x55b04ec492cb <unknown>\n#11 0x55b04ec4d242 <unknown>\n#12 0x55b04ec367ac <unknown>\n#13 0x55b04ec4ddf7 <unknown>\n#14 0x55b04ec1ab2f <unknown>\n#15 0x55b04ec6e1a8 <unknown>\n#16 0x55b04ec6e370 <unknown>\n#17 0x55b04ec7e3b6 <unknown>\n#18 0x7f422c69caa4 <unknown>\n#19 0x7f422c729c6c <unknown>","time":{"start":1760320243164,"stop":1760320253581,"duration":10417}},{"uid":"a54e1d66d21b7472","reportUrl":"https://nirtal85.github.io/Selenium-Python-Example/804//#testresult/a54e1d66d21b7472","status":"broken","statusDetails":"selenium.common.exceptions.TimeoutException: Message: \nStacktrace:\n#0 0x56279443153a <unknown>\n#1 0x562793f2cf00 <unknown>\n#2 0x562793f7cc0c <unknown>\n#3 0x562793f7ce31 <unknown>\n#4 0x562793fc2bd4 <unknown>\n#5 0x562793fa15cd <unknown>\n#6 0x562793fbff84 <unknown>\n#7 0x562793fa1343 <unknown>\n#8 0x562793f6e78a <unknown>\n#9 0x562793f6f9de <unknown>\n#10 0x5627943fb2cb <unknown>\n#11 0x5627943ff242 <unknown>\n#12 0x5627943e87ac <unknown>\n#13 0x5627943ffdf7 <unknown>\n#14 0x5627943ccb2f <unknown>\n#15 0x5627944201a8 <unknown>\n#16 0x562794420370 <unknown>\n#17 0x5627944303b6 <unknown>\n#18 0x7f8967a9caa4 <unknown>\n#19 0x7f8967b29c6c <unknown>","time":{"start":1760233650264,"stop":1760233660689,"duration":10425}},{"uid":"699e96a4760c7838","reportUrl":"https://nirtal85.github.io/Selenium-Python-Example/803//#testresult/699e96a4760c7838","status":"broken","statusDetails":"selenium.common.exceptions.TimeoutException: Message: \nStacktrace:\n#0 0x56492004d53a <unknown>\n#1 0x56491fb48f00 <unknown>\n#2 0x56491fb98c0c <unknown>\n#3 0x56491fb98e31 <unknown>\n#4 0x56491fbdebd4 <unknown>\n#5 0x56491fbbd5cd <unknown>\n#6 0x56491fbdbf84 <unknown>\n#7 0x56491fbbd343 <unknown>\n#8 0x56491fb8a78a <unknown>\n#9 0x56491fb8b9de <unknown>\n#10 0x5649200172cb <unknown>\n#11 0x56492001b242 <unknown>\n#12 0x5649200047ac <unknown>\n#13 0x56492001bdf7 <unknown>\n#14 0x56491ffe8b2f <unknown>\n#15 0x56492003c1a8 <unknown>\n#16 0x56492003c370 <unknown>\n#17 0x56492004c3b6 <unknown>\n#18 0x7f86a4a9caa4 <unknown>\n#19 0x7f86a4b29c6c <unknown>","time":{"start":1760146795476,"stop":1760146805837,"duration":10361}},{"uid":"68cb764fec54a208","reportUrl":"https://nirtal85.github.io/Selenium-Python-Example/802//#testresult/68cb764fec54a208","status":"broken","statusDetails":"selenium.common.exceptions.TimeoutException: Message: \nStacktrace:\n#0 0x55bdc8cf253a <unknown>\n#1 0x55bdc87edf00 <unknown>\n#2 0x55bdc883dc0c <unknown>\n#3 0x55bdc883de31 <unknown>\n#4 0x55bdc8883bd4 <unknown>\n#5 0x55bdc88625cd <unknown>\n#6 0x55bdc8880f84 <unknown>\n#7 0x55bdc8862343 <unknown>\n#8 0x55bdc882f78a <unknown>\n#9 0x55bdc88309de <unknown>\n#10 0x55bdc8cbc2cb <unknown>\n#11 0x55bdc8cc0242 <unknown>\n#12 0x55bdc8ca97ac <unknown>\n#13 0x55bdc8cc0df7 <unknown>\n#14 0x55bdc8c8db2f <unknown>\n#15 0x55bdc8ce11a8 <unknown>\n#16 0x55bdc8ce1370 <unknown>\n#17 0x55bdc8cf13b6 <unknown>\n#18 0x7fabe789caa4 <unknown>\n#19 0x7fabe7929c6c <unknown>","time":{"start":1760060658049,"stop":1760060668461,"duration":10412}},{"uid":"4c75fb96c7c0c7cb","reportUrl":"https://nirtal85.github.io/Selenium-Python-Example/801//#testresult/4c75fb96c7c0c7cb","status":"broken","statusDetails":"selenium.common.exceptions.TimeoutException: Message: \nStacktrace:\n#0 0x5632e985353a <unknown>\n#1 0x5632e934ef00 <unknown>\n#2 0x5632e939ec0c <unknown>\n#3 0x5632e939ee31 <unknown>\n#4 0x5632e93e4bd4 <unknown>\n#5 0x5632e93c35cd <unknown>\n#6 0x5632e93e1f84 <unknown>\n#7 0x5632e93c3343 <unknown>\n#8 0x5632e939078a <unknown>\n#9 0x5632e93919de <unknown>\n#10 0x5632e981d2cb <unknown>\n#11 0x5632e9821242 <unknown>\n#12 0x5632e980a7ac <unknown>\n#13 0x5632e9821df7 <unknown>\n#14 0x5632e97eeb2f <unknown>\n#15 0x5632e98421a8 <unknown>\n#16 0x5632e9842370 <unknown>\n#17 0x5632e98523b6 <unknown>\n#18 0x7f88b309caa4 <unknown>\n#19 0x7f88b3129c6c <unknown>","time":{"start":1759974224906,"stop":1759974235226,"duration":10320}},{"uid":"31703db159100cd3","reportUrl":"https://nirtal85.github.io/Selenium-Python-Example/800//#testresult/31703db159100cd3","status":"broken","statusDetails":"selenium.common.exceptions.TimeoutException: Message: \nStacktrace:\n#0 0x55940cb3453a <unknown>\n#1 0x55940c62ff00 <unknown>\n#2 0x55940c67fc0c <unknown>\n#3 0x55940c67fe31 <unknown>\n#4 0x55940c6c5bd4 <unknown>\n#5 0x55940c6a45cd <unknown>\n#6 0x55940c6c2f84 <unknown>\n#7 0x55940c6a4343 <unknown>\n#8 0x55940c67178a <unknown>\n#9 0x55940c6729de <unknown>\n#10 0x55940cafe2cb <unknown>\n#11 0x55940cb02242 <unknown>\n#12 0x55940caeb7ac <unknown>\n#13 0x55940cb02df7 <unknown>\n#14 0x55940cacfb2f <unknown>\n#15 0x55940cb231a8 <unknown>\n#16 0x55940cb23370 <unknown>\n#17 0x55940cb333b6 <unknown>\n#18 0x7f6c9349caa4 <unknown>\n#19 0x7f6c93529c6c <unknown>","time":{"start":1759887759695,"stop":1759887769747,"duration":10052}},{"uid":"2c2a3178a80e9353","reportUrl":"https://nirtal85.github.io/Selenium-Python-Example/799//#testresult/2c2a3178a80e9353","status":"broken","statusDetails":"selenium.common.exceptions.TimeoutException: Message: \nStacktrace:\n#0 0x560f1180753a <unknown>\n#1 0x560f11302f00 <unknown>\n#2 0x560f11352c0c <unknown>\n#3 0x560f11352e31 <unknown>\n#4 0x560f11398bd4 <unknown>\n#5 0x560f113775cd <unknown>\n#6 0x560f11395f84 <unknown>\n#7 0x560f11377343 <unknown>\n#8 0x560f1134478a <unknown>\n#9 0x560f113459de <unknown>\n#10 0x560f117d12cb <unknown>\n#11 0x560f117d5242 <unknown>\n#12 0x560f117be7ac <unknown>\n#13 0x560f117d5df7 <unknown>\n#14 0x560f117a2b2f <unknown>\n#15 0x560f117f61a8 <unknown>\n#16 0x560f117f6370 <unknown>\n#17 0x560f118063b6 <unknown>\n#18 0x7f59b109caa4 <unknown>\n#19 0x7f59b1129c6c <unknown>","time":{"start":1759801343678,"stop":1759801354073,"duration":10395}},{"uid":"ba3e5d15684d7693","reportUrl":"https://nirtal85.github.io/Selenium-Python-Example/798//#testresult/ba3e5d15684d7693","status":"broken","statusDetails":"selenium.common.exceptions.TimeoutException: Message: \nStacktrace:\n#0 0x555dc01e953a <unknown>\n#1 0x555dbfce4f00 <unknown>\n#2 0x555dbfd34c0c <unknown>\n#3 0x555dbfd34e31 <unknown>\n#4 0x555dbfd7abd4 <unknown>\n#5 0x555dbfd595cd <unknown>\n#6 0x555dbfd77f84 <unknown>\n#7 0x555dbfd59343 <unknown>\n#8 0x555dbfd2678a <unknown>\n#9 0x555dbfd279de <unknown>\n#10 0x555dc01b32cb <unknown>\n#11 0x555dc01b7242 <unknown>\n#12 0x555dc01a07ac <unknown>\n#13 0x555dc01b7df7 <unknown>\n#14 0x555dc0184b2f <unknown>\n#15 0x555dc01d81a8 <unknown>\n#16 0x555dc01d8370 <unknown>\n#17 0x555dc01e83b6 <unknown>\n#18 0x7f8ec6e9caa4 <unknown>\n#19 0x7f8ec6f29c6c <unknown>","time":{"start":1759715097919,"stop":1759715108316,"duration":10397}},{"uid":"fb4631e9eee3f02d","reportUrl":"https://nirtal85.github.io/Selenium-Python-Example/797//#testresult/fb4631e9eee3f02d","status":"broken","statusDetails":"selenium.common.exceptions.TimeoutException: Message: \nStacktrace:\n#0 0x55cd5f52953a <unknown>\n#1 0x55cd5f024f00 <unknown>\n#2 0x55cd5f074c0c <unknown>\n#3 0x55cd5f074e31 <unknown>\n#4 0x55cd5f0babd4 <unknown>\n#5 0x55cd5f0995cd <unknown>\n#6 0x55cd5f0b7f84 <unknown>\n#7 0x55cd5f099343 <unknown>\n#8 0x55cd5f06678a <unknown>\n#9 0x55cd5f0679de <unknown>\n#10 0x55cd5f4f32cb <unknown>\n#11 0x55cd5f4f7242 <unknown>\n#12 0x55cd5f4e07ac <unknown>\n#13 0x55cd5f4f7df7 <unknown>\n#14 0x55cd5f4c4b2f <unknown>\n#15 0x55cd5f5181a8 <unknown>\n#16 0x55cd5f518370 <unknown>\n#17 0x55cd5f5283b6 <unknown>\n#18 0x7fe51c69caa4 <unknown>\n#19 0x7fe51c729c6c <unknown>","time":{"start":1759629086285,"stop":1759629096653,"duration":10368}},{"uid":"4aff297341efcb7b","reportUrl":"https://nirtal85.github.io/Selenium-Python-Example/796//#testresult/4aff297341efcb7b","status":"broken","statusDetails":"selenium.common.exceptions.TimeoutException: Message: \nStacktrace:\n#0 0x55759198d53a <unknown>\n#1 0x557591488f00 <unknown>\n#2 0x5575914d8c0c <unknown>\n#3 0x5575914d8e31 <unknown>\n#4 0x55759151ebd4 <unknown>\n#5 0x5575914fd5cd <unknown>\n#6 0x55759151bf84 <unknown>\n#7 0x5575914fd343 <unknown>\n#8 0x5575914ca78a <unknown>\n#9 0x5575914cb9de <unknown>\n#10 0x5575919572cb <unknown>\n#11 0x55759195b242 <unknown>\n#12 0x5575919447ac <unknown>\n#13 0x55759195bdf7 <unknown>\n#14 0x557591928b2f <unknown>\n#15 0x55759197c1a8 <unknown>\n#16 0x55759197c370 <unknown>\n#17 0x55759198c3b6 <unknown>\n#18 0x7f1caee9caa4 <unknown>\n#19 0x7f1caef29c6c <unknown>","time":{"start":1759541882784,"stop":1759541892803,"duration":10019}},{"uid":"f66f346b7913c267","reportUrl":"https://nirtal85.github.io/Selenium-Python-Example/795//#testresult/f66f346b7913c267","status":"broken","statusDetails":"selenium.common.exceptions.TimeoutException: Message: \nStacktrace:\n#0 0x55842ce8d53a <unknown>\n#1 0x55842c988f00 <unknown>\n#2 0x55842c9d8c0c <unknown>\n#3 0x55842c9d8e31 <unknown>\n#4 0x55842ca1ebd4 <unknown>\n#5 0x55842c9fd5cd <unknown>\n#6 0x55842ca1bf84 <unknown>\n#7 0x55842c9fd343 <unknown>\n#8 0x55842c9ca78a <unknown>\n#9 0x55842c9cb9de <unknown>\n#10 0x55842ce572cb <unknown>\n#11 0x55842ce5b242 <unknown>\n#12 0x55842ce447ac <unknown>\n#13 0x55842ce5bdf7 <unknown>\n#14 0x55842ce28b2f <unknown>\n#15 0x55842ce7c1a8 <unknown>\n#16 0x55842ce7c370 <unknown>\n#17 0x55842ce8c3b6 <unknown>\n#18 0x7f3bc309caa4 <unknown>\n#19 0x7f3bc3129c6c <unknown>","time":{"start":1759455712029,"stop":1759455722439,"duration":10410}},{"uid":"6c5ce1c41ea54b23","reportUrl":"https://nirtal85.github.io/Selenium-Python-Example/794//#testresult/6c5ce1c41ea54b23","status":"broken","statusDetails":"selenium.common.exceptions.TimeoutException: Message: \nStacktrace:\n#0 0x5580ead6753a <unknown>\n#1 0x5580ea862f00 <unknown>\n#2 0x5580ea8b2c0c <unknown>\n#3 0x5580ea8b2e31 <unknown>\n#4 0x5580ea8f8bd4 <unknown>\n#5 0x5580ea8d75cd <unknown>\n#6 0x5580ea8f5f84 <unknown>\n#7 0x5580ea8d7343 <unknown>\n#8 0x5580ea8a478a <unknown>\n#9 0x5580ea8a59de <unknown>\n#10 0x5580ead312cb <unknown>\n#11 0x5580ead35242 <unknown>\n#12 0x5580ead1e7ac <unknown>\n#13 0x5580ead35df7 <unknown>\n#14 0x5580ead02b2f <unknown>\n#15 0x5580ead561a8 <unknown>\n#16 0x5580ead56370 <unknown>\n#17 0x5580ead663b6 <unknown>\n#18 0x7fb4bf89caa4 <unknown>\n#19 0x7fb4bf929c6c <unknown>","time":{"start":1759369304268,"stop":1759369314395,"duration":10127}}]},"tags":["security"]},"source":"5e97987893e25cfd.json","parameterValues":[]}