{"uid":"1f2b9e1efa016f2a","name":"Rename an existing workspace test","fullName":"tests.workspaces_test.TestWorkspaces#test_rename_workspace","historyId":"cd63adf5d11191c5904362b968c9e131","time":{"start":1753668636322,"stop":1753668636322,"duration":0},"description":"Rename an existing workspace","descriptionHtml":"<p>Rename an existing workspace</p>\n","status":"broken","statusMessage":"FileNotFoundError: [Errno 2] No such file or directory: '/home/runner/work/Selenium-Python-Example/Selenium-Python-Example/src/resources/tests_data.json'","statusTrace":"@fixture(scope=\"session\")\n    def data() -> Data:\n        json_path = Constants.DATA_PATH / \"tests_data.json\"\n>       with open(json_path, encoding=\"utf-8\") as json_file:\n             ^^^^^^^^^^^^^^^^^^^^^^^^^^^^^^^^^\nE       FileNotFoundError: [Errno 2] No such file or directory: '/home/runner/work/Selenium-Python-Example/Selenium-Python-Example/src/resources/tests_data.json'\n\ntests/conftest.py:60: FileNotFoundError","flaky":false,"newFailed":false,"newBroken":false,"newPassed":false,"retriesCount":0,"retriesStatusChange":false,"beforeStages":[{"name":"base_url","time":{"start":1753668633771,"stop":1753668633771,"duration":0},"status":"passed","steps":[],"attachments":[],"parameters":[],"shouldDisplayMessage":false,"stepsCount":0,"attachmentsCount":0,"hasContent":false,"attachmentStep":false},{"name":"_verify_url","time":{"start":1753668633771,"stop":1753668633771,"duration":0},"status":"passed","steps":[],"attachments":[],"parameters":[],"shouldDisplayMessage":false,"stepsCount":0,"attachmentsCount":0,"hasContent":false,"attachmentStep":false},{"name":"session_request","time":{"start":1753668633771,"stop":1753668633772,"duration":1},"status":"passed","steps":[],"attachments":[],"parameters":[],"shouldDisplayMessage":false,"stepsCount":0,"attachmentsCount":0,"hasContent":false,"attachmentStep":false},{"name":"data","time":{"start":1753668633772,"stop":1753668633772,"duration":0},"status":"broken","statusMessage":"FileNotFoundError: [Errno 2] No such file or directory: '/home/runner/work/Selenium-Python-Example/Selenium-Python-Example/src/resources/tests_data.json'\n","statusTrace":"  File \"/home/runner/work/Selenium-Python-Example/Selenium-Python-Example/.venv/lib/python3.13/site-packages/pluggy/_callers.py\", line 167, in _multicall\n    teardown.throw(outcome._exception)\n    ~~~~~~~~~~~~~~^^^^^^^^^^^^^^^^^^^^\n  File \"/home/runner/work/Selenium-Python-Example/Selenium-Python-Example/.venv/lib/python3.13/site-packages/_pytest/setuponly.py\", line 36, in pytest_fixture_setup\n    return (yield)\n            ^^^^^\n  File \"/home/runner/work/Selenium-Python-Example/Selenium-Python-Example/.venv/lib/python3.13/site-packages/pluggy/_callers.py\", line 103, in _multicall\n    res = hook_impl.function(*args)\n  File \"/home/runner/work/Selenium-Python-Example/Selenium-Python-Example/.venv/lib/python3.13/site-packages/_pytest/fixtures.py\", line 1195, in pytest_fixture_setup\n    result = call_fixture_func(fixturefunc, request, kwargs)\n  File \"/home/runner/work/Selenium-Python-Example/Selenium-Python-Example/.venv/lib/python3.13/site-packages/_pytest/fixtures.py\", line 929, in call_fixture_func\n    fixture_result = fixturefunc(**kwargs)\n  File \"/home/runner/work/Selenium-Python-Example/Selenium-Python-Example/tests/conftest.py\", line 60, in data\n    with open(json_path, encoding=\"utf-8\") as json_file:\n         ~~~~^^^^^^^^^^^^^^^^^^^^^^^^^^^^^\n","steps":[],"attachments":[],"parameters":[],"shouldDisplayMessage":true,"stepsCount":0,"attachmentsCount":0,"hasContent":true,"attachmentStep":false},{"name":"setup_method_fixture","time":{"start":1753668656119,"stop":1753668666482,"duration":10363},"status":"broken","statusMessage":"selenium.common.exceptions.TimeoutException: Message: \nStacktrace:\n#0 0x5596ee88353a <unknown>\n#1 0x5596ee37ef00 <unknown>\n#2 0x5596ee3cec0c <unknown>\n#3 0x5596ee3cee31 <unknown>\n#4 0x5596ee414bd4 <unknown>\n#5 0x5596ee3f35cd <unknown>\n#6 0x5596ee411f84 <unknown>\n#7 0x5596ee3f3343 <unknown>\n#8 0x5596ee3c078a <unknown>\n#9 0x5596ee3c19de <unknown>\n#10 0x5596ee84d2cb <unknown>\n#11 0x5596ee851242 <unknown>\n#12 0x5596ee83a7ac <unknown>\n#13 0x5596ee851df7 <unknown>\n#14 0x5596ee81eb2f <unknown>\n#15 0x5596ee8721a8 <unknown>\n#16 0x5596ee872370 <unknown>\n#17 0x5596ee8823b6 <unknown>\n#18 0x7f6867e9caa4 <unknown>\n#19 0x7f6867f29c3c <unknown>\n\n","statusTrace":"  File \"/home/runner/work/Selenium-Python-Example/Selenium-Python-Example/.venv/lib/python3.13/site-packages/pluggy/_callers.py\", line 167, in _multicall\n    teardown.throw(outcome._exception)\n    ~~~~~~~~~~~~~~^^^^^^^^^^^^^^^^^^^^\n  File \"/home/runner/work/Selenium-Python-Example/Selenium-Python-Example/.venv/lib/python3.13/site-packages/_pytest/setuponly.py\", line 36, in pytest_fixture_setup\n    return (yield)\n            ^^^^^\n  File \"/home/runner/work/Selenium-Python-Example/Selenium-Python-Example/.venv/lib/python3.13/site-packages/pluggy/_callers.py\", line 103, in _multicall\n    res = hook_impl.function(*args)\n  File \"/home/runner/work/Selenium-Python-Example/Selenium-Python-Example/.venv/lib/python3.13/site-packages/_pytest/fixtures.py\", line 1195, in pytest_fixture_setup\n    result = call_fixture_func(fixturefunc, request, kwargs)\n  File \"/home/runner/work/Selenium-Python-Example/Selenium-Python-Example/.venv/lib/python3.13/site-packages/_pytest/fixtures.py\", line 929, in call_fixture_func\n    fixture_result = fixturefunc(**kwargs)\n  File \"/home/runner/work/Selenium-Python-Example/Selenium-Python-Example/tests/workspaces_test.py\", line 25, in setup_method_fixture\n    login(self.about_page, self.login_page)\n    ~~~~~^^^^^^^^^^^^^^^^^^^^^^^^^^^^^^^^^^\n  File \"/home/runner/work/Selenium-Python-Example/Selenium-Python-Example/tests/workspaces_test.py\", line 15, in login\n    about_page.click_login_link()\n    ~~~~~~~~~~~~~~~~~~~~~~~~~~~^^\n  File \"/home/runner/work/Selenium-Python-Example/Selenium-Python-Example/.venv/lib/python3.13/site-packages/allure_commons/_allure.py\", line 202, in impl\n    return func(*a, **kw)\n  File \"/home/runner/work/Selenium-Python-Example/Selenium-Python-Example/src/pages/about_page.py\", line 18, in click_login_link\n    self.click(self.LOGIN_LINK)\n    ~~~~~~~~~~^^^^^^^^^^^^^^^^^\n  File \"/home/runner/work/Selenium-Python-Example/Selenium-Python-Example/src/pages/base_page.py\", line 59, in click\n    el: WebElement = self.wait.until(expected_conditions.element_to_be_clickable(locator))\n                     ~~~~~~~~~~~~~~~^^^^^^^^^^^^^^^^^^^^^^^^^^^^^^^^^^^^^^^^^^^^^^^^^^^^^^\n  File \"/home/runner/work/Selenium-Python-Example/Selenium-Python-Example/.venv/lib/python3.13/site-packages/selenium/webdriver/support/wait.py\", line 138, in until\n    raise TimeoutException(message, screen, stacktrace)\n","steps":[{"name":"Click Login link","time":{"start":1753668656120,"stop":1753668666481,"duration":10361},"status":"broken","statusMessage":"selenium.common.exceptions.TimeoutException: Message: \nStacktrace:\n#0 0x5596ee88353a <unknown>\n#1 0x5596ee37ef00 <unknown>\n#2 0x5596ee3cec0c <unknown>\n#3 0x5596ee3cee31 <unknown>\n#4 0x5596ee414bd4 <unknown>\n#5 0x5596ee3f35cd <unknown>\n#6 0x5596ee411f84 <unknown>\n#7 0x5596ee3f3343 <unknown>\n#8 0x5596ee3c078a <unknown>\n#9 0x5596ee3c19de <unknown>\n#10 0x5596ee84d2cb <unknown>\n#11 0x5596ee851242 <unknown>\n#12 0x5596ee83a7ac <unknown>\n#13 0x5596ee851df7 <unknown>\n#14 0x5596ee81eb2f <unknown>\n#15 0x5596ee8721a8 <unknown>\n#16 0x5596ee872370 <unknown>\n#17 0x5596ee8823b6 <unknown>\n#18 0x7f6867e9caa4 <unknown>\n#19 0x7f6867f29c3c <unknown>\n\n","statusTrace":"  File \"/home/runner/work/Selenium-Python-Example/Selenium-Python-Example/.venv/lib/python3.13/site-packages/allure_commons/_allure.py\", line 202, in impl\n    return func(*a, **kw)\n  File \"/home/runner/work/Selenium-Python-Example/Selenium-Python-Example/src/pages/about_page.py\", line 18, in click_login_link\n    self.click(self.LOGIN_LINK)\n    ~~~~~~~~~~^^^^^^^^^^^^^^^^^\n  File \"/home/runner/work/Selenium-Python-Example/Selenium-Python-Example/src/pages/base_page.py\", line 59, in click\n    el: WebElement = self.wait.until(expected_conditions.element_to_be_clickable(locator))\n                     ~~~~~~~~~~~~~~~^^^^^^^^^^^^^^^^^^^^^^^^^^^^^^^^^^^^^^^^^^^^^^^^^^^^^^\n  File \"/home/runner/work/Selenium-Python-Example/Selenium-Python-Example/.venv/lib/python3.13/site-packages/selenium/webdriver/support/wait.py\", line 138, in until\n    raise TimeoutException(message, screen, stacktrace)\n","steps":[],"attachments":[],"parameters":[],"shouldDisplayMessage":true,"stepsCount":0,"attachmentsCount":0,"hasContent":true,"attachmentStep":false}],"attachments":[],"parameters":[],"shouldDisplayMessage":false,"stepsCount":1,"attachmentsCount":0,"hasContent":true,"attachmentStep":false}],"testStage":{"description":"Rename an existing workspace","status":"broken","statusMessage":"FileNotFoundError: [Errno 2] No such file or directory: '/home/runner/work/Selenium-Python-Example/Selenium-Python-Example/src/resources/tests_data.json'","statusTrace":"@fixture(scope=\"session\")\n    def data() -> Data:\n        json_path = Constants.DATA_PATH / \"tests_data.json\"\n>       with open(json_path, encoding=\"utf-8\") as json_file:\n             ^^^^^^^^^^^^^^^^^^^^^^^^^^^^^^^^^\nE       FileNotFoundError: [Errno 2] No such file or directory: '/home/runner/work/Selenium-Python-Example/Selenium-Python-Example/src/resources/tests_data.json'\n\ntests/conftest.py:60: FileNotFoundError","steps":[{"name":"public ip address","time":{"start":1753668639030,"stop":1753668639067,"duration":37},"status":"passed","steps":[],"attachments":[{"uid":"4d35b7183e179858","name":"HTTP logs of http://checkip.amazonaws.com/","source":"4d35b7183e179858.txt","type":"text/plain","size":358}],"parameters":[],"shouldDisplayMessage":false,"stepsCount":0,"attachmentsCount":1,"hasContent":true,"attachmentStep":false}],"attachments":[{"uid":"7a2189cea961d16d","name":"Cookies","source":"7a2189cea961d16d.json","type":"application/json","size":4115},{"uid":"4b085dcea174a90f","name":"Session Storage","source":"4b085dcea174a90f.json","type":"application/json","size":359},{"uid":"5f05440d4bcf4aec","name":"Local Storage","source":"5f05440d4bcf4aec.json","type":"application/json","size":548},{"uid":"6cebb6c45147bab4","name":"Full Page Screenshot","source":"6cebb6c45147bab4.png","type":"image/png","size":1941582},{"uid":"e441d8bbbe42afea","name":"URL","source":"e441d8bbbe42afea.uri","type":"text/uri-list","size":23},{"uid":"c9e4688bf3a0e5be","name":"Network Logs","source":"c9e4688bf3a0e5be.json","type":"application/json","size":10188721}],"parameters":[],"shouldDisplayMessage":true,"stepsCount":1,"attachmentsCount":7,"hasContent":true,"attachmentStep":false},"afterStages":[{"name":"session_request::0","time":{"start":1753668712516,"stop":1753668712516,"duration":0},"status":"passed","steps":[],"attachments":[],"parameters":[],"shouldDisplayMessage":false,"stepsCount":0,"attachmentsCount":0,"hasContent":false,"attachmentStep":false}],"labels":[{"name":"severity","value":"normal"},{"name":"story","value":"WorkSpaces Creation and Editing Functionality"},{"name":"epic","value":"Workspaces"},{"name":"parentSuite","value":"tests"},{"name":"suite","value":"workspaces_test"},{"name":"subSuite","value":"TestWorkspaces"},{"name":"host","value":"pkrvmpptgkbjq6m"},{"name":"thread","value":"2406-MainThread"},{"name":"framework","value":"pytest"},{"name":"language","value":"cpython3"},{"name":"package","value":"tests.workspaces_test"},{"name":"resultFormat","value":"allure2"}],"parameters":[],"links":[],"hidden":false,"retry":false,"extra":{"severity":"normal","retries":[],"categories":[{"name":"Test defects","matchedStatuses":[],"flaky":false}],"history":{"statistic":{"failed":0,"broken":28,"skipped":0,"passed":0,"unknown":0,"total":28},"items":[{"uid":"332c73233d1cfcb","reportUrl":"https://nirtal85.github.io/Selenium-Python-Example/727//#testresult/332c73233d1cfcb","status":"broken","statusDetails":"FileNotFoundError: [Errno 2] No such file or directory: '/home/runner/work/Selenium-Python-Example/Selenium-Python-Example/src/resources/tests_data.json'","time":{"start":1753582751567,"stop":1753582751567,"duration":0}},{"uid":"7cfc7aa20896a76d","reportUrl":"https://nirtal85.github.io/Selenium-Python-Example/726//#testresult/7cfc7aa20896a76d","status":"broken","statusDetails":"FileNotFoundError: [Errno 2] No such file or directory: '/home/runner/work/Selenium-Python-Example/Selenium-Python-Example/src/resources/tests_data.json'","time":{"start":1753495186753,"stop":1753495186753,"duration":0}},{"uid":"c53516d16d7ec333","reportUrl":"https://nirtal85.github.io/Selenium-Python-Example/725//#testresult/c53516d16d7ec333","status":"broken","statusDetails":"FileNotFoundError: [Errno 2] No such file or directory: '/home/runner/work/Selenium-Python-Example/Selenium-Python-Example/src/resources/tests_data.json'","time":{"start":1753409017525,"stop":1753409017525,"duration":0}},{"uid":"ee4489f1203d3c8d","reportUrl":"https://nirtal85.github.io/Selenium-Python-Example/724//#testresult/ee4489f1203d3c8d","status":"broken","statusDetails":"FileNotFoundError: [Errno 2] No such file or directory: '/home/runner/work/Selenium-Python-Example/Selenium-Python-Example/src/resources/tests_data.json'","time":{"start":1753322644960,"stop":1753322644960,"duration":0}},{"uid":"e0f815a0916c87c6","reportUrl":"https://nirtal85.github.io/Selenium-Python-Example/723//#testresult/e0f815a0916c87c6","status":"broken","statusDetails":"FileNotFoundError: [Errno 2] No such file or directory: '/home/runner/work/Selenium-Python-Example/Selenium-Python-Example/src/resources/tests_data.json'","time":{"start":1753236284103,"stop":1753236284103,"duration":0}},{"uid":"5b99837e8f4610b9","reportUrl":"https://nirtal85.github.io/Selenium-Python-Example/722//#testresult/5b99837e8f4610b9","status":"broken","statusDetails":"FileNotFoundError: [Errno 2] No such file or directory: '/home/runner/work/Selenium-Python-Example/Selenium-Python-Example/src/resources/tests_data.json'","time":{"start":1753149823321,"stop":1753149823321,"duration":0}},{"uid":"152992343043efdf","reportUrl":"https://nirtal85.github.io/Selenium-Python-Example/721//#testresult/152992343043efdf","status":"broken","statusDetails":"FileNotFoundError: [Errno 2] No such file or directory: '/home/runner/work/Selenium-Python-Example/Selenium-Python-Example/src/resources/tests_data.json'","time":{"start":1753063765464,"stop":1753063765464,"duration":0}},{"uid":"618f01a9e8b9724d","reportUrl":"https://nirtal85.github.io/Selenium-Python-Example/720//#testresult/618f01a9e8b9724d","status":"broken","statusDetails":"FileNotFoundError: [Errno 2] No such file or directory: '/home/runner/work/Selenium-Python-Example/Selenium-Python-Example/src/resources/tests_data.json'","time":{"start":1752977540182,"stop":1752977540182,"duration":0}},{"uid":"64d5bf98e8d8bbb9","reportUrl":"https://nirtal85.github.io/Selenium-Python-Example/719//#testresult/64d5bf98e8d8bbb9","status":"broken","statusDetails":"FileNotFoundError: [Errno 2] No such file or directory: '/home/runner/work/Selenium-Python-Example/Selenium-Python-Example/src/resources/tests_data.json'","time":{"start":1752890319989,"stop":1752890319989,"duration":0}},{"uid":"a75899d6d5340f40","reportUrl":"https://nirtal85.github.io/Selenium-Python-Example/718//#testresult/a75899d6d5340f40","status":"broken","statusDetails":"FileNotFoundError: [Errno 2] No such file or directory: '/home/runner/work/Selenium-Python-Example/Selenium-Python-Example/src/resources/tests_data.json'","time":{"start":1752804278545,"stop":1752804278545,"duration":0}},{"uid":"4b3a62294d4574c3","reportUrl":"https://nirtal85.github.io/Selenium-Python-Example/717//#testresult/4b3a62294d4574c3","status":"broken","statusDetails":"FileNotFoundError: [Errno 2] No such file or directory: '/home/runner/work/Selenium-Python-Example/Selenium-Python-Example/src/resources/tests_data.json'","time":{"start":1752717783915,"stop":1752717783915,"duration":0}},{"uid":"3dab02d6cb218535","reportUrl":"https://nirtal85.github.io/Selenium-Python-Example/716//#testresult/3dab02d6cb218535","status":"broken","statusDetails":"FileNotFoundError: [Errno 2] No such file or directory: '/home/runner/work/Selenium-Python-Example/Selenium-Python-Example/src/resources/tests_data.json'","time":{"start":1752631358683,"stop":1752631358683,"duration":0}},{"uid":"cb3ce3253e72462d","reportUrl":"https://nirtal85.github.io/Selenium-Python-Example/715//#testresult/cb3ce3253e72462d","status":"broken","statusDetails":"FileNotFoundError: [Errno 2] No such file or directory: '/home/runner/work/Selenium-Python-Example/Selenium-Python-Example/src/resources/tests_data.json'","time":{"start":1752545167534,"stop":1752545167534,"duration":0}},{"uid":"43eb185ed0151305","reportUrl":"https://nirtal85.github.io/Selenium-Python-Example/714//#testresult/43eb185ed0151305","status":"broken","statusDetails":"FileNotFoundError: [Errno 2] No such file or directory: '/home/runner/work/Selenium-Python-Example/Selenium-Python-Example/src/resources/tests_data.json'","time":{"start":1752458769480,"stop":1752458769480,"duration":0}},{"uid":"152c3335e11bbfdb","reportUrl":"https://nirtal85.github.io/Selenium-Python-Example/713//#testresult/152c3335e11bbfdb","status":"broken","statusDetails":"FileNotFoundError: [Errno 2] No such file or directory: '/home/runner/work/Selenium-Python-Example/Selenium-Python-Example/src/resources/tests_data.json'","time":{"start":1752372633729,"stop":1752372633729,"duration":0}},{"uid":"d01668d44578cbf4","reportUrl":"https://nirtal85.github.io/Selenium-Python-Example/712//#testresult/d01668d44578cbf4","status":"broken","statusDetails":"FileNotFoundError: [Errno 2] No such file or directory: '/home/runner/work/Selenium-Python-Example/Selenium-Python-Example/src/resources/tests_data.json'","time":{"start":1752285730701,"stop":1752285730701,"duration":0}},{"uid":"b5820559a4d23fba","reportUrl":"https://nirtal85.github.io/Selenium-Python-Example/711//#testresult/b5820559a4d23fba","status":"broken","statusDetails":"FileNotFoundError: [Errno 2] No such file or directory: '/home/runner/work/Selenium-Python-Example/Selenium-Python-Example/src/resources/tests_data.json'","time":{"start":1752199292441,"stop":1752199292441,"duration":0}},{"uid":"a0a6e59463e82a07","reportUrl":"https://nirtal85.github.io/Selenium-Python-Example/710//#testresult/a0a6e59463e82a07","status":"broken","statusDetails":"FileNotFoundError: [Errno 2] No such file or directory: '/home/runner/work/Selenium-Python-Example/Selenium-Python-Example/src/resources/tests_data.json'","time":{"start":1752112738203,"stop":1752112738203,"duration":0}},{"uid":"414b64d5f8661ba6","reportUrl":"https://nirtal85.github.io/Selenium-Python-Example/709//#testresult/414b64d5f8661ba6","status":"broken","statusDetails":"FileNotFoundError: [Errno 2] No such file or directory: '/home/runner/work/Selenium-Python-Example/Selenium-Python-Example/src/resources/tests_data.json'","time":{"start":1752026333320,"stop":1752026333320,"duration":0}},{"uid":"f89369fd474f1867","reportUrl":"https://nirtal85.github.io/Selenium-Python-Example/708//#testresult/f89369fd474f1867","status":"broken","statusDetails":"FileNotFoundError: [Errno 2] No such file or directory: '/home/runner/work/Selenium-Python-Example/Selenium-Python-Example/src/resources/tests_data.json'","time":{"start":1751939866010,"stop":1751939866010,"duration":0}}]},"tags":[]},"source":"1f2b9e1efa016f2a.json","parameterValues":[]}