{"uid":"ab8e33e26c3cb805","name":"Create new workspace test","fullName":"tests.workspaces_test.TestWorkspaces#test_create_new_workspace","historyId":"e1f088bc30a040de4100d958931562b3","time":{"start":1753668623245,"stop":1753668623245,"duration":0},"description":"Create new Workspace","descriptionHtml":"<p>Create new Workspace</p>\n","status":"broken","statusMessage":"FileNotFoundError: [Errno 2] No such file or directory: '/home/runner/work/Selenium-Python-Example/Selenium-Python-Example/src/resources/tests_data.json'","statusTrace":"@fixture(scope=\"session\")\n    def data() -> Data:\n        json_path = Constants.DATA_PATH / \"tests_data.json\"\n>       with open(json_path, encoding=\"utf-8\") as json_file:\n             ^^^^^^^^^^^^^^^^^^^^^^^^^^^^^^^^^\nE       FileNotFoundError: [Errno 2] No such file or directory: '/home/runner/work/Selenium-Python-Example/Selenium-Python-Example/src/resources/tests_data.json'\n\ntests/conftest.py:60: FileNotFoundError","flaky":false,"newFailed":false,"newBroken":false,"newPassed":false,"retriesCount":0,"retriesStatusChange":false,"beforeStages":[{"name":"base_url","time":{"start":1753668633771,"stop":1753668633771,"duration":0},"status":"passed","steps":[],"attachments":[],"parameters":[],"shouldDisplayMessage":false,"stepsCount":0,"attachmentsCount":0,"hasContent":false,"attachmentStep":false},{"name":"_verify_url","time":{"start":1753668633771,"stop":1753668633771,"duration":0},"status":"passed","steps":[],"attachments":[],"parameters":[],"shouldDisplayMessage":false,"stepsCount":0,"attachmentsCount":0,"hasContent":false,"attachmentStep":false},{"name":"session_request","time":{"start":1753668633771,"stop":1753668633772,"duration":1},"status":"passed","steps":[],"attachments":[],"parameters":[],"shouldDisplayMessage":false,"stepsCount":0,"attachmentsCount":0,"hasContent":false,"attachmentStep":false},{"name":"data","time":{"start":1753668633772,"stop":1753668633772,"duration":0},"status":"broken","statusMessage":"FileNotFoundError: [Errno 2] No such file or directory: '/home/runner/work/Selenium-Python-Example/Selenium-Python-Example/src/resources/tests_data.json'\n","statusTrace":"  File \"/home/runner/work/Selenium-Python-Example/Selenium-Python-Example/.venv/lib/python3.13/site-packages/pluggy/_callers.py\", line 167, in _multicall\n    teardown.throw(outcome._exception)\n    ~~~~~~~~~~~~~~^^^^^^^^^^^^^^^^^^^^\n  File \"/home/runner/work/Selenium-Python-Example/Selenium-Python-Example/.venv/lib/python3.13/site-packages/_pytest/setuponly.py\", line 36, in pytest_fixture_setup\n    return (yield)\n            ^^^^^\n  File \"/home/runner/work/Selenium-Python-Example/Selenium-Python-Example/.venv/lib/python3.13/site-packages/pluggy/_callers.py\", line 103, in _multicall\n    res = hook_impl.function(*args)\n  File \"/home/runner/work/Selenium-Python-Example/Selenium-Python-Example/.venv/lib/python3.13/site-packages/_pytest/fixtures.py\", line 1195, in pytest_fixture_setup\n    result = call_fixture_func(fixturefunc, request, kwargs)\n  File \"/home/runner/work/Selenium-Python-Example/Selenium-Python-Example/.venv/lib/python3.13/site-packages/_pytest/fixtures.py\", line 929, in call_fixture_func\n    fixture_result = fixturefunc(**kwargs)\n  File \"/home/runner/work/Selenium-Python-Example/Selenium-Python-Example/tests/conftest.py\", line 60, in data\n    with open(json_path, encoding=\"utf-8\") as json_file:\n         ~~~~^^^^^^^^^^^^^^^^^^^^^^^^^^^^^\n","steps":[],"attachments":[],"parameters":[],"shouldDisplayMessage":true,"stepsCount":0,"attachmentsCount":0,"hasContent":true,"attachmentStep":false},{"name":"setup_method_fixture","time":{"start":1753668656119,"stop":1753668666482,"duration":10363},"status":"broken","statusMessage":"selenium.common.exceptions.TimeoutException: Message: \nStacktrace:\n#0 0x5596ee88353a <unknown>\n#1 0x5596ee37ef00 <unknown>\n#2 0x5596ee3cec0c <unknown>\n#3 0x5596ee3cee31 <unknown>\n#4 0x5596ee414bd4 <unknown>\n#5 0x5596ee3f35cd <unknown>\n#6 0x5596ee411f84 <unknown>\n#7 0x5596ee3f3343 <unknown>\n#8 0x5596ee3c078a <unknown>\n#9 0x5596ee3c19de <unknown>\n#10 0x5596ee84d2cb <unknown>\n#11 0x5596ee851242 <unknown>\n#12 0x5596ee83a7ac <unknown>\n#13 0x5596ee851df7 <unknown>\n#14 0x5596ee81eb2f <unknown>\n#15 0x5596ee8721a8 <unknown>\n#16 0x5596ee872370 <unknown>\n#17 0x5596ee8823b6 <unknown>\n#18 0x7f6867e9caa4 <unknown>\n#19 0x7f6867f29c3c <unknown>\n\n","statusTrace":"  File \"/home/runner/work/Selenium-Python-Example/Selenium-Python-Example/.venv/lib/python3.13/site-packages/pluggy/_callers.py\", line 167, in _multicall\n    teardown.throw(outcome._exception)\n    ~~~~~~~~~~~~~~^^^^^^^^^^^^^^^^^^^^\n  File \"/home/runner/work/Selenium-Python-Example/Selenium-Python-Example/.venv/lib/python3.13/site-packages/_pytest/setuponly.py\", line 36, in pytest_fixture_setup\n    return (yield)\n            ^^^^^\n  File \"/home/runner/work/Selenium-Python-Example/Selenium-Python-Example/.venv/lib/python3.13/site-packages/pluggy/_callers.py\", line 103, in _multicall\n    res = hook_impl.function(*args)\n  File \"/home/runner/work/Selenium-Python-Example/Selenium-Python-Example/.venv/lib/python3.13/site-packages/_pytest/fixtures.py\", line 1195, in pytest_fixture_setup\n    result = call_fixture_func(fixturefunc, request, kwargs)\n  File \"/home/runner/work/Selenium-Python-Example/Selenium-Python-Example/.venv/lib/python3.13/site-packages/_pytest/fixtures.py\", line 929, in call_fixture_func\n    fixture_result = fixturefunc(**kwargs)\n  File \"/home/runner/work/Selenium-Python-Example/Selenium-Python-Example/tests/workspaces_test.py\", line 25, in setup_method_fixture\n    login(self.about_page, self.login_page)\n    ~~~~~^^^^^^^^^^^^^^^^^^^^^^^^^^^^^^^^^^\n  File \"/home/runner/work/Selenium-Python-Example/Selenium-Python-Example/tests/workspaces_test.py\", line 15, in login\n    about_page.click_login_link()\n    ~~~~~~~~~~~~~~~~~~~~~~~~~~~^^\n  File \"/home/runner/work/Selenium-Python-Example/Selenium-Python-Example/.venv/lib/python3.13/site-packages/allure_commons/_allure.py\", line 202, in impl\n    return func(*a, **kw)\n  File \"/home/runner/work/Selenium-Python-Example/Selenium-Python-Example/src/pages/about_page.py\", line 18, in click_login_link\n    self.click(self.LOGIN_LINK)\n    ~~~~~~~~~~^^^^^^^^^^^^^^^^^\n  File \"/home/runner/work/Selenium-Python-Example/Selenium-Python-Example/src/pages/base_page.py\", line 59, in click\n    el: WebElement = self.wait.until(expected_conditions.element_to_be_clickable(locator))\n                     ~~~~~~~~~~~~~~~^^^^^^^^^^^^^^^^^^^^^^^^^^^^^^^^^^^^^^^^^^^^^^^^^^^^^^\n  File \"/home/runner/work/Selenium-Python-Example/Selenium-Python-Example/.venv/lib/python3.13/site-packages/selenium/webdriver/support/wait.py\", line 138, in until\n    raise TimeoutException(message, screen, stacktrace)\n","steps":[{"name":"Click Login link","time":{"start":1753668656120,"stop":1753668666481,"duration":10361},"status":"broken","statusMessage":"selenium.common.exceptions.TimeoutException: Message: \nStacktrace:\n#0 0x5596ee88353a <unknown>\n#1 0x5596ee37ef00 <unknown>\n#2 0x5596ee3cec0c <unknown>\n#3 0x5596ee3cee31 <unknown>\n#4 0x5596ee414bd4 <unknown>\n#5 0x5596ee3f35cd <unknown>\n#6 0x5596ee411f84 <unknown>\n#7 0x5596ee3f3343 <unknown>\n#8 0x5596ee3c078a <unknown>\n#9 0x5596ee3c19de <unknown>\n#10 0x5596ee84d2cb <unknown>\n#11 0x5596ee851242 <unknown>\n#12 0x5596ee83a7ac <unknown>\n#13 0x5596ee851df7 <unknown>\n#14 0x5596ee81eb2f <unknown>\n#15 0x5596ee8721a8 <unknown>\n#16 0x5596ee872370 <unknown>\n#17 0x5596ee8823b6 <unknown>\n#18 0x7f6867e9caa4 <unknown>\n#19 0x7f6867f29c3c <unknown>\n\n","statusTrace":"  File \"/home/runner/work/Selenium-Python-Example/Selenium-Python-Example/.venv/lib/python3.13/site-packages/allure_commons/_allure.py\", line 202, in impl\n    return func(*a, **kw)\n  File \"/home/runner/work/Selenium-Python-Example/Selenium-Python-Example/src/pages/about_page.py\", line 18, in click_login_link\n    self.click(self.LOGIN_LINK)\n    ~~~~~~~~~~^^^^^^^^^^^^^^^^^\n  File \"/home/runner/work/Selenium-Python-Example/Selenium-Python-Example/src/pages/base_page.py\", line 59, in click\n    el: WebElement = self.wait.until(expected_conditions.element_to_be_clickable(locator))\n                     ~~~~~~~~~~~~~~~^^^^^^^^^^^^^^^^^^^^^^^^^^^^^^^^^^^^^^^^^^^^^^^^^^^^^^\n  File \"/home/runner/work/Selenium-Python-Example/Selenium-Python-Example/.venv/lib/python3.13/site-packages/selenium/webdriver/support/wait.py\", line 138, in until\n    raise TimeoutException(message, screen, stacktrace)\n","steps":[],"attachments":[],"parameters":[],"shouldDisplayMessage":true,"stepsCount":0,"attachmentsCount":0,"hasContent":true,"attachmentStep":false}],"attachments":[],"parameters":[],"shouldDisplayMessage":false,"stepsCount":1,"attachmentsCount":0,"hasContent":true,"attachmentStep":false}],"testStage":{"description":"Create new Workspace","status":"broken","statusMessage":"FileNotFoundError: [Errno 2] No such file or directory: '/home/runner/work/Selenium-Python-Example/Selenium-Python-Example/src/resources/tests_data.json'","statusTrace":"@fixture(scope=\"session\")\n    def data() -> Data:\n        json_path = Constants.DATA_PATH / \"tests_data.json\"\n>       with open(json_path, encoding=\"utf-8\") as json_file:\n             ^^^^^^^^^^^^^^^^^^^^^^^^^^^^^^^^^\nE       FileNotFoundError: [Errno 2] No such file or directory: '/home/runner/work/Selenium-Python-Example/Selenium-Python-Example/src/resources/tests_data.json'\n\ntests/conftest.py:60: FileNotFoundError","steps":[{"name":"public ip address","time":{"start":1753668633832,"stop":1753668634054,"duration":222},"status":"passed","steps":[],"attachments":[{"uid":"304480581db19494","name":"HTTP logs of http://checkip.amazonaws.com/","source":"304480581db19494.txt","type":"text/plain","size":358}],"parameters":[],"shouldDisplayMessage":false,"stepsCount":0,"attachmentsCount":1,"hasContent":true,"attachmentStep":false}],"attachments":[{"uid":"fe3797067f8c2ac9","name":"Cookies","source":"fe3797067f8c2ac9.json","type":"application/json","size":4119},{"uid":"aa0fee2d7f64df9b","name":"Session Storage","source":"aa0fee2d7f64df9b.json","type":"application/json","size":359},{"uid":"fa5b6ef4eef2b346","name":"Local Storage","source":"fa5b6ef4eef2b346.json","type":"application/json","size":548},{"uid":"f57eeeb2380d2a54","name":"Full Page Screenshot","source":"f57eeeb2380d2a54.png","type":"image/png","size":2035342},{"uid":"caff2d6dea476ce1","name":"URL","source":"caff2d6dea476ce1.uri","type":"text/uri-list","size":23},{"uid":"f0eccc79de812a0","name":"Network Logs","source":"f0eccc79de812a0.json","type":"application/json","size":10188747}],"parameters":[],"shouldDisplayMessage":true,"stepsCount":1,"attachmentsCount":7,"hasContent":true,"attachmentStep":false},"afterStages":[{"name":"session_request::0","time":{"start":1753668712516,"stop":1753668712516,"duration":0},"status":"passed","steps":[],"attachments":[],"parameters":[],"shouldDisplayMessage":false,"stepsCount":0,"attachmentsCount":0,"hasContent":false,"attachmentStep":false}],"labels":[{"name":"severity","value":"normal"},{"name":"story","value":"WorkSpaces Creation and Editing Functionality"},{"name":"epic","value":"Workspaces"},{"name":"parentSuite","value":"tests"},{"name":"suite","value":"workspaces_test"},{"name":"subSuite","value":"TestWorkspaces"},{"name":"host","value":"pkrvmpptgkbjq6m"},{"name":"thread","value":"2406-MainThread"},{"name":"framework","value":"pytest"},{"name":"language","value":"cpython3"},{"name":"package","value":"tests.workspaces_test"},{"name":"resultFormat","value":"allure2"}],"parameters":[],"links":[],"hidden":false,"retry":false,"extra":{"severity":"normal","retries":[],"categories":[{"name":"Test defects","matchedStatuses":[],"flaky":false}],"history":{"statistic":{"failed":0,"broken":28,"skipped":0,"passed":0,"unknown":0,"total":28},"items":[{"uid":"e4e111697e1cce3c","reportUrl":"https://nirtal85.github.io/Selenium-Python-Example/727//#testresult/e4e111697e1cce3c","status":"broken","statusDetails":"FileNotFoundError: [Errno 2] No such file or directory: '/home/runner/work/Selenium-Python-Example/Selenium-Python-Example/src/resources/tests_data.json'","time":{"start":1753582740523,"stop":1753582740523,"duration":0}},{"uid":"ecc8d14f6e1d662","reportUrl":"https://nirtal85.github.io/Selenium-Python-Example/726//#testresult/ecc8d14f6e1d662","status":"broken","statusDetails":"FileNotFoundError: [Errno 2] No such file or directory: '/home/runner/work/Selenium-Python-Example/Selenium-Python-Example/src/resources/tests_data.json'","time":{"start":1753495175082,"stop":1753495175082,"duration":0}},{"uid":"1235f83cba26f555","reportUrl":"https://nirtal85.github.io/Selenium-Python-Example/725//#testresult/1235f83cba26f555","status":"broken","statusDetails":"FileNotFoundError: [Errno 2] No such file or directory: '/home/runner/work/Selenium-Python-Example/Selenium-Python-Example/src/resources/tests_data.json'","time":{"start":1753409004635,"stop":1753409004635,"duration":0}},{"uid":"d82b66b40d417ab5","reportUrl":"https://nirtal85.github.io/Selenium-Python-Example/724//#testresult/d82b66b40d417ab5","status":"broken","statusDetails":"FileNotFoundError: [Errno 2] No such file or directory: '/home/runner/work/Selenium-Python-Example/Selenium-Python-Example/src/resources/tests_data.json'","time":{"start":1753322625346,"stop":1753322625346,"duration":0}},{"uid":"1839428e79e987e9","reportUrl":"https://nirtal85.github.io/Selenium-Python-Example/723//#testresult/1839428e79e987e9","status":"broken","statusDetails":"FileNotFoundError: [Errno 2] No such file or directory: '/home/runner/work/Selenium-Python-Example/Selenium-Python-Example/src/resources/tests_data.json'","time":{"start":1753236270821,"stop":1753236270821,"duration":0}},{"uid":"9eb9251b15751d7b","reportUrl":"https://nirtal85.github.io/Selenium-Python-Example/722//#testresult/9eb9251b15751d7b","status":"broken","statusDetails":"FileNotFoundError: [Errno 2] No such file or directory: '/home/runner/work/Selenium-Python-Example/Selenium-Python-Example/src/resources/tests_data.json'","time":{"start":1753149810676,"stop":1753149810676,"duration":0}},{"uid":"fb432e31ec311ec6","reportUrl":"https://nirtal85.github.io/Selenium-Python-Example/721//#testresult/fb432e31ec311ec6","status":"broken","statusDetails":"FileNotFoundError: [Errno 2] No such file or directory: '/home/runner/work/Selenium-Python-Example/Selenium-Python-Example/src/resources/tests_data.json'","time":{"start":1753063752192,"stop":1753063752192,"duration":0}},{"uid":"4d49a2fe50ab0041","reportUrl":"https://nirtal85.github.io/Selenium-Python-Example/720//#testresult/4d49a2fe50ab0041","status":"broken","statusDetails":"FileNotFoundError: [Errno 2] No such file or directory: '/home/runner/work/Selenium-Python-Example/Selenium-Python-Example/src/resources/tests_data.json'","time":{"start":1752977527762,"stop":1752977527762,"duration":0}},{"uid":"a41ca7d2c22171b5","reportUrl":"https://nirtal85.github.io/Selenium-Python-Example/719//#testresult/a41ca7d2c22171b5","status":"broken","statusDetails":"FileNotFoundError: [Errno 2] No such file or directory: '/home/runner/work/Selenium-Python-Example/Selenium-Python-Example/src/resources/tests_data.json'","time":{"start":1752890306581,"stop":1752890306581,"duration":0}},{"uid":"1ae56f28c490e330","reportUrl":"https://nirtal85.github.io/Selenium-Python-Example/718//#testresult/1ae56f28c490e330","status":"broken","statusDetails":"FileNotFoundError: [Errno 2] No such file or directory: '/home/runner/work/Selenium-Python-Example/Selenium-Python-Example/src/resources/tests_data.json'","time":{"start":1752804265357,"stop":1752804265357,"duration":0}},{"uid":"612ac83e1d4dad88","reportUrl":"https://nirtal85.github.io/Selenium-Python-Example/717//#testresult/612ac83e1d4dad88","status":"broken","statusDetails":"FileNotFoundError: [Errno 2] No such file or directory: '/home/runner/work/Selenium-Python-Example/Selenium-Python-Example/src/resources/tests_data.json'","time":{"start":1752717771781,"stop":1752717771781,"duration":0}},{"uid":"6fd43da566c86a44","reportUrl":"https://nirtal85.github.io/Selenium-Python-Example/716//#testresult/6fd43da566c86a44","status":"broken","statusDetails":"FileNotFoundError: [Errno 2] No such file or directory: '/home/runner/work/Selenium-Python-Example/Selenium-Python-Example/src/resources/tests_data.json'","time":{"start":1752631347974,"stop":1752631347974,"duration":0}},{"uid":"de370772ebf4b035","reportUrl":"https://nirtal85.github.io/Selenium-Python-Example/715//#testresult/de370772ebf4b035","status":"broken","statusDetails":"FileNotFoundError: [Errno 2] No such file or directory: '/home/runner/work/Selenium-Python-Example/Selenium-Python-Example/src/resources/tests_data.json'","time":{"start":1752545136890,"stop":1752545136890,"duration":0}},{"uid":"a6203d3008f56768","reportUrl":"https://nirtal85.github.io/Selenium-Python-Example/714//#testresult/a6203d3008f56768","status":"broken","statusDetails":"FileNotFoundError: [Errno 2] No such file or directory: '/home/runner/work/Selenium-Python-Example/Selenium-Python-Example/src/resources/tests_data.json'","time":{"start":1752458749746,"stop":1752458749746,"duration":0}},{"uid":"c851273733774976","reportUrl":"https://nirtal85.github.io/Selenium-Python-Example/713//#testresult/c851273733774976","status":"broken","statusDetails":"FileNotFoundError: [Errno 2] No such file or directory: '/home/runner/work/Selenium-Python-Example/Selenium-Python-Example/src/resources/tests_data.json'","time":{"start":1752372622279,"stop":1752372622279,"duration":0}},{"uid":"2203a676d071b581","reportUrl":"https://nirtal85.github.io/Selenium-Python-Example/712//#testresult/2203a676d071b581","status":"broken","statusDetails":"FileNotFoundError: [Errno 2] No such file or directory: '/home/runner/work/Selenium-Python-Example/Selenium-Python-Example/src/resources/tests_data.json'","time":{"start":1752285713626,"stop":1752285713626,"duration":0}},{"uid":"8ef9ed10c5156ccf","reportUrl":"https://nirtal85.github.io/Selenium-Python-Example/711//#testresult/8ef9ed10c5156ccf","status":"broken","statusDetails":"FileNotFoundError: [Errno 2] No such file or directory: '/home/runner/work/Selenium-Python-Example/Selenium-Python-Example/src/resources/tests_data.json'","time":{"start":1752199275722,"stop":1752199275722,"duration":0}},{"uid":"b7b8f1bb97087f69","reportUrl":"https://nirtal85.github.io/Selenium-Python-Example/710//#testresult/b7b8f1bb97087f69","status":"broken","statusDetails":"FileNotFoundError: [Errno 2] No such file or directory: '/home/runner/work/Selenium-Python-Example/Selenium-Python-Example/src/resources/tests_data.json'","time":{"start":1752112726576,"stop":1752112726576,"duration":0}},{"uid":"f5087da540b033b9","reportUrl":"https://nirtal85.github.io/Selenium-Python-Example/709//#testresult/f5087da540b033b9","status":"broken","statusDetails":"FileNotFoundError: [Errno 2] No such file or directory: '/home/runner/work/Selenium-Python-Example/Selenium-Python-Example/src/resources/tests_data.json'","time":{"start":1752026321241,"stop":1752026321241,"duration":0}},{"uid":"4eee7803c0776893","reportUrl":"https://nirtal85.github.io/Selenium-Python-Example/708//#testresult/4eee7803c0776893","status":"broken","statusDetails":"FileNotFoundError: [Errno 2] No such file or directory: '/home/runner/work/Selenium-Python-Example/Selenium-Python-Example/src/resources/tests_data.json'","time":{"start":1751939846557,"stop":1751939846557,"duration":0}}]},"tags":[]},"source":"ab8e33e26c3cb805.json","parameterValues":[]}