{"uid":"2fa2b45a70da276f","name":"Delete existing workspace","fullName":"tests.workspaces_test.TestWorkspaces#test_delete_workspace","historyId":"085ae9bea926da8512f07258dfb5df8c","time":{"start":1753409035291,"stop":1753409035291,"duration":0},"description":"Delete an existing workspace","descriptionHtml":"<p>Delete an existing workspace</p>\n","status":"broken","statusMessage":"selenium.common.exceptions.TimeoutException: Message: \nStacktrace:\n#0 0x55d35fb1c53a <unknown>\n#1 0x55d35f617f00 <unknown>\n#2 0x55d35f667c0c <unknown>\n#3 0x55d35f667e31 <unknown>\n#4 0x55d35f6adbd4 <unknown>\n#5 0x55d35f68c5cd <unknown>\n#6 0x55d35f6aaf84 <unknown>\n#7 0x55d35f68c343 <unknown>\n#8 0x55d35f65978a <unknown>\n#9 0x55d35f65a9de <unknown>\n#10 0x55d35fae62cb <unknown>\n#11 0x55d35faea242 <unknown>\n#12 0x55d35fad37ac <unknown>\n#13 0x55d35faeadf7 <unknown>\n#14 0x55d35fab7b2f <unknown>\n#15 0x55d35fb0b1a8 <unknown>\n#16 0x55d35fb0b370 <unknown>\n#17 0x55d35fb1b3b6 <unknown>\n#18 0x7f6d3b09caa4 <unknown>\n#19 0x7f6d3b129c3c <unknown>","statusTrace":"self = <tests.workspaces_test.TestWorkspaces object at 0x7fe37f7c15b0>\n\n    @pytest.fixture(autouse=True)\n    def setup_method_fixture(self):\n>       login(self.about_page, self.login_page)\n\ntests/workspaces_test.py:25: \n_ _ _ _ _ _ _ _ _ _ _ _ _ _ _ _ _ _ _ _ _ _ _ _ _ _ _ _ _ _ _ _ _ _ _ _ _ _ _ _ \ntests/workspaces_test.py:15: in login\n    about_page.click_login_link()\nsrc/pages/about_page.py:18: in click_login_link\n    self.click(self.LOGIN_LINK)\nsrc/pages/base_page.py:59: in click\n    el: WebElement = self.wait.until(expected_conditions.element_to_be_clickable(locator))\n                     ^^^^^^^^^^^^^^^^^^^^^^^^^^^^^^^^^^^^^^^^^^^^^^^^^^^^^^^^^^^^^^^^^^^^^\n_ _ _ _ _ _ _ _ _ _ _ _ _ _ _ _ _ _ _ _ _ _ _ _ _ _ _ _ _ _ _ _ _ _ _ _ _ _ _ _ \n\nself = <selenium.webdriver.support.wait.WebDriverWait (session=\"040aa5b4fb6272fbf0236a689dfa3e06\")>\nmethod = <function element_to_be_clickable.<locals>._predicate at 0x7fe37e646a20>\nmessage = ''\n\n    def until(self, method: Callable[[D], Union[Literal[False], T]], message: str = \"\") -> T:\n        \"\"\"Wait until the method returns a value that is not False.\n    \n        Calls the method provided with the driver as an argument until the\n        return value does not evaluate to ``False``.\n    \n        Parameters:\n        -----------\n        method: callable(WebDriver)\n            - A callable object that takes a WebDriver instance as an argument.\n    \n        message: str\n            - Optional message for :exc:`TimeoutException`\n    \n        Return:\n        -------\n        object: T\n            - The result of the last call to `method`\n    \n        Raises:\n        -------\n        TimeoutException\n            - If 'method' does not return a truthy value within the WebDriverWait\n            object's timeout\n    \n        Example:\n        --------\n        >>> from selenium.webdriver.common.by import By\n        >>> from selenium.webdriver.support.ui import WebDriverWait\n        >>> from selenium.webdriver.support import expected_conditions as EC\n    \n        # Wait until an element is visible on the page\n        >>> wait = WebDriverWait(driver, 10)\n        >>> element = wait.until(EC.visibility_of_element_located((By.ID, \"exampleId\")))\n        >>> print(element.text)\n        \"\"\"\n        screen = None\n        stacktrace = None\n    \n        end_time = time.monotonic() + self._timeout\n        while True:\n            try:\n                value = method(self._driver)\n                if value:\n                    return value\n            except self._ignored_exceptions as exc:\n                screen = getattr(exc, \"screen\", None)\n                stacktrace = getattr(exc, \"stacktrace\", None)\n            if time.monotonic() > end_time:\n                break\n            time.sleep(self._poll)\n>       raise TimeoutException(message, screen, stacktrace)\nE       selenium.common.exceptions.TimeoutException: Message: \nE       Stacktrace:\nE       #0 0x55d35fb1c53a <unknown>\nE       #1 0x55d35f617f00 <unknown>\nE       #2 0x55d35f667c0c <unknown>\nE       #3 0x55d35f667e31 <unknown>\nE       #4 0x55d35f6adbd4 <unknown>\nE       #5 0x55d35f68c5cd <unknown>\nE       #6 0x55d35f6aaf84 <unknown>\nE       #7 0x55d35f68c343 <unknown>\nE       #8 0x55d35f65978a <unknown>\nE       #9 0x55d35f65a9de <unknown>\nE       #10 0x55d35fae62cb <unknown>\nE       #11 0x55d35faea242 <unknown>\nE       #12 0x55d35fad37ac <unknown>\nE       #13 0x55d35faeadf7 <unknown>\nE       #14 0x55d35fab7b2f <unknown>\nE       #15 0x55d35fb0b1a8 <unknown>\nE       #16 0x55d35fb0b370 <unknown>\nE       #17 0x55d35fb1b3b6 <unknown>\nE       #18 0x7f6d3b09caa4 <unknown>\nE       #19 0x7f6d3b129c3c <unknown>\n\n.venv/lib/python3.13/site-packages/selenium/webdriver/support/wait.py:138: TimeoutException","flaky":false,"newFailed":false,"newBroken":false,"newPassed":false,"retriesCount":0,"retriesStatusChange":false,"beforeStages":[{"name":"_verify_url","time":{"start":1753409015024,"stop":1753409015024,"duration":0},"status":"passed","steps":[],"attachments":[],"parameters":[],"shouldDisplayMessage":false,"stepsCount":0,"attachmentsCount":0,"hasContent":false,"attachmentStep":false},{"name":"session_request","time":{"start":1753409015024,"stop":1753409015024,"duration":0},"status":"passed","steps":[],"attachments":[],"parameters":[],"shouldDisplayMessage":false,"stepsCount":0,"attachmentsCount":0,"hasContent":false,"attachmentStep":false},{"name":"base_url","time":{"start":1753409015024,"stop":1753409015024,"duration":0},"status":"passed","steps":[],"attachments":[],"parameters":[],"shouldDisplayMessage":false,"stepsCount":0,"attachmentsCount":0,"hasContent":false,"attachmentStep":false},{"name":"setup_method_fixture","time":{"start":1753409037854,"stop":1753409048310,"duration":10456},"status":"broken","statusMessage":"selenium.common.exceptions.TimeoutException: Message: \nStacktrace:\n#0 0x55d35fb1c53a <unknown>\n#1 0x55d35f617f00 <unknown>\n#2 0x55d35f667c0c <unknown>\n#3 0x55d35f667e31 <unknown>\n#4 0x55d35f6adbd4 <unknown>\n#5 0x55d35f68c5cd <unknown>\n#6 0x55d35f6aaf84 <unknown>\n#7 0x55d35f68c343 <unknown>\n#8 0x55d35f65978a <unknown>\n#9 0x55d35f65a9de <unknown>\n#10 0x55d35fae62cb <unknown>\n#11 0x55d35faea242 <unknown>\n#12 0x55d35fad37ac <unknown>\n#13 0x55d35faeadf7 <unknown>\n#14 0x55d35fab7b2f <unknown>\n#15 0x55d35fb0b1a8 <unknown>\n#16 0x55d35fb0b370 <unknown>\n#17 0x55d35fb1b3b6 <unknown>\n#18 0x7f6d3b09caa4 <unknown>\n#19 0x7f6d3b129c3c <unknown>\n\n","statusTrace":"  File \"/home/runner/work/Selenium-Python-Example/Selenium-Python-Example/.venv/lib/python3.13/site-packages/pluggy/_callers.py\", line 167, in _multicall\n    teardown.throw(outcome._exception)\n    ~~~~~~~~~~~~~~^^^^^^^^^^^^^^^^^^^^\n  File \"/home/runner/work/Selenium-Python-Example/Selenium-Python-Example/.venv/lib/python3.13/site-packages/_pytest/setuponly.py\", line 36, in pytest_fixture_setup\n    return (yield)\n            ^^^^^\n  File \"/home/runner/work/Selenium-Python-Example/Selenium-Python-Example/.venv/lib/python3.13/site-packages/pluggy/_callers.py\", line 103, in _multicall\n    res = hook_impl.function(*args)\n  File \"/home/runner/work/Selenium-Python-Example/Selenium-Python-Example/.venv/lib/python3.13/site-packages/_pytest/fixtures.py\", line 1195, in pytest_fixture_setup\n    result = call_fixture_func(fixturefunc, request, kwargs)\n  File \"/home/runner/work/Selenium-Python-Example/Selenium-Python-Example/.venv/lib/python3.13/site-packages/_pytest/fixtures.py\", line 929, in call_fixture_func\n    fixture_result = fixturefunc(**kwargs)\n  File \"/home/runner/work/Selenium-Python-Example/Selenium-Python-Example/tests/workspaces_test.py\", line 25, in setup_method_fixture\n    login(self.about_page, self.login_page)\n    ~~~~~^^^^^^^^^^^^^^^^^^^^^^^^^^^^^^^^^^\n  File \"/home/runner/work/Selenium-Python-Example/Selenium-Python-Example/tests/workspaces_test.py\", line 15, in login\n    about_page.click_login_link()\n    ~~~~~~~~~~~~~~~~~~~~~~~~~~~^^\n  File \"/home/runner/work/Selenium-Python-Example/Selenium-Python-Example/.venv/lib/python3.13/site-packages/allure_commons/_allure.py\", line 202, in impl\n    return func(*a, **kw)\n  File \"/home/runner/work/Selenium-Python-Example/Selenium-Python-Example/src/pages/about_page.py\", line 18, in click_login_link\n    self.click(self.LOGIN_LINK)\n    ~~~~~~~~~~^^^^^^^^^^^^^^^^^\n  File \"/home/runner/work/Selenium-Python-Example/Selenium-Python-Example/src/pages/base_page.py\", line 59, in click\n    el: WebElement = self.wait.until(expected_conditions.element_to_be_clickable(locator))\n                     ~~~~~~~~~~~~~~~^^^^^^^^^^^^^^^^^^^^^^^^^^^^^^^^^^^^^^^^^^^^^^^^^^^^^^\n  File \"/home/runner/work/Selenium-Python-Example/Selenium-Python-Example/.venv/lib/python3.13/site-packages/selenium/webdriver/support/wait.py\", line 138, in until\n    raise TimeoutException(message, screen, stacktrace)\n","steps":[{"name":"Click Login link","time":{"start":1753409037854,"stop":1753409048309,"duration":10455},"status":"broken","statusMessage":"selenium.common.exceptions.TimeoutException: Message: \nStacktrace:\n#0 0x55d35fb1c53a <unknown>\n#1 0x55d35f617f00 <unknown>\n#2 0x55d35f667c0c <unknown>\n#3 0x55d35f667e31 <unknown>\n#4 0x55d35f6adbd4 <unknown>\n#5 0x55d35f68c5cd <unknown>\n#6 0x55d35f6aaf84 <unknown>\n#7 0x55d35f68c343 <unknown>\n#8 0x55d35f65978a <unknown>\n#9 0x55d35f65a9de <unknown>\n#10 0x55d35fae62cb <unknown>\n#11 0x55d35faea242 <unknown>\n#12 0x55d35fad37ac <unknown>\n#13 0x55d35faeadf7 <unknown>\n#14 0x55d35fab7b2f <unknown>\n#15 0x55d35fb0b1a8 <unknown>\n#16 0x55d35fb0b370 <unknown>\n#17 0x55d35fb1b3b6 <unknown>\n#18 0x7f6d3b09caa4 <unknown>\n#19 0x7f6d3b129c3c <unknown>\n\n","statusTrace":"  File \"/home/runner/work/Selenium-Python-Example/Selenium-Python-Example/.venv/lib/python3.13/site-packages/allure_commons/_allure.py\", line 202, in impl\n    return func(*a, **kw)\n  File \"/home/runner/work/Selenium-Python-Example/Selenium-Python-Example/src/pages/about_page.py\", line 18, in click_login_link\n    self.click(self.LOGIN_LINK)\n    ~~~~~~~~~~^^^^^^^^^^^^^^^^^\n  File \"/home/runner/work/Selenium-Python-Example/Selenium-Python-Example/src/pages/base_page.py\", line 59, in click\n    el: WebElement = self.wait.until(expected_conditions.element_to_be_clickable(locator))\n                     ~~~~~~~~~~~~~~~^^^^^^^^^^^^^^^^^^^^^^^^^^^^^^^^^^^^^^^^^^^^^^^^^^^^^^\n  File \"/home/runner/work/Selenium-Python-Example/Selenium-Python-Example/.venv/lib/python3.13/site-packages/selenium/webdriver/support/wait.py\", line 138, in until\n    raise TimeoutException(message, screen, stacktrace)\n","steps":[],"attachments":[],"parameters":[],"shouldDisplayMessage":true,"stepsCount":0,"attachmentsCount":0,"hasContent":true,"attachmentStep":false}],"attachments":[],"parameters":[],"shouldDisplayMessage":false,"stepsCount":1,"attachmentsCount":0,"hasContent":true,"attachmentStep":false}],"testStage":{"description":"Delete an existing workspace","status":"broken","statusMessage":"selenium.common.exceptions.TimeoutException: Message: \nStacktrace:\n#0 0x55d35fb1c53a <unknown>\n#1 0x55d35f617f00 <unknown>\n#2 0x55d35f667c0c <unknown>\n#3 0x55d35f667e31 <unknown>\n#4 0x55d35f6adbd4 <unknown>\n#5 0x55d35f68c5cd <unknown>\n#6 0x55d35f6aaf84 <unknown>\n#7 0x55d35f68c343 <unknown>\n#8 0x55d35f65978a <unknown>\n#9 0x55d35f65a9de <unknown>\n#10 0x55d35fae62cb <unknown>\n#11 0x55d35faea242 <unknown>\n#12 0x55d35fad37ac <unknown>\n#13 0x55d35faeadf7 <unknown>\n#14 0x55d35fab7b2f <unknown>\n#15 0x55d35fb0b1a8 <unknown>\n#16 0x55d35fb0b370 <unknown>\n#17 0x55d35fb1b3b6 <unknown>\n#18 0x7f6d3b09caa4 <unknown>\n#19 0x7f6d3b129c3c <unknown>","statusTrace":"self = <tests.workspaces_test.TestWorkspaces object at 0x7fe37f7c15b0>\n\n    @pytest.fixture(autouse=True)\n    def setup_method_fixture(self):\n>       login(self.about_page, self.login_page)\n\ntests/workspaces_test.py:25: \n_ _ _ _ _ _ _ _ _ _ _ _ _ _ _ _ _ _ _ _ _ _ _ _ _ _ _ _ _ _ _ _ _ _ _ _ _ _ _ _ \ntests/workspaces_test.py:15: in login\n    about_page.click_login_link()\nsrc/pages/about_page.py:18: in click_login_link\n    self.click(self.LOGIN_LINK)\nsrc/pages/base_page.py:59: in click\n    el: WebElement = self.wait.until(expected_conditions.element_to_be_clickable(locator))\n                     ^^^^^^^^^^^^^^^^^^^^^^^^^^^^^^^^^^^^^^^^^^^^^^^^^^^^^^^^^^^^^^^^^^^^^\n_ _ _ _ _ _ _ _ _ _ _ _ _ _ _ _ _ _ _ _ _ _ _ _ _ _ _ _ _ _ _ _ _ _ _ _ _ _ _ _ \n\nself = <selenium.webdriver.support.wait.WebDriverWait (session=\"040aa5b4fb6272fbf0236a689dfa3e06\")>\nmethod = <function element_to_be_clickable.<locals>._predicate at 0x7fe37e646a20>\nmessage = ''\n\n    def until(self, method: Callable[[D], Union[Literal[False], T]], message: str = \"\") -> T:\n        \"\"\"Wait until the method returns a value that is not False.\n    \n        Calls the method provided with the driver as an argument until the\n        return value does not evaluate to ``False``.\n    \n        Parameters:\n        -----------\n        method: callable(WebDriver)\n            - A callable object that takes a WebDriver instance as an argument.\n    \n        message: str\n            - Optional message for :exc:`TimeoutException`\n    \n        Return:\n        -------\n        object: T\n            - The result of the last call to `method`\n    \n        Raises:\n        -------\n        TimeoutException\n            - If 'method' does not return a truthy value within the WebDriverWait\n            object's timeout\n    \n        Example:\n        --------\n        >>> from selenium.webdriver.common.by import By\n        >>> from selenium.webdriver.support.ui import WebDriverWait\n        >>> from selenium.webdriver.support import expected_conditions as EC\n    \n        # Wait until an element is visible on the page\n        >>> wait = WebDriverWait(driver, 10)\n        >>> element = wait.until(EC.visibility_of_element_located((By.ID, \"exampleId\")))\n        >>> print(element.text)\n        \"\"\"\n        screen = None\n        stacktrace = None\n    \n        end_time = time.monotonic() + self._timeout\n        while True:\n            try:\n                value = method(self._driver)\n                if value:\n                    return value\n            except self._ignored_exceptions as exc:\n                screen = getattr(exc, \"screen\", None)\n                stacktrace = getattr(exc, \"stacktrace\", None)\n            if time.monotonic() > end_time:\n                break\n            time.sleep(self._poll)\n>       raise TimeoutException(message, screen, stacktrace)\nE       selenium.common.exceptions.TimeoutException: Message: \nE       Stacktrace:\nE       #0 0x55d35fb1c53a <unknown>\nE       #1 0x55d35f617f00 <unknown>\nE       #2 0x55d35f667c0c <unknown>\nE       #3 0x55d35f667e31 <unknown>\nE       #4 0x55d35f6adbd4 <unknown>\nE       #5 0x55d35f68c5cd <unknown>\nE       #6 0x55d35f6aaf84 <unknown>\nE       #7 0x55d35f68c343 <unknown>\nE       #8 0x55d35f65978a <unknown>\nE       #9 0x55d35f65a9de <unknown>\nE       #10 0x55d35fae62cb <unknown>\nE       #11 0x55d35faea242 <unknown>\nE       #12 0x55d35fad37ac <unknown>\nE       #13 0x55d35faeadf7 <unknown>\nE       #14 0x55d35fab7b2f <unknown>\nE       #15 0x55d35fb0b1a8 <unknown>\nE       #16 0x55d35fb0b370 <unknown>\nE       #17 0x55d35fb1b3b6 <unknown>\nE       #18 0x7f6d3b09caa4 <unknown>\nE       #19 0x7f6d3b129c3c <unknown>\n\n.venv/lib/python3.13/site-packages/selenium/webdriver/support/wait.py:138: TimeoutException","steps":[{"name":"public ip address","time":{"start":1753409048324,"stop":1753409048372,"duration":48},"status":"passed","steps":[],"attachments":[{"uid":"68606e407e1b92b5","name":"HTTP logs of http://checkip.amazonaws.com/","source":"68606e407e1b92b5.txt","type":"text/plain","size":359}],"parameters":[],"shouldDisplayMessage":false,"stepsCount":0,"attachmentsCount":1,"hasContent":true,"attachmentStep":false}],"attachments":[{"uid":"ac2c83bedec20e8f","name":"Cookies","source":"ac2c83bedec20e8f.json","type":"application/json","size":4115},{"uid":"353405b423e92e1f","name":"Session Storage","source":"353405b423e92e1f.json","type":"application/json","size":358},{"uid":"cdffc12e5e579118","name":"Local Storage","source":"cdffc12e5e579118.json","type":"application/json","size":548},{"uid":"23d5b1500b8115e","name":"Full Page Screenshot","source":"23d5b1500b8115e.png","type":"image/png","size":2002571},{"uid":"352f3158720380ca","name":"URL","source":"352f3158720380ca.uri","type":"text/uri-list","size":23},{"uid":"77bc8e595a0e0d40","name":"Network Logs","source":"77bc8e595a0e0d40.json","type":"application/json","size":10199164}],"parameters":[],"shouldDisplayMessage":true,"stepsCount":1,"attachmentsCount":7,"hasContent":true,"attachmentStep":false},"afterStages":[{"name":"session_request::0","time":{"start":1753409104356,"stop":1753409104356,"duration":0},"status":"passed","steps":[],"attachments":[],"parameters":[],"shouldDisplayMessage":false,"stepsCount":0,"attachmentsCount":0,"hasContent":false,"attachmentStep":false}],"labels":[{"name":"severity","value":"normal"},{"name":"epic","value":"Workspaces"},{"name":"story","value":"WorkSpaces Creation and Editing Functionality"},{"name":"parentSuite","value":"tests"},{"name":"suite","value":"workspaces_test"},{"name":"subSuite","value":"TestWorkspaces"},{"name":"host","value":"pkrvmpptgkbjq6m"},{"name":"thread","value":"2162-MainThread"},{"name":"framework","value":"pytest"},{"name":"language","value":"cpython3"},{"name":"package","value":"tests.workspaces_test"},{"name":"resultFormat","value":"allure2"}],"parameters":[],"links":[],"hidden":false,"retry":false,"extra":{"severity":"normal","retries":[],"categories":[{"name":"Test defects","matchedStatuses":[],"flaky":false}],"history":{"statistic":{"failed":0,"broken":25,"skipped":0,"passed":0,"unknown":0,"total":25},"items":[{"uid":"59072ed0f73f783b","reportUrl":"https://nirtal85.github.io/Selenium-Python-Example/724//#testresult/59072ed0f73f783b","status":"broken","statusDetails":"selenium.common.exceptions.TimeoutException: Message: \nStacktrace:\n#0 0x565331b2053a <unknown>\n#1 0x56533161bf00 <unknown>\n#2 0x56533166bc0c <unknown>\n#3 0x56533166be31 <unknown>\n#4 0x5653316b1bd4 <unknown>\n#5 0x5653316905cd <unknown>\n#6 0x5653316aef84 <unknown>\n#7 0x565331690343 <unknown>\n#8 0x56533165d78a <unknown>\n#9 0x56533165e9de <unknown>\n#10 0x565331aea2cb <unknown>\n#11 0x565331aee242 <unknown>\n#12 0x565331ad77ac <unknown>\n#13 0x565331aeedf7 <unknown>\n#14 0x565331abbb2f <unknown>\n#15 0x565331b0f1a8 <unknown>\n#16 0x565331b0f370 <unknown>\n#17 0x565331b1f3b6 <unknown>\n#18 0x7ff7e149caa4 <unknown>\n#19 0x7ff7e1529c3c <unknown>","time":{"start":1753322665072,"stop":1753322665072,"duration":0}},{"uid":"2c3361fe512ad2dd","reportUrl":"https://nirtal85.github.io/Selenium-Python-Example/723//#testresult/2c3361fe512ad2dd","status":"broken","statusDetails":"selenium.common.exceptions.TimeoutException: Message: \nStacktrace:\n#0 0x558ecce9a53a <unknown>\n#1 0x558ecc995f00 <unknown>\n#2 0x558ecc9e5c0c <unknown>\n#3 0x558ecc9e5e31 <unknown>\n#4 0x558ecca2bbd4 <unknown>\n#5 0x558ecca0a5cd <unknown>\n#6 0x558ecca28f84 <unknown>\n#7 0x558ecca0a343 <unknown>\n#8 0x558ecc9d778a <unknown>\n#9 0x558ecc9d89de <unknown>\n#10 0x558ecce642cb <unknown>\n#11 0x558ecce68242 <unknown>\n#12 0x558ecce517ac <unknown>\n#13 0x558ecce68df7 <unknown>\n#14 0x558ecce35b2f <unknown>\n#15 0x558ecce891a8 <unknown>\n#16 0x558ecce89370 <unknown>\n#17 0x558ecce993b6 <unknown>\n#18 0x7f44f849caa4 <unknown>\n#19 0x7f44f8529c3c <unknown>","time":{"start":1753236301542,"stop":1753236301542,"duration":0}},{"uid":"a1d1b512cb8d8214","reportUrl":"https://nirtal85.github.io/Selenium-Python-Example/722//#testresult/a1d1b512cb8d8214","status":"broken","statusDetails":"selenium.common.exceptions.TimeoutException: Message: \nStacktrace:\n#0 0x55b0742fd53a <unknown>\n#1 0x55b073df8f00 <unknown>\n#2 0x55b073e48c0c <unknown>\n#3 0x55b073e48e31 <unknown>\n#4 0x55b073e8ebd4 <unknown>\n#5 0x55b073e6d5cd <unknown>\n#6 0x55b073e8bf84 <unknown>\n#7 0x55b073e6d343 <unknown>\n#8 0x55b073e3a78a <unknown>\n#9 0x55b073e3b9de <unknown>\n#10 0x55b0742c72cb <unknown>\n#11 0x55b0742cb242 <unknown>\n#12 0x55b0742b47ac <unknown>\n#13 0x55b0742cbdf7 <unknown>\n#14 0x55b074298b2f <unknown>\n#15 0x55b0742ec1a8 <unknown>\n#16 0x55b0742ec370 <unknown>\n#17 0x55b0742fc3b6 <unknown>\n#18 0x7f14b289caa4 <unknown>\n#19 0x7f14b2929c3c <unknown>","time":{"start":1753149841272,"stop":1753149841272,"duration":0}},{"uid":"869768a6cc63f4e2","reportUrl":"https://nirtal85.github.io/Selenium-Python-Example/721//#testresult/869768a6cc63f4e2","status":"broken","statusDetails":"selenium.common.exceptions.TimeoutException: Message: \nStacktrace:\n#0 0x55cdf606953a <unknown>\n#1 0x55cdf5b64f00 <unknown>\n#2 0x55cdf5bb4c0c <unknown>\n#3 0x55cdf5bb4e31 <unknown>\n#4 0x55cdf5bfabd4 <unknown>\n#5 0x55cdf5bd95cd <unknown>\n#6 0x55cdf5bf7f84 <unknown>\n#7 0x55cdf5bd9343 <unknown>\n#8 0x55cdf5ba678a <unknown>\n#9 0x55cdf5ba79de <unknown>\n#10 0x55cdf60332cb <unknown>\n#11 0x55cdf6037242 <unknown>\n#12 0x55cdf60207ac <unknown>\n#13 0x55cdf6037df7 <unknown>\n#14 0x55cdf6004b2f <unknown>\n#15 0x55cdf60581a8 <unknown>\n#16 0x55cdf6058370 <unknown>\n#17 0x55cdf60683b6 <unknown>\n#18 0x7fa2cf69caa4 <unknown>\n#19 0x7fa2cf729c3c <unknown>","time":{"start":1753063782460,"stop":1753063782460,"duration":0}},{"uid":"5c046e97886dc2bd","reportUrl":"https://nirtal85.github.io/Selenium-Python-Example/720//#testresult/5c046e97886dc2bd","status":"broken","statusDetails":"selenium.common.exceptions.TimeoutException: Message: \nStacktrace:\n#0 0x5570ecd7453a <unknown>\n#1 0x5570ec86ff00 <unknown>\n#2 0x5570ec8bfc0c <unknown>\n#3 0x5570ec8bfe31 <unknown>\n#4 0x5570ec905bd4 <unknown>\n#5 0x5570ec8e45cd <unknown>\n#6 0x5570ec902f84 <unknown>\n#7 0x5570ec8e4343 <unknown>\n#8 0x5570ec8b178a <unknown>\n#9 0x5570ec8b29de <unknown>\n#10 0x5570ecd3e2cb <unknown>\n#11 0x5570ecd42242 <unknown>\n#12 0x5570ecd2b7ac <unknown>\n#13 0x5570ecd42df7 <unknown>\n#14 0x5570ecd0fb2f <unknown>\n#15 0x5570ecd631a8 <unknown>\n#16 0x5570ecd63370 <unknown>\n#17 0x5570ecd733b6 <unknown>\n#18 0x7f3db869caa4 <unknown>\n#19 0x7f3db8729c3c <unknown>","time":{"start":1752977557453,"stop":1752977557453,"duration":0}},{"uid":"13711865eaafcff3","reportUrl":"https://nirtal85.github.io/Selenium-Python-Example/719//#testresult/13711865eaafcff3","status":"broken","statusDetails":"selenium.common.exceptions.TimeoutException: Message: \nStacktrace:\n#0 0x555657a0753a <unknown>\n#1 0x555657502f00 <unknown>\n#2 0x555657552c0c <unknown>\n#3 0x555657552e31 <unknown>\n#4 0x555657598bd4 <unknown>\n#5 0x5556575775cd <unknown>\n#6 0x555657595f84 <unknown>\n#7 0x555657577343 <unknown>\n#8 0x55565754478a <unknown>\n#9 0x5556575459de <unknown>\n#10 0x5556579d12cb <unknown>\n#11 0x5556579d5242 <unknown>\n#12 0x5556579be7ac <unknown>\n#13 0x5556579d5df7 <unknown>\n#14 0x5556579a2b2f <unknown>\n#15 0x5556579f61a8 <unknown>\n#16 0x5556579f6370 <unknown>\n#17 0x555657a063b6 <unknown>\n#18 0x7f62da29caa4 <unknown>\n#19 0x7f62da329c3c <unknown>","time":{"start":1752890337212,"stop":1752890337212,"duration":0}},{"uid":"936ebd91e973a7d2","reportUrl":"https://nirtal85.github.io/Selenium-Python-Example/718//#testresult/936ebd91e973a7d2","status":"broken","statusDetails":"selenium.common.exceptions.TimeoutException: Message: \nStacktrace:\n#0 0x56516607653a <unknown>\n#1 0x565165b71f00 <unknown>\n#2 0x565165bc1c0c <unknown>\n#3 0x565165bc1e31 <unknown>\n#4 0x565165c07bd4 <unknown>\n#5 0x565165be65cd <unknown>\n#6 0x565165c04f84 <unknown>\n#7 0x565165be6343 <unknown>\n#8 0x565165bb378a <unknown>\n#9 0x565165bb49de <unknown>\n#10 0x5651660402cb <unknown>\n#11 0x565166044242 <unknown>\n#12 0x56516602d7ac <unknown>\n#13 0x565166044df7 <unknown>\n#14 0x565166011b2f <unknown>\n#15 0x5651660651a8 <unknown>\n#16 0x565166065370 <unknown>\n#17 0x5651660753b6 <unknown>\n#18 0x7f774029caa4 <unknown>\n#19 0x7f7740329c3c <unknown>","time":{"start":1752804294977,"stop":1752804294977,"duration":0}},{"uid":"7bc6b380df7643f8","reportUrl":"https://nirtal85.github.io/Selenium-Python-Example/717//#testresult/7bc6b380df7643f8","status":"broken","statusDetails":"selenium.common.exceptions.TimeoutException: Message: \nStacktrace:\n#0 0x55767b9b153a <unknown>\n#1 0x55767b4acf00 <unknown>\n#2 0x55767b4fcc0c <unknown>\n#3 0x55767b4fce31 <unknown>\n#4 0x55767b542bd4 <unknown>\n#5 0x55767b5215cd <unknown>\n#6 0x55767b53ff84 <unknown>\n#7 0x55767b521343 <unknown>\n#8 0x55767b4ee78a <unknown>\n#9 0x55767b4ef9de <unknown>\n#10 0x55767b97b2cb <unknown>\n#11 0x55767b97f242 <unknown>\n#12 0x55767b9687ac <unknown>\n#13 0x55767b97fdf7 <unknown>\n#14 0x55767b94cb2f <unknown>\n#15 0x55767b9a01a8 <unknown>\n#16 0x55767b9a0370 <unknown>\n#17 0x55767b9b03b6 <unknown>\n#18 0x7f9d8da9caa4 <unknown>\n#19 0x7f9d8db29c3c <unknown>","time":{"start":1752717801352,"stop":1752717801352,"duration":0}},{"uid":"c67515ce19ea91ab","reportUrl":"https://nirtal85.github.io/Selenium-Python-Example/716//#testresult/c67515ce19ea91ab","status":"broken","statusDetails":"selenium.common.exceptions.TimeoutException: Message: \nStacktrace:\n#0 0x5570a65f853a <unknown>\n#1 0x5570a60f3f00 <unknown>\n#2 0x5570a6143c0c <unknown>\n#3 0x5570a6143e31 <unknown>\n#4 0x5570a6189bd4 <unknown>\n#5 0x5570a61685cd <unknown>\n#6 0x5570a6186f84 <unknown>\n#7 0x5570a6168343 <unknown>\n#8 0x5570a613578a <unknown>\n#9 0x5570a61369de <unknown>\n#10 0x5570a65c22cb <unknown>\n#11 0x5570a65c6242 <unknown>\n#12 0x5570a65af7ac <unknown>\n#13 0x5570a65c6df7 <unknown>\n#14 0x5570a6593b2f <unknown>\n#15 0x5570a65e71a8 <unknown>\n#16 0x5570a65e7370 <unknown>\n#17 0x5570a65f73b6 <unknown>\n#18 0x7f3493c9caa4 <unknown>\n#19 0x7f3493d29c3c <unknown>","time":{"start":1752631373128,"stop":1752631373128,"duration":0}},{"uid":"e7c60985b60767b4","reportUrl":"https://nirtal85.github.io/Selenium-Python-Example/715//#testresult/e7c60985b60767b4","status":"broken","statusDetails":"selenium.common.exceptions.TimeoutException: Message: \nStacktrace:\n#0 0x558d01d8453a <unknown>\n#1 0x558d0187ff00 <unknown>\n#2 0x558d018cfc0c <unknown>\n#3 0x558d018cfe31 <unknown>\n#4 0x558d01915bd4 <unknown>\n#5 0x558d018f45cd <unknown>\n#6 0x558d01912f84 <unknown>\n#7 0x558d018f4343 <unknown>\n#8 0x558d018c178a <unknown>\n#9 0x558d018c29de <unknown>\n#10 0x558d01d4e2cb <unknown>\n#11 0x558d01d52242 <unknown>\n#12 0x558d01d3b7ac <unknown>\n#13 0x558d01d52df7 <unknown>\n#14 0x558d01d1fb2f <unknown>\n#15 0x558d01d731a8 <unknown>\n#16 0x558d01d73370 <unknown>\n#17 0x558d01d833b6 <unknown>\n#18 0x7f98fe09caa4 <unknown>\n#19 0x7f98fe129c3c <unknown>","time":{"start":1752545187849,"stop":1752545187849,"duration":0}},{"uid":"c8e5d363e0940530","reportUrl":"https://nirtal85.github.io/Selenium-Python-Example/714//#testresult/c8e5d363e0940530","status":"broken","statusDetails":"selenium.common.exceptions.TimeoutException: Message: \nStacktrace:\n#0 0x55892406e53a <unknown>\n#1 0x558923b69f00 <unknown>\n#2 0x558923bb9c0c <unknown>\n#3 0x558923bb9e31 <unknown>\n#4 0x558923bffbd4 <unknown>\n#5 0x558923bde5cd <unknown>\n#6 0x558923bfcf84 <unknown>\n#7 0x558923bde343 <unknown>\n#8 0x558923bab78a <unknown>\n#9 0x558923bac9de <unknown>\n#10 0x5589240382cb <unknown>\n#11 0x55892403c242 <unknown>\n#12 0x5589240257ac <unknown>\n#13 0x55892403cdf7 <unknown>\n#14 0x558924009b2f <unknown>\n#15 0x55892405d1a8 <unknown>\n#16 0x55892405d370 <unknown>\n#17 0x55892406d3b6 <unknown>\n#18 0x7f247049caa4 <unknown>\n#19 0x7f2470529c3c <unknown>","time":{"start":1752458797251,"stop":1752458797251,"duration":0}},{"uid":"1dff8800977e92a3","reportUrl":"https://nirtal85.github.io/Selenium-Python-Example/713//#testresult/1dff8800977e92a3","status":"broken","statusDetails":"selenium.common.exceptions.TimeoutException: Message: \nStacktrace:\n#0 0x55e13551f53a <unknown>\n#1 0x55e13501af00 <unknown>\n#2 0x55e13506ac0c <unknown>\n#3 0x55e13506ae31 <unknown>\n#4 0x55e1350b0bd4 <unknown>\n#5 0x55e13508f5cd <unknown>\n#6 0x55e1350adf84 <unknown>\n#7 0x55e13508f343 <unknown>\n#8 0x55e13505c78a <unknown>\n#9 0x55e13505d9de <unknown>\n#10 0x55e1354e92cb <unknown>\n#11 0x55e1354ed242 <unknown>\n#12 0x55e1354d67ac <unknown>\n#13 0x55e1354eddf7 <unknown>\n#14 0x55e1354bab2f <unknown>\n#15 0x55e13550e1a8 <unknown>\n#16 0x55e13550e370 <unknown>\n#17 0x55e13551e3b6 <unknown>\n#18 0x7fcd1b09caa4 <unknown>\n#19 0x7fcd1b129c3c <unknown>","time":{"start":1752372653729,"stop":1752372653729,"duration":0}},{"uid":"976d3231277e15d","reportUrl":"https://nirtal85.github.io/Selenium-Python-Example/712//#testresult/976d3231277e15d","status":"broken","statusDetails":"selenium.common.exceptions.TimeoutException: Message: \nStacktrace:\n#0 0x55d9e757753a <unknown>\n#1 0x55d9e7072f00 <unknown>\n#2 0x55d9e70c2c0c <unknown>\n#3 0x55d9e70c2e31 <unknown>\n#4 0x55d9e7108bd4 <unknown>\n#5 0x55d9e70e75cd <unknown>\n#6 0x55d9e7105f84 <unknown>\n#7 0x55d9e70e7343 <unknown>\n#8 0x55d9e70b478a <unknown>\n#9 0x55d9e70b59de <unknown>\n#10 0x55d9e75412cb <unknown>\n#11 0x55d9e7545242 <unknown>\n#12 0x55d9e752e7ac <unknown>\n#13 0x55d9e7545df7 <unknown>\n#14 0x55d9e7512b2f <unknown>\n#15 0x55d9e75661a8 <unknown>\n#16 0x55d9e7566370 <unknown>\n#17 0x55d9e75763b6 <unknown>\n#18 0x7f981329caa4 <unknown>\n#19 0x7f9813329c3c <unknown>","time":{"start":1752285745535,"stop":1752285745535,"duration":0}},{"uid":"64a9daf9154fe683","reportUrl":"https://nirtal85.github.io/Selenium-Python-Example/711//#testresult/64a9daf9154fe683","status":"broken","statusDetails":"selenium.common.exceptions.TimeoutException: Message: \nStacktrace:\n#0 0x55628cdba53a <unknown>\n#1 0x55628c8b5f00 <unknown>\n#2 0x55628c905c0c <unknown>\n#3 0x55628c905e31 <unknown>\n#4 0x55628c94bbd4 <unknown>\n#5 0x55628c92a5cd <unknown>\n#6 0x55628c948f84 <unknown>\n#7 0x55628c92a343 <unknown>\n#8 0x55628c8f778a <unknown>\n#9 0x55628c8f89de <unknown>\n#10 0x55628cd842cb <unknown>\n#11 0x55628cd88242 <unknown>\n#12 0x55628cd717ac <unknown>\n#13 0x55628cd88df7 <unknown>\n#14 0x55628cd55b2f <unknown>\n#15 0x55628cda91a8 <unknown>\n#16 0x55628cda9370 <unknown>\n#17 0x55628cdb93b6 <unknown>\n#18 0x7f11be69caa4 <unknown>\n#19 0x7f11be729c3c <unknown>","time":{"start":1752199309238,"stop":1752199309238,"duration":0}},{"uid":"cccffc925d8d26db","reportUrl":"https://nirtal85.github.io/Selenium-Python-Example/710//#testresult/cccffc925d8d26db","status":"broken","statusDetails":"selenium.common.exceptions.TimeoutException: Message: \nStacktrace:\n#0 0x558d164f853a <unknown>\n#1 0x558d15ff3f00 <unknown>\n#2 0x558d16043c0c <unknown>\n#3 0x558d16043e31 <unknown>\n#4 0x558d16089bd4 <unknown>\n#5 0x558d160685cd <unknown>\n#6 0x558d16086f84 <unknown>\n#7 0x558d16068343 <unknown>\n#8 0x558d1603578a <unknown>\n#9 0x558d160369de <unknown>\n#10 0x558d164c22cb <unknown>\n#11 0x558d164c6242 <unknown>\n#12 0x558d164af7ac <unknown>\n#13 0x558d164c6df7 <unknown>\n#14 0x558d16493b2f <unknown>\n#15 0x558d164e71a8 <unknown>\n#16 0x558d164e7370 <unknown>\n#17 0x558d164f73b6 <unknown>\n#18 0x7f01b749caa4 <unknown>\n#19 0x7f01b7529c3c <unknown>","time":{"start":1752112754550,"stop":1752112754550,"duration":0}},{"uid":"2d263136cf4ab0bf","reportUrl":"https://nirtal85.github.io/Selenium-Python-Example/709//#testresult/2d263136cf4ab0bf","status":"broken","statusDetails":"selenium.common.exceptions.TimeoutException: Message: \nStacktrace:\n#0 0x55f7f626953a <unknown>\n#1 0x55f7f5d64f00 <unknown>\n#2 0x55f7f5db4c0c <unknown>\n#3 0x55f7f5db4e31 <unknown>\n#4 0x55f7f5dfabd4 <unknown>\n#5 0x55f7f5dd95cd <unknown>\n#6 0x55f7f5df7f84 <unknown>\n#7 0x55f7f5dd9343 <unknown>\n#8 0x55f7f5da678a <unknown>\n#9 0x55f7f5da79de <unknown>\n#10 0x55f7f62332cb <unknown>\n#11 0x55f7f6237242 <unknown>\n#12 0x55f7f62207ac <unknown>\n#13 0x55f7f6237df7 <unknown>\n#14 0x55f7f6204b2f <unknown>\n#15 0x55f7f62581a8 <unknown>\n#16 0x55f7f6258370 <unknown>\n#17 0x55f7f62683b6 <unknown>\n#18 0x7f3b6389caa4 <unknown>\n#19 0x7f3b63929c3c <unknown>","time":{"start":1752026349762,"stop":1752026349762,"duration":0}},{"uid":"58fa4f8692ba8b96","reportUrl":"https://nirtal85.github.io/Selenium-Python-Example/708//#testresult/58fa4f8692ba8b96","status":"broken","statusDetails":"selenium.common.exceptions.TimeoutException: Message: \nStacktrace:\n#0 0x55cfc17ec53a <unknown>\n#1 0x55cfc12e7f00 <unknown>\n#2 0x55cfc1337c0c <unknown>\n#3 0x55cfc1337e31 <unknown>\n#4 0x55cfc137dbd4 <unknown>\n#5 0x55cfc135c5cd <unknown>\n#6 0x55cfc137af84 <unknown>\n#7 0x55cfc135c343 <unknown>\n#8 0x55cfc132978a <unknown>\n#9 0x55cfc132a9de <unknown>\n#10 0x55cfc17b62cb <unknown>\n#11 0x55cfc17ba242 <unknown>\n#12 0x55cfc17a37ac <unknown>\n#13 0x55cfc17badf7 <unknown>\n#14 0x55cfc1787b2f <unknown>\n#15 0x55cfc17db1a8 <unknown>\n#16 0x55cfc17db370 <unknown>\n#17 0x55cfc17eb3b6 <unknown>\n#18 0x7f44df09caa4 <unknown>\n#19 0x7f44df129c3c <unknown>","time":{"start":1751939882799,"stop":1751939882799,"duration":0}},{"uid":"2ff61cc9bf44f1","reportUrl":"https://nirtal85.github.io/Selenium-Python-Example/707//#testresult/2ff61cc9bf44f1","status":"broken","statusDetails":"selenium.common.exceptions.TimeoutException: Message: \nStacktrace:\n#0 0x56456a8e953a <unknown>\n#1 0x56456a3e4f00 <unknown>\n#2 0x56456a434c0c <unknown>\n#3 0x56456a434e31 <unknown>\n#4 0x56456a47abd4 <unknown>\n#5 0x56456a4595cd <unknown>\n#6 0x56456a477f84 <unknown>\n#7 0x56456a459343 <unknown>\n#8 0x56456a42678a <unknown>\n#9 0x56456a4279de <unknown>\n#10 0x56456a8b32cb <unknown>\n#11 0x56456a8b7242 <unknown>\n#12 0x56456a8a07ac <unknown>\n#13 0x56456a8b7df7 <unknown>\n#14 0x56456a884b2f <unknown>\n#15 0x56456a8d81a8 <unknown>\n#16 0x56456a8d8370 <unknown>\n#17 0x56456a8e83b6 <unknown>\n#18 0x7f141f89caa4 <unknown>\n#19 0x7f141f929c3c <unknown>","time":{"start":1751853778083,"stop":1751853778083,"duration":0}},{"uid":"ad2ad6d074f6f3a5","reportUrl":"https://nirtal85.github.io/Selenium-Python-Example/706//#testresult/ad2ad6d074f6f3a5","status":"broken","statusDetails":"selenium.common.exceptions.TimeoutException: Message: \nStacktrace:\n#0 0x55c29718053a <unknown>\n#1 0x55c296c7bf00 <unknown>\n#2 0x55c296ccbc0c <unknown>\n#3 0x55c296ccbe31 <unknown>\n#4 0x55c296d11bd4 <unknown>\n#5 0x55c296cf05cd <unknown>\n#6 0x55c296d0ef84 <unknown>\n#7 0x55c296cf0343 <unknown>\n#8 0x55c296cbd78a <unknown>\n#9 0x55c296cbe9de <unknown>\n#10 0x55c29714a2cb <unknown>\n#11 0x55c29714e242 <unknown>\n#12 0x55c2971377ac <unknown>\n#13 0x55c29714edf7 <unknown>\n#14 0x55c29711bb2f <unknown>\n#15 0x55c29716f1a8 <unknown>\n#16 0x55c29716f370 <unknown>\n#17 0x55c29717f3b6 <unknown>\n#18 0x7fad0f89caa4 <unknown>\n#19 0x7fad0f929c3c <unknown>","time":{"start":1751767556703,"stop":1751767556703,"duration":0}},{"uid":"44f77dc518846db","reportUrl":"https://nirtal85.github.io/Selenium-Python-Example/705//#testresult/44f77dc518846db","status":"broken","statusDetails":"selenium.common.exceptions.TimeoutException: Message: \nStacktrace:\n#0 0x55a5ae0ab53a <unknown>\n#1 0x55a5adba6f00 <unknown>\n#2 0x55a5adbf6c0c <unknown>\n#3 0x55a5adbf6e31 <unknown>\n#4 0x55a5adc3cbd4 <unknown>\n#5 0x55a5adc1b5cd <unknown>\n#6 0x55a5adc39f84 <unknown>\n#7 0x55a5adc1b343 <unknown>\n#8 0x55a5adbe878a <unknown>\n#9 0x55a5adbe99de <unknown>\n#10 0x55a5ae0752cb <unknown>\n#11 0x55a5ae079242 <unknown>\n#12 0x55a5ae0627ac <unknown>\n#13 0x55a5ae079df7 <unknown>\n#14 0x55a5ae046b2f <unknown>\n#15 0x55a5ae09a1a8 <unknown>\n#16 0x55a5ae09a370 <unknown>\n#17 0x55a5ae0aa3b6 <unknown>\n#18 0x7f4a97a9caa4 <unknown>\n#19 0x7f4a97b29c3c <unknown>","time":{"start":1751680362837,"stop":1751680362837,"duration":0}}]},"tags":[]},"source":"2fa2b45a70da276f.json","parameterValues":[]}