{"uid":"c2dce09a5392bf6d","name":"Exception test","fullName":"tests.forgot_password_test.TestForgotPassword#test_expected_exception_on_page_title","historyId":"288cd0030c92ba34b4ff4b58ed8ec476","time":{"start":1754704602433,"stop":1754704612769,"duration":10336},"description":"Exception catching","descriptionHtml":"<p>Exception catching</p>\n","status":"broken","statusMessage":"selenium.common.exceptions.TimeoutException: Message: \nStacktrace:\n#0 0x55cc8be4b53a <unknown>\n#1 0x55cc8b946f00 <unknown>\n#2 0x55cc8b996c0c <unknown>\n#3 0x55cc8b996e31 <unknown>\n#4 0x55cc8b9dcbd4 <unknown>\n#5 0x55cc8b9bb5cd <unknown>\n#6 0x55cc8b9d9f84 <unknown>\n#7 0x55cc8b9bb343 <unknown>\n#8 0x55cc8b98878a <unknown>\n#9 0x55cc8b9899de <unknown>\n#10 0x55cc8be152cb <unknown>\n#11 0x55cc8be19242 <unknown>\n#12 0x55cc8be027ac <unknown>\n#13 0x55cc8be19df7 <unknown>\n#14 0x55cc8bde6b2f <unknown>\n#15 0x55cc8be3a1a8 <unknown>\n#16 0x55cc8be3a370 <unknown>\n#17 0x55cc8be4a3b6 <unknown>\n#18 0x7f8d51c9caa4 <unknown>\n#19 0x7f8d51d29c3c <unknown>","statusTrace":"self = <tests.forgot_password_test.TestForgotPassword object at 0x7f684b5c5480>\n\n    @allure.description(\"Exception catching\")\n    @allure.title(\"Exception test\")\n    @allure.link(\"github.com/allure-examples/\", name=\"Allure Examples\")\n    @allure.issue(\"github.com/allure-examples/allure-examples/issues/1\", name=\"ISSUE-1\")\n    @allure.testcase(\"github.com/allure-examples/allure-examples/issues/2\", name=\"TESTCASE-2\")\n    def test_expected_exception_on_page_title(self) -> None:\n>       self.about_page.click_login_link()\n\ntests/forgot_password_test.py:51: \n_ _ _ _ _ _ _ _ _ _ _ _ _ _ _ _ _ _ _ _ _ _ _ _ _ _ _ _ _ _ _ _ _ _ _ _ _ _ _ _ \nsrc/pages/about_page.py:18: in click_login_link\n    self.click(self.LOGIN_LINK)\nsrc/pages/base_page.py:59: in click\n    el: WebElement = self.wait.until(expected_conditions.element_to_be_clickable(locator))\n                     ^^^^^^^^^^^^^^^^^^^^^^^^^^^^^^^^^^^^^^^^^^^^^^^^^^^^^^^^^^^^^^^^^^^^^\n_ _ _ _ _ _ _ _ _ _ _ _ _ _ _ _ _ _ _ _ _ _ _ _ _ _ _ _ _ _ _ _ _ _ _ _ _ _ _ _ \n\nself = <selenium.webdriver.support.wait.WebDriverWait (session=\"fddaf21d21d4ab4d50848af832cff615\")>\nmethod = <function element_to_be_clickable.<locals>._predicate at 0x7f684b6271a0>\nmessage = ''\n\n    def until(self, method: Callable[[D], Union[Literal[False], T]], message: str = \"\") -> T:\n        \"\"\"Wait until the method returns a value that is not False.\n    \n        Calls the method provided with the driver as an argument until the\n        return value does not evaluate to ``False``.\n    \n        Parameters:\n        -----------\n        method: callable(WebDriver)\n            - A callable object that takes a WebDriver instance as an argument.\n    \n        message: str\n            - Optional message for :exc:`TimeoutException`\n    \n        Return:\n        -------\n        object: T\n            - The result of the last call to `method`\n    \n        Raises:\n        -------\n        TimeoutException\n            - If 'method' does not return a truthy value within the WebDriverWait\n            object's timeout\n    \n        Example:\n        --------\n        >>> from selenium.webdriver.common.by import By\n        >>> from selenium.webdriver.support.ui import WebDriverWait\n        >>> from selenium.webdriver.support import expected_conditions as EC\n    \n        # Wait until an element is visible on the page\n        >>> wait = WebDriverWait(driver, 10)\n        >>> element = wait.until(EC.visibility_of_element_located((By.ID, \"exampleId\")))\n        >>> print(element.text)\n        \"\"\"\n        screen = None\n        stacktrace = None\n    \n        end_time = time.monotonic() + self._timeout\n        while True:\n            try:\n                value = method(self._driver)\n                if value:\n                    return value\n            except self._ignored_exceptions as exc:\n                screen = getattr(exc, \"screen\", None)\n                stacktrace = getattr(exc, \"stacktrace\", None)\n            if time.monotonic() > end_time:\n                break\n            time.sleep(self._poll)\n>       raise TimeoutException(message, screen, stacktrace)\nE       selenium.common.exceptions.TimeoutException: Message: \nE       Stacktrace:\nE       #0 0x55cc8be4b53a <unknown>\nE       #1 0x55cc8b946f00 <unknown>\nE       #2 0x55cc8b996c0c <unknown>\nE       #3 0x55cc8b996e31 <unknown>\nE       #4 0x55cc8b9dcbd4 <unknown>\nE       #5 0x55cc8b9bb5cd <unknown>\nE       #6 0x55cc8b9d9f84 <unknown>\nE       #7 0x55cc8b9bb343 <unknown>\nE       #8 0x55cc8b98878a <unknown>\nE       #9 0x55cc8b9899de <unknown>\nE       #10 0x55cc8be152cb <unknown>\nE       #11 0x55cc8be19242 <unknown>\nE       #12 0x55cc8be027ac <unknown>\nE       #13 0x55cc8be19df7 <unknown>\nE       #14 0x55cc8bde6b2f <unknown>\nE       #15 0x55cc8be3a1a8 <unknown>\nE       #16 0x55cc8be3a370 <unknown>\nE       #17 0x55cc8be4a3b6 <unknown>\nE       #18 0x7f8d51c9caa4 <unknown>\nE       #19 0x7f8d51d29c3c <unknown>\n\n.venv/lib/python3.13/site-packages/selenium/webdriver/support/wait.py:138: TimeoutException","flaky":false,"newFailed":false,"newBroken":false,"newPassed":false,"retriesCount":0,"retriesStatusChange":false,"beforeStages":[{"name":"base_url","time":{"start":1754704596719,"stop":1754704596719,"duration":0},"status":"passed","steps":[],"attachments":[],"parameters":[],"shouldDisplayMessage":false,"stepsCount":0,"attachmentsCount":0,"hasContent":false,"attachmentStep":false},{"name":"_verify_url","time":{"start":1754704596719,"stop":1754704596719,"duration":0},"status":"passed","steps":[],"attachments":[],"parameters":[],"shouldDisplayMessage":false,"stepsCount":0,"attachmentsCount":0,"hasContent":false,"attachmentStep":false},{"name":"session_request","time":{"start":1754704596719,"stop":1754704596719,"duration":0},"status":"passed","steps":[],"attachments":[],"parameters":[],"shouldDisplayMessage":false,"stepsCount":0,"attachmentsCount":0,"hasContent":false,"attachmentStep":false}],"testStage":{"description":"Exception catching","status":"broken","statusMessage":"selenium.common.exceptions.TimeoutException: Message: \nStacktrace:\n#0 0x55cc8be4b53a <unknown>\n#1 0x55cc8b946f00 <unknown>\n#2 0x55cc8b996c0c <unknown>\n#3 0x55cc8b996e31 <unknown>\n#4 0x55cc8b9dcbd4 <unknown>\n#5 0x55cc8b9bb5cd <unknown>\n#6 0x55cc8b9d9f84 <unknown>\n#7 0x55cc8b9bb343 <unknown>\n#8 0x55cc8b98878a <unknown>\n#9 0x55cc8b9899de <unknown>\n#10 0x55cc8be152cb <unknown>\n#11 0x55cc8be19242 <unknown>\n#12 0x55cc8be027ac <unknown>\n#13 0x55cc8be19df7 <unknown>\n#14 0x55cc8bde6b2f <unknown>\n#15 0x55cc8be3a1a8 <unknown>\n#16 0x55cc8be3a370 <unknown>\n#17 0x55cc8be4a3b6 <unknown>\n#18 0x7f8d51c9caa4 <unknown>\n#19 0x7f8d51d29c3c <unknown>","statusTrace":"self = <tests.forgot_password_test.TestForgotPassword object at 0x7f684b5c5480>\n\n    @allure.description(\"Exception catching\")\n    @allure.title(\"Exception test\")\n    @allure.link(\"github.com/allure-examples/\", name=\"Allure Examples\")\n    @allure.issue(\"github.com/allure-examples/allure-examples/issues/1\", name=\"ISSUE-1\")\n    @allure.testcase(\"github.com/allure-examples/allure-examples/issues/2\", name=\"TESTCASE-2\")\n    def test_expected_exception_on_page_title(self) -> None:\n>       self.about_page.click_login_link()\n\ntests/forgot_password_test.py:51: \n_ _ _ _ _ _ _ _ _ _ _ _ _ _ _ _ _ _ _ _ _ _ _ _ _ _ _ _ _ _ _ _ _ _ _ _ _ _ _ _ \nsrc/pages/about_page.py:18: in click_login_link\n    self.click(self.LOGIN_LINK)\nsrc/pages/base_page.py:59: in click\n    el: WebElement = self.wait.until(expected_conditions.element_to_be_clickable(locator))\n                     ^^^^^^^^^^^^^^^^^^^^^^^^^^^^^^^^^^^^^^^^^^^^^^^^^^^^^^^^^^^^^^^^^^^^^\n_ _ _ _ _ _ _ _ _ _ _ _ _ _ _ _ _ _ _ _ _ _ _ _ _ _ _ _ _ _ _ _ _ _ _ _ _ _ _ _ \n\nself = <selenium.webdriver.support.wait.WebDriverWait (session=\"fddaf21d21d4ab4d50848af832cff615\")>\nmethod = <function element_to_be_clickable.<locals>._predicate at 0x7f684b6271a0>\nmessage = ''\n\n    def until(self, method: Callable[[D], Union[Literal[False], T]], message: str = \"\") -> T:\n        \"\"\"Wait until the method returns a value that is not False.\n    \n        Calls the method provided with the driver as an argument until the\n        return value does not evaluate to ``False``.\n    \n        Parameters:\n        -----------\n        method: callable(WebDriver)\n            - A callable object that takes a WebDriver instance as an argument.\n    \n        message: str\n            - Optional message for :exc:`TimeoutException`\n    \n        Return:\n        -------\n        object: T\n            - The result of the last call to `method`\n    \n        Raises:\n        -------\n        TimeoutException\n            - If 'method' does not return a truthy value within the WebDriverWait\n            object's timeout\n    \n        Example:\n        --------\n        >>> from selenium.webdriver.common.by import By\n        >>> from selenium.webdriver.support.ui import WebDriverWait\n        >>> from selenium.webdriver.support import expected_conditions as EC\n    \n        # Wait until an element is visible on the page\n        >>> wait = WebDriverWait(driver, 10)\n        >>> element = wait.until(EC.visibility_of_element_located((By.ID, \"exampleId\")))\n        >>> print(element.text)\n        \"\"\"\n        screen = None\n        stacktrace = None\n    \n        end_time = time.monotonic() + self._timeout\n        while True:\n            try:\n                value = method(self._driver)\n                if value:\n                    return value\n            except self._ignored_exceptions as exc:\n                screen = getattr(exc, \"screen\", None)\n                stacktrace = getattr(exc, \"stacktrace\", None)\n            if time.monotonic() > end_time:\n                break\n            time.sleep(self._poll)\n>       raise TimeoutException(message, screen, stacktrace)\nE       selenium.common.exceptions.TimeoutException: Message: \nE       Stacktrace:\nE       #0 0x55cc8be4b53a <unknown>\nE       #1 0x55cc8b946f00 <unknown>\nE       #2 0x55cc8b996c0c <unknown>\nE       #3 0x55cc8b996e31 <unknown>\nE       #4 0x55cc8b9dcbd4 <unknown>\nE       #5 0x55cc8b9bb5cd <unknown>\nE       #6 0x55cc8b9d9f84 <unknown>\nE       #7 0x55cc8b9bb343 <unknown>\nE       #8 0x55cc8b98878a <unknown>\nE       #9 0x55cc8b9899de <unknown>\nE       #10 0x55cc8be152cb <unknown>\nE       #11 0x55cc8be19242 <unknown>\nE       #12 0x55cc8be027ac <unknown>\nE       #13 0x55cc8be19df7 <unknown>\nE       #14 0x55cc8bde6b2f <unknown>\nE       #15 0x55cc8be3a1a8 <unknown>\nE       #16 0x55cc8be3a370 <unknown>\nE       #17 0x55cc8be4a3b6 <unknown>\nE       #18 0x7f8d51c9caa4 <unknown>\nE       #19 0x7f8d51d29c3c <unknown>\n\n.venv/lib/python3.13/site-packages/selenium/webdriver/support/wait.py:138: TimeoutException","steps":[{"name":"Click Login link","time":{"start":1754704602433,"stop":1754704612768,"duration":10335},"status":"broken","statusMessage":"selenium.common.exceptions.TimeoutException: Message: \nStacktrace:\n#0 0x55cc8be4b53a <unknown>\n#1 0x55cc8b946f00 <unknown>\n#2 0x55cc8b996c0c <unknown>\n#3 0x55cc8b996e31 <unknown>\n#4 0x55cc8b9dcbd4 <unknown>\n#5 0x55cc8b9bb5cd <unknown>\n#6 0x55cc8b9d9f84 <unknown>\n#7 0x55cc8b9bb343 <unknown>\n#8 0x55cc8b98878a <unknown>\n#9 0x55cc8b9899de <unknown>\n#10 0x55cc8be152cb <unknown>\n#11 0x55cc8be19242 <unknown>\n#12 0x55cc8be027ac <unknown>\n#13 0x55cc8be19df7 <unknown>\n#14 0x55cc8bde6b2f <unknown>\n#15 0x55cc8be3a1a8 <unknown>\n#16 0x55cc8be3a370 <unknown>\n#17 0x55cc8be4a3b6 <unknown>\n#18 0x7f8d51c9caa4 <unknown>\n#19 0x7f8d51d29c3c <unknown>\n\n","statusTrace":"  File \"/home/runner/work/Selenium-Python-Example/Selenium-Python-Example/.venv/lib/python3.13/site-packages/allure_commons/_allure.py\", line 202, in impl\n    return func(*a, **kw)\n  File \"/home/runner/work/Selenium-Python-Example/Selenium-Python-Example/src/pages/about_page.py\", line 18, in click_login_link\n    self.click(self.LOGIN_LINK)\n    ~~~~~~~~~~^^^^^^^^^^^^^^^^^\n  File \"/home/runner/work/Selenium-Python-Example/Selenium-Python-Example/src/pages/base_page.py\", line 59, in click\n    el: WebElement = self.wait.until(expected_conditions.element_to_be_clickable(locator))\n                     ~~~~~~~~~~~~~~~^^^^^^^^^^^^^^^^^^^^^^^^^^^^^^^^^^^^^^^^^^^^^^^^^^^^^^\n  File \"/home/runner/work/Selenium-Python-Example/Selenium-Python-Example/.venv/lib/python3.13/site-packages/selenium/webdriver/support/wait.py\", line 138, in until\n    raise TimeoutException(message, screen, stacktrace)\n","steps":[],"attachments":[],"parameters":[],"shouldDisplayMessage":true,"stepsCount":0,"attachmentsCount":0,"hasContent":true,"attachmentStep":false},{"name":"public ip address","time":{"start":1754704612779,"stop":1754704613066,"duration":287},"status":"passed","steps":[],"attachments":[{"uid":"11fc352abf7226f3","name":"HTTP logs of http://checkip.amazonaws.com/","source":"11fc352abf7226f3.txt","type":"text/plain","size":357}],"parameters":[],"shouldDisplayMessage":false,"stepsCount":0,"attachmentsCount":1,"hasContent":true,"attachmentStep":false}],"attachments":[{"uid":"95a86ec094c0b16c","name":"Cookies","source":"95a86ec094c0b16c.json","type":"application/json","size":4116},{"uid":"a7b982b52d0729a7","name":"Session Storage","source":"a7b982b52d0729a7.json","type":"application/json","size":359},{"uid":"64e03e0f0c303883","name":"Local Storage","source":"64e03e0f0c303883.json","type":"application/json","size":548},{"uid":"9384c6c6eca51f06","name":"Full Page Screenshot","source":"9384c6c6eca51f06.png","type":"image/png","size":1919223},{"uid":"af78ba876e4","name":"URL","source":"af78ba876e4.uri","type":"text/uri-list","size":23},{"uid":"68672759e6dd504f","name":"Network Logs","source":"68672759e6dd504f.json","type":"application/json","size":7928751}],"parameters":[],"shouldDisplayMessage":true,"stepsCount":2,"attachmentsCount":7,"hasContent":true,"attachmentStep":false},"afterStages":[{"name":"session_request::0","time":{"start":1754704630861,"stop":1754704630861,"duration":0},"status":"passed","steps":[],"attachments":[],"parameters":[],"shouldDisplayMessage":false,"stepsCount":0,"attachmentsCount":0,"hasContent":false,"attachmentStep":false}],"labels":[{"name":"epic","value":"Security"},{"name":"parentSuite","value":"Custom parent suite"},{"name":"severity","value":"critical"},{"name":"suite","value":"Custom suite"},{"name":"story","value":"Forgot Password Feature's Functionality"},{"name":"subSuite","value":"Custom sub suite"},{"name":"tag","value":"security"},{"name":"host","value":"pkrvmsl9tci6h6u"},{"name":"thread","value":"2183-MainThread"},{"name":"framework","value":"pytest"},{"name":"language","value":"cpython3"},{"name":"package","value":"tests.forgot_password_test"},{"name":"resultFormat","value":"allure2"}],"parameters":[],"links":[{"name":"TESTCASE-2","url":"https://github.com/allure-examples/allure-examples/issues/2","type":"tms"},{"name":"ISSUE-1","url":"https://github.com/allure-examples/allure-examples/issues/1","type":"issue"},{"name":"Allure Examples","url":"https://github.com/allure-examples/","type":"link"}],"hidden":false,"retry":false,"extra":{"severity":"critical","retries":[],"categories":[{"name":"Test defects","matchedStatuses":[],"flaky":false}],"history":{"statistic":{"failed":0,"broken":9,"skipped":0,"passed":0,"unknown":0,"total":9},"items":[{"uid":"1c51315274d100e4","reportUrl":"https://nirtal85.github.io/Selenium-Python-Example/739//#testresult/1c51315274d100e4","status":"broken","statusDetails":"selenium.common.exceptions.TimeoutException: Message: \nStacktrace:\n#0 0x55e4b19d353a <unknown>\n#1 0x55e4b14cef00 <unknown>\n#2 0x55e4b151ec0c <unknown>\n#3 0x55e4b151ee31 <unknown>\n#4 0x55e4b1564bd4 <unknown>\n#5 0x55e4b15435cd <unknown>\n#6 0x55e4b1561f84 <unknown>\n#7 0x55e4b1543343 <unknown>\n#8 0x55e4b151078a <unknown>\n#9 0x55e4b15119de <unknown>\n#10 0x55e4b199d2cb <unknown>\n#11 0x55e4b19a1242 <unknown>\n#12 0x55e4b198a7ac <unknown>\n#13 0x55e4b19a1df7 <unknown>\n#14 0x55e4b196eb2f <unknown>\n#15 0x55e4b19c21a8 <unknown>\n#16 0x55e4b19c2370 <unknown>\n#17 0x55e4b19d23b6 <unknown>\n#18 0x7f717e29caa4 <unknown>\n#19 0x7f717e329c3c <unknown>","time":{"start":1754618831069,"stop":1754618841436,"duration":10367}},{"uid":"d7d7f0ef042b02bc","reportUrl":"https://nirtal85.github.io/Selenium-Python-Example/738//#testresult/d7d7f0ef042b02bc","status":"broken","statusDetails":"selenium.common.exceptions.TimeoutException: Message: \nStacktrace:\n#0 0x56334834153a <unknown>\n#1 0x563347e3cf00 <unknown>\n#2 0x563347e8cc0c <unknown>\n#3 0x563347e8ce31 <unknown>\n#4 0x563347ed2bd4 <unknown>\n#5 0x563347eb15cd <unknown>\n#6 0x563347ecff84 <unknown>\n#7 0x563347eb1343 <unknown>\n#8 0x563347e7e78a <unknown>\n#9 0x563347e7f9de <unknown>\n#10 0x56334830b2cb <unknown>\n#11 0x56334830f242 <unknown>\n#12 0x5633482f87ac <unknown>\n#13 0x56334830fdf7 <unknown>\n#14 0x5633482dcb2f <unknown>\n#15 0x5633483301a8 <unknown>\n#16 0x563348330370 <unknown>\n#17 0x5633483403b6 <unknown>\n#18 0x7f01aec9caa4 <unknown>\n#19 0x7f01aed29c3c <unknown>","time":{"start":1754532471128,"stop":1754532481547,"duration":10419}},{"uid":"37745a89213732c","reportUrl":"https://nirtal85.github.io/Selenium-Python-Example/737//#testresult/37745a89213732c","status":"broken","statusDetails":"selenium.common.exceptions.TimeoutException: Message: \nStacktrace:\n#0 0x55695cc2753a <unknown>\n#1 0x55695c722f00 <unknown>\n#2 0x55695c772c0c <unknown>\n#3 0x55695c772e31 <unknown>\n#4 0x55695c7b8bd4 <unknown>\n#5 0x55695c7975cd <unknown>\n#6 0x55695c7b5f84 <unknown>\n#7 0x55695c797343 <unknown>\n#8 0x55695c76478a <unknown>\n#9 0x55695c7659de <unknown>\n#10 0x55695cbf12cb <unknown>\n#11 0x55695cbf5242 <unknown>\n#12 0x55695cbde7ac <unknown>\n#13 0x55695cbf5df7 <unknown>\n#14 0x55695cbc2b2f <unknown>\n#15 0x55695cc161a8 <unknown>\n#16 0x55695cc16370 <unknown>\n#17 0x55695cc263b6 <unknown>\n#18 0x7f2a6fc9caa4 <unknown>\n#19 0x7f2a6fd29c3c <unknown>","time":{"start":1754446040302,"stop":1754446050732,"duration":10430}},{"uid":"30fa4c8ed73ec66c","reportUrl":"https://nirtal85.github.io/Selenium-Python-Example/736//#testresult/30fa4c8ed73ec66c","status":"broken","statusDetails":"selenium.common.exceptions.TimeoutException: Message: \nStacktrace:\n#0 0x5591311fe53a <unknown>\n#1 0x559130cf9f00 <unknown>\n#2 0x559130d49c0c <unknown>\n#3 0x559130d49e31 <unknown>\n#4 0x559130d8fbd4 <unknown>\n#5 0x559130d6e5cd <unknown>\n#6 0x559130d8cf84 <unknown>\n#7 0x559130d6e343 <unknown>\n#8 0x559130d3b78a <unknown>\n#9 0x559130d3c9de <unknown>\n#10 0x5591311c82cb <unknown>\n#11 0x5591311cc242 <unknown>\n#12 0x5591311b57ac <unknown>\n#13 0x5591311ccdf7 <unknown>\n#14 0x559131199b2f <unknown>\n#15 0x5591311ed1a8 <unknown>\n#16 0x5591311ed370 <unknown>\n#17 0x5591311fd3b6 <unknown>\n#18 0x7f2dae29caa4 <unknown>\n#19 0x7f2dae329c3c <unknown>","time":{"start":1754359750877,"stop":1754359761355,"duration":10478}},{"uid":"c64fc59c9838b99a","reportUrl":"https://nirtal85.github.io/Selenium-Python-Example/735//#testresult/c64fc59c9838b99a","status":"broken","statusDetails":"selenium.common.exceptions.TimeoutException: Message: \nStacktrace:\n#0 0x56411154f53a <unknown>\n#1 0x56411104af00 <unknown>\n#2 0x56411109ac0c <unknown>\n#3 0x56411109ae31 <unknown>\n#4 0x5641110e0bd4 <unknown>\n#5 0x5641110bf5cd <unknown>\n#6 0x5641110ddf84 <unknown>\n#7 0x5641110bf343 <unknown>\n#8 0x56411108c78a <unknown>\n#9 0x56411108d9de <unknown>\n#10 0x5641115192cb <unknown>\n#11 0x56411151d242 <unknown>\n#12 0x5641115067ac <unknown>\n#13 0x56411151ddf7 <unknown>\n#14 0x5641114eab2f <unknown>\n#15 0x56411153e1a8 <unknown>\n#16 0x56411153e370 <unknown>\n#17 0x56411154e3b6 <unknown>\n#18 0x7f98d1a9caa4 <unknown>\n#19 0x7f98d1b29c3c <unknown>","time":{"start":1754274080988,"stop":1754274091384,"duration":10396}},{"uid":"ab2e42183872d876","reportUrl":"https://nirtal85.github.io/Selenium-Python-Example/734//#testresult/ab2e42183872d876","status":"broken","statusDetails":"selenium.common.exceptions.TimeoutException: Message: \nStacktrace:\n#0 0x55e1bfd9e53a <unknown>\n#1 0x55e1bf899f00 <unknown>\n#2 0x55e1bf8e9c0c <unknown>\n#3 0x55e1bf8e9e31 <unknown>\n#4 0x55e1bf92fbd4 <unknown>\n#5 0x55e1bf90e5cd <unknown>\n#6 0x55e1bf92cf84 <unknown>\n#7 0x55e1bf90e343 <unknown>\n#8 0x55e1bf8db78a <unknown>\n#9 0x55e1bf8dc9de <unknown>\n#10 0x55e1bfd682cb <unknown>\n#11 0x55e1bfd6c242 <unknown>\n#12 0x55e1bfd557ac <unknown>\n#13 0x55e1bfd6cdf7 <unknown>\n#14 0x55e1bfd39b2f <unknown>\n#15 0x55e1bfd8d1a8 <unknown>\n#16 0x55e1bfd8d370 <unknown>\n#17 0x55e1bfd9d3b6 <unknown>\n#18 0x7f87b9e9caa4 <unknown>\n#19 0x7f87b9f29c3c <unknown>","time":{"start":1754187684009,"stop":1754187694406,"duration":10397}},{"uid":"bb01c212f0eddaa0","reportUrl":"https://nirtal85.github.io/Selenium-Python-Example/733//#testresult/bb01c212f0eddaa0","status":"broken","statusDetails":"selenium.common.exceptions.TimeoutException: Message: \nStacktrace:\n#0 0x55a82416a53a <unknown>\n#1 0x55a823c65f00 <unknown>\n#2 0x55a823cb5c0c <unknown>\n#3 0x55a823cb5e31 <unknown>\n#4 0x55a823cfbbd4 <unknown>\n#5 0x55a823cda5cd <unknown>\n#6 0x55a823cf8f84 <unknown>\n#7 0x55a823cda343 <unknown>\n#8 0x55a823ca778a <unknown>\n#9 0x55a823ca89de <unknown>\n#10 0x55a8241342cb <unknown>\n#11 0x55a824138242 <unknown>\n#12 0x55a8241217ac <unknown>\n#13 0x55a824138df7 <unknown>\n#14 0x55a824105b2f <unknown>\n#15 0x55a8241591a8 <unknown>\n#16 0x55a824159370 <unknown>\n#17 0x55a8241693b6 <unknown>\n#18 0x7f578ce9caa4 <unknown>\n#19 0x7f578cf29c3c <unknown>","time":{"start":1754100036091,"stop":1754100046518,"duration":10427}},{"uid":"5cbfdd84a3c485c6","reportUrl":"https://nirtal85.github.io/Selenium-Python-Example/732//#testresult/5cbfdd84a3c485c6","status":"broken","statusDetails":"selenium.common.exceptions.TimeoutException: Message: \nStacktrace:\n#0 0x55acd1fe153a <unknown>\n#1 0x55acd1adcf00 <unknown>\n#2 0x55acd1b2cc0c <unknown>\n#3 0x55acd1b2ce31 <unknown>\n#4 0x55acd1b72bd4 <unknown>\n#5 0x55acd1b515cd <unknown>\n#6 0x55acd1b6ff84 <unknown>\n#7 0x55acd1b51343 <unknown>\n#8 0x55acd1b1e78a <unknown>\n#9 0x55acd1b1f9de <unknown>\n#10 0x55acd1fab2cb <unknown>\n#11 0x55acd1faf242 <unknown>\n#12 0x55acd1f987ac <unknown>\n#13 0x55acd1fafdf7 <unknown>\n#14 0x55acd1f7cb2f <unknown>\n#15 0x55acd1fd01a8 <unknown>\n#16 0x55acd1fd0370 <unknown>\n#17 0x55acd1fe03b6 <unknown>\n#18 0x7f290ca9caa4 <unknown>\n#19 0x7f290cb29c3c <unknown>","time":{"start":1754014985427,"stop":1754014995812,"duration":10385}}]},"tags":["security"]},"source":"c2dce09a5392bf6d.json","parameterValues":[]}