{"uid":"faef324a4d897d3b","name":"Rename an existing workspace test","fullName":"tests.workspaces_test.TestWorkspaces#test_rename_workspace","historyId":"cd63adf5d11191c5904362b968c9e131","time":{"start":1758159693655,"stop":1758159693655,"duration":0},"description":"Rename an existing workspace","descriptionHtml":"<p>Rename an existing workspace</p>\n","status":"broken","statusMessage":"FileNotFoundError: [Errno 2] No such file or directory: '/home/runner/work/Selenium-Python-Example/Selenium-Python-Example/src/resources/tests_data.json'","statusTrace":"@fixture(scope=\"session\")\n    def data() -> Data:\n        json_path = Constants.DATA_PATH / \"tests_data.json\"\n>       with open(json_path, encoding=\"utf-8\") as json_file:\n             ^^^^^^^^^^^^^^^^^^^^^^^^^^^^^^^^^\nE       FileNotFoundError: [Errno 2] No such file or directory: '/home/runner/work/Selenium-Python-Example/Selenium-Python-Example/src/resources/tests_data.json'\n\ntests/conftest.py:60: FileNotFoundError","flaky":false,"newFailed":false,"newBroken":false,"newPassed":false,"retriesCount":0,"retriesStatusChange":false,"beforeStages":[{"name":"base_url","time":{"start":1758159688983,"stop":1758159688983,"duration":0},"status":"passed","steps":[],"attachments":[],"parameters":[],"shouldDisplayMessage":false,"stepsCount":0,"attachmentsCount":0,"hasContent":false,"attachmentStep":false},{"name":"_verify_url","time":{"start":1758159688983,"stop":1758159688983,"duration":0},"status":"passed","steps":[],"attachments":[],"parameters":[],"shouldDisplayMessage":false,"stepsCount":0,"attachmentsCount":0,"hasContent":false,"attachmentStep":false},{"name":"data","time":{"start":1758159688983,"stop":1758159688983,"duration":0},"status":"broken","statusMessage":"FileNotFoundError: [Errno 2] No such file or directory: '/home/runner/work/Selenium-Python-Example/Selenium-Python-Example/src/resources/tests_data.json'\n","statusTrace":"  File \"/home/runner/work/Selenium-Python-Example/Selenium-Python-Example/.venv/lib/python3.13/site-packages/pluggy/_callers.py\", line 167, in _multicall\n    teardown.throw(outcome._exception)\n    ~~~~~~~~~~~~~~^^^^^^^^^^^^^^^^^^^^\n  File \"/home/runner/work/Selenium-Python-Example/Selenium-Python-Example/.venv/lib/python3.13/site-packages/_pytest/setuponly.py\", line 36, in pytest_fixture_setup\n    return (yield)\n            ^^^^^\n  File \"/home/runner/work/Selenium-Python-Example/Selenium-Python-Example/.venv/lib/python3.13/site-packages/pluggy/_callers.py\", line 103, in _multicall\n    res = hook_impl.function(*args)\n  File \"/home/runner/work/Selenium-Python-Example/Selenium-Python-Example/.venv/lib/python3.13/site-packages/_pytest/fixtures.py\", line 1195, in pytest_fixture_setup\n    result = call_fixture_func(fixturefunc, request, kwargs)\n  File \"/home/runner/work/Selenium-Python-Example/Selenium-Python-Example/.venv/lib/python3.13/site-packages/_pytest/fixtures.py\", line 929, in call_fixture_func\n    fixture_result = fixturefunc(**kwargs)\n  File \"/home/runner/work/Selenium-Python-Example/Selenium-Python-Example/tests/conftest.py\", line 60, in data\n    with open(json_path, encoding=\"utf-8\") as json_file:\n         ~~~~^^^^^^^^^^^^^^^^^^^^^^^^^^^^^\n","steps":[],"attachments":[],"parameters":[],"shouldDisplayMessage":true,"stepsCount":0,"attachmentsCount":0,"hasContent":true,"attachmentStep":false},{"name":"session_request","time":{"start":1758159688983,"stop":1758159688983,"duration":0},"status":"passed","steps":[],"attachments":[],"parameters":[],"shouldDisplayMessage":false,"stepsCount":0,"attachmentsCount":0,"hasContent":false,"attachmentStep":false},{"name":"setup_method_fixture","time":{"start":1758159713368,"stop":1758159723670,"duration":10302},"status":"broken","statusMessage":"selenium.common.exceptions.TimeoutException: Message: \nStacktrace:\n#0 0x55dc3131f53a <unknown>\n#1 0x55dc30e1af00 <unknown>\n#2 0x55dc30e6ac0c <unknown>\n#3 0x55dc30e6ae31 <unknown>\n#4 0x55dc30eb0bd4 <unknown>\n#5 0x55dc30e8f5cd <unknown>\n#6 0x55dc30eadf84 <unknown>\n#7 0x55dc30e8f343 <unknown>\n#8 0x55dc30e5c78a <unknown>\n#9 0x55dc30e5d9de <unknown>\n#10 0x55dc312e92cb <unknown>\n#11 0x55dc312ed242 <unknown>\n#12 0x55dc312d67ac <unknown>\n#13 0x55dc312eddf7 <unknown>\n#14 0x55dc312bab2f <unknown>\n#15 0x55dc3130e1a8 <unknown>\n#16 0x55dc3130e370 <unknown>\n#17 0x55dc3131e3b6 <unknown>\n#18 0x7fada4c9caa4 <unknown>\n#19 0x7fada4d29c3c <unknown>\n\n","statusTrace":"  File \"/home/runner/work/Selenium-Python-Example/Selenium-Python-Example/.venv/lib/python3.13/site-packages/pluggy/_callers.py\", line 167, in _multicall\n    teardown.throw(outcome._exception)\n    ~~~~~~~~~~~~~~^^^^^^^^^^^^^^^^^^^^\n  File \"/home/runner/work/Selenium-Python-Example/Selenium-Python-Example/.venv/lib/python3.13/site-packages/_pytest/setuponly.py\", line 36, in pytest_fixture_setup\n    return (yield)\n            ^^^^^\n  File \"/home/runner/work/Selenium-Python-Example/Selenium-Python-Example/.venv/lib/python3.13/site-packages/pluggy/_callers.py\", line 103, in _multicall\n    res = hook_impl.function(*args)\n  File \"/home/runner/work/Selenium-Python-Example/Selenium-Python-Example/.venv/lib/python3.13/site-packages/_pytest/fixtures.py\", line 1195, in pytest_fixture_setup\n    result = call_fixture_func(fixturefunc, request, kwargs)\n  File \"/home/runner/work/Selenium-Python-Example/Selenium-Python-Example/.venv/lib/python3.13/site-packages/_pytest/fixtures.py\", line 929, in call_fixture_func\n    fixture_result = fixturefunc(**kwargs)\n  File \"/home/runner/work/Selenium-Python-Example/Selenium-Python-Example/tests/workspaces_test.py\", line 25, in setup_method_fixture\n    login(self.about_page, self.login_page)\n    ~~~~~^^^^^^^^^^^^^^^^^^^^^^^^^^^^^^^^^^\n  File \"/home/runner/work/Selenium-Python-Example/Selenium-Python-Example/tests/workspaces_test.py\", line 15, in login\n    about_page.click_login_link()\n    ~~~~~~~~~~~~~~~~~~~~~~~~~~~^^\n  File \"/home/runner/work/Selenium-Python-Example/Selenium-Python-Example/.venv/lib/python3.13/site-packages/allure_commons/_allure.py\", line 202, in impl\n    return func(*a, **kw)\n  File \"/home/runner/work/Selenium-Python-Example/Selenium-Python-Example/src/pages/about_page.py\", line 18, in click_login_link\n    self.click(self.LOGIN_LINK)\n    ~~~~~~~~~~^^^^^^^^^^^^^^^^^\n  File \"/home/runner/work/Selenium-Python-Example/Selenium-Python-Example/src/pages/base_page.py\", line 59, in click\n    el: WebElement = self.wait.until(expected_conditions.element_to_be_clickable(locator))\n                     ~~~~~~~~~~~~~~~^^^^^^^^^^^^^^^^^^^^^^^^^^^^^^^^^^^^^^^^^^^^^^^^^^^^^^\n  File \"/home/runner/work/Selenium-Python-Example/Selenium-Python-Example/.venv/lib/python3.13/site-packages/selenium/webdriver/support/wait.py\", line 138, in until\n    raise TimeoutException(message, screen, stacktrace)\n","steps":[{"name":"Click Login link","time":{"start":1758159713369,"stop":1758159723668,"duration":10299},"status":"broken","statusMessage":"selenium.common.exceptions.TimeoutException: Message: \nStacktrace:\n#0 0x55dc3131f53a <unknown>\n#1 0x55dc30e1af00 <unknown>\n#2 0x55dc30e6ac0c <unknown>\n#3 0x55dc30e6ae31 <unknown>\n#4 0x55dc30eb0bd4 <unknown>\n#5 0x55dc30e8f5cd <unknown>\n#6 0x55dc30eadf84 <unknown>\n#7 0x55dc30e8f343 <unknown>\n#8 0x55dc30e5c78a <unknown>\n#9 0x55dc30e5d9de <unknown>\n#10 0x55dc312e92cb <unknown>\n#11 0x55dc312ed242 <unknown>\n#12 0x55dc312d67ac <unknown>\n#13 0x55dc312eddf7 <unknown>\n#14 0x55dc312bab2f <unknown>\n#15 0x55dc3130e1a8 <unknown>\n#16 0x55dc3130e370 <unknown>\n#17 0x55dc3131e3b6 <unknown>\n#18 0x7fada4c9caa4 <unknown>\n#19 0x7fada4d29c3c <unknown>\n\n","statusTrace":"  File \"/home/runner/work/Selenium-Python-Example/Selenium-Python-Example/.venv/lib/python3.13/site-packages/allure_commons/_allure.py\", line 202, in impl\n    return func(*a, **kw)\n  File \"/home/runner/work/Selenium-Python-Example/Selenium-Python-Example/src/pages/about_page.py\", line 18, in click_login_link\n    self.click(self.LOGIN_LINK)\n    ~~~~~~~~~~^^^^^^^^^^^^^^^^^\n  File \"/home/runner/work/Selenium-Python-Example/Selenium-Python-Example/src/pages/base_page.py\", line 59, in click\n    el: WebElement = self.wait.until(expected_conditions.element_to_be_clickable(locator))\n                     ~~~~~~~~~~~~~~~^^^^^^^^^^^^^^^^^^^^^^^^^^^^^^^^^^^^^^^^^^^^^^^^^^^^^^\n  File \"/home/runner/work/Selenium-Python-Example/Selenium-Python-Example/.venv/lib/python3.13/site-packages/selenium/webdriver/support/wait.py\", line 138, in until\n    raise TimeoutException(message, screen, stacktrace)\n","steps":[],"attachments":[],"parameters":[],"shouldDisplayMessage":true,"stepsCount":0,"attachmentsCount":0,"hasContent":true,"attachmentStep":false}],"attachments":[],"parameters":[],"shouldDisplayMessage":false,"stepsCount":1,"attachmentsCount":0,"hasContent":true,"attachmentStep":false}],"testStage":{"description":"Rename an existing workspace","status":"broken","statusMessage":"FileNotFoundError: [Errno 2] No such file or directory: '/home/runner/work/Selenium-Python-Example/Selenium-Python-Example/src/resources/tests_data.json'","statusTrace":"@fixture(scope=\"session\")\n    def data() -> Data:\n        json_path = Constants.DATA_PATH / \"tests_data.json\"\n>       with open(json_path, encoding=\"utf-8\") as json_file:\n             ^^^^^^^^^^^^^^^^^^^^^^^^^^^^^^^^^\nE       FileNotFoundError: [Errno 2] No such file or directory: '/home/runner/work/Selenium-Python-Example/Selenium-Python-Example/src/resources/tests_data.json'\n\ntests/conftest.py:60: FileNotFoundError","steps":[{"name":"public ip address","time":{"start":1758159696260,"stop":1758159696267,"duration":7},"status":"passed","steps":[],"attachments":[{"uid":"f0ee24f4b112407a","name":"HTTP logs of http://checkip.amazonaws.com/","source":"f0ee24f4b112407a.txt","type":"text/plain","size":359}],"parameters":[],"shouldDisplayMessage":false,"stepsCount":0,"attachmentsCount":1,"hasContent":true,"attachmentStep":false}],"attachments":[{"uid":"56a932587f6791","name":"Cookies","source":"56a932587f6791.json","type":"application/json","size":4118},{"uid":"58ec8ca64403d779","name":"Session Storage","source":"58ec8ca64403d779.json","type":"application/json","size":359},{"uid":"af419b59122f8457","name":"Local Storage","source":"af419b59122f8457.json","type":"application/json","size":563},{"uid":"4df74d5c159c3ea6","name":"Full Page Screenshot","source":"4df74d5c159c3ea6.png","type":"image/png","size":2035760},{"uid":"4108fd56978669b2","name":"URL","source":"4108fd56978669b2.uri","type":"text/uri-list","size":23},{"uid":"3a988884bbc4d071","name":"Network Logs","source":"3a988884bbc4d071.json","type":"application/json","size":7918319}],"parameters":[],"shouldDisplayMessage":true,"stepsCount":1,"attachmentsCount":7,"hasContent":true,"attachmentStep":false},"afterStages":[{"name":"session_request::0","time":{"start":1758159767698,"stop":1758159767698,"duration":0},"status":"passed","steps":[],"attachments":[],"parameters":[],"shouldDisplayMessage":false,"stepsCount":0,"attachmentsCount":0,"hasContent":false,"attachmentStep":false}],"labels":[{"name":"severity","value":"normal"},{"name":"epic","value":"Workspaces"},{"name":"story","value":"WorkSpaces Creation and Editing Functionality"},{"name":"parentSuite","value":"tests"},{"name":"suite","value":"workspaces_test"},{"name":"subSuite","value":"TestWorkspaces"},{"name":"host","value":"runnervmf4ws1"},{"name":"thread","value":"2163-MainThread"},{"name":"framework","value":"pytest"},{"name":"language","value":"cpython3"},{"name":"package","value":"tests.workspaces_test"},{"name":"resultFormat","value":"allure2"}],"parameters":[],"links":[],"hidden":false,"retry":false,"extra":{"severity":"normal","retries":[],"categories":[{"name":"Test defects","matchedStatuses":[],"flaky":false}],"history":{"statistic":{"failed":0,"broken":17,"skipped":0,"passed":0,"unknown":0,"total":17},"items":[{"uid":"8bcb5188d95563e8","reportUrl":"https://nirtal85.github.io/Selenium-Python-Example/779//#testresult/8bcb5188d95563e8","status":"broken","statusDetails":"FileNotFoundError: [Errno 2] No such file or directory: '/home/runner/work/Selenium-Python-Example/Selenium-Python-Example/src/resources/tests_data.json'","time":{"start":1758073306359,"stop":1758073306359,"duration":0}},{"uid":"9420b641a290c9fd","reportUrl":"https://nirtal85.github.io/Selenium-Python-Example/778//#testresult/9420b641a290c9fd","status":"broken","statusDetails":"FileNotFoundError: [Errno 2] No such file or directory: '/home/runner/work/Selenium-Python-Example/Selenium-Python-Example/src/resources/tests_data.json'","time":{"start":1757986908699,"stop":1757986908699,"duration":0}},{"uid":"c41c277c8bc3b372","reportUrl":"https://nirtal85.github.io/Selenium-Python-Example/777//#testresult/c41c277c8bc3b372","status":"broken","statusDetails":"FileNotFoundError: [Errno 2] No such file or directory: '/home/runner/work/Selenium-Python-Example/Selenium-Python-Example/src/resources/tests_data.json'","time":{"start":1757900992118,"stop":1757900992118,"duration":0}},{"uid":"a092cab42829577e","reportUrl":"https://nirtal85.github.io/Selenium-Python-Example/776//#testresult/a092cab42829577e","status":"broken","statusDetails":"FileNotFoundError: [Errno 2] No such file or directory: '/home/runner/work/Selenium-Python-Example/Selenium-Python-Example/src/resources/tests_data.json'","time":{"start":1757814499801,"stop":1757814499801,"duration":0}},{"uid":"9c70972668773ad2","reportUrl":"https://nirtal85.github.io/Selenium-Python-Example/775//#testresult/9c70972668773ad2","status":"broken","statusDetails":"FileNotFoundError: [Errno 2] No such file or directory: '/home/runner/work/Selenium-Python-Example/Selenium-Python-Example/src/resources/tests_data.json'","time":{"start":1757727368587,"stop":1757727368587,"duration":0}},{"uid":"fc67e31e685ba1df","reportUrl":"https://nirtal85.github.io/Selenium-Python-Example/774//#testresult/fc67e31e685ba1df","status":"broken","statusDetails":"FileNotFoundError: [Errno 2] No such file or directory: '/home/runner/work/Selenium-Python-Example/Selenium-Python-Example/src/resources/tests_data.json'","time":{"start":1757641242528,"stop":1757641242528,"duration":0}},{"uid":"6df63de0263a5c03","reportUrl":"https://nirtal85.github.io/Selenium-Python-Example/773//#testresult/6df63de0263a5c03","status":"broken","statusDetails":"FileNotFoundError: [Errno 2] No such file or directory: '/home/runner/work/Selenium-Python-Example/Selenium-Python-Example/src/resources/tests_data.json'","time":{"start":1757555059293,"stop":1757555059293,"duration":0}},{"uid":"bce07a8f24d0bf69","reportUrl":"https://nirtal85.github.io/Selenium-Python-Example/772//#testresult/bce07a8f24d0bf69","status":"broken","statusDetails":"FileNotFoundError: [Errno 2] No such file or directory: '/home/runner/work/Selenium-Python-Example/Selenium-Python-Example/src/resources/tests_data.json'","time":{"start":1757468501452,"stop":1757468501452,"duration":0}},{"uid":"a8d1f6cfadf2dfe8","reportUrl":"https://nirtal85.github.io/Selenium-Python-Example/771//#testresult/a8d1f6cfadf2dfe8","status":"broken","statusDetails":"FileNotFoundError: [Errno 2] No such file or directory: '/home/runner/work/Selenium-Python-Example/Selenium-Python-Example/src/resources/tests_data.json'","time":{"start":1757382333067,"stop":1757382333067,"duration":0}},{"uid":"264b5ceb4beddf99","reportUrl":"https://nirtal85.github.io/Selenium-Python-Example/770//#testresult/264b5ceb4beddf99","status":"broken","statusDetails":"FileNotFoundError: [Errno 2] No such file or directory: '/home/runner/work/Selenium-Python-Example/Selenium-Python-Example/src/resources/tests_data.json'","time":{"start":1757296129346,"stop":1757296129346,"duration":0}},{"uid":"ced5e05093ad918e","reportUrl":"https://nirtal85.github.io/Selenium-Python-Example/769//#testresult/ced5e05093ad918e","status":"broken","statusDetails":"FileNotFoundError: [Errno 2] No such file or directory: '/home/runner/work/Selenium-Python-Example/Selenium-Python-Example/src/resources/tests_data.json'","time":{"start":1757209740664,"stop":1757209740664,"duration":0}},{"uid":"cd998d3782449c2e","reportUrl":"https://nirtal85.github.io/Selenium-Python-Example/768//#testresult/cd998d3782449c2e","status":"broken","statusDetails":"FileNotFoundError: [Errno 2] No such file or directory: '/home/runner/work/Selenium-Python-Example/Selenium-Python-Example/src/resources/tests_data.json'","time":{"start":1757122824627,"stop":1757122824627,"duration":0}},{"uid":"38326ca18d0f2758","reportUrl":"https://nirtal85.github.io/Selenium-Python-Example/767//#testresult/38326ca18d0f2758","status":"broken","statusDetails":"FileNotFoundError: [Errno 2] No such file or directory: '/home/runner/work/Selenium-Python-Example/Selenium-Python-Example/src/resources/tests_data.json'","time":{"start":1757036606668,"stop":1757036606668,"duration":0}},{"uid":"525adae9434478b3","reportUrl":"https://nirtal85.github.io/Selenium-Python-Example/766//#testresult/525adae9434478b3","status":"broken","statusDetails":"FileNotFoundError: [Errno 2] No such file or directory: '/home/runner/work/Selenium-Python-Example/Selenium-Python-Example/src/resources/tests_data.json'","time":{"start":1756950079149,"stop":1756950079149,"duration":0}},{"uid":"8aed210d106fda9c","reportUrl":"https://nirtal85.github.io/Selenium-Python-Example/765//#testresult/8aed210d106fda9c","status":"broken","statusDetails":"FileNotFoundError: [Errno 2] No such file or directory: '/home/runner/work/Selenium-Python-Example/Selenium-Python-Example/src/resources/tests_data.json'","time":{"start":1756863654766,"stop":1756863654766,"duration":0}},{"uid":"b23813cd06420a85","reportUrl":"https://nirtal85.github.io/Selenium-Python-Example/764//#testresult/b23813cd06420a85","status":"broken","statusDetails":"FileNotFoundError: [Errno 2] No such file or directory: '/home/runner/work/Selenium-Python-Example/Selenium-Python-Example/src/resources/tests_data.json'","time":{"start":1756777680063,"stop":1756777680063,"duration":0}}]},"tags":[]},"source":"faef324a4d897d3b.json","parameterValues":[]}