{"uid":"ba621afdf8240c17","name":"Exception test","fullName":"tests.forgot_password_test.TestForgotPassword#test_expected_exception_on_page_title","historyId":"288cd0030c92ba34b4ff4b58ed8ec476","time":{"start":1756863645417,"stop":1756863655545,"duration":10128},"description":"Exception catching","descriptionHtml":"<p>Exception catching</p>\n","status":"broken","statusMessage":"selenium.common.exceptions.TimeoutException: Message: \nStacktrace:\n#0 0x558b8a96053a <unknown>\n#1 0x558b8a45bf00 <unknown>\n#2 0x558b8a4abc0c <unknown>\n#3 0x558b8a4abe31 <unknown>\n#4 0x558b8a4f1bd4 <unknown>\n#5 0x558b8a4d05cd <unknown>\n#6 0x558b8a4eef84 <unknown>\n#7 0x558b8a4d0343 <unknown>\n#8 0x558b8a49d78a <unknown>\n#9 0x558b8a49e9de <unknown>\n#10 0x558b8a92a2cb <unknown>\n#11 0x558b8a92e242 <unknown>\n#12 0x558b8a9177ac <unknown>\n#13 0x558b8a92edf7 <unknown>\n#14 0x558b8a8fbb2f <unknown>\n#15 0x558b8a94f1a8 <unknown>\n#16 0x558b8a94f370 <unknown>\n#17 0x558b8a95f3b6 <unknown>\n#18 0x7f4e8f49caa4 <unknown>\n#19 0x7f4e8f529c3c <unknown>","statusTrace":"self = <tests.forgot_password_test.TestForgotPassword object at 0x7fcc98e7ab10>\n\n    @allure.description(\"Exception catching\")\n    @allure.title(\"Exception test\")\n    @allure.link(\"github.com/allure-examples/\", name=\"Allure Examples\")\n    @allure.issue(\"github.com/allure-examples/allure-examples/issues/1\", name=\"ISSUE-1\")\n    @allure.testcase(\"github.com/allure-examples/allure-examples/issues/2\", name=\"TESTCASE-2\")\n    def test_expected_exception_on_page_title(self) -> None:\n>       self.about_page.click_login_link()\n\ntests/forgot_password_test.py:51: \n_ _ _ _ _ _ _ _ _ _ _ _ _ _ _ _ _ _ _ _ _ _ _ _ _ _ _ _ _ _ _ _ _ _ _ _ _ _ _ _ \nsrc/pages/about_page.py:18: in click_login_link\n    self.click(self.LOGIN_LINK)\nsrc/pages/base_page.py:59: in click\n    el: WebElement = self.wait.until(expected_conditions.element_to_be_clickable(locator))\n                     ^^^^^^^^^^^^^^^^^^^^^^^^^^^^^^^^^^^^^^^^^^^^^^^^^^^^^^^^^^^^^^^^^^^^^\n_ _ _ _ _ _ _ _ _ _ _ _ _ _ _ _ _ _ _ _ _ _ _ _ _ _ _ _ _ _ _ _ _ _ _ _ _ _ _ _ \n\nself = <selenium.webdriver.support.wait.WebDriverWait (session=\"dd37b544f6cf8439bc35dedade01eb60\")>\nmethod = <function element_to_be_clickable.<locals>._predicate at 0x7fcc98f945e0>\nmessage = ''\n\n    def until(self, method: Callable[[D], Union[Literal[False], T]], message: str = \"\") -> T:\n        \"\"\"Wait until the method returns a value that is not False.\n    \n        Calls the method provided with the driver as an argument until the\n        return value does not evaluate to ``False``.\n    \n        Parameters:\n        -----------\n        method: callable(WebDriver)\n            - A callable object that takes a WebDriver instance as an argument.\n    \n        message: str\n            - Optional message for :exc:`TimeoutException`\n    \n        Return:\n        -------\n        object: T\n            - The result of the last call to `method`\n    \n        Raises:\n        -------\n        TimeoutException\n            - If 'method' does not return a truthy value within the WebDriverWait\n            object's timeout\n    \n        Example:\n        --------\n        >>> from selenium.webdriver.common.by import By\n        >>> from selenium.webdriver.support.ui import WebDriverWait\n        >>> from selenium.webdriver.support import expected_conditions as EC\n    \n        # Wait until an element is visible on the page\n        >>> wait = WebDriverWait(driver, 10)\n        >>> element = wait.until(EC.visibility_of_element_located((By.ID, \"exampleId\")))\n        >>> print(element.text)\n        \"\"\"\n        screen = None\n        stacktrace = None\n    \n        end_time = time.monotonic() + self._timeout\n        while True:\n            try:\n                value = method(self._driver)\n                if value:\n                    return value\n            except self._ignored_exceptions as exc:\n                screen = getattr(exc, \"screen\", None)\n                stacktrace = getattr(exc, \"stacktrace\", None)\n            if time.monotonic() > end_time:\n                break\n            time.sleep(self._poll)\n>       raise TimeoutException(message, screen, stacktrace)\nE       selenium.common.exceptions.TimeoutException: Message: \nE       Stacktrace:\nE       #0 0x558b8a96053a <unknown>\nE       #1 0x558b8a45bf00 <unknown>\nE       #2 0x558b8a4abc0c <unknown>\nE       #3 0x558b8a4abe31 <unknown>\nE       #4 0x558b8a4f1bd4 <unknown>\nE       #5 0x558b8a4d05cd <unknown>\nE       #6 0x558b8a4eef84 <unknown>\nE       #7 0x558b8a4d0343 <unknown>\nE       #8 0x558b8a49d78a <unknown>\nE       #9 0x558b8a49e9de <unknown>\nE       #10 0x558b8a92a2cb <unknown>\nE       #11 0x558b8a92e242 <unknown>\nE       #12 0x558b8a9177ac <unknown>\nE       #13 0x558b8a92edf7 <unknown>\nE       #14 0x558b8a8fbb2f <unknown>\nE       #15 0x558b8a94f1a8 <unknown>\nE       #16 0x558b8a94f370 <unknown>\nE       #17 0x558b8a95f3b6 <unknown>\nE       #18 0x7f4e8f49caa4 <unknown>\nE       #19 0x7f4e8f529c3c <unknown>\n\n.venv/lib/python3.13/site-packages/selenium/webdriver/support/wait.py:138: TimeoutException","flaky":false,"newFailed":false,"newBroken":false,"newPassed":false,"retriesCount":0,"retriesStatusChange":false,"beforeStages":[{"name":"base_url","time":{"start":1756863641779,"stop":1756863641779,"duration":0},"status":"passed","steps":[],"attachments":[],"parameters":[],"shouldDisplayMessage":false,"stepsCount":0,"attachmentsCount":0,"hasContent":false,"attachmentStep":false},{"name":"session_request","time":{"start":1756863641780,"stop":1756863641780,"duration":0},"status":"passed","steps":[],"attachments":[],"parameters":[],"shouldDisplayMessage":false,"stepsCount":0,"attachmentsCount":0,"hasContent":false,"attachmentStep":false},{"name":"_verify_url","time":{"start":1756863641780,"stop":1756863641780,"duration":0},"status":"passed","steps":[],"attachments":[],"parameters":[],"shouldDisplayMessage":false,"stepsCount":0,"attachmentsCount":0,"hasContent":false,"attachmentStep":false}],"testStage":{"description":"Exception catching","status":"broken","statusMessage":"selenium.common.exceptions.TimeoutException: Message: \nStacktrace:\n#0 0x558b8a96053a <unknown>\n#1 0x558b8a45bf00 <unknown>\n#2 0x558b8a4abc0c <unknown>\n#3 0x558b8a4abe31 <unknown>\n#4 0x558b8a4f1bd4 <unknown>\n#5 0x558b8a4d05cd <unknown>\n#6 0x558b8a4eef84 <unknown>\n#7 0x558b8a4d0343 <unknown>\n#8 0x558b8a49d78a <unknown>\n#9 0x558b8a49e9de <unknown>\n#10 0x558b8a92a2cb <unknown>\n#11 0x558b8a92e242 <unknown>\n#12 0x558b8a9177ac <unknown>\n#13 0x558b8a92edf7 <unknown>\n#14 0x558b8a8fbb2f <unknown>\n#15 0x558b8a94f1a8 <unknown>\n#16 0x558b8a94f370 <unknown>\n#17 0x558b8a95f3b6 <unknown>\n#18 0x7f4e8f49caa4 <unknown>\n#19 0x7f4e8f529c3c <unknown>","statusTrace":"self = <tests.forgot_password_test.TestForgotPassword object at 0x7fcc98e7ab10>\n\n    @allure.description(\"Exception catching\")\n    @allure.title(\"Exception test\")\n    @allure.link(\"github.com/allure-examples/\", name=\"Allure Examples\")\n    @allure.issue(\"github.com/allure-examples/allure-examples/issues/1\", name=\"ISSUE-1\")\n    @allure.testcase(\"github.com/allure-examples/allure-examples/issues/2\", name=\"TESTCASE-2\")\n    def test_expected_exception_on_page_title(self) -> None:\n>       self.about_page.click_login_link()\n\ntests/forgot_password_test.py:51: \n_ _ _ _ _ _ _ _ _ _ _ _ _ _ _ _ _ _ _ _ _ _ _ _ _ _ _ _ _ _ _ _ _ _ _ _ _ _ _ _ \nsrc/pages/about_page.py:18: in click_login_link\n    self.click(self.LOGIN_LINK)\nsrc/pages/base_page.py:59: in click\n    el: WebElement = self.wait.until(expected_conditions.element_to_be_clickable(locator))\n                     ^^^^^^^^^^^^^^^^^^^^^^^^^^^^^^^^^^^^^^^^^^^^^^^^^^^^^^^^^^^^^^^^^^^^^\n_ _ _ _ _ _ _ _ _ _ _ _ _ _ _ _ _ _ _ _ _ _ _ _ _ _ _ _ _ _ _ _ _ _ _ _ _ _ _ _ \n\nself = <selenium.webdriver.support.wait.WebDriverWait (session=\"dd37b544f6cf8439bc35dedade01eb60\")>\nmethod = <function element_to_be_clickable.<locals>._predicate at 0x7fcc98f945e0>\nmessage = ''\n\n    def until(self, method: Callable[[D], Union[Literal[False], T]], message: str = \"\") -> T:\n        \"\"\"Wait until the method returns a value that is not False.\n    \n        Calls the method provided with the driver as an argument until the\n        return value does not evaluate to ``False``.\n    \n        Parameters:\n        -----------\n        method: callable(WebDriver)\n            - A callable object that takes a WebDriver instance as an argument.\n    \n        message: str\n            - Optional message for :exc:`TimeoutException`\n    \n        Return:\n        -------\n        object: T\n            - The result of the last call to `method`\n    \n        Raises:\n        -------\n        TimeoutException\n            - If 'method' does not return a truthy value within the WebDriverWait\n            object's timeout\n    \n        Example:\n        --------\n        >>> from selenium.webdriver.common.by import By\n        >>> from selenium.webdriver.support.ui import WebDriverWait\n        >>> from selenium.webdriver.support import expected_conditions as EC\n    \n        # Wait until an element is visible on the page\n        >>> wait = WebDriverWait(driver, 10)\n        >>> element = wait.until(EC.visibility_of_element_located((By.ID, \"exampleId\")))\n        >>> print(element.text)\n        \"\"\"\n        screen = None\n        stacktrace = None\n    \n        end_time = time.monotonic() + self._timeout\n        while True:\n            try:\n                value = method(self._driver)\n                if value:\n                    return value\n            except self._ignored_exceptions as exc:\n                screen = getattr(exc, \"screen\", None)\n                stacktrace = getattr(exc, \"stacktrace\", None)\n            if time.monotonic() > end_time:\n                break\n            time.sleep(self._poll)\n>       raise TimeoutException(message, screen, stacktrace)\nE       selenium.common.exceptions.TimeoutException: Message: \nE       Stacktrace:\nE       #0 0x558b8a96053a <unknown>\nE       #1 0x558b8a45bf00 <unknown>\nE       #2 0x558b8a4abc0c <unknown>\nE       #3 0x558b8a4abe31 <unknown>\nE       #4 0x558b8a4f1bd4 <unknown>\nE       #5 0x558b8a4d05cd <unknown>\nE       #6 0x558b8a4eef84 <unknown>\nE       #7 0x558b8a4d0343 <unknown>\nE       #8 0x558b8a49d78a <unknown>\nE       #9 0x558b8a49e9de <unknown>\nE       #10 0x558b8a92a2cb <unknown>\nE       #11 0x558b8a92e242 <unknown>\nE       #12 0x558b8a9177ac <unknown>\nE       #13 0x558b8a92edf7 <unknown>\nE       #14 0x558b8a8fbb2f <unknown>\nE       #15 0x558b8a94f1a8 <unknown>\nE       #16 0x558b8a94f370 <unknown>\nE       #17 0x558b8a95f3b6 <unknown>\nE       #18 0x7f4e8f49caa4 <unknown>\nE       #19 0x7f4e8f529c3c <unknown>\n\n.venv/lib/python3.13/site-packages/selenium/webdriver/support/wait.py:138: TimeoutException","steps":[{"name":"Click Login link","time":{"start":1756863645418,"stop":1756863655544,"duration":10126},"status":"broken","statusMessage":"selenium.common.exceptions.TimeoutException: Message: \nStacktrace:\n#0 0x558b8a96053a <unknown>\n#1 0x558b8a45bf00 <unknown>\n#2 0x558b8a4abc0c <unknown>\n#3 0x558b8a4abe31 <unknown>\n#4 0x558b8a4f1bd4 <unknown>\n#5 0x558b8a4d05cd <unknown>\n#6 0x558b8a4eef84 <unknown>\n#7 0x558b8a4d0343 <unknown>\n#8 0x558b8a49d78a <unknown>\n#9 0x558b8a49e9de <unknown>\n#10 0x558b8a92a2cb <unknown>\n#11 0x558b8a92e242 <unknown>\n#12 0x558b8a9177ac <unknown>\n#13 0x558b8a92edf7 <unknown>\n#14 0x558b8a8fbb2f <unknown>\n#15 0x558b8a94f1a8 <unknown>\n#16 0x558b8a94f370 <unknown>\n#17 0x558b8a95f3b6 <unknown>\n#18 0x7f4e8f49caa4 <unknown>\n#19 0x7f4e8f529c3c <unknown>\n\n","statusTrace":"  File \"/home/runner/work/Selenium-Python-Example/Selenium-Python-Example/.venv/lib/python3.13/site-packages/allure_commons/_allure.py\", line 202, in impl\n    return func(*a, **kw)\n  File \"/home/runner/work/Selenium-Python-Example/Selenium-Python-Example/src/pages/about_page.py\", line 18, in click_login_link\n    self.click(self.LOGIN_LINK)\n    ~~~~~~~~~~^^^^^^^^^^^^^^^^^\n  File \"/home/runner/work/Selenium-Python-Example/Selenium-Python-Example/src/pages/base_page.py\", line 59, in click\n    el: WebElement = self.wait.until(expected_conditions.element_to_be_clickable(locator))\n                     ~~~~~~~~~~~~~~~^^^^^^^^^^^^^^^^^^^^^^^^^^^^^^^^^^^^^^^^^^^^^^^^^^^^^^\n  File \"/home/runner/work/Selenium-Python-Example/Selenium-Python-Example/.venv/lib/python3.13/site-packages/selenium/webdriver/support/wait.py\", line 138, in until\n    raise TimeoutException(message, screen, stacktrace)\n","steps":[],"attachments":[],"parameters":[],"shouldDisplayMessage":true,"stepsCount":0,"attachmentsCount":0,"hasContent":true,"attachmentStep":false},{"name":"public ip address","time":{"start":1756863655553,"stop":1756863655581,"duration":28},"status":"passed","steps":[],"attachments":[{"uid":"7390fea29f38f73f","name":"HTTP logs of http://checkip.amazonaws.com/","source":"7390fea29f38f73f.txt","type":"text/plain","size":358}],"parameters":[],"shouldDisplayMessage":false,"stepsCount":0,"attachmentsCount":1,"hasContent":true,"attachmentStep":false}],"attachments":[{"uid":"7c112f484daf0005","name":"Cookies","source":"7c112f484daf0005.json","type":"application/json","size":4118},{"uid":"52ed57c548208ae1","name":"Session Storage","source":"52ed57c548208ae1.json","type":"application/json","size":358},{"uid":"359898838dbe96e","name":"Local Storage","source":"359898838dbe96e.json","type":"application/json","size":563},{"uid":"5fb430ebecc39f40","name":"Full Page Screenshot","source":"5fb430ebecc39f40.png","type":"image/png","size":1934798},{"uid":"b3abdf71523d8208","name":"URL","source":"b3abdf71523d8208.uri","type":"text/uri-list","size":23},{"uid":"72258473dd470cb2","name":"Network Logs","source":"72258473dd470cb2.json","type":"application/json","size":7929209}],"parameters":[],"shouldDisplayMessage":true,"stepsCount":2,"attachmentsCount":7,"hasContent":true,"attachmentStep":false},"afterStages":[{"name":"session_request::0","time":{"start":1756863674275,"stop":1756863674275,"duration":0},"status":"passed","steps":[],"attachments":[],"parameters":[],"shouldDisplayMessage":false,"stepsCount":0,"attachmentsCount":0,"hasContent":false,"attachmentStep":false}],"labels":[{"name":"story","value":"Forgot Password Feature's Functionality"},{"name":"severity","value":"critical"},{"name":"subSuite","value":"Custom sub suite"},{"name":"suite","value":"Custom suite"},{"name":"parentSuite","value":"Custom parent suite"},{"name":"epic","value":"Security"},{"name":"tag","value":"security"},{"name":"host","value":"pkrvm7jw40e0xgp"},{"name":"thread","value":"2228-MainThread"},{"name":"framework","value":"pytest"},{"name":"language","value":"cpython3"},{"name":"package","value":"tests.forgot_password_test"},{"name":"resultFormat","value":"allure2"}],"parameters":[],"links":[{"name":"TESTCASE-2","url":"https://github.com/allure-examples/allure-examples/issues/2","type":"tms"},{"name":"ISSUE-1","url":"https://github.com/allure-examples/allure-examples/issues/1","type":"issue"},{"name":"Allure Examples","url":"https://github.com/allure-examples/","type":"link"}],"hidden":false,"retry":false,"extra":{"severity":"critical","retries":[],"categories":[{"name":"Test defects","matchedStatuses":[],"flaky":false}],"history":{"statistic":{"failed":0,"broken":2,"skipped":0,"passed":0,"unknown":0,"total":2},"items":[{"uid":"7065705dbac6da73","reportUrl":"https://nirtal85.github.io/Selenium-Python-Example/764//#testresult/7065705dbac6da73","status":"broken","statusDetails":"selenium.common.exceptions.TimeoutException: Message: \nStacktrace:\n#0 0x55fd955a753a <unknown>\n#1 0x55fd950a2f00 <unknown>\n#2 0x55fd950f2c0c <unknown>\n#3 0x55fd950f2e31 <unknown>\n#4 0x55fd95138bd4 <unknown>\n#5 0x55fd951175cd <unknown>\n#6 0x55fd95135f84 <unknown>\n#7 0x55fd95117343 <unknown>\n#8 0x55fd950e478a <unknown>\n#9 0x55fd950e59de <unknown>\n#10 0x55fd955712cb <unknown>\n#11 0x55fd95575242 <unknown>\n#12 0x55fd9555e7ac <unknown>\n#13 0x55fd95575df7 <unknown>\n#14 0x55fd95542b2f <unknown>\n#15 0x55fd955961a8 <unknown>\n#16 0x55fd95596370 <unknown>\n#17 0x55fd955a63b6 <unknown>\n#18 0x7ffaf8a9caa4 <unknown>\n#19 0x7ffaf8b29c3c <unknown>","time":{"start":1756777683972,"stop":1756777694310,"duration":10338}}]},"tags":["security"]},"source":"ba621afdf8240c17.json","parameterValues":[]}