{"uid":"1c18252abcb9161","name":"Rename an existing workspace test","fullName":"tests.workspaces_test.TestWorkspaces#test_rename_workspace","historyId":"cd63adf5d11191c5904362b968c9e131","time":{"start":1755309168909,"stop":1755309168909,"duration":0},"description":"Rename an existing workspace","descriptionHtml":"<p>Rename an existing workspace</p>\n","status":"broken","statusMessage":"FileNotFoundError: [Errno 2] No such file or directory: '/home/runner/work/Selenium-Python-Example/Selenium-Python-Example/src/resources/tests_data.json'","statusTrace":"@fixture(scope=\"session\")\n    def data() -> Data:\n        json_path = Constants.DATA_PATH / \"tests_data.json\"\n>       with open(json_path, encoding=\"utf-8\") as json_file:\n             ^^^^^^^^^^^^^^^^^^^^^^^^^^^^^^^^^\nE       FileNotFoundError: [Errno 2] No such file or directory: '/home/runner/work/Selenium-Python-Example/Selenium-Python-Example/src/resources/tests_data.json'\n\ntests/conftest.py:60: FileNotFoundError","flaky":false,"newFailed":false,"newBroken":false,"newPassed":false,"retriesCount":0,"retriesStatusChange":false,"beforeStages":[{"name":"base_url","time":{"start":1755309165569,"stop":1755309165569,"duration":0},"status":"passed","steps":[],"attachments":[],"parameters":[],"shouldDisplayMessage":false,"stepsCount":0,"attachmentsCount":0,"hasContent":false,"attachmentStep":false},{"name":"_verify_url","time":{"start":1755309165569,"stop":1755309165569,"duration":0},"status":"passed","steps":[],"attachments":[],"parameters":[],"shouldDisplayMessage":false,"stepsCount":0,"attachmentsCount":0,"hasContent":false,"attachmentStep":false},{"name":"data","time":{"start":1755309165570,"stop":1755309165570,"duration":0},"status":"broken","statusMessage":"FileNotFoundError: [Errno 2] No such file or directory: '/home/runner/work/Selenium-Python-Example/Selenium-Python-Example/src/resources/tests_data.json'\n","statusTrace":"  File \"/home/runner/work/Selenium-Python-Example/Selenium-Python-Example/.venv/lib/python3.13/site-packages/pluggy/_callers.py\", line 167, in _multicall\n    teardown.throw(outcome._exception)\n    ~~~~~~~~~~~~~~^^^^^^^^^^^^^^^^^^^^\n  File \"/home/runner/work/Selenium-Python-Example/Selenium-Python-Example/.venv/lib/python3.13/site-packages/_pytest/setuponly.py\", line 36, in pytest_fixture_setup\n    return (yield)\n            ^^^^^\n  File \"/home/runner/work/Selenium-Python-Example/Selenium-Python-Example/.venv/lib/python3.13/site-packages/pluggy/_callers.py\", line 103, in _multicall\n    res = hook_impl.function(*args)\n  File \"/home/runner/work/Selenium-Python-Example/Selenium-Python-Example/.venv/lib/python3.13/site-packages/_pytest/fixtures.py\", line 1195, in pytest_fixture_setup\n    result = call_fixture_func(fixturefunc, request, kwargs)\n  File \"/home/runner/work/Selenium-Python-Example/Selenium-Python-Example/.venv/lib/python3.13/site-packages/_pytest/fixtures.py\", line 929, in call_fixture_func\n    fixture_result = fixturefunc(**kwargs)\n  File \"/home/runner/work/Selenium-Python-Example/Selenium-Python-Example/tests/conftest.py\", line 60, in data\n    with open(json_path, encoding=\"utf-8\") as json_file:\n         ~~~~^^^^^^^^^^^^^^^^^^^^^^^^^^^^^\n","steps":[],"attachments":[],"parameters":[],"shouldDisplayMessage":true,"stepsCount":0,"attachmentsCount":0,"hasContent":true,"attachmentStep":false},{"name":"session_request","time":{"start":1755309165570,"stop":1755309165570,"duration":0},"status":"passed","steps":[],"attachments":[],"parameters":[],"shouldDisplayMessage":false,"stepsCount":0,"attachmentsCount":0,"hasContent":false,"attachmentStep":false},{"name":"setup_method_fixture","time":{"start":1755309187373,"stop":1755309197752,"duration":10379},"status":"broken","statusMessage":"selenium.common.exceptions.TimeoutException: Message: \nStacktrace:\n#0 0x55597ee5653a <unknown>\n#1 0x55597e951f00 <unknown>\n#2 0x55597e9a1c0c <unknown>\n#3 0x55597e9a1e31 <unknown>\n#4 0x55597e9e7bd4 <unknown>\n#5 0x55597e9c65cd <unknown>\n#6 0x55597e9e4f84 <unknown>\n#7 0x55597e9c6343 <unknown>\n#8 0x55597e99378a <unknown>\n#9 0x55597e9949de <unknown>\n#10 0x55597ee202cb <unknown>\n#11 0x55597ee24242 <unknown>\n#12 0x55597ee0d7ac <unknown>\n#13 0x55597ee24df7 <unknown>\n#14 0x55597edf1b2f <unknown>\n#15 0x55597ee451a8 <unknown>\n#16 0x55597ee45370 <unknown>\n#17 0x55597ee553b6 <unknown>\n#18 0x7f75f009caa4 <unknown>\n#19 0x7f75f0129c3c <unknown>\n\n","statusTrace":"  File \"/home/runner/work/Selenium-Python-Example/Selenium-Python-Example/.venv/lib/python3.13/site-packages/pluggy/_callers.py\", line 167, in _multicall\n    teardown.throw(outcome._exception)\n    ~~~~~~~~~~~~~~^^^^^^^^^^^^^^^^^^^^\n  File \"/home/runner/work/Selenium-Python-Example/Selenium-Python-Example/.venv/lib/python3.13/site-packages/_pytest/setuponly.py\", line 36, in pytest_fixture_setup\n    return (yield)\n            ^^^^^\n  File \"/home/runner/work/Selenium-Python-Example/Selenium-Python-Example/.venv/lib/python3.13/site-packages/pluggy/_callers.py\", line 103, in _multicall\n    res = hook_impl.function(*args)\n  File \"/home/runner/work/Selenium-Python-Example/Selenium-Python-Example/.venv/lib/python3.13/site-packages/_pytest/fixtures.py\", line 1195, in pytest_fixture_setup\n    result = call_fixture_func(fixturefunc, request, kwargs)\n  File \"/home/runner/work/Selenium-Python-Example/Selenium-Python-Example/.venv/lib/python3.13/site-packages/_pytest/fixtures.py\", line 929, in call_fixture_func\n    fixture_result = fixturefunc(**kwargs)\n  File \"/home/runner/work/Selenium-Python-Example/Selenium-Python-Example/tests/workspaces_test.py\", line 25, in setup_method_fixture\n    login(self.about_page, self.login_page)\n    ~~~~~^^^^^^^^^^^^^^^^^^^^^^^^^^^^^^^^^^\n  File \"/home/runner/work/Selenium-Python-Example/Selenium-Python-Example/tests/workspaces_test.py\", line 15, in login\n    about_page.click_login_link()\n    ~~~~~~~~~~~~~~~~~~~~~~~~~~~^^\n  File \"/home/runner/work/Selenium-Python-Example/Selenium-Python-Example/.venv/lib/python3.13/site-packages/allure_commons/_allure.py\", line 202, in impl\n    return func(*a, **kw)\n  File \"/home/runner/work/Selenium-Python-Example/Selenium-Python-Example/src/pages/about_page.py\", line 18, in click_login_link\n    self.click(self.LOGIN_LINK)\n    ~~~~~~~~~~^^^^^^^^^^^^^^^^^\n  File \"/home/runner/work/Selenium-Python-Example/Selenium-Python-Example/src/pages/base_page.py\", line 59, in click\n    el: WebElement = self.wait.until(expected_conditions.element_to_be_clickable(locator))\n                     ~~~~~~~~~~~~~~~^^^^^^^^^^^^^^^^^^^^^^^^^^^^^^^^^^^^^^^^^^^^^^^^^^^^^^\n  File \"/home/runner/work/Selenium-Python-Example/Selenium-Python-Example/.venv/lib/python3.13/site-packages/selenium/webdriver/support/wait.py\", line 138, in until\n    raise TimeoutException(message, screen, stacktrace)\n","steps":[{"name":"Click Login link","time":{"start":1755309187373,"stop":1755309197751,"duration":10378},"status":"broken","statusMessage":"selenium.common.exceptions.TimeoutException: Message: \nStacktrace:\n#0 0x55597ee5653a <unknown>\n#1 0x55597e951f00 <unknown>\n#2 0x55597e9a1c0c <unknown>\n#3 0x55597e9a1e31 <unknown>\n#4 0x55597e9e7bd4 <unknown>\n#5 0x55597e9c65cd <unknown>\n#6 0x55597e9e4f84 <unknown>\n#7 0x55597e9c6343 <unknown>\n#8 0x55597e99378a <unknown>\n#9 0x55597e9949de <unknown>\n#10 0x55597ee202cb <unknown>\n#11 0x55597ee24242 <unknown>\n#12 0x55597ee0d7ac <unknown>\n#13 0x55597ee24df7 <unknown>\n#14 0x55597edf1b2f <unknown>\n#15 0x55597ee451a8 <unknown>\n#16 0x55597ee45370 <unknown>\n#17 0x55597ee553b6 <unknown>\n#18 0x7f75f009caa4 <unknown>\n#19 0x7f75f0129c3c <unknown>\n\n","statusTrace":"  File \"/home/runner/work/Selenium-Python-Example/Selenium-Python-Example/.venv/lib/python3.13/site-packages/allure_commons/_allure.py\", line 202, in impl\n    return func(*a, **kw)\n  File \"/home/runner/work/Selenium-Python-Example/Selenium-Python-Example/src/pages/about_page.py\", line 18, in click_login_link\n    self.click(self.LOGIN_LINK)\n    ~~~~~~~~~~^^^^^^^^^^^^^^^^^\n  File \"/home/runner/work/Selenium-Python-Example/Selenium-Python-Example/src/pages/base_page.py\", line 59, in click\n    el: WebElement = self.wait.until(expected_conditions.element_to_be_clickable(locator))\n                     ~~~~~~~~~~~~~~~^^^^^^^^^^^^^^^^^^^^^^^^^^^^^^^^^^^^^^^^^^^^^^^^^^^^^^\n  File \"/home/runner/work/Selenium-Python-Example/Selenium-Python-Example/.venv/lib/python3.13/site-packages/selenium/webdriver/support/wait.py\", line 138, in until\n    raise TimeoutException(message, screen, stacktrace)\n","steps":[],"attachments":[],"parameters":[],"shouldDisplayMessage":true,"stepsCount":0,"attachmentsCount":0,"hasContent":true,"attachmentStep":false}],"attachments":[],"parameters":[],"shouldDisplayMessage":false,"stepsCount":1,"attachmentsCount":0,"hasContent":true,"attachmentStep":false}],"testStage":{"description":"Rename an existing workspace","status":"broken","statusMessage":"FileNotFoundError: [Errno 2] No such file or directory: '/home/runner/work/Selenium-Python-Example/Selenium-Python-Example/src/resources/tests_data.json'","statusTrace":"@fixture(scope=\"session\")\n    def data() -> Data:\n        json_path = Constants.DATA_PATH / \"tests_data.json\"\n>       with open(json_path, encoding=\"utf-8\") as json_file:\n             ^^^^^^^^^^^^^^^^^^^^^^^^^^^^^^^^^\nE       FileNotFoundError: [Errno 2] No such file or directory: '/home/runner/work/Selenium-Python-Example/Selenium-Python-Example/src/resources/tests_data.json'\n\ntests/conftest.py:60: FileNotFoundError","steps":[{"name":"public ip address","time":{"start":1755309171664,"stop":1755309171685,"duration":21},"status":"passed","steps":[],"attachments":[{"uid":"bb5cf4f3a9897ed7","name":"HTTP logs of http://checkip.amazonaws.com/","source":"bb5cf4f3a9897ed7.txt","type":"text/plain","size":359}],"parameters":[],"shouldDisplayMessage":false,"stepsCount":0,"attachmentsCount":1,"hasContent":true,"attachmentStep":false}],"attachments":[{"uid":"dbb5b6a8253f47a6","name":"Cookies","source":"dbb5b6a8253f47a6.json","type":"application/json","size":4116},{"uid":"d3f06ca0d72e7ada","name":"Session Storage","source":"d3f06ca0d72e7ada.json","type":"application/json","size":359},{"uid":"18456c124f081b54","name":"Local Storage","source":"18456c124f081b54.json","type":"application/json","size":548},{"uid":"ce4e8f4275f5e3f3","name":"Full Page Screenshot","source":"ce4e8f4275f5e3f3.png","type":"image/png","size":2036791},{"uid":"52af216ed65799e9","name":"URL","source":"52af216ed65799e9.uri","type":"text/uri-list","size":23},{"uid":"6bf7a08af8c26270","name":"Network Logs","source":"6bf7a08af8c26270.json","type":"application/json","size":7918219}],"parameters":[],"shouldDisplayMessage":true,"stepsCount":1,"attachmentsCount":7,"hasContent":true,"attachmentStep":false},"afterStages":[{"name":"session_request::0","time":{"start":1755309242722,"stop":1755309242723,"duration":1},"status":"passed","steps":[],"attachments":[],"parameters":[],"shouldDisplayMessage":false,"stepsCount":0,"attachmentsCount":0,"hasContent":false,"attachmentStep":false}],"labels":[{"name":"epic","value":"Workspaces"},{"name":"story","value":"WorkSpaces Creation and Editing Functionality"},{"name":"severity","value":"normal"},{"name":"parentSuite","value":"tests"},{"name":"suite","value":"workspaces_test"},{"name":"subSuite","value":"TestWorkspaces"},{"name":"host","value":"pkrvmubgrv54qmi"},{"name":"thread","value":"2156-MainThread"},{"name":"framework","value":"pytest"},{"name":"language","value":"cpython3"},{"name":"package","value":"tests.workspaces_test"},{"name":"resultFormat","value":"allure2"}],"parameters":[],"links":[],"hidden":false,"retry":false,"extra":{"severity":"normal","retries":[],"categories":[{"name":"Test defects","matchedStatuses":[],"flaky":false}],"history":{"statistic":{"failed":0,"broken":16,"skipped":0,"passed":0,"unknown":0,"total":16},"items":[{"uid":"cd83b8792de95d97","reportUrl":"https://nirtal85.github.io/Selenium-Python-Example/746//#testresult/cd83b8792de95d97","status":"broken","statusDetails":"FileNotFoundError: [Errno 2] No such file or directory: '/home/runner/work/Selenium-Python-Example/Selenium-Python-Example/src/resources/tests_data.json'","time":{"start":1755223111661,"stop":1755223111661,"duration":0}},{"uid":"43a58fdcf6cb69b4","reportUrl":"https://nirtal85.github.io/Selenium-Python-Example/745//#testresult/43a58fdcf6cb69b4","status":"broken","statusDetails":"FileNotFoundError: [Errno 2] No such file or directory: '/home/runner/work/Selenium-Python-Example/Selenium-Python-Example/src/resources/tests_data.json'","time":{"start":1755136654635,"stop":1755136654635,"duration":0}},{"uid":"a9f26a32a01746c3","reportUrl":"https://nirtal85.github.io/Selenium-Python-Example/744//#testresult/a9f26a32a01746c3","status":"broken","statusDetails":"FileNotFoundError: [Errno 2] No such file or directory: '/home/runner/work/Selenium-Python-Example/Selenium-Python-Example/src/resources/tests_data.json'","time":{"start":1755050245470,"stop":1755050245470,"duration":0}},{"uid":"4b86f6c27256f77d","reportUrl":"https://nirtal85.github.io/Selenium-Python-Example/743//#testresult/4b86f6c27256f77d","status":"broken","statusDetails":"FileNotFoundError: [Errno 2] No such file or directory: '/home/runner/work/Selenium-Python-Example/Selenium-Python-Example/src/resources/tests_data.json'","time":{"start":1754963718935,"stop":1754963718935,"duration":0}},{"uid":"38056f973faf485f","reportUrl":"https://nirtal85.github.io/Selenium-Python-Example/742//#testresult/38056f973faf485f","status":"broken","statusDetails":"FileNotFoundError: [Errno 2] No such file or directory: '/home/runner/work/Selenium-Python-Example/Selenium-Python-Example/src/resources/tests_data.json'","time":{"start":1754878045613,"stop":1754878045613,"duration":0}},{"uid":"b591ecd386ce9491","reportUrl":"https://nirtal85.github.io/Selenium-Python-Example/741//#testresult/b591ecd386ce9491","status":"broken","statusDetails":"FileNotFoundError: [Errno 2] No such file or directory: '/home/runner/work/Selenium-Python-Example/Selenium-Python-Example/src/resources/tests_data.json'","time":{"start":1754791867235,"stop":1754791867235,"duration":0}},{"uid":"f7c4a1d4a0b09c66","reportUrl":"https://nirtal85.github.io/Selenium-Python-Example/740//#testresult/f7c4a1d4a0b09c66","status":"broken","statusDetails":"FileNotFoundError: [Errno 2] No such file or directory: '/home/runner/work/Selenium-Python-Example/Selenium-Python-Example/src/resources/tests_data.json'","time":{"start":1754704585683,"stop":1754704585683,"duration":0}},{"uid":"a2b85be9bd6630c6","reportUrl":"https://nirtal85.github.io/Selenium-Python-Example/739//#testresult/a2b85be9bd6630c6","status":"broken","statusDetails":"FileNotFoundError: [Errno 2] No such file or directory: '/home/runner/work/Selenium-Python-Example/Selenium-Python-Example/src/resources/tests_data.json'","time":{"start":1754618836815,"stop":1754618836815,"duration":0}},{"uid":"ee46b1029a9cae85","reportUrl":"https://nirtal85.github.io/Selenium-Python-Example/738//#testresult/ee46b1029a9cae85","status":"broken","statusDetails":"FileNotFoundError: [Errno 2] No such file or directory: '/home/runner/work/Selenium-Python-Example/Selenium-Python-Example/src/resources/tests_data.json'","time":{"start":1754532471541,"stop":1754532471541,"duration":0}},{"uid":"bc554fad500f29af","reportUrl":"https://nirtal85.github.io/Selenium-Python-Example/737//#testresult/bc554fad500f29af","status":"broken","statusDetails":"FileNotFoundError: [Errno 2] No such file or directory: '/home/runner/work/Selenium-Python-Example/Selenium-Python-Example/src/resources/tests_data.json'","time":{"start":1754446043469,"stop":1754446043469,"duration":0}},{"uid":"f0f241e8bd6b1078","reportUrl":"https://nirtal85.github.io/Selenium-Python-Example/736//#testresult/f0f241e8bd6b1078","status":"broken","statusDetails":"FileNotFoundError: [Errno 2] No such file or directory: '/home/runner/work/Selenium-Python-Example/Selenium-Python-Example/src/resources/tests_data.json'","time":{"start":1754359765912,"stop":1754359765912,"duration":0}},{"uid":"24fcca0e14357a1e","reportUrl":"https://nirtal85.github.io/Selenium-Python-Example/735//#testresult/24fcca0e14357a1e","status":"broken","statusDetails":"FileNotFoundError: [Errno 2] No such file or directory: '/home/runner/work/Selenium-Python-Example/Selenium-Python-Example/src/resources/tests_data.json'","time":{"start":1754274089966,"stop":1754274089966,"duration":0}},{"uid":"7f44f369c0b7b451","reportUrl":"https://nirtal85.github.io/Selenium-Python-Example/734//#testresult/7f44f369c0b7b451","status":"broken","statusDetails":"FileNotFoundError: [Errno 2] No such file or directory: '/home/runner/work/Selenium-Python-Example/Selenium-Python-Example/src/resources/tests_data.json'","time":{"start":1754187682968,"stop":1754187682968,"duration":0}},{"uid":"ab7acfb2c8295b1e","reportUrl":"https://nirtal85.github.io/Selenium-Python-Example/733//#testresult/ab7acfb2c8295b1e","status":"broken","statusDetails":"FileNotFoundError: [Errno 2] No such file or directory: '/home/runner/work/Selenium-Python-Example/Selenium-Python-Example/src/resources/tests_data.json'","time":{"start":1754100038916,"stop":1754100038916,"duration":0}},{"uid":"fdb17a477b6e461a","reportUrl":"https://nirtal85.github.io/Selenium-Python-Example/732//#testresult/fdb17a477b6e461a","status":"broken","statusDetails":"FileNotFoundError: [Errno 2] No such file or directory: '/home/runner/work/Selenium-Python-Example/Selenium-Python-Example/src/resources/tests_data.json'","time":{"start":1754014981694,"stop":1754014981694,"duration":0}}]},"tags":[]},"source":"1c18252abcb9161.json","parameterValues":[]}