{"uid":"e41926606a3c391a","name":"Rename an existing workspace test","fullName":"tests.workspaces_test.TestWorkspaces#test_rename_workspace","historyId":"cd63adf5d11191c5904362b968c9e131","time":{"start":1759196475608,"stop":1759196475608,"duration":0},"description":"Rename an existing workspace","descriptionHtml":"<p>Rename an existing workspace</p>\n","status":"broken","statusMessage":"FileNotFoundError: [Errno 2] No such file or directory: '/home/runner/work/Selenium-Python-Example/Selenium-Python-Example/src/resources/tests_data.json'","statusTrace":"@fixture(scope=\"session\")\n    def data() -> Data:\n        json_path = Constants.DATA_PATH / \"tests_data.json\"\n>       with open(json_path, encoding=\"utf-8\") as json_file:\n             ^^^^^^^^^^^^^^^^^^^^^^^^^^^^^^^^^\nE       FileNotFoundError: [Errno 2] No such file or directory: '/home/runner/work/Selenium-Python-Example/Selenium-Python-Example/src/resources/tests_data.json'\n\ntests/conftest.py:60: FileNotFoundError","flaky":false,"newFailed":false,"newBroken":false,"newPassed":false,"retriesCount":0,"retriesStatusChange":false,"beforeStages":[{"name":"base_url","time":{"start":1759196473479,"stop":1759196473479,"duration":0},"status":"passed","steps":[],"attachments":[],"parameters":[],"shouldDisplayMessage":false,"stepsCount":0,"attachmentsCount":0,"hasContent":false,"attachmentStep":false},{"name":"_verify_url","time":{"start":1759196473479,"stop":1759196473479,"duration":0},"status":"passed","steps":[],"attachments":[],"parameters":[],"shouldDisplayMessage":false,"stepsCount":0,"attachmentsCount":0,"hasContent":false,"attachmentStep":false},{"name":"data","time":{"start":1759196473479,"stop":1759196473479,"duration":0},"status":"broken","statusMessage":"FileNotFoundError: [Errno 2] No such file or directory: '/home/runner/work/Selenium-Python-Example/Selenium-Python-Example/src/resources/tests_data.json'\n","statusTrace":"  File \"/home/runner/work/Selenium-Python-Example/Selenium-Python-Example/.venv/lib/python3.13/site-packages/pluggy/_callers.py\", line 167, in _multicall\n    teardown.throw(outcome._exception)\n    ~~~~~~~~~~~~~~^^^^^^^^^^^^^^^^^^^^\n  File \"/home/runner/work/Selenium-Python-Example/Selenium-Python-Example/.venv/lib/python3.13/site-packages/_pytest/setuponly.py\", line 36, in pytest_fixture_setup\n    return (yield)\n            ^^^^^\n  File \"/home/runner/work/Selenium-Python-Example/Selenium-Python-Example/.venv/lib/python3.13/site-packages/pluggy/_callers.py\", line 103, in _multicall\n    res = hook_impl.function(*args)\n  File \"/home/runner/work/Selenium-Python-Example/Selenium-Python-Example/.venv/lib/python3.13/site-packages/_pytest/fixtures.py\", line 1195, in pytest_fixture_setup\n    result = call_fixture_func(fixturefunc, request, kwargs)\n  File \"/home/runner/work/Selenium-Python-Example/Selenium-Python-Example/.venv/lib/python3.13/site-packages/_pytest/fixtures.py\", line 929, in call_fixture_func\n    fixture_result = fixturefunc(**kwargs)\n  File \"/home/runner/work/Selenium-Python-Example/Selenium-Python-Example/tests/conftest.py\", line 60, in data\n    with open(json_path, encoding=\"utf-8\") as json_file:\n         ~~~~^^^^^^^^^^^^^^^^^^^^^^^^^^^^^\n","steps":[],"attachments":[],"parameters":[],"shouldDisplayMessage":true,"stepsCount":0,"attachmentsCount":0,"hasContent":true,"attachmentStep":false},{"name":"session_request","time":{"start":1759196473479,"stop":1759196473479,"duration":0},"status":"passed","steps":[],"attachments":[],"parameters":[],"shouldDisplayMessage":false,"stepsCount":0,"attachmentsCount":0,"hasContent":false,"attachmentStep":false},{"name":"setup_method_fixture","time":{"start":1759196493818,"stop":1759196504163,"duration":10345},"status":"broken","statusMessage":"selenium.common.exceptions.TimeoutException: Message: \nStacktrace:\n#0 0x55f4451c553a <unknown>\n#1 0x55f444cc0f00 <unknown>\n#2 0x55f444d10c0c <unknown>\n#3 0x55f444d10e31 <unknown>\n#4 0x55f444d56bd4 <unknown>\n#5 0x55f444d355cd <unknown>\n#6 0x55f444d53f84 <unknown>\n#7 0x55f444d35343 <unknown>\n#8 0x55f444d0278a <unknown>\n#9 0x55f444d039de <unknown>\n#10 0x55f44518f2cb <unknown>\n#11 0x55f445193242 <unknown>\n#12 0x55f44517c7ac <unknown>\n#13 0x55f445193df7 <unknown>\n#14 0x55f445160b2f <unknown>\n#15 0x55f4451b41a8 <unknown>\n#16 0x55f4451b4370 <unknown>\n#17 0x55f4451c43b6 <unknown>\n#18 0x7f75a909caa4 <unknown>\n#19 0x7f75a9129c6c <unknown>\n\n","statusTrace":"  File \"/home/runner/work/Selenium-Python-Example/Selenium-Python-Example/.venv/lib/python3.13/site-packages/pluggy/_callers.py\", line 167, in _multicall\n    teardown.throw(outcome._exception)\n    ~~~~~~~~~~~~~~^^^^^^^^^^^^^^^^^^^^\n  File \"/home/runner/work/Selenium-Python-Example/Selenium-Python-Example/.venv/lib/python3.13/site-packages/_pytest/setuponly.py\", line 36, in pytest_fixture_setup\n    return (yield)\n            ^^^^^\n  File \"/home/runner/work/Selenium-Python-Example/Selenium-Python-Example/.venv/lib/python3.13/site-packages/pluggy/_callers.py\", line 103, in _multicall\n    res = hook_impl.function(*args)\n  File \"/home/runner/work/Selenium-Python-Example/Selenium-Python-Example/.venv/lib/python3.13/site-packages/_pytest/fixtures.py\", line 1195, in pytest_fixture_setup\n    result = call_fixture_func(fixturefunc, request, kwargs)\n  File \"/home/runner/work/Selenium-Python-Example/Selenium-Python-Example/.venv/lib/python3.13/site-packages/_pytest/fixtures.py\", line 929, in call_fixture_func\n    fixture_result = fixturefunc(**kwargs)\n  File \"/home/runner/work/Selenium-Python-Example/Selenium-Python-Example/tests/workspaces_test.py\", line 25, in setup_method_fixture\n    login(self.about_page, self.login_page)\n    ~~~~~^^^^^^^^^^^^^^^^^^^^^^^^^^^^^^^^^^\n  File \"/home/runner/work/Selenium-Python-Example/Selenium-Python-Example/tests/workspaces_test.py\", line 15, in login\n    about_page.click_login_link()\n    ~~~~~~~~~~~~~~~~~~~~~~~~~~~^^\n  File \"/home/runner/work/Selenium-Python-Example/Selenium-Python-Example/.venv/lib/python3.13/site-packages/allure_commons/_allure.py\", line 202, in impl\n    return func(*a, **kw)\n  File \"/home/runner/work/Selenium-Python-Example/Selenium-Python-Example/src/pages/about_page.py\", line 18, in click_login_link\n    self.click(self.LOGIN_LINK)\n    ~~~~~~~~~~^^^^^^^^^^^^^^^^^\n  File \"/home/runner/work/Selenium-Python-Example/Selenium-Python-Example/src/pages/base_page.py\", line 59, in click\n    el: WebElement = self.wait.until(expected_conditions.element_to_be_clickable(locator))\n                     ~~~~~~~~~~~~~~~^^^^^^^^^^^^^^^^^^^^^^^^^^^^^^^^^^^^^^^^^^^^^^^^^^^^^^\n  File \"/home/runner/work/Selenium-Python-Example/Selenium-Python-Example/.venv/lib/python3.13/site-packages/selenium/webdriver/support/wait.py\", line 138, in until\n    raise TimeoutException(message, screen, stacktrace)\n","steps":[{"name":"Click Login link","time":{"start":1759196493819,"stop":1759196504162,"duration":10343},"status":"broken","statusMessage":"selenium.common.exceptions.TimeoutException: Message: \nStacktrace:\n#0 0x55f4451c553a <unknown>\n#1 0x55f444cc0f00 <unknown>\n#2 0x55f444d10c0c <unknown>\n#3 0x55f444d10e31 <unknown>\n#4 0x55f444d56bd4 <unknown>\n#5 0x55f444d355cd <unknown>\n#6 0x55f444d53f84 <unknown>\n#7 0x55f444d35343 <unknown>\n#8 0x55f444d0278a <unknown>\n#9 0x55f444d039de <unknown>\n#10 0x55f44518f2cb <unknown>\n#11 0x55f445193242 <unknown>\n#12 0x55f44517c7ac <unknown>\n#13 0x55f445193df7 <unknown>\n#14 0x55f445160b2f <unknown>\n#15 0x55f4451b41a8 <unknown>\n#16 0x55f4451b4370 <unknown>\n#17 0x55f4451c43b6 <unknown>\n#18 0x7f75a909caa4 <unknown>\n#19 0x7f75a9129c6c <unknown>\n\n","statusTrace":"  File \"/home/runner/work/Selenium-Python-Example/Selenium-Python-Example/.venv/lib/python3.13/site-packages/allure_commons/_allure.py\", line 202, in impl\n    return func(*a, **kw)\n  File \"/home/runner/work/Selenium-Python-Example/Selenium-Python-Example/src/pages/about_page.py\", line 18, in click_login_link\n    self.click(self.LOGIN_LINK)\n    ~~~~~~~~~~^^^^^^^^^^^^^^^^^\n  File \"/home/runner/work/Selenium-Python-Example/Selenium-Python-Example/src/pages/base_page.py\", line 59, in click\n    el: WebElement = self.wait.until(expected_conditions.element_to_be_clickable(locator))\n                     ~~~~~~~~~~~~~~~^^^^^^^^^^^^^^^^^^^^^^^^^^^^^^^^^^^^^^^^^^^^^^^^^^^^^^\n  File \"/home/runner/work/Selenium-Python-Example/Selenium-Python-Example/.venv/lib/python3.13/site-packages/selenium/webdriver/support/wait.py\", line 138, in until\n    raise TimeoutException(message, screen, stacktrace)\n","steps":[],"attachments":[],"parameters":[],"shouldDisplayMessage":true,"stepsCount":0,"attachmentsCount":0,"hasContent":true,"attachmentStep":false}],"attachments":[],"parameters":[],"shouldDisplayMessage":false,"stepsCount":1,"attachmentsCount":0,"hasContent":true,"attachmentStep":false}],"testStage":{"description":"Rename an existing workspace","status":"broken","statusMessage":"FileNotFoundError: [Errno 2] No such file or directory: '/home/runner/work/Selenium-Python-Example/Selenium-Python-Example/src/resources/tests_data.json'","statusTrace":"@fixture(scope=\"session\")\n    def data() -> Data:\n        json_path = Constants.DATA_PATH / \"tests_data.json\"\n>       with open(json_path, encoding=\"utf-8\") as json_file:\n             ^^^^^^^^^^^^^^^^^^^^^^^^^^^^^^^^^\nE       FileNotFoundError: [Errno 2] No such file or directory: '/home/runner/work/Selenium-Python-Example/Selenium-Python-Example/src/resources/tests_data.json'\n\ntests/conftest.py:60: FileNotFoundError","steps":[{"name":"public ip address","time":{"start":1759196478300,"stop":1759196478310,"duration":10},"status":"passed","steps":[],"attachments":[{"uid":"8090e6e178dabad2","name":"HTTP logs of http://checkip.amazonaws.com/","source":"8090e6e178dabad2.txt","type":"text/plain","size":356}],"parameters":[],"shouldDisplayMessage":false,"stepsCount":0,"attachmentsCount":1,"hasContent":true,"attachmentStep":false}],"attachments":[{"uid":"b667a54e1e661f75","name":"Cookies","source":"b667a54e1e661f75.json","type":"application/json","size":4117},{"uid":"324ebb47da635c40","name":"Session Storage","source":"324ebb47da635c40.json","type":"application/json","size":359},{"uid":"8addf1673b875696","name":"Local Storage","source":"8addf1673b875696.json","type":"application/json","size":563},{"uid":"bffe3d81b6f4a3b6","name":"Full Page Screenshot","source":"bffe3d81b6f4a3b6.png","type":"image/png","size":2006967},{"uid":"5344e26493dfabd0","name":"URL","source":"5344e26493dfabd0.uri","type":"text/uri-list","size":23},{"uid":"eaf70728d8e89b6b","name":"Network Logs","source":"eaf70728d8e89b6b.json","type":"application/json","size":7918277}],"parameters":[],"shouldDisplayMessage":true,"stepsCount":1,"attachmentsCount":7,"hasContent":true,"attachmentStep":false},"afterStages":[{"name":"session_request::0","time":{"start":1759196548206,"stop":1759196548206,"duration":0},"status":"passed","steps":[],"attachments":[],"parameters":[],"shouldDisplayMessage":false,"stepsCount":0,"attachmentsCount":0,"hasContent":false,"attachmentStep":false}],"labels":[{"name":"epic","value":"Workspaces"},{"name":"severity","value":"normal"},{"name":"story","value":"WorkSpaces Creation and Editing Functionality"},{"name":"parentSuite","value":"tests"},{"name":"suite","value":"workspaces_test"},{"name":"subSuite","value":"TestWorkspaces"},{"name":"host","value":"runnervm3ublj"},{"name":"thread","value":"2183-MainThread"},{"name":"framework","value":"pytest"},{"name":"language","value":"cpython3"},{"name":"package","value":"tests.workspaces_test"},{"name":"resultFormat","value":"allure2"}],"parameters":[],"links":[],"hidden":false,"retry":false,"extra":{"severity":"normal","retries":[],"categories":[{"name":"Test defects","matchedStatuses":[],"flaky":false}],"history":{"statistic":{"failed":0,"broken":29,"skipped":0,"passed":0,"unknown":0,"total":29},"items":[{"uid":"691d030c91400716","reportUrl":"https://nirtal85.github.io/Selenium-Python-Example/791//#testresult/691d030c91400716","status":"broken","statusDetails":"FileNotFoundError: [Errno 2] No such file or directory: '/home/runner/work/Selenium-Python-Example/Selenium-Python-Example/src/resources/tests_data.json'","time":{"start":1759110400523,"stop":1759110400523,"duration":0}},{"uid":"f1eff578453c51e3","reportUrl":"https://nirtal85.github.io/Selenium-Python-Example/790//#testresult/f1eff578453c51e3","status":"broken","statusDetails":"FileNotFoundError: [Errno 2] No such file or directory: '/home/runner/work/Selenium-Python-Example/Selenium-Python-Example/src/resources/tests_data.json'","time":{"start":1759024343658,"stop":1759024343658,"duration":0}},{"uid":"f2282c6412f6cee5","reportUrl":"https://nirtal85.github.io/Selenium-Python-Example/789//#testresult/f2282c6412f6cee5","status":"broken","statusDetails":"FileNotFoundError: [Errno 2] No such file or directory: '/home/runner/work/Selenium-Python-Example/Selenium-Python-Example/src/resources/tests_data.json'","time":{"start":1758937170612,"stop":1758937170612,"duration":0}},{"uid":"c9cee7e4fb1ac627","reportUrl":"https://nirtal85.github.io/Selenium-Python-Example/788//#testresult/c9cee7e4fb1ac627","status":"broken","statusDetails":"FileNotFoundError: [Errno 2] No such file or directory: '/home/runner/work/Selenium-Python-Example/Selenium-Python-Example/src/resources/tests_data.json'","time":{"start":1758851007007,"stop":1758851007007,"duration":0}},{"uid":"dc5003a7df8aaa56","reportUrl":"https://nirtal85.github.io/Selenium-Python-Example/787//#testresult/dc5003a7df8aaa56","status":"broken","statusDetails":"FileNotFoundError: [Errno 2] No such file or directory: '/home/runner/work/Selenium-Python-Example/Selenium-Python-Example/src/resources/tests_data.json'","time":{"start":1758764673008,"stop":1758764673008,"duration":0}},{"uid":"542ea5d47113f675","reportUrl":"https://nirtal85.github.io/Selenium-Python-Example/786//#testresult/542ea5d47113f675","status":"broken","statusDetails":"FileNotFoundError: [Errno 2] No such file or directory: '/home/runner/work/Selenium-Python-Example/Selenium-Python-Example/src/resources/tests_data.json'","time":{"start":1758678217405,"stop":1758678217405,"duration":0}},{"uid":"abad7ac44c1737c8","reportUrl":"https://nirtal85.github.io/Selenium-Python-Example/785//#testresult/abad7ac44c1737c8","status":"broken","statusDetails":"FileNotFoundError: [Errno 2] No such file or directory: '/home/runner/work/Selenium-Python-Example/Selenium-Python-Example/src/resources/tests_data.json'","time":{"start":1758591738152,"stop":1758591738152,"duration":0}},{"uid":"21a5a96a14636587","reportUrl":"https://nirtal85.github.io/Selenium-Python-Example/784//#testresult/21a5a96a14636587","status":"broken","statusDetails":"FileNotFoundError: [Errno 2] No such file or directory: '/home/runner/work/Selenium-Python-Example/Selenium-Python-Example/src/resources/tests_data.json'","time":{"start":1758505901043,"stop":1758505901043,"duration":0}},{"uid":"c78e5ab246036dbd","reportUrl":"https://nirtal85.github.io/Selenium-Python-Example/783//#testresult/c78e5ab246036dbd","status":"broken","statusDetails":"FileNotFoundError: [Errno 2] No such file or directory: '/home/runner/work/Selenium-Python-Example/Selenium-Python-Example/src/resources/tests_data.json'","time":{"start":1758419505022,"stop":1758419505022,"duration":0}},{"uid":"b8794a65d8442611","reportUrl":"https://nirtal85.github.io/Selenium-Python-Example/782//#testresult/b8794a65d8442611","status":"broken","statusDetails":"FileNotFoundError: [Errno 2] No such file or directory: '/home/runner/work/Selenium-Python-Example/Selenium-Python-Example/src/resources/tests_data.json'","time":{"start":1758332384012,"stop":1758332384012,"duration":0}},{"uid":"d57e23d531040da0","reportUrl":"https://nirtal85.github.io/Selenium-Python-Example/781//#testresult/d57e23d531040da0","status":"broken","statusDetails":"FileNotFoundError: [Errno 2] No such file or directory: '/home/runner/work/Selenium-Python-Example/Selenium-Python-Example/src/resources/tests_data.json'","time":{"start":1758246267138,"stop":1758246267138,"duration":0}},{"uid":"faef324a4d897d3b","reportUrl":"https://nirtal85.github.io/Selenium-Python-Example/780//#testresult/faef324a4d897d3b","status":"broken","statusDetails":"FileNotFoundError: [Errno 2] No such file or directory: '/home/runner/work/Selenium-Python-Example/Selenium-Python-Example/src/resources/tests_data.json'","time":{"start":1758159693655,"stop":1758159693655,"duration":0}},{"uid":"8bcb5188d95563e8","reportUrl":"https://nirtal85.github.io/Selenium-Python-Example/779//#testresult/8bcb5188d95563e8","status":"broken","statusDetails":"FileNotFoundError: [Errno 2] No such file or directory: '/home/runner/work/Selenium-Python-Example/Selenium-Python-Example/src/resources/tests_data.json'","time":{"start":1758073306359,"stop":1758073306359,"duration":0}},{"uid":"9420b641a290c9fd","reportUrl":"https://nirtal85.github.io/Selenium-Python-Example/778//#testresult/9420b641a290c9fd","status":"broken","statusDetails":"FileNotFoundError: [Errno 2] No such file or directory: '/home/runner/work/Selenium-Python-Example/Selenium-Python-Example/src/resources/tests_data.json'","time":{"start":1757986908699,"stop":1757986908699,"duration":0}},{"uid":"c41c277c8bc3b372","reportUrl":"https://nirtal85.github.io/Selenium-Python-Example/777//#testresult/c41c277c8bc3b372","status":"broken","statusDetails":"FileNotFoundError: [Errno 2] No such file or directory: '/home/runner/work/Selenium-Python-Example/Selenium-Python-Example/src/resources/tests_data.json'","time":{"start":1757900992118,"stop":1757900992118,"duration":0}},{"uid":"a092cab42829577e","reportUrl":"https://nirtal85.github.io/Selenium-Python-Example/776//#testresult/a092cab42829577e","status":"broken","statusDetails":"FileNotFoundError: [Errno 2] No such file or directory: '/home/runner/work/Selenium-Python-Example/Selenium-Python-Example/src/resources/tests_data.json'","time":{"start":1757814499801,"stop":1757814499801,"duration":0}},{"uid":"9c70972668773ad2","reportUrl":"https://nirtal85.github.io/Selenium-Python-Example/775//#testresult/9c70972668773ad2","status":"broken","statusDetails":"FileNotFoundError: [Errno 2] No such file or directory: '/home/runner/work/Selenium-Python-Example/Selenium-Python-Example/src/resources/tests_data.json'","time":{"start":1757727368587,"stop":1757727368587,"duration":0}},{"uid":"fc67e31e685ba1df","reportUrl":"https://nirtal85.github.io/Selenium-Python-Example/774//#testresult/fc67e31e685ba1df","status":"broken","statusDetails":"FileNotFoundError: [Errno 2] No such file or directory: '/home/runner/work/Selenium-Python-Example/Selenium-Python-Example/src/resources/tests_data.json'","time":{"start":1757641242528,"stop":1757641242528,"duration":0}},{"uid":"6df63de0263a5c03","reportUrl":"https://nirtal85.github.io/Selenium-Python-Example/773//#testresult/6df63de0263a5c03","status":"broken","statusDetails":"FileNotFoundError: [Errno 2] No such file or directory: '/home/runner/work/Selenium-Python-Example/Selenium-Python-Example/src/resources/tests_data.json'","time":{"start":1757555059293,"stop":1757555059293,"duration":0}},{"uid":"bce07a8f24d0bf69","reportUrl":"https://nirtal85.github.io/Selenium-Python-Example/772//#testresult/bce07a8f24d0bf69","status":"broken","statusDetails":"FileNotFoundError: [Errno 2] No such file or directory: '/home/runner/work/Selenium-Python-Example/Selenium-Python-Example/src/resources/tests_data.json'","time":{"start":1757468501452,"stop":1757468501452,"duration":0}}]},"tags":[]},"source":"e41926606a3c391a.json","parameterValues":[]}