{"uid":"6bd079aea2d507a8","name":"Delete existing workspace","fullName":"tests.workspaces_test.TestWorkspaces#test_delete_workspace","historyId":"085ae9bea926da8512f07258dfb5df8c","time":{"start":1756777694467,"stop":1756777694467,"duration":0},"description":"Delete an existing workspace","descriptionHtml":"<p>Delete an existing workspace</p>\n","status":"broken","statusMessage":"selenium.common.exceptions.TimeoutException: Message: \nStacktrace:\n#0 0x5651d6f7753a <unknown>\n#1 0x5651d6a72f00 <unknown>\n#2 0x5651d6ac2c0c <unknown>\n#3 0x5651d6ac2e31 <unknown>\n#4 0x5651d6b08bd4 <unknown>\n#5 0x5651d6ae75cd <unknown>\n#6 0x5651d6b05f84 <unknown>\n#7 0x5651d6ae7343 <unknown>\n#8 0x5651d6ab478a <unknown>\n#9 0x5651d6ab59de <unknown>\n#10 0x5651d6f412cb <unknown>\n#11 0x5651d6f45242 <unknown>\n#12 0x5651d6f2e7ac <unknown>\n#13 0x5651d6f45df7 <unknown>\n#14 0x5651d6f12b2f <unknown>\n#15 0x5651d6f661a8 <unknown>\n#16 0x5651d6f66370 <unknown>\n#17 0x5651d6f763b6 <unknown>\n#18 0x7fd8c5a9caa4 <unknown>\n#19 0x7fd8c5b29c3c <unknown>","statusTrace":"self = <tests.workspaces_test.TestWorkspaces object at 0x7f09ed97afd0>\n\n    @pytest.fixture(autouse=True)\n    def setup_method_fixture(self):\n>       login(self.about_page, self.login_page)\n\ntests/workspaces_test.py:25: \n_ _ _ _ _ _ _ _ _ _ _ _ _ _ _ _ _ _ _ _ _ _ _ _ _ _ _ _ _ _ _ _ _ _ _ _ _ _ _ _ \ntests/workspaces_test.py:15: in login\n    about_page.click_login_link()\nsrc/pages/about_page.py:18: in click_login_link\n    self.click(self.LOGIN_LINK)\nsrc/pages/base_page.py:59: in click\n    el: WebElement = self.wait.until(expected_conditions.element_to_be_clickable(locator))\n                     ^^^^^^^^^^^^^^^^^^^^^^^^^^^^^^^^^^^^^^^^^^^^^^^^^^^^^^^^^^^^^^^^^^^^^\n_ _ _ _ _ _ _ _ _ _ _ _ _ _ _ _ _ _ _ _ _ _ _ _ _ _ _ _ _ _ _ _ _ _ _ _ _ _ _ _ \n\nself = <selenium.webdriver.support.wait.WebDriverWait (session=\"5c35e114bbb49c9d371ddd510f836426\")>\nmethod = <function element_to_be_clickable.<locals>._predicate at 0x7f09eda807c0>\nmessage = ''\n\n    def until(self, method: Callable[[D], Union[Literal[False], T]], message: str = \"\") -> T:\n        \"\"\"Wait until the method returns a value that is not False.\n    \n        Calls the method provided with the driver as an argument until the\n        return value does not evaluate to ``False``.\n    \n        Parameters:\n        -----------\n        method: callable(WebDriver)\n            - A callable object that takes a WebDriver instance as an argument.\n    \n        message: str\n            - Optional message for :exc:`TimeoutException`\n    \n        Return:\n        -------\n        object: T\n            - The result of the last call to `method`\n    \n        Raises:\n        -------\n        TimeoutException\n            - If 'method' does not return a truthy value within the WebDriverWait\n            object's timeout\n    \n        Example:\n        --------\n        >>> from selenium.webdriver.common.by import By\n        >>> from selenium.webdriver.support.ui import WebDriverWait\n        >>> from selenium.webdriver.support import expected_conditions as EC\n    \n        # Wait until an element is visible on the page\n        >>> wait = WebDriverWait(driver, 10)\n        >>> element = wait.until(EC.visibility_of_element_located((By.ID, \"exampleId\")))\n        >>> print(element.text)\n        \"\"\"\n        screen = None\n        stacktrace = None\n    \n        end_time = time.monotonic() + self._timeout\n        while True:\n            try:\n                value = method(self._driver)\n                if value:\n                    return value\n            except self._ignored_exceptions as exc:\n                screen = getattr(exc, \"screen\", None)\n                stacktrace = getattr(exc, \"stacktrace\", None)\n            if time.monotonic() > end_time:\n                break\n            time.sleep(self._poll)\n>       raise TimeoutException(message, screen, stacktrace)\nE       selenium.common.exceptions.TimeoutException: Message: \nE       Stacktrace:\nE       #0 0x5651d6f7753a <unknown>\nE       #1 0x5651d6a72f00 <unknown>\nE       #2 0x5651d6ac2c0c <unknown>\nE       #3 0x5651d6ac2e31 <unknown>\nE       #4 0x5651d6b08bd4 <unknown>\nE       #5 0x5651d6ae75cd <unknown>\nE       #6 0x5651d6b05f84 <unknown>\nE       #7 0x5651d6ae7343 <unknown>\nE       #8 0x5651d6ab478a <unknown>\nE       #9 0x5651d6ab59de <unknown>\nE       #10 0x5651d6f412cb <unknown>\nE       #11 0x5651d6f45242 <unknown>\nE       #12 0x5651d6f2e7ac <unknown>\nE       #13 0x5651d6f45df7 <unknown>\nE       #14 0x5651d6f12b2f <unknown>\nE       #15 0x5651d6f661a8 <unknown>\nE       #16 0x5651d6f66370 <unknown>\nE       #17 0x5651d6f763b6 <unknown>\nE       #18 0x7fd8c5a9caa4 <unknown>\nE       #19 0x7fd8c5b29c3c <unknown>\n\n.venv/lib/python3.13/site-packages/selenium/webdriver/support/wait.py:138: TimeoutException","flaky":false,"newFailed":false,"newBroken":false,"newPassed":false,"retriesCount":0,"retriesStatusChange":false,"beforeStages":[{"name":"session_request","time":{"start":1756777677796,"stop":1756777677796,"duration":0},"status":"passed","steps":[],"attachments":[],"parameters":[],"shouldDisplayMessage":false,"stepsCount":0,"attachmentsCount":0,"hasContent":false,"attachmentStep":false},{"name":"base_url","time":{"start":1756777677796,"stop":1756777677796,"duration":0},"status":"passed","steps":[],"attachments":[],"parameters":[],"shouldDisplayMessage":false,"stepsCount":0,"attachmentsCount":0,"hasContent":false,"attachmentStep":false},{"name":"_verify_url","time":{"start":1756777677796,"stop":1756777677796,"duration":0},"status":"passed","steps":[],"attachments":[],"parameters":[],"shouldDisplayMessage":false,"stepsCount":0,"attachmentsCount":0,"hasContent":false,"attachmentStep":false},{"name":"setup_method_fixture","time":{"start":1756777697522,"stop":1756777707883,"duration":10361},"status":"broken","statusMessage":"selenium.common.exceptions.TimeoutException: Message: \nStacktrace:\n#0 0x5651d6f7753a <unknown>\n#1 0x5651d6a72f00 <unknown>\n#2 0x5651d6ac2c0c <unknown>\n#3 0x5651d6ac2e31 <unknown>\n#4 0x5651d6b08bd4 <unknown>\n#5 0x5651d6ae75cd <unknown>\n#6 0x5651d6b05f84 <unknown>\n#7 0x5651d6ae7343 <unknown>\n#8 0x5651d6ab478a <unknown>\n#9 0x5651d6ab59de <unknown>\n#10 0x5651d6f412cb <unknown>\n#11 0x5651d6f45242 <unknown>\n#12 0x5651d6f2e7ac <unknown>\n#13 0x5651d6f45df7 <unknown>\n#14 0x5651d6f12b2f <unknown>\n#15 0x5651d6f661a8 <unknown>\n#16 0x5651d6f66370 <unknown>\n#17 0x5651d6f763b6 <unknown>\n#18 0x7fd8c5a9caa4 <unknown>\n#19 0x7fd8c5b29c3c <unknown>\n\n","statusTrace":"  File \"/home/runner/work/Selenium-Python-Example/Selenium-Python-Example/.venv/lib/python3.13/site-packages/pluggy/_callers.py\", line 167, in _multicall\n    teardown.throw(outcome._exception)\n    ~~~~~~~~~~~~~~^^^^^^^^^^^^^^^^^^^^\n  File \"/home/runner/work/Selenium-Python-Example/Selenium-Python-Example/.venv/lib/python3.13/site-packages/_pytest/setuponly.py\", line 36, in pytest_fixture_setup\n    return (yield)\n            ^^^^^\n  File \"/home/runner/work/Selenium-Python-Example/Selenium-Python-Example/.venv/lib/python3.13/site-packages/pluggy/_callers.py\", line 103, in _multicall\n    res = hook_impl.function(*args)\n  File \"/home/runner/work/Selenium-Python-Example/Selenium-Python-Example/.venv/lib/python3.13/site-packages/_pytest/fixtures.py\", line 1195, in pytest_fixture_setup\n    result = call_fixture_func(fixturefunc, request, kwargs)\n  File \"/home/runner/work/Selenium-Python-Example/Selenium-Python-Example/.venv/lib/python3.13/site-packages/_pytest/fixtures.py\", line 929, in call_fixture_func\n    fixture_result = fixturefunc(**kwargs)\n  File \"/home/runner/work/Selenium-Python-Example/Selenium-Python-Example/tests/workspaces_test.py\", line 25, in setup_method_fixture\n    login(self.about_page, self.login_page)\n    ~~~~~^^^^^^^^^^^^^^^^^^^^^^^^^^^^^^^^^^\n  File \"/home/runner/work/Selenium-Python-Example/Selenium-Python-Example/tests/workspaces_test.py\", line 15, in login\n    about_page.click_login_link()\n    ~~~~~~~~~~~~~~~~~~~~~~~~~~~^^\n  File \"/home/runner/work/Selenium-Python-Example/Selenium-Python-Example/.venv/lib/python3.13/site-packages/allure_commons/_allure.py\", line 202, in impl\n    return func(*a, **kw)\n  File \"/home/runner/work/Selenium-Python-Example/Selenium-Python-Example/src/pages/about_page.py\", line 18, in click_login_link\n    self.click(self.LOGIN_LINK)\n    ~~~~~~~~~~^^^^^^^^^^^^^^^^^\n  File \"/home/runner/work/Selenium-Python-Example/Selenium-Python-Example/src/pages/base_page.py\", line 59, in click\n    el: WebElement = self.wait.until(expected_conditions.element_to_be_clickable(locator))\n                     ~~~~~~~~~~~~~~~^^^^^^^^^^^^^^^^^^^^^^^^^^^^^^^^^^^^^^^^^^^^^^^^^^^^^^\n  File \"/home/runner/work/Selenium-Python-Example/Selenium-Python-Example/.venv/lib/python3.13/site-packages/selenium/webdriver/support/wait.py\", line 138, in until\n    raise TimeoutException(message, screen, stacktrace)\n","steps":[{"name":"Click Login link","time":{"start":1756777697522,"stop":1756777707882,"duration":10360},"status":"broken","statusMessage":"selenium.common.exceptions.TimeoutException: Message: \nStacktrace:\n#0 0x5651d6f7753a <unknown>\n#1 0x5651d6a72f00 <unknown>\n#2 0x5651d6ac2c0c <unknown>\n#3 0x5651d6ac2e31 <unknown>\n#4 0x5651d6b08bd4 <unknown>\n#5 0x5651d6ae75cd <unknown>\n#6 0x5651d6b05f84 <unknown>\n#7 0x5651d6ae7343 <unknown>\n#8 0x5651d6ab478a <unknown>\n#9 0x5651d6ab59de <unknown>\n#10 0x5651d6f412cb <unknown>\n#11 0x5651d6f45242 <unknown>\n#12 0x5651d6f2e7ac <unknown>\n#13 0x5651d6f45df7 <unknown>\n#14 0x5651d6f12b2f <unknown>\n#15 0x5651d6f661a8 <unknown>\n#16 0x5651d6f66370 <unknown>\n#17 0x5651d6f763b6 <unknown>\n#18 0x7fd8c5a9caa4 <unknown>\n#19 0x7fd8c5b29c3c <unknown>\n\n","statusTrace":"  File \"/home/runner/work/Selenium-Python-Example/Selenium-Python-Example/.venv/lib/python3.13/site-packages/allure_commons/_allure.py\", line 202, in impl\n    return func(*a, **kw)\n  File \"/home/runner/work/Selenium-Python-Example/Selenium-Python-Example/src/pages/about_page.py\", line 18, in click_login_link\n    self.click(self.LOGIN_LINK)\n    ~~~~~~~~~~^^^^^^^^^^^^^^^^^\n  File \"/home/runner/work/Selenium-Python-Example/Selenium-Python-Example/src/pages/base_page.py\", line 59, in click\n    el: WebElement = self.wait.until(expected_conditions.element_to_be_clickable(locator))\n                     ~~~~~~~~~~~~~~~^^^^^^^^^^^^^^^^^^^^^^^^^^^^^^^^^^^^^^^^^^^^^^^^^^^^^^\n  File \"/home/runner/work/Selenium-Python-Example/Selenium-Python-Example/.venv/lib/python3.13/site-packages/selenium/webdriver/support/wait.py\", line 138, in until\n    raise TimeoutException(message, screen, stacktrace)\n","steps":[],"attachments":[],"parameters":[],"shouldDisplayMessage":true,"stepsCount":0,"attachmentsCount":0,"hasContent":true,"attachmentStep":false}],"attachments":[],"parameters":[],"shouldDisplayMessage":false,"stepsCount":1,"attachmentsCount":0,"hasContent":true,"attachmentStep":false}],"testStage":{"description":"Delete an existing workspace","status":"broken","statusMessage":"selenium.common.exceptions.TimeoutException: Message: \nStacktrace:\n#0 0x5651d6f7753a <unknown>\n#1 0x5651d6a72f00 <unknown>\n#2 0x5651d6ac2c0c <unknown>\n#3 0x5651d6ac2e31 <unknown>\n#4 0x5651d6b08bd4 <unknown>\n#5 0x5651d6ae75cd <unknown>\n#6 0x5651d6b05f84 <unknown>\n#7 0x5651d6ae7343 <unknown>\n#8 0x5651d6ab478a <unknown>\n#9 0x5651d6ab59de <unknown>\n#10 0x5651d6f412cb <unknown>\n#11 0x5651d6f45242 <unknown>\n#12 0x5651d6f2e7ac <unknown>\n#13 0x5651d6f45df7 <unknown>\n#14 0x5651d6f12b2f <unknown>\n#15 0x5651d6f661a8 <unknown>\n#16 0x5651d6f66370 <unknown>\n#17 0x5651d6f763b6 <unknown>\n#18 0x7fd8c5a9caa4 <unknown>\n#19 0x7fd8c5b29c3c <unknown>","statusTrace":"self = <tests.workspaces_test.TestWorkspaces object at 0x7f09ed97afd0>\n\n    @pytest.fixture(autouse=True)\n    def setup_method_fixture(self):\n>       login(self.about_page, self.login_page)\n\ntests/workspaces_test.py:25: \n_ _ _ _ _ _ _ _ _ _ _ _ _ _ _ _ _ _ _ _ _ _ _ _ _ _ _ _ _ _ _ _ _ _ _ _ _ _ _ _ \ntests/workspaces_test.py:15: in login\n    about_page.click_login_link()\nsrc/pages/about_page.py:18: in click_login_link\n    self.click(self.LOGIN_LINK)\nsrc/pages/base_page.py:59: in click\n    el: WebElement = self.wait.until(expected_conditions.element_to_be_clickable(locator))\n                     ^^^^^^^^^^^^^^^^^^^^^^^^^^^^^^^^^^^^^^^^^^^^^^^^^^^^^^^^^^^^^^^^^^^^^\n_ _ _ _ _ _ _ _ _ _ _ _ _ _ _ _ _ _ _ _ _ _ _ _ _ _ _ _ _ _ _ _ _ _ _ _ _ _ _ _ \n\nself = <selenium.webdriver.support.wait.WebDriverWait (session=\"5c35e114bbb49c9d371ddd510f836426\")>\nmethod = <function element_to_be_clickable.<locals>._predicate at 0x7f09eda807c0>\nmessage = ''\n\n    def until(self, method: Callable[[D], Union[Literal[False], T]], message: str = \"\") -> T:\n        \"\"\"Wait until the method returns a value that is not False.\n    \n        Calls the method provided with the driver as an argument until the\n        return value does not evaluate to ``False``.\n    \n        Parameters:\n        -----------\n        method: callable(WebDriver)\n            - A callable object that takes a WebDriver instance as an argument.\n    \n        message: str\n            - Optional message for :exc:`TimeoutException`\n    \n        Return:\n        -------\n        object: T\n            - The result of the last call to `method`\n    \n        Raises:\n        -------\n        TimeoutException\n            - If 'method' does not return a truthy value within the WebDriverWait\n            object's timeout\n    \n        Example:\n        --------\n        >>> from selenium.webdriver.common.by import By\n        >>> from selenium.webdriver.support.ui import WebDriverWait\n        >>> from selenium.webdriver.support import expected_conditions as EC\n    \n        # Wait until an element is visible on the page\n        >>> wait = WebDriverWait(driver, 10)\n        >>> element = wait.until(EC.visibility_of_element_located((By.ID, \"exampleId\")))\n        >>> print(element.text)\n        \"\"\"\n        screen = None\n        stacktrace = None\n    \n        end_time = time.monotonic() + self._timeout\n        while True:\n            try:\n                value = method(self._driver)\n                if value:\n                    return value\n            except self._ignored_exceptions as exc:\n                screen = getattr(exc, \"screen\", None)\n                stacktrace = getattr(exc, \"stacktrace\", None)\n            if time.monotonic() > end_time:\n                break\n            time.sleep(self._poll)\n>       raise TimeoutException(message, screen, stacktrace)\nE       selenium.common.exceptions.TimeoutException: Message: \nE       Stacktrace:\nE       #0 0x5651d6f7753a <unknown>\nE       #1 0x5651d6a72f00 <unknown>\nE       #2 0x5651d6ac2c0c <unknown>\nE       #3 0x5651d6ac2e31 <unknown>\nE       #4 0x5651d6b08bd4 <unknown>\nE       #5 0x5651d6ae75cd <unknown>\nE       #6 0x5651d6b05f84 <unknown>\nE       #7 0x5651d6ae7343 <unknown>\nE       #8 0x5651d6ab478a <unknown>\nE       #9 0x5651d6ab59de <unknown>\nE       #10 0x5651d6f412cb <unknown>\nE       #11 0x5651d6f45242 <unknown>\nE       #12 0x5651d6f2e7ac <unknown>\nE       #13 0x5651d6f45df7 <unknown>\nE       #14 0x5651d6f12b2f <unknown>\nE       #15 0x5651d6f661a8 <unknown>\nE       #16 0x5651d6f66370 <unknown>\nE       #17 0x5651d6f763b6 <unknown>\nE       #18 0x7fd8c5a9caa4 <unknown>\nE       #19 0x7fd8c5b29c3c <unknown>\n\n.venv/lib/python3.13/site-packages/selenium/webdriver/support/wait.py:138: TimeoutException","steps":[{"name":"public ip address","time":{"start":1756777707897,"stop":1756777708035,"duration":138},"status":"passed","steps":[],"attachments":[{"uid":"8429ab1741b83b1a","name":"HTTP logs of http://checkip.amazonaws.com/","source":"8429ab1741b83b1a.txt","type":"text/plain","size":357}],"parameters":[],"shouldDisplayMessage":false,"stepsCount":0,"attachmentsCount":1,"hasContent":true,"attachmentStep":false}],"attachments":[{"uid":"ba34b79325cdef18","name":"Cookies","source":"ba34b79325cdef18.json","type":"application/json","size":4119},{"uid":"cba12c758a1725a2","name":"Session Storage","source":"cba12c758a1725a2.json","type":"application/json","size":359},{"uid":"69ad3e7b81fa5f48","name":"Local Storage","source":"69ad3e7b81fa5f48.json","type":"application/json","size":548},{"uid":"e40b423f27eca2","name":"Full Page Screenshot","source":"e40b423f27eca2.png","type":"image/png","size":2029383},{"uid":"f2a0aa2fb01b83bd","name":"URL","source":"f2a0aa2fb01b83bd.uri","type":"text/uri-list","size":23},{"uid":"3ff157bdea3664f0","name":"Network Logs","source":"3ff157bdea3664f0.json","type":"application/json","size":7929054}],"parameters":[],"shouldDisplayMessage":true,"stepsCount":1,"attachmentsCount":7,"hasContent":true,"attachmentStep":false},"afterStages":[{"name":"session_request::0","time":{"start":1756777749275,"stop":1756777749275,"duration":0},"status":"passed","steps":[],"attachments":[],"parameters":[],"shouldDisplayMessage":false,"stepsCount":0,"attachmentsCount":0,"hasContent":false,"attachmentStep":false}],"labels":[{"name":"epic","value":"Workspaces"},{"name":"severity","value":"normal"},{"name":"story","value":"WorkSpaces Creation and Editing Functionality"},{"name":"parentSuite","value":"tests"},{"name":"suite","value":"workspaces_test"},{"name":"subSuite","value":"TestWorkspaces"},{"name":"host","value":"pkrvmccyg1gnepe"},{"name":"thread","value":"2193-MainThread"},{"name":"framework","value":"pytest"},{"name":"language","value":"cpython3"},{"name":"package","value":"tests.workspaces_test"},{"name":"resultFormat","value":"allure2"}],"parameters":[],"links":[],"hidden":false,"retry":false,"extra":{"severity":"normal","retries":[],"categories":[{"name":"Test defects","matchedStatuses":[],"flaky":false}],"tags":[]},"source":"6bd079aea2d507a8.json","parameterValues":[]}