{"uid":"8373c3a9e450b392","name":"Number of projects displayed in page test","fullName":"tests.workspaces_test.TestWorkspaces#test_number_of_existing_projects","historyId":"34e866e263d4a1ed453e065aefe8091d","time":{"start":1756777710114,"stop":1756777710114,"duration":0},"description":"Compare between the actual number of projects seen on page and the number shown in workspaces block","descriptionHtml":"<p>Compare between the actual number of projects seen on page and the number shown in workspaces block</p>\n","status":"broken","statusMessage":"selenium.common.exceptions.TimeoutException: Message: \nStacktrace:\n#0 0x55ac3eef653a <unknown>\n#1 0x55ac3e9f1f00 <unknown>\n#2 0x55ac3ea41c0c <unknown>\n#3 0x55ac3ea41e31 <unknown>\n#4 0x55ac3ea87bd4 <unknown>\n#5 0x55ac3ea665cd <unknown>\n#6 0x55ac3ea84f84 <unknown>\n#7 0x55ac3ea66343 <unknown>\n#8 0x55ac3ea3378a <unknown>\n#9 0x55ac3ea349de <unknown>\n#10 0x55ac3eec02cb <unknown>\n#11 0x55ac3eec4242 <unknown>\n#12 0x55ac3eead7ac <unknown>\n#13 0x55ac3eec4df7 <unknown>\n#14 0x55ac3ee91b2f <unknown>\n#15 0x55ac3eee51a8 <unknown>\n#16 0x55ac3eee5370 <unknown>\n#17 0x55ac3eef53b6 <unknown>\n#18 0x7f6b2c49caa4 <unknown>\n#19 0x7f6b2c529c3c <unknown>","statusTrace":"self = <tests.workspaces_test.TestWorkspaces object at 0x7f09ed97b100>\n\n    @pytest.fixture(autouse=True)\n    def setup_method_fixture(self):\n>       login(self.about_page, self.login_page)\n\ntests/workspaces_test.py:25: \n_ _ _ _ _ _ _ _ _ _ _ _ _ _ _ _ _ _ _ _ _ _ _ _ _ _ _ _ _ _ _ _ _ _ _ _ _ _ _ _ \ntests/workspaces_test.py:15: in login\n    about_page.click_login_link()\nsrc/pages/about_page.py:18: in click_login_link\n    self.click(self.LOGIN_LINK)\nsrc/pages/base_page.py:59: in click\n    el: WebElement = self.wait.until(expected_conditions.element_to_be_clickable(locator))\n                     ^^^^^^^^^^^^^^^^^^^^^^^^^^^^^^^^^^^^^^^^^^^^^^^^^^^^^^^^^^^^^^^^^^^^^\n_ _ _ _ _ _ _ _ _ _ _ _ _ _ _ _ _ _ _ _ _ _ _ _ _ _ _ _ _ _ _ _ _ _ _ _ _ _ _ _ \n\nself = <selenium.webdriver.support.wait.WebDriverWait (session=\"9874200aa1341f2043213db7106097bb\")>\nmethod = <function element_to_be_clickable.<locals>._predicate at 0x7f09eda827a0>\nmessage = ''\n\n    def until(self, method: Callable[[D], Union[Literal[False], T]], message: str = \"\") -> T:\n        \"\"\"Wait until the method returns a value that is not False.\n    \n        Calls the method provided with the driver as an argument until the\n        return value does not evaluate to ``False``.\n    \n        Parameters:\n        -----------\n        method: callable(WebDriver)\n            - A callable object that takes a WebDriver instance as an argument.\n    \n        message: str\n            - Optional message for :exc:`TimeoutException`\n    \n        Return:\n        -------\n        object: T\n            - The result of the last call to `method`\n    \n        Raises:\n        -------\n        TimeoutException\n            - If 'method' does not return a truthy value within the WebDriverWait\n            object's timeout\n    \n        Example:\n        --------\n        >>> from selenium.webdriver.common.by import By\n        >>> from selenium.webdriver.support.ui import WebDriverWait\n        >>> from selenium.webdriver.support import expected_conditions as EC\n    \n        # Wait until an element is visible on the page\n        >>> wait = WebDriverWait(driver, 10)\n        >>> element = wait.until(EC.visibility_of_element_located((By.ID, \"exampleId\")))\n        >>> print(element.text)\n        \"\"\"\n        screen = None\n        stacktrace = None\n    \n        end_time = time.monotonic() + self._timeout\n        while True:\n            try:\n                value = method(self._driver)\n                if value:\n                    return value\n            except self._ignored_exceptions as exc:\n                screen = getattr(exc, \"screen\", None)\n                stacktrace = getattr(exc, \"stacktrace\", None)\n            if time.monotonic() > end_time:\n                break\n            time.sleep(self._poll)\n>       raise TimeoutException(message, screen, stacktrace)\nE       selenium.common.exceptions.TimeoutException: Message: \nE       Stacktrace:\nE       #0 0x55ac3eef653a <unknown>\nE       #1 0x55ac3e9f1f00 <unknown>\nE       #2 0x55ac3ea41c0c <unknown>\nE       #3 0x55ac3ea41e31 <unknown>\nE       #4 0x55ac3ea87bd4 <unknown>\nE       #5 0x55ac3ea665cd <unknown>\nE       #6 0x55ac3ea84f84 <unknown>\nE       #7 0x55ac3ea66343 <unknown>\nE       #8 0x55ac3ea3378a <unknown>\nE       #9 0x55ac3ea349de <unknown>\nE       #10 0x55ac3eec02cb <unknown>\nE       #11 0x55ac3eec4242 <unknown>\nE       #12 0x55ac3eead7ac <unknown>\nE       #13 0x55ac3eec4df7 <unknown>\nE       #14 0x55ac3ee91b2f <unknown>\nE       #15 0x55ac3eee51a8 <unknown>\nE       #16 0x55ac3eee5370 <unknown>\nE       #17 0x55ac3eef53b6 <unknown>\nE       #18 0x7f6b2c49caa4 <unknown>\nE       #19 0x7f6b2c529c3c <unknown>\n\n.venv/lib/python3.13/site-packages/selenium/webdriver/support/wait.py:138: TimeoutException","flaky":false,"newFailed":false,"newBroken":false,"newPassed":false,"retriesCount":0,"retriesStatusChange":false,"beforeStages":[{"name":"session_request","time":{"start":1756777677796,"stop":1756777677796,"duration":0},"status":"passed","steps":[],"attachments":[],"parameters":[],"shouldDisplayMessage":false,"stepsCount":0,"attachmentsCount":0,"hasContent":false,"attachmentStep":false},{"name":"base_url","time":{"start":1756777677796,"stop":1756777677796,"duration":0},"status":"passed","steps":[],"attachments":[],"parameters":[],"shouldDisplayMessage":false,"stepsCount":0,"attachmentsCount":0,"hasContent":false,"attachmentStep":false},{"name":"_verify_url","time":{"start":1756777677796,"stop":1756777677796,"duration":0},"status":"passed","steps":[],"attachments":[],"parameters":[],"shouldDisplayMessage":false,"stepsCount":0,"attachmentsCount":0,"hasContent":false,"attachmentStep":false},{"name":"setup_method_fixture","time":{"start":1756777712586,"stop":1756777722959,"duration":10373},"status":"broken","statusMessage":"selenium.common.exceptions.TimeoutException: Message: \nStacktrace:\n#0 0x55ac3eef653a <unknown>\n#1 0x55ac3e9f1f00 <unknown>\n#2 0x55ac3ea41c0c <unknown>\n#3 0x55ac3ea41e31 <unknown>\n#4 0x55ac3ea87bd4 <unknown>\n#5 0x55ac3ea665cd <unknown>\n#6 0x55ac3ea84f84 <unknown>\n#7 0x55ac3ea66343 <unknown>\n#8 0x55ac3ea3378a <unknown>\n#9 0x55ac3ea349de <unknown>\n#10 0x55ac3eec02cb <unknown>\n#11 0x55ac3eec4242 <unknown>\n#12 0x55ac3eead7ac <unknown>\n#13 0x55ac3eec4df7 <unknown>\n#14 0x55ac3ee91b2f <unknown>\n#15 0x55ac3eee51a8 <unknown>\n#16 0x55ac3eee5370 <unknown>\n#17 0x55ac3eef53b6 <unknown>\n#18 0x7f6b2c49caa4 <unknown>\n#19 0x7f6b2c529c3c <unknown>\n\n","statusTrace":"  File \"/home/runner/work/Selenium-Python-Example/Selenium-Python-Example/.venv/lib/python3.13/site-packages/pluggy/_callers.py\", line 167, in _multicall\n    teardown.throw(outcome._exception)\n    ~~~~~~~~~~~~~~^^^^^^^^^^^^^^^^^^^^\n  File \"/home/runner/work/Selenium-Python-Example/Selenium-Python-Example/.venv/lib/python3.13/site-packages/_pytest/setuponly.py\", line 36, in pytest_fixture_setup\n    return (yield)\n            ^^^^^\n  File \"/home/runner/work/Selenium-Python-Example/Selenium-Python-Example/.venv/lib/python3.13/site-packages/pluggy/_callers.py\", line 103, in _multicall\n    res = hook_impl.function(*args)\n  File \"/home/runner/work/Selenium-Python-Example/Selenium-Python-Example/.venv/lib/python3.13/site-packages/_pytest/fixtures.py\", line 1195, in pytest_fixture_setup\n    result = call_fixture_func(fixturefunc, request, kwargs)\n  File \"/home/runner/work/Selenium-Python-Example/Selenium-Python-Example/.venv/lib/python3.13/site-packages/_pytest/fixtures.py\", line 929, in call_fixture_func\n    fixture_result = fixturefunc(**kwargs)\n  File \"/home/runner/work/Selenium-Python-Example/Selenium-Python-Example/tests/workspaces_test.py\", line 25, in setup_method_fixture\n    login(self.about_page, self.login_page)\n    ~~~~~^^^^^^^^^^^^^^^^^^^^^^^^^^^^^^^^^^\n  File \"/home/runner/work/Selenium-Python-Example/Selenium-Python-Example/tests/workspaces_test.py\", line 15, in login\n    about_page.click_login_link()\n    ~~~~~~~~~~~~~~~~~~~~~~~~~~~^^\n  File \"/home/runner/work/Selenium-Python-Example/Selenium-Python-Example/.venv/lib/python3.13/site-packages/allure_commons/_allure.py\", line 202, in impl\n    return func(*a, **kw)\n  File \"/home/runner/work/Selenium-Python-Example/Selenium-Python-Example/src/pages/about_page.py\", line 18, in click_login_link\n    self.click(self.LOGIN_LINK)\n    ~~~~~~~~~~^^^^^^^^^^^^^^^^^\n  File \"/home/runner/work/Selenium-Python-Example/Selenium-Python-Example/src/pages/base_page.py\", line 59, in click\n    el: WebElement = self.wait.until(expected_conditions.element_to_be_clickable(locator))\n                     ~~~~~~~~~~~~~~~^^^^^^^^^^^^^^^^^^^^^^^^^^^^^^^^^^^^^^^^^^^^^^^^^^^^^^\n  File \"/home/runner/work/Selenium-Python-Example/Selenium-Python-Example/.venv/lib/python3.13/site-packages/selenium/webdriver/support/wait.py\", line 138, in until\n    raise TimeoutException(message, screen, stacktrace)\n","steps":[{"name":"Click Login link","time":{"start":1756777712586,"stop":1756777722958,"duration":10372},"status":"broken","statusMessage":"selenium.common.exceptions.TimeoutException: Message: \nStacktrace:\n#0 0x55ac3eef653a <unknown>\n#1 0x55ac3e9f1f00 <unknown>\n#2 0x55ac3ea41c0c <unknown>\n#3 0x55ac3ea41e31 <unknown>\n#4 0x55ac3ea87bd4 <unknown>\n#5 0x55ac3ea665cd <unknown>\n#6 0x55ac3ea84f84 <unknown>\n#7 0x55ac3ea66343 <unknown>\n#8 0x55ac3ea3378a <unknown>\n#9 0x55ac3ea349de <unknown>\n#10 0x55ac3eec02cb <unknown>\n#11 0x55ac3eec4242 <unknown>\n#12 0x55ac3eead7ac <unknown>\n#13 0x55ac3eec4df7 <unknown>\n#14 0x55ac3ee91b2f <unknown>\n#15 0x55ac3eee51a8 <unknown>\n#16 0x55ac3eee5370 <unknown>\n#17 0x55ac3eef53b6 <unknown>\n#18 0x7f6b2c49caa4 <unknown>\n#19 0x7f6b2c529c3c <unknown>\n\n","statusTrace":"  File \"/home/runner/work/Selenium-Python-Example/Selenium-Python-Example/.venv/lib/python3.13/site-packages/allure_commons/_allure.py\", line 202, in impl\n    return func(*a, **kw)\n  File \"/home/runner/work/Selenium-Python-Example/Selenium-Python-Example/src/pages/about_page.py\", line 18, in click_login_link\n    self.click(self.LOGIN_LINK)\n    ~~~~~~~~~~^^^^^^^^^^^^^^^^^\n  File \"/home/runner/work/Selenium-Python-Example/Selenium-Python-Example/src/pages/base_page.py\", line 59, in click\n    el: WebElement = self.wait.until(expected_conditions.element_to_be_clickable(locator))\n                     ~~~~~~~~~~~~~~~^^^^^^^^^^^^^^^^^^^^^^^^^^^^^^^^^^^^^^^^^^^^^^^^^^^^^^\n  File \"/home/runner/work/Selenium-Python-Example/Selenium-Python-Example/.venv/lib/python3.13/site-packages/selenium/webdriver/support/wait.py\", line 138, in until\n    raise TimeoutException(message, screen, stacktrace)\n","steps":[],"attachments":[],"parameters":[],"shouldDisplayMessage":true,"stepsCount":0,"attachmentsCount":0,"hasContent":true,"attachmentStep":false}],"attachments":[],"parameters":[],"shouldDisplayMessage":false,"stepsCount":1,"attachmentsCount":0,"hasContent":true,"attachmentStep":false}],"testStage":{"description":"Compare between the actual number of projects seen on page and the number shown in workspaces block","status":"broken","statusMessage":"selenium.common.exceptions.TimeoutException: Message: \nStacktrace:\n#0 0x55ac3eef653a <unknown>\n#1 0x55ac3e9f1f00 <unknown>\n#2 0x55ac3ea41c0c <unknown>\n#3 0x55ac3ea41e31 <unknown>\n#4 0x55ac3ea87bd4 <unknown>\n#5 0x55ac3ea665cd <unknown>\n#6 0x55ac3ea84f84 <unknown>\n#7 0x55ac3ea66343 <unknown>\n#8 0x55ac3ea3378a <unknown>\n#9 0x55ac3ea349de <unknown>\n#10 0x55ac3eec02cb <unknown>\n#11 0x55ac3eec4242 <unknown>\n#12 0x55ac3eead7ac <unknown>\n#13 0x55ac3eec4df7 <unknown>\n#14 0x55ac3ee91b2f <unknown>\n#15 0x55ac3eee51a8 <unknown>\n#16 0x55ac3eee5370 <unknown>\n#17 0x55ac3eef53b6 <unknown>\n#18 0x7f6b2c49caa4 <unknown>\n#19 0x7f6b2c529c3c <unknown>","statusTrace":"self = <tests.workspaces_test.TestWorkspaces object at 0x7f09ed97b100>\n\n    @pytest.fixture(autouse=True)\n    def setup_method_fixture(self):\n>       login(self.about_page, self.login_page)\n\ntests/workspaces_test.py:25: \n_ _ _ _ _ _ _ _ _ _ _ _ _ _ _ _ _ _ _ _ _ _ _ _ _ _ _ _ _ _ _ _ _ _ _ _ _ _ _ _ \ntests/workspaces_test.py:15: in login\n    about_page.click_login_link()\nsrc/pages/about_page.py:18: in click_login_link\n    self.click(self.LOGIN_LINK)\nsrc/pages/base_page.py:59: in click\n    el: WebElement = self.wait.until(expected_conditions.element_to_be_clickable(locator))\n                     ^^^^^^^^^^^^^^^^^^^^^^^^^^^^^^^^^^^^^^^^^^^^^^^^^^^^^^^^^^^^^^^^^^^^^\n_ _ _ _ _ _ _ _ _ _ _ _ _ _ _ _ _ _ _ _ _ _ _ _ _ _ _ _ _ _ _ _ _ _ _ _ _ _ _ _ \n\nself = <selenium.webdriver.support.wait.WebDriverWait (session=\"9874200aa1341f2043213db7106097bb\")>\nmethod = <function element_to_be_clickable.<locals>._predicate at 0x7f09eda827a0>\nmessage = ''\n\n    def until(self, method: Callable[[D], Union[Literal[False], T]], message: str = \"\") -> T:\n        \"\"\"Wait until the method returns a value that is not False.\n    \n        Calls the method provided with the driver as an argument until the\n        return value does not evaluate to ``False``.\n    \n        Parameters:\n        -----------\n        method: callable(WebDriver)\n            - A callable object that takes a WebDriver instance as an argument.\n    \n        message: str\n            - Optional message for :exc:`TimeoutException`\n    \n        Return:\n        -------\n        object: T\n            - The result of the last call to `method`\n    \n        Raises:\n        -------\n        TimeoutException\n            - If 'method' does not return a truthy value within the WebDriverWait\n            object's timeout\n    \n        Example:\n        --------\n        >>> from selenium.webdriver.common.by import By\n        >>> from selenium.webdriver.support.ui import WebDriverWait\n        >>> from selenium.webdriver.support import expected_conditions as EC\n    \n        # Wait until an element is visible on the page\n        >>> wait = WebDriverWait(driver, 10)\n        >>> element = wait.until(EC.visibility_of_element_located((By.ID, \"exampleId\")))\n        >>> print(element.text)\n        \"\"\"\n        screen = None\n        stacktrace = None\n    \n        end_time = time.monotonic() + self._timeout\n        while True:\n            try:\n                value = method(self._driver)\n                if value:\n                    return value\n            except self._ignored_exceptions as exc:\n                screen = getattr(exc, \"screen\", None)\n                stacktrace = getattr(exc, \"stacktrace\", None)\n            if time.monotonic() > end_time:\n                break\n            time.sleep(self._poll)\n>       raise TimeoutException(message, screen, stacktrace)\nE       selenium.common.exceptions.TimeoutException: Message: \nE       Stacktrace:\nE       #0 0x55ac3eef653a <unknown>\nE       #1 0x55ac3e9f1f00 <unknown>\nE       #2 0x55ac3ea41c0c <unknown>\nE       #3 0x55ac3ea41e31 <unknown>\nE       #4 0x55ac3ea87bd4 <unknown>\nE       #5 0x55ac3ea665cd <unknown>\nE       #6 0x55ac3ea84f84 <unknown>\nE       #7 0x55ac3ea66343 <unknown>\nE       #8 0x55ac3ea3378a <unknown>\nE       #9 0x55ac3ea349de <unknown>\nE       #10 0x55ac3eec02cb <unknown>\nE       #11 0x55ac3eec4242 <unknown>\nE       #12 0x55ac3eead7ac <unknown>\nE       #13 0x55ac3eec4df7 <unknown>\nE       #14 0x55ac3ee91b2f <unknown>\nE       #15 0x55ac3eee51a8 <unknown>\nE       #16 0x55ac3eee5370 <unknown>\nE       #17 0x55ac3eef53b6 <unknown>\nE       #18 0x7f6b2c49caa4 <unknown>\nE       #19 0x7f6b2c529c3c <unknown>\n\n.venv/lib/python3.13/site-packages/selenium/webdriver/support/wait.py:138: TimeoutException","steps":[{"name":"public ip address","time":{"start":1756777722972,"stop":1756777723118,"duration":146},"status":"passed","steps":[],"attachments":[{"uid":"7bbd8b6f83a7448b","name":"HTTP logs of http://checkip.amazonaws.com/","source":"7bbd8b6f83a7448b.txt","type":"text/plain","size":357}],"parameters":[],"shouldDisplayMessage":false,"stepsCount":0,"attachmentsCount":1,"hasContent":true,"attachmentStep":false}],"attachments":[{"uid":"9b48d18b553b998e","name":"Cookies","source":"9b48d18b553b998e.json","type":"application/json","size":4115},{"uid":"9167f0a917745dbe","name":"Session Storage","source":"9167f0a917745dbe.json","type":"application/json","size":359},{"uid":"4ef78d5615f55d55","name":"Local Storage","source":"4ef78d5615f55d55.json","type":"application/json","size":548},{"uid":"e7e273432f02b51","name":"Full Page Screenshot","source":"e7e273432f02b51.png","type":"image/png","size":2029554},{"uid":"56c2f6883c021b75","name":"URL","source":"56c2f6883c021b75.uri","type":"text/uri-list","size":23},{"uid":"220c07007fafbac7","name":"Network Logs","source":"220c07007fafbac7.json","type":"application/json","size":7928881}],"parameters":[],"shouldDisplayMessage":true,"stepsCount":1,"attachmentsCount":7,"hasContent":true,"attachmentStep":false},"afterStages":[{"name":"session_request::0","time":{"start":1756777749275,"stop":1756777749275,"duration":0},"status":"passed","steps":[],"attachments":[],"parameters":[],"shouldDisplayMessage":false,"stepsCount":0,"attachmentsCount":0,"hasContent":false,"attachmentStep":false}],"labels":[{"name":"epic","value":"Workspaces"},{"name":"severity","value":"normal"},{"name":"story","value":"WorkSpaces Creation and Editing Functionality"},{"name":"parentSuite","value":"tests"},{"name":"suite","value":"workspaces_test"},{"name":"subSuite","value":"TestWorkspaces"},{"name":"host","value":"pkrvmccyg1gnepe"},{"name":"thread","value":"2193-MainThread"},{"name":"framework","value":"pytest"},{"name":"language","value":"cpython3"},{"name":"package","value":"tests.workspaces_test"},{"name":"resultFormat","value":"allure2"}],"parameters":[],"links":[],"hidden":false,"retry":false,"extra":{"severity":"normal","retries":[],"categories":[{"name":"Test defects","matchedStatuses":[],"flaky":false}],"tags":[]},"source":"8373c3a9e450b392.json","parameterValues":[]}