{"uid":"64375a7571508c7c","name":"Exception test","fullName":"tests.forgot_password_test.TestForgotPassword#test_expected_exception_on_page_title","historyId":"288cd0030c92ba34b4ff4b58ed8ec476","time":{"start":1762048571588,"stop":1762048581614,"duration":10026},"description":"Exception catching","descriptionHtml":"<p>Exception catching</p>\n","status":"broken","statusMessage":"selenium.common.exceptions.TimeoutException: Message: \nStacktrace:\n#0 0x55ac3233753a <unknown>\n#1 0x55ac31e32f00 <unknown>\n#2 0x55ac31e82c0c <unknown>\n#3 0x55ac31e82e31 <unknown>\n#4 0x55ac31ec8bd4 <unknown>\n#5 0x55ac31ea75cd <unknown>\n#6 0x55ac31ec5f84 <unknown>\n#7 0x55ac31ea7343 <unknown>\n#8 0x55ac31e7478a <unknown>\n#9 0x55ac31e759de <unknown>\n#10 0x55ac323012cb <unknown>\n#11 0x55ac32305242 <unknown>\n#12 0x55ac322ee7ac <unknown>\n#13 0x55ac32305df7 <unknown>\n#14 0x55ac322d2b2f <unknown>\n#15 0x55ac323261a8 <unknown>\n#16 0x55ac32326370 <unknown>\n#17 0x55ac323363b6 <unknown>\n#18 0x7ff319e9caa4 <unknown>\n#19 0x7ff319f29c6c <unknown>","statusTrace":"self = <tests.forgot_password_test.TestForgotPassword object at 0x7fc86b18cfc0>\n\n    @allure.description(\"Exception catching\")\n    @allure.title(\"Exception test\")\n    @allure.link(\"github.com/allure-examples/\", name=\"Allure Examples\")\n    @allure.issue(\"github.com/allure-examples/allure-examples/issues/1\", name=\"ISSUE-1\")\n    @allure.testcase(\"github.com/allure-examples/allure-examples/issues/2\", name=\"TESTCASE-2\")\n    def test_expected_exception_on_page_title(self) -> None:\n>       self.about_page.click_login_link()\n\ntests/forgot_password_test.py:51: \n_ _ _ _ _ _ _ _ _ _ _ _ _ _ _ _ _ _ _ _ _ _ _ _ _ _ _ _ _ _ _ _ _ _ _ _ _ _ _ _ \nsrc/pages/about_page.py:18: in click_login_link\n    self.click(self.LOGIN_LINK)\nsrc/pages/base_page.py:59: in click\n    el: WebElement = self.wait.until(expected_conditions.element_to_be_clickable(locator))\n                     ^^^^^^^^^^^^^^^^^^^^^^^^^^^^^^^^^^^^^^^^^^^^^^^^^^^^^^^^^^^^^^^^^^^^^\n_ _ _ _ _ _ _ _ _ _ _ _ _ _ _ _ _ _ _ _ _ _ _ _ _ _ _ _ _ _ _ _ _ _ _ _ _ _ _ _ \n\nself = <selenium.webdriver.support.wait.WebDriverWait (session=\"bfba68292cb7c668651175b521c1d614\")>\nmethod = <function element_to_be_clickable.<locals>._predicate at 0x7fc86b205bc0>\nmessage = ''\n\n    def until(self, method: Callable[[D], Union[Literal[False], T]], message: str = \"\") -> T:\n        \"\"\"Wait until the method returns a value that is not False.\n    \n        Calls the method provided with the driver as an argument until the\n        return value does not evaluate to ``False``.\n    \n        Parameters:\n        -----------\n        method: callable(WebDriver)\n            - A callable object that takes a WebDriver instance as an argument.\n    \n        message: str\n            - Optional message for :exc:`TimeoutException`\n    \n        Return:\n        -------\n        object: T\n            - The result of the last call to `method`\n    \n        Raises:\n        -------\n        TimeoutException\n            - If 'method' does not return a truthy value within the WebDriverWait\n            object's timeout\n    \n        Example:\n        --------\n        >>> from selenium.webdriver.common.by import By\n        >>> from selenium.webdriver.support.ui import WebDriverWait\n        >>> from selenium.webdriver.support import expected_conditions as EC\n    \n        # Wait until an element is visible on the page\n        >>> wait = WebDriverWait(driver, 10)\n        >>> element = wait.until(EC.visibility_of_element_located((By.ID, \"exampleId\")))\n        >>> print(element.text)\n        \"\"\"\n        screen = None\n        stacktrace = None\n    \n        end_time = time.monotonic() + self._timeout\n        while True:\n            try:\n                value = method(self._driver)\n                if value:\n                    return value\n            except self._ignored_exceptions as exc:\n                screen = getattr(exc, \"screen\", None)\n                stacktrace = getattr(exc, \"stacktrace\", None)\n            if time.monotonic() > end_time:\n                break\n            time.sleep(self._poll)\n>       raise TimeoutException(message, screen, stacktrace)\nE       selenium.common.exceptions.TimeoutException: Message: \nE       Stacktrace:\nE       #0 0x55ac3233753a <unknown>\nE       #1 0x55ac31e32f00 <unknown>\nE       #2 0x55ac31e82c0c <unknown>\nE       #3 0x55ac31e82e31 <unknown>\nE       #4 0x55ac31ec8bd4 <unknown>\nE       #5 0x55ac31ea75cd <unknown>\nE       #6 0x55ac31ec5f84 <unknown>\nE       #7 0x55ac31ea7343 <unknown>\nE       #8 0x55ac31e7478a <unknown>\nE       #9 0x55ac31e759de <unknown>\nE       #10 0x55ac323012cb <unknown>\nE       #11 0x55ac32305242 <unknown>\nE       #12 0x55ac322ee7ac <unknown>\nE       #13 0x55ac32305df7 <unknown>\nE       #14 0x55ac322d2b2f <unknown>\nE       #15 0x55ac323261a8 <unknown>\nE       #16 0x55ac32326370 <unknown>\nE       #17 0x55ac323363b6 <unknown>\nE       #18 0x7ff319e9caa4 <unknown>\nE       #19 0x7ff319f29c6c <unknown>\n\n.venv/lib/python3.14/site-packages/selenium/webdriver/support/wait.py:138: TimeoutException","flaky":false,"newFailed":false,"newBroken":false,"newPassed":false,"retriesCount":0,"retriesStatusChange":false,"beforeStages":[{"name":"_verify_url","time":{"start":1762048567172,"stop":1762048567172,"duration":0},"status":"passed","steps":[],"attachments":[],"parameters":[],"shouldDisplayMessage":false,"stepsCount":0,"attachmentsCount":0,"hasContent":false,"attachmentStep":false},{"name":"session_request","time":{"start":1762048567172,"stop":1762048567173,"duration":1},"status":"passed","steps":[],"attachments":[],"parameters":[],"shouldDisplayMessage":false,"stepsCount":0,"attachmentsCount":0,"hasContent":false,"attachmentStep":false},{"name":"base_url","time":{"start":1762048567172,"stop":1762048567172,"duration":0},"status":"passed","steps":[],"attachments":[],"parameters":[],"shouldDisplayMessage":false,"stepsCount":0,"attachmentsCount":0,"hasContent":false,"attachmentStep":false}],"testStage":{"description":"Exception catching","status":"broken","statusMessage":"selenium.common.exceptions.TimeoutException: Message: \nStacktrace:\n#0 0x55ac3233753a <unknown>\n#1 0x55ac31e32f00 <unknown>\n#2 0x55ac31e82c0c <unknown>\n#3 0x55ac31e82e31 <unknown>\n#4 0x55ac31ec8bd4 <unknown>\n#5 0x55ac31ea75cd <unknown>\n#6 0x55ac31ec5f84 <unknown>\n#7 0x55ac31ea7343 <unknown>\n#8 0x55ac31e7478a <unknown>\n#9 0x55ac31e759de <unknown>\n#10 0x55ac323012cb <unknown>\n#11 0x55ac32305242 <unknown>\n#12 0x55ac322ee7ac <unknown>\n#13 0x55ac32305df7 <unknown>\n#14 0x55ac322d2b2f <unknown>\n#15 0x55ac323261a8 <unknown>\n#16 0x55ac32326370 <unknown>\n#17 0x55ac323363b6 <unknown>\n#18 0x7ff319e9caa4 <unknown>\n#19 0x7ff319f29c6c <unknown>","statusTrace":"self = <tests.forgot_password_test.TestForgotPassword object at 0x7fc86b18cfc0>\n\n    @allure.description(\"Exception catching\")\n    @allure.title(\"Exception test\")\n    @allure.link(\"github.com/allure-examples/\", name=\"Allure Examples\")\n    @allure.issue(\"github.com/allure-examples/allure-examples/issues/1\", name=\"ISSUE-1\")\n    @allure.testcase(\"github.com/allure-examples/allure-examples/issues/2\", name=\"TESTCASE-2\")\n    def test_expected_exception_on_page_title(self) -> None:\n>       self.about_page.click_login_link()\n\ntests/forgot_password_test.py:51: \n_ _ _ _ _ _ _ _ _ _ _ _ _ _ _ _ _ _ _ _ _ _ _ _ _ _ _ _ _ _ _ _ _ _ _ _ _ _ _ _ \nsrc/pages/about_page.py:18: in click_login_link\n    self.click(self.LOGIN_LINK)\nsrc/pages/base_page.py:59: in click\n    el: WebElement = self.wait.until(expected_conditions.element_to_be_clickable(locator))\n                     ^^^^^^^^^^^^^^^^^^^^^^^^^^^^^^^^^^^^^^^^^^^^^^^^^^^^^^^^^^^^^^^^^^^^^\n_ _ _ _ _ _ _ _ _ _ _ _ _ _ _ _ _ _ _ _ _ _ _ _ _ _ _ _ _ _ _ _ _ _ _ _ _ _ _ _ \n\nself = <selenium.webdriver.support.wait.WebDriverWait (session=\"bfba68292cb7c668651175b521c1d614\")>\nmethod = <function element_to_be_clickable.<locals>._predicate at 0x7fc86b205bc0>\nmessage = ''\n\n    def until(self, method: Callable[[D], Union[Literal[False], T]], message: str = \"\") -> T:\n        \"\"\"Wait until the method returns a value that is not False.\n    \n        Calls the method provided with the driver as an argument until the\n        return value does not evaluate to ``False``.\n    \n        Parameters:\n        -----------\n        method: callable(WebDriver)\n            - A callable object that takes a WebDriver instance as an argument.\n    \n        message: str\n            - Optional message for :exc:`TimeoutException`\n    \n        Return:\n        -------\n        object: T\n            - The result of the last call to `method`\n    \n        Raises:\n        -------\n        TimeoutException\n            - If 'method' does not return a truthy value within the WebDriverWait\n            object's timeout\n    \n        Example:\n        --------\n        >>> from selenium.webdriver.common.by import By\n        >>> from selenium.webdriver.support.ui import WebDriverWait\n        >>> from selenium.webdriver.support import expected_conditions as EC\n    \n        # Wait until an element is visible on the page\n        >>> wait = WebDriverWait(driver, 10)\n        >>> element = wait.until(EC.visibility_of_element_located((By.ID, \"exampleId\")))\n        >>> print(element.text)\n        \"\"\"\n        screen = None\n        stacktrace = None\n    \n        end_time = time.monotonic() + self._timeout\n        while True:\n            try:\n                value = method(self._driver)\n                if value:\n                    return value\n            except self._ignored_exceptions as exc:\n                screen = getattr(exc, \"screen\", None)\n                stacktrace = getattr(exc, \"stacktrace\", None)\n            if time.monotonic() > end_time:\n                break\n            time.sleep(self._poll)\n>       raise TimeoutException(message, screen, stacktrace)\nE       selenium.common.exceptions.TimeoutException: Message: \nE       Stacktrace:\nE       #0 0x55ac3233753a <unknown>\nE       #1 0x55ac31e32f00 <unknown>\nE       #2 0x55ac31e82c0c <unknown>\nE       #3 0x55ac31e82e31 <unknown>\nE       #4 0x55ac31ec8bd4 <unknown>\nE       #5 0x55ac31ea75cd <unknown>\nE       #6 0x55ac31ec5f84 <unknown>\nE       #7 0x55ac31ea7343 <unknown>\nE       #8 0x55ac31e7478a <unknown>\nE       #9 0x55ac31e759de <unknown>\nE       #10 0x55ac323012cb <unknown>\nE       #11 0x55ac32305242 <unknown>\nE       #12 0x55ac322ee7ac <unknown>\nE       #13 0x55ac32305df7 <unknown>\nE       #14 0x55ac322d2b2f <unknown>\nE       #15 0x55ac323261a8 <unknown>\nE       #16 0x55ac32326370 <unknown>\nE       #17 0x55ac323363b6 <unknown>\nE       #18 0x7ff319e9caa4 <unknown>\nE       #19 0x7ff319f29c6c <unknown>\n\n.venv/lib/python3.14/site-packages/selenium/webdriver/support/wait.py:138: TimeoutException","steps":[{"name":"Click Login link","time":{"start":1762048571588,"stop":1762048581612,"duration":10024},"status":"broken","statusMessage":"selenium.common.exceptions.TimeoutException: Message: \nStacktrace:\n#0 0x55ac3233753a <unknown>\n#1 0x55ac31e32f00 <unknown>\n#2 0x55ac31e82c0c <unknown>\n#3 0x55ac31e82e31 <unknown>\n#4 0x55ac31ec8bd4 <unknown>\n#5 0x55ac31ea75cd <unknown>\n#6 0x55ac31ec5f84 <unknown>\n#7 0x55ac31ea7343 <unknown>\n#8 0x55ac31e7478a <unknown>\n#9 0x55ac31e759de <unknown>\n#10 0x55ac323012cb <unknown>\n#11 0x55ac32305242 <unknown>\n#12 0x55ac322ee7ac <unknown>\n#13 0x55ac32305df7 <unknown>\n#14 0x55ac322d2b2f <unknown>\n#15 0x55ac323261a8 <unknown>\n#16 0x55ac32326370 <unknown>\n#17 0x55ac323363b6 <unknown>\n#18 0x7ff319e9caa4 <unknown>\n#19 0x7ff319f29c6c <unknown>\n\n","statusTrace":"  File \"/home/runner/work/Selenium-Python-Example/Selenium-Python-Example/.venv/lib/python3.14/site-packages/allure_commons/_allure.py\", line 202, in impl\n    return func(*a, **kw)\n  File \"/home/runner/work/Selenium-Python-Example/Selenium-Python-Example/src/pages/about_page.py\", line 18, in click_login_link\n    self.click(self.LOGIN_LINK)\n    ~~~~~~~~~~^^^^^^^^^^^^^^^^^\n  File \"/home/runner/work/Selenium-Python-Example/Selenium-Python-Example/src/pages/base_page.py\", line 59, in click\n    el: WebElement = self.wait.until(expected_conditions.element_to_be_clickable(locator))\n                     ~~~~~~~~~~~~~~~^^^^^^^^^^^^^^^^^^^^^^^^^^^^^^^^^^^^^^^^^^^^^^^^^^^^^^\n  File \"/home/runner/work/Selenium-Python-Example/Selenium-Python-Example/.venv/lib/python3.14/site-packages/selenium/webdriver/support/wait.py\", line 138, in until\n    raise TimeoutException(message, screen, stacktrace)\n","steps":[],"attachments":[],"parameters":[],"shouldDisplayMessage":true,"stepsCount":0,"attachmentsCount":0,"hasContent":true,"attachmentStep":false},{"name":"public ip address","time":{"start":1762048581623,"stop":1762048581777,"duration":154},"status":"passed","steps":[],"attachments":[{"uid":"504d5c6db3dabcf","name":"HTTP logs of http://checkip.amazonaws.com/","source":"504d5c6db3dabcf.txt","type":"text/plain","size":357}],"parameters":[],"shouldDisplayMessage":false,"stepsCount":0,"attachmentsCount":1,"hasContent":true,"attachmentStep":false}],"attachments":[{"uid":"813953efa7ea3369","name":"Cookies","source":"813953efa7ea3369.json","type":"application/json","size":4644},{"uid":"fea5f34a59775e49","name":"Session Storage","source":"fea5f34a59775e49.json","type":"application/json","size":383},{"uid":"ace6714e903391fe","name":"Local Storage","source":"ace6714e903391fe.json","type":"application/json","size":563},{"uid":"f88496230fd6de22","name":"Full Page Screenshot","source":"f88496230fd6de22.png","type":"image/png","size":2122823},{"uid":"668df9a4dc55e659","name":"URL","source":"668df9a4dc55e659.uri","type":"text/uri-list","size":23},{"uid":"af02582e7b928b0f","name":"Network Logs","source":"af02582e7b928b0f.json","type":"application/json","size":8898190}],"parameters":[],"shouldDisplayMessage":true,"stepsCount":2,"attachmentsCount":7,"hasContent":true,"attachmentStep":false},"afterStages":[{"name":"session_request::0","time":{"start":1762048600741,"stop":1762048600741,"duration":0},"status":"passed","steps":[],"attachments":[],"parameters":[],"shouldDisplayMessage":false,"stepsCount":0,"attachmentsCount":0,"hasContent":false,"attachmentStep":false}],"labels":[{"name":"suite","value":"Custom suite"},{"name":"story","value":"Forgot Password Feature's Functionality"},{"name":"parentSuite","value":"Custom parent suite"},{"name":"epic","value":"Security"},{"name":"subSuite","value":"Custom sub suite"},{"name":"severity","value":"critical"},{"name":"tag","value":"security"},{"name":"host","value":"runnervmf2e7y"},{"name":"thread","value":"2179-MainThread"},{"name":"framework","value":"pytest"},{"name":"language","value":"cpython3"},{"name":"package","value":"tests.forgot_password_test"},{"name":"resultFormat","value":"allure2"}],"parameters":[],"links":[{"name":"TESTCASE-2","url":"https://github.com/allure-examples/allure-examples/issues/2","type":"tms"},{"name":"ISSUE-1","url":"https://github.com/allure-examples/allure-examples/issues/1","type":"issue"},{"name":"Allure Examples","url":"https://github.com/allure-examples/","type":"link"}],"hidden":false,"retry":false,"extra":{"severity":"critical","retries":[],"categories":[{"name":"Test defects","matchedStatuses":[],"flaky":false}],"tags":["security"]},"source":"64375a7571508c7c.json","parameterValues":[]}