{"uid":"e7a90cff9ba18fde","name":"Number of projects displayed in page test","fullName":"tests.workspaces_test.TestWorkspaces#test_number_of_existing_projects","historyId":"34e866e263d4a1ed453e065aefe8091d","time":{"start":1762048585041,"stop":1762048585041,"duration":0},"description":"Compare between the actual number of projects seen on page and the number shown in workspaces block","descriptionHtml":"<p>Compare between the actual number of projects seen on page and the number shown in workspaces block</p>\n","status":"broken","statusMessage":"selenium.common.exceptions.TimeoutException: Message: \nStacktrace:\n#0 0x55df6159b53a <unknown>\n#1 0x55df61096f00 <unknown>\n#2 0x55df610e6c0c <unknown>\n#3 0x55df610e6e31 <unknown>\n#4 0x55df6112cbd4 <unknown>\n#5 0x55df6110b5cd <unknown>\n#6 0x55df61129f84 <unknown>\n#7 0x55df6110b343 <unknown>\n#8 0x55df610d878a <unknown>\n#9 0x55df610d99de <unknown>\n#10 0x55df615652cb <unknown>\n#11 0x55df61569242 <unknown>\n#12 0x55df615527ac <unknown>\n#13 0x55df61569df7 <unknown>\n#14 0x55df61536b2f <unknown>\n#15 0x55df6158a1a8 <unknown>\n#16 0x55df6158a370 <unknown>\n#17 0x55df6159a3b6 <unknown>\n#18 0x7f94d789caa4 <unknown>\n#19 0x7f94d7929c6c <unknown>","statusTrace":"self = <tests.workspaces_test.TestWorkspaces object at 0x7fa61c389480>\n\n    @pytest.fixture(autouse=True)\n    def setup_method_fixture(self):\n>       login(self.about_page, self.login_page)\n\ntests/workspaces_test.py:25: \n_ _ _ _ _ _ _ _ _ _ _ _ _ _ _ _ _ _ _ _ _ _ _ _ _ _ _ _ _ _ _ _ _ _ _ _ _ _ _ _ \ntests/workspaces_test.py:15: in login\n    about_page.click_login_link()\nsrc/pages/about_page.py:18: in click_login_link\n    self.click(self.LOGIN_LINK)\nsrc/pages/base_page.py:59: in click\n    el: WebElement = self.wait.until(expected_conditions.element_to_be_clickable(locator))\n                     ^^^^^^^^^^^^^^^^^^^^^^^^^^^^^^^^^^^^^^^^^^^^^^^^^^^^^^^^^^^^^^^^^^^^^\n_ _ _ _ _ _ _ _ _ _ _ _ _ _ _ _ _ _ _ _ _ _ _ _ _ _ _ _ _ _ _ _ _ _ _ _ _ _ _ _ \n\nself = <selenium.webdriver.support.wait.WebDriverWait (session=\"8eac33091967439ce5557d33616bb9f4\")>\nmethod = <function element_to_be_clickable.<locals>._predicate at 0x7fa61b283740>\nmessage = ''\n\n    def until(self, method: Callable[[D], Union[Literal[False], T]], message: str = \"\") -> T:\n        \"\"\"Wait until the method returns a value that is not False.\n    \n        Calls the method provided with the driver as an argument until the\n        return value does not evaluate to ``False``.\n    \n        Parameters:\n        -----------\n        method: callable(WebDriver)\n            - A callable object that takes a WebDriver instance as an argument.\n    \n        message: str\n            - Optional message for :exc:`TimeoutException`\n    \n        Return:\n        -------\n        object: T\n            - The result of the last call to `method`\n    \n        Raises:\n        -------\n        TimeoutException\n            - If 'method' does not return a truthy value within the WebDriverWait\n            object's timeout\n    \n        Example:\n        --------\n        >>> from selenium.webdriver.common.by import By\n        >>> from selenium.webdriver.support.ui import WebDriverWait\n        >>> from selenium.webdriver.support import expected_conditions as EC\n    \n        # Wait until an element is visible on the page\n        >>> wait = WebDriverWait(driver, 10)\n        >>> element = wait.until(EC.visibility_of_element_located((By.ID, \"exampleId\")))\n        >>> print(element.text)\n        \"\"\"\n        screen = None\n        stacktrace = None\n    \n        end_time = time.monotonic() + self._timeout\n        while True:\n            try:\n                value = method(self._driver)\n                if value:\n                    return value\n            except self._ignored_exceptions as exc:\n                screen = getattr(exc, \"screen\", None)\n                stacktrace = getattr(exc, \"stacktrace\", None)\n            if time.monotonic() > end_time:\n                break\n            time.sleep(self._poll)\n>       raise TimeoutException(message, screen, stacktrace)\nE       selenium.common.exceptions.TimeoutException: Message: \nE       Stacktrace:\nE       #0 0x55df6159b53a <unknown>\nE       #1 0x55df61096f00 <unknown>\nE       #2 0x55df610e6c0c <unknown>\nE       #3 0x55df610e6e31 <unknown>\nE       #4 0x55df6112cbd4 <unknown>\nE       #5 0x55df6110b5cd <unknown>\nE       #6 0x55df61129f84 <unknown>\nE       #7 0x55df6110b343 <unknown>\nE       #8 0x55df610d878a <unknown>\nE       #9 0x55df610d99de <unknown>\nE       #10 0x55df615652cb <unknown>\nE       #11 0x55df61569242 <unknown>\nE       #12 0x55df615527ac <unknown>\nE       #13 0x55df61569df7 <unknown>\nE       #14 0x55df61536b2f <unknown>\nE       #15 0x55df6158a1a8 <unknown>\nE       #16 0x55df6158a370 <unknown>\nE       #17 0x55df6159a3b6 <unknown>\nE       #18 0x7f94d789caa4 <unknown>\nE       #19 0x7f94d7929c6c <unknown>\n\n.venv/lib/python3.14/site-packages/selenium/webdriver/support/wait.py:138: TimeoutException","flaky":false,"newFailed":false,"newBroken":false,"newPassed":false,"retriesCount":0,"retriesStatusChange":false,"beforeStages":[{"name":"base_url","time":{"start":1762048550018,"stop":1762048550018,"duration":0},"status":"passed","steps":[],"attachments":[],"parameters":[],"shouldDisplayMessage":false,"stepsCount":0,"attachmentsCount":0,"hasContent":false,"attachmentStep":false},{"name":"session_request","time":{"start":1762048550019,"stop":1762048550019,"duration":0},"status":"passed","steps":[],"attachments":[],"parameters":[],"shouldDisplayMessage":false,"stepsCount":0,"attachmentsCount":0,"hasContent":false,"attachmentStep":false},{"name":"_verify_url","time":{"start":1762048550019,"stop":1762048550019,"duration":0},"status":"passed","steps":[],"attachments":[],"parameters":[],"shouldDisplayMessage":false,"stepsCount":0,"attachmentsCount":0,"hasContent":false,"attachmentStep":false},{"name":"setup_method_fixture","time":{"start":1762048588484,"stop":1762048598826,"duration":10342},"status":"broken","statusMessage":"selenium.common.exceptions.TimeoutException: Message: \nStacktrace:\n#0 0x55df6159b53a <unknown>\n#1 0x55df61096f00 <unknown>\n#2 0x55df610e6c0c <unknown>\n#3 0x55df610e6e31 <unknown>\n#4 0x55df6112cbd4 <unknown>\n#5 0x55df6110b5cd <unknown>\n#6 0x55df61129f84 <unknown>\n#7 0x55df6110b343 <unknown>\n#8 0x55df610d878a <unknown>\n#9 0x55df610d99de <unknown>\n#10 0x55df615652cb <unknown>\n#11 0x55df61569242 <unknown>\n#12 0x55df615527ac <unknown>\n#13 0x55df61569df7 <unknown>\n#14 0x55df61536b2f <unknown>\n#15 0x55df6158a1a8 <unknown>\n#16 0x55df6158a370 <unknown>\n#17 0x55df6159a3b6 <unknown>\n#18 0x7f94d789caa4 <unknown>\n#19 0x7f94d7929c6c <unknown>\n\n","statusTrace":"  File \"/home/runner/work/Selenium-Python-Example/Selenium-Python-Example/.venv/lib/python3.14/site-packages/pluggy/_callers.py\", line 167, in _multicall\n    teardown.throw(outcome._exception)\n    ~~~~~~~~~~~~~~^^^^^^^^^^^^^^^^^^^^\n  File \"/home/runner/work/Selenium-Python-Example/Selenium-Python-Example/.venv/lib/python3.14/site-packages/_pytest/setuponly.py\", line 36, in pytest_fixture_setup\n    return (yield)\n            ^^^^^\n  File \"/home/runner/work/Selenium-Python-Example/Selenium-Python-Example/.venv/lib/python3.14/site-packages/pluggy/_callers.py\", line 103, in _multicall\n    res = hook_impl.function(*args)\n  File \"/home/runner/work/Selenium-Python-Example/Selenium-Python-Example/.venv/lib/python3.14/site-packages/_pytest/fixtures.py\", line 1196, in pytest_fixture_setup\n    result = call_fixture_func(fixturefunc, request, kwargs)\n  File \"/home/runner/work/Selenium-Python-Example/Selenium-Python-Example/.venv/lib/python3.14/site-packages/_pytest/fixtures.py\", line 930, in call_fixture_func\n    fixture_result = fixturefunc(**kwargs)\n  File \"/home/runner/work/Selenium-Python-Example/Selenium-Python-Example/tests/workspaces_test.py\", line 25, in setup_method_fixture\n    login(self.about_page, self.login_page)\n    ~~~~~^^^^^^^^^^^^^^^^^^^^^^^^^^^^^^^^^^\n  File \"/home/runner/work/Selenium-Python-Example/Selenium-Python-Example/tests/workspaces_test.py\", line 15, in login\n    about_page.click_login_link()\n    ~~~~~~~~~~~~~~~~~~~~~~~~~~~^^\n  File \"/home/runner/work/Selenium-Python-Example/Selenium-Python-Example/.venv/lib/python3.14/site-packages/allure_commons/_allure.py\", line 202, in impl\n    return func(*a, **kw)\n  File \"/home/runner/work/Selenium-Python-Example/Selenium-Python-Example/src/pages/about_page.py\", line 18, in click_login_link\n    self.click(self.LOGIN_LINK)\n    ~~~~~~~~~~^^^^^^^^^^^^^^^^^\n  File \"/home/runner/work/Selenium-Python-Example/Selenium-Python-Example/src/pages/base_page.py\", line 59, in click\n    el: WebElement = self.wait.until(expected_conditions.element_to_be_clickable(locator))\n                     ~~~~~~~~~~~~~~~^^^^^^^^^^^^^^^^^^^^^^^^^^^^^^^^^^^^^^^^^^^^^^^^^^^^^^\n  File \"/home/runner/work/Selenium-Python-Example/Selenium-Python-Example/.venv/lib/python3.14/site-packages/selenium/webdriver/support/wait.py\", line 138, in until\n    raise TimeoutException(message, screen, stacktrace)\n","steps":[{"name":"Click Login link","time":{"start":1762048588484,"stop":1762048598825,"duration":10341},"status":"broken","statusMessage":"selenium.common.exceptions.TimeoutException: Message: \nStacktrace:\n#0 0x55df6159b53a <unknown>\n#1 0x55df61096f00 <unknown>\n#2 0x55df610e6c0c <unknown>\n#3 0x55df610e6e31 <unknown>\n#4 0x55df6112cbd4 <unknown>\n#5 0x55df6110b5cd <unknown>\n#6 0x55df61129f84 <unknown>\n#7 0x55df6110b343 <unknown>\n#8 0x55df610d878a <unknown>\n#9 0x55df610d99de <unknown>\n#10 0x55df615652cb <unknown>\n#11 0x55df61569242 <unknown>\n#12 0x55df615527ac <unknown>\n#13 0x55df61569df7 <unknown>\n#14 0x55df61536b2f <unknown>\n#15 0x55df6158a1a8 <unknown>\n#16 0x55df6158a370 <unknown>\n#17 0x55df6159a3b6 <unknown>\n#18 0x7f94d789caa4 <unknown>\n#19 0x7f94d7929c6c <unknown>\n\n","statusTrace":"  File \"/home/runner/work/Selenium-Python-Example/Selenium-Python-Example/.venv/lib/python3.14/site-packages/allure_commons/_allure.py\", line 202, in impl\n    return func(*a, **kw)\n  File \"/home/runner/work/Selenium-Python-Example/Selenium-Python-Example/src/pages/about_page.py\", line 18, in click_login_link\n    self.click(self.LOGIN_LINK)\n    ~~~~~~~~~~^^^^^^^^^^^^^^^^^\n  File \"/home/runner/work/Selenium-Python-Example/Selenium-Python-Example/src/pages/base_page.py\", line 59, in click\n    el: WebElement = self.wait.until(expected_conditions.element_to_be_clickable(locator))\n                     ~~~~~~~~~~~~~~~^^^^^^^^^^^^^^^^^^^^^^^^^^^^^^^^^^^^^^^^^^^^^^^^^^^^^^\n  File \"/home/runner/work/Selenium-Python-Example/Selenium-Python-Example/.venv/lib/python3.14/site-packages/selenium/webdriver/support/wait.py\", line 138, in until\n    raise TimeoutException(message, screen, stacktrace)\n","steps":[],"attachments":[],"parameters":[],"shouldDisplayMessage":true,"stepsCount":0,"attachmentsCount":0,"hasContent":true,"attachmentStep":false}],"attachments":[],"parameters":[],"shouldDisplayMessage":false,"stepsCount":1,"attachmentsCount":0,"hasContent":true,"attachmentStep":false}],"testStage":{"description":"Compare between the actual number of projects seen on page and the number shown in workspaces block","status":"broken","statusMessage":"selenium.common.exceptions.TimeoutException: Message: \nStacktrace:\n#0 0x55df6159b53a <unknown>\n#1 0x55df61096f00 <unknown>\n#2 0x55df610e6c0c <unknown>\n#3 0x55df610e6e31 <unknown>\n#4 0x55df6112cbd4 <unknown>\n#5 0x55df6110b5cd <unknown>\n#6 0x55df61129f84 <unknown>\n#7 0x55df6110b343 <unknown>\n#8 0x55df610d878a <unknown>\n#9 0x55df610d99de <unknown>\n#10 0x55df615652cb <unknown>\n#11 0x55df61569242 <unknown>\n#12 0x55df615527ac <unknown>\n#13 0x55df61569df7 <unknown>\n#14 0x55df61536b2f <unknown>\n#15 0x55df6158a1a8 <unknown>\n#16 0x55df6158a370 <unknown>\n#17 0x55df6159a3b6 <unknown>\n#18 0x7f94d789caa4 <unknown>\n#19 0x7f94d7929c6c <unknown>","statusTrace":"self = <tests.workspaces_test.TestWorkspaces object at 0x7fa61c389480>\n\n    @pytest.fixture(autouse=True)\n    def setup_method_fixture(self):\n>       login(self.about_page, self.login_page)\n\ntests/workspaces_test.py:25: \n_ _ _ _ _ _ _ _ _ _ _ _ _ _ _ _ _ _ _ _ _ _ _ _ _ _ _ _ _ _ _ _ _ _ _ _ _ _ _ _ \ntests/workspaces_test.py:15: in login\n    about_page.click_login_link()\nsrc/pages/about_page.py:18: in click_login_link\n    self.click(self.LOGIN_LINK)\nsrc/pages/base_page.py:59: in click\n    el: WebElement = self.wait.until(expected_conditions.element_to_be_clickable(locator))\n                     ^^^^^^^^^^^^^^^^^^^^^^^^^^^^^^^^^^^^^^^^^^^^^^^^^^^^^^^^^^^^^^^^^^^^^\n_ _ _ _ _ _ _ _ _ _ _ _ _ _ _ _ _ _ _ _ _ _ _ _ _ _ _ _ _ _ _ _ _ _ _ _ _ _ _ _ \n\nself = <selenium.webdriver.support.wait.WebDriverWait (session=\"8eac33091967439ce5557d33616bb9f4\")>\nmethod = <function element_to_be_clickable.<locals>._predicate at 0x7fa61b283740>\nmessage = ''\n\n    def until(self, method: Callable[[D], Union[Literal[False], T]], message: str = \"\") -> T:\n        \"\"\"Wait until the method returns a value that is not False.\n    \n        Calls the method provided with the driver as an argument until the\n        return value does not evaluate to ``False``.\n    \n        Parameters:\n        -----------\n        method: callable(WebDriver)\n            - A callable object that takes a WebDriver instance as an argument.\n    \n        message: str\n            - Optional message for :exc:`TimeoutException`\n    \n        Return:\n        -------\n        object: T\n            - The result of the last call to `method`\n    \n        Raises:\n        -------\n        TimeoutException\n            - If 'method' does not return a truthy value within the WebDriverWait\n            object's timeout\n    \n        Example:\n        --------\n        >>> from selenium.webdriver.common.by import By\n        >>> from selenium.webdriver.support.ui import WebDriverWait\n        >>> from selenium.webdriver.support import expected_conditions as EC\n    \n        # Wait until an element is visible on the page\n        >>> wait = WebDriverWait(driver, 10)\n        >>> element = wait.until(EC.visibility_of_element_located((By.ID, \"exampleId\")))\n        >>> print(element.text)\n        \"\"\"\n        screen = None\n        stacktrace = None\n    \n        end_time = time.monotonic() + self._timeout\n        while True:\n            try:\n                value = method(self._driver)\n                if value:\n                    return value\n            except self._ignored_exceptions as exc:\n                screen = getattr(exc, \"screen\", None)\n                stacktrace = getattr(exc, \"stacktrace\", None)\n            if time.monotonic() > end_time:\n                break\n            time.sleep(self._poll)\n>       raise TimeoutException(message, screen, stacktrace)\nE       selenium.common.exceptions.TimeoutException: Message: \nE       Stacktrace:\nE       #0 0x55df6159b53a <unknown>\nE       #1 0x55df61096f00 <unknown>\nE       #2 0x55df610e6c0c <unknown>\nE       #3 0x55df610e6e31 <unknown>\nE       #4 0x55df6112cbd4 <unknown>\nE       #5 0x55df6110b5cd <unknown>\nE       #6 0x55df61129f84 <unknown>\nE       #7 0x55df6110b343 <unknown>\nE       #8 0x55df610d878a <unknown>\nE       #9 0x55df610d99de <unknown>\nE       #10 0x55df615652cb <unknown>\nE       #11 0x55df61569242 <unknown>\nE       #12 0x55df615527ac <unknown>\nE       #13 0x55df61569df7 <unknown>\nE       #14 0x55df61536b2f <unknown>\nE       #15 0x55df6158a1a8 <unknown>\nE       #16 0x55df6158a370 <unknown>\nE       #17 0x55df6159a3b6 <unknown>\nE       #18 0x7f94d789caa4 <unknown>\nE       #19 0x7f94d7929c6c <unknown>\n\n.venv/lib/python3.14/site-packages/selenium/webdriver/support/wait.py:138: TimeoutException","steps":[{"name":"public ip address","time":{"start":1762048598840,"stop":1762048598849,"duration":9},"status":"passed","steps":[],"attachments":[{"uid":"b08e990853c91f42","name":"HTTP logs of http://checkip.amazonaws.com/","source":"b08e990853c91f42.txt","type":"text/plain","size":357}],"parameters":[],"shouldDisplayMessage":false,"stepsCount":0,"attachmentsCount":1,"hasContent":true,"attachmentStep":false}],"attachments":[{"uid":"4e80076be176bd63","name":"Cookies","source":"4e80076be176bd63.json","type":"application/json","size":4643},{"uid":"1102c9c35823f3d8","name":"Session Storage","source":"1102c9c35823f3d8.json","type":"application/json","size":383},{"uid":"a500174f5e82619f","name":"Local Storage","source":"a500174f5e82619f.json","type":"application/json","size":563},{"uid":"39f66a1fc7decdd2","name":"Full Page Screenshot","source":"39f66a1fc7decdd2.png","type":"image/png","size":2108376},{"uid":"970e7e60a08127fc","name":"URL","source":"970e7e60a08127fc.uri","type":"text/uri-list","size":23},{"uid":"495b1028a2e0b8be","name":"Network Logs","source":"495b1028a2e0b8be.json","type":"application/json","size":8910788}],"parameters":[],"shouldDisplayMessage":true,"stepsCount":1,"attachmentsCount":7,"hasContent":true,"attachmentStep":false},"afterStages":[{"name":"session_request::0","time":{"start":1762048629630,"stop":1762048629630,"duration":0},"status":"passed","steps":[],"attachments":[],"parameters":[],"shouldDisplayMessage":false,"stepsCount":0,"attachmentsCount":0,"hasContent":false,"attachmentStep":false}],"labels":[{"name":"severity","value":"normal"},{"name":"epic","value":"Workspaces"},{"name":"story","value":"WorkSpaces Creation and Editing Functionality"},{"name":"parentSuite","value":"tests"},{"name":"suite","value":"workspaces_test"},{"name":"subSuite","value":"TestWorkspaces"},{"name":"host","value":"runnervmf2e7y"},{"name":"thread","value":"2173-MainThread"},{"name":"framework","value":"pytest"},{"name":"language","value":"cpython3"},{"name":"package","value":"tests.workspaces_test"},{"name":"resultFormat","value":"allure2"}],"parameters":[],"links":[],"hidden":false,"retry":false,"extra":{"severity":"normal","retries":[],"categories":[{"name":"Test defects","matchedStatuses":[],"flaky":false}],"tags":[]},"source":"e7a90cff9ba18fde.json","parameterValues":[]}