{"uid":"e482040696a581b1","name":"Create new workspace test","fullName":"tests.workspaces_test.TestWorkspaces#test_create_new_workspace","historyId":"e1f088bc30a040de4100d958931562b3","time":{"start":1758764645379,"stop":1758764645379,"duration":0},"description":"Create new Workspace","descriptionHtml":"<p>Create new Workspace</p>\n","status":"broken","statusMessage":"FileNotFoundError: [Errno 2] No such file or directory: '/home/runner/work/Selenium-Python-Example/Selenium-Python-Example/src/resources/tests_data.json'","statusTrace":"@fixture(scope=\"session\")\n    def data() -> Data:\n        json_path = Constants.DATA_PATH / \"tests_data.json\"\n>       with open(json_path, encoding=\"utf-8\") as json_file:\n             ^^^^^^^^^^^^^^^^^^^^^^^^^^^^^^^^^\nE       FileNotFoundError: [Errno 2] No such file or directory: '/home/runner/work/Selenium-Python-Example/Selenium-Python-Example/src/resources/tests_data.json'\n\ntests/conftest.py:60: FileNotFoundError","flaky":false,"newFailed":false,"newBroken":false,"newPassed":false,"retriesCount":0,"retriesStatusChange":false,"beforeStages":[{"name":"base_url","time":{"start":1758764670612,"stop":1758764670612,"duration":0},"status":"passed","steps":[],"attachments":[],"parameters":[],"shouldDisplayMessage":false,"stepsCount":0,"attachmentsCount":0,"hasContent":false,"attachmentStep":false},{"name":"_verify_url","time":{"start":1758764670613,"stop":1758764670613,"duration":0},"status":"passed","steps":[],"attachments":[],"parameters":[],"shouldDisplayMessage":false,"stepsCount":0,"attachmentsCount":0,"hasContent":false,"attachmentStep":false},{"name":"session_request","time":{"start":1758764670613,"stop":1758764670613,"duration":0},"status":"passed","steps":[],"attachments":[],"parameters":[],"shouldDisplayMessage":false,"stepsCount":0,"attachmentsCount":0,"hasContent":false,"attachmentStep":false},{"name":"data","time":{"start":1758764670613,"stop":1758764670613,"duration":0},"status":"broken","statusMessage":"FileNotFoundError: [Errno 2] No such file or directory: '/home/runner/work/Selenium-Python-Example/Selenium-Python-Example/src/resources/tests_data.json'\n","statusTrace":"  File \"/home/runner/work/Selenium-Python-Example/Selenium-Python-Example/.venv/lib/python3.13/site-packages/pluggy/_callers.py\", line 167, in _multicall\n    teardown.throw(outcome._exception)\n    ~~~~~~~~~~~~~~^^^^^^^^^^^^^^^^^^^^\n  File \"/home/runner/work/Selenium-Python-Example/Selenium-Python-Example/.venv/lib/python3.13/site-packages/_pytest/setuponly.py\", line 36, in pytest_fixture_setup\n    return (yield)\n            ^^^^^\n  File \"/home/runner/work/Selenium-Python-Example/Selenium-Python-Example/.venv/lib/python3.13/site-packages/pluggy/_callers.py\", line 103, in _multicall\n    res = hook_impl.function(*args)\n  File \"/home/runner/work/Selenium-Python-Example/Selenium-Python-Example/.venv/lib/python3.13/site-packages/_pytest/fixtures.py\", line 1195, in pytest_fixture_setup\n    result = call_fixture_func(fixturefunc, request, kwargs)\n  File \"/home/runner/work/Selenium-Python-Example/Selenium-Python-Example/.venv/lib/python3.13/site-packages/_pytest/fixtures.py\", line 929, in call_fixture_func\n    fixture_result = fixturefunc(**kwargs)\n  File \"/home/runner/work/Selenium-Python-Example/Selenium-Python-Example/tests/conftest.py\", line 60, in data\n    with open(json_path, encoding=\"utf-8\") as json_file:\n         ~~~~^^^^^^^^^^^^^^^^^^^^^^^^^^^^^\n","steps":[],"attachments":[],"parameters":[],"shouldDisplayMessage":true,"stepsCount":0,"attachmentsCount":0,"hasContent":true,"attachmentStep":false},{"name":"setup_method_fixture","time":{"start":1758764691631,"stop":1758764702130,"duration":10499},"status":"broken","statusMessage":"selenium.common.exceptions.TimeoutException: Message: \nStacktrace:\n#0 0x563d15ca353a <unknown>\n#1 0x563d1579ef00 <unknown>\n#2 0x563d157eec0c <unknown>\n#3 0x563d157eee31 <unknown>\n#4 0x563d15834bd4 <unknown>\n#5 0x563d158135cd <unknown>\n#6 0x563d15831f84 <unknown>\n#7 0x563d15813343 <unknown>\n#8 0x563d157e078a <unknown>\n#9 0x563d157e19de <unknown>\n#10 0x563d15c6d2cb <unknown>\n#11 0x563d15c71242 <unknown>\n#12 0x563d15c5a7ac <unknown>\n#13 0x563d15c71df7 <unknown>\n#14 0x563d15c3eb2f <unknown>\n#15 0x563d15c921a8 <unknown>\n#16 0x563d15c92370 <unknown>\n#17 0x563d15ca23b6 <unknown>\n#18 0x7fc694e9caa4 <unknown>\n#19 0x7fc694f29c6c <unknown>\n\n","statusTrace":"  File \"/home/runner/work/Selenium-Python-Example/Selenium-Python-Example/.venv/lib/python3.13/site-packages/pluggy/_callers.py\", line 167, in _multicall\n    teardown.throw(outcome._exception)\n    ~~~~~~~~~~~~~~^^^^^^^^^^^^^^^^^^^^\n  File \"/home/runner/work/Selenium-Python-Example/Selenium-Python-Example/.venv/lib/python3.13/site-packages/_pytest/setuponly.py\", line 36, in pytest_fixture_setup\n    return (yield)\n            ^^^^^\n  File \"/home/runner/work/Selenium-Python-Example/Selenium-Python-Example/.venv/lib/python3.13/site-packages/pluggy/_callers.py\", line 103, in _multicall\n    res = hook_impl.function(*args)\n  File \"/home/runner/work/Selenium-Python-Example/Selenium-Python-Example/.venv/lib/python3.13/site-packages/_pytest/fixtures.py\", line 1195, in pytest_fixture_setup\n    result = call_fixture_func(fixturefunc, request, kwargs)\n  File \"/home/runner/work/Selenium-Python-Example/Selenium-Python-Example/.venv/lib/python3.13/site-packages/_pytest/fixtures.py\", line 929, in call_fixture_func\n    fixture_result = fixturefunc(**kwargs)\n  File \"/home/runner/work/Selenium-Python-Example/Selenium-Python-Example/tests/workspaces_test.py\", line 25, in setup_method_fixture\n    login(self.about_page, self.login_page)\n    ~~~~~^^^^^^^^^^^^^^^^^^^^^^^^^^^^^^^^^^\n  File \"/home/runner/work/Selenium-Python-Example/Selenium-Python-Example/tests/workspaces_test.py\", line 15, in login\n    about_page.click_login_link()\n    ~~~~~~~~~~~~~~~~~~~~~~~~~~~^^\n  File \"/home/runner/work/Selenium-Python-Example/Selenium-Python-Example/.venv/lib/python3.13/site-packages/allure_commons/_allure.py\", line 202, in impl\n    return func(*a, **kw)\n  File \"/home/runner/work/Selenium-Python-Example/Selenium-Python-Example/src/pages/about_page.py\", line 18, in click_login_link\n    self.click(self.LOGIN_LINK)\n    ~~~~~~~~~~^^^^^^^^^^^^^^^^^\n  File \"/home/runner/work/Selenium-Python-Example/Selenium-Python-Example/src/pages/base_page.py\", line 59, in click\n    el: WebElement = self.wait.until(expected_conditions.element_to_be_clickable(locator))\n                     ~~~~~~~~~~~~~~~^^^^^^^^^^^^^^^^^^^^^^^^^^^^^^^^^^^^^^^^^^^^^^^^^^^^^^\n  File \"/home/runner/work/Selenium-Python-Example/Selenium-Python-Example/.venv/lib/python3.13/site-packages/selenium/webdriver/support/wait.py\", line 138, in until\n    raise TimeoutException(message, screen, stacktrace)\n","steps":[{"name":"Click Login link","time":{"start":1758764691631,"stop":1758764702128,"duration":10497},"status":"broken","statusMessage":"selenium.common.exceptions.TimeoutException: Message: \nStacktrace:\n#0 0x563d15ca353a <unknown>\n#1 0x563d1579ef00 <unknown>\n#2 0x563d157eec0c <unknown>\n#3 0x563d157eee31 <unknown>\n#4 0x563d15834bd4 <unknown>\n#5 0x563d158135cd <unknown>\n#6 0x563d15831f84 <unknown>\n#7 0x563d15813343 <unknown>\n#8 0x563d157e078a <unknown>\n#9 0x563d157e19de <unknown>\n#10 0x563d15c6d2cb <unknown>\n#11 0x563d15c71242 <unknown>\n#12 0x563d15c5a7ac <unknown>\n#13 0x563d15c71df7 <unknown>\n#14 0x563d15c3eb2f <unknown>\n#15 0x563d15c921a8 <unknown>\n#16 0x563d15c92370 <unknown>\n#17 0x563d15ca23b6 <unknown>\n#18 0x7fc694e9caa4 <unknown>\n#19 0x7fc694f29c6c <unknown>\n\n","statusTrace":"  File \"/home/runner/work/Selenium-Python-Example/Selenium-Python-Example/.venv/lib/python3.13/site-packages/allure_commons/_allure.py\", line 202, in impl\n    return func(*a, **kw)\n  File \"/home/runner/work/Selenium-Python-Example/Selenium-Python-Example/src/pages/about_page.py\", line 18, in click_login_link\n    self.click(self.LOGIN_LINK)\n    ~~~~~~~~~~^^^^^^^^^^^^^^^^^\n  File \"/home/runner/work/Selenium-Python-Example/Selenium-Python-Example/src/pages/base_page.py\", line 59, in click\n    el: WebElement = self.wait.until(expected_conditions.element_to_be_clickable(locator))\n                     ~~~~~~~~~~~~~~~^^^^^^^^^^^^^^^^^^^^^^^^^^^^^^^^^^^^^^^^^^^^^^^^^^^^^^\n  File \"/home/runner/work/Selenium-Python-Example/Selenium-Python-Example/.venv/lib/python3.13/site-packages/selenium/webdriver/support/wait.py\", line 138, in until\n    raise TimeoutException(message, screen, stacktrace)\n","steps":[],"attachments":[],"parameters":[],"shouldDisplayMessage":true,"stepsCount":0,"attachmentsCount":0,"hasContent":true,"attachmentStep":false}],"attachments":[],"parameters":[],"shouldDisplayMessage":false,"stepsCount":1,"attachmentsCount":0,"hasContent":true,"attachmentStep":false}],"testStage":{"description":"Create new Workspace","status":"broken","statusMessage":"FileNotFoundError: [Errno 2] No such file or directory: '/home/runner/work/Selenium-Python-Example/Selenium-Python-Example/src/resources/tests_data.json'","statusTrace":"@fixture(scope=\"session\")\n    def data() -> Data:\n        json_path = Constants.DATA_PATH / \"tests_data.json\"\n>       with open(json_path, encoding=\"utf-8\") as json_file:\n             ^^^^^^^^^^^^^^^^^^^^^^^^^^^^^^^^^\nE       FileNotFoundError: [Errno 2] No such file or directory: '/home/runner/work/Selenium-Python-Example/Selenium-Python-Example/src/resources/tests_data.json'\n\ntests/conftest.py:60: FileNotFoundError","steps":[{"name":"public ip address","time":{"start":1758764670662,"stop":1758764670916,"duration":254},"status":"passed","steps":[],"attachments":[{"uid":"9ab33d74a5e3de7f","name":"HTTP logs of http://checkip.amazonaws.com/","source":"9ab33d74a5e3de7f.txt","type":"text/plain","size":357}],"parameters":[],"shouldDisplayMessage":false,"stepsCount":0,"attachmentsCount":1,"hasContent":true,"attachmentStep":false}],"attachments":[{"uid":"73f556c29be4d800","name":"Cookies","source":"73f556c29be4d800.json","type":"application/json","size":4117},{"uid":"4f8fd44bc10a522c","name":"Session Storage","source":"4f8fd44bc10a522c.json","type":"application/json","size":359},{"uid":"a1842b4cd6d2f499","name":"Local Storage","source":"a1842b4cd6d2f499.json","type":"application/json","size":563},{"uid":"39de9bc0b637a3f9","name":"Full Page Screenshot","source":"39de9bc0b637a3f9.png","type":"image/png","size":1894696},{"uid":"1a0f4f4f11486c6d","name":"URL","source":"1a0f4f4f11486c6d.uri","type":"text/uri-list","size":23},{"uid":"4e945af2c095e7a6","name":"Network Logs","source":"4e945af2c095e7a6.json","type":"application/json","size":7918672}],"parameters":[],"shouldDisplayMessage":true,"stepsCount":1,"attachmentsCount":7,"hasContent":true,"attachmentStep":false},"afterStages":[{"name":"session_request::0","time":{"start":1758764745176,"stop":1758764745176,"duration":0},"status":"passed","steps":[],"attachments":[],"parameters":[],"shouldDisplayMessage":false,"stepsCount":0,"attachmentsCount":0,"hasContent":false,"attachmentStep":false}],"labels":[{"name":"epic","value":"Workspaces"},{"name":"severity","value":"normal"},{"name":"story","value":"WorkSpaces Creation and Editing Functionality"},{"name":"parentSuite","value":"tests"},{"name":"suite","value":"workspaces_test"},{"name":"subSuite","value":"TestWorkspaces"},{"name":"host","value":"runnervm3ublj"},{"name":"thread","value":"2167-MainThread"},{"name":"framework","value":"pytest"},{"name":"language","value":"cpython3"},{"name":"package","value":"tests.workspaces_test"},{"name":"resultFormat","value":"allure2"}],"parameters":[],"links":[],"hidden":false,"retry":false,"extra":{"severity":"normal","retries":[],"categories":[{"name":"Test defects","matchedStatuses":[],"flaky":false}],"history":{"statistic":{"failed":0,"broken":24,"skipped":0,"passed":0,"unknown":0,"total":24},"items":[{"uid":"c19d52446b3c2541","reportUrl":"https://nirtal85.github.io/Selenium-Python-Example/786//#testresult/c19d52446b3c2541","status":"broken","statusDetails":"FileNotFoundError: [Errno 2] No such file or directory: '/home/runner/work/Selenium-Python-Example/Selenium-Python-Example/src/resources/tests_data.json'","time":{"start":1758678199823,"stop":1758678199823,"duration":0}},{"uid":"b3a11cfcb51227e7","reportUrl":"https://nirtal85.github.io/Selenium-Python-Example/785//#testresult/b3a11cfcb51227e7","status":"broken","statusDetails":"FileNotFoundError: [Errno 2] No such file or directory: '/home/runner/work/Selenium-Python-Example/Selenium-Python-Example/src/resources/tests_data.json'","time":{"start":1758591720802,"stop":1758591720802,"duration":0}},{"uid":"28b403618e5a8f92","reportUrl":"https://nirtal85.github.io/Selenium-Python-Example/784//#testresult/28b403618e5a8f92","status":"broken","statusDetails":"FileNotFoundError: [Errno 2] No such file or directory: '/home/runner/work/Selenium-Python-Example/Selenium-Python-Example/src/resources/tests_data.json'","time":{"start":1758505885203,"stop":1758505885203,"duration":0}},{"uid":"8f100b6f3275e166","reportUrl":"https://nirtal85.github.io/Selenium-Python-Example/783//#testresult/8f100b6f3275e166","status":"broken","statusDetails":"FileNotFoundError: [Errno 2] No such file or directory: '/home/runner/work/Selenium-Python-Example/Selenium-Python-Example/src/resources/tests_data.json'","time":{"start":1758419491216,"stop":1758419491216,"duration":0}},{"uid":"d795c4bec92763e9","reportUrl":"https://nirtal85.github.io/Selenium-Python-Example/782//#testresult/d795c4bec92763e9","status":"broken","statusDetails":"FileNotFoundError: [Errno 2] No such file or directory: '/home/runner/work/Selenium-Python-Example/Selenium-Python-Example/src/resources/tests_data.json'","time":{"start":1758332371417,"stop":1758332371417,"duration":0}},{"uid":"fcabfaa83e265421","reportUrl":"https://nirtal85.github.io/Selenium-Python-Example/781//#testresult/fcabfaa83e265421","status":"broken","statusDetails":"FileNotFoundError: [Errno 2] No such file or directory: '/home/runner/work/Selenium-Python-Example/Selenium-Python-Example/src/resources/tests_data.json'","time":{"start":1758246251781,"stop":1758246251781,"duration":0}},{"uid":"bd6efea3dbe6a4ec","reportUrl":"https://nirtal85.github.io/Selenium-Python-Example/780//#testresult/bd6efea3dbe6a4ec","status":"broken","statusDetails":"FileNotFoundError: [Errno 2] No such file or directory: '/home/runner/work/Selenium-Python-Example/Selenium-Python-Example/src/resources/tests_data.json'","time":{"start":1758159672966,"stop":1758159672966,"duration":0}},{"uid":"d1ff5e5548e97c64","reportUrl":"https://nirtal85.github.io/Selenium-Python-Example/779//#testresult/d1ff5e5548e97c64","status":"broken","statusDetails":"FileNotFoundError: [Errno 2] No such file or directory: '/home/runner/work/Selenium-Python-Example/Selenium-Python-Example/src/resources/tests_data.json'","time":{"start":1758073287609,"stop":1758073287609,"duration":0}},{"uid":"ad20cafe2121f464","reportUrl":"https://nirtal85.github.io/Selenium-Python-Example/778//#testresult/ad20cafe2121f464","status":"broken","statusDetails":"FileNotFoundError: [Errno 2] No such file or directory: '/home/runner/work/Selenium-Python-Example/Selenium-Python-Example/src/resources/tests_data.json'","time":{"start":1757986894526,"stop":1757986894526,"duration":0}},{"uid":"1a6602a0f32c4f40","reportUrl":"https://nirtal85.github.io/Selenium-Python-Example/777//#testresult/1a6602a0f32c4f40","status":"broken","statusDetails":"FileNotFoundError: [Errno 2] No such file or directory: '/home/runner/work/Selenium-Python-Example/Selenium-Python-Example/src/resources/tests_data.json'","time":{"start":1757900978193,"stop":1757900978193,"duration":0}},{"uid":"ec149b5ef9e05fef","reportUrl":"https://nirtal85.github.io/Selenium-Python-Example/776//#testresult/ec149b5ef9e05fef","status":"broken","statusDetails":"FileNotFoundError: [Errno 2] No such file or directory: '/home/runner/work/Selenium-Python-Example/Selenium-Python-Example/src/resources/tests_data.json'","time":{"start":1757814483676,"stop":1757814483676,"duration":0}},{"uid":"841271ca43640ad0","reportUrl":"https://nirtal85.github.io/Selenium-Python-Example/775//#testresult/841271ca43640ad0","status":"broken","statusDetails":"FileNotFoundError: [Errno 2] No such file or directory: '/home/runner/work/Selenium-Python-Example/Selenium-Python-Example/src/resources/tests_data.json'","time":{"start":1757727346152,"stop":1757727346152,"duration":0}},{"uid":"b5d12341f6a2eb9e","reportUrl":"https://nirtal85.github.io/Selenium-Python-Example/774//#testresult/b5d12341f6a2eb9e","status":"broken","statusDetails":"FileNotFoundError: [Errno 2] No such file or directory: '/home/runner/work/Selenium-Python-Example/Selenium-Python-Example/src/resources/tests_data.json'","time":{"start":1757641226608,"stop":1757641226608,"duration":0}},{"uid":"78c780d60cc89056","reportUrl":"https://nirtal85.github.io/Selenium-Python-Example/773//#testresult/78c780d60cc89056","status":"broken","statusDetails":"FileNotFoundError: [Errno 2] No such file or directory: '/home/runner/work/Selenium-Python-Example/Selenium-Python-Example/src/resources/tests_data.json'","time":{"start":1757555045244,"stop":1757555045244,"duration":0}},{"uid":"dbf59bb8a5f29797","reportUrl":"https://nirtal85.github.io/Selenium-Python-Example/772//#testresult/dbf59bb8a5f29797","status":"broken","statusDetails":"FileNotFoundError: [Errno 2] No such file or directory: '/home/runner/work/Selenium-Python-Example/Selenium-Python-Example/src/resources/tests_data.json'","time":{"start":1757468483957,"stop":1757468483957,"duration":0}},{"uid":"50250d83fc6cfdaa","reportUrl":"https://nirtal85.github.io/Selenium-Python-Example/771//#testresult/50250d83fc6cfdaa","status":"broken","statusDetails":"FileNotFoundError: [Errno 2] No such file or directory: '/home/runner/work/Selenium-Python-Example/Selenium-Python-Example/src/resources/tests_data.json'","time":{"start":1757382318181,"stop":1757382318181,"duration":0}},{"uid":"bfc04580f6b51dc7","reportUrl":"https://nirtal85.github.io/Selenium-Python-Example/770//#testresult/bfc04580f6b51dc7","status":"broken","statusDetails":"FileNotFoundError: [Errno 2] No such file or directory: '/home/runner/work/Selenium-Python-Example/Selenium-Python-Example/src/resources/tests_data.json'","time":{"start":1757296115100,"stop":1757296115100,"duration":0}},{"uid":"4f162b496ef1689","reportUrl":"https://nirtal85.github.io/Selenium-Python-Example/769//#testresult/4f162b496ef1689","status":"broken","statusDetails":"FileNotFoundError: [Errno 2] No such file or directory: '/home/runner/work/Selenium-Python-Example/Selenium-Python-Example/src/resources/tests_data.json'","time":{"start":1757209726220,"stop":1757209726220,"duration":0}},{"uid":"483f060e5134b881","reportUrl":"https://nirtal85.github.io/Selenium-Python-Example/768//#testresult/483f060e5134b881","status":"broken","statusDetails":"FileNotFoundError: [Errno 2] No such file or directory: '/home/runner/work/Selenium-Python-Example/Selenium-Python-Example/src/resources/tests_data.json'","time":{"start":1757122809621,"stop":1757122809621,"duration":0}},{"uid":"7790f220a2065a17","reportUrl":"https://nirtal85.github.io/Selenium-Python-Example/767//#testresult/7790f220a2065a17","status":"broken","statusDetails":"FileNotFoundError: [Errno 2] No such file or directory: '/home/runner/work/Selenium-Python-Example/Selenium-Python-Example/src/resources/tests_data.json'","time":{"start":1757036594083,"stop":1757036594083,"duration":0}}]},"tags":[]},"source":"e482040696a581b1.json","parameterValues":[]}